ARM GAS  C:\Users\HENRYA~1\AppData\Local\Temp\ccVDXRRP.s 			page 1


   1              		.syntax unified
   2              		.cpu cortex-m3
   3              		.fpu softvfp
   4              		.eabi_attribute 20, 1
   5              		.eabi_attribute 21, 1
   6              		.eabi_attribute 23, 3
   7              		.eabi_attribute 24, 1
   8              		.eabi_attribute 25, 1
   9              		.eabi_attribute 26, 1
  10              		.eabi_attribute 30, 1
  11              		.eabi_attribute 34, 1
  12              		.eabi_attribute 18, 4
  13              		.thumb
  14              		.file	"main.c"
  15              		.text
  16              	.Ltext0:
  17              		.cfi_sections	.debug_frame
  18              		.section	.text.main,"ax",%progbits
  19              		.align	2
  20              		.global	main
  21              		.thumb
  22              		.thumb_func
  23              		.type	main, %function
  24              	main:
  25              	.LFB63:
  26              		.file 1 ".\\main.c"
   1:.\main.c      **** /* ========================================
   2:.\main.c      ****  *
   3:.\main.c      ****  * Copyright YOUR COMPANY, THE YEAR
   4:.\main.c      ****  * All Rights Reserved
   5:.\main.c      ****  * UNPUBLISHED, LICENSED SOFTWARE.
   6:.\main.c      ****  *
   7:.\main.c      ****  * CONFIDENTIAL AND PROPRIETARY INFORMATION
   8:.\main.c      ****  * WHICH IS THE PROPERTY OF your company.
   9:.\main.c      ****  *
  10:.\main.c      ****  * ========================================
  11:.\main.c      **** */
  12:.\main.c      **** #include <project.h>
  13:.\main.c      **** #include "cyapicallbacks.h"
  14:.\main.c      **** 
  15:.\main.c      **** uint8 dato_enviado;
  16:.\main.c      **** uint8 dato_recibido;
  17:.\main.c      **** int8 ADC_Vec[AMUX_CHANNELS];
  18:.\main.c      **** int8 flag;
  19:.\main.c      **** 
  20:.\main.c      **** int main()
  21:.\main.c      **** {
  27              		.loc 1 21 0
  28              		.cfi_startproc
  29              		@ Volatile: function does not return.
  30              		@ args = 0, pretend = 0, frame = 0
  31              		@ frame_needed = 0, uses_anonymous_args = 0
  32 0000 08B5     		push	{r3, lr}
  33              		.cfi_def_cfa_offset 8
  34              		.cfi_offset 3, -8
  35              		.cfi_offset 14, -4
  22:.\main.c      ****     CyGlobalIntEnable; /* Enable global interrupts. */
ARM GAS  C:\Users\HENRYA~1\AppData\Local\Temp\ccVDXRRP.s 			page 2


  36              		.loc 1 22 0
  37              	@ 22 ".\main.c" 1
  38 0002 62B6     		CPSIE   i
  39              	@ 0 "" 2
  23:.\main.c      ****     TX_CAN_Start();
  40              		.loc 1 23 0
  41              		.thumb
  42 0004 FFF7FEFF 		bl	TX_CAN_Start
  43              	.LVL0:
  24:.\main.c      ****     LCD_Char_1_Start();
  44              		.loc 1 24 0
  45 0008 FFF7FEFF 		bl	LCD_Char_1_Start
  46              	.LVL1:
  25:.\main.c      ****     LCD_Char_1_Position(0,0);
  47              		.loc 1 25 0
  48 000c 0020     		movs	r0, #0
  49 000e 0146     		mov	r1, r0
  50 0010 FFF7FEFF 		bl	LCD_Char_1_Position
  51              	.LVL2:
  26:.\main.c      ****     LCD_Char_1_PrintString("Enviando...");
  52              		.loc 1 26 0
  53 0014 2548     		ldr	r0, .L5
  54 0016 FFF7FEFF 		bl	LCD_Char_1_PrintString
  55              	.LVL3:
  27:.\main.c      ****     ADC_Start();
  56              		.loc 1 27 0
  57 001a FFF7FEFF 		bl	ADC_Start
  58              	.LVL4:
  28:.\main.c      ****     ADC_IRQ_Start();
  59              		.loc 1 28 0
  60 001e FFF7FEFF 		bl	ADC_IRQ_Start
  61              	.LVL5:
  29:.\main.c      ****     AMUX_Start();
  62              		.loc 1 29 0
  63 0022 FFF7FEFF 		bl	AMUX_Start
  64              	.LVL6:
  30:.\main.c      ****     ADC_StartConvert();
  65              		.loc 1 30 0
  66 0026 FFF7FEFF 		bl	ADC_StartConvert
  67              	.LVL7:
  31:.\main.c      ****     AMUX_Next();
  68              		.loc 1 31 0
  69 002a FFF7FEFF 		bl	AMUX_Next
  70              	.LVL8:
  71              	.L3:
  32:.\main.c      ****     for(;;)
  33:.\main.c      ****     {
  34:.\main.c      ****         TX_CAN_SendMsg0();
  72              		.loc 1 34 0
  73 002e FFF7FEFF 		bl	TX_CAN_SendMsg0
  74              	.LVL9:
  35:.\main.c      ****         CyDelay(10);
  75              		.loc 1 35 0
  76 0032 0A20     		movs	r0, #10
  77 0034 FFF7FEFF 		bl	CyDelay
  78              	.LVL10:
  36:.\main.c      ****         if(flag==1){
ARM GAS  C:\Users\HENRYA~1\AppData\Local\Temp\ccVDXRRP.s 			page 3


  79              		.loc 1 36 0
  80 0038 1D4B     		ldr	r3, .L5+4
  81 003a 93F90030 		ldrsb	r3, [r3]
  82 003e 012B     		cmp	r3, #1
  83 0040 2FD1     		bne	.L2
  37:.\main.c      ****             ADC_StopConvert();
  84              		.loc 1 37 0
  85 0042 FFF7FEFF 		bl	ADC_StopConvert
  86              	.LVL11:
  38:.\main.c      ****             ADC_Vec[AMUX_GetChannel()]=ADC_GetResult8();
  87              		.loc 1 38 0
  88 0046 FFF7FEFF 		bl	AMUX_GetChannel
  89              	.LVL12:
  90 004a 0546     		mov	r5, r0
  91 004c FFF7FEFF 		bl	ADC_GetResult8
  92              	.LVL13:
  93 0050 184C     		ldr	r4, .L5+8
  94 0052 6055     		strb	r0, [r4, r5]
  39:.\main.c      ****             dato_enviado=ADC_GetResult8();
  95              		.loc 1 39 0
  96 0054 FFF7FEFF 		bl	ADC_GetResult8
  97              	.LVL14:
  98 0058 174B     		ldr	r3, .L5+12
  99 005a 1870     		strb	r0, [r3]
  40:.\main.c      ****             LCD_Char_1_Position(1,0);
 100              		.loc 1 40 0
 101 005c 0120     		movs	r0, #1
 102 005e 0021     		movs	r1, #0
 103 0060 FFF7FEFF 		bl	LCD_Char_1_Position
 104              	.LVL15:
  41:.\main.c      ****             LCD_Char_1_PrintHexUint8(ADC_Vec[0]);             
 105              		.loc 1 41 0
 106 0064 2078     		ldrb	r0, [r4]	@ zero_extendqisi2
 107 0066 FFF7FEFF 		bl	LCD_Char_1_PrintInt8
 108              	.LVL16:
  42:.\main.c      ****             LCD_Char_1_Position(1,4);
 109              		.loc 1 42 0
 110 006a 0120     		movs	r0, #1
 111 006c 0421     		movs	r1, #4
 112 006e FFF7FEFF 		bl	LCD_Char_1_Position
 113              	.LVL17:
  43:.\main.c      ****             LCD_Char_1_PrintHexUint8(ADC_Vec[1]);
 114              		.loc 1 43 0
 115 0072 6078     		ldrb	r0, [r4, #1]	@ zero_extendqisi2
 116 0074 FFF7FEFF 		bl	LCD_Char_1_PrintInt8
 117              	.LVL18:
  44:.\main.c      ****             LCD_Char_1_Position(1,8);
 118              		.loc 1 44 0
 119 0078 0120     		movs	r0, #1
 120 007a 0821     		movs	r1, #8
 121 007c FFF7FEFF 		bl	LCD_Char_1_Position
 122              	.LVL19:
  45:.\main.c      ****             LCD_Char_1_PrintHexUint8(ADC_Vec[2]);
 123              		.loc 1 45 0
 124 0080 A078     		ldrb	r0, [r4, #2]	@ zero_extendqisi2
 125 0082 FFF7FEFF 		bl	LCD_Char_1_PrintInt8
 126              	.LVL20:
ARM GAS  C:\Users\HENRYA~1\AppData\Local\Temp\ccVDXRRP.s 			page 4


  46:.\main.c      ****             LCD_Char_1_Position(1,12);
 127              		.loc 1 46 0
 128 0086 0120     		movs	r0, #1
 129 0088 0C21     		movs	r1, #12
 130 008a FFF7FEFF 		bl	LCD_Char_1_Position
 131              	.LVL21:
  47:.\main.c      ****             LCD_Char_1_PrintHexUint8(ADC_Vec[3]); 
 132              		.loc 1 47 0
 133 008e E078     		ldrb	r0, [r4, #3]	@ zero_extendqisi2
 134 0090 FFF7FEFF 		bl	LCD_Char_1_PrintInt8
 135              	.LVL22:
  48:.\main.c      ****             AMUX_Next();
 136              		.loc 1 48 0
 137 0094 FFF7FEFF 		bl	AMUX_Next
 138              	.LVL23:
  49:.\main.c      ****             flag=0;
 139              		.loc 1 49 0
 140 0098 0022     		movs	r2, #0
 141 009a 054B     		ldr	r3, .L5+4
 142 009c 1A70     		strb	r2, [r3]
  50:.\main.c      ****             ADC_StartConvert();
 143              		.loc 1 50 0
 144 009e FFF7FEFF 		bl	ADC_StartConvert
 145              	.LVL24:
 146              	.L2:
  51:.\main.c      ****             }
  52:.\main.c      ****         CyDelay(1000);
 147              		.loc 1 52 0
 148 00a2 4FF47A70 		mov	r0, #1000
 149 00a6 FFF7FEFF 		bl	CyDelay
 150              	.LVL25:
  53:.\main.c      ****     }
 151              		.loc 1 53 0
 152 00aa C0E7     		b	.L3
 153              	.L6:
 154              		.align	2
 155              	.L5:
 156 00ac 00000000 		.word	.LC0
 157 00b0 00000000 		.word	flag
 158 00b4 00000000 		.word	ADC_Vec
 159 00b8 00000000 		.word	dato_enviado
 160              		.cfi_endproc
 161              	.LFE63:
 162              		.size	main, .-main
 163              		.section	.text.ADC_IRQ_Interrupt_InterruptCallback,"ax",%progbits
 164              		.align	2
 165              		.global	ADC_IRQ_Interrupt_InterruptCallback
 166              		.thumb
 167              		.thumb_func
 168              		.type	ADC_IRQ_Interrupt_InterruptCallback, %function
 169              	ADC_IRQ_Interrupt_InterruptCallback:
 170              	.LFB64:
  54:.\main.c      **** }
  55:.\main.c      **** 
  56:.\main.c      **** void ADC_IRQ_Interrupt_InterruptCallback(void){
 171              		.loc 1 56 0
 172              		.cfi_startproc
ARM GAS  C:\Users\HENRYA~1\AppData\Local\Temp\ccVDXRRP.s 			page 5


 173              		@ args = 0, pretend = 0, frame = 0
 174              		@ frame_needed = 0, uses_anonymous_args = 0
 175              		@ link register save eliminated.
  57:.\main.c      ****     flag=1;
 176              		.loc 1 57 0
 177 0000 0122     		movs	r2, #1
 178 0002 014B     		ldr	r3, .L8
 179 0004 1A70     		strb	r2, [r3]
 180 0006 7047     		bx	lr
 181              	.L9:
 182              		.align	2
 183              	.L8:
 184 0008 00000000 		.word	flag
 185              		.cfi_endproc
 186              	.LFE64:
 187              		.size	ADC_IRQ_Interrupt_InterruptCallback, .-ADC_IRQ_Interrupt_InterruptCallback
 188              		.comm	flag,1,1
 189              		.comm	ADC_Vec,4,4
 190              		.comm	dato_recibido,1,1
 191              		.comm	dato_enviado,1,1
 192              		.section	.rodata.str1.4,"aMS",%progbits,1
 193              		.align	2
 194              	.LC0:
 195 0000 456E7669 		.ascii	"Enviando...\000"
 195      616E646F 
 195      2E2E2E00 
 196              		.text
 197              	.Letext0:
 198              		.file 2 "c:\\program files (x86)\\cypress\\psoc creator\\3.3\\psoc creator\\import\\gnu\\arm\\4.9.
 199              		.file 3 "c:\\program files (x86)\\cypress\\psoc creator\\3.3\\psoc creator\\import\\gnu\\arm\\4.9.
 200              		.file 4 "Generated_Source\\PSoC5/cytypes.h"
 201              		.file 5 "Generated_Source\\PSoC5/core_cm3.h"
 202              		.file 6 "Generated_Source\\PSoC5/LCD_Char_1.h"
 203              		.file 7 "Generated_Source\\PSoC5/ADC.h"
 204              		.file 8 "Generated_Source\\PSoC5/ADC_IRQ.h"
 205              		.file 9 "Generated_Source\\PSoC5/AMUX.h"
 206              		.file 10 "Generated_Source\\PSoC5/cyfitter_cfg.h"
 207              		.file 11 "Generated_Source\\PSoC5/TX_CAN.h"
 208              		.file 12 "Generated_Source\\PSoC5/CyLib.h"
 209              		.section	.debug_info,"",%progbits
 210              	.Ldebug_info0:
 211 0000 5D030000 		.4byte	0x35d
 212 0004 0400     		.2byte	0x4
 213 0006 00000000 		.4byte	.Ldebug_abbrev0
 214 000a 04       		.byte	0x4
 215 000b 01       		.uleb128 0x1
 216 000c 64010000 		.4byte	.LASF38
 217 0010 01       		.byte	0x1
 218 0011 18000000 		.4byte	.LASF39
 219 0015 99020000 		.4byte	.LASF40
 220 0019 00000000 		.4byte	.Ldebug_ranges0+0
 221 001d 00000000 		.4byte	0
 222 0021 00000000 		.4byte	.Ldebug_line0
 223 0025 02       		.uleb128 0x2
 224 0026 01       		.byte	0x1
 225 0027 06       		.byte	0x6
 226 0028 85020000 		.4byte	.LASF0
ARM GAS  C:\Users\HENRYA~1\AppData\Local\Temp\ccVDXRRP.s 			page 6


 227 002c 02       		.uleb128 0x2
 228 002d 01       		.byte	0x1
 229 002e 08       		.byte	0x8
 230 002f CB000000 		.4byte	.LASF1
 231 0033 02       		.uleb128 0x2
 232 0034 02       		.byte	0x2
 233 0035 05       		.byte	0x5
 234 0036 62020000 		.4byte	.LASF2
 235 003a 02       		.uleb128 0x2
 236 003b 02       		.byte	0x2
 237 003c 07       		.byte	0x7
 238 003d 9B000000 		.4byte	.LASF3
 239 0041 03       		.uleb128 0x3
 240 0042 00000000 		.4byte	.LASF9
 241 0046 02       		.byte	0x2
 242 0047 3F       		.byte	0x3f
 243 0048 4C000000 		.4byte	0x4c
 244 004c 02       		.uleb128 0x2
 245 004d 04       		.byte	0x4
 246 004e 05       		.byte	0x5
 247 004f 7C020000 		.4byte	.LASF4
 248 0053 02       		.uleb128 0x2
 249 0054 04       		.byte	0x4
 250 0055 07       		.byte	0x7
 251 0056 79000000 		.4byte	.LASF5
 252 005a 02       		.uleb128 0x2
 253 005b 08       		.byte	0x8
 254 005c 05       		.byte	0x5
 255 005d 17020000 		.4byte	.LASF6
 256 0061 02       		.uleb128 0x2
 257 0062 08       		.byte	0x8
 258 0063 07       		.byte	0x7
 259 0064 42010000 		.4byte	.LASF7
 260 0068 04       		.uleb128 0x4
 261 0069 04       		.byte	0x4
 262 006a 05       		.byte	0x5
 263 006b 696E7400 		.ascii	"int\000"
 264 006f 02       		.uleb128 0x2
 265 0070 04       		.byte	0x4
 266 0071 07       		.byte	0x7
 267 0072 35010000 		.4byte	.LASF8
 268 0076 03       		.uleb128 0x3
 269 0077 FC010000 		.4byte	.LASF10
 270 007b 03       		.byte	0x3
 271 007c 2C       		.byte	0x2c
 272 007d 41000000 		.4byte	0x41
 273 0081 05       		.uleb128 0x5
 274 0082 21000000 		.4byte	.LASF11
 275 0086 04       		.byte	0x4
 276 0087 9201     		.2byte	0x192
 277 0089 2C000000 		.4byte	0x2c
 278 008d 05       		.uleb128 0x5
 279 008e 1C010000 		.4byte	.LASF12
 280 0092 04       		.byte	0x4
 281 0093 9401     		.2byte	0x194
 282 0095 53000000 		.4byte	0x53
 283 0099 05       		.uleb128 0x5
ARM GAS  C:\Users\HENRYA~1\AppData\Local\Temp\ccVDXRRP.s 			page 7


 284 009a 17010000 		.4byte	.LASF13
 285 009e 04       		.byte	0x4
 286 009f 9501     		.2byte	0x195
 287 00a1 25000000 		.4byte	0x25
 288 00a5 02       		.uleb128 0x2
 289 00a6 04       		.byte	0x4
 290 00a7 04       		.byte	0x4
 291 00a8 34000000 		.4byte	.LASF14
 292 00ac 02       		.uleb128 0x2
 293 00ad 08       		.byte	0x8
 294 00ae 04       		.byte	0x4
 295 00af D9000000 		.4byte	.LASF15
 296 00b3 05       		.uleb128 0x5
 297 00b4 73000000 		.4byte	.LASF16
 298 00b8 04       		.byte	0x4
 299 00b9 A301     		.2byte	0x1a3
 300 00bb BF000000 		.4byte	0xbf
 301 00bf 02       		.uleb128 0x2
 302 00c0 01       		.byte	0x1
 303 00c1 08       		.byte	0x8
 304 00c2 25020000 		.4byte	.LASF17
 305 00c6 02       		.uleb128 0x2
 306 00c7 04       		.byte	0x4
 307 00c8 07       		.byte	0x7
 308 00c9 04020000 		.4byte	.LASF18
 309 00cd 06       		.uleb128 0x6
 310 00ce EE000000 		.4byte	.LASF41
 311 00d2 01       		.byte	0x1
 312 00d3 14       		.byte	0x14
 313 00d4 68000000 		.4byte	0x68
 314 00d8 00000000 		.4byte	.LFB63
 315 00dc BC000000 		.4byte	.LFE63-.LFB63
 316 00e0 01       		.uleb128 0x1
 317 00e1 9C       		.byte	0x9c
 318 00e2 3C020000 		.4byte	0x23c
 319 00e6 07       		.uleb128 0x7
 320 00e7 08000000 		.4byte	.LVL0
 321 00eb B2020000 		.4byte	0x2b2
 322 00ef 07       		.uleb128 0x7
 323 00f0 0C000000 		.4byte	.LVL1
 324 00f4 BD020000 		.4byte	0x2bd
 325 00f8 08       		.uleb128 0x8
 326 00f9 14000000 		.4byte	.LVL2
 327 00fd C4020000 		.4byte	0x2c4
 328 0101 10010000 		.4byte	0x110
 329 0105 09       		.uleb128 0x9
 330 0106 01       		.uleb128 0x1
 331 0107 51       		.byte	0x51
 332 0108 01       		.uleb128 0x1
 333 0109 30       		.byte	0x30
 334 010a 09       		.uleb128 0x9
 335 010b 01       		.uleb128 0x1
 336 010c 50       		.byte	0x50
 337 010d 01       		.uleb128 0x1
 338 010e 30       		.byte	0x30
 339 010f 00       		.byte	0
 340 0110 08       		.uleb128 0x8
ARM GAS  C:\Users\HENRYA~1\AppData\Local\Temp\ccVDXRRP.s 			page 8


 341 0111 1A000000 		.4byte	.LVL3
 342 0115 DA020000 		.4byte	0x2da
 343 0119 27010000 		.4byte	0x127
 344 011d 09       		.uleb128 0x9
 345 011e 01       		.uleb128 0x1
 346 011f 50       		.byte	0x50
 347 0120 05       		.uleb128 0x5
 348 0121 03       		.byte	0x3
 349 0122 00000000 		.4byte	.LC0
 350 0126 00       		.byte	0
 351 0127 07       		.uleb128 0x7
 352 0128 1E000000 		.4byte	.LVL4
 353 012c F6020000 		.4byte	0x2f6
 354 0130 07       		.uleb128 0x7
 355 0131 22000000 		.4byte	.LVL5
 356 0135 FD020000 		.4byte	0x2fd
 357 0139 07       		.uleb128 0x7
 358 013a 26000000 		.4byte	.LVL6
 359 013e 04030000 		.4byte	0x304
 360 0142 07       		.uleb128 0x7
 361 0143 2A000000 		.4byte	.LVL7
 362 0147 0B030000 		.4byte	0x30b
 363 014b 07       		.uleb128 0x7
 364 014c 2E000000 		.4byte	.LVL8
 365 0150 12030000 		.4byte	0x312
 366 0154 07       		.uleb128 0x7
 367 0155 32000000 		.4byte	.LVL9
 368 0159 19030000 		.4byte	0x319
 369 015d 08       		.uleb128 0x8
 370 015e 38000000 		.4byte	.LVL10
 371 0162 25030000 		.4byte	0x325
 372 0166 70010000 		.4byte	0x170
 373 016a 09       		.uleb128 0x9
 374 016b 01       		.uleb128 0x1
 375 016c 50       		.byte	0x50
 376 016d 01       		.uleb128 0x1
 377 016e 3A       		.byte	0x3a
 378 016f 00       		.byte	0
 379 0170 07       		.uleb128 0x7
 380 0171 46000000 		.4byte	.LVL11
 381 0175 36030000 		.4byte	0x336
 382 0179 07       		.uleb128 0x7
 383 017a 4A000000 		.4byte	.LVL12
 384 017e 3D030000 		.4byte	0x33d
 385 0182 07       		.uleb128 0x7
 386 0183 50000000 		.4byte	.LVL13
 387 0187 48030000 		.4byte	0x348
 388 018b 07       		.uleb128 0x7
 389 018c 58000000 		.4byte	.LVL14
 390 0190 48030000 		.4byte	0x348
 391 0194 08       		.uleb128 0x8
 392 0195 64000000 		.4byte	.LVL15
 393 0199 C4020000 		.4byte	0x2c4
 394 019d AC010000 		.4byte	0x1ac
 395 01a1 09       		.uleb128 0x9
 396 01a2 01       		.uleb128 0x1
 397 01a3 51       		.byte	0x51
ARM GAS  C:\Users\HENRYA~1\AppData\Local\Temp\ccVDXRRP.s 			page 9


 398 01a4 01       		.uleb128 0x1
 399 01a5 30       		.byte	0x30
 400 01a6 09       		.uleb128 0x9
 401 01a7 01       		.uleb128 0x1
 402 01a8 50       		.byte	0x50
 403 01a9 01       		.uleb128 0x1
 404 01aa 31       		.byte	0x31
 405 01ab 00       		.byte	0
 406 01ac 07       		.uleb128 0x7
 407 01ad 6A000000 		.4byte	.LVL16
 408 01b1 53030000 		.4byte	0x353
 409 01b5 08       		.uleb128 0x8
 410 01b6 72000000 		.4byte	.LVL17
 411 01ba C4020000 		.4byte	0x2c4
 412 01be CD010000 		.4byte	0x1cd
 413 01c2 09       		.uleb128 0x9
 414 01c3 01       		.uleb128 0x1
 415 01c4 51       		.byte	0x51
 416 01c5 01       		.uleb128 0x1
 417 01c6 34       		.byte	0x34
 418 01c7 09       		.uleb128 0x9
 419 01c8 01       		.uleb128 0x1
 420 01c9 50       		.byte	0x50
 421 01ca 01       		.uleb128 0x1
 422 01cb 31       		.byte	0x31
 423 01cc 00       		.byte	0
 424 01cd 07       		.uleb128 0x7
 425 01ce 78000000 		.4byte	.LVL18
 426 01d2 53030000 		.4byte	0x353
 427 01d6 08       		.uleb128 0x8
 428 01d7 80000000 		.4byte	.LVL19
 429 01db C4020000 		.4byte	0x2c4
 430 01df EE010000 		.4byte	0x1ee
 431 01e3 09       		.uleb128 0x9
 432 01e4 01       		.uleb128 0x1
 433 01e5 51       		.byte	0x51
 434 01e6 01       		.uleb128 0x1
 435 01e7 38       		.byte	0x38
 436 01e8 09       		.uleb128 0x9
 437 01e9 01       		.uleb128 0x1
 438 01ea 50       		.byte	0x50
 439 01eb 01       		.uleb128 0x1
 440 01ec 31       		.byte	0x31
 441 01ed 00       		.byte	0
 442 01ee 07       		.uleb128 0x7
 443 01ef 86000000 		.4byte	.LVL20
 444 01f3 53030000 		.4byte	0x353
 445 01f7 08       		.uleb128 0x8
 446 01f8 8E000000 		.4byte	.LVL21
 447 01fc C4020000 		.4byte	0x2c4
 448 0200 0F020000 		.4byte	0x20f
 449 0204 09       		.uleb128 0x9
 450 0205 01       		.uleb128 0x1
 451 0206 51       		.byte	0x51
 452 0207 01       		.uleb128 0x1
 453 0208 3C       		.byte	0x3c
 454 0209 09       		.uleb128 0x9
ARM GAS  C:\Users\HENRYA~1\AppData\Local\Temp\ccVDXRRP.s 			page 10


 455 020a 01       		.uleb128 0x1
 456 020b 50       		.byte	0x50
 457 020c 01       		.uleb128 0x1
 458 020d 31       		.byte	0x31
 459 020e 00       		.byte	0
 460 020f 07       		.uleb128 0x7
 461 0210 94000000 		.4byte	.LVL22
 462 0214 53030000 		.4byte	0x353
 463 0218 07       		.uleb128 0x7
 464 0219 98000000 		.4byte	.LVL23
 465 021d 12030000 		.4byte	0x312
 466 0221 07       		.uleb128 0x7
 467 0222 A2000000 		.4byte	.LVL24
 468 0226 0B030000 		.4byte	0x30b
 469 022a 0A       		.uleb128 0xa
 470 022b AA000000 		.4byte	.LVL25
 471 022f 25030000 		.4byte	0x325
 472 0233 09       		.uleb128 0x9
 473 0234 01       		.uleb128 0x1
 474 0235 50       		.byte	0x50
 475 0236 03       		.uleb128 0x3
 476 0237 0A       		.byte	0xa
 477 0238 E803     		.2byte	0x3e8
 478 023a 00       		.byte	0
 479 023b 00       		.byte	0
 480 023c 0B       		.uleb128 0xb
 481 023d F3000000 		.4byte	.LASF42
 482 0241 01       		.byte	0x1
 483 0242 38       		.byte	0x38
 484 0243 00000000 		.4byte	.LFB64
 485 0247 0C000000 		.4byte	.LFE64-.LFB64
 486 024b 01       		.uleb128 0x1
 487 024c 9C       		.byte	0x9c
 488 024d 0C       		.uleb128 0xc
 489 024e BE000000 		.4byte	.LASF19
 490 0252 05       		.byte	0x5
 491 0253 9606     		.2byte	0x696
 492 0255 59020000 		.4byte	0x259
 493 0259 0D       		.uleb128 0xd
 494 025a 76000000 		.4byte	0x76
 495 025e 0E       		.uleb128 0xe
 496 025f 23010000 		.4byte	.LASF20
 497 0263 01       		.byte	0x1
 498 0264 0F       		.byte	0xf
 499 0265 81000000 		.4byte	0x81
 500 0269 05       		.uleb128 0x5
 501 026a 03       		.byte	0x3
 502 026b 00000000 		.4byte	dato_enviado
 503 026f 0E       		.uleb128 0xe
 504 0270 0A000000 		.4byte	.LASF21
 505 0274 01       		.byte	0x1
 506 0275 10       		.byte	0x10
 507 0276 81000000 		.4byte	0x81
 508 027a 05       		.uleb128 0x5
 509 027b 03       		.byte	0x3
 510 027c 00000000 		.4byte	dato_recibido
 511 0280 0F       		.uleb128 0xf
ARM GAS  C:\Users\HENRYA~1\AppData\Local\Temp\ccVDXRRP.s 			page 11


 512 0281 99000000 		.4byte	0x99
 513 0285 90020000 		.4byte	0x290
 514 0289 10       		.uleb128 0x10
 515 028a C6000000 		.4byte	0xc6
 516 028e 03       		.byte	0x3
 517 028f 00       		.byte	0
 518 0290 0E       		.uleb128 0xe
 519 0291 91020000 		.4byte	.LASF22
 520 0295 01       		.byte	0x1
 521 0296 11       		.byte	0x11
 522 0297 80020000 		.4byte	0x280
 523 029b 05       		.uleb128 0x5
 524 029c 03       		.byte	0x3
 525 029d 00000000 		.4byte	ADC_Vec
 526 02a1 0E       		.uleb128 0xe
 527 02a2 30010000 		.4byte	.LASF23
 528 02a6 01       		.byte	0x1
 529 02a7 12       		.byte	0x12
 530 02a8 99000000 		.4byte	0x99
 531 02ac 05       		.uleb128 0x5
 532 02ad 03       		.byte	0x3
 533 02ae 00000000 		.4byte	flag
 534 02b2 11       		.uleb128 0x11
 535 02b3 27000000 		.4byte	.LASF32
 536 02b7 0B       		.byte	0xb
 537 02b8 C5       		.byte	0xc5
 538 02b9 81000000 		.4byte	0x81
 539 02bd 12       		.uleb128 0x12
 540 02be 3A000000 		.4byte	.LASF26
 541 02c2 06       		.byte	0x6
 542 02c3 38       		.byte	0x38
 543 02c4 13       		.uleb128 0x13
 544 02c5 2A020000 		.4byte	.LASF24
 545 02c9 06       		.byte	0x6
 546 02ca 3D       		.byte	0x3d
 547 02cb DA020000 		.4byte	0x2da
 548 02cf 14       		.uleb128 0x14
 549 02d0 81000000 		.4byte	0x81
 550 02d4 14       		.uleb128 0x14
 551 02d5 81000000 		.4byte	0x81
 552 02d9 00       		.byte	0
 553 02da 13       		.uleb128 0x13
 554 02db 4B000000 		.4byte	.LASF25
 555 02df 06       		.byte	0x6
 556 02e0 3C       		.byte	0x3c
 557 02e1 EB020000 		.4byte	0x2eb
 558 02e5 14       		.uleb128 0x14
 559 02e6 EB020000 		.4byte	0x2eb
 560 02ea 00       		.byte	0
 561 02eb 15       		.uleb128 0x15
 562 02ec 04       		.byte	0x4
 563 02ed F1020000 		.4byte	0x2f1
 564 02f1 16       		.uleb128 0x16
 565 02f2 B3000000 		.4byte	0xb3
 566 02f6 12       		.uleb128 0x12
 567 02f7 F2010000 		.4byte	.LASF27
 568 02fb 07       		.byte	0x7
ARM GAS  C:\Users\HENRYA~1\AppData\Local\Temp\ccVDXRRP.s 			page 12


 569 02fc 3A       		.byte	0x3a
 570 02fd 12       		.uleb128 0x12
 571 02fe E0000000 		.4byte	.LASF28
 572 0302 08       		.byte	0x8
 573 0303 17       		.byte	0x17
 574 0304 12       		.uleb128 0x12
 575 0305 59010000 		.4byte	.LASF29
 576 0309 09       		.byte	0x9
 577 030a 26       		.byte	0x26
 578 030b 12       		.uleb128 0x12
 579 030c 62000000 		.4byte	.LASF30
 580 0310 07       		.byte	0x7
 581 0311 3D       		.byte	0x3d
 582 0312 12       		.uleb128 0x12
 583 0313 0D020000 		.4byte	.LASF31
 584 0317 0A       		.byte	0xa
 585 0318 25       		.byte	0x25
 586 0319 17       		.uleb128 0x17
 587 031a 8B000000 		.4byte	.LASF33
 588 031e 0B       		.byte	0xb
 589 031f 1D01     		.2byte	0x11d
 590 0321 81000000 		.4byte	0x81
 591 0325 13       		.uleb128 0x13
 592 0326 E1020000 		.4byte	.LASF34
 593 032a 0C       		.byte	0xc
 594 032b 76       		.byte	0x76
 595 032c 36030000 		.4byte	0x336
 596 0330 14       		.uleb128 0x14
 597 0331 8D000000 		.4byte	0x8d
 598 0335 00       		.byte	0
 599 0336 12       		.uleb128 0x12
 600 0337 AE000000 		.4byte	.LASF35
 601 033b 07       		.byte	0x7
 602 033c 3E       		.byte	0x3e
 603 033d 11       		.uleb128 0x11
 604 033e 6C020000 		.4byte	.LASF36
 605 0342 09       		.byte	0x9
 606 0343 31       		.byte	0x31
 607 0344 99000000 		.4byte	0x99
 608 0348 11       		.uleb128 0x11
 609 0349 3E020000 		.4byte	.LASF37
 610 034d 07       		.byte	0x7
 611 034e 40       		.byte	0x40
 612 034f 99000000 		.4byte	0x99
 613 0353 18       		.uleb128 0x18
 614 0354 4D020000 		.4byte	.LASF43
 615 0358 06       		.byte	0x6
 616 0359 5D       		.byte	0x5d
 617 035a 14       		.uleb128 0x14
 618 035b 81000000 		.4byte	0x81
 619 035f 00       		.byte	0
 620 0360 00       		.byte	0
 621              		.section	.debug_abbrev,"",%progbits
 622              	.Ldebug_abbrev0:
 623 0000 01       		.uleb128 0x1
 624 0001 11       		.uleb128 0x11
 625 0002 01       		.byte	0x1
ARM GAS  C:\Users\HENRYA~1\AppData\Local\Temp\ccVDXRRP.s 			page 13


 626 0003 25       		.uleb128 0x25
 627 0004 0E       		.uleb128 0xe
 628 0005 13       		.uleb128 0x13
 629 0006 0B       		.uleb128 0xb
 630 0007 03       		.uleb128 0x3
 631 0008 0E       		.uleb128 0xe
 632 0009 1B       		.uleb128 0x1b
 633 000a 0E       		.uleb128 0xe
 634 000b 55       		.uleb128 0x55
 635 000c 17       		.uleb128 0x17
 636 000d 11       		.uleb128 0x11
 637 000e 01       		.uleb128 0x1
 638 000f 10       		.uleb128 0x10
 639 0010 17       		.uleb128 0x17
 640 0011 00       		.byte	0
 641 0012 00       		.byte	0
 642 0013 02       		.uleb128 0x2
 643 0014 24       		.uleb128 0x24
 644 0015 00       		.byte	0
 645 0016 0B       		.uleb128 0xb
 646 0017 0B       		.uleb128 0xb
 647 0018 3E       		.uleb128 0x3e
 648 0019 0B       		.uleb128 0xb
 649 001a 03       		.uleb128 0x3
 650 001b 0E       		.uleb128 0xe
 651 001c 00       		.byte	0
 652 001d 00       		.byte	0
 653 001e 03       		.uleb128 0x3
 654 001f 16       		.uleb128 0x16
 655 0020 00       		.byte	0
 656 0021 03       		.uleb128 0x3
 657 0022 0E       		.uleb128 0xe
 658 0023 3A       		.uleb128 0x3a
 659 0024 0B       		.uleb128 0xb
 660 0025 3B       		.uleb128 0x3b
 661 0026 0B       		.uleb128 0xb
 662 0027 49       		.uleb128 0x49
 663 0028 13       		.uleb128 0x13
 664 0029 00       		.byte	0
 665 002a 00       		.byte	0
 666 002b 04       		.uleb128 0x4
 667 002c 24       		.uleb128 0x24
 668 002d 00       		.byte	0
 669 002e 0B       		.uleb128 0xb
 670 002f 0B       		.uleb128 0xb
 671 0030 3E       		.uleb128 0x3e
 672 0031 0B       		.uleb128 0xb
 673 0032 03       		.uleb128 0x3
 674 0033 08       		.uleb128 0x8
 675 0034 00       		.byte	0
 676 0035 00       		.byte	0
 677 0036 05       		.uleb128 0x5
 678 0037 16       		.uleb128 0x16
 679 0038 00       		.byte	0
 680 0039 03       		.uleb128 0x3
 681 003a 0E       		.uleb128 0xe
 682 003b 3A       		.uleb128 0x3a
ARM GAS  C:\Users\HENRYA~1\AppData\Local\Temp\ccVDXRRP.s 			page 14


 683 003c 0B       		.uleb128 0xb
 684 003d 3B       		.uleb128 0x3b
 685 003e 05       		.uleb128 0x5
 686 003f 49       		.uleb128 0x49
 687 0040 13       		.uleb128 0x13
 688 0041 00       		.byte	0
 689 0042 00       		.byte	0
 690 0043 06       		.uleb128 0x6
 691 0044 2E       		.uleb128 0x2e
 692 0045 01       		.byte	0x1
 693 0046 3F       		.uleb128 0x3f
 694 0047 19       		.uleb128 0x19
 695 0048 03       		.uleb128 0x3
 696 0049 0E       		.uleb128 0xe
 697 004a 3A       		.uleb128 0x3a
 698 004b 0B       		.uleb128 0xb
 699 004c 3B       		.uleb128 0x3b
 700 004d 0B       		.uleb128 0xb
 701 004e 49       		.uleb128 0x49
 702 004f 13       		.uleb128 0x13
 703 0050 11       		.uleb128 0x11
 704 0051 01       		.uleb128 0x1
 705 0052 12       		.uleb128 0x12
 706 0053 06       		.uleb128 0x6
 707 0054 40       		.uleb128 0x40
 708 0055 18       		.uleb128 0x18
 709 0056 9742     		.uleb128 0x2117
 710 0058 19       		.uleb128 0x19
 711 0059 01       		.uleb128 0x1
 712 005a 13       		.uleb128 0x13
 713 005b 00       		.byte	0
 714 005c 00       		.byte	0
 715 005d 07       		.uleb128 0x7
 716 005e 898201   		.uleb128 0x4109
 717 0061 00       		.byte	0
 718 0062 11       		.uleb128 0x11
 719 0063 01       		.uleb128 0x1
 720 0064 31       		.uleb128 0x31
 721 0065 13       		.uleb128 0x13
 722 0066 00       		.byte	0
 723 0067 00       		.byte	0
 724 0068 08       		.uleb128 0x8
 725 0069 898201   		.uleb128 0x4109
 726 006c 01       		.byte	0x1
 727 006d 11       		.uleb128 0x11
 728 006e 01       		.uleb128 0x1
 729 006f 31       		.uleb128 0x31
 730 0070 13       		.uleb128 0x13
 731 0071 01       		.uleb128 0x1
 732 0072 13       		.uleb128 0x13
 733 0073 00       		.byte	0
 734 0074 00       		.byte	0
 735 0075 09       		.uleb128 0x9
 736 0076 8A8201   		.uleb128 0x410a
 737 0079 00       		.byte	0
 738 007a 02       		.uleb128 0x2
 739 007b 18       		.uleb128 0x18
ARM GAS  C:\Users\HENRYA~1\AppData\Local\Temp\ccVDXRRP.s 			page 15


 740 007c 9142     		.uleb128 0x2111
 741 007e 18       		.uleb128 0x18
 742 007f 00       		.byte	0
 743 0080 00       		.byte	0
 744 0081 0A       		.uleb128 0xa
 745 0082 898201   		.uleb128 0x4109
 746 0085 01       		.byte	0x1
 747 0086 11       		.uleb128 0x11
 748 0087 01       		.uleb128 0x1
 749 0088 31       		.uleb128 0x31
 750 0089 13       		.uleb128 0x13
 751 008a 00       		.byte	0
 752 008b 00       		.byte	0
 753 008c 0B       		.uleb128 0xb
 754 008d 2E       		.uleb128 0x2e
 755 008e 00       		.byte	0
 756 008f 3F       		.uleb128 0x3f
 757 0090 19       		.uleb128 0x19
 758 0091 03       		.uleb128 0x3
 759 0092 0E       		.uleb128 0xe
 760 0093 3A       		.uleb128 0x3a
 761 0094 0B       		.uleb128 0xb
 762 0095 3B       		.uleb128 0x3b
 763 0096 0B       		.uleb128 0xb
 764 0097 27       		.uleb128 0x27
 765 0098 19       		.uleb128 0x19
 766 0099 11       		.uleb128 0x11
 767 009a 01       		.uleb128 0x1
 768 009b 12       		.uleb128 0x12
 769 009c 06       		.uleb128 0x6
 770 009d 40       		.uleb128 0x40
 771 009e 18       		.uleb128 0x18
 772 009f 9742     		.uleb128 0x2117
 773 00a1 19       		.uleb128 0x19
 774 00a2 00       		.byte	0
 775 00a3 00       		.byte	0
 776 00a4 0C       		.uleb128 0xc
 777 00a5 34       		.uleb128 0x34
 778 00a6 00       		.byte	0
 779 00a7 03       		.uleb128 0x3
 780 00a8 0E       		.uleb128 0xe
 781 00a9 3A       		.uleb128 0x3a
 782 00aa 0B       		.uleb128 0xb
 783 00ab 3B       		.uleb128 0x3b
 784 00ac 05       		.uleb128 0x5
 785 00ad 49       		.uleb128 0x49
 786 00ae 13       		.uleb128 0x13
 787 00af 3F       		.uleb128 0x3f
 788 00b0 19       		.uleb128 0x19
 789 00b1 3C       		.uleb128 0x3c
 790 00b2 19       		.uleb128 0x19
 791 00b3 00       		.byte	0
 792 00b4 00       		.byte	0
 793 00b5 0D       		.uleb128 0xd
 794 00b6 35       		.uleb128 0x35
 795 00b7 00       		.byte	0
 796 00b8 49       		.uleb128 0x49
ARM GAS  C:\Users\HENRYA~1\AppData\Local\Temp\ccVDXRRP.s 			page 16


 797 00b9 13       		.uleb128 0x13
 798 00ba 00       		.byte	0
 799 00bb 00       		.byte	0
 800 00bc 0E       		.uleb128 0xe
 801 00bd 34       		.uleb128 0x34
 802 00be 00       		.byte	0
 803 00bf 03       		.uleb128 0x3
 804 00c0 0E       		.uleb128 0xe
 805 00c1 3A       		.uleb128 0x3a
 806 00c2 0B       		.uleb128 0xb
 807 00c3 3B       		.uleb128 0x3b
 808 00c4 0B       		.uleb128 0xb
 809 00c5 49       		.uleb128 0x49
 810 00c6 13       		.uleb128 0x13
 811 00c7 3F       		.uleb128 0x3f
 812 00c8 19       		.uleb128 0x19
 813 00c9 02       		.uleb128 0x2
 814 00ca 18       		.uleb128 0x18
 815 00cb 00       		.byte	0
 816 00cc 00       		.byte	0
 817 00cd 0F       		.uleb128 0xf
 818 00ce 01       		.uleb128 0x1
 819 00cf 01       		.byte	0x1
 820 00d0 49       		.uleb128 0x49
 821 00d1 13       		.uleb128 0x13
 822 00d2 01       		.uleb128 0x1
 823 00d3 13       		.uleb128 0x13
 824 00d4 00       		.byte	0
 825 00d5 00       		.byte	0
 826 00d6 10       		.uleb128 0x10
 827 00d7 21       		.uleb128 0x21
 828 00d8 00       		.byte	0
 829 00d9 49       		.uleb128 0x49
 830 00da 13       		.uleb128 0x13
 831 00db 2F       		.uleb128 0x2f
 832 00dc 0B       		.uleb128 0xb
 833 00dd 00       		.byte	0
 834 00de 00       		.byte	0
 835 00df 11       		.uleb128 0x11
 836 00e0 2E       		.uleb128 0x2e
 837 00e1 00       		.byte	0
 838 00e2 3F       		.uleb128 0x3f
 839 00e3 19       		.uleb128 0x19
 840 00e4 03       		.uleb128 0x3
 841 00e5 0E       		.uleb128 0xe
 842 00e6 3A       		.uleb128 0x3a
 843 00e7 0B       		.uleb128 0xb
 844 00e8 3B       		.uleb128 0x3b
 845 00e9 0B       		.uleb128 0xb
 846 00ea 27       		.uleb128 0x27
 847 00eb 19       		.uleb128 0x19
 848 00ec 49       		.uleb128 0x49
 849 00ed 13       		.uleb128 0x13
 850 00ee 3C       		.uleb128 0x3c
 851 00ef 19       		.uleb128 0x19
 852 00f0 00       		.byte	0
 853 00f1 00       		.byte	0
ARM GAS  C:\Users\HENRYA~1\AppData\Local\Temp\ccVDXRRP.s 			page 17


 854 00f2 12       		.uleb128 0x12
 855 00f3 2E       		.uleb128 0x2e
 856 00f4 00       		.byte	0
 857 00f5 3F       		.uleb128 0x3f
 858 00f6 19       		.uleb128 0x19
 859 00f7 03       		.uleb128 0x3
 860 00f8 0E       		.uleb128 0xe
 861 00f9 3A       		.uleb128 0x3a
 862 00fa 0B       		.uleb128 0xb
 863 00fb 3B       		.uleb128 0x3b
 864 00fc 0B       		.uleb128 0xb
 865 00fd 27       		.uleb128 0x27
 866 00fe 19       		.uleb128 0x19
 867 00ff 3C       		.uleb128 0x3c
 868 0100 19       		.uleb128 0x19
 869 0101 00       		.byte	0
 870 0102 00       		.byte	0
 871 0103 13       		.uleb128 0x13
 872 0104 2E       		.uleb128 0x2e
 873 0105 01       		.byte	0x1
 874 0106 3F       		.uleb128 0x3f
 875 0107 19       		.uleb128 0x19
 876 0108 03       		.uleb128 0x3
 877 0109 0E       		.uleb128 0xe
 878 010a 3A       		.uleb128 0x3a
 879 010b 0B       		.uleb128 0xb
 880 010c 3B       		.uleb128 0x3b
 881 010d 0B       		.uleb128 0xb
 882 010e 27       		.uleb128 0x27
 883 010f 19       		.uleb128 0x19
 884 0110 3C       		.uleb128 0x3c
 885 0111 19       		.uleb128 0x19
 886 0112 01       		.uleb128 0x1
 887 0113 13       		.uleb128 0x13
 888 0114 00       		.byte	0
 889 0115 00       		.byte	0
 890 0116 14       		.uleb128 0x14
 891 0117 05       		.uleb128 0x5
 892 0118 00       		.byte	0
 893 0119 49       		.uleb128 0x49
 894 011a 13       		.uleb128 0x13
 895 011b 00       		.byte	0
 896 011c 00       		.byte	0
 897 011d 15       		.uleb128 0x15
 898 011e 0F       		.uleb128 0xf
 899 011f 00       		.byte	0
 900 0120 0B       		.uleb128 0xb
 901 0121 0B       		.uleb128 0xb
 902 0122 49       		.uleb128 0x49
 903 0123 13       		.uleb128 0x13
 904 0124 00       		.byte	0
 905 0125 00       		.byte	0
 906 0126 16       		.uleb128 0x16
 907 0127 26       		.uleb128 0x26
 908 0128 00       		.byte	0
 909 0129 49       		.uleb128 0x49
 910 012a 13       		.uleb128 0x13
ARM GAS  C:\Users\HENRYA~1\AppData\Local\Temp\ccVDXRRP.s 			page 18


 911 012b 00       		.byte	0
 912 012c 00       		.byte	0
 913 012d 17       		.uleb128 0x17
 914 012e 2E       		.uleb128 0x2e
 915 012f 00       		.byte	0
 916 0130 3F       		.uleb128 0x3f
 917 0131 19       		.uleb128 0x19
 918 0132 03       		.uleb128 0x3
 919 0133 0E       		.uleb128 0xe
 920 0134 3A       		.uleb128 0x3a
 921 0135 0B       		.uleb128 0xb
 922 0136 3B       		.uleb128 0x3b
 923 0137 05       		.uleb128 0x5
 924 0138 27       		.uleb128 0x27
 925 0139 19       		.uleb128 0x19
 926 013a 49       		.uleb128 0x49
 927 013b 13       		.uleb128 0x13
 928 013c 3C       		.uleb128 0x3c
 929 013d 19       		.uleb128 0x19
 930 013e 00       		.byte	0
 931 013f 00       		.byte	0
 932 0140 18       		.uleb128 0x18
 933 0141 2E       		.uleb128 0x2e
 934 0142 01       		.byte	0x1
 935 0143 3F       		.uleb128 0x3f
 936 0144 19       		.uleb128 0x19
 937 0145 03       		.uleb128 0x3
 938 0146 0E       		.uleb128 0xe
 939 0147 3A       		.uleb128 0x3a
 940 0148 0B       		.uleb128 0xb
 941 0149 3B       		.uleb128 0x3b
 942 014a 0B       		.uleb128 0xb
 943 014b 27       		.uleb128 0x27
 944 014c 19       		.uleb128 0x19
 945 014d 3C       		.uleb128 0x3c
 946 014e 19       		.uleb128 0x19
 947 014f 00       		.byte	0
 948 0150 00       		.byte	0
 949 0151 00       		.byte	0
 950              		.section	.debug_aranges,"",%progbits
 951 0000 24000000 		.4byte	0x24
 952 0004 0200     		.2byte	0x2
 953 0006 00000000 		.4byte	.Ldebug_info0
 954 000a 04       		.byte	0x4
 955 000b 00       		.byte	0
 956 000c 0000     		.2byte	0
 957 000e 0000     		.2byte	0
 958 0010 00000000 		.4byte	.LFB63
 959 0014 BC000000 		.4byte	.LFE63-.LFB63
 960 0018 00000000 		.4byte	.LFB64
 961 001c 0C000000 		.4byte	.LFE64-.LFB64
 962 0020 00000000 		.4byte	0
 963 0024 00000000 		.4byte	0
 964              		.section	.debug_ranges,"",%progbits
 965              	.Ldebug_ranges0:
 966 0000 00000000 		.4byte	.LFB63
 967 0004 BC000000 		.4byte	.LFE63
ARM GAS  C:\Users\HENRYA~1\AppData\Local\Temp\ccVDXRRP.s 			page 19


 968 0008 00000000 		.4byte	.LFB64
 969 000c 0C000000 		.4byte	.LFE64
 970 0010 00000000 		.4byte	0
 971 0014 00000000 		.4byte	0
 972              		.section	.debug_line,"",%progbits
 973              	.Ldebug_line0:
 974 0000 E4010000 		.section	.debug_str,"MS",%progbits,1
 974      0200A201 
 974      00000201 
 974      FB0E0D00 
 974      01010101 
 975              	.LASF9:
 976 0000 5F5F696E 		.ascii	"__int32_t\000"
 976      7433325F 
 976      7400
 977              	.LASF21:
 978 000a 6461746F 		.ascii	"dato_recibido\000"
 978      5F726563 
 978      69626964 
 978      6F00
 979              	.LASF39:
 980 0018 2E5C6D61 		.ascii	".\\main.c\000"
 980      696E2E63 
 980      00
 981              	.LASF11:
 982 0021 75696E74 		.ascii	"uint8\000"
 982      3800
 983              	.LASF32:
 984 0027 54585F43 		.ascii	"TX_CAN_Start\000"
 984      414E5F53 
 984      74617274 
 984      00
 985              	.LASF14:
 986 0034 666C6F61 		.ascii	"float\000"
 986      7400
 987              	.LASF26:
 988 003a 4C43445F 		.ascii	"LCD_Char_1_Start\000"
 988      43686172 
 988      5F315F53 
 988      74617274 
 988      00
 989              	.LASF25:
 990 004b 4C43445F 		.ascii	"LCD_Char_1_PrintString\000"
 990      43686172 
 990      5F315F50 
 990      72696E74 
 990      53747269 
 991              	.LASF30:
 992 0062 4144435F 		.ascii	"ADC_StartConvert\000"
 992      53746172 
 992      74436F6E 
 992      76657274 
 992      00
 993              	.LASF16:
 994 0073 63686172 		.ascii	"char8\000"
 994      3800
 995              	.LASF5:
ARM GAS  C:\Users\HENRYA~1\AppData\Local\Temp\ccVDXRRP.s 			page 20


 996 0079 6C6F6E67 		.ascii	"long unsigned int\000"
 996      20756E73 
 996      69676E65 
 996      6420696E 
 996      7400
 997              	.LASF33:
 998 008b 54585F43 		.ascii	"TX_CAN_SendMsg0\000"
 998      414E5F53 
 998      656E644D 
 998      73673000 
 999              	.LASF3:
 1000 009b 73686F72 		.ascii	"short unsigned int\000"
 1000      7420756E 
 1000      7369676E 
 1000      65642069 
 1000      6E7400
 1001              	.LASF35:
 1002 00ae 4144435F 		.ascii	"ADC_StopConvert\000"
 1002      53746F70 
 1002      436F6E76 
 1002      65727400 
 1003              	.LASF19:
 1004 00be 49544D5F 		.ascii	"ITM_RxBuffer\000"
 1004      52784275 
 1004      66666572 
 1004      00
 1005              	.LASF1:
 1006 00cb 756E7369 		.ascii	"unsigned char\000"
 1006      676E6564 
 1006      20636861 
 1006      7200
 1007              	.LASF15:
 1008 00d9 646F7562 		.ascii	"double\000"
 1008      6C6500
 1009              	.LASF28:
 1010 00e0 4144435F 		.ascii	"ADC_IRQ_Start\000"
 1010      4952515F 
 1010      53746172 
 1010      7400
 1011              	.LASF41:
 1012 00ee 6D61696E 		.ascii	"main\000"
 1012      00
 1013              	.LASF42:
 1014 00f3 4144435F 		.ascii	"ADC_IRQ_Interrupt_InterruptCallback\000"
 1014      4952515F 
 1014      496E7465 
 1014      72727570 
 1014      745F496E 
 1015              	.LASF13:
 1016 0117 696E7438 		.ascii	"int8\000"
 1016      00
 1017              	.LASF12:
 1018 011c 75696E74 		.ascii	"uint32\000"
 1018      333200
 1019              	.LASF20:
 1020 0123 6461746F 		.ascii	"dato_enviado\000"
 1020      5F656E76 
ARM GAS  C:\Users\HENRYA~1\AppData\Local\Temp\ccVDXRRP.s 			page 21


 1020      6961646F 
 1020      00
 1021              	.LASF23:
 1022 0130 666C6167 		.ascii	"flag\000"
 1022      00
 1023              	.LASF8:
 1024 0135 756E7369 		.ascii	"unsigned int\000"
 1024      676E6564 
 1024      20696E74 
 1024      00
 1025              	.LASF7:
 1026 0142 6C6F6E67 		.ascii	"long long unsigned int\000"
 1026      206C6F6E 
 1026      6720756E 
 1026      7369676E 
 1026      65642069 
 1027              	.LASF29:
 1028 0159 414D5558 		.ascii	"AMUX_Start\000"
 1028      5F537461 
 1028      727400
 1029              	.LASF38:
 1030 0164 474E5520 		.ascii	"GNU C 4.9.3 20150303 (release) [ARM/embedded-4_9-br"
 1030      4320342E 
 1030      392E3320 
 1030      32303135 
 1030      30333033 
 1031 0197 616E6368 		.ascii	"anch revision 221220] -mcpu=cortex-m3 -mthumb -g -O"
 1031      20726576 
 1031      6973696F 
 1031      6E203232 
 1031      31323230 
 1032 01ca 67202D66 		.ascii	"g -ffunction-sections -ffat-lto-objects\000"
 1032      66756E63 
 1032      74696F6E 
 1032      2D736563 
 1032      74696F6E 
 1033              	.LASF27:
 1034 01f2 4144435F 		.ascii	"ADC_Start\000"
 1034      53746172 
 1034      7400
 1035              	.LASF10:
 1036 01fc 696E7433 		.ascii	"int32_t\000"
 1036      325F7400 
 1037              	.LASF18:
 1038 0204 73697A65 		.ascii	"sizetype\000"
 1038      74797065 
 1038      00
 1039              	.LASF31:
 1040 020d 414D5558 		.ascii	"AMUX_Next\000"
 1040      5F4E6578 
 1040      7400
 1041              	.LASF6:
 1042 0217 6C6F6E67 		.ascii	"long long int\000"
 1042      206C6F6E 
 1042      6720696E 
 1042      7400
 1043              	.LASF17:
ARM GAS  C:\Users\HENRYA~1\AppData\Local\Temp\ccVDXRRP.s 			page 22


 1044 0225 63686172 		.ascii	"char\000"
 1044      00
 1045              	.LASF24:
 1046 022a 4C43445F 		.ascii	"LCD_Char_1_Position\000"
 1046      43686172 
 1046      5F315F50 
 1046      6F736974 
 1046      696F6E00 
 1047              	.LASF37:
 1048 023e 4144435F 		.ascii	"ADC_GetResult8\000"
 1048      47657452 
 1048      6573756C 
 1048      743800
 1049              	.LASF43:
 1050 024d 4C43445F 		.ascii	"LCD_Char_1_PrintInt8\000"
 1050      43686172 
 1050      5F315F50 
 1050      72696E74 
 1050      496E7438 
 1051              	.LASF2:
 1052 0262 73686F72 		.ascii	"short int\000"
 1052      7420696E 
 1052      7400
 1053              	.LASF36:
 1054 026c 414D5558 		.ascii	"AMUX_GetChannel\000"
 1054      5F476574 
 1054      4368616E 
 1054      6E656C00 
 1055              	.LASF4:
 1056 027c 6C6F6E67 		.ascii	"long int\000"
 1056      20696E74 
 1056      00
 1057              	.LASF0:
 1058 0285 7369676E 		.ascii	"signed char\000"
 1058      65642063 
 1058      68617200 
 1059              	.LASF22:
 1060 0291 4144435F 		.ascii	"ADC_Vec\000"
 1060      56656300 
 1061              	.LASF40:
 1062 0299 433A5C55 		.ascii	"C:\\Users\\Henry Alberto\\Desktop\\Protocolos\\CAN_"
 1062      73657273 
 1062      5C48656E 
 1062      72792041 
 1062      6C626572 
 1063 02c7 4144435F 		.ascii	"ADC_1_BIDIRECCIONAL.cydsn\000"
 1063      315F4249 
 1063      44495245 
 1063      4343494F 
 1063      4E414C2E 
 1064              	.LASF34:
 1065 02e1 43794465 		.ascii	"CyDelay\000"
 1065      6C617900 
 1066              		.ident	"GCC: (GNU Tools for ARM Embedded Processors) 4.9.3 20150303 (release) [ARM/embedded-4_9-br
