ARM GAS  C:\Users\HENRYA~1\AppData\Local\Temp\cc4wMoAB.s 			page 1


   1              		.syntax unified
   2              		.cpu cortex-m3
   3              		.fpu softvfp
   4              		.eabi_attribute 20, 1
   5              		.eabi_attribute 21, 1
   6              		.eabi_attribute 23, 3
   7              		.eabi_attribute 24, 1
   8              		.eabi_attribute 25, 1
   9              		.eabi_attribute 26, 1
  10              		.eabi_attribute 30, 1
  11              		.eabi_attribute 34, 1
  12              		.eabi_attribute 18, 4
  13              		.thumb
  14              		.file	"Value.c"
  15              		.text
  16              	.Ltext0:
  17              		.cfi_sections	.debug_frame
  18              	.Letext0:
  19              		.section	.debug_line,"",%progbits
  20              	.Ldebug_line0:
  21              		.section	.debug_str,"MS",%progbits,1
  22              	.LASF0:
  23 0000 433A5C55 		.ascii	"C:\\Users\\Henry Alberto\\Desktop\\SPI\\CAN.cydsn\000"
  23      73657273 
  23      5C48656E 
  23      72792041 
  23      6C626572 
  24              	.LASF1:
  25 002d 2E5C5661 		.ascii	".\\Value.c\000"
  25      6C75652E 
  25      6300
  26              	.LASF2:
  27 0037 474E5520 		.ascii	"GNU C 4.9.3 20150303 (release) [ARM/embedded-4_9-br"
  27      4320342E 
  27      392E3320 
  27      32303135 
  27      30333033 
  28 006a 616E6368 		.ascii	"anch revision 221220] -mcpu=cortex-m3 -mthumb -g -O"
  28      20726576 
  28      6973696F 
  28      6E203232 
  28      31323230 
  29 009d 67202D66 		.ascii	"g -ffunction-sections -ffat-lto-objects\000"
  29      66756E63 
  29      74696F6E 
  29      2D736563 
  29      74696F6E 
  30              		.ident	"GCC: (GNU Tools for ARM Embedded Processors) 4.9.3 20150303 (release) [ARM/embedded-4_9-br
