ARM GAS  C:\Users\HENRYA~1\AppData\Local\Temp\ccPo7Iwg.s 			page 1


   1              		.syntax unified
   2              		.cpu cortex-m3
   3              		.fpu softvfp
   4              		.eabi_attribute 20, 1
   5              		.eabi_attribute 21, 1
   6              		.eabi_attribute 23, 3
   7              		.eabi_attribute 24, 1
   8              		.eabi_attribute 25, 1
   9              		.eabi_attribute 26, 1
  10              		.eabi_attribute 30, 1
  11              		.eabi_attribute 34, 1
  12              		.eabi_attribute 18, 4
  13              		.thumb
  14              		.file	"main.c"
  15              		.text
  16              	.Ltext0:
  17              		.cfi_sections	.debug_frame
  18              		.section	.text.main,"ax",%progbits
  19              		.align	2
  20              		.global	main
  21              		.thumb
  22              		.thumb_func
  23              		.type	main, %function
  24              	main:
  25              	.LFB63:
  26              		.file 1 ".\\main.c"
   1:.\main.c      **** /* ========================================
   2:.\main.c      ****  *
   3:.\main.c      ****  * Copyright YOUR COMPANY, THE YEAR
   4:.\main.c      ****  * All Rights Reserved
   5:.\main.c      ****  * UNPUBLISHED, LICENSED SOFTWARE.
   6:.\main.c      ****  *
   7:.\main.c      ****  * CONFIDENTIAL AND PROPRIETARY INFORMATION
   8:.\main.c      ****  * WHICH IS THE PROPERTY OF your company.
   9:.\main.c      ****  *
  10:.\main.c      ****  * ========================================
  11:.\main.c      **** */
  12:.\main.c      **** #include <project.h>
  13:.\main.c      **** int8 dato_enviado;
  14:.\main.c      **** int8 dato_recibido;
  15:.\main.c      **** 
  16:.\main.c      **** int main()
  17:.\main.c      **** {
  27              		.loc 1 17 0
  28              		.cfi_startproc
  29              		@ Volatile: function does not return.
  30              		@ args = 0, pretend = 0, frame = 0
  31              		@ frame_needed = 0, uses_anonymous_args = 0
  32 0000 08B5     		push	{r3, lr}
  33              		.cfi_def_cfa_offset 8
  34              		.cfi_offset 3, -8
  35              		.cfi_offset 14, -4
  18:.\main.c      ****     CyGlobalIntEnable; /* Enable global interrupts. */
  36              		.loc 1 18 0
  37              	@ 18 ".\main.c" 1
  38 0002 62B6     		CPSIE   i
  39              	@ 0 "" 2
ARM GAS  C:\Users\HENRYA~1\AppData\Local\Temp\ccPo7Iwg.s 			page 2


  19:.\main.c      ****     EMITE_Start();
  40              		.loc 1 19 0
  41              		.thumb
  42 0004 FFF7FEFF 		bl	EMITE_Start
  43              	.LVL0:
  20:.\main.c      ****     RECIBE_Start();
  44              		.loc 1 20 0
  45 0008 FFF7FEFF 		bl	RECIBE_Start
  46              	.LVL1:
  21:.\main.c      ****     //EMITE_LoadTxConfig();
  22:.\main.c      ****     //RECIBE_LoadRxConfig();
  23:.\main.c      ****     LCD_Char_1_Start();
  47              		.loc 1 23 0
  48 000c FFF7FEFF 		bl	LCD_Char_1_Start
  49              	.LVL2:
  24:.\main.c      ****     LCD_Char_1_Position(0,0);
  50              		.loc 1 24 0
  51 0010 0020     		movs	r0, #0
  52 0012 0146     		mov	r1, r0
  53 0014 FFF7FEFF 		bl	LCD_Char_1_Position
  54              	.LVL3:
  25:.\main.c      ****     LCD_Char_1_PrintString("Datos...");
  55              		.loc 1 25 0
  56 0018 1148     		ldr	r0, .L4
  57 001a FFF7FEFF 		bl	LCD_Char_1_PrintString
  58              	.LVL4:
  59              	.L2:
  26:.\main.c      ****     /* Place your initialization/startup code here (e.g. MyInst_Start()) */
  27:.\main.c      ****     for(;;)
  28:.\main.c      ****     {
  29:.\main.c      ****         EMITE_PutChar(dato_enviado);
  60              		.loc 1 29 0 discriminator 1
  61 001e 114C     		ldr	r4, .L4+4
  62 0020 2078     		ldrb	r0, [r4]	@ zero_extendqisi2
  63 0022 FFF7FEFF 		bl	EMITE_PutChar
  64              	.LVL5:
  30:.\main.c      ****         CyDelay(50);
  65              		.loc 1 30 0 discriminator 1
  66 0026 3220     		movs	r0, #50
  67 0028 FFF7FEFF 		bl	CyDelay
  68              	.LVL6:
  31:.\main.c      ****         dato_recibido=RECIBE_GetChar();
  69              		.loc 1 31 0 discriminator 1
  70 002c FFF7FEFF 		bl	RECIBE_GetChar
  71              	.LVL7:
  72 0030 0D4D     		ldr	r5, .L4+8
  73 0032 2870     		strb	r0, [r5]
  32:.\main.c      ****         LCD_Char_1_Position(1,0);
  74              		.loc 1 32 0 discriminator 1
  75 0034 0120     		movs	r0, #1
  76 0036 0021     		movs	r1, #0
  77 0038 FFF7FEFF 		bl	LCD_Char_1_Position
  78              	.LVL8:
  33:.\main.c      ****         LCD_Char_1_PrintInt8(dato_enviado);       
  79              		.loc 1 33 0 discriminator 1
  80 003c 2078     		ldrb	r0, [r4]	@ zero_extendqisi2
  81 003e FFF7FEFF 		bl	LCD_Char_1_PrintInt8
ARM GAS  C:\Users\HENRYA~1\AppData\Local\Temp\ccPo7Iwg.s 			page 3


  82              	.LVL9:
  34:.\main.c      ****         LCD_Char_1_Position(1,5);
  83              		.loc 1 34 0 discriminator 1
  84 0042 0120     		movs	r0, #1
  85 0044 0521     		movs	r1, #5
  86 0046 FFF7FEFF 		bl	LCD_Char_1_Position
  87              	.LVL10:
  35:.\main.c      ****         LCD_Char_1_PrintInt8(dato_recibido); 
  88              		.loc 1 35 0 discriminator 1
  89 004a 2878     		ldrb	r0, [r5]	@ zero_extendqisi2
  90 004c FFF7FEFF 		bl	LCD_Char_1_PrintInt8
  91              	.LVL11:
  36:.\main.c      ****         dato_enviado++;
  92              		.loc 1 36 0 discriminator 1
  93 0050 2378     		ldrb	r3, [r4]	@ zero_extendqisi2
  94 0052 0133     		adds	r3, r3, #1
  95 0054 2370     		strb	r3, [r4]
  37:.\main.c      ****         CyDelay(500);
  96              		.loc 1 37 0 discriminator 1
  97 0056 4FF4FA70 		mov	r0, #500
  98 005a FFF7FEFF 		bl	CyDelay
  99              	.LVL12:
  38:.\main.c      ****     }
 100              		.loc 1 38 0 discriminator 1
 101 005e DEE7     		b	.L2
 102              	.L5:
 103              		.align	2
 104              	.L4:
 105 0060 00000000 		.word	.LC0
 106 0064 00000000 		.word	dato_enviado
 107 0068 00000000 		.word	dato_recibido
 108              		.cfi_endproc
 109              	.LFE63:
 110              		.size	main, .-main
 111              		.comm	dato_recibido,1,1
 112              		.comm	dato_enviado,1,1
 113              		.section	.rodata.str1.4,"aMS",%progbits,1
 114              		.align	2
 115              	.LC0:
 116 0000 4461746F 		.ascii	"Datos...\000"
 116      732E2E2E 
 116      00
 117 0009 000000   		.text
 118              	.Letext0:
 119              		.file 2 "c:\\program files (x86)\\cypress\\psoc creator\\3.3\\psoc creator\\import\\gnu\\arm\\4.9.
 120              		.file 3 "c:\\program files (x86)\\cypress\\psoc creator\\3.3\\psoc creator\\import\\gnu\\arm\\4.9.
 121              		.file 4 "Generated_Source\\PSoC5/cytypes.h"
 122              		.file 5 "Generated_Source\\PSoC5/core_cm3.h"
 123              		.file 6 "Generated_Source\\PSoC5/EMITE.h"
 124              		.file 7 "Generated_Source\\PSoC5/RECIBE.h"
 125              		.file 8 "Generated_Source\\PSoC5/LCD_Char_1.h"
 126              		.file 9 "Generated_Source\\PSoC5/CyLib.h"
 127              		.section	.debug_info,"",%progbits
 128              	.Ldebug_info0:
 129 0000 5B020000 		.4byte	0x25b
 130 0004 0400     		.2byte	0x4
 131 0006 00000000 		.4byte	.Ldebug_abbrev0
ARM GAS  C:\Users\HENRYA~1\AppData\Local\Temp\ccPo7Iwg.s 			page 4


 132 000a 04       		.byte	0x4
 133 000b 01       		.uleb128 0x1
 134 000c 3D010000 		.4byte	.LASF29
 135 0010 01       		.byte	0x1
 136 0011 63000000 		.4byte	.LASF30
 137 0015 19000000 		.4byte	.LASF31
 138 0019 00000000 		.4byte	.Ldebug_ranges0+0
 139 001d 00000000 		.4byte	0
 140 0021 00000000 		.4byte	.Ldebug_line0
 141 0025 02       		.uleb128 0x2
 142 0026 01       		.byte	0x1
 143 0027 06       		.byte	0x6
 144 0028 44020000 		.4byte	.LASF0
 145 002c 02       		.uleb128 0x2
 146 002d 01       		.byte	0x1
 147 002e 08       		.byte	0x8
 148 002f D2000000 		.4byte	.LASF1
 149 0033 02       		.uleb128 0x2
 150 0034 02       		.byte	0x2
 151 0035 05       		.byte	0x5
 152 0036 2B020000 		.4byte	.LASF2
 153 003a 02       		.uleb128 0x2
 154 003b 02       		.byte	0x2
 155 003c 07       		.byte	0x7
 156 003d B2000000 		.4byte	.LASF3
 157 0041 03       		.uleb128 0x3
 158 0042 00000000 		.4byte	.LASF9
 159 0046 02       		.byte	0x2
 160 0047 3F       		.byte	0x3f
 161 0048 4C000000 		.4byte	0x4c
 162 004c 02       		.uleb128 0x2
 163 004d 04       		.byte	0x4
 164 004e 05       		.byte	0x5
 165 004f 3B020000 		.4byte	.LASF4
 166 0053 02       		.uleb128 0x2
 167 0054 04       		.byte	0x4
 168 0055 07       		.byte	0x7
 169 0056 A0000000 		.4byte	.LASF5
 170 005a 02       		.uleb128 0x2
 171 005b 08       		.byte	0x8
 172 005c 05       		.byte	0x5
 173 005d E1010000 		.4byte	.LASF6
 174 0061 02       		.uleb128 0x2
 175 0062 08       		.byte	0x8
 176 0063 07       		.byte	0x7
 177 0064 26010000 		.4byte	.LASF7
 178 0068 04       		.uleb128 0x4
 179 0069 04       		.byte	0x4
 180 006a 05       		.byte	0x5
 181 006b 696E7400 		.ascii	"int\000"
 182 006f 02       		.uleb128 0x2
 183 0070 04       		.byte	0x4
 184 0071 07       		.byte	0x7
 185 0072 19010000 		.4byte	.LASF8
 186 0076 03       		.uleb128 0x3
 187 0077 D0010000 		.4byte	.LASF10
 188 007b 03       		.byte	0x3
ARM GAS  C:\Users\HENRYA~1\AppData\Local\Temp\ccPo7Iwg.s 			page 5


 189 007c 2C       		.byte	0x2c
 190 007d 41000000 		.4byte	0x41
 191 0081 05       		.uleb128 0x5
 192 0082 35020000 		.4byte	.LASF11
 193 0086 04       		.byte	0x4
 194 0087 9201     		.2byte	0x192
 195 0089 2C000000 		.4byte	0x2c
 196 008d 05       		.uleb128 0x5
 197 008e 05010000 		.4byte	.LASF12
 198 0092 04       		.byte	0x4
 199 0093 9401     		.2byte	0x194
 200 0095 53000000 		.4byte	0x53
 201 0099 05       		.uleb128 0x5
 202 009a 00010000 		.4byte	.LASF13
 203 009e 04       		.byte	0x4
 204 009f 9501     		.2byte	0x195
 205 00a1 25000000 		.4byte	0x25
 206 00a5 02       		.uleb128 0x2
 207 00a6 04       		.byte	0x4
 208 00a7 04       		.byte	0x4
 209 00a8 6C000000 		.4byte	.LASF14
 210 00ac 02       		.uleb128 0x2
 211 00ad 08       		.byte	0x8
 212 00ae 04       		.byte	0x4
 213 00af EC000000 		.4byte	.LASF15
 214 00b3 05       		.uleb128 0x5
 215 00b4 9A000000 		.4byte	.LASF16
 216 00b8 04       		.byte	0x4
 217 00b9 A301     		.2byte	0x1a3
 218 00bb BF000000 		.4byte	0xbf
 219 00bf 02       		.uleb128 0x2
 220 00c0 01       		.byte	0x1
 221 00c1 08       		.byte	0x8
 222 00c2 EF010000 		.4byte	.LASF17
 223 00c6 02       		.uleb128 0x2
 224 00c7 04       		.byte	0x4
 225 00c8 07       		.byte	0x7
 226 00c9 D8010000 		.4byte	.LASF18
 227 00cd 06       		.uleb128 0x6
 228 00ce CB010000 		.4byte	.LASF32
 229 00d2 01       		.byte	0x1
 230 00d3 10       		.byte	0x10
 231 00d4 68000000 		.4byte	0x68
 232 00d8 00000000 		.4byte	.LFB63
 233 00dc 6C000000 		.4byte	.LFE63-.LFB63
 234 00e0 01       		.uleb128 0x1
 235 00e1 9C       		.byte	0x9c
 236 00e2 AA010000 		.4byte	0x1aa
 237 00e6 07       		.uleb128 0x7
 238 00e7 08000000 		.4byte	.LVL0
 239 00eb DD010000 		.4byte	0x1dd
 240 00ef 07       		.uleb128 0x7
 241 00f0 0C000000 		.4byte	.LVL1
 242 00f4 E4010000 		.4byte	0x1e4
 243 00f8 07       		.uleb128 0x7
 244 00f9 10000000 		.4byte	.LVL2
 245 00fd EB010000 		.4byte	0x1eb
ARM GAS  C:\Users\HENRYA~1\AppData\Local\Temp\ccPo7Iwg.s 			page 6


 246 0101 08       		.uleb128 0x8
 247 0102 18000000 		.4byte	.LVL3
 248 0106 F2010000 		.4byte	0x1f2
 249 010a 19010000 		.4byte	0x119
 250 010e 09       		.uleb128 0x9
 251 010f 01       		.uleb128 0x1
 252 0110 51       		.byte	0x51
 253 0111 01       		.uleb128 0x1
 254 0112 30       		.byte	0x30
 255 0113 09       		.uleb128 0x9
 256 0114 01       		.uleb128 0x1
 257 0115 50       		.byte	0x50
 258 0116 01       		.uleb128 0x1
 259 0117 30       		.byte	0x30
 260 0118 00       		.byte	0
 261 0119 08       		.uleb128 0x8
 262 011a 1E000000 		.4byte	.LVL4
 263 011e 08020000 		.4byte	0x208
 264 0122 30010000 		.4byte	0x130
 265 0126 09       		.uleb128 0x9
 266 0127 01       		.uleb128 0x1
 267 0128 50       		.byte	0x50
 268 0129 05       		.uleb128 0x5
 269 012a 03       		.byte	0x3
 270 012b 00000000 		.4byte	.LC0
 271 012f 00       		.byte	0
 272 0130 07       		.uleb128 0x7
 273 0131 26000000 		.4byte	.LVL5
 274 0135 24020000 		.4byte	0x224
 275 0139 08       		.uleb128 0x8
 276 013a 2C000000 		.4byte	.LVL6
 277 013e 35020000 		.4byte	0x235
 278 0142 4D010000 		.4byte	0x14d
 279 0146 09       		.uleb128 0x9
 280 0147 01       		.uleb128 0x1
 281 0148 50       		.byte	0x50
 282 0149 02       		.uleb128 0x2
 283 014a 08       		.byte	0x8
 284 014b 32       		.byte	0x32
 285 014c 00       		.byte	0
 286 014d 07       		.uleb128 0x7
 287 014e 30000000 		.4byte	.LVL7
 288 0152 46020000 		.4byte	0x246
 289 0156 08       		.uleb128 0x8
 290 0157 3C000000 		.4byte	.LVL8
 291 015b F2010000 		.4byte	0x1f2
 292 015f 6E010000 		.4byte	0x16e
 293 0163 09       		.uleb128 0x9
 294 0164 01       		.uleb128 0x1
 295 0165 51       		.byte	0x51
 296 0166 01       		.uleb128 0x1
 297 0167 30       		.byte	0x30
 298 0168 09       		.uleb128 0x9
 299 0169 01       		.uleb128 0x1
 300 016a 50       		.byte	0x50
 301 016b 01       		.uleb128 0x1
 302 016c 31       		.byte	0x31
ARM GAS  C:\Users\HENRYA~1\AppData\Local\Temp\ccPo7Iwg.s 			page 7


 303 016d 00       		.byte	0
 304 016e 07       		.uleb128 0x7
 305 016f 42000000 		.4byte	.LVL9
 306 0173 51020000 		.4byte	0x251
 307 0177 08       		.uleb128 0x8
 308 0178 4A000000 		.4byte	.LVL10
 309 017c F2010000 		.4byte	0x1f2
 310 0180 8F010000 		.4byte	0x18f
 311 0184 09       		.uleb128 0x9
 312 0185 01       		.uleb128 0x1
 313 0186 51       		.byte	0x51
 314 0187 01       		.uleb128 0x1
 315 0188 35       		.byte	0x35
 316 0189 09       		.uleb128 0x9
 317 018a 01       		.uleb128 0x1
 318 018b 50       		.byte	0x50
 319 018c 01       		.uleb128 0x1
 320 018d 31       		.byte	0x31
 321 018e 00       		.byte	0
 322 018f 07       		.uleb128 0x7
 323 0190 50000000 		.4byte	.LVL11
 324 0194 51020000 		.4byte	0x251
 325 0198 0A       		.uleb128 0xa
 326 0199 5E000000 		.4byte	.LVL12
 327 019d 35020000 		.4byte	0x235
 328 01a1 09       		.uleb128 0x9
 329 01a2 01       		.uleb128 0x1
 330 01a3 50       		.byte	0x50
 331 01a4 03       		.uleb128 0x3
 332 01a5 0A       		.byte	0xa
 333 01a6 F401     		.2byte	0x1f4
 334 01a8 00       		.byte	0
 335 01a9 00       		.byte	0
 336 01aa 0B       		.uleb128 0xb
 337 01ab C5000000 		.4byte	.LASF19
 338 01af 05       		.byte	0x5
 339 01b0 9606     		.2byte	0x696
 340 01b2 B6010000 		.4byte	0x1b6
 341 01b6 0C       		.uleb128 0xc
 342 01b7 76000000 		.4byte	0x76
 343 01bb 0D       		.uleb128 0xd
 344 01bc 0C010000 		.4byte	.LASF20
 345 01c0 01       		.byte	0x1
 346 01c1 0D       		.byte	0xd
 347 01c2 99000000 		.4byte	0x99
 348 01c6 05       		.uleb128 0x5
 349 01c7 03       		.byte	0x3
 350 01c8 00000000 		.4byte	dato_enviado
 351 01cc 0D       		.uleb128 0xd
 352 01cd 55000000 		.4byte	.LASF21
 353 01d1 01       		.byte	0x1
 354 01d2 0E       		.byte	0xe
 355 01d3 99000000 		.4byte	0x99
 356 01d7 05       		.uleb128 0x5
 357 01d8 03       		.byte	0x3
 358 01d9 00000000 		.4byte	dato_recibido
 359 01dd 0E       		.uleb128 0xe
ARM GAS  C:\Users\HENRYA~1\AppData\Local\Temp\ccPo7Iwg.s 			page 8


 360 01de E0000000 		.4byte	.LASF22
 361 01e2 06       		.byte	0x6
 362 01e3 54       		.byte	0x54
 363 01e4 0E       		.uleb128 0xe
 364 01e5 F3000000 		.4byte	.LASF23
 365 01e9 07       		.byte	0x7
 366 01ea 54       		.byte	0x54
 367 01eb 0E       		.uleb128 0xe
 368 01ec 72000000 		.4byte	.LASF24
 369 01f0 08       		.byte	0x8
 370 01f1 38       		.byte	0x38
 371 01f2 0F       		.uleb128 0xf
 372 01f3 02020000 		.4byte	.LASF25
 373 01f7 08       		.byte	0x8
 374 01f8 3D       		.byte	0x3d
 375 01f9 08020000 		.4byte	0x208
 376 01fd 10       		.uleb128 0x10
 377 01fe 81000000 		.4byte	0x81
 378 0202 10       		.uleb128 0x10
 379 0203 81000000 		.4byte	0x81
 380 0207 00       		.byte	0
 381 0208 0F       		.uleb128 0xf
 382 0209 83000000 		.4byte	.LASF26
 383 020d 08       		.byte	0x8
 384 020e 3C       		.byte	0x3c
 385 020f 19020000 		.4byte	0x219
 386 0213 10       		.uleb128 0x10
 387 0214 19020000 		.4byte	0x219
 388 0218 00       		.byte	0
 389 0219 11       		.uleb128 0x11
 390 021a 04       		.byte	0x4
 391 021b 1F020000 		.4byte	0x21f
 392 021f 12       		.uleb128 0x12
 393 0220 B3000000 		.4byte	0xb3
 394 0224 0F       		.uleb128 0xf
 395 0225 F4010000 		.4byte	.LASF27
 396 0229 06       		.byte	0x6
 397 022a 8A       		.byte	0x8a
 398 022b 35020000 		.4byte	0x235
 399 022f 10       		.uleb128 0x10
 400 0230 81000000 		.4byte	0x81
 401 0234 00       		.byte	0
 402 0235 0F       		.uleb128 0xf
 403 0236 50020000 		.4byte	.LASF28
 404 023a 09       		.byte	0x9
 405 023b 76       		.byte	0x76
 406 023c 46020000 		.4byte	0x246
 407 0240 10       		.uleb128 0x10
 408 0241 8D000000 		.4byte	0x8d
 409 0245 00       		.byte	0
 410 0246 13       		.uleb128 0x13
 411 0247 0A000000 		.4byte	.LASF33
 412 024b 07       		.byte	0x7
 413 024c 71       		.byte	0x71
 414 024d 81000000 		.4byte	0x81
 415 0251 14       		.uleb128 0x14
 416 0252 16020000 		.4byte	.LASF34
ARM GAS  C:\Users\HENRYA~1\AppData\Local\Temp\ccPo7Iwg.s 			page 9


 417 0256 08       		.byte	0x8
 418 0257 5D       		.byte	0x5d
 419 0258 10       		.uleb128 0x10
 420 0259 81000000 		.4byte	0x81
 421 025d 00       		.byte	0
 422 025e 00       		.byte	0
 423              		.section	.debug_abbrev,"",%progbits
 424              	.Ldebug_abbrev0:
 425 0000 01       		.uleb128 0x1
 426 0001 11       		.uleb128 0x11
 427 0002 01       		.byte	0x1
 428 0003 25       		.uleb128 0x25
 429 0004 0E       		.uleb128 0xe
 430 0005 13       		.uleb128 0x13
 431 0006 0B       		.uleb128 0xb
 432 0007 03       		.uleb128 0x3
 433 0008 0E       		.uleb128 0xe
 434 0009 1B       		.uleb128 0x1b
 435 000a 0E       		.uleb128 0xe
 436 000b 55       		.uleb128 0x55
 437 000c 17       		.uleb128 0x17
 438 000d 11       		.uleb128 0x11
 439 000e 01       		.uleb128 0x1
 440 000f 10       		.uleb128 0x10
 441 0010 17       		.uleb128 0x17
 442 0011 00       		.byte	0
 443 0012 00       		.byte	0
 444 0013 02       		.uleb128 0x2
 445 0014 24       		.uleb128 0x24
 446 0015 00       		.byte	0
 447 0016 0B       		.uleb128 0xb
 448 0017 0B       		.uleb128 0xb
 449 0018 3E       		.uleb128 0x3e
 450 0019 0B       		.uleb128 0xb
 451 001a 03       		.uleb128 0x3
 452 001b 0E       		.uleb128 0xe
 453 001c 00       		.byte	0
 454 001d 00       		.byte	0
 455 001e 03       		.uleb128 0x3
 456 001f 16       		.uleb128 0x16
 457 0020 00       		.byte	0
 458 0021 03       		.uleb128 0x3
 459 0022 0E       		.uleb128 0xe
 460 0023 3A       		.uleb128 0x3a
 461 0024 0B       		.uleb128 0xb
 462 0025 3B       		.uleb128 0x3b
 463 0026 0B       		.uleb128 0xb
 464 0027 49       		.uleb128 0x49
 465 0028 13       		.uleb128 0x13
 466 0029 00       		.byte	0
 467 002a 00       		.byte	0
 468 002b 04       		.uleb128 0x4
 469 002c 24       		.uleb128 0x24
 470 002d 00       		.byte	0
 471 002e 0B       		.uleb128 0xb
 472 002f 0B       		.uleb128 0xb
 473 0030 3E       		.uleb128 0x3e
ARM GAS  C:\Users\HENRYA~1\AppData\Local\Temp\ccPo7Iwg.s 			page 10


 474 0031 0B       		.uleb128 0xb
 475 0032 03       		.uleb128 0x3
 476 0033 08       		.uleb128 0x8
 477 0034 00       		.byte	0
 478 0035 00       		.byte	0
 479 0036 05       		.uleb128 0x5
 480 0037 16       		.uleb128 0x16
 481 0038 00       		.byte	0
 482 0039 03       		.uleb128 0x3
 483 003a 0E       		.uleb128 0xe
 484 003b 3A       		.uleb128 0x3a
 485 003c 0B       		.uleb128 0xb
 486 003d 3B       		.uleb128 0x3b
 487 003e 05       		.uleb128 0x5
 488 003f 49       		.uleb128 0x49
 489 0040 13       		.uleb128 0x13
 490 0041 00       		.byte	0
 491 0042 00       		.byte	0
 492 0043 06       		.uleb128 0x6
 493 0044 2E       		.uleb128 0x2e
 494 0045 01       		.byte	0x1
 495 0046 3F       		.uleb128 0x3f
 496 0047 19       		.uleb128 0x19
 497 0048 03       		.uleb128 0x3
 498 0049 0E       		.uleb128 0xe
 499 004a 3A       		.uleb128 0x3a
 500 004b 0B       		.uleb128 0xb
 501 004c 3B       		.uleb128 0x3b
 502 004d 0B       		.uleb128 0xb
 503 004e 49       		.uleb128 0x49
 504 004f 13       		.uleb128 0x13
 505 0050 11       		.uleb128 0x11
 506 0051 01       		.uleb128 0x1
 507 0052 12       		.uleb128 0x12
 508 0053 06       		.uleb128 0x6
 509 0054 40       		.uleb128 0x40
 510 0055 18       		.uleb128 0x18
 511 0056 9742     		.uleb128 0x2117
 512 0058 19       		.uleb128 0x19
 513 0059 01       		.uleb128 0x1
 514 005a 13       		.uleb128 0x13
 515 005b 00       		.byte	0
 516 005c 00       		.byte	0
 517 005d 07       		.uleb128 0x7
 518 005e 898201   		.uleb128 0x4109
 519 0061 00       		.byte	0
 520 0062 11       		.uleb128 0x11
 521 0063 01       		.uleb128 0x1
 522 0064 31       		.uleb128 0x31
 523 0065 13       		.uleb128 0x13
 524 0066 00       		.byte	0
 525 0067 00       		.byte	0
 526 0068 08       		.uleb128 0x8
 527 0069 898201   		.uleb128 0x4109
 528 006c 01       		.byte	0x1
 529 006d 11       		.uleb128 0x11
 530 006e 01       		.uleb128 0x1
ARM GAS  C:\Users\HENRYA~1\AppData\Local\Temp\ccPo7Iwg.s 			page 11


 531 006f 31       		.uleb128 0x31
 532 0070 13       		.uleb128 0x13
 533 0071 01       		.uleb128 0x1
 534 0072 13       		.uleb128 0x13
 535 0073 00       		.byte	0
 536 0074 00       		.byte	0
 537 0075 09       		.uleb128 0x9
 538 0076 8A8201   		.uleb128 0x410a
 539 0079 00       		.byte	0
 540 007a 02       		.uleb128 0x2
 541 007b 18       		.uleb128 0x18
 542 007c 9142     		.uleb128 0x2111
 543 007e 18       		.uleb128 0x18
 544 007f 00       		.byte	0
 545 0080 00       		.byte	0
 546 0081 0A       		.uleb128 0xa
 547 0082 898201   		.uleb128 0x4109
 548 0085 01       		.byte	0x1
 549 0086 11       		.uleb128 0x11
 550 0087 01       		.uleb128 0x1
 551 0088 31       		.uleb128 0x31
 552 0089 13       		.uleb128 0x13
 553 008a 00       		.byte	0
 554 008b 00       		.byte	0
 555 008c 0B       		.uleb128 0xb
 556 008d 34       		.uleb128 0x34
 557 008e 00       		.byte	0
 558 008f 03       		.uleb128 0x3
 559 0090 0E       		.uleb128 0xe
 560 0091 3A       		.uleb128 0x3a
 561 0092 0B       		.uleb128 0xb
 562 0093 3B       		.uleb128 0x3b
 563 0094 05       		.uleb128 0x5
 564 0095 49       		.uleb128 0x49
 565 0096 13       		.uleb128 0x13
 566 0097 3F       		.uleb128 0x3f
 567 0098 19       		.uleb128 0x19
 568 0099 3C       		.uleb128 0x3c
 569 009a 19       		.uleb128 0x19
 570 009b 00       		.byte	0
 571 009c 00       		.byte	0
 572 009d 0C       		.uleb128 0xc
 573 009e 35       		.uleb128 0x35
 574 009f 00       		.byte	0
 575 00a0 49       		.uleb128 0x49
 576 00a1 13       		.uleb128 0x13
 577 00a2 00       		.byte	0
 578 00a3 00       		.byte	0
 579 00a4 0D       		.uleb128 0xd
 580 00a5 34       		.uleb128 0x34
 581 00a6 00       		.byte	0
 582 00a7 03       		.uleb128 0x3
 583 00a8 0E       		.uleb128 0xe
 584 00a9 3A       		.uleb128 0x3a
 585 00aa 0B       		.uleb128 0xb
 586 00ab 3B       		.uleb128 0x3b
 587 00ac 0B       		.uleb128 0xb
ARM GAS  C:\Users\HENRYA~1\AppData\Local\Temp\ccPo7Iwg.s 			page 12


 588 00ad 49       		.uleb128 0x49
 589 00ae 13       		.uleb128 0x13
 590 00af 3F       		.uleb128 0x3f
 591 00b0 19       		.uleb128 0x19
 592 00b1 02       		.uleb128 0x2
 593 00b2 18       		.uleb128 0x18
 594 00b3 00       		.byte	0
 595 00b4 00       		.byte	0
 596 00b5 0E       		.uleb128 0xe
 597 00b6 2E       		.uleb128 0x2e
 598 00b7 00       		.byte	0
 599 00b8 3F       		.uleb128 0x3f
 600 00b9 19       		.uleb128 0x19
 601 00ba 03       		.uleb128 0x3
 602 00bb 0E       		.uleb128 0xe
 603 00bc 3A       		.uleb128 0x3a
 604 00bd 0B       		.uleb128 0xb
 605 00be 3B       		.uleb128 0x3b
 606 00bf 0B       		.uleb128 0xb
 607 00c0 27       		.uleb128 0x27
 608 00c1 19       		.uleb128 0x19
 609 00c2 3C       		.uleb128 0x3c
 610 00c3 19       		.uleb128 0x19
 611 00c4 00       		.byte	0
 612 00c5 00       		.byte	0
 613 00c6 0F       		.uleb128 0xf
 614 00c7 2E       		.uleb128 0x2e
 615 00c8 01       		.byte	0x1
 616 00c9 3F       		.uleb128 0x3f
 617 00ca 19       		.uleb128 0x19
 618 00cb 03       		.uleb128 0x3
 619 00cc 0E       		.uleb128 0xe
 620 00cd 3A       		.uleb128 0x3a
 621 00ce 0B       		.uleb128 0xb
 622 00cf 3B       		.uleb128 0x3b
 623 00d0 0B       		.uleb128 0xb
 624 00d1 27       		.uleb128 0x27
 625 00d2 19       		.uleb128 0x19
 626 00d3 3C       		.uleb128 0x3c
 627 00d4 19       		.uleb128 0x19
 628 00d5 01       		.uleb128 0x1
 629 00d6 13       		.uleb128 0x13
 630 00d7 00       		.byte	0
 631 00d8 00       		.byte	0
 632 00d9 10       		.uleb128 0x10
 633 00da 05       		.uleb128 0x5
 634 00db 00       		.byte	0
 635 00dc 49       		.uleb128 0x49
 636 00dd 13       		.uleb128 0x13
 637 00de 00       		.byte	0
 638 00df 00       		.byte	0
 639 00e0 11       		.uleb128 0x11
 640 00e1 0F       		.uleb128 0xf
 641 00e2 00       		.byte	0
 642 00e3 0B       		.uleb128 0xb
 643 00e4 0B       		.uleb128 0xb
 644 00e5 49       		.uleb128 0x49
ARM GAS  C:\Users\HENRYA~1\AppData\Local\Temp\ccPo7Iwg.s 			page 13


 645 00e6 13       		.uleb128 0x13
 646 00e7 00       		.byte	0
 647 00e8 00       		.byte	0
 648 00e9 12       		.uleb128 0x12
 649 00ea 26       		.uleb128 0x26
 650 00eb 00       		.byte	0
 651 00ec 49       		.uleb128 0x49
 652 00ed 13       		.uleb128 0x13
 653 00ee 00       		.byte	0
 654 00ef 00       		.byte	0
 655 00f0 13       		.uleb128 0x13
 656 00f1 2E       		.uleb128 0x2e
 657 00f2 00       		.byte	0
 658 00f3 3F       		.uleb128 0x3f
 659 00f4 19       		.uleb128 0x19
 660 00f5 03       		.uleb128 0x3
 661 00f6 0E       		.uleb128 0xe
 662 00f7 3A       		.uleb128 0x3a
 663 00f8 0B       		.uleb128 0xb
 664 00f9 3B       		.uleb128 0x3b
 665 00fa 0B       		.uleb128 0xb
 666 00fb 27       		.uleb128 0x27
 667 00fc 19       		.uleb128 0x19
 668 00fd 49       		.uleb128 0x49
 669 00fe 13       		.uleb128 0x13
 670 00ff 3C       		.uleb128 0x3c
 671 0100 19       		.uleb128 0x19
 672 0101 00       		.byte	0
 673 0102 00       		.byte	0
 674 0103 14       		.uleb128 0x14
 675 0104 2E       		.uleb128 0x2e
 676 0105 01       		.byte	0x1
 677 0106 3F       		.uleb128 0x3f
 678 0107 19       		.uleb128 0x19
 679 0108 03       		.uleb128 0x3
 680 0109 0E       		.uleb128 0xe
 681 010a 3A       		.uleb128 0x3a
 682 010b 0B       		.uleb128 0xb
 683 010c 3B       		.uleb128 0x3b
 684 010d 0B       		.uleb128 0xb
 685 010e 27       		.uleb128 0x27
 686 010f 19       		.uleb128 0x19
 687 0110 3C       		.uleb128 0x3c
 688 0111 19       		.uleb128 0x19
 689 0112 00       		.byte	0
 690 0113 00       		.byte	0
 691 0114 00       		.byte	0
 692              		.section	.debug_aranges,"",%progbits
 693 0000 1C000000 		.4byte	0x1c
 694 0004 0200     		.2byte	0x2
 695 0006 00000000 		.4byte	.Ldebug_info0
 696 000a 04       		.byte	0x4
 697 000b 00       		.byte	0
 698 000c 0000     		.2byte	0
 699 000e 0000     		.2byte	0
 700 0010 00000000 		.4byte	.LFB63
 701 0014 6C000000 		.4byte	.LFE63-.LFB63
ARM GAS  C:\Users\HENRYA~1\AppData\Local\Temp\ccPo7Iwg.s 			page 14


 702 0018 00000000 		.4byte	0
 703 001c 00000000 		.4byte	0
 704              		.section	.debug_ranges,"",%progbits
 705              	.Ldebug_ranges0:
 706 0000 00000000 		.4byte	.LFB63
 707 0004 6C000000 		.4byte	.LFE63
 708 0008 00000000 		.4byte	0
 709 000c 00000000 		.4byte	0
 710              		.section	.debug_line,"",%progbits
 711              	.Ldebug_line0:
 712 0000 C8010000 		.section	.debug_str,"MS",%progbits,1
 712      02007B01 
 712      00000201 
 712      FB0E0D00 
 712      01010101 
 713              	.LASF9:
 714 0000 5F5F696E 		.ascii	"__int32_t\000"
 714      7433325F 
 714      7400
 715              	.LASF33:
 716 000a 52454349 		.ascii	"RECIBE_GetChar\000"
 716      42455F47 
 716      65744368 
 716      617200
 717              	.LASF31:
 718 0019 433A5C55 		.ascii	"C:\\Users\\Henry Alberto\\Desktop\\Protocolos\\Half"
 718      73657273 
 718      5C48656E 
 718      72792041 
 718      6C626572 
 719 0047 5F4E6F64 		.ascii	"_Nodo_1.cydsn\000"
 719      6F5F312E 
 719      63796473 
 719      6E00
 720              	.LASF21:
 721 0055 6461746F 		.ascii	"dato_recibido\000"
 721      5F726563 
 721      69626964 
 721      6F00
 722              	.LASF30:
 723 0063 2E5C6D61 		.ascii	".\\main.c\000"
 723      696E2E63 
 723      00
 724              	.LASF14:
 725 006c 666C6F61 		.ascii	"float\000"
 725      7400
 726              	.LASF24:
 727 0072 4C43445F 		.ascii	"LCD_Char_1_Start\000"
 727      43686172 
 727      5F315F53 
 727      74617274 
 727      00
 728              	.LASF26:
 729 0083 4C43445F 		.ascii	"LCD_Char_1_PrintString\000"
 729      43686172 
 729      5F315F50 
 729      72696E74 
ARM GAS  C:\Users\HENRYA~1\AppData\Local\Temp\ccPo7Iwg.s 			page 15


 729      53747269 
 730              	.LASF16:
 731 009a 63686172 		.ascii	"char8\000"
 731      3800
 732              	.LASF5:
 733 00a0 6C6F6E67 		.ascii	"long unsigned int\000"
 733      20756E73 
 733      69676E65 
 733      6420696E 
 733      7400
 734              	.LASF3:
 735 00b2 73686F72 		.ascii	"short unsigned int\000"
 735      7420756E 
 735      7369676E 
 735      65642069 
 735      6E7400
 736              	.LASF19:
 737 00c5 49544D5F 		.ascii	"ITM_RxBuffer\000"
 737      52784275 
 737      66666572 
 737      00
 738              	.LASF1:
 739 00d2 756E7369 		.ascii	"unsigned char\000"
 739      676E6564 
 739      20636861 
 739      7200
 740              	.LASF22:
 741 00e0 454D4954 		.ascii	"EMITE_Start\000"
 741      455F5374 
 741      61727400 
 742              	.LASF15:
 743 00ec 646F7562 		.ascii	"double\000"
 743      6C6500
 744              	.LASF23:
 745 00f3 52454349 		.ascii	"RECIBE_Start\000"
 745      42455F53 
 745      74617274 
 745      00
 746              	.LASF13:
 747 0100 696E7438 		.ascii	"int8\000"
 747      00
 748              	.LASF12:
 749 0105 75696E74 		.ascii	"uint32\000"
 749      333200
 750              	.LASF20:
 751 010c 6461746F 		.ascii	"dato_enviado\000"
 751      5F656E76 
 751      6961646F 
 751      00
 752              	.LASF8:
 753 0119 756E7369 		.ascii	"unsigned int\000"
 753      676E6564 
 753      20696E74 
 753      00
 754              	.LASF7:
 755 0126 6C6F6E67 		.ascii	"long long unsigned int\000"
 755      206C6F6E 
ARM GAS  C:\Users\HENRYA~1\AppData\Local\Temp\ccPo7Iwg.s 			page 16


 755      6720756E 
 755      7369676E 
 755      65642069 
 756              	.LASF29:
 757 013d 474E5520 		.ascii	"GNU C 4.9.3 20150303 (release) [ARM/embedded-4_9-br"
 757      4320342E 
 757      392E3320 
 757      32303135 
 757      30333033 
 758 0170 616E6368 		.ascii	"anch revision 221220] -mcpu=cortex-m3 -mthumb -g -O"
 758      20726576 
 758      6973696F 
 758      6E203232 
 758      31323230 
 759 01a3 67202D66 		.ascii	"g -ffunction-sections -ffat-lto-objects\000"
 759      66756E63 
 759      74696F6E 
 759      2D736563 
 759      74696F6E 
 760              	.LASF32:
 761 01cb 6D61696E 		.ascii	"main\000"
 761      00
 762              	.LASF10:
 763 01d0 696E7433 		.ascii	"int32_t\000"
 763      325F7400 
 764              	.LASF18:
 765 01d8 73697A65 		.ascii	"sizetype\000"
 765      74797065 
 765      00
 766              	.LASF6:
 767 01e1 6C6F6E67 		.ascii	"long long int\000"
 767      206C6F6E 
 767      6720696E 
 767      7400
 768              	.LASF17:
 769 01ef 63686172 		.ascii	"char\000"
 769      00
 770              	.LASF27:
 771 01f4 454D4954 		.ascii	"EMITE_PutChar\000"
 771      455F5075 
 771      74436861 
 771      7200
 772              	.LASF25:
 773 0202 4C43445F 		.ascii	"LCD_Char_1_Position\000"
 773      43686172 
 773      5F315F50 
 773      6F736974 
 773      696F6E00 
 774              	.LASF34:
 775 0216 4C43445F 		.ascii	"LCD_Char_1_PrintInt8\000"
 775      43686172 
 775      5F315F50 
 775      72696E74 
 775      496E7438 
 776              	.LASF2:
 777 022b 73686F72 		.ascii	"short int\000"
 777      7420696E 
ARM GAS  C:\Users\HENRYA~1\AppData\Local\Temp\ccPo7Iwg.s 			page 17


 777      7400
 778              	.LASF11:
 779 0235 75696E74 		.ascii	"uint8\000"
 779      3800
 780              	.LASF4:
 781 023b 6C6F6E67 		.ascii	"long int\000"
 781      20696E74 
 781      00
 782              	.LASF0:
 783 0244 7369676E 		.ascii	"signed char\000"
 783      65642063 
 783      68617200 
 784              	.LASF28:
 785 0250 43794465 		.ascii	"CyDelay\000"
 785      6C617900 
 786              		.ident	"GCC: (GNU Tools for ARM Embedded Processors) 4.9.3 20150303 (release) [ARM/embedded-4_9-br
