ARM GAS  C:\Users\HENRYA~1\AppData\Local\Temp\ccP8Xzoe.s 			page 1


   1              		.syntax unified
   2              		.cpu cortex-m3
   3              		.fpu softvfp
   4              		.eabi_attribute 20, 1
   5              		.eabi_attribute 21, 1
   6              		.eabi_attribute 23, 3
   7              		.eabi_attribute 24, 1
   8              		.eabi_attribute 25, 1
   9              		.eabi_attribute 26, 1
  10              		.eabi_attribute 30, 1
  11              		.eabi_attribute 34, 1
  12              		.eabi_attribute 18, 4
  13              		.thumb
  14              		.file	"main.c"
  15              		.text
  16              	.Ltext0:
  17              		.cfi_sections	.debug_frame
  18              		.section	.text.main,"ax",%progbits
  19              		.align	2
  20              		.global	main
  21              		.thumb
  22              		.thumb_func
  23              		.type	main, %function
  24              	main:
  25              	.LFB63:
  26              		.file 1 ".\\main.c"
   1:.\main.c      **** /* ========================================
   2:.\main.c      ****  *
   3:.\main.c      ****  * Copyright YOUR COMPANY, THE YEAR
   4:.\main.c      ****  * All Rights Reserved
   5:.\main.c      ****  * UNPUBLISHED, LICENSED SOFTWARE.
   6:.\main.c      ****  *
   7:.\main.c      ****  * CONFIDENTIAL AND PROPRIETARY INFORMATION
   8:.\main.c      ****  * WHICH IS THE PROPERTY OF your company.
   9:.\main.c      ****  *
  10:.\main.c      ****  * ========================================
  11:.\main.c      **** */
  12:.\main.c      **** #include <project.h>
  13:.\main.c      **** uint8 dato_enviado;
  14:.\main.c      **** uint8 dato_recibido;
  15:.\main.c      **** 
  16:.\main.c      **** int main()
  17:.\main.c      **** {
  27              		.loc 1 17 0
  28              		.cfi_startproc
  29              		@ Volatile: function does not return.
  30              		@ args = 0, pretend = 0, frame = 0
  31              		@ frame_needed = 0, uses_anonymous_args = 0
  32 0000 08B5     		push	{r3, lr}
  33              		.cfi_def_cfa_offset 8
  34              		.cfi_offset 3, -8
  35              		.cfi_offset 14, -4
  18:.\main.c      ****     CyGlobalIntEnable; /* Enable global interrupts. */
  36              		.loc 1 18 0
  37              	@ 18 ".\main.c" 1
  38 0002 62B6     		CPSIE   i
  39              	@ 0 "" 2
ARM GAS  C:\Users\HENRYA~1\AppData\Local\Temp\ccP8Xzoe.s 			page 2


  19:.\main.c      ****     TX_CAN_Start();
  40              		.loc 1 19 0
  41              		.thumb
  42 0004 FFF7FEFF 		bl	TX_CAN_Start
  43              	.LVL0:
  20:.\main.c      ****     LCD_Char_1_Start();
  44              		.loc 1 20 0
  45 0008 FFF7FEFF 		bl	LCD_Char_1_Start
  46              	.LVL1:
  21:.\main.c      ****     LCD_Char_1_Position(0,0);
  47              		.loc 1 21 0
  48 000c 0020     		movs	r0, #0
  49 000e 0146     		mov	r1, r0
  50 0010 FFF7FEFF 		bl	LCD_Char_1_Position
  51              	.LVL2:
  22:.\main.c      ****     LCD_Char_1_PrintString("Enviando...");
  52              		.loc 1 22 0
  53 0014 0F48     		ldr	r0, .L4
  54 0016 FFF7FEFF 		bl	LCD_Char_1_PrintString
  55              	.LVL3:
  56              	.L2:
  23:.\main.c      ****     for(;;)
  24:.\main.c      ****     {
  25:.\main.c      ****         TX_CAN_SendMsg0();
  57              		.loc 1 25 0 discriminator 1
  58 001a FFF7FEFF 		bl	TX_CAN_SendMsg0
  59              	.LVL4:
  26:.\main.c      ****         CyDelay(10);
  60              		.loc 1 26 0 discriminator 1
  61 001e 0A20     		movs	r0, #10
  62 0020 FFF7FEFF 		bl	CyDelay
  63              	.LVL5:
  27:.\main.c      ****         LCD_Char_1_Position(1,0);
  64              		.loc 1 27 0 discriminator 1
  65 0024 0120     		movs	r0, #1
  66 0026 0021     		movs	r1, #0
  67 0028 FFF7FEFF 		bl	LCD_Char_1_Position
  68              	.LVL6:
  28:.\main.c      ****         LCD_Char_1_PrintHexUint8(dato_enviado);     
  69              		.loc 1 28 0 discriminator 1
  70 002c 0A4C     		ldr	r4, .L4+4
  71 002e 2078     		ldrb	r0, [r4]	@ zero_extendqisi2
  72 0030 FFF7FEFF 		bl	LCD_Char_1_PrintInt8
  73              	.LVL7:
  29:.\main.c      ****         LCD_Char_1_Position(1,5);
  74              		.loc 1 29 0 discriminator 1
  75 0034 0120     		movs	r0, #1
  76 0036 0521     		movs	r1, #5
  77 0038 FFF7FEFF 		bl	LCD_Char_1_Position
  78              	.LVL8:
  30:.\main.c      ****         LCD_Char_1_PrintHexUint8(dato_recibido);  
  79              		.loc 1 30 0 discriminator 1
  80 003c 074B     		ldr	r3, .L4+8
  81 003e 1878     		ldrb	r0, [r3]	@ zero_extendqisi2
  82 0040 FFF7FEFF 		bl	LCD_Char_1_PrintInt8
  83              	.LVL9:
  31:.\main.c      ****         CyDelay(1000);
ARM GAS  C:\Users\HENRYA~1\AppData\Local\Temp\ccP8Xzoe.s 			page 3


  84              		.loc 1 31 0 discriminator 1
  85 0044 4FF47A70 		mov	r0, #1000
  86 0048 FFF7FEFF 		bl	CyDelay
  87              	.LVL10:
  32:.\main.c      ****         dato_enviado++;
  88              		.loc 1 32 0 discriminator 1
  89 004c 2378     		ldrb	r3, [r4]	@ zero_extendqisi2
  90 004e 0133     		adds	r3, r3, #1
  91 0050 2370     		strb	r3, [r4]
  33:.\main.c      ****     }
  92              		.loc 1 33 0 discriminator 1
  93 0052 E2E7     		b	.L2
  94              	.L5:
  95              		.align	2
  96              	.L4:
  97 0054 00000000 		.word	.LC0
  98 0058 00000000 		.word	dato_enviado
  99 005c 00000000 		.word	dato_recibido
 100              		.cfi_endproc
 101              	.LFE63:
 102              		.size	main, .-main
 103              		.comm	dato_recibido,1,1
 104              		.comm	dato_enviado,1,1
 105              		.section	.rodata.str1.4,"aMS",%progbits,1
 106              		.align	2
 107              	.LC0:
 108 0000 456E7669 		.ascii	"Enviando...\000"
 108      616E646F 
 108      2E2E2E00 
 109              		.text
 110              	.Letext0:
 111              		.file 2 "c:\\program files (x86)\\cypress\\psoc creator\\3.3\\psoc creator\\import\\gnu\\arm\\4.9.
 112              		.file 3 "c:\\program files (x86)\\cypress\\psoc creator\\3.3\\psoc creator\\import\\gnu\\arm\\4.9.
 113              		.file 4 "Generated_Source\\PSoC5/cytypes.h"
 114              		.file 5 "Generated_Source\\PSoC5/core_cm3.h"
 115              		.file 6 "Generated_Source\\PSoC5/LCD_Char_1.h"
 116              		.file 7 "Generated_Source\\PSoC5/TX_CAN.h"
 117              		.file 8 "Generated_Source\\PSoC5/CyLib.h"
 118              		.section	.debug_info,"",%progbits
 119              	.Ldebug_info0:
 120 0000 29020000 		.4byte	0x229
 121 0004 0400     		.2byte	0x4
 122 0006 00000000 		.4byte	.Ldebug_abbrev0
 123 000a 04       		.byte	0x4
 124 000b 01       		.uleb128 0x1
 125 000c 3F010000 		.4byte	.LASF26
 126 0010 01       		.byte	0x1
 127 0011 18000000 		.4byte	.LASF27
 128 0015 F6000000 		.4byte	.LASF28
 129 0019 00000000 		.4byte	.Ldebug_ranges0+0
 130 001d 00000000 		.4byte	0
 131 0021 00000000 		.4byte	.Ldebug_line0
 132 0025 02       		.uleb128 0x2
 133 0026 01       		.byte	0x1
 134 0027 06       		.byte	0x6
 135 0028 33020000 		.4byte	.LASF0
 136 002c 02       		.uleb128 0x2
ARM GAS  C:\Users\HENRYA~1\AppData\Local\Temp\ccP8Xzoe.s 			page 4


 137 002d 01       		.byte	0x1
 138 002e 08       		.byte	0x8
 139 002f A4000000 		.4byte	.LASF1
 140 0033 02       		.uleb128 0x2
 141 0034 02       		.byte	0x2
 142 0035 05       		.byte	0x5
 143 0036 1A020000 		.4byte	.LASF2
 144 003a 02       		.uleb128 0x2
 145 003b 02       		.byte	0x2
 146 003c 07       		.byte	0x7
 147 003d 84000000 		.4byte	.LASF3
 148 0041 03       		.uleb128 0x3
 149 0042 00000000 		.4byte	.LASF9
 150 0046 02       		.byte	0x2
 151 0047 3F       		.byte	0x3f
 152 0048 4C000000 		.4byte	0x4c
 153 004c 02       		.uleb128 0x2
 154 004d 04       		.byte	0x4
 155 004e 05       		.byte	0x5
 156 004f 2A020000 		.4byte	.LASF4
 157 0053 02       		.uleb128 0x2
 158 0054 04       		.byte	0x4
 159 0055 07       		.byte	0x7
 160 0056 62000000 		.4byte	.LASF5
 161 005a 02       		.uleb128 0x2
 162 005b 08       		.byte	0x8
 163 005c 05       		.byte	0x5
 164 005d DE010000 		.4byte	.LASF6
 165 0061 02       		.uleb128 0x2
 166 0062 08       		.byte	0x8
 167 0063 07       		.byte	0x7
 168 0064 DF000000 		.4byte	.LASF7
 169 0068 04       		.uleb128 0x4
 170 0069 04       		.byte	0x4
 171 006a 05       		.byte	0x5
 172 006b 696E7400 		.ascii	"int\000"
 173 006f 02       		.uleb128 0x2
 174 0070 04       		.byte	0x4
 175 0071 07       		.byte	0x7
 176 0072 D2000000 		.4byte	.LASF8
 177 0076 03       		.uleb128 0x3
 178 0077 CD010000 		.4byte	.LASF10
 179 007b 03       		.byte	0x3
 180 007c 2C       		.byte	0x2c
 181 007d 41000000 		.4byte	0x41
 182 0081 05       		.uleb128 0x5
 183 0082 24020000 		.4byte	.LASF11
 184 0086 04       		.byte	0x4
 185 0087 9201     		.2byte	0x192
 186 0089 2C000000 		.4byte	0x2c
 187 008d 05       		.uleb128 0x5
 188 008e BE000000 		.4byte	.LASF12
 189 0092 04       		.byte	0x4
 190 0093 9401     		.2byte	0x194
 191 0095 53000000 		.4byte	0x53
 192 0099 02       		.uleb128 0x2
 193 009a 04       		.byte	0x4
ARM GAS  C:\Users\HENRYA~1\AppData\Local\Temp\ccP8Xzoe.s 			page 5


 194 009b 04       		.byte	0x4
 195 009c 2E000000 		.4byte	.LASF13
 196 00a0 02       		.uleb128 0x2
 197 00a1 08       		.byte	0x8
 198 00a2 04       		.byte	0x4
 199 00a3 B2000000 		.4byte	.LASF14
 200 00a7 05       		.uleb128 0x5
 201 00a8 5C000000 		.4byte	.LASF15
 202 00ac 04       		.byte	0x4
 203 00ad A301     		.2byte	0x1a3
 204 00af B3000000 		.4byte	0xb3
 205 00b3 02       		.uleb128 0x2
 206 00b4 01       		.byte	0x1
 207 00b5 08       		.byte	0x8
 208 00b6 EC010000 		.4byte	.LASF16
 209 00ba 02       		.uleb128 0x2
 210 00bb 04       		.byte	0x4
 211 00bc 07       		.byte	0x7
 212 00bd D5010000 		.4byte	.LASF17
 213 00c1 06       		.uleb128 0x6
 214 00c2 B9000000 		.4byte	.LASF29
 215 00c6 01       		.byte	0x1
 216 00c7 10       		.byte	0x10
 217 00c8 68000000 		.4byte	0x68
 218 00cc 00000000 		.4byte	.LFB63
 219 00d0 60000000 		.4byte	.LFE63-.LFB63
 220 00d4 01       		.uleb128 0x1
 221 00d5 9C       		.byte	0x9c
 222 00d6 8B010000 		.4byte	0x18b
 223 00da 07       		.uleb128 0x7
 224 00db 08000000 		.4byte	.LVL0
 225 00df BE010000 		.4byte	0x1be
 226 00e3 07       		.uleb128 0x7
 227 00e4 0C000000 		.4byte	.LVL1
 228 00e8 C9010000 		.4byte	0x1c9
 229 00ec 08       		.uleb128 0x8
 230 00ed 14000000 		.4byte	.LVL2
 231 00f1 D0010000 		.4byte	0x1d0
 232 00f5 04010000 		.4byte	0x104
 233 00f9 09       		.uleb128 0x9
 234 00fa 01       		.uleb128 0x1
 235 00fb 51       		.byte	0x51
 236 00fc 01       		.uleb128 0x1
 237 00fd 30       		.byte	0x30
 238 00fe 09       		.uleb128 0x9
 239 00ff 01       		.uleb128 0x1
 240 0100 50       		.byte	0x50
 241 0101 01       		.uleb128 0x1
 242 0102 30       		.byte	0x30
 243 0103 00       		.byte	0
 244 0104 08       		.uleb128 0x8
 245 0105 1A000000 		.4byte	.LVL3
 246 0109 E6010000 		.4byte	0x1e6
 247 010d 1B010000 		.4byte	0x11b
 248 0111 09       		.uleb128 0x9
 249 0112 01       		.uleb128 0x1
 250 0113 50       		.byte	0x50
ARM GAS  C:\Users\HENRYA~1\AppData\Local\Temp\ccP8Xzoe.s 			page 6


 251 0114 05       		.uleb128 0x5
 252 0115 03       		.byte	0x3
 253 0116 00000000 		.4byte	.LC0
 254 011a 00       		.byte	0
 255 011b 07       		.uleb128 0x7
 256 011c 1E000000 		.4byte	.LVL4
 257 0120 02020000 		.4byte	0x202
 258 0124 08       		.uleb128 0x8
 259 0125 24000000 		.4byte	.LVL5
 260 0129 0E020000 		.4byte	0x20e
 261 012d 37010000 		.4byte	0x137
 262 0131 09       		.uleb128 0x9
 263 0132 01       		.uleb128 0x1
 264 0133 50       		.byte	0x50
 265 0134 01       		.uleb128 0x1
 266 0135 3A       		.byte	0x3a
 267 0136 00       		.byte	0
 268 0137 08       		.uleb128 0x8
 269 0138 2C000000 		.4byte	.LVL6
 270 013c D0010000 		.4byte	0x1d0
 271 0140 4F010000 		.4byte	0x14f
 272 0144 09       		.uleb128 0x9
 273 0145 01       		.uleb128 0x1
 274 0146 51       		.byte	0x51
 275 0147 01       		.uleb128 0x1
 276 0148 30       		.byte	0x30
 277 0149 09       		.uleb128 0x9
 278 014a 01       		.uleb128 0x1
 279 014b 50       		.byte	0x50
 280 014c 01       		.uleb128 0x1
 281 014d 31       		.byte	0x31
 282 014e 00       		.byte	0
 283 014f 07       		.uleb128 0x7
 284 0150 34000000 		.4byte	.LVL7
 285 0154 1F020000 		.4byte	0x21f
 286 0158 08       		.uleb128 0x8
 287 0159 3C000000 		.4byte	.LVL8
 288 015d D0010000 		.4byte	0x1d0
 289 0161 70010000 		.4byte	0x170
 290 0165 09       		.uleb128 0x9
 291 0166 01       		.uleb128 0x1
 292 0167 51       		.byte	0x51
 293 0168 01       		.uleb128 0x1
 294 0169 35       		.byte	0x35
 295 016a 09       		.uleb128 0x9
 296 016b 01       		.uleb128 0x1
 297 016c 50       		.byte	0x50
 298 016d 01       		.uleb128 0x1
 299 016e 31       		.byte	0x31
 300 016f 00       		.byte	0
 301 0170 07       		.uleb128 0x7
 302 0171 44000000 		.4byte	.LVL9
 303 0175 1F020000 		.4byte	0x21f
 304 0179 0A       		.uleb128 0xa
 305 017a 4C000000 		.4byte	.LVL10
 306 017e 0E020000 		.4byte	0x20e
 307 0182 09       		.uleb128 0x9
ARM GAS  C:\Users\HENRYA~1\AppData\Local\Temp\ccP8Xzoe.s 			page 7


 308 0183 01       		.uleb128 0x1
 309 0184 50       		.byte	0x50
 310 0185 03       		.uleb128 0x3
 311 0186 0A       		.byte	0xa
 312 0187 E803     		.2byte	0x3e8
 313 0189 00       		.byte	0
 314 018a 00       		.byte	0
 315 018b 0B       		.uleb128 0xb
 316 018c 97000000 		.4byte	.LASF18
 317 0190 05       		.byte	0x5
 318 0191 9606     		.2byte	0x696
 319 0193 97010000 		.4byte	0x197
 320 0197 0C       		.uleb128 0xc
 321 0198 76000000 		.4byte	0x76
 322 019c 0D       		.uleb128 0xd
 323 019d C5000000 		.4byte	.LASF19
 324 01a1 01       		.byte	0x1
 325 01a2 0D       		.byte	0xd
 326 01a3 81000000 		.4byte	0x81
 327 01a7 05       		.uleb128 0x5
 328 01a8 03       		.byte	0x3
 329 01a9 00000000 		.4byte	dato_enviado
 330 01ad 0D       		.uleb128 0xd
 331 01ae 0A000000 		.4byte	.LASF20
 332 01b2 01       		.byte	0x1
 333 01b3 0E       		.byte	0xe
 334 01b4 81000000 		.4byte	0x81
 335 01b8 05       		.uleb128 0x5
 336 01b9 03       		.byte	0x3
 337 01ba 00000000 		.4byte	dato_recibido
 338 01be 0E       		.uleb128 0xe
 339 01bf 21000000 		.4byte	.LASF23
 340 01c3 07       		.byte	0x7
 341 01c4 C5       		.byte	0xc5
 342 01c5 81000000 		.4byte	0x81
 343 01c9 0F       		.uleb128 0xf
 344 01ca 34000000 		.4byte	.LASF30
 345 01ce 06       		.byte	0x6
 346 01cf 38       		.byte	0x38
 347 01d0 10       		.uleb128 0x10
 348 01d1 F1010000 		.4byte	.LASF21
 349 01d5 06       		.byte	0x6
 350 01d6 3D       		.byte	0x3d
 351 01d7 E6010000 		.4byte	0x1e6
 352 01db 11       		.uleb128 0x11
 353 01dc 81000000 		.4byte	0x81
 354 01e0 11       		.uleb128 0x11
 355 01e1 81000000 		.4byte	0x81
 356 01e5 00       		.byte	0
 357 01e6 10       		.uleb128 0x10
 358 01e7 45000000 		.4byte	.LASF22
 359 01eb 06       		.byte	0x6
 360 01ec 3C       		.byte	0x3c
 361 01ed F7010000 		.4byte	0x1f7
 362 01f1 11       		.uleb128 0x11
 363 01f2 F7010000 		.4byte	0x1f7
 364 01f6 00       		.byte	0
ARM GAS  C:\Users\HENRYA~1\AppData\Local\Temp\ccP8Xzoe.s 			page 8


 365 01f7 12       		.uleb128 0x12
 366 01f8 04       		.byte	0x4
 367 01f9 FD010000 		.4byte	0x1fd
 368 01fd 13       		.uleb128 0x13
 369 01fe A7000000 		.4byte	0xa7
 370 0202 14       		.uleb128 0x14
 371 0203 74000000 		.4byte	.LASF24
 372 0207 07       		.byte	0x7
 373 0208 1D01     		.2byte	0x11d
 374 020a 81000000 		.4byte	0x81
 375 020e 10       		.uleb128 0x10
 376 020f 3F020000 		.4byte	.LASF25
 377 0213 08       		.byte	0x8
 378 0214 76       		.byte	0x76
 379 0215 1F020000 		.4byte	0x21f
 380 0219 11       		.uleb128 0x11
 381 021a 8D000000 		.4byte	0x8d
 382 021e 00       		.byte	0
 383 021f 15       		.uleb128 0x15
 384 0220 05020000 		.4byte	.LASF31
 385 0224 06       		.byte	0x6
 386 0225 5D       		.byte	0x5d
 387 0226 11       		.uleb128 0x11
 388 0227 81000000 		.4byte	0x81
 389 022b 00       		.byte	0
 390 022c 00       		.byte	0
 391              		.section	.debug_abbrev,"",%progbits
 392              	.Ldebug_abbrev0:
 393 0000 01       		.uleb128 0x1
 394 0001 11       		.uleb128 0x11
 395 0002 01       		.byte	0x1
 396 0003 25       		.uleb128 0x25
 397 0004 0E       		.uleb128 0xe
 398 0005 13       		.uleb128 0x13
 399 0006 0B       		.uleb128 0xb
 400 0007 03       		.uleb128 0x3
 401 0008 0E       		.uleb128 0xe
 402 0009 1B       		.uleb128 0x1b
 403 000a 0E       		.uleb128 0xe
 404 000b 55       		.uleb128 0x55
 405 000c 17       		.uleb128 0x17
 406 000d 11       		.uleb128 0x11
 407 000e 01       		.uleb128 0x1
 408 000f 10       		.uleb128 0x10
 409 0010 17       		.uleb128 0x17
 410 0011 00       		.byte	0
 411 0012 00       		.byte	0
 412 0013 02       		.uleb128 0x2
 413 0014 24       		.uleb128 0x24
 414 0015 00       		.byte	0
 415 0016 0B       		.uleb128 0xb
 416 0017 0B       		.uleb128 0xb
 417 0018 3E       		.uleb128 0x3e
 418 0019 0B       		.uleb128 0xb
 419 001a 03       		.uleb128 0x3
 420 001b 0E       		.uleb128 0xe
 421 001c 00       		.byte	0
ARM GAS  C:\Users\HENRYA~1\AppData\Local\Temp\ccP8Xzoe.s 			page 9


 422 001d 00       		.byte	0
 423 001e 03       		.uleb128 0x3
 424 001f 16       		.uleb128 0x16
 425 0020 00       		.byte	0
 426 0021 03       		.uleb128 0x3
 427 0022 0E       		.uleb128 0xe
 428 0023 3A       		.uleb128 0x3a
 429 0024 0B       		.uleb128 0xb
 430 0025 3B       		.uleb128 0x3b
 431 0026 0B       		.uleb128 0xb
 432 0027 49       		.uleb128 0x49
 433 0028 13       		.uleb128 0x13
 434 0029 00       		.byte	0
 435 002a 00       		.byte	0
 436 002b 04       		.uleb128 0x4
 437 002c 24       		.uleb128 0x24
 438 002d 00       		.byte	0
 439 002e 0B       		.uleb128 0xb
 440 002f 0B       		.uleb128 0xb
 441 0030 3E       		.uleb128 0x3e
 442 0031 0B       		.uleb128 0xb
 443 0032 03       		.uleb128 0x3
 444 0033 08       		.uleb128 0x8
 445 0034 00       		.byte	0
 446 0035 00       		.byte	0
 447 0036 05       		.uleb128 0x5
 448 0037 16       		.uleb128 0x16
 449 0038 00       		.byte	0
 450 0039 03       		.uleb128 0x3
 451 003a 0E       		.uleb128 0xe
 452 003b 3A       		.uleb128 0x3a
 453 003c 0B       		.uleb128 0xb
 454 003d 3B       		.uleb128 0x3b
 455 003e 05       		.uleb128 0x5
 456 003f 49       		.uleb128 0x49
 457 0040 13       		.uleb128 0x13
 458 0041 00       		.byte	0
 459 0042 00       		.byte	0
 460 0043 06       		.uleb128 0x6
 461 0044 2E       		.uleb128 0x2e
 462 0045 01       		.byte	0x1
 463 0046 3F       		.uleb128 0x3f
 464 0047 19       		.uleb128 0x19
 465 0048 03       		.uleb128 0x3
 466 0049 0E       		.uleb128 0xe
 467 004a 3A       		.uleb128 0x3a
 468 004b 0B       		.uleb128 0xb
 469 004c 3B       		.uleb128 0x3b
 470 004d 0B       		.uleb128 0xb
 471 004e 49       		.uleb128 0x49
 472 004f 13       		.uleb128 0x13
 473 0050 11       		.uleb128 0x11
 474 0051 01       		.uleb128 0x1
 475 0052 12       		.uleb128 0x12
 476 0053 06       		.uleb128 0x6
 477 0054 40       		.uleb128 0x40
 478 0055 18       		.uleb128 0x18
ARM GAS  C:\Users\HENRYA~1\AppData\Local\Temp\ccP8Xzoe.s 			page 10


 479 0056 9742     		.uleb128 0x2117
 480 0058 19       		.uleb128 0x19
 481 0059 01       		.uleb128 0x1
 482 005a 13       		.uleb128 0x13
 483 005b 00       		.byte	0
 484 005c 00       		.byte	0
 485 005d 07       		.uleb128 0x7
 486 005e 898201   		.uleb128 0x4109
 487 0061 00       		.byte	0
 488 0062 11       		.uleb128 0x11
 489 0063 01       		.uleb128 0x1
 490 0064 31       		.uleb128 0x31
 491 0065 13       		.uleb128 0x13
 492 0066 00       		.byte	0
 493 0067 00       		.byte	0
 494 0068 08       		.uleb128 0x8
 495 0069 898201   		.uleb128 0x4109
 496 006c 01       		.byte	0x1
 497 006d 11       		.uleb128 0x11
 498 006e 01       		.uleb128 0x1
 499 006f 31       		.uleb128 0x31
 500 0070 13       		.uleb128 0x13
 501 0071 01       		.uleb128 0x1
 502 0072 13       		.uleb128 0x13
 503 0073 00       		.byte	0
 504 0074 00       		.byte	0
 505 0075 09       		.uleb128 0x9
 506 0076 8A8201   		.uleb128 0x410a
 507 0079 00       		.byte	0
 508 007a 02       		.uleb128 0x2
 509 007b 18       		.uleb128 0x18
 510 007c 9142     		.uleb128 0x2111
 511 007e 18       		.uleb128 0x18
 512 007f 00       		.byte	0
 513 0080 00       		.byte	0
 514 0081 0A       		.uleb128 0xa
 515 0082 898201   		.uleb128 0x4109
 516 0085 01       		.byte	0x1
 517 0086 11       		.uleb128 0x11
 518 0087 01       		.uleb128 0x1
 519 0088 31       		.uleb128 0x31
 520 0089 13       		.uleb128 0x13
 521 008a 00       		.byte	0
 522 008b 00       		.byte	0
 523 008c 0B       		.uleb128 0xb
 524 008d 34       		.uleb128 0x34
 525 008e 00       		.byte	0
 526 008f 03       		.uleb128 0x3
 527 0090 0E       		.uleb128 0xe
 528 0091 3A       		.uleb128 0x3a
 529 0092 0B       		.uleb128 0xb
 530 0093 3B       		.uleb128 0x3b
 531 0094 05       		.uleb128 0x5
 532 0095 49       		.uleb128 0x49
 533 0096 13       		.uleb128 0x13
 534 0097 3F       		.uleb128 0x3f
 535 0098 19       		.uleb128 0x19
ARM GAS  C:\Users\HENRYA~1\AppData\Local\Temp\ccP8Xzoe.s 			page 11


 536 0099 3C       		.uleb128 0x3c
 537 009a 19       		.uleb128 0x19
 538 009b 00       		.byte	0
 539 009c 00       		.byte	0
 540 009d 0C       		.uleb128 0xc
 541 009e 35       		.uleb128 0x35
 542 009f 00       		.byte	0
 543 00a0 49       		.uleb128 0x49
 544 00a1 13       		.uleb128 0x13
 545 00a2 00       		.byte	0
 546 00a3 00       		.byte	0
 547 00a4 0D       		.uleb128 0xd
 548 00a5 34       		.uleb128 0x34
 549 00a6 00       		.byte	0
 550 00a7 03       		.uleb128 0x3
 551 00a8 0E       		.uleb128 0xe
 552 00a9 3A       		.uleb128 0x3a
 553 00aa 0B       		.uleb128 0xb
 554 00ab 3B       		.uleb128 0x3b
 555 00ac 0B       		.uleb128 0xb
 556 00ad 49       		.uleb128 0x49
 557 00ae 13       		.uleb128 0x13
 558 00af 3F       		.uleb128 0x3f
 559 00b0 19       		.uleb128 0x19
 560 00b1 02       		.uleb128 0x2
 561 00b2 18       		.uleb128 0x18
 562 00b3 00       		.byte	0
 563 00b4 00       		.byte	0
 564 00b5 0E       		.uleb128 0xe
 565 00b6 2E       		.uleb128 0x2e
 566 00b7 00       		.byte	0
 567 00b8 3F       		.uleb128 0x3f
 568 00b9 19       		.uleb128 0x19
 569 00ba 03       		.uleb128 0x3
 570 00bb 0E       		.uleb128 0xe
 571 00bc 3A       		.uleb128 0x3a
 572 00bd 0B       		.uleb128 0xb
 573 00be 3B       		.uleb128 0x3b
 574 00bf 0B       		.uleb128 0xb
 575 00c0 27       		.uleb128 0x27
 576 00c1 19       		.uleb128 0x19
 577 00c2 49       		.uleb128 0x49
 578 00c3 13       		.uleb128 0x13
 579 00c4 3C       		.uleb128 0x3c
 580 00c5 19       		.uleb128 0x19
 581 00c6 00       		.byte	0
 582 00c7 00       		.byte	0
 583 00c8 0F       		.uleb128 0xf
 584 00c9 2E       		.uleb128 0x2e
 585 00ca 00       		.byte	0
 586 00cb 3F       		.uleb128 0x3f
 587 00cc 19       		.uleb128 0x19
 588 00cd 03       		.uleb128 0x3
 589 00ce 0E       		.uleb128 0xe
 590 00cf 3A       		.uleb128 0x3a
 591 00d0 0B       		.uleb128 0xb
 592 00d1 3B       		.uleb128 0x3b
ARM GAS  C:\Users\HENRYA~1\AppData\Local\Temp\ccP8Xzoe.s 			page 12


 593 00d2 0B       		.uleb128 0xb
 594 00d3 27       		.uleb128 0x27
 595 00d4 19       		.uleb128 0x19
 596 00d5 3C       		.uleb128 0x3c
 597 00d6 19       		.uleb128 0x19
 598 00d7 00       		.byte	0
 599 00d8 00       		.byte	0
 600 00d9 10       		.uleb128 0x10
 601 00da 2E       		.uleb128 0x2e
 602 00db 01       		.byte	0x1
 603 00dc 3F       		.uleb128 0x3f
 604 00dd 19       		.uleb128 0x19
 605 00de 03       		.uleb128 0x3
 606 00df 0E       		.uleb128 0xe
 607 00e0 3A       		.uleb128 0x3a
 608 00e1 0B       		.uleb128 0xb
 609 00e2 3B       		.uleb128 0x3b
 610 00e3 0B       		.uleb128 0xb
 611 00e4 27       		.uleb128 0x27
 612 00e5 19       		.uleb128 0x19
 613 00e6 3C       		.uleb128 0x3c
 614 00e7 19       		.uleb128 0x19
 615 00e8 01       		.uleb128 0x1
 616 00e9 13       		.uleb128 0x13
 617 00ea 00       		.byte	0
 618 00eb 00       		.byte	0
 619 00ec 11       		.uleb128 0x11
 620 00ed 05       		.uleb128 0x5
 621 00ee 00       		.byte	0
 622 00ef 49       		.uleb128 0x49
 623 00f0 13       		.uleb128 0x13
 624 00f1 00       		.byte	0
 625 00f2 00       		.byte	0
 626 00f3 12       		.uleb128 0x12
 627 00f4 0F       		.uleb128 0xf
 628 00f5 00       		.byte	0
 629 00f6 0B       		.uleb128 0xb
 630 00f7 0B       		.uleb128 0xb
 631 00f8 49       		.uleb128 0x49
 632 00f9 13       		.uleb128 0x13
 633 00fa 00       		.byte	0
 634 00fb 00       		.byte	0
 635 00fc 13       		.uleb128 0x13
 636 00fd 26       		.uleb128 0x26
 637 00fe 00       		.byte	0
 638 00ff 49       		.uleb128 0x49
 639 0100 13       		.uleb128 0x13
 640 0101 00       		.byte	0
 641 0102 00       		.byte	0
 642 0103 14       		.uleb128 0x14
 643 0104 2E       		.uleb128 0x2e
 644 0105 00       		.byte	0
 645 0106 3F       		.uleb128 0x3f
 646 0107 19       		.uleb128 0x19
 647 0108 03       		.uleb128 0x3
 648 0109 0E       		.uleb128 0xe
 649 010a 3A       		.uleb128 0x3a
ARM GAS  C:\Users\HENRYA~1\AppData\Local\Temp\ccP8Xzoe.s 			page 13


 650 010b 0B       		.uleb128 0xb
 651 010c 3B       		.uleb128 0x3b
 652 010d 05       		.uleb128 0x5
 653 010e 27       		.uleb128 0x27
 654 010f 19       		.uleb128 0x19
 655 0110 49       		.uleb128 0x49
 656 0111 13       		.uleb128 0x13
 657 0112 3C       		.uleb128 0x3c
 658 0113 19       		.uleb128 0x19
 659 0114 00       		.byte	0
 660 0115 00       		.byte	0
 661 0116 15       		.uleb128 0x15
 662 0117 2E       		.uleb128 0x2e
 663 0118 01       		.byte	0x1
 664 0119 3F       		.uleb128 0x3f
 665 011a 19       		.uleb128 0x19
 666 011b 03       		.uleb128 0x3
 667 011c 0E       		.uleb128 0xe
 668 011d 3A       		.uleb128 0x3a
 669 011e 0B       		.uleb128 0xb
 670 011f 3B       		.uleb128 0x3b
 671 0120 0B       		.uleb128 0xb
 672 0121 27       		.uleb128 0x27
 673 0122 19       		.uleb128 0x19
 674 0123 3C       		.uleb128 0x3c
 675 0124 19       		.uleb128 0x19
 676 0125 00       		.byte	0
 677 0126 00       		.byte	0
 678 0127 00       		.byte	0
 679              		.section	.debug_aranges,"",%progbits
 680 0000 1C000000 		.4byte	0x1c
 681 0004 0200     		.2byte	0x2
 682 0006 00000000 		.4byte	.Ldebug_info0
 683 000a 04       		.byte	0x4
 684 000b 00       		.byte	0
 685 000c 0000     		.2byte	0
 686 000e 0000     		.2byte	0
 687 0010 00000000 		.4byte	.LFB63
 688 0014 60000000 		.4byte	.LFE63-.LFB63
 689 0018 00000000 		.4byte	0
 690 001c 00000000 		.4byte	0
 691              		.section	.debug_ranges,"",%progbits
 692              	.Ldebug_ranges0:
 693 0000 00000000 		.4byte	.LFB63
 694 0004 60000000 		.4byte	.LFE63
 695 0008 00000000 		.4byte	0
 696 000c 00000000 		.4byte	0
 697              		.section	.debug_line,"",%progbits
 698              	.Ldebug_line0:
 699 0000 B7010000 		.section	.debug_str,"MS",%progbits,1
 699      02007001 
 699      00000201 
 699      FB0E0D00 
 699      01010101 
 700              	.LASF9:
 701 0000 5F5F696E 		.ascii	"__int32_t\000"
 701      7433325F 
ARM GAS  C:\Users\HENRYA~1\AppData\Local\Temp\ccP8Xzoe.s 			page 14


 701      7400
 702              	.LASF20:
 703 000a 6461746F 		.ascii	"dato_recibido\000"
 703      5F726563 
 703      69626964 
 703      6F00
 704              	.LASF27:
 705 0018 2E5C6D61 		.ascii	".\\main.c\000"
 705      696E2E63 
 705      00
 706              	.LASF23:
 707 0021 54585F43 		.ascii	"TX_CAN_Start\000"
 707      414E5F53 
 707      74617274 
 707      00
 708              	.LASF13:
 709 002e 666C6F61 		.ascii	"float\000"
 709      7400
 710              	.LASF30:
 711 0034 4C43445F 		.ascii	"LCD_Char_1_Start\000"
 711      43686172 
 711      5F315F53 
 711      74617274 
 711      00
 712              	.LASF22:
 713 0045 4C43445F 		.ascii	"LCD_Char_1_PrintString\000"
 713      43686172 
 713      5F315F50 
 713      72696E74 
 713      53747269 
 714              	.LASF15:
 715 005c 63686172 		.ascii	"char8\000"
 715      3800
 716              	.LASF5:
 717 0062 6C6F6E67 		.ascii	"long unsigned int\000"
 717      20756E73 
 717      69676E65 
 717      6420696E 
 717      7400
 718              	.LASF24:
 719 0074 54585F43 		.ascii	"TX_CAN_SendMsg0\000"
 719      414E5F53 
 719      656E644D 
 719      73673000 
 720              	.LASF3:
 721 0084 73686F72 		.ascii	"short unsigned int\000"
 721      7420756E 
 721      7369676E 
 721      65642069 
 721      6E7400
 722              	.LASF18:
 723 0097 49544D5F 		.ascii	"ITM_RxBuffer\000"
 723      52784275 
 723      66666572 
 723      00
 724              	.LASF1:
 725 00a4 756E7369 		.ascii	"unsigned char\000"
ARM GAS  C:\Users\HENRYA~1\AppData\Local\Temp\ccP8Xzoe.s 			page 15


 725      676E6564 
 725      20636861 
 725      7200
 726              	.LASF14:
 727 00b2 646F7562 		.ascii	"double\000"
 727      6C6500
 728              	.LASF29:
 729 00b9 6D61696E 		.ascii	"main\000"
 729      00
 730              	.LASF12:
 731 00be 75696E74 		.ascii	"uint32\000"
 731      333200
 732              	.LASF19:
 733 00c5 6461746F 		.ascii	"dato_enviado\000"
 733      5F656E76 
 733      6961646F 
 733      00
 734              	.LASF8:
 735 00d2 756E7369 		.ascii	"unsigned int\000"
 735      676E6564 
 735      20696E74 
 735      00
 736              	.LASF7:
 737 00df 6C6F6E67 		.ascii	"long long unsigned int\000"
 737      206C6F6E 
 737      6720756E 
 737      7369676E 
 737      65642069 
 738              	.LASF28:
 739 00f6 433A5C55 		.ascii	"C:\\Users\\Henry Alberto\\Desktop\\Protocolos\\CAN_"
 739      73657273 
 739      5C48656E 
 739      72792041 
 739      6C626572 
 740 0124 4E4F444F 		.ascii	"NODO_1_BIDIRECCIONAL.cydsn\000"
 740      5F315F42 
 740      49444952 
 740      45434349 
 740      4F4E414C 
 741              	.LASF26:
 742 013f 474E5520 		.ascii	"GNU C 4.9.3 20150303 (release) [ARM/embedded-4_9-br"
 742      4320342E 
 742      392E3320 
 742      32303135 
 742      30333033 
 743 0172 616E6368 		.ascii	"anch revision 221220] -mcpu=cortex-m3 -mthumb -g -O"
 743      20726576 
 743      6973696F 
 743      6E203232 
 743      31323230 
 744 01a5 67202D66 		.ascii	"g -ffunction-sections -ffat-lto-objects\000"
 744      66756E63 
 744      74696F6E 
 744      2D736563 
 744      74696F6E 
 745              	.LASF10:
 746 01cd 696E7433 		.ascii	"int32_t\000"
ARM GAS  C:\Users\HENRYA~1\AppData\Local\Temp\ccP8Xzoe.s 			page 16


 746      325F7400 
 747              	.LASF17:
 748 01d5 73697A65 		.ascii	"sizetype\000"
 748      74797065 
 748      00
 749              	.LASF6:
 750 01de 6C6F6E67 		.ascii	"long long int\000"
 750      206C6F6E 
 750      6720696E 
 750      7400
 751              	.LASF16:
 752 01ec 63686172 		.ascii	"char\000"
 752      00
 753              	.LASF21:
 754 01f1 4C43445F 		.ascii	"LCD_Char_1_Position\000"
 754      43686172 
 754      5F315F50 
 754      6F736974 
 754      696F6E00 
 755              	.LASF31:
 756 0205 4C43445F 		.ascii	"LCD_Char_1_PrintInt8\000"
 756      43686172 
 756      5F315F50 
 756      72696E74 
 756      496E7438 
 757              	.LASF2:
 758 021a 73686F72 		.ascii	"short int\000"
 758      7420696E 
 758      7400
 759              	.LASF11:
 760 0224 75696E74 		.ascii	"uint8\000"
 760      3800
 761              	.LASF4:
 762 022a 6C6F6E67 		.ascii	"long int\000"
 762      20696E74 
 762      00
 763              	.LASF0:
 764 0233 7369676E 		.ascii	"signed char\000"
 764      65642063 
 764      68617200 
 765              	.LASF25:
 766 023f 43794465 		.ascii	"CyDelay\000"
 766      6C617900 
 767              		.ident	"GCC: (GNU Tools for ARM Embedded Processors) 4.9.3 20150303 (release) [ARM/embedded-4_9-br
