ARM GAS  C:\Users\HENRYA~1\AppData\Local\Temp\ccP3jlOX.s 			page 1


   1              		.syntax unified
   2              		.cpu cortex-m3
   3              		.fpu softvfp
   4              		.eabi_attribute 20, 1
   5              		.eabi_attribute 21, 1
   6              		.eabi_attribute 23, 3
   7              		.eabi_attribute 24, 1
   8              		.eabi_attribute 25, 1
   9              		.eabi_attribute 26, 1
  10              		.eabi_attribute 30, 1
  11              		.eabi_attribute 34, 1
  12              		.eabi_attribute 18, 4
  13              		.thumb
  14              		.file	"cymetadata.c"
  15              		.text
  16              	.Ltext0:
  17              		.cfi_sections	.debug_frame
  18              		.global	cy_metadata
  19              		.global	cy_meta_flashprotect
  20              		.global	cy_meta_wonvl
  21              		.global	cy_meta_custnvl
  22              		.global	cy_meta_configecc
  23              		.section	.cyconfigecc,"a",%progbits
  24              		.align	2
  25              		.type	cy_meta_configecc, %object
  26              		.size	cy_meta_configecc, 512
  27              	cy_meta_configecc:
  28 0000 03       		.byte	3
  29 0001 64       		.byte	100
  30 0002 00       		.byte	0
  31 0003 40       		.byte	64
  32 0004 01       		.byte	1
  33 0005 01       		.byte	1
  34 0006 01       		.byte	1
  35 0007 40       		.byte	64
  36 0008 03       		.byte	3
  37 0009 03       		.byte	3
  38 000a 01       		.byte	1
  39 000b 40       		.byte	64
  40 000c 02       		.byte	2
  41 000d 09       		.byte	9
  42 000e 01       		.byte	1
  43 000f 40       		.byte	64
  44 0010 1F       		.byte	31
  45 0011 0A       		.byte	10
  46 0012 01       		.byte	1
  47 0013 40       		.byte	64
  48 0014 31       		.byte	49
  49 0015 0B       		.byte	11
  50 0016 01       		.byte	1
  51 0017 40       		.byte	64
  52 0018 0E       		.byte	14
  53 0019 0D       		.byte	13
  54 001a 01       		.byte	1
  55 001b 40       		.byte	64
  56 001c 3A       		.byte	58
  57 001d 0E       		.byte	14
ARM GAS  C:\Users\HENRYA~1\AppData\Local\Temp\ccP3jlOX.s 			page 2


  58 001e 01       		.byte	1
  59 001f 40       		.byte	64
  60 0020 2C       		.byte	44
  61 0021 0F       		.byte	15
  62 0022 01       		.byte	1
  63 0023 40       		.byte	64
  64 0024 08       		.byte	8
  65 0025 40       		.byte	64
  66 0026 01       		.byte	1
  67 0027 40       		.byte	64
  68 0028 07       		.byte	7
  69 0029 41       		.byte	65
  70 002a 01       		.byte	1
  71 002b 40       		.byte	64
  72 002c 03       		.byte	3
  73 002d 50       		.byte	80
  74 002e 01       		.byte	1
  75 002f 40       		.byte	64
  76 0030 8A       		.byte	-118
  77 0031 78       		.byte	120
  78 0032 8E       		.byte	-114
  79 0033 47       		.byte	71
  80 0034 8F       		.byte	-113
  81 0035 07       		.byte	7
  82 0036 E4       		.byte	-28
  83 0037 20       		.byte	32
  84 0038 E0       		.byte	-32
  85 0039 08       		.byte	8
  86 003a EC       		.byte	-20
  87 003b 04       		.byte	4
  88 003c EE       		.byte	-18
  89 003d 08       		.byte	8
  90 003e B1       		.byte	-79
  91 003f 40       		.byte	64
  92 0040 B2       		.byte	-78
  93 0041 10       		.byte	16
  94 0042 07       		.byte	7
  95 0043 03       		.byte	3
  96 0044 11       		.byte	17
  97 0045 01       		.byte	1
  98 0046 31       		.byte	49
  99 0047 02       		.byte	2
 100 0048 35       		.byte	53
 101 0049 01       		.byte	1
 102 004a 3F       		.byte	63
 103 004b 10       		.byte	16
 104 004c 54       		.byte	84
 105 004d 20       		.byte	32
 106 004e 59       		.byte	89
 107 004f 04       		.byte	4
 108 0050 5B       		.byte	91
 109 0051 04       		.byte	4
 110 0052 5F       		.byte	95
 111 0053 01       		.byte	1
 112 0054 80       		.byte	-128
 113 0055 02       		.byte	2
 114 0056 81       		.byte	-127
ARM GAS  C:\Users\HENRYA~1\AppData\Local\Temp\ccP3jlOX.s 			page 3


 115 0057 01       		.byte	1
 116 0058 89       		.byte	-119
 117 0059 01       		.byte	1
 118 005a 90       		.byte	-112
 119 005b 01       		.byte	1
 120 005c 99       		.byte	-103
 121 005d 01       		.byte	1
 122 005e 9C       		.byte	-100
 123 005f 04       		.byte	4
 124 0060 A4       		.byte	-92
 125 0061 04       		.byte	4
 126 0062 A7       		.byte	-89
 127 0063 01       		.byte	1
 128 0064 A8       		.byte	-88
 129 0065 04       		.byte	4
 130 0066 AE       		.byte	-82
 131 0067 04       		.byte	4
 132 0068 AF       		.byte	-81
 133 0069 01       		.byte	1
 134 006a B2       		.byte	-78
 135 006b 01       		.byte	1
 136 006c B4       		.byte	-76
 137 006d 02       		.byte	2
 138 006e B5       		.byte	-75
 139 006f 01       		.byte	1
 140 0070 B6       		.byte	-74
 141 0071 04       		.byte	4
 142 0072 BE       		.byte	-66
 143 0073 54       		.byte	84
 144 0074 BF       		.byte	-65
 145 0075 10       		.byte	16
 146 0076 D6       		.byte	-42
 147 0077 08       		.byte	8
 148 0078 D8       		.byte	-40
 149 0079 04       		.byte	4
 150 007a D9       		.byte	-39
 151 007b 04       		.byte	4
 152 007c DB       		.byte	-37
 153 007d 04       		.byte	4
 154 007e DF       		.byte	-33
 155 007f 01       		.byte	1
 156 0080 06       		.byte	6
 157 0081 40       		.byte	64
 158 0082 0C       		.byte	12
 159 0083 03       		.byte	3
 160 0084 0E       		.byte	14
 161 0085 01       		.byte	1
 162 0086 15       		.byte	21
 163 0087 40       		.byte	64
 164 0088 17       		.byte	23
 165 0089 14       		.byte	20
 166 008a 1D       		.byte	29
 167 008b 80       		.byte	-128
 168 008c 1E       		.byte	30
 169 008d 22       		.byte	34
 170 008e 1F       		.byte	31
 171 008f 10       		.byte	16
ARM GAS  C:\Users\HENRYA~1\AppData\Local\Temp\ccP3jlOX.s 			page 4


 172 0090 20       		.byte	32
 173 0091 04       		.byte	4
 174 0092 21       		.byte	33
 175 0093 02       		.byte	2
 176 0094 27       		.byte	39
 177 0095 08       		.byte	8
 178 0096 2D       		.byte	45
 179 0097 40       		.byte	64
 180 0098 2E       		.byte	46
 181 0099 08       		.byte	8
 182 009a 31       		.byte	49
 183 009b 02       		.byte	2
 184 009c 37       		.byte	55
 185 009d 10       		.byte	16
 186 009e 3A       		.byte	58
 187 009f 04       		.byte	4
 188 00a0 3E       		.byte	62
 189 00a1 11       		.byte	17
 190 00a2 46       		.byte	70
 191 00a3 08       		.byte	8
 192 00a4 47       		.byte	71
 193 00a5 20       		.byte	32
 194 00a6 58       		.byte	88
 195 00a7 01       		.byte	1
 196 00a8 5E       		.byte	94
 197 00a9 82       		.byte	-126
 198 00aa 5F       		.byte	95
 199 00ab 28       		.byte	40
 200 00ac 60       		.byte	96
 201 00ad 14       		.byte	20
 202 00ae 61       		.byte	97
 203 00af 40       		.byte	64
 204 00b0 64       		.byte	100
 205 00b1 40       		.byte	64
 206 00b2 66       		.byte	102
 207 00b3 84       		.byte	-124
 208 00b4 67       		.byte	103
 209 00b5 08       		.byte	8
 210 00b6 7A       		.byte	122
 211 00b7 40       		.byte	64
 212 00b8 7B       		.byte	123
 213 00b9 80       		.byte	-128
 214 00ba 7C       		.byte	124
 215 00bb 10       		.byte	16
 216 00bc 7F       		.byte	127
 217 00bd 04       		.byte	4
 218 00be 91       		.byte	-111
 219 00bf 40       		.byte	64
 220 00c0 92       		.byte	-110
 221 00c1 11       		.byte	17
 222 00c2 97       		.byte	-105
 223 00c3 20       		.byte	32
 224 00c4 9A       		.byte	-102
 225 00c5 48       		.byte	72
 226 00c6 9B       		.byte	-101
 227 00c7 14       		.byte	20
 228 00c8 9C       		.byte	-100
ARM GAS  C:\Users\HENRYA~1\AppData\Local\Temp\ccP3jlOX.s 			page 5


 229 00c9 40       		.byte	64
 230 00ca 9E       		.byte	-98
 231 00cb 80       		.byte	-128
 232 00cc A0       		.byte	-96
 233 00cd 02       		.byte	2
 234 00ce A3       		.byte	-93
 235 00cf 80       		.byte	-128
 236 00d0 A5       		.byte	-91
 237 00d1 80       		.byte	-128
 238 00d2 C0       		.byte	-64
 239 00d3 10       		.byte	16
 240 00d4 C2       		.byte	-62
 241 00d5 90       		.byte	-112
 242 00d6 C4       		.byte	-60
 243 00d7 E0       		.byte	-32
 244 00d8 CA       		.byte	-54
 245 00d9 50       		.byte	80
 246 00da CC       		.byte	-52
 247 00db 21       		.byte	33
 248 00dc CE       		.byte	-50
 249 00dd A2       		.byte	-94
 250 00de D6       		.byte	-42
 251 00df F1       		.byte	-15
 252 00e0 D8       		.byte	-40
 253 00e1 FE       		.byte	-2
 254 00e2 86       		.byte	-122
 255 00e3 40       		.byte	64
 256 00e4 91       		.byte	-111
 257 00e5 40       		.byte	64
 258 00e6 92       		.byte	-110
 259 00e7 11       		.byte	17
 260 00e8 97       		.byte	-105
 261 00e9 20       		.byte	32
 262 00ea 9A       		.byte	-102
 263 00eb 08       		.byte	8
 264 00ec 9B       		.byte	-101
 265 00ed 14       		.byte	20
 266 00ee 9C       		.byte	-100
 267 00ef 40       		.byte	64
 268 00f0 9E       		.byte	-98
 269 00f1 C0       		.byte	-64
 270 00f2 A0       		.byte	-96
 271 00f3 02       		.byte	2
 272 00f4 A3       		.byte	-93
 273 00f5 80       		.byte	-128
 274 00f6 A5       		.byte	-91
 275 00f7 80       		.byte	-128
 276 00f8 AB       		.byte	-85
 277 00f9 20       		.byte	32
 278 00fa AE       		.byte	-82
 279 00fb 04       		.byte	4
 280 00fc B2       		.byte	-78
 281 00fd 84       		.byte	-124
 282 00fe 0B       		.byte	11
 283 00ff 01       		.byte	1
 284 0100 2D       		.byte	45
 285 0101 01       		.byte	1
ARM GAS  C:\Users\HENRYA~1\AppData\Local\Temp\ccP3jlOX.s 			page 6


 286 0102 33       		.byte	51
 287 0103 01       		.byte	1
 288 0104 3F       		.byte	63
 289 0105 04       		.byte	4
 290 0106 54       		.byte	84
 291 0107 41       		.byte	65
 292 0108 59       		.byte	89
 293 0109 04       		.byte	4
 294 010a 5B       		.byte	91
 295 010b 04       		.byte	4
 296 010c 5F       		.byte	95
 297 010d 01       		.byte	1
 298 010e 84       		.byte	-124
 299 010f 01       		.byte	1
 300 0110 86       		.byte	-122
 301 0111 04       		.byte	4
 302 0112 8C       		.byte	-116
 303 0113 10       		.byte	16
 304 0114 8E       		.byte	-114
 305 0115 01       		.byte	1
 306 0116 95       		.byte	-107
 307 0117 05       		.byte	5
 308 0118 96       		.byte	-106
 309 0119 1E       		.byte	30
 310 011a 9A       		.byte	-102
 311 011b 21       		.byte	33
 312 011c 9C       		.byte	-100
 313 011d 01       		.byte	1
 314 011e 9E       		.byte	-98
 315 011f 02       		.byte	2
 316 0120 A3       		.byte	-93
 317 0121 07       		.byte	7
 318 0122 A4       		.byte	-92
 319 0123 01       		.byte	1
 320 0124 A6       		.byte	-90
 321 0125 08       		.byte	8
 322 0126 AF       		.byte	-81
 323 0127 01       		.byte	1
 324 0128 B2       		.byte	-78
 325 0129 20       		.byte	32
 326 012a B3       		.byte	-77
 327 012b 04       		.byte	4
 328 012c B4       		.byte	-76
 329 012d 1F       		.byte	31
 330 012e B5       		.byte	-75
 331 012f 02       		.byte	2
 332 0130 B7       		.byte	-73
 333 0131 01       		.byte	1
 334 0132 BE       		.byte	-66
 335 0133 10       		.byte	16
 336 0134 BF       		.byte	-65
 337 0135 44       		.byte	68
 338 0136 C0       		.byte	-64
 339 0137 01       		.byte	1
 340 0138 C1       		.byte	-63
 341 0139 06       		.byte	6
 342 013a C2       		.byte	-62
ARM GAS  C:\Users\HENRYA~1\AppData\Local\Temp\ccP3jlOX.s 			page 7


 343 013b 10       		.byte	16
 344 013c C4       		.byte	-60
 345 013d 02       		.byte	2
 346 013e C5       		.byte	-59
 347 013f 0E       		.byte	14
 348 0140 C6       		.byte	-58
 349 0141 BC       		.byte	-68
 350 0142 C7       		.byte	-57
 351 0143 FD       		.byte	-3
 352 0144 C8       		.byte	-56
 353 0145 3D       		.byte	61
 354 0146 C9       		.byte	-55
 355 0147 FF       		.byte	-1
 356 0148 CA       		.byte	-54
 357 0149 FF       		.byte	-1
 358 014a CB       		.byte	-53
 359 014b FF       		.byte	-1
 360 014c CC       		.byte	-52
 361 014d 22       		.byte	34
 362 014e CE       		.byte	-50
 363 014f F0       		.byte	-16
 364 0150 CF       		.byte	-49
 365 0151 0C       		.byte	12
 366 0152 D0       		.byte	-48
 367 0153 8C       		.byte	-116
 368 0154 D1       		.byte	-47
 369 0155 10       		.byte	16
 370 0156 D6       		.byte	-42
 371 0157 02       		.byte	2
 372 0158 D7       		.byte	-41
 373 0159 28       		.byte	40
 374 015a D8       		.byte	-40
 375 015b 04       		.byte	4
 376 015c D9       		.byte	-39
 377 015d 04       		.byte	4
 378 015e DA       		.byte	-38
 379 015f 24       		.byte	36
 380 0160 DB       		.byte	-37
 381 0161 24       		.byte	36
 382 0162 DC       		.byte	-36
 383 0163 08       		.byte	8
 384 0164 DD       		.byte	-35
 385 0165 88       		.byte	-120
 386 0166 DE       		.byte	-34
 387 0167 08       		.byte	8
 388 0168 DF       		.byte	-33
 389 0169 21       		.byte	33
 390 016a E8       		.byte	-24
 391 016b 40       		.byte	64
 392 016c E9       		.byte	-23
 393 016d 01       		.byte	1
 394 016e EA       		.byte	-22
 395 016f C0       		.byte	-64
 396 0170 EB       		.byte	-21
 397 0171 01       		.byte	1
 398 0172 07       		.byte	7
 399 0173 11       		.byte	17
ARM GAS  C:\Users\HENRYA~1\AppData\Local\Temp\ccP3jlOX.s 			page 8


 400 0174 0C       		.byte	12
 401 0175 20       		.byte	32
 402 0176 0E       		.byte	14
 403 0177 21       		.byte	33
 404 0178 17       		.byte	23
 405 0179 04       		.byte	4
 406 017a 1D       		.byte	29
 407 017b 20       		.byte	32
 408 017c 1E       		.byte	30
 409 017d 20       		.byte	32
 410 017e 22       		.byte	34
 411 017f 04       		.byte	4
 412 0180 24       		.byte	36
 413 0181 10       		.byte	16
 414 0182 25       		.byte	37
 415 0183 40       		.byte	64
 416 0184 27       		.byte	39
 417 0185 08       		.byte	8
 418 0186 2A       		.byte	42
 419 0187 40       		.byte	64
 420 0188 2B       		.byte	43
 421 0189 02       		.byte	2
 422 018a 2C       		.byte	44
 423 018b 40       		.byte	64
 424 018c 2E       		.byte	46
 425 018d 80       		.byte	-128
 426 018e 37       		.byte	55
 427 018f 08       		.byte	8
 428 0190 3A       		.byte	58
 429 0191 10       		.byte	16
 430 0192 3D       		.byte	61
 431 0193 80       		.byte	-128
 432 0194 3E       		.byte	62
 433 0195 40       		.byte	64
 434 0196 45       		.byte	69
 435 0197 A0       		.byte	-96
 436 0198 4E       		.byte	78
 437 0199 10       		.byte	16
 438 019a 4F       		.byte	79
 439 019b 10       		.byte	16
 440 019c 54       		.byte	84
 441 019d 02       		.byte	2
 442 019e 56       		.byte	86
 443 019f 18       		.byte	24
 444 01a0 57       		.byte	87
 445 01a1 80       		.byte	-128
 446 01a2 5A       		.byte	90
 447 01a3 64       		.byte	100
 448 01a4 60       		.byte	96
 449 01a5 10       		.byte	16
 450 01a6 67       		.byte	103
 451 01a7 30       		.byte	48
 452 01a8 6D       		.byte	109
 453 01a9 40       		.byte	64
 454 01aa 6E       		.byte	110
 455 01ab 11       		.byte	17
 456 01ac 6F       		.byte	111
ARM GAS  C:\Users\HENRYA~1\AppData\Local\Temp\ccP3jlOX.s 			page 9


 457 01ad 15       		.byte	21
 458 01ae 7F       		.byte	127
 459 01af 22       		.byte	34
 460 01b0 88       		.byte	-120
 461 01b1 20       		.byte	32
 462 01b2 C0       		.byte	-64
 463 01b3 A0       		.byte	-96
 464 01b4 C2       		.byte	-62
 465 01b5 E0       		.byte	-32
 466 01b6 C4       		.byte	-60
 467 01b7 20       		.byte	32
 468 01b8 CA       		.byte	-54
 469 01b9 98       		.byte	-104
 470 01ba CC       		.byte	-52
 471 01bb 40       		.byte	64
 472 01bc CE       		.byte	-50
 473 01bd 04       		.byte	4
 474 01be D0       		.byte	-48
 475 01bf 30       		.byte	48
 476 01c0 D2       		.byte	-46
 477 01c1 20       		.byte	32
 478 01c2 D6       		.byte	-42
 479 01c3 0E       		.byte	14
 480 01c4 D8       		.byte	-40
 481 01c5 42       		.byte	66
 482 01c6 DE       		.byte	-34
 483 01c7 50       		.byte	80
 484 01c8 E4       		.byte	-28
 485 01c9 20       		.byte	32
 486 01ca 02       		.byte	2
 487 01cb 80       		.byte	-128
 488 01cc 0B       		.byte	11
 489 01cd 10       		.byte	16
 490 01ce 0C       		.byte	12
 491 01cf 01       		.byte	1
 492 01d0 53       		.byte	83
 493 01d1 20       		.byte	32
 494 01d2 88       		.byte	-120
 495 01d3 01       		.byte	1
 496 01d4 C0       		.byte	-64
 497 01d5 10       		.byte	16
 498 01d6 C2       		.byte	-62
 499 01d7 30       		.byte	48
 500 01d8 D4       		.byte	-44
 501 01d9 20       		.byte	32
 502 01da 87       		.byte	-121
 503 01db 10       		.byte	16
 504 01dc 93       		.byte	-109
 505 01dd 10       		.byte	16
 506 01de AA       		.byte	-86
 507 01df 80       		.byte	-128
 508 01e0 AF       		.byte	-81
 509 01e1 20       		.byte	32
 510 01e2 E0       		.byte	-32
 511 01e3 10       		.byte	16
 512 01e4 EC       		.byte	-20
 513 01e5 20       		.byte	32
ARM GAS  C:\Users\HENRYA~1\AppData\Local\Temp\ccP3jlOX.s 			page 10


 514 01e6 EE       		.byte	-18
 515 01e7 10       		.byte	16
 516 01e8 00       		.byte	0
 517 01e9 01       		.byte	1
 518 01ea 0C       		.byte	12
 519 01eb 01       		.byte	1
 520 01ec 0E       		.byte	14
 521 01ed 01       		.byte	1
 522 01ee 00       		.byte	0
 523 01ef 00       		.byte	0
 524 01f0 00       		.byte	0
 525 01f1 7F       		.byte	127
 526 01f2 7F       		.byte	127
 527 01f3 00       		.byte	0
 528 01f4 00       		.byte	0
 529 01f5 00       		.byte	0
 530 01f6 00       		.byte	0
 531 01f7 00       		.byte	0
 532 01f8 31       		.byte	49
 533 01f9 08       		.byte	8
 534 01fa 08       		.byte	8
 535 01fb 00       		.byte	0
 536 01fc 08       		.byte	8
 537 01fd 00       		.byte	0
 538 01fe 00       		.byte	0
 539 01ff 00       		.byte	0
 540              		.section	.cywolatch,"a",%progbits
 541              		.align	2
 542              		.type	cy_meta_wonvl, %object
 543              		.size	cy_meta_wonvl, 4
 544              	cy_meta_wonvl:
 545 0000 BC       		.byte	-68
 546 0001 90       		.byte	-112
 547 0002 AC       		.byte	-84
 548 0003 AF       		.byte	-81
 549              		.section	.cycustnvl,"a",%progbits
 550              		.align	2
 551              		.type	cy_meta_custnvl, %object
 552              		.size	cy_meta_custnvl, 4
 553              	cy_meta_custnvl:
 554 0000 00       		.byte	0
 555 0001 00       		.byte	0
 556 0002 40       		.byte	64
 557 0003 05       		.byte	5
 558              		.section	.cymeta,"a",%progbits
 559              		.align	2
 560              		.type	cy_metadata, %object
 561              		.size	cy_metadata, 12
 562              	cy_metadata:
 563 0000 00       		.byte	0
 564 0001 01       		.byte	1
 565 0002 2E       		.byte	46
 566 0003 12       		.byte	18
 567 0004 30       		.byte	48
 568 0005 69       		.byte	105
 569 0006 00       		.byte	0
 570 0007 01       		.byte	1
ARM GAS  C:\Users\HENRYA~1\AppData\Local\Temp\ccP3jlOX.s 			page 11


 571 0008 00       		.byte	0
 572 0009 00       		.byte	0
 573 000a 00       		.byte	0
 574 000b 00       		.byte	0
 575              		.section	.cyflashprotect,"a",%progbits
 576              		.align	2
 577              		.type	cy_meta_flashprotect, %object
 578              		.size	cy_meta_flashprotect, 256
 579              	cy_meta_flashprotect:
 580 0000 00000000 		.space	256
 580      00000000 
 580      00000000 
 580      00000000 
 580      00000000 
 581              		.text
 582              	.Letext0:
 583              		.file 1 ".\\Generated_Source\\PSoC5\\cymetadata.c"
 584              		.file 2 ".\\Generated_Source\\PSoC5\\cytypes.h"
 585              		.section	.debug_info,"",%progbits
 586              	.Ldebug_info0:
 587 0000 37010000 		.4byte	0x137
 588 0004 0400     		.2byte	0x4
 589 0006 00000000 		.4byte	.Ldebug_abbrev0
 590 000a 04       		.byte	0x4
 591 000b 01       		.uleb128 0x1
 592 000c 94000000 		.4byte	.LASF18
 593 0010 01       		.byte	0x1
 594 0011 00000000 		.4byte	.LASF19
 595 0015 9E010000 		.4byte	.LASF20
 596 0019 00000000 		.4byte	.Ldebug_line0
 597 001d 02       		.uleb128 0x2
 598 001e 01       		.byte	0x1
 599 001f 06       		.byte	0x6
 600 0020 D2010000 		.4byte	.LASF0
 601 0024 02       		.uleb128 0x2
 602 0025 01       		.byte	0x1
 603 0026 08       		.byte	0x8
 604 0027 38000000 		.4byte	.LASF1
 605 002b 02       		.uleb128 0x2
 606 002c 02       		.byte	0x2
 607 002d 05       		.byte	0x5
 608 002e 85010000 		.4byte	.LASF2
 609 0032 02       		.uleb128 0x2
 610 0033 02       		.byte	0x2
 611 0034 07       		.byte	0x7
 612 0035 58000000 		.4byte	.LASF3
 613 0039 02       		.uleb128 0x2
 614 003a 04       		.byte	0x4
 615 003b 05       		.byte	0x5
 616 003c 95010000 		.4byte	.LASF4
 617 0040 02       		.uleb128 0x2
 618 0041 04       		.byte	0x4
 619 0042 07       		.byte	0x7
 620 0043 46000000 		.4byte	.LASF5
 621 0047 02       		.uleb128 0x2
 622 0048 08       		.byte	0x8
 623 0049 05       		.byte	0x5
ARM GAS  C:\Users\HENRYA~1\AppData\Local\Temp\ccP3jlOX.s 			page 12


 624 004a 72010000 		.4byte	.LASF6
 625 004e 02       		.uleb128 0x2
 626 004f 08       		.byte	0x8
 627 0050 07       		.byte	0x7
 628 0051 2F010000 		.4byte	.LASF7
 629 0055 03       		.uleb128 0x3
 630 0056 04       		.byte	0x4
 631 0057 05       		.byte	0x5
 632 0058 696E7400 		.ascii	"int\000"
 633 005c 02       		.uleb128 0x2
 634 005d 04       		.byte	0x4
 635 005e 07       		.byte	0x7
 636 005f 22010000 		.4byte	.LASF8
 637 0063 04       		.uleb128 0x4
 638 0064 8F010000 		.4byte	.LASF21
 639 0068 02       		.byte	0x2
 640 0069 9201     		.2byte	0x192
 641 006b 24000000 		.4byte	0x24
 642 006f 02       		.uleb128 0x2
 643 0070 04       		.byte	0x4
 644 0071 04       		.byte	0x4
 645 0072 32000000 		.4byte	.LASF9
 646 0076 02       		.uleb128 0x2
 647 0077 08       		.byte	0x8
 648 0078 04       		.byte	0x4
 649 0079 6B000000 		.4byte	.LASF10
 650 007d 02       		.uleb128 0x2
 651 007e 01       		.byte	0x1
 652 007f 08       		.byte	0x8
 653 0080 80010000 		.4byte	.LASF11
 654 0084 05       		.uleb128 0x5
 655 0085 63000000 		.4byte	0x63
 656 0089 95000000 		.4byte	0x95
 657 008d 06       		.uleb128 0x6
 658 008e 95000000 		.4byte	0x95
 659 0092 FF01     		.2byte	0x1ff
 660 0094 00       		.byte	0
 661 0095 02       		.uleb128 0x2
 662 0096 04       		.byte	0x4
 663 0097 07       		.byte	0x7
 664 0098 69010000 		.4byte	.LASF12
 665 009c 07       		.uleb128 0x7
 666 009d 82000000 		.4byte	.LASF13
 667 00a1 01       		.byte	0x1
 668 00a2 1F       		.byte	0x1f
 669 00a3 AD000000 		.4byte	0xad
 670 00a7 05       		.uleb128 0x5
 671 00a8 03       		.byte	0x3
 672 00a9 00000000 		.4byte	cy_meta_configecc
 673 00ad 08       		.uleb128 0x8
 674 00ae 84000000 		.4byte	0x84
 675 00b2 05       		.uleb128 0x5
 676 00b3 63000000 		.4byte	0x63
 677 00b7 C2000000 		.4byte	0xc2
 678 00bb 09       		.uleb128 0x9
 679 00bc 95000000 		.4byte	0x95
 680 00c0 03       		.byte	0x3
ARM GAS  C:\Users\HENRYA~1\AppData\Local\Temp\ccP3jlOX.s 			page 13


 681 00c1 00       		.byte	0
 682 00c2 07       		.uleb128 0x7
 683 00c3 72000000 		.4byte	.LASF14
 684 00c7 01       		.byte	0x1
 685 00c8 6C       		.byte	0x6c
 686 00c9 D3000000 		.4byte	0xd3
 687 00cd 05       		.uleb128 0x5
 688 00ce 03       		.byte	0x3
 689 00cf 00000000 		.4byte	cy_meta_custnvl
 690 00d3 08       		.uleb128 0x8
 691 00d4 B2000000 		.4byte	0xb2
 692 00d8 07       		.uleb128 0x7
 693 00d9 5B010000 		.4byte	.LASF15
 694 00dd 01       		.byte	0x1
 695 00de 7A       		.byte	0x7a
 696 00df E9000000 		.4byte	0xe9
 697 00e3 05       		.uleb128 0x5
 698 00e4 03       		.byte	0x3
 699 00e5 00000000 		.4byte	cy_meta_wonvl
 700 00e9 08       		.uleb128 0x8
 701 00ea B2000000 		.4byte	0xb2
 702 00ee 05       		.uleb128 0x5
 703 00ef 63000000 		.4byte	0x63
 704 00f3 FE000000 		.4byte	0xfe
 705 00f7 09       		.uleb128 0x9
 706 00f8 95000000 		.4byte	0x95
 707 00fc FF       		.byte	0xff
 708 00fd 00       		.byte	0
 709 00fe 07       		.uleb128 0x7
 710 00ff 46010000 		.4byte	.LASF16
 711 0103 01       		.byte	0x1
 712 0104 88       		.byte	0x88
 713 0105 0F010000 		.4byte	0x10f
 714 0109 05       		.uleb128 0x5
 715 010a 03       		.byte	0x3
 716 010b 00000000 		.4byte	cy_meta_flashprotect
 717 010f 08       		.uleb128 0x8
 718 0110 EE000000 		.4byte	0xee
 719 0114 05       		.uleb128 0x5
 720 0115 63000000 		.4byte	0x63
 721 0119 24010000 		.4byte	0x124
 722 011d 09       		.uleb128 0x9
 723 011e 95000000 		.4byte	0x95
 724 0122 0B       		.byte	0xb
 725 0123 00       		.byte	0
 726 0124 07       		.uleb128 0x7
 727 0125 26000000 		.4byte	.LASF17
 728 0129 01       		.byte	0x1
 729 012a B5       		.byte	0xb5
 730 012b 35010000 		.4byte	0x135
 731 012f 05       		.uleb128 0x5
 732 0130 03       		.byte	0x3
 733 0131 00000000 		.4byte	cy_metadata
 734 0135 08       		.uleb128 0x8
 735 0136 14010000 		.4byte	0x114
 736 013a 00       		.byte	0
 737              		.section	.debug_abbrev,"",%progbits
ARM GAS  C:\Users\HENRYA~1\AppData\Local\Temp\ccP3jlOX.s 			page 14


 738              	.Ldebug_abbrev0:
 739 0000 01       		.uleb128 0x1
 740 0001 11       		.uleb128 0x11
 741 0002 01       		.byte	0x1
 742 0003 25       		.uleb128 0x25
 743 0004 0E       		.uleb128 0xe
 744 0005 13       		.uleb128 0x13
 745 0006 0B       		.uleb128 0xb
 746 0007 03       		.uleb128 0x3
 747 0008 0E       		.uleb128 0xe
 748 0009 1B       		.uleb128 0x1b
 749 000a 0E       		.uleb128 0xe
 750 000b 10       		.uleb128 0x10
 751 000c 17       		.uleb128 0x17
 752 000d 00       		.byte	0
 753 000e 00       		.byte	0
 754 000f 02       		.uleb128 0x2
 755 0010 24       		.uleb128 0x24
 756 0011 00       		.byte	0
 757 0012 0B       		.uleb128 0xb
 758 0013 0B       		.uleb128 0xb
 759 0014 3E       		.uleb128 0x3e
 760 0015 0B       		.uleb128 0xb
 761 0016 03       		.uleb128 0x3
 762 0017 0E       		.uleb128 0xe
 763 0018 00       		.byte	0
 764 0019 00       		.byte	0
 765 001a 03       		.uleb128 0x3
 766 001b 24       		.uleb128 0x24
 767 001c 00       		.byte	0
 768 001d 0B       		.uleb128 0xb
 769 001e 0B       		.uleb128 0xb
 770 001f 3E       		.uleb128 0x3e
 771 0020 0B       		.uleb128 0xb
 772 0021 03       		.uleb128 0x3
 773 0022 08       		.uleb128 0x8
 774 0023 00       		.byte	0
 775 0024 00       		.byte	0
 776 0025 04       		.uleb128 0x4
 777 0026 16       		.uleb128 0x16
 778 0027 00       		.byte	0
 779 0028 03       		.uleb128 0x3
 780 0029 0E       		.uleb128 0xe
 781 002a 3A       		.uleb128 0x3a
 782 002b 0B       		.uleb128 0xb
 783 002c 3B       		.uleb128 0x3b
 784 002d 05       		.uleb128 0x5
 785 002e 49       		.uleb128 0x49
 786 002f 13       		.uleb128 0x13
 787 0030 00       		.byte	0
 788 0031 00       		.byte	0
 789 0032 05       		.uleb128 0x5
 790 0033 01       		.uleb128 0x1
 791 0034 01       		.byte	0x1
 792 0035 49       		.uleb128 0x49
 793 0036 13       		.uleb128 0x13
 794 0037 01       		.uleb128 0x1
ARM GAS  C:\Users\HENRYA~1\AppData\Local\Temp\ccP3jlOX.s 			page 15


 795 0038 13       		.uleb128 0x13
 796 0039 00       		.byte	0
 797 003a 00       		.byte	0
 798 003b 06       		.uleb128 0x6
 799 003c 21       		.uleb128 0x21
 800 003d 00       		.byte	0
 801 003e 49       		.uleb128 0x49
 802 003f 13       		.uleb128 0x13
 803 0040 2F       		.uleb128 0x2f
 804 0041 05       		.uleb128 0x5
 805 0042 00       		.byte	0
 806 0043 00       		.byte	0
 807 0044 07       		.uleb128 0x7
 808 0045 34       		.uleb128 0x34
 809 0046 00       		.byte	0
 810 0047 03       		.uleb128 0x3
 811 0048 0E       		.uleb128 0xe
 812 0049 3A       		.uleb128 0x3a
 813 004a 0B       		.uleb128 0xb
 814 004b 3B       		.uleb128 0x3b
 815 004c 0B       		.uleb128 0xb
 816 004d 49       		.uleb128 0x49
 817 004e 13       		.uleb128 0x13
 818 004f 3F       		.uleb128 0x3f
 819 0050 19       		.uleb128 0x19
 820 0051 02       		.uleb128 0x2
 821 0052 18       		.uleb128 0x18
 822 0053 00       		.byte	0
 823 0054 00       		.byte	0
 824 0055 08       		.uleb128 0x8
 825 0056 26       		.uleb128 0x26
 826 0057 00       		.byte	0
 827 0058 49       		.uleb128 0x49
 828 0059 13       		.uleb128 0x13
 829 005a 00       		.byte	0
 830 005b 00       		.byte	0
 831 005c 09       		.uleb128 0x9
 832 005d 21       		.uleb128 0x21
 833 005e 00       		.byte	0
 834 005f 49       		.uleb128 0x49
 835 0060 13       		.uleb128 0x13
 836 0061 2F       		.uleb128 0x2f
 837 0062 0B       		.uleb128 0xb
 838 0063 00       		.byte	0
 839 0064 00       		.byte	0
 840 0065 00       		.byte	0
 841              		.section	.debug_aranges,"",%progbits
 842 0000 14000000 		.4byte	0x14
 843 0004 0200     		.2byte	0x2
 844 0006 00000000 		.4byte	.Ldebug_info0
 845 000a 04       		.byte	0x4
 846 000b 00       		.byte	0
 847 000c 0000     		.2byte	0
 848 000e 0000     		.2byte	0
 849 0010 00000000 		.4byte	0
 850 0014 00000000 		.4byte	0
 851              		.section	.debug_line,"",%progbits
ARM GAS  C:\Users\HENRYA~1\AppData\Local\Temp\ccP3jlOX.s 			page 16


 852              	.Ldebug_line0:
 853 0000 4F000000 		.section	.debug_str,"MS",%progbits,1
 853      02004900 
 853      00000201 
 853      FB0E0D00 
 853      01010101 
 854              	.LASF19:
 855 0000 2E5C4765 		.ascii	".\\Generated_Source\\PSoC5\\cymetadata.c\000"
 855      6E657261 
 855      7465645F 
 855      536F7572 
 855      63655C50 
 856              	.LASF17:
 857 0026 63795F6D 		.ascii	"cy_metadata\000"
 857      65746164 
 857      61746100 
 858              	.LASF9:
 859 0032 666C6F61 		.ascii	"float\000"
 859      7400
 860              	.LASF1:
 861 0038 756E7369 		.ascii	"unsigned char\000"
 861      676E6564 
 861      20636861 
 861      7200
 862              	.LASF5:
 863 0046 6C6F6E67 		.ascii	"long unsigned int\000"
 863      20756E73 
 863      69676E65 
 863      6420696E 
 863      7400
 864              	.LASF3:
 865 0058 73686F72 		.ascii	"short unsigned int\000"
 865      7420756E 
 865      7369676E 
 865      65642069 
 865      6E7400
 866              	.LASF10:
 867 006b 646F7562 		.ascii	"double\000"
 867      6C6500
 868              	.LASF14:
 869 0072 63795F6D 		.ascii	"cy_meta_custnvl\000"
 869      6574615F 
 869      63757374 
 869      6E766C00 
 870              	.LASF13:
 871 0082 63795F6D 		.ascii	"cy_meta_configecc\000"
 871      6574615F 
 871      636F6E66 
 871      69676563 
 871      6300
 872              	.LASF18:
 873 0094 474E5520 		.ascii	"GNU C 4.9.3 20150303 (release) [ARM/embedded-4_9-br"
 873      4320342E 
 873      392E3320 
 873      32303135 
 873      30333033 
 874 00c7 616E6368 		.ascii	"anch revision 221220] -mcpu=cortex-m3 -mthumb -g -O"
ARM GAS  C:\Users\HENRYA~1\AppData\Local\Temp\ccP3jlOX.s 			page 17


 874      20726576 
 874      6973696F 
 874      6E203232 
 874      31323230 
 875 00fa 67202D66 		.ascii	"g -ffunction-sections -ffat-lto-objects\000"
 875      66756E63 
 875      74696F6E 
 875      2D736563 
 875      74696F6E 
 876              	.LASF8:
 877 0122 756E7369 		.ascii	"unsigned int\000"
 877      676E6564 
 877      20696E74 
 877      00
 878              	.LASF7:
 879 012f 6C6F6E67 		.ascii	"long long unsigned int\000"
 879      206C6F6E 
 879      6720756E 
 879      7369676E 
 879      65642069 
 880              	.LASF16:
 881 0146 63795F6D 		.ascii	"cy_meta_flashprotect\000"
 881      6574615F 
 881      666C6173 
 881      6870726F 
 881      74656374 
 882              	.LASF15:
 883 015b 63795F6D 		.ascii	"cy_meta_wonvl\000"
 883      6574615F 
 883      776F6E76 
 883      6C00
 884              	.LASF12:
 885 0169 73697A65 		.ascii	"sizetype\000"
 885      74797065 
 885      00
 886              	.LASF6:
 887 0172 6C6F6E67 		.ascii	"long long int\000"
 887      206C6F6E 
 887      6720696E 
 887      7400
 888              	.LASF11:
 889 0180 63686172 		.ascii	"char\000"
 889      00
 890              	.LASF2:
 891 0185 73686F72 		.ascii	"short int\000"
 891      7420696E 
 891      7400
 892              	.LASF21:
 893 018f 75696E74 		.ascii	"uint8\000"
 893      3800
 894              	.LASF4:
 895 0195 6C6F6E67 		.ascii	"long int\000"
 895      20696E74 
 895      00
 896              	.LASF20:
 897 019e 433A5C55 		.ascii	"C:\\Users\\Henry Alberto\\Desktop\\SPI\\NODO_SLAVE."
 897      73657273 
ARM GAS  C:\Users\HENRYA~1\AppData\Local\Temp\ccP3jlOX.s 			page 18


 897      5C48656E 
 897      72792041 
 897      6C626572 
 898 01cc 63796473 		.ascii	"cydsn\000"
 898      6E00
 899              	.LASF0:
 900 01d2 7369676E 		.ascii	"signed char\000"
 900      65642063 
 900      68617200 
 901              		.ident	"GCC: (GNU Tools for ARM Embedded Processors) 4.9.3 20150303 (release) [ARM/embedded-4_9-br
