ARM GAS  C:\Users\HENRYA~1\AppData\Local\Temp\ccdMyjqs.s 			page 1


   1              		.syntax unified
   2              		.cpu cortex-m3
   3              		.fpu softvfp
   4              		.eabi_attribute 20, 1
   5              		.eabi_attribute 21, 1
   6              		.eabi_attribute 23, 3
   7              		.eabi_attribute 24, 1
   8              		.eabi_attribute 25, 1
   9              		.eabi_attribute 26, 1
  10              		.eabi_attribute 30, 1
  11              		.eabi_attribute 34, 1
  12              		.eabi_attribute 18, 4
  13              		.thumb
  14              		.file	"main.c"
  15              		.text
  16              	.Ltext0:
  17              		.cfi_sections	.debug_frame
  18              		.section	.text.main,"ax",%progbits
  19              		.align	2
  20              		.global	main
  21              		.thumb
  22              		.thumb_func
  23              		.type	main, %function
  24              	main:
  25              	.LFB63:
  26              		.file 1 ".\\main.c"
   1:.\main.c      **** /* ========================================
   2:.\main.c      ****  *
   3:.\main.c      ****  * Copyright YOUR COMPANY, THE YEAR
   4:.\main.c      ****  * All Rights Reserved
   5:.\main.c      ****  * UNPUBLISHED, LICENSED SOFTWARE.
   6:.\main.c      ****  *
   7:.\main.c      ****  * CONFIDENTIAL AND PROPRIETARY INFORMATION
   8:.\main.c      ****  * WHICH IS THE PROPERTY OF your company.
   9:.\main.c      ****  *
  10:.\main.c      ****  * ========================================
  11:.\main.c      **** */
  12:.\main.c      **** #include <project.h>
  13:.\main.c      **** int8 dato_TX,dato_RX;
  14:.\main.c      **** 
  15:.\main.c      **** int main()
  16:.\main.c      **** {
  27              		.loc 1 16 0
  28              		.cfi_startproc
  29              		@ Volatile: function does not return.
  30              		@ args = 0, pretend = 0, frame = 0
  31              		@ frame_needed = 0, uses_anonymous_args = 0
  32 0000 08B5     		push	{r3, lr}
  33              		.cfi_def_cfa_offset 8
  34              		.cfi_offset 3, -8
  35              		.cfi_offset 14, -4
  17:.\main.c      ****     CyGlobalIntEnable; /* Enable global interrupts. */
  36              		.loc 1 17 0
  37              	@ 17 ".\main.c" 1
  38 0002 62B6     		CPSIE   i
  39              	@ 0 "" 2
  18:.\main.c      ****     SPIS_1_Start();
ARM GAS  C:\Users\HENRYA~1\AppData\Local\Temp\ccdMyjqs.s 			page 2


  40              		.loc 1 18 0
  41              		.thumb
  42 0004 FFF7FEFF 		bl	SPIS_1_Start
  43              	.LVL0:
  19:.\main.c      ****     LCD_Char_1_Start();
  44              		.loc 1 19 0
  45 0008 FFF7FEFF 		bl	LCD_Char_1_Start
  46              	.LVL1:
  20:.\main.c      ****     LCD_Char_1_Position(0,0);
  47              		.loc 1 20 0
  48 000c 0020     		movs	r0, #0
  49 000e 0146     		mov	r1, r0
  50 0010 FFF7FEFF 		bl	LCD_Char_1_Position
  51              	.LVL2:
  21:.\main.c      ****     LCD_Char_1_PrintString("Datos");
  52              		.loc 1 21 0
  53 0014 0A48     		ldr	r0, .L4
  54 0016 FFF7FEFF 		bl	LCD_Char_1_PrintString
  55              	.LVL3:
  56              	.L2:
  22:.\main.c      ****     /* Place your initialization/startup code here (e.g. MyInst_Start()) */
  23:.\main.c      **** 
  24:.\main.c      ****     for(;;)
  25:.\main.c      ****     {
  26:.\main.c      ****         dato_RX=SPIS_1_ReadRxData();
  57              		.loc 1 26 0 discriminator 1
  58 001a FFF7FEFF 		bl	SPIS_1_ReadRxData
  59              	.LVL4:
  60 001e 094C     		ldr	r4, .L4+4
  61 0020 2070     		strb	r0, [r4]
  27:.\main.c      ****         SPIS_1_WriteTxData(dato_RX);
  62              		.loc 1 27 0 discriminator 1
  63 0022 FFF7FEFF 		bl	SPIS_1_WriteTxData
  64              	.LVL5:
  28:.\main.c      ****         LCD_Char_1_Position(1,0);
  65              		.loc 1 28 0 discriminator 1
  66 0026 0120     		movs	r0, #1
  67 0028 0021     		movs	r1, #0
  68 002a FFF7FEFF 		bl	LCD_Char_1_Position
  69              	.LVL6:
  29:.\main.c      ****         LCD_Char_1_PrintInt8(dato_RX);
  70              		.loc 1 29 0 discriminator 1
  71 002e 2078     		ldrb	r0, [r4]	@ zero_extendqisi2
  72 0030 FFF7FEFF 		bl	LCD_Char_1_PrintInt8
  73              	.LVL7:
  30:.\main.c      ****         CyDelay(1000);
  74              		.loc 1 30 0 discriminator 1
  75 0034 4FF47A70 		mov	r0, #1000
  76 0038 FFF7FEFF 		bl	CyDelay
  77              	.LVL8:
  31:.\main.c      ****     }
  78              		.loc 1 31 0 discriminator 1
  79 003c EDE7     		b	.L2
  80              	.L5:
  81 003e 00BF     		.align	2
  82              	.L4:
  83 0040 00000000 		.word	.LC0
ARM GAS  C:\Users\HENRYA~1\AppData\Local\Temp\ccdMyjqs.s 			page 3


  84 0044 00000000 		.word	dato_RX
  85              		.cfi_endproc
  86              	.LFE63:
  87              		.size	main, .-main
  88              		.comm	dato_RX,1,1
  89              		.comm	dato_TX,1,1
  90              		.section	.rodata.str1.4,"aMS",%progbits,1
  91              		.align	2
  92              	.LC0:
  93 0000 4461746F 		.ascii	"Datos\000"
  93      7300
  94 0006 0000     		.text
  95              	.Letext0:
  96              		.file 2 "c:\\program files (x86)\\cypress\\psoc creator\\3.3\\psoc creator\\import\\gnu\\arm\\4.9.
  97              		.file 3 "c:\\program files (x86)\\cypress\\psoc creator\\3.3\\psoc creator\\import\\gnu\\arm\\4.9.
  98              		.file 4 "Generated_Source\\PSoC5/cytypes.h"
  99              		.file 5 "Generated_Source\\PSoC5/core_cm3.h"
 100              		.file 6 "Generated_Source\\PSoC5/SPIS_1.h"
 101              		.file 7 "Generated_Source\\PSoC5/LCD_Char_1.h"
 102              		.file 8 "Generated_Source\\PSoC5/CyLib.h"
 103              		.section	.debug_info,"",%progbits
 104              	.Ldebug_info0:
 105 0000 16020000 		.4byte	0x216
 106 0004 0400     		.2byte	0x4
 107 0006 00000000 		.4byte	.Ldebug_abbrev0
 108 000a 04       		.byte	0x4
 109 000b 01       		.uleb128 0x1
 110 000c AE000000 		.4byte	.LASF28
 111 0010 01       		.byte	0x1
 112 0011 12000000 		.4byte	.LASF29
 113 0015 D4010000 		.4byte	.LASF30
 114 0019 00000000 		.4byte	.Ldebug_ranges0+0
 115 001d 00000000 		.4byte	0
 116 0021 00000000 		.4byte	.Ldebug_line0
 117 0025 02       		.uleb128 0x2
 118 0026 01       		.byte	0x1
 119 0027 06       		.byte	0x6
 120 0028 08020000 		.4byte	.LASF0
 121 002c 02       		.uleb128 0x2
 122 002d 01       		.byte	0x1
 123 002e 08       		.byte	0x8
 124 002f 3C010000 		.4byte	.LASF1
 125 0033 02       		.uleb128 0x2
 126 0034 02       		.byte	0x2
 127 0035 05       		.byte	0x5
 128 0036 BB010000 		.4byte	.LASF2
 129 003a 02       		.uleb128 0x2
 130 003b 02       		.byte	0x2
 131 003c 07       		.byte	0x7
 132 003d 61000000 		.4byte	.LASF3
 133 0041 03       		.uleb128 0x3
 134 0042 00000000 		.4byte	.LASF9
 135 0046 02       		.byte	0x2
 136 0047 3F       		.byte	0x3f
 137 0048 4C000000 		.4byte	0x4c
 138 004c 02       		.uleb128 0x2
 139 004d 04       		.byte	0x4
ARM GAS  C:\Users\HENRYA~1\AppData\Local\Temp\ccdMyjqs.s 			page 4


 140 004e 05       		.byte	0x5
 141 004f CB010000 		.4byte	.LASF4
 142 0053 02       		.uleb128 0x2
 143 0054 04       		.byte	0x4
 144 0055 07       		.byte	0x7
 145 0056 4F000000 		.4byte	.LASF5
 146 005a 02       		.uleb128 0x2
 147 005b 08       		.byte	0x8
 148 005c 05       		.byte	0x5
 149 005d 7F010000 		.4byte	.LASF6
 150 0061 02       		.uleb128 0x2
 151 0062 08       		.byte	0x8
 152 0063 07       		.byte	0x7
 153 0064 57010000 		.4byte	.LASF7
 154 0068 04       		.uleb128 0x4
 155 0069 04       		.byte	0x4
 156 006a 05       		.byte	0x5
 157 006b 696E7400 		.ascii	"int\000"
 158 006f 02       		.uleb128 0x2
 159 0070 04       		.byte	0x4
 160 0071 07       		.byte	0x7
 161 0072 4A010000 		.4byte	.LASF8
 162 0076 03       		.uleb128 0x3
 163 0077 6E010000 		.4byte	.LASF10
 164 007b 03       		.byte	0x3
 165 007c 2C       		.byte	0x2c
 166 007d 41000000 		.4byte	0x41
 167 0081 05       		.uleb128 0x5
 168 0082 C5010000 		.4byte	.LASF11
 169 0086 04       		.byte	0x4
 170 0087 9201     		.2byte	0x192
 171 0089 2C000000 		.4byte	0x2c
 172 008d 05       		.uleb128 0x5
 173 008e A7000000 		.4byte	.LASF12
 174 0092 04       		.byte	0x4
 175 0093 9401     		.2byte	0x194
 176 0095 53000000 		.4byte	0x53
 177 0099 05       		.uleb128 0x5
 178 009a A2000000 		.4byte	.LASF13
 179 009e 04       		.byte	0x4
 180 009f 9501     		.2byte	0x195
 181 00a1 25000000 		.4byte	0x25
 182 00a5 02       		.uleb128 0x2
 183 00a6 04       		.byte	0x4
 184 00a7 04       		.byte	0x4
 185 00a8 1B000000 		.4byte	.LASF14
 186 00ac 02       		.uleb128 0x2
 187 00ad 08       		.byte	0x8
 188 00ae 04       		.byte	0x4
 189 00af 96000000 		.4byte	.LASF15
 190 00b3 05       		.uleb128 0x5
 191 00b4 49000000 		.4byte	.LASF16
 192 00b8 04       		.byte	0x4
 193 00b9 A301     		.2byte	0x1a3
 194 00bb BF000000 		.4byte	0xbf
 195 00bf 02       		.uleb128 0x2
 196 00c0 01       		.byte	0x1
ARM GAS  C:\Users\HENRYA~1\AppData\Local\Temp\ccdMyjqs.s 			page 5


 197 00c1 08       		.byte	0x8
 198 00c2 8D010000 		.4byte	.LASF17
 199 00c6 02       		.uleb128 0x2
 200 00c7 04       		.byte	0x4
 201 00c8 07       		.byte	0x7
 202 00c9 76010000 		.4byte	.LASF18
 203 00cd 06       		.uleb128 0x6
 204 00ce 9D000000 		.4byte	.LASF31
 205 00d2 01       		.byte	0x1
 206 00d3 0F       		.byte	0xf
 207 00d4 68000000 		.4byte	0x68
 208 00d8 00000000 		.4byte	.LFB63
 209 00dc 48000000 		.4byte	.LFE63-.LFB63
 210 00e0 01       		.uleb128 0x1
 211 00e1 9C       		.byte	0x9c
 212 00e2 6C010000 		.4byte	0x16c
 213 00e6 07       		.uleb128 0x7
 214 00e7 08000000 		.4byte	.LVL0
 215 00eb 9F010000 		.4byte	0x19f
 216 00ef 07       		.uleb128 0x7
 217 00f0 0C000000 		.4byte	.LVL1
 218 00f4 A6010000 		.4byte	0x1a6
 219 00f8 08       		.uleb128 0x8
 220 00f9 14000000 		.4byte	.LVL2
 221 00fd AD010000 		.4byte	0x1ad
 222 0101 10010000 		.4byte	0x110
 223 0105 09       		.uleb128 0x9
 224 0106 01       		.uleb128 0x1
 225 0107 51       		.byte	0x51
 226 0108 01       		.uleb128 0x1
 227 0109 30       		.byte	0x30
 228 010a 09       		.uleb128 0x9
 229 010b 01       		.uleb128 0x1
 230 010c 50       		.byte	0x50
 231 010d 01       		.uleb128 0x1
 232 010e 30       		.byte	0x30
 233 010f 00       		.byte	0
 234 0110 08       		.uleb128 0x8
 235 0111 1A000000 		.4byte	.LVL3
 236 0115 C3010000 		.4byte	0x1c3
 237 0119 27010000 		.4byte	0x127
 238 011d 09       		.uleb128 0x9
 239 011e 01       		.uleb128 0x1
 240 011f 50       		.byte	0x50
 241 0120 05       		.uleb128 0x5
 242 0121 03       		.byte	0x3
 243 0122 00000000 		.4byte	.LC0
 244 0126 00       		.byte	0
 245 0127 07       		.uleb128 0x7
 246 0128 1E000000 		.4byte	.LVL4
 247 012c DF010000 		.4byte	0x1df
 248 0130 07       		.uleb128 0x7
 249 0131 26000000 		.4byte	.LVL5
 250 0135 EA010000 		.4byte	0x1ea
 251 0139 08       		.uleb128 0x8
 252 013a 2E000000 		.4byte	.LVL6
 253 013e AD010000 		.4byte	0x1ad
ARM GAS  C:\Users\HENRYA~1\AppData\Local\Temp\ccdMyjqs.s 			page 6


 254 0142 51010000 		.4byte	0x151
 255 0146 09       		.uleb128 0x9
 256 0147 01       		.uleb128 0x1
 257 0148 51       		.byte	0x51
 258 0149 01       		.uleb128 0x1
 259 014a 30       		.byte	0x30
 260 014b 09       		.uleb128 0x9
 261 014c 01       		.uleb128 0x1
 262 014d 50       		.byte	0x50
 263 014e 01       		.uleb128 0x1
 264 014f 31       		.byte	0x31
 265 0150 00       		.byte	0
 266 0151 07       		.uleb128 0x7
 267 0152 34000000 		.4byte	.LVL7
 268 0156 FB010000 		.4byte	0x1fb
 269 015a 0A       		.uleb128 0xa
 270 015b 3C000000 		.4byte	.LVL8
 271 015f 0C020000 		.4byte	0x20c
 272 0163 09       		.uleb128 0x9
 273 0164 01       		.uleb128 0x1
 274 0165 50       		.byte	0x50
 275 0166 03       		.uleb128 0x3
 276 0167 0A       		.byte	0xa
 277 0168 E803     		.2byte	0x3e8
 278 016a 00       		.byte	0
 279 016b 00       		.byte	0
 280 016c 0B       		.uleb128 0xb
 281 016d 81000000 		.4byte	.LASF19
 282 0171 05       		.byte	0x5
 283 0172 9606     		.2byte	0x696
 284 0174 78010000 		.4byte	0x178
 285 0178 0C       		.uleb128 0xc
 286 0179 76000000 		.4byte	0x76
 287 017d 0D       		.uleb128 0xd
 288 017e 8E000000 		.4byte	.LASF20
 289 0182 01       		.byte	0x1
 290 0183 0D       		.byte	0xd
 291 0184 99000000 		.4byte	0x99
 292 0188 05       		.uleb128 0x5
 293 0189 03       		.byte	0x3
 294 018a 00000000 		.4byte	dato_TX
 295 018e 0D       		.uleb128 0xd
 296 018f 0A000000 		.4byte	.LASF21
 297 0193 01       		.byte	0x1
 298 0194 0D       		.byte	0xd
 299 0195 99000000 		.4byte	0x99
 300 0199 05       		.uleb128 0x5
 301 019a 03       		.byte	0x3
 302 019b 00000000 		.4byte	dato_RX
 303 019f 0E       		.uleb128 0xe
 304 01a0 74000000 		.4byte	.LASF22
 305 01a4 06       		.byte	0x6
 306 01a5 4B       		.byte	0x4b
 307 01a6 0E       		.uleb128 0xe
 308 01a7 21000000 		.4byte	.LASF23
 309 01ab 07       		.byte	0x7
 310 01ac 38       		.byte	0x38
ARM GAS  C:\Users\HENRYA~1\AppData\Local\Temp\ccdMyjqs.s 			page 7


 311 01ad 0F       		.uleb128 0xf
 312 01ae 92010000 		.4byte	.LASF24
 313 01b2 07       		.byte	0x7
 314 01b3 3D       		.byte	0x3d
 315 01b4 C3010000 		.4byte	0x1c3
 316 01b8 10       		.uleb128 0x10
 317 01b9 81000000 		.4byte	0x81
 318 01bd 10       		.uleb128 0x10
 319 01be 81000000 		.4byte	0x81
 320 01c2 00       		.byte	0
 321 01c3 0F       		.uleb128 0xf
 322 01c4 32000000 		.4byte	.LASF25
 323 01c8 07       		.byte	0x7
 324 01c9 3C       		.byte	0x3c
 325 01ca D4010000 		.4byte	0x1d4
 326 01ce 10       		.uleb128 0x10
 327 01cf D4010000 		.4byte	0x1d4
 328 01d3 00       		.byte	0
 329 01d4 11       		.uleb128 0x11
 330 01d5 04       		.byte	0x4
 331 01d6 DA010000 		.4byte	0x1da
 332 01da 12       		.uleb128 0x12
 333 01db B3000000 		.4byte	0xb3
 334 01df 13       		.uleb128 0x13
 335 01e0 2F020000 		.4byte	.LASF32
 336 01e4 06       		.byte	0x6
 337 01e5 5C       		.byte	0x5c
 338 01e6 81000000 		.4byte	0x81
 339 01ea 0F       		.uleb128 0xf
 340 01eb 14020000 		.4byte	.LASF26
 341 01ef 06       		.byte	0x6
 342 01f0 55       		.byte	0x55
 343 01f1 FB010000 		.4byte	0x1fb
 344 01f5 10       		.uleb128 0x10
 345 01f6 81000000 		.4byte	0x81
 346 01fa 00       		.byte	0
 347 01fb 0F       		.uleb128 0xf
 348 01fc A6010000 		.4byte	.LASF27
 349 0200 07       		.byte	0x7
 350 0201 5D       		.byte	0x5d
 351 0202 0C020000 		.4byte	0x20c
 352 0206 10       		.uleb128 0x10
 353 0207 81000000 		.4byte	0x81
 354 020b 00       		.byte	0
 355 020c 14       		.uleb128 0x14
 356 020d 27020000 		.4byte	.LASF33
 357 0211 08       		.byte	0x8
 358 0212 76       		.byte	0x76
 359 0213 10       		.uleb128 0x10
 360 0214 8D000000 		.4byte	0x8d
 361 0218 00       		.byte	0
 362 0219 00       		.byte	0
 363              		.section	.debug_abbrev,"",%progbits
 364              	.Ldebug_abbrev0:
 365 0000 01       		.uleb128 0x1
 366 0001 11       		.uleb128 0x11
 367 0002 01       		.byte	0x1
ARM GAS  C:\Users\HENRYA~1\AppData\Local\Temp\ccdMyjqs.s 			page 8


 368 0003 25       		.uleb128 0x25
 369 0004 0E       		.uleb128 0xe
 370 0005 13       		.uleb128 0x13
 371 0006 0B       		.uleb128 0xb
 372 0007 03       		.uleb128 0x3
 373 0008 0E       		.uleb128 0xe
 374 0009 1B       		.uleb128 0x1b
 375 000a 0E       		.uleb128 0xe
 376 000b 55       		.uleb128 0x55
 377 000c 17       		.uleb128 0x17
 378 000d 11       		.uleb128 0x11
 379 000e 01       		.uleb128 0x1
 380 000f 10       		.uleb128 0x10
 381 0010 17       		.uleb128 0x17
 382 0011 00       		.byte	0
 383 0012 00       		.byte	0
 384 0013 02       		.uleb128 0x2
 385 0014 24       		.uleb128 0x24
 386 0015 00       		.byte	0
 387 0016 0B       		.uleb128 0xb
 388 0017 0B       		.uleb128 0xb
 389 0018 3E       		.uleb128 0x3e
 390 0019 0B       		.uleb128 0xb
 391 001a 03       		.uleb128 0x3
 392 001b 0E       		.uleb128 0xe
 393 001c 00       		.byte	0
 394 001d 00       		.byte	0
 395 001e 03       		.uleb128 0x3
 396 001f 16       		.uleb128 0x16
 397 0020 00       		.byte	0
 398 0021 03       		.uleb128 0x3
 399 0022 0E       		.uleb128 0xe
 400 0023 3A       		.uleb128 0x3a
 401 0024 0B       		.uleb128 0xb
 402 0025 3B       		.uleb128 0x3b
 403 0026 0B       		.uleb128 0xb
 404 0027 49       		.uleb128 0x49
 405 0028 13       		.uleb128 0x13
 406 0029 00       		.byte	0
 407 002a 00       		.byte	0
 408 002b 04       		.uleb128 0x4
 409 002c 24       		.uleb128 0x24
 410 002d 00       		.byte	0
 411 002e 0B       		.uleb128 0xb
 412 002f 0B       		.uleb128 0xb
 413 0030 3E       		.uleb128 0x3e
 414 0031 0B       		.uleb128 0xb
 415 0032 03       		.uleb128 0x3
 416 0033 08       		.uleb128 0x8
 417 0034 00       		.byte	0
 418 0035 00       		.byte	0
 419 0036 05       		.uleb128 0x5
 420 0037 16       		.uleb128 0x16
 421 0038 00       		.byte	0
 422 0039 03       		.uleb128 0x3
 423 003a 0E       		.uleb128 0xe
 424 003b 3A       		.uleb128 0x3a
ARM GAS  C:\Users\HENRYA~1\AppData\Local\Temp\ccdMyjqs.s 			page 9


 425 003c 0B       		.uleb128 0xb
 426 003d 3B       		.uleb128 0x3b
 427 003e 05       		.uleb128 0x5
 428 003f 49       		.uleb128 0x49
 429 0040 13       		.uleb128 0x13
 430 0041 00       		.byte	0
 431 0042 00       		.byte	0
 432 0043 06       		.uleb128 0x6
 433 0044 2E       		.uleb128 0x2e
 434 0045 01       		.byte	0x1
 435 0046 3F       		.uleb128 0x3f
 436 0047 19       		.uleb128 0x19
 437 0048 03       		.uleb128 0x3
 438 0049 0E       		.uleb128 0xe
 439 004a 3A       		.uleb128 0x3a
 440 004b 0B       		.uleb128 0xb
 441 004c 3B       		.uleb128 0x3b
 442 004d 0B       		.uleb128 0xb
 443 004e 49       		.uleb128 0x49
 444 004f 13       		.uleb128 0x13
 445 0050 11       		.uleb128 0x11
 446 0051 01       		.uleb128 0x1
 447 0052 12       		.uleb128 0x12
 448 0053 06       		.uleb128 0x6
 449 0054 40       		.uleb128 0x40
 450 0055 18       		.uleb128 0x18
 451 0056 9742     		.uleb128 0x2117
 452 0058 19       		.uleb128 0x19
 453 0059 01       		.uleb128 0x1
 454 005a 13       		.uleb128 0x13
 455 005b 00       		.byte	0
 456 005c 00       		.byte	0
 457 005d 07       		.uleb128 0x7
 458 005e 898201   		.uleb128 0x4109
 459 0061 00       		.byte	0
 460 0062 11       		.uleb128 0x11
 461 0063 01       		.uleb128 0x1
 462 0064 31       		.uleb128 0x31
 463 0065 13       		.uleb128 0x13
 464 0066 00       		.byte	0
 465 0067 00       		.byte	0
 466 0068 08       		.uleb128 0x8
 467 0069 898201   		.uleb128 0x4109
 468 006c 01       		.byte	0x1
 469 006d 11       		.uleb128 0x11
 470 006e 01       		.uleb128 0x1
 471 006f 31       		.uleb128 0x31
 472 0070 13       		.uleb128 0x13
 473 0071 01       		.uleb128 0x1
 474 0072 13       		.uleb128 0x13
 475 0073 00       		.byte	0
 476 0074 00       		.byte	0
 477 0075 09       		.uleb128 0x9
 478 0076 8A8201   		.uleb128 0x410a
 479 0079 00       		.byte	0
 480 007a 02       		.uleb128 0x2
 481 007b 18       		.uleb128 0x18
ARM GAS  C:\Users\HENRYA~1\AppData\Local\Temp\ccdMyjqs.s 			page 10


 482 007c 9142     		.uleb128 0x2111
 483 007e 18       		.uleb128 0x18
 484 007f 00       		.byte	0
 485 0080 00       		.byte	0
 486 0081 0A       		.uleb128 0xa
 487 0082 898201   		.uleb128 0x4109
 488 0085 01       		.byte	0x1
 489 0086 11       		.uleb128 0x11
 490 0087 01       		.uleb128 0x1
 491 0088 31       		.uleb128 0x31
 492 0089 13       		.uleb128 0x13
 493 008a 00       		.byte	0
 494 008b 00       		.byte	0
 495 008c 0B       		.uleb128 0xb
 496 008d 34       		.uleb128 0x34
 497 008e 00       		.byte	0
 498 008f 03       		.uleb128 0x3
 499 0090 0E       		.uleb128 0xe
 500 0091 3A       		.uleb128 0x3a
 501 0092 0B       		.uleb128 0xb
 502 0093 3B       		.uleb128 0x3b
 503 0094 05       		.uleb128 0x5
 504 0095 49       		.uleb128 0x49
 505 0096 13       		.uleb128 0x13
 506 0097 3F       		.uleb128 0x3f
 507 0098 19       		.uleb128 0x19
 508 0099 3C       		.uleb128 0x3c
 509 009a 19       		.uleb128 0x19
 510 009b 00       		.byte	0
 511 009c 00       		.byte	0
 512 009d 0C       		.uleb128 0xc
 513 009e 35       		.uleb128 0x35
 514 009f 00       		.byte	0
 515 00a0 49       		.uleb128 0x49
 516 00a1 13       		.uleb128 0x13
 517 00a2 00       		.byte	0
 518 00a3 00       		.byte	0
 519 00a4 0D       		.uleb128 0xd
 520 00a5 34       		.uleb128 0x34
 521 00a6 00       		.byte	0
 522 00a7 03       		.uleb128 0x3
 523 00a8 0E       		.uleb128 0xe
 524 00a9 3A       		.uleb128 0x3a
 525 00aa 0B       		.uleb128 0xb
 526 00ab 3B       		.uleb128 0x3b
 527 00ac 0B       		.uleb128 0xb
 528 00ad 49       		.uleb128 0x49
 529 00ae 13       		.uleb128 0x13
 530 00af 3F       		.uleb128 0x3f
 531 00b0 19       		.uleb128 0x19
 532 00b1 02       		.uleb128 0x2
 533 00b2 18       		.uleb128 0x18
 534 00b3 00       		.byte	0
 535 00b4 00       		.byte	0
 536 00b5 0E       		.uleb128 0xe
 537 00b6 2E       		.uleb128 0x2e
 538 00b7 00       		.byte	0
ARM GAS  C:\Users\HENRYA~1\AppData\Local\Temp\ccdMyjqs.s 			page 11


 539 00b8 3F       		.uleb128 0x3f
 540 00b9 19       		.uleb128 0x19
 541 00ba 03       		.uleb128 0x3
 542 00bb 0E       		.uleb128 0xe
 543 00bc 3A       		.uleb128 0x3a
 544 00bd 0B       		.uleb128 0xb
 545 00be 3B       		.uleb128 0x3b
 546 00bf 0B       		.uleb128 0xb
 547 00c0 27       		.uleb128 0x27
 548 00c1 19       		.uleb128 0x19
 549 00c2 3C       		.uleb128 0x3c
 550 00c3 19       		.uleb128 0x19
 551 00c4 00       		.byte	0
 552 00c5 00       		.byte	0
 553 00c6 0F       		.uleb128 0xf
 554 00c7 2E       		.uleb128 0x2e
 555 00c8 01       		.byte	0x1
 556 00c9 3F       		.uleb128 0x3f
 557 00ca 19       		.uleb128 0x19
 558 00cb 03       		.uleb128 0x3
 559 00cc 0E       		.uleb128 0xe
 560 00cd 3A       		.uleb128 0x3a
 561 00ce 0B       		.uleb128 0xb
 562 00cf 3B       		.uleb128 0x3b
 563 00d0 0B       		.uleb128 0xb
 564 00d1 27       		.uleb128 0x27
 565 00d2 19       		.uleb128 0x19
 566 00d3 3C       		.uleb128 0x3c
 567 00d4 19       		.uleb128 0x19
 568 00d5 01       		.uleb128 0x1
 569 00d6 13       		.uleb128 0x13
 570 00d7 00       		.byte	0
 571 00d8 00       		.byte	0
 572 00d9 10       		.uleb128 0x10
 573 00da 05       		.uleb128 0x5
 574 00db 00       		.byte	0
 575 00dc 49       		.uleb128 0x49
 576 00dd 13       		.uleb128 0x13
 577 00de 00       		.byte	0
 578 00df 00       		.byte	0
 579 00e0 11       		.uleb128 0x11
 580 00e1 0F       		.uleb128 0xf
 581 00e2 00       		.byte	0
 582 00e3 0B       		.uleb128 0xb
 583 00e4 0B       		.uleb128 0xb
 584 00e5 49       		.uleb128 0x49
 585 00e6 13       		.uleb128 0x13
 586 00e7 00       		.byte	0
 587 00e8 00       		.byte	0
 588 00e9 12       		.uleb128 0x12
 589 00ea 26       		.uleb128 0x26
 590 00eb 00       		.byte	0
 591 00ec 49       		.uleb128 0x49
 592 00ed 13       		.uleb128 0x13
 593 00ee 00       		.byte	0
 594 00ef 00       		.byte	0
 595 00f0 13       		.uleb128 0x13
ARM GAS  C:\Users\HENRYA~1\AppData\Local\Temp\ccdMyjqs.s 			page 12


 596 00f1 2E       		.uleb128 0x2e
 597 00f2 00       		.byte	0
 598 00f3 3F       		.uleb128 0x3f
 599 00f4 19       		.uleb128 0x19
 600 00f5 03       		.uleb128 0x3
 601 00f6 0E       		.uleb128 0xe
 602 00f7 3A       		.uleb128 0x3a
 603 00f8 0B       		.uleb128 0xb
 604 00f9 3B       		.uleb128 0x3b
 605 00fa 0B       		.uleb128 0xb
 606 00fb 27       		.uleb128 0x27
 607 00fc 19       		.uleb128 0x19
 608 00fd 49       		.uleb128 0x49
 609 00fe 13       		.uleb128 0x13
 610 00ff 3C       		.uleb128 0x3c
 611 0100 19       		.uleb128 0x19
 612 0101 00       		.byte	0
 613 0102 00       		.byte	0
 614 0103 14       		.uleb128 0x14
 615 0104 2E       		.uleb128 0x2e
 616 0105 01       		.byte	0x1
 617 0106 3F       		.uleb128 0x3f
 618 0107 19       		.uleb128 0x19
 619 0108 03       		.uleb128 0x3
 620 0109 0E       		.uleb128 0xe
 621 010a 3A       		.uleb128 0x3a
 622 010b 0B       		.uleb128 0xb
 623 010c 3B       		.uleb128 0x3b
 624 010d 0B       		.uleb128 0xb
 625 010e 27       		.uleb128 0x27
 626 010f 19       		.uleb128 0x19
 627 0110 3C       		.uleb128 0x3c
 628 0111 19       		.uleb128 0x19
 629 0112 00       		.byte	0
 630 0113 00       		.byte	0
 631 0114 00       		.byte	0
 632              		.section	.debug_aranges,"",%progbits
 633 0000 1C000000 		.4byte	0x1c
 634 0004 0200     		.2byte	0x2
 635 0006 00000000 		.4byte	.Ldebug_info0
 636 000a 04       		.byte	0x4
 637 000b 00       		.byte	0
 638 000c 0000     		.2byte	0
 639 000e 0000     		.2byte	0
 640 0010 00000000 		.4byte	.LFB63
 641 0014 48000000 		.4byte	.LFE63-.LFB63
 642 0018 00000000 		.4byte	0
 643 001c 00000000 		.4byte	0
 644              		.section	.debug_ranges,"",%progbits
 645              	.Ldebug_ranges0:
 646 0000 00000000 		.4byte	.LFB63
 647 0004 48000000 		.4byte	.LFE63
 648 0008 00000000 		.4byte	0
 649 000c 00000000 		.4byte	0
 650              		.section	.debug_line,"",%progbits
 651              	.Ldebug_line0:
 652 0000 A8010000 		.section	.debug_str,"MS",%progbits,1
ARM GAS  C:\Users\HENRYA~1\AppData\Local\Temp\ccdMyjqs.s 			page 13


 652      02007001 
 652      00000201 
 652      FB0E0D00 
 652      01010101 
 653              	.LASF9:
 654 0000 5F5F696E 		.ascii	"__int32_t\000"
 654      7433325F 
 654      7400
 655              	.LASF21:
 656 000a 6461746F 		.ascii	"dato_RX\000"
 656      5F525800 
 657              	.LASF29:
 658 0012 2E5C6D61 		.ascii	".\\main.c\000"
 658      696E2E63 
 658      00
 659              	.LASF14:
 660 001b 666C6F61 		.ascii	"float\000"
 660      7400
 661              	.LASF23:
 662 0021 4C43445F 		.ascii	"LCD_Char_1_Start\000"
 662      43686172 
 662      5F315F53 
 662      74617274 
 662      00
 663              	.LASF25:
 664 0032 4C43445F 		.ascii	"LCD_Char_1_PrintString\000"
 664      43686172 
 664      5F315F50 
 664      72696E74 
 664      53747269 
 665              	.LASF16:
 666 0049 63686172 		.ascii	"char8\000"
 666      3800
 667              	.LASF5:
 668 004f 6C6F6E67 		.ascii	"long unsigned int\000"
 668      20756E73 
 668      69676E65 
 668      6420696E 
 668      7400
 669              	.LASF3:
 670 0061 73686F72 		.ascii	"short unsigned int\000"
 670      7420756E 
 670      7369676E 
 670      65642069 
 670      6E7400
 671              	.LASF22:
 672 0074 53504953 		.ascii	"SPIS_1_Start\000"
 672      5F315F53 
 672      74617274 
 672      00
 673              	.LASF19:
 674 0081 49544D5F 		.ascii	"ITM_RxBuffer\000"
 674      52784275 
 674      66666572 
 674      00
 675              	.LASF20:
 676 008e 6461746F 		.ascii	"dato_TX\000"
ARM GAS  C:\Users\HENRYA~1\AppData\Local\Temp\ccdMyjqs.s 			page 14


 676      5F545800 
 677              	.LASF15:
 678 0096 646F7562 		.ascii	"double\000"
 678      6C6500
 679              	.LASF31:
 680 009d 6D61696E 		.ascii	"main\000"
 680      00
 681              	.LASF13:
 682 00a2 696E7438 		.ascii	"int8\000"
 682      00
 683              	.LASF12:
 684 00a7 75696E74 		.ascii	"uint32\000"
 684      333200
 685              	.LASF28:
 686 00ae 474E5520 		.ascii	"GNU C 4.9.3 20150303 (release) [ARM/embedded-4_9-br"
 686      4320342E 
 686      392E3320 
 686      32303135 
 686      30333033 
 687 00e1 616E6368 		.ascii	"anch revision 221220] -mcpu=cortex-m3 -mthumb -g -O"
 687      20726576 
 687      6973696F 
 687      6E203232 
 687      31323230 
 688 0114 67202D66 		.ascii	"g -ffunction-sections -ffat-lto-objects\000"
 688      66756E63 
 688      74696F6E 
 688      2D736563 
 688      74696F6E 
 689              	.LASF1:
 690 013c 756E7369 		.ascii	"unsigned char\000"
 690      676E6564 
 690      20636861 
 690      7200
 691              	.LASF8:
 692 014a 756E7369 		.ascii	"unsigned int\000"
 692      676E6564 
 692      20696E74 
 692      00
 693              	.LASF7:
 694 0157 6C6F6E67 		.ascii	"long long unsigned int\000"
 694      206C6F6E 
 694      6720756E 
 694      7369676E 
 694      65642069 
 695              	.LASF10:
 696 016e 696E7433 		.ascii	"int32_t\000"
 696      325F7400 
 697              	.LASF18:
 698 0176 73697A65 		.ascii	"sizetype\000"
 698      74797065 
 698      00
 699              	.LASF6:
 700 017f 6C6F6E67 		.ascii	"long long int\000"
 700      206C6F6E 
 700      6720696E 
 700      7400
ARM GAS  C:\Users\HENRYA~1\AppData\Local\Temp\ccdMyjqs.s 			page 15


 701              	.LASF17:
 702 018d 63686172 		.ascii	"char\000"
 702      00
 703              	.LASF24:
 704 0192 4C43445F 		.ascii	"LCD_Char_1_Position\000"
 704      43686172 
 704      5F315F50 
 704      6F736974 
 704      696F6E00 
 705              	.LASF27:
 706 01a6 4C43445F 		.ascii	"LCD_Char_1_PrintInt8\000"
 706      43686172 
 706      5F315F50 
 706      72696E74 
 706      496E7438 
 707              	.LASF2:
 708 01bb 73686F72 		.ascii	"short int\000"
 708      7420696E 
 708      7400
 709              	.LASF11:
 710 01c5 75696E74 		.ascii	"uint8\000"
 710      3800
 711              	.LASF4:
 712 01cb 6C6F6E67 		.ascii	"long int\000"
 712      20696E74 
 712      00
 713              	.LASF30:
 714 01d4 433A5C55 		.ascii	"C:\\Users\\Henry Alberto\\Desktop\\SPI\\NODO_SLAVE."
 714      73657273 
 714      5C48656E 
 714      72792041 
 714      6C626572 
 715 0202 63796473 		.ascii	"cydsn\000"
 715      6E00
 716              	.LASF0:
 717 0208 7369676E 		.ascii	"signed char\000"
 717      65642063 
 717      68617200 
 718              	.LASF26:
 719 0214 53504953 		.ascii	"SPIS_1_WriteTxData\000"
 719      5F315F57 
 719      72697465 
 719      54784461 
 719      746100
 720              	.LASF33:
 721 0227 43794465 		.ascii	"CyDelay\000"
 721      6C617900 
 722              	.LASF32:
 723 022f 53504953 		.ascii	"SPIS_1_ReadRxData\000"
 723      5F315F52 
 723      65616452 
 723      78446174 
 723      6100
 724              		.ident	"GCC: (GNU Tools for ARM Embedded Processors) 4.9.3 20150303 (release) [ARM/embedded-4_9-br
