ARM GAS  C:\Users\HENRYA~1\AppData\Local\Temp\ccmHVlmv.s 			page 1


   1              		.syntax unified
   2              		.cpu cortex-m3
   3              		.fpu softvfp
   4              		.eabi_attribute 20, 1
   5              		.eabi_attribute 21, 1
   6              		.eabi_attribute 23, 3
   7              		.eabi_attribute 24, 1
   8              		.eabi_attribute 25, 1
   9              		.eabi_attribute 26, 1
  10              		.eabi_attribute 30, 1
  11              		.eabi_attribute 34, 1
  12              		.eabi_attribute 18, 4
  13              		.thumb
  14              		.file	"cymetadata.c"
  15              		.text
  16              	.Ltext0:
  17              		.cfi_sections	.debug_frame
  18              		.global	cy_metadata
  19              		.global	cy_meta_flashprotect
  20              		.global	cy_meta_wonvl
  21              		.global	cy_meta_custnvl
  22              		.global	cy_meta_configecc
  23              		.section	.cyconfigecc,"a",%progbits
  24              		.align	2
  25              		.type	cy_meta_configecc, %object
  26              		.size	cy_meta_configecc, 728
  27              	cy_meta_configecc:
  28 0000 02       		.byte	2
  29 0001 52       		.byte	82
  30 0002 00       		.byte	0
  31 0003 40       		.byte	64
  32 0004 03       		.byte	3
  33 0005 64       		.byte	100
  34 0006 00       		.byte	0
  35 0007 40       		.byte	64
  36 0008 10       		.byte	16
  37 0009 00       		.byte	0
  38 000a 01       		.byte	1
  39 000b 40       		.byte	64
  40 000c 32       		.byte	50
  41 000d 01       		.byte	1
  42 000e 01       		.byte	1
  43 000f 40       		.byte	64
  44 0010 6B       		.byte	107
  45 0011 02       		.byte	2
  46 0012 01       		.byte	1
  47 0013 40       		.byte	64
  48 0014 4F       		.byte	79
  49 0015 03       		.byte	3
  50 0016 01       		.byte	1
  51 0017 40       		.byte	64
  52 0018 03       		.byte	3
  53 0019 05       		.byte	5
  54 001a 01       		.byte	1
  55 001b 40       		.byte	64
  56 001c 04       		.byte	4
  57 001d 41       		.byte	65
ARM GAS  C:\Users\HENRYA~1\AppData\Local\Temp\ccmHVlmv.s 			page 2


  58 001e 01       		.byte	1
  59 001f 40       		.byte	64
  60 0020 04       		.byte	4
  61 0021 42       		.byte	66
  62 0022 01       		.byte	1
  63 0023 40       		.byte	64
  64 0024 02       		.byte	2
  65 0025 50       		.byte	80
  66 0026 01       		.byte	1
  67 0027 40       		.byte	64
  68 0028 00       		.byte	0
  69 0029 20       		.byte	32
  70 002a 04       		.byte	4
  71 002b 80       		.byte	-128
  72 002c 80       		.byte	-128
  73 002d 0F       		.byte	15
  74 002e 81       		.byte	-127
  75 002f 72       		.byte	114
  76 0030 82       		.byte	-126
  77 0031 38       		.byte	56
  78 0032 00       		.byte	0
  79 0033 04       		.byte	4
  80 0034 04       		.byte	4
  81 0035 03       		.byte	3
  82 0036 08       		.byte	8
  83 0037 03       		.byte	3
  84 0038 0C       		.byte	12
  85 0039 02       		.byte	2
  86 003a 0E       		.byte	14
  87 003b 01       		.byte	1
  88 003c 24       		.byte	36
  89 003d 02       		.byte	2
  90 003e 26       		.byte	38
  91 003f 01       		.byte	1
  92 0040 30       		.byte	48
  93 0041 01       		.byte	1
  94 0042 32       		.byte	50
  95 0043 04       		.byte	4
  96 0044 34       		.byte	52
  97 0045 02       		.byte	2
  98 0046 38       		.byte	56
  99 0047 02       		.byte	2
 100 0048 3E       		.byte	62
 101 0049 14       		.byte	20
 102 004a 54       		.byte	84
 103 004b 01       		.byte	1
 104 004c 58       		.byte	88
 105 004d 04       		.byte	4
 106 004e 5B       		.byte	91
 107 004f 04       		.byte	4
 108 0050 5F       		.byte	95
 109 0051 01       		.byte	1
 110 0052 00       		.byte	0
 111 0053 14       		.byte	20
 112 0054 01       		.byte	1
 113 0055 42       		.byte	66
 114 0056 03       		.byte	3
ARM GAS  C:\Users\HENRYA~1\AppData\Local\Temp\ccmHVlmv.s 			page 3


 115 0057 02       		.byte	2
 116 0058 04       		.byte	4
 117 0059 54       		.byte	84
 118 005a 0D       		.byte	13
 119 005b 80       		.byte	-128
 120 005c 0E       		.byte	14
 121 005d 88       		.byte	-120
 122 005e 0F       		.byte	15
 123 005f 60       		.byte	96
 124 0060 12       		.byte	18
 125 0061 20       		.byte	32
 126 0062 15       		.byte	21
 127 0063 40       		.byte	64
 128 0064 17       		.byte	23
 129 0065 1A       		.byte	26
 130 0066 19       		.byte	25
 131 0067 24       		.byte	36
 132 0068 1B       		.byte	27
 133 0069 01       		.byte	1
 134 006a 1C       		.byte	28
 135 006b 14       		.byte	20
 136 006c 1D       		.byte	29
 137 006d 28       		.byte	40
 138 006e 1F       		.byte	31
 139 006f 6A       		.byte	106
 140 0070 24       		.byte	36
 141 0071 20       		.byte	32
 142 0072 26       		.byte	38
 143 0073 21       		.byte	33
 144 0074 2F       		.byte	47
 145 0075 69       		.byte	105
 146 0076 34       		.byte	52
 147 0077 02       		.byte	2
 148 0078 36       		.byte	54
 149 0079 48       		.byte	72
 150 007a 37       		.byte	55
 151 007b 10       		.byte	16
 152 007c 3C       		.byte	60
 153 007d 20       		.byte	32
 154 007e 3D       		.byte	61
 155 007f 40       		.byte	64
 156 0080 3E       		.byte	62
 157 0081 0A       		.byte	10
 158 0082 40       		.byte	64
 159 0083 20       		.byte	32
 160 0084 41       		.byte	65
 161 0085 04       		.byte	4
 162 0086 45       		.byte	69
 163 0087 28       		.byte	40
 164 0088 47       		.byte	71
 165 0089 40       		.byte	64
 166 008a 4E       		.byte	78
 167 008b 08       		.byte	8
 168 008c 4F       		.byte	79
 169 008d A0       		.byte	-96
 170 008e 56       		.byte	86
 171 008f 81       		.byte	-127
ARM GAS  C:\Users\HENRYA~1\AppData\Local\Temp\ccmHVlmv.s 			page 4


 172 0090 58       		.byte	88
 173 0091 20       		.byte	32
 174 0092 59       		.byte	89
 175 0093 05       		.byte	5
 176 0094 5A       		.byte	90
 177 0095 80       		.byte	-128
 178 0096 5D       		.byte	93
 179 0097 20       		.byte	32
 180 0098 6D       		.byte	109
 181 0099 20       		.byte	32
 182 009a 6E       		.byte	110
 183 009b 44       		.byte	68
 184 009c 76       		.byte	118
 185 009d 0A       		.byte	10
 186 009e 77       		.byte	119
 187 009f 1A       		.byte	26
 188 00a0 86       		.byte	-122
 189 00a1 20       		.byte	32
 190 00a2 87       		.byte	-121
 191 00a3 40       		.byte	64
 192 00a4 C0       		.byte	-64
 193 00a5 EF       		.byte	-17
 194 00a6 C2       		.byte	-62
 195 00a7 F0       		.byte	-16
 196 00a8 C4       		.byte	-60
 197 00a9 F4       		.byte	-12
 198 00aa CA       		.byte	-54
 199 00ab F0       		.byte	-16
 200 00ac CC       		.byte	-52
 201 00ad F0       		.byte	-16
 202 00ae CE       		.byte	-50
 203 00af F0       		.byte	-16
 204 00b0 D0       		.byte	-48
 205 00b1 70       		.byte	112
 206 00b2 D2       		.byte	-46
 207 00b3 30       		.byte	48
 208 00b4 D6       		.byte	-42
 209 00b5 2F       		.byte	47
 210 00b6 00       		.byte	0
 211 00b7 2C       		.byte	44
 212 00b8 02       		.byte	2
 213 00b9 03       		.byte	3
 214 00ba 05       		.byte	5
 215 00bb E7       		.byte	-25
 216 00bc 09       		.byte	9
 217 00bd E7       		.byte	-25
 218 00be 0A       		.byte	10
 219 00bf 40       		.byte	64
 220 00c0 0C       		.byte	12
 221 00c1 31       		.byte	49
 222 00c2 0D       		.byte	13
 223 00c3 80       		.byte	-128
 224 00c4 0E       		.byte	14
 225 00c5 0E       		.byte	14
 226 00c6 11       		.byte	17
 227 00c7 01       		.byte	1
 228 00c8 12       		.byte	18
ARM GAS  C:\Users\HENRYA~1\AppData\Local\Temp\ccmHVlmv.s 			page 5


 229 00c9 08       		.byte	8
 230 00ca 13       		.byte	19
 231 00cb 0E       		.byte	14
 232 00cc 15       		.byte	21
 233 00cd 44       		.byte	68
 234 00ce 16       		.byte	22
 235 00cf 0C       		.byte	12
 236 00d0 17       		.byte	23
 237 00d1 31       		.byte	49
 238 00d2 1E       		.byte	30
 239 00d3 80       		.byte	-128
 240 00d4 22       		.byte	34
 241 00d5 40       		.byte	64
 242 00d6 26       		.byte	38
 243 00d7 13       		.byte	19
 244 00d8 28       		.byte	40
 245 00d9 31       		.byte	49
 246 00da 2A       		.byte	42
 247 00db 06       		.byte	6
 248 00dc 2D       		.byte	45
 249 00dd 22       		.byte	34
 250 00de 2E       		.byte	46
 251 00df 80       		.byte	-128
 252 00e0 2F       		.byte	47
 253 00e1 51       		.byte	81
 254 00e2 30       		.byte	48
 255 00e3 40       		.byte	64
 256 00e4 31       		.byte	49
 257 00e5 18       		.byte	24
 258 00e6 32       		.byte	50
 259 00e7 80       		.byte	-128
 260 00e8 33       		.byte	51
 261 00e9 80       		.byte	-128
 262 00ea 34       		.byte	52
 263 00eb 30       		.byte	48
 264 00ec 35       		.byte	53
 265 00ed 60       		.byte	96
 266 00ee 36       		.byte	54
 267 00ef 0F       		.byte	15
 268 00f0 37       		.byte	55
 269 00f1 07       		.byte	7
 270 00f2 38       		.byte	56
 271 00f3 20       		.byte	32
 272 00f4 3A       		.byte	58
 273 00f5 80       		.byte	-128
 274 00f6 3E       		.byte	62
 275 00f7 15       		.byte	21
 276 00f8 3F       		.byte	63
 277 00f9 01       		.byte	1
 278 00fa 40       		.byte	64
 279 00fb 02       		.byte	2
 280 00fc 46       		.byte	70
 281 00fd 04       		.byte	4
 282 00fe 49       		.byte	73
 283 00ff FF       		.byte	-1
 284 0100 4A       		.byte	74
 285 0101 07       		.byte	7
ARM GAS  C:\Users\HENRYA~1\AppData\Local\Temp\ccmHVlmv.s 			page 6


 286 0102 4B       		.byte	75
 287 0103 FF       		.byte	-1
 288 0104 4C       		.byte	76
 289 0105 40       		.byte	64
 290 0106 4D       		.byte	77
 291 0107 20       		.byte	32
 292 0108 4E       		.byte	78
 293 0109 F0       		.byte	-16
 294 010a 4F       		.byte	79
 295 010b 05       		.byte	5
 296 010c 50       		.byte	80
 297 010d 08       		.byte	8
 298 010e 54       		.byte	84
 299 010f 18       		.byte	24
 300 0110 58       		.byte	88
 301 0111 04       		.byte	4
 302 0112 59       		.byte	89
 303 0113 04       		.byte	4
 304 0114 5A       		.byte	90
 305 0115 04       		.byte	4
 306 0116 5B       		.byte	91
 307 0117 04       		.byte	4
 308 0118 5F       		.byte	95
 309 0119 01       		.byte	1
 310 011a 60       		.byte	96
 311 011b 40       		.byte	64
 312 011c 61       		.byte	97
 313 011d A8       		.byte	-88
 314 011e 62       		.byte	98
 315 011f 40       		.byte	64
 316 0120 63       		.byte	99
 317 0121 20       		.byte	32
 318 0122 80       		.byte	-128
 319 0123 DC       		.byte	-36
 320 0124 82       		.byte	-126
 321 0125 22       		.byte	34
 322 0126 84       		.byte	-124
 323 0127 14       		.byte	20
 324 0128 85       		.byte	-123
 325 0129 03       		.byte	3
 326 012a 87       		.byte	-121
 327 012b 44       		.byte	68
 328 012c 8B       		.byte	-117
 329 012d 08       		.byte	8
 330 012e 8D       		.byte	-115
 331 012f 53       		.byte	83
 332 0130 8F       		.byte	-113
 333 0131 04       		.byte	4
 334 0132 90       		.byte	-112
 335 0133 0C       		.byte	12
 336 0134 91       		.byte	-111
 337 0135 80       		.byte	-128
 338 0136 92       		.byte	-110
 339 0137 71       		.byte	113
 340 0138 94       		.byte	-108
 341 0139 09       		.byte	9
 342 013a 95       		.byte	-107
ARM GAS  C:\Users\HENRYA~1\AppData\Local\Temp\ccmHVlmv.s 			page 7


 343 013b 53       		.byte	83
 344 013c 96       		.byte	-106
 345 013d D0       		.byte	-48
 346 013e 97       		.byte	-105
 347 013f 0C       		.byte	12
 348 0140 9E       		.byte	-98
 349 0141 03       		.byte	3
 350 0142 A5       		.byte	-91
 351 0143 20       		.byte	32
 352 0144 A6       		.byte	-90
 353 0145 20       		.byte	32
 354 0146 A7       		.byte	-89
 355 0147 45       		.byte	69
 356 0148 A8       		.byte	-88
 357 0149 10       		.byte	16
 358 014a AA       		.byte	-86
 359 014b AC       		.byte	-84
 360 014c AC       		.byte	-84
 361 014d 10       		.byte	16
 362 014e AD       		.byte	-83
 363 014f 0A       		.byte	10
 364 0150 AE       		.byte	-82
 365 0151 40       		.byte	64
 366 0152 AF       		.byte	-81
 367 0153 54       		.byte	84
 368 0154 B0       		.byte	-80
 369 0155 E0       		.byte	-32
 370 0156 B1       		.byte	-79
 371 0157 80       		.byte	-128
 372 0158 B3       		.byte	-77
 373 0159 30       		.byte	48
 374 015a B5       		.byte	-75
 375 015b 0F       		.byte	15
 376 015c B6       		.byte	-74
 377 015d 1F       		.byte	31
 378 015e B7       		.byte	-73
 379 015f 40       		.byte	64
 380 0160 B9       		.byte	-71
 381 0161 08       		.byte	8
 382 0162 BA       		.byte	-70
 383 0163 02       		.byte	2
 384 0164 BB       		.byte	-69
 385 0165 20       		.byte	32
 386 0166 BF       		.byte	-65
 387 0167 41       		.byte	65
 388 0168 C0       		.byte	-64
 389 0169 23       		.byte	35
 390 016a C1       		.byte	-63
 391 016b 05       		.byte	5
 392 016c C5       		.byte	-59
 393 016d EB       		.byte	-21
 394 016e C7       		.byte	-57
 395 016f 0C       		.byte	12
 396 0170 C8       		.byte	-56
 397 0171 13       		.byte	19
 398 0172 C9       		.byte	-55
 399 0173 FF       		.byte	-1
ARM GAS  C:\Users\HENRYA~1\AppData\Local\Temp\ccmHVlmv.s 			page 8


 400 0174 CA       		.byte	-54
 401 0175 FF       		.byte	-1
 402 0176 CB       		.byte	-53
 403 0177 FF       		.byte	-1
 404 0178 CE       		.byte	-50
 405 0179 F0       		.byte	-16
 406 017a CF       		.byte	-49
 407 017b 44       		.byte	68
 408 017c D0       		.byte	-48
 409 017d 0C       		.byte	12
 410 017e D8       		.byte	-40
 411 017f 04       		.byte	4
 412 0180 D9       		.byte	-39
 413 0181 04       		.byte	4
 414 0182 DA       		.byte	-38
 415 0183 04       		.byte	4
 416 0184 DF       		.byte	-33
 417 0185 01       		.byte	1
 418 0186 E6       		.byte	-26
 419 0187 C0       		.byte	-64
 420 0188 EA       		.byte	-22
 421 0189 40       		.byte	64
 422 018a EB       		.byte	-21
 423 018b 02       		.byte	2
 424 018c 00       		.byte	0
 425 018d 01       		.byte	1
 426 018e 01       		.byte	1
 427 018f 88       		.byte	-120
 428 0190 03       		.byte	3
 429 0191 02       		.byte	2
 430 0192 04       		.byte	4
 431 0193 A1       		.byte	-95
 432 0194 0A       		.byte	10
 433 0195 02       		.byte	2
 434 0196 0B       		.byte	11
 435 0197 50       		.byte	80
 436 0198 0F       		.byte	15
 437 0199 92       		.byte	-110
 438 019a 10       		.byte	16
 439 019b 04       		.byte	4
 440 019c 11       		.byte	17
 441 019d 80       		.byte	-128
 442 019e 12       		.byte	18
 443 019f 10       		.byte	16
 444 01a0 14       		.byte	20
 445 01a1 04       		.byte	4
 446 01a2 15       		.byte	21
 447 01a3 20       		.byte	32
 448 01a4 16       		.byte	22
 449 01a5 91       		.byte	-111
 450 01a6 18       		.byte	24
 451 01a7 80       		.byte	-128
 452 01a8 1A       		.byte	26
 453 01a9 02       		.byte	2
 454 01aa 1C       		.byte	28
 455 01ab 01       		.byte	1
 456 01ac 1D       		.byte	29
ARM GAS  C:\Users\HENRYA~1\AppData\Local\Temp\ccmHVlmv.s 			page 9


 457 01ad 60       		.byte	96
 458 01ae 1F       		.byte	31
 459 01af 06       		.byte	6
 460 01b0 21       		.byte	33
 461 01b1 10       		.byte	16
 462 01b2 22       		.byte	34
 463 01b3 42       		.byte	66
 464 01b4 23       		.byte	35
 465 01b5 10       		.byte	16
 466 01b6 25       		.byte	37
 467 01b7 80       		.byte	-128
 468 01b8 26       		.byte	38
 469 01b9 08       		.byte	8
 470 01ba 27       		.byte	39
 471 01bb 49       		.byte	73
 472 01bc 29       		.byte	41
 473 01bd 40       		.byte	64
 474 01be 2B       		.byte	43
 475 01bf 10       		.byte	16
 476 01c0 2F       		.byte	47
 477 01c1 01       		.byte	1
 478 01c2 30       		.byte	48
 479 01c3 04       		.byte	4
 480 01c4 32       		.byte	50
 481 01c5 01       		.byte	1
 482 01c6 34       		.byte	52
 483 01c7 02       		.byte	2
 484 01c8 36       		.byte	54
 485 01c9 04       		.byte	4
 486 01ca 37       		.byte	55
 487 01cb 09       		.byte	9
 488 01cc 38       		.byte	56
 489 01cd 80       		.byte	-128
 490 01ce 39       		.byte	57
 491 01cf 08       		.byte	8
 492 01d0 3B       		.byte	59
 493 01d1 50       		.byte	80
 494 01d2 3D       		.byte	61
 495 01d3 20       		.byte	32
 496 01d4 3E       		.byte	62
 497 01d5 44       		.byte	68
 498 01d6 41       		.byte	65
 499 01d7 10       		.byte	16
 500 01d8 42       		.byte	66
 501 01d9 20       		.byte	32
 502 01da 45       		.byte	69
 503 01db 20       		.byte	32
 504 01dc 49       		.byte	73
 505 01dd 0B       		.byte	11
 506 01de 4B       		.byte	75
 507 01df 40       		.byte	64
 508 01e0 51       		.byte	81
 509 01e1 04       		.byte	4
 510 01e2 55       		.byte	85
 511 01e3 40       		.byte	64
 512 01e4 56       		.byte	86
 513 01e5 30       		.byte	48
ARM GAS  C:\Users\HENRYA~1\AppData\Local\Temp\ccmHVlmv.s 			page 10


 514 01e6 57       		.byte	87
 515 01e7 50       		.byte	80
 516 01e8 5E       		.byte	94
 517 01e9 02       		.byte	2
 518 01ea 65       		.byte	101
 519 01eb 80       		.byte	-128
 520 01ec 67       		.byte	103
 521 01ed 08       		.byte	8
 522 01ee 84       		.byte	-124
 523 01ef 10       		.byte	16
 524 01f0 87       		.byte	-121
 525 01f1 08       		.byte	8
 526 01f2 90       		.byte	-112
 527 01f3 20       		.byte	32
 528 01f4 92       		.byte	-110
 529 01f5 44       		.byte	68
 530 01f6 94       		.byte	-108
 531 01f7 40       		.byte	64
 532 01f8 95       		.byte	-107
 533 01f9 08       		.byte	8
 534 01fa 96       		.byte	-106
 535 01fb 80       		.byte	-128
 536 01fc 97       		.byte	-105
 537 01fd 02       		.byte	2
 538 01fe 9A       		.byte	-102
 539 01ff 81       		.byte	-127
 540 0200 9C       		.byte	-100
 541 0201 02       		.byte	2
 542 0202 9D       		.byte	-99
 543 0203 03       		.byte	3
 544 0204 9F       		.byte	-97
 545 0205 40       		.byte	64
 546 0206 A1       		.byte	-95
 547 0207 10       		.byte	16
 548 0208 A2       		.byte	-94
 549 0209 01       		.byte	1
 550 020a A3       		.byte	-93
 551 020b 01       		.byte	1
 552 020c A4       		.byte	-92
 553 020d 10       		.byte	16
 554 020e A5       		.byte	-91
 555 020f 80       		.byte	-128
 556 0210 A6       		.byte	-90
 557 0211 0C       		.byte	12
 558 0212 A8       		.byte	-88
 559 0213 10       		.byte	16
 560 0214 AB       		.byte	-85
 561 0215 40       		.byte	64
 562 0216 C0       		.byte	-64
 563 0217 DC       		.byte	-36
 564 0218 C2       		.byte	-62
 565 0219 BD       		.byte	-67
 566 021a C4       		.byte	-60
 567 021b F7       		.byte	-9
 568 021c CA       		.byte	-54
 569 021d 1A       		.byte	26
 570 021e CC       		.byte	-52
ARM GAS  C:\Users\HENRYA~1\AppData\Local\Temp\ccmHVlmv.s 			page 11


 571 021f C3       		.byte	-61
 572 0220 CE       		.byte	-50
 573 0221 7E       		.byte	126
 574 0222 D0       		.byte	-48
 575 0223 26       		.byte	38
 576 0224 D2       		.byte	-46
 577 0225 08       		.byte	8
 578 0226 D6       		.byte	-42
 579 0227 80       		.byte	-128
 580 0228 D8       		.byte	-40
 581 0229 30       		.byte	48
 582 022a A8       		.byte	-88
 583 022b 40       		.byte	64
 584 022c AB       		.byte	-85
 585 022d 01       		.byte	1
 586 022e AE       		.byte	-82
 587 022f 02       		.byte	2
 588 0230 0F       		.byte	15
 589 0231 08       		.byte	8
 590 0232 66       		.byte	102
 591 0233 80       		.byte	-128
 592 0234 C2       		.byte	-62
 593 0235 80       		.byte	-128
 594 0236 D6       		.byte	-42
 595 0237 80       		.byte	-128
 596 0238 AB       		.byte	-85
 597 0239 04       		.byte	4
 598 023a AE       		.byte	-82
 599 023b 80       		.byte	-128
 600 023c EA       		.byte	-22
 601 023d 40       		.byte	64
 602 023e EC       		.byte	-20
 603 023f 20       		.byte	32
 604 0240 00       		.byte	0
 605 0241 01       		.byte	1
 606 0242 08       		.byte	8
 607 0243 01       		.byte	1
 608 0244 00       		.byte	0
 609 0245 10       		.byte	16
 610 0246 00       		.byte	0
 611 0247 00       		.byte	0
 612 0248 2F       		.byte	47
 613 0249 08       		.byte	8
 614 024a 00       		.byte	0
 615 024b 00       		.byte	0
 616 024c 23       		.byte	35
 617 024d 80       		.byte	-128
 618 024e 0C       		.byte	12
 619 024f 00       		.byte	0
 620 0250 01       		.byte	1
 621 0251 1C       		.byte	28
 622 0252 10       		.byte	16
 623 0253 E1       		.byte	-31
 624 0254 0C       		.byte	12
 625 0255 C0       		.byte	-64
 626 0256 23       		.byte	35
 627 0257 00       		.byte	0
ARM GAS  C:\Users\HENRYA~1\AppData\Local\Temp\ccmHVlmv.s 			page 12


 628 0258 00       		.byte	0
 629 0259 00       		.byte	0
 630 025a 23       		.byte	35
 631 025b E3       		.byte	-29
 632 025c 02       		.byte	2
 633 025d 18       		.byte	24
 634 025e 00       		.byte	0
 635 025f 00       		.byte	0
 636 0260 03       		.byte	3
 637 0261 3C       		.byte	60
 638 0262 00       		.byte	0
 639 0263 C2       		.byte	-62
 640 0264 08       		.byte	8
 641 0265 00       		.byte	0
 642 0266 00       		.byte	0
 643 0267 04       		.byte	4
 644 0268 04       		.byte	4
 645 0269 FF       		.byte	-1
 646 026a 00       		.byte	0
 647 026b 00       		.byte	0
 648 026c 0C       		.byte	12
 649 026d E7       		.byte	-25
 650 026e 00       		.byte	0
 651 026f 18       		.byte	24
 652 0270 0F       		.byte	15
 653 0271 44       		.byte	68
 654 0272 20       		.byte	32
 655 0273 00       		.byte	0
 656 0274 2C       		.byte	44
 657 0275 C0       		.byte	-64
 658 0276 0F       		.byte	15
 659 0277 38       		.byte	56
 660 0278 00       		.byte	0
 661 0279 1F       		.byte	31
 662 027a 10       		.byte	16
 663 027b 00       		.byte	0
 664 027c 00       		.byte	0
 665 027d 00       		.byte	0
 666 027e 2A       		.byte	42
 667 027f 20       		.byte	32
 668 0280 00       		.byte	0
 669 0281 00       		.byte	0
 670 0282 00       		.byte	0
 671 0283 00       		.byte	0
 672 0284 36       		.byte	54
 673 0285 02       		.byte	2
 674 0286 05       		.byte	5
 675 0287 00       		.byte	0
 676 0288 01       		.byte	1
 677 0289 00       		.byte	0
 678 028a 0C       		.byte	12
 679 028b E0       		.byte	-32
 680 028c 24       		.byte	36
 681 028d FF       		.byte	-1
 682 028e FF       		.byte	-1
 683 028f FF       		.byte	-1
 684 0290 62       		.byte	98
ARM GAS  C:\Users\HENRYA~1\AppData\Local\Temp\ccmHVlmv.s 			page 13


 685 0291 A0       		.byte	-96
 686 0292 F0       		.byte	-16
 687 0293 41       		.byte	65
 688 0294 0C       		.byte	12
 689 0295 00       		.byte	0
 690 0296 00       		.byte	0
 691 0297 00       		.byte	0
 692 0298 00       		.byte	0
 693 0299 00       		.byte	0
 694 029a 02       		.byte	2
 695 029b 11       		.byte	17
 696 029c 04       		.byte	4
 697 029d 04       		.byte	4
 698 029e 04       		.byte	4
 699 029f 04       		.byte	4
 700 02a0 00       		.byte	0
 701 02a1 00       		.byte	0
 702 02a2 00       		.byte	0
 703 02a3 01       		.byte	1
 704 02a4 00       		.byte	0
 705 02a5 00       		.byte	0
 706 02a6 00       		.byte	0
 707 02a7 00       		.byte	0
 708 02a8 00       		.byte	0
 709 02a9 00       		.byte	0
 710 02aa 40       		.byte	64
 711 02ab 02       		.byte	2
 712 02ac 00       		.byte	0
 713 02ad 10       		.byte	16
 714 02ae 30       		.byte	48
 715 02af 10       		.byte	16
 716 02b0 00       		.byte	0
 717 02b1 10       		.byte	16
 718 02b2 10       		.byte	16
 719 02b3 12       		.byte	18
 720 02b4 00       		.byte	0
 721 02b5 00       		.byte	0
 722 02b6 00       		.byte	0
 723 02b7 00       		.byte	0
 724 02b8 00       		.byte	0
 725 02b9 00       		.byte	0
 726 02ba 00       		.byte	0
 727 02bb 00       		.byte	0
 728 02bc 00       		.byte	0
 729 02bd 00       		.byte	0
 730 02be 00       		.byte	0
 731 02bf 00       		.byte	0
 732 02c0 00       		.byte	0
 733 02c1 00       		.byte	0
 734 02c2 00       		.byte	0
 735 02c3 00       		.byte	0
 736 02c4 20       		.byte	32
 737 02c5 00       		.byte	0
 738 02c6 80       		.byte	-128
 739 02c7 20       		.byte	32
 740 02c8 20       		.byte	32
 741 02c9 00       		.byte	0
ARM GAS  C:\Users\HENRYA~1\AppData\Local\Temp\ccmHVlmv.s 			page 14


 742 02ca 20       		.byte	32
 743 02cb 00       		.byte	0
 744 02cc 00       		.byte	0
 745 02cd 00       		.byte	0
 746 02ce 00       		.byte	0
 747 02cf 00       		.byte	0
 748 02d0 00       		.byte	0
 749 02d1 7F       		.byte	127
 750 02d2 7F       		.byte	127
 751 02d3 00       		.byte	0
 752 02d4 00       		.byte	0
 753 02d5 00       		.byte	0
 754 02d6 00       		.byte	0
 755 02d7 00       		.byte	0
 756              		.section	.cywolatch,"a",%progbits
 757              		.align	2
 758              		.type	cy_meta_wonvl, %object
 759              		.size	cy_meta_wonvl, 4
 760              	cy_meta_wonvl:
 761 0000 BC       		.byte	-68
 762 0001 90       		.byte	-112
 763 0002 AC       		.byte	-84
 764 0003 AF       		.byte	-81
 765              		.section	.cycustnvl,"a",%progbits
 766              		.align	2
 767              		.type	cy_meta_custnvl, %object
 768              		.size	cy_meta_custnvl, 4
 769              	cy_meta_custnvl:
 770 0000 00       		.byte	0
 771 0001 00       		.byte	0
 772 0002 40       		.byte	64
 773 0003 05       		.byte	5
 774              		.section	.cymeta,"a",%progbits
 775              		.align	2
 776              		.type	cy_metadata, %object
 777              		.size	cy_metadata, 12
 778              	cy_metadata:
 779 0000 00       		.byte	0
 780 0001 01       		.byte	1
 781 0002 2E       		.byte	46
 782 0003 12       		.byte	18
 783 0004 30       		.byte	48
 784 0005 69       		.byte	105
 785 0006 00       		.byte	0
 786 0007 01       		.byte	1
 787 0008 00       		.byte	0
 788 0009 00       		.byte	0
 789 000a 00       		.byte	0
 790 000b 00       		.byte	0
 791              		.section	.cyflashprotect,"a",%progbits
 792              		.align	2
 793              		.type	cy_meta_flashprotect, %object
 794              		.size	cy_meta_flashprotect, 256
 795              	cy_meta_flashprotect:
 796 0000 00000000 		.space	256
 796      00000000 
 796      00000000 
ARM GAS  C:\Users\HENRYA~1\AppData\Local\Temp\ccmHVlmv.s 			page 15


 796      00000000 
 796      00000000 
 797              		.text
 798              	.Letext0:
 799              		.file 1 ".\\Generated_Source\\PSoC5\\cymetadata.c"
 800              		.file 2 ".\\Generated_Source\\PSoC5\\cytypes.h"
 801              		.section	.debug_info,"",%progbits
 802              	.Ldebug_info0:
 803 0000 37010000 		.4byte	0x137
 804 0004 0400     		.2byte	0x4
 805 0006 00000000 		.4byte	.Ldebug_abbrev0
 806 000a 04       		.byte	0x4
 807 000b 01       		.uleb128 0x1
 808 000c 94000000 		.4byte	.LASF18
 809 0010 01       		.byte	0x1
 810 0011 00000000 		.4byte	.LASF19
 811 0015 8F010000 		.4byte	.LASF20
 812 0019 00000000 		.4byte	.Ldebug_line0
 813 001d 02       		.uleb128 0x2
 814 001e 01       		.byte	0x1
 815 001f 06       		.byte	0x6
 816 0020 D4010000 		.4byte	.LASF0
 817 0024 02       		.uleb128 0x2
 818 0025 01       		.byte	0x1
 819 0026 08       		.byte	0x8
 820 0027 38000000 		.4byte	.LASF1
 821 002b 02       		.uleb128 0x2
 822 002c 02       		.byte	0x2
 823 002d 05       		.byte	0x5
 824 002e 85010000 		.4byte	.LASF2
 825 0032 02       		.uleb128 0x2
 826 0033 02       		.byte	0x2
 827 0034 07       		.byte	0x7
 828 0035 58000000 		.4byte	.LASF3
 829 0039 02       		.uleb128 0x2
 830 003a 04       		.byte	0x4
 831 003b 05       		.byte	0x5
 832 003c CB010000 		.4byte	.LASF4
 833 0040 02       		.uleb128 0x2
 834 0041 04       		.byte	0x4
 835 0042 07       		.byte	0x7
 836 0043 46000000 		.4byte	.LASF5
 837 0047 02       		.uleb128 0x2
 838 0048 08       		.byte	0x8
 839 0049 05       		.byte	0x5
 840 004a 72010000 		.4byte	.LASF6
 841 004e 02       		.uleb128 0x2
 842 004f 08       		.byte	0x8
 843 0050 07       		.byte	0x7
 844 0051 2F010000 		.4byte	.LASF7
 845 0055 03       		.uleb128 0x3
 846 0056 04       		.byte	0x4
 847 0057 05       		.byte	0x5
 848 0058 696E7400 		.ascii	"int\000"
 849 005c 02       		.uleb128 0x2
 850 005d 04       		.byte	0x4
 851 005e 07       		.byte	0x7
ARM GAS  C:\Users\HENRYA~1\AppData\Local\Temp\ccmHVlmv.s 			page 16


 852 005f 22010000 		.4byte	.LASF8
 853 0063 04       		.uleb128 0x4
 854 0064 C5010000 		.4byte	.LASF21
 855 0068 02       		.byte	0x2
 856 0069 9201     		.2byte	0x192
 857 006b 24000000 		.4byte	0x24
 858 006f 02       		.uleb128 0x2
 859 0070 04       		.byte	0x4
 860 0071 04       		.byte	0x4
 861 0072 32000000 		.4byte	.LASF9
 862 0076 02       		.uleb128 0x2
 863 0077 08       		.byte	0x8
 864 0078 04       		.byte	0x4
 865 0079 6B000000 		.4byte	.LASF10
 866 007d 02       		.uleb128 0x2
 867 007e 01       		.byte	0x1
 868 007f 08       		.byte	0x8
 869 0080 80010000 		.4byte	.LASF11
 870 0084 05       		.uleb128 0x5
 871 0085 63000000 		.4byte	0x63
 872 0089 95000000 		.4byte	0x95
 873 008d 06       		.uleb128 0x6
 874 008e 95000000 		.4byte	0x95
 875 0092 D702     		.2byte	0x2d7
 876 0094 00       		.byte	0
 877 0095 02       		.uleb128 0x2
 878 0096 04       		.byte	0x4
 879 0097 07       		.byte	0x7
 880 0098 69010000 		.4byte	.LASF12
 881 009c 07       		.uleb128 0x7
 882 009d 82000000 		.4byte	.LASF13
 883 00a1 01       		.byte	0x1
 884 00a2 1F       		.byte	0x1f
 885 00a3 AD000000 		.4byte	0xad
 886 00a7 05       		.uleb128 0x5
 887 00a8 03       		.byte	0x3
 888 00a9 00000000 		.4byte	cy_meta_configecc
 889 00ad 08       		.uleb128 0x8
 890 00ae 84000000 		.4byte	0x84
 891 00b2 05       		.uleb128 0x5
 892 00b3 63000000 		.4byte	0x63
 893 00b7 C2000000 		.4byte	0xc2
 894 00bb 09       		.uleb128 0x9
 895 00bc 95000000 		.4byte	0x95
 896 00c0 03       		.byte	0x3
 897 00c1 00       		.byte	0
 898 00c2 07       		.uleb128 0x7
 899 00c3 72000000 		.4byte	.LASF14
 900 00c7 01       		.byte	0x1
 901 00c8 87       		.byte	0x87
 902 00c9 D3000000 		.4byte	0xd3
 903 00cd 05       		.uleb128 0x5
 904 00ce 03       		.byte	0x3
 905 00cf 00000000 		.4byte	cy_meta_custnvl
 906 00d3 08       		.uleb128 0x8
 907 00d4 B2000000 		.4byte	0xb2
 908 00d8 07       		.uleb128 0x7
ARM GAS  C:\Users\HENRYA~1\AppData\Local\Temp\ccmHVlmv.s 			page 17


 909 00d9 5B010000 		.4byte	.LASF15
 910 00dd 01       		.byte	0x1
 911 00de 95       		.byte	0x95
 912 00df E9000000 		.4byte	0xe9
 913 00e3 05       		.uleb128 0x5
 914 00e4 03       		.byte	0x3
 915 00e5 00000000 		.4byte	cy_meta_wonvl
 916 00e9 08       		.uleb128 0x8
 917 00ea B2000000 		.4byte	0xb2
 918 00ee 05       		.uleb128 0x5
 919 00ef 63000000 		.4byte	0x63
 920 00f3 FE000000 		.4byte	0xfe
 921 00f7 09       		.uleb128 0x9
 922 00f8 95000000 		.4byte	0x95
 923 00fc FF       		.byte	0xff
 924 00fd 00       		.byte	0
 925 00fe 07       		.uleb128 0x7
 926 00ff 46010000 		.4byte	.LASF16
 927 0103 01       		.byte	0x1
 928 0104 A3       		.byte	0xa3
 929 0105 0F010000 		.4byte	0x10f
 930 0109 05       		.uleb128 0x5
 931 010a 03       		.byte	0x3
 932 010b 00000000 		.4byte	cy_meta_flashprotect
 933 010f 08       		.uleb128 0x8
 934 0110 EE000000 		.4byte	0xee
 935 0114 05       		.uleb128 0x5
 936 0115 63000000 		.4byte	0x63
 937 0119 24010000 		.4byte	0x124
 938 011d 09       		.uleb128 0x9
 939 011e 95000000 		.4byte	0x95
 940 0122 0B       		.byte	0xb
 941 0123 00       		.byte	0
 942 0124 07       		.uleb128 0x7
 943 0125 26000000 		.4byte	.LASF17
 944 0129 01       		.byte	0x1
 945 012a D0       		.byte	0xd0
 946 012b 35010000 		.4byte	0x135
 947 012f 05       		.uleb128 0x5
 948 0130 03       		.byte	0x3
 949 0131 00000000 		.4byte	cy_metadata
 950 0135 08       		.uleb128 0x8
 951 0136 14010000 		.4byte	0x114
 952 013a 00       		.byte	0
 953              		.section	.debug_abbrev,"",%progbits
 954              	.Ldebug_abbrev0:
 955 0000 01       		.uleb128 0x1
 956 0001 11       		.uleb128 0x11
 957 0002 01       		.byte	0x1
 958 0003 25       		.uleb128 0x25
 959 0004 0E       		.uleb128 0xe
 960 0005 13       		.uleb128 0x13
 961 0006 0B       		.uleb128 0xb
 962 0007 03       		.uleb128 0x3
 963 0008 0E       		.uleb128 0xe
 964 0009 1B       		.uleb128 0x1b
 965 000a 0E       		.uleb128 0xe
ARM GAS  C:\Users\HENRYA~1\AppData\Local\Temp\ccmHVlmv.s 			page 18


 966 000b 10       		.uleb128 0x10
 967 000c 17       		.uleb128 0x17
 968 000d 00       		.byte	0
 969 000e 00       		.byte	0
 970 000f 02       		.uleb128 0x2
 971 0010 24       		.uleb128 0x24
 972 0011 00       		.byte	0
 973 0012 0B       		.uleb128 0xb
 974 0013 0B       		.uleb128 0xb
 975 0014 3E       		.uleb128 0x3e
 976 0015 0B       		.uleb128 0xb
 977 0016 03       		.uleb128 0x3
 978 0017 0E       		.uleb128 0xe
 979 0018 00       		.byte	0
 980 0019 00       		.byte	0
 981 001a 03       		.uleb128 0x3
 982 001b 24       		.uleb128 0x24
 983 001c 00       		.byte	0
 984 001d 0B       		.uleb128 0xb
 985 001e 0B       		.uleb128 0xb
 986 001f 3E       		.uleb128 0x3e
 987 0020 0B       		.uleb128 0xb
 988 0021 03       		.uleb128 0x3
 989 0022 08       		.uleb128 0x8
 990 0023 00       		.byte	0
 991 0024 00       		.byte	0
 992 0025 04       		.uleb128 0x4
 993 0026 16       		.uleb128 0x16
 994 0027 00       		.byte	0
 995 0028 03       		.uleb128 0x3
 996 0029 0E       		.uleb128 0xe
 997 002a 3A       		.uleb128 0x3a
 998 002b 0B       		.uleb128 0xb
 999 002c 3B       		.uleb128 0x3b
 1000 002d 05       		.uleb128 0x5
 1001 002e 49       		.uleb128 0x49
 1002 002f 13       		.uleb128 0x13
 1003 0030 00       		.byte	0
 1004 0031 00       		.byte	0
 1005 0032 05       		.uleb128 0x5
 1006 0033 01       		.uleb128 0x1
 1007 0034 01       		.byte	0x1
 1008 0035 49       		.uleb128 0x49
 1009 0036 13       		.uleb128 0x13
 1010 0037 01       		.uleb128 0x1
 1011 0038 13       		.uleb128 0x13
 1012 0039 00       		.byte	0
 1013 003a 00       		.byte	0
 1014 003b 06       		.uleb128 0x6
 1015 003c 21       		.uleb128 0x21
 1016 003d 00       		.byte	0
 1017 003e 49       		.uleb128 0x49
 1018 003f 13       		.uleb128 0x13
 1019 0040 2F       		.uleb128 0x2f
 1020 0041 05       		.uleb128 0x5
 1021 0042 00       		.byte	0
 1022 0043 00       		.byte	0
ARM GAS  C:\Users\HENRYA~1\AppData\Local\Temp\ccmHVlmv.s 			page 19


 1023 0044 07       		.uleb128 0x7
 1024 0045 34       		.uleb128 0x34
 1025 0046 00       		.byte	0
 1026 0047 03       		.uleb128 0x3
 1027 0048 0E       		.uleb128 0xe
 1028 0049 3A       		.uleb128 0x3a
 1029 004a 0B       		.uleb128 0xb
 1030 004b 3B       		.uleb128 0x3b
 1031 004c 0B       		.uleb128 0xb
 1032 004d 49       		.uleb128 0x49
 1033 004e 13       		.uleb128 0x13
 1034 004f 3F       		.uleb128 0x3f
 1035 0050 19       		.uleb128 0x19
 1036 0051 02       		.uleb128 0x2
 1037 0052 18       		.uleb128 0x18
 1038 0053 00       		.byte	0
 1039 0054 00       		.byte	0
 1040 0055 08       		.uleb128 0x8
 1041 0056 26       		.uleb128 0x26
 1042 0057 00       		.byte	0
 1043 0058 49       		.uleb128 0x49
 1044 0059 13       		.uleb128 0x13
 1045 005a 00       		.byte	0
 1046 005b 00       		.byte	0
 1047 005c 09       		.uleb128 0x9
 1048 005d 21       		.uleb128 0x21
 1049 005e 00       		.byte	0
 1050 005f 49       		.uleb128 0x49
 1051 0060 13       		.uleb128 0x13
 1052 0061 2F       		.uleb128 0x2f
 1053 0062 0B       		.uleb128 0xb
 1054 0063 00       		.byte	0
 1055 0064 00       		.byte	0
 1056 0065 00       		.byte	0
 1057              		.section	.debug_aranges,"",%progbits
 1058 0000 14000000 		.4byte	0x14
 1059 0004 0200     		.2byte	0x2
 1060 0006 00000000 		.4byte	.Ldebug_info0
 1061 000a 04       		.byte	0x4
 1062 000b 00       		.byte	0
 1063 000c 0000     		.2byte	0
 1064 000e 0000     		.2byte	0
 1065 0010 00000000 		.4byte	0
 1066 0014 00000000 		.4byte	0
 1067              		.section	.debug_line,"",%progbits
 1068              	.Ldebug_line0:
 1069 0000 4F000000 		.section	.debug_str,"MS",%progbits,1
 1069      02004900 
 1069      00000201 
 1069      FB0E0D00 
 1069      01010101 
 1070              	.LASF19:
 1071 0000 2E5C4765 		.ascii	".\\Generated_Source\\PSoC5\\cymetadata.c\000"
 1071      6E657261 
 1071      7465645F 
 1071      536F7572 
 1071      63655C50 
ARM GAS  C:\Users\HENRYA~1\AppData\Local\Temp\ccmHVlmv.s 			page 20


 1072              	.LASF17:
 1073 0026 63795F6D 		.ascii	"cy_metadata\000"
 1073      65746164 
 1073      61746100 
 1074              	.LASF9:
 1075 0032 666C6F61 		.ascii	"float\000"
 1075      7400
 1076              	.LASF1:
 1077 0038 756E7369 		.ascii	"unsigned char\000"
 1077      676E6564 
 1077      20636861 
 1077      7200
 1078              	.LASF5:
 1079 0046 6C6F6E67 		.ascii	"long unsigned int\000"
 1079      20756E73 
 1079      69676E65 
 1079      6420696E 
 1079      7400
 1080              	.LASF3:
 1081 0058 73686F72 		.ascii	"short unsigned int\000"
 1081      7420756E 
 1081      7369676E 
 1081      65642069 
 1081      6E7400
 1082              	.LASF10:
 1083 006b 646F7562 		.ascii	"double\000"
 1083      6C6500
 1084              	.LASF14:
 1085 0072 63795F6D 		.ascii	"cy_meta_custnvl\000"
 1085      6574615F 
 1085      63757374 
 1085      6E766C00 
 1086              	.LASF13:
 1087 0082 63795F6D 		.ascii	"cy_meta_configecc\000"
 1087      6574615F 
 1087      636F6E66 
 1087      69676563 
 1087      6300
 1088              	.LASF18:
 1089 0094 474E5520 		.ascii	"GNU C 4.9.3 20150303 (release) [ARM/embedded-4_9-br"
 1089      4320342E 
 1089      392E3320 
 1089      32303135 
 1089      30333033 
 1090 00c7 616E6368 		.ascii	"anch revision 221220] -mcpu=cortex-m3 -mthumb -g -O"
 1090      20726576 
 1090      6973696F 
 1090      6E203232 
 1090      31323230 
 1091 00fa 67202D66 		.ascii	"g -ffunction-sections -ffat-lto-objects\000"
 1091      66756E63 
 1091      74696F6E 
 1091      2D736563 
 1091      74696F6E 
 1092              	.LASF8:
 1093 0122 756E7369 		.ascii	"unsigned int\000"
 1093      676E6564 
ARM GAS  C:\Users\HENRYA~1\AppData\Local\Temp\ccmHVlmv.s 			page 21


 1093      20696E74 
 1093      00
 1094              	.LASF7:
 1095 012f 6C6F6E67 		.ascii	"long long unsigned int\000"
 1095      206C6F6E 
 1095      6720756E 
 1095      7369676E 
 1095      65642069 
 1096              	.LASF16:
 1097 0146 63795F6D 		.ascii	"cy_meta_flashprotect\000"
 1097      6574615F 
 1097      666C6173 
 1097      6870726F 
 1097      74656374 
 1098              	.LASF15:
 1099 015b 63795F6D 		.ascii	"cy_meta_wonvl\000"
 1099      6574615F 
 1099      776F6E76 
 1099      6C00
 1100              	.LASF12:
 1101 0169 73697A65 		.ascii	"sizetype\000"
 1101      74797065 
 1101      00
 1102              	.LASF6:
 1103 0172 6C6F6E67 		.ascii	"long long int\000"
 1103      206C6F6E 
 1103      6720696E 
 1103      7400
 1104              	.LASF11:
 1105 0180 63686172 		.ascii	"char\000"
 1105      00
 1106              	.LASF2:
 1107 0185 73686F72 		.ascii	"short int\000"
 1107      7420696E 
 1107      7400
 1108              	.LASF20:
 1109 018f 433A5C55 		.ascii	"C:\\Users\\Henry Alberto\\Desktop\\Protocolos\\Moto"
 1109      73657273 
 1109      5C48656E 
 1109      72792041 
 1109      6C626572 
 1110 01bd 722E6379 		.ascii	"r.cydsn\000"
 1110      64736E00 
 1111              	.LASF21:
 1112 01c5 75696E74 		.ascii	"uint8\000"
 1112      3800
 1113              	.LASF4:
 1114 01cb 6C6F6E67 		.ascii	"long int\000"
 1114      20696E74 
 1114      00
 1115              	.LASF0:
 1116 01d4 7369676E 		.ascii	"signed char\000"
 1116      65642063 
 1116      68617200 
 1117              		.ident	"GCC: (GNU Tools for ARM Embedded Processors) 4.9.3 20150303 (release) [ARM/embedded-4_9-br
