ARM GAS  C:\Users\HENRYA~1\AppData\Local\Temp\ccglWwyj.s 			page 1


   1              		.syntax unified
   2              		.cpu cortex-m3
   3              		.fpu softvfp
   4              		.eabi_attribute 20, 1
   5              		.eabi_attribute 21, 1
   6              		.eabi_attribute 23, 3
   7              		.eabi_attribute 24, 1
   8              		.eabi_attribute 25, 1
   9              		.eabi_attribute 26, 1
  10              		.eabi_attribute 30, 1
  11              		.eabi_attribute 34, 1
  12              		.eabi_attribute 18, 4
  13              		.thumb
  14              		.file	"main.c"
  15              		.text
  16              	.Ltext0:
  17              		.cfi_sections	.debug_frame
  18              		.section	.text.main,"ax",%progbits
  19              		.align	2
  20              		.global	main
  21              		.thumb
  22              		.thumb_func
  23              		.type	main, %function
  24              	main:
  25              	.LFB63:
  26              		.file 1 ".\\main.c"
   1:.\main.c      **** /* ========================================
   2:.\main.c      ****  *
   3:.\main.c      ****  * Copyright YOUR COMPANY, THE YEAR
   4:.\main.c      ****  * All Rights Reserved
   5:.\main.c      ****  * UNPUBLISHED, LICENSED SOFTWARE.
   6:.\main.c      ****  *
   7:.\main.c      ****  * CONFIDENTIAL AND PROPRIETARY INFORMATION
   8:.\main.c      ****  * WHICH IS THE PROPERTY OF your company.
   9:.\main.c      ****  *
  10:.\main.c      ****  * ========================================
  11:.\main.c      **** */
  12:.\main.c      **** #include <project.h>
  13:.\main.c      **** uint8 dato_enviado;
  14:.\main.c      **** 
  15:.\main.c      **** int main()
  16:.\main.c      **** {
  27              		.loc 1 16 0
  28              		.cfi_startproc
  29              		@ Volatile: function does not return.
  30              		@ args = 0, pretend = 0, frame = 0
  31              		@ frame_needed = 0, uses_anonymous_args = 0
  32 0000 08B5     		push	{r3, lr}
  33              		.cfi_def_cfa_offset 8
  34              		.cfi_offset 3, -8
  35              		.cfi_offset 14, -4
  17:.\main.c      ****     CyGlobalIntEnable; /* Enable global interrupts. */
  36              		.loc 1 17 0
  37              	@ 17 ".\main.c" 1
  38 0002 62B6     		CPSIE   i
  39              	@ 0 "" 2
  18:.\main.c      ****     TX_CAN_Start();
ARM GAS  C:\Users\HENRYA~1\AppData\Local\Temp\ccglWwyj.s 			page 2


  40              		.loc 1 18 0
  41              		.thumb
  42 0004 FFF7FEFF 		bl	TX_CAN_Start
  43              	.LVL0:
  19:.\main.c      ****     LCD_Char_1_Start();
  44              		.loc 1 19 0
  45 0008 FFF7FEFF 		bl	LCD_Char_1_Start
  46              	.LVL1:
  20:.\main.c      ****     LCD_Char_1_Position(0,0);
  47              		.loc 1 20 0
  48 000c 0020     		movs	r0, #0
  49 000e 0146     		mov	r1, r0
  50 0010 FFF7FEFF 		bl	LCD_Char_1_Position
  51              	.LVL2:
  21:.\main.c      ****     LCD_Char_1_PrintString("Enviando...");
  52              		.loc 1 21 0
  53 0014 2048     		ldr	r0, .L4
  54 0016 FFF7FEFF 		bl	LCD_Char_1_PrintString
  55              	.LVL3:
  56              	.L2:
  22:.\main.c      ****     for(;;)
  23:.\main.c      ****     {
  24:.\main.c      ****         TX_CAN_SendMsg0();
  57              		.loc 1 24 0 discriminator 1
  58 001a FFF7FEFF 		bl	TX_CAN_SendMsg0
  59              	.LVL4:
  25:.\main.c      ****         CyDelay(10);
  60              		.loc 1 25 0 discriminator 1
  61 001e 0A20     		movs	r0, #10
  62 0020 FFF7FEFF 		bl	CyDelay
  63              	.LVL5:
  26:.\main.c      ****         TX_CAN_SendMsg1();
  64              		.loc 1 26 0 discriminator 1
  65 0024 FFF7FEFF 		bl	TX_CAN_SendMsg1
  66              	.LVL6:
  27:.\main.c      ****         CyDelay(10);
  67              		.loc 1 27 0 discriminator 1
  68 0028 0A20     		movs	r0, #10
  69 002a FFF7FEFF 		bl	CyDelay
  70              	.LVL7:
  28:.\main.c      ****         TX_CAN_SendMsg2();
  71              		.loc 1 28 0 discriminator 1
  72 002e FFF7FEFF 		bl	TX_CAN_SendMsg2
  73              	.LVL8:
  29:.\main.c      ****         CyDelay(10);
  74              		.loc 1 29 0 discriminator 1
  75 0032 0A20     		movs	r0, #10
  76 0034 FFF7FEFF 		bl	CyDelay
  77              	.LVL9:
  30:.\main.c      ****         TX_CAN_SendMsg3();
  78              		.loc 1 30 0 discriminator 1
  79 0038 FFF7FEFF 		bl	TX_CAN_SendMsg3
  80              	.LVL10:
  31:.\main.c      ****         CyDelay(10);
  81              		.loc 1 31 0 discriminator 1
  82 003c 0A20     		movs	r0, #10
  83 003e FFF7FEFF 		bl	CyDelay
ARM GAS  C:\Users\HENRYA~1\AppData\Local\Temp\ccglWwyj.s 			page 3


  84              	.LVL11:
  32:.\main.c      ****         LCD_Char_1_Position(1,0);
  85              		.loc 1 32 0 discriminator 1
  86 0042 0120     		movs	r0, #1
  87 0044 0021     		movs	r1, #0
  88 0046 FFF7FEFF 		bl	LCD_Char_1_Position
  89              	.LVL12:
  33:.\main.c      ****         LCD_Char_1_PrintHexUint8(dato_enviado);
  90              		.loc 1 33 0 discriminator 1
  91 004a 144C     		ldr	r4, .L4+4
  92 004c 2078     		ldrb	r0, [r4]	@ zero_extendqisi2
  93 004e FFF7FEFF 		bl	LCD_Char_1_PrintInt8
  94              	.LVL13:
  34:.\main.c      ****         LCD_Char_1_Position(1,3);
  95              		.loc 1 34 0 discriminator 1
  96 0052 0120     		movs	r0, #1
  97 0054 0321     		movs	r1, #3
  98 0056 FFF7FEFF 		bl	LCD_Char_1_Position
  99              	.LVL14:
  35:.\main.c      ****         LCD_Char_1_PrintHexUint8(dato_enviado+1);
 100              		.loc 1 35 0 discriminator 1
 101 005a 2078     		ldrb	r0, [r4]	@ zero_extendqisi2
 102 005c 0130     		adds	r0, r0, #1
 103 005e C0B2     		uxtb	r0, r0
 104 0060 FFF7FEFF 		bl	LCD_Char_1_PrintInt8
 105              	.LVL15:
  36:.\main.c      ****         LCD_Char_1_Position(1,6);
 106              		.loc 1 36 0 discriminator 1
 107 0064 0120     		movs	r0, #1
 108 0066 0621     		movs	r1, #6
 109 0068 FFF7FEFF 		bl	LCD_Char_1_Position
 110              	.LVL16:
  37:.\main.c      ****         LCD_Char_1_PrintHexUint8(dato_enviado+2);
 111              		.loc 1 37 0 discriminator 1
 112 006c 2078     		ldrb	r0, [r4]	@ zero_extendqisi2
 113 006e 0230     		adds	r0, r0, #2
 114 0070 C0B2     		uxtb	r0, r0
 115 0072 FFF7FEFF 		bl	LCD_Char_1_PrintInt8
 116              	.LVL17:
  38:.\main.c      ****         LCD_Char_1_Position(1,9);
 117              		.loc 1 38 0 discriminator 1
 118 0076 0120     		movs	r0, #1
 119 0078 0921     		movs	r1, #9
 120 007a FFF7FEFF 		bl	LCD_Char_1_Position
 121              	.LVL18:
  39:.\main.c      ****         LCD_Char_1_PrintHexUint8(dato_enviado+3);        
 122              		.loc 1 39 0 discriminator 1
 123 007e 2078     		ldrb	r0, [r4]	@ zero_extendqisi2
 124 0080 0330     		adds	r0, r0, #3
 125 0082 C0B2     		uxtb	r0, r0
 126 0084 FFF7FEFF 		bl	LCD_Char_1_PrintInt8
 127              	.LVL19:
  40:.\main.c      ****         CyDelay(1000);
 128              		.loc 1 40 0 discriminator 1
 129 0088 4FF47A70 		mov	r0, #1000
 130 008c FFF7FEFF 		bl	CyDelay
 131              	.LVL20:
ARM GAS  C:\Users\HENRYA~1\AppData\Local\Temp\ccglWwyj.s 			page 4


  41:.\main.c      ****         dato_enviado++;
 132              		.loc 1 41 0 discriminator 1
 133 0090 2378     		ldrb	r3, [r4]	@ zero_extendqisi2
 134 0092 0133     		adds	r3, r3, #1
 135 0094 2370     		strb	r3, [r4]
  42:.\main.c      ****     }
 136              		.loc 1 42 0 discriminator 1
 137 0096 C0E7     		b	.L2
 138              	.L5:
 139              		.align	2
 140              	.L4:
 141 0098 00000000 		.word	.LC0
 142 009c 00000000 		.word	dato_enviado
 143              		.cfi_endproc
 144              	.LFE63:
 145              		.size	main, .-main
 146              		.comm	dato_enviado,1,1
 147              		.section	.rodata.str1.4,"aMS",%progbits,1
 148              		.align	2
 149              	.LC0:
 150 0000 456E7669 		.ascii	"Enviando...\000"
 150      616E646F 
 150      2E2E2E00 
 151              		.text
 152              	.Letext0:
 153              		.file 2 "c:\\program files (x86)\\cypress\\psoc creator\\3.3\\psoc creator\\import\\gnu\\arm\\4.9.
 154              		.file 3 "c:\\program files (x86)\\cypress\\psoc creator\\3.3\\psoc creator\\import\\gnu\\arm\\4.9.
 155              		.file 4 "Generated_Source\\PSoC5/cytypes.h"
 156              		.file 5 "Generated_Source\\PSoC5/core_cm3.h"
 157              		.file 6 "Generated_Source\\PSoC5/LCD_Char_1.h"
 158              		.file 7 "Generated_Source\\PSoC5/TX_CAN.h"
 159              		.file 8 "Generated_Source\\PSoC5/CyLib.h"
 160              		.section	.debug_info,"",%progbits
 161              	.Ldebug_info0:
 162 0000 D2020000 		.4byte	0x2d2
 163 0004 0400     		.2byte	0x4
 164 0006 00000000 		.4byte	.Ldebug_abbrev0
 165 000a 04       		.byte	0x4
 166 000b 01       		.uleb128 0x1
 167 000c 4C010000 		.4byte	.LASF28
 168 0010 01       		.byte	0x1
 169 0011 1D000000 		.4byte	.LASF29
 170 0015 B9000000 		.4byte	.LASF30
 171 0019 00000000 		.4byte	.Ldebug_ranges0+0
 172 001d 00000000 		.4byte	0
 173 0021 00000000 		.4byte	.Ldebug_line0
 174 0025 02       		.uleb128 0x2
 175 0026 01       		.byte	0x1
 176 0027 06       		.byte	0x6
 177 0028 40020000 		.4byte	.LASF0
 178 002c 02       		.uleb128 0x2
 179 002d 01       		.byte	0x1
 180 002e 08       		.byte	0x8
 181 002f FA000000 		.4byte	.LASF1
 182 0033 02       		.uleb128 0x2
 183 0034 02       		.byte	0x2
 184 0035 05       		.byte	0x5
ARM GAS  C:\Users\HENRYA~1\AppData\Local\Temp\ccglWwyj.s 			page 5


 185 0036 27020000 		.4byte	.LASF2
 186 003a 02       		.uleb128 0x2
 187 003b 02       		.byte	0x2
 188 003c 07       		.byte	0x7
 189 003d 0A000000 		.4byte	.LASF3
 190 0041 03       		.uleb128 0x3
 191 0042 00000000 		.4byte	.LASF9
 192 0046 02       		.byte	0x2
 193 0047 3F       		.byte	0x3f
 194 0048 4C000000 		.4byte	0x4c
 195 004c 02       		.uleb128 0x2
 196 004d 04       		.byte	0x4
 197 004e 05       		.byte	0x5
 198 004f 37020000 		.4byte	.LASF4
 199 0053 02       		.uleb128 0x2
 200 0054 04       		.byte	0x4
 201 0055 07       		.byte	0x7
 202 0056 67000000 		.4byte	.LASF5
 203 005a 02       		.uleb128 0x2
 204 005b 08       		.byte	0x8
 205 005c 05       		.byte	0x5
 206 005d EB010000 		.4byte	.LASF6
 207 0061 02       		.uleb128 0x2
 208 0062 08       		.byte	0x8
 209 0063 07       		.byte	0x7
 210 0064 35010000 		.4byte	.LASF7
 211 0068 04       		.uleb128 0x4
 212 0069 04       		.byte	0x4
 213 006a 05       		.byte	0x5
 214 006b 696E7400 		.ascii	"int\000"
 215 006f 02       		.uleb128 0x2
 216 0070 04       		.byte	0x4
 217 0071 07       		.byte	0x7
 218 0072 28010000 		.4byte	.LASF8
 219 0076 03       		.uleb128 0x3
 220 0077 DA010000 		.4byte	.LASF10
 221 007b 03       		.byte	0x3
 222 007c 2C       		.byte	0x2c
 223 007d 41000000 		.4byte	0x41
 224 0081 05       		.uleb128 0x5
 225 0082 31020000 		.4byte	.LASF11
 226 0086 04       		.byte	0x4
 227 0087 9201     		.2byte	0x192
 228 0089 2C000000 		.4byte	0x2c
 229 008d 05       		.uleb128 0x5
 230 008e 14010000 		.4byte	.LASF12
 231 0092 04       		.byte	0x4
 232 0093 9401     		.2byte	0x194
 233 0095 53000000 		.4byte	0x53
 234 0099 02       		.uleb128 0x2
 235 009a 04       		.byte	0x4
 236 009b 04       		.byte	0x4
 237 009c 33000000 		.4byte	.LASF13
 238 00a0 02       		.uleb128 0x2
 239 00a1 08       		.byte	0x8
 240 00a2 04       		.byte	0x4
 241 00a3 08010000 		.4byte	.LASF14
ARM GAS  C:\Users\HENRYA~1\AppData\Local\Temp\ccglWwyj.s 			page 6


 242 00a7 05       		.uleb128 0x5
 243 00a8 61000000 		.4byte	.LASF15
 244 00ac 04       		.byte	0x4
 245 00ad A301     		.2byte	0x1a3
 246 00af B3000000 		.4byte	0xb3
 247 00b3 02       		.uleb128 0x2
 248 00b4 01       		.byte	0x1
 249 00b5 08       		.byte	0x8
 250 00b6 F9010000 		.4byte	.LASF16
 251 00ba 02       		.uleb128 0x2
 252 00bb 04       		.byte	0x4
 253 00bc 07       		.byte	0x7
 254 00bd E2010000 		.4byte	.LASF17
 255 00c1 06       		.uleb128 0x6
 256 00c2 0F010000 		.4byte	.LASF31
 257 00c6 01       		.byte	0x1
 258 00c7 0F       		.byte	0xf
 259 00c8 68000000 		.4byte	0x68
 260 00cc 00000000 		.4byte	.LFB63
 261 00d0 A0000000 		.4byte	.LFE63-.LFB63
 262 00d4 01       		.uleb128 0x1
 263 00d5 9C       		.byte	0x9c
 264 00d6 21020000 		.4byte	0x221
 265 00da 07       		.uleb128 0x7
 266 00db 08000000 		.4byte	.LVL0
 267 00df 43020000 		.4byte	0x243
 268 00e3 07       		.uleb128 0x7
 269 00e4 0C000000 		.4byte	.LVL1
 270 00e8 4E020000 		.4byte	0x24e
 271 00ec 08       		.uleb128 0x8
 272 00ed 14000000 		.4byte	.LVL2
 273 00f1 55020000 		.4byte	0x255
 274 00f5 04010000 		.4byte	0x104
 275 00f9 09       		.uleb128 0x9
 276 00fa 01       		.uleb128 0x1
 277 00fb 51       		.byte	0x51
 278 00fc 01       		.uleb128 0x1
 279 00fd 30       		.byte	0x30
 280 00fe 09       		.uleb128 0x9
 281 00ff 01       		.uleb128 0x1
 282 0100 50       		.byte	0x50
 283 0101 01       		.uleb128 0x1
 284 0102 30       		.byte	0x30
 285 0103 00       		.byte	0
 286 0104 08       		.uleb128 0x8
 287 0105 1A000000 		.4byte	.LVL3
 288 0109 6B020000 		.4byte	0x26b
 289 010d 1B010000 		.4byte	0x11b
 290 0111 09       		.uleb128 0x9
 291 0112 01       		.uleb128 0x1
 292 0113 50       		.byte	0x50
 293 0114 05       		.uleb128 0x5
 294 0115 03       		.byte	0x3
 295 0116 00000000 		.4byte	.LC0
 296 011a 00       		.byte	0
 297 011b 07       		.uleb128 0x7
 298 011c 1E000000 		.4byte	.LVL4
ARM GAS  C:\Users\HENRYA~1\AppData\Local\Temp\ccglWwyj.s 			page 7


 299 0120 87020000 		.4byte	0x287
 300 0124 08       		.uleb128 0x8
 301 0125 24000000 		.4byte	.LVL5
 302 0129 93020000 		.4byte	0x293
 303 012d 37010000 		.4byte	0x137
 304 0131 09       		.uleb128 0x9
 305 0132 01       		.uleb128 0x1
 306 0133 50       		.byte	0x50
 307 0134 01       		.uleb128 0x1
 308 0135 3A       		.byte	0x3a
 309 0136 00       		.byte	0
 310 0137 07       		.uleb128 0x7
 311 0138 28000000 		.4byte	.LVL6
 312 013c A4020000 		.4byte	0x2a4
 313 0140 08       		.uleb128 0x8
 314 0141 2E000000 		.4byte	.LVL7
 315 0145 93020000 		.4byte	0x293
 316 0149 53010000 		.4byte	0x153
 317 014d 09       		.uleb128 0x9
 318 014e 01       		.uleb128 0x1
 319 014f 50       		.byte	0x50
 320 0150 01       		.uleb128 0x1
 321 0151 3A       		.byte	0x3a
 322 0152 00       		.byte	0
 323 0153 07       		.uleb128 0x7
 324 0154 32000000 		.4byte	.LVL8
 325 0158 B0020000 		.4byte	0x2b0
 326 015c 08       		.uleb128 0x8
 327 015d 38000000 		.4byte	.LVL9
 328 0161 93020000 		.4byte	0x293
 329 0165 6F010000 		.4byte	0x16f
 330 0169 09       		.uleb128 0x9
 331 016a 01       		.uleb128 0x1
 332 016b 50       		.byte	0x50
 333 016c 01       		.uleb128 0x1
 334 016d 3A       		.byte	0x3a
 335 016e 00       		.byte	0
 336 016f 07       		.uleb128 0x7
 337 0170 3C000000 		.4byte	.LVL10
 338 0174 BC020000 		.4byte	0x2bc
 339 0178 08       		.uleb128 0x8
 340 0179 42000000 		.4byte	.LVL11
 341 017d 93020000 		.4byte	0x293
 342 0181 8B010000 		.4byte	0x18b
 343 0185 09       		.uleb128 0x9
 344 0186 01       		.uleb128 0x1
 345 0187 50       		.byte	0x50
 346 0188 01       		.uleb128 0x1
 347 0189 3A       		.byte	0x3a
 348 018a 00       		.byte	0
 349 018b 08       		.uleb128 0x8
 350 018c 4A000000 		.4byte	.LVL12
 351 0190 55020000 		.4byte	0x255
 352 0194 A3010000 		.4byte	0x1a3
 353 0198 09       		.uleb128 0x9
 354 0199 01       		.uleb128 0x1
 355 019a 51       		.byte	0x51
ARM GAS  C:\Users\HENRYA~1\AppData\Local\Temp\ccglWwyj.s 			page 8


 356 019b 01       		.uleb128 0x1
 357 019c 30       		.byte	0x30
 358 019d 09       		.uleb128 0x9
 359 019e 01       		.uleb128 0x1
 360 019f 50       		.byte	0x50
 361 01a0 01       		.uleb128 0x1
 362 01a1 31       		.byte	0x31
 363 01a2 00       		.byte	0
 364 01a3 07       		.uleb128 0x7
 365 01a4 52000000 		.4byte	.LVL13
 366 01a8 C8020000 		.4byte	0x2c8
 367 01ac 08       		.uleb128 0x8
 368 01ad 5A000000 		.4byte	.LVL14
 369 01b1 55020000 		.4byte	0x255
 370 01b5 C4010000 		.4byte	0x1c4
 371 01b9 09       		.uleb128 0x9
 372 01ba 01       		.uleb128 0x1
 373 01bb 51       		.byte	0x51
 374 01bc 01       		.uleb128 0x1
 375 01bd 33       		.byte	0x33
 376 01be 09       		.uleb128 0x9
 377 01bf 01       		.uleb128 0x1
 378 01c0 50       		.byte	0x50
 379 01c1 01       		.uleb128 0x1
 380 01c2 31       		.byte	0x31
 381 01c3 00       		.byte	0
 382 01c4 07       		.uleb128 0x7
 383 01c5 64000000 		.4byte	.LVL15
 384 01c9 C8020000 		.4byte	0x2c8
 385 01cd 08       		.uleb128 0x8
 386 01ce 6C000000 		.4byte	.LVL16
 387 01d2 55020000 		.4byte	0x255
 388 01d6 E5010000 		.4byte	0x1e5
 389 01da 09       		.uleb128 0x9
 390 01db 01       		.uleb128 0x1
 391 01dc 51       		.byte	0x51
 392 01dd 01       		.uleb128 0x1
 393 01de 36       		.byte	0x36
 394 01df 09       		.uleb128 0x9
 395 01e0 01       		.uleb128 0x1
 396 01e1 50       		.byte	0x50
 397 01e2 01       		.uleb128 0x1
 398 01e3 31       		.byte	0x31
 399 01e4 00       		.byte	0
 400 01e5 07       		.uleb128 0x7
 401 01e6 76000000 		.4byte	.LVL17
 402 01ea C8020000 		.4byte	0x2c8
 403 01ee 08       		.uleb128 0x8
 404 01ef 7E000000 		.4byte	.LVL18
 405 01f3 55020000 		.4byte	0x255
 406 01f7 06020000 		.4byte	0x206
 407 01fb 09       		.uleb128 0x9
 408 01fc 01       		.uleb128 0x1
 409 01fd 51       		.byte	0x51
 410 01fe 01       		.uleb128 0x1
 411 01ff 39       		.byte	0x39
 412 0200 09       		.uleb128 0x9
ARM GAS  C:\Users\HENRYA~1\AppData\Local\Temp\ccglWwyj.s 			page 9


 413 0201 01       		.uleb128 0x1
 414 0202 50       		.byte	0x50
 415 0203 01       		.uleb128 0x1
 416 0204 31       		.byte	0x31
 417 0205 00       		.byte	0
 418 0206 07       		.uleb128 0x7
 419 0207 88000000 		.4byte	.LVL19
 420 020b C8020000 		.4byte	0x2c8
 421 020f 0A       		.uleb128 0xa
 422 0210 90000000 		.4byte	.LVL20
 423 0214 93020000 		.4byte	0x293
 424 0218 09       		.uleb128 0x9
 425 0219 01       		.uleb128 0x1
 426 021a 50       		.byte	0x50
 427 021b 03       		.uleb128 0x3
 428 021c 0A       		.byte	0xa
 429 021d E803     		.2byte	0x3e8
 430 021f 00       		.byte	0
 431 0220 00       		.byte	0
 432 0221 0B       		.uleb128 0xb
 433 0222 ED000000 		.4byte	.LASF18
 434 0226 05       		.byte	0x5
 435 0227 9606     		.2byte	0x696
 436 0229 2D020000 		.4byte	0x22d
 437 022d 0C       		.uleb128 0xc
 438 022e 76000000 		.4byte	0x76
 439 0232 0D       		.uleb128 0xd
 440 0233 1B010000 		.4byte	.LASF19
 441 0237 01       		.byte	0x1
 442 0238 0D       		.byte	0xd
 443 0239 81000000 		.4byte	0x81
 444 023d 05       		.uleb128 0x5
 445 023e 03       		.byte	0x3
 446 023f 00000000 		.4byte	dato_enviado
 447 0243 0E       		.uleb128 0xe
 448 0244 26000000 		.4byte	.LASF22
 449 0248 07       		.byte	0x7
 450 0249 C5       		.byte	0xc5
 451 024a 81000000 		.4byte	0x81
 452 024e 0F       		.uleb128 0xf
 453 024f 39000000 		.4byte	.LASF32
 454 0253 06       		.byte	0x6
 455 0254 38       		.byte	0x38
 456 0255 10       		.uleb128 0x10
 457 0256 FE010000 		.4byte	.LASF20
 458 025a 06       		.byte	0x6
 459 025b 3D       		.byte	0x3d
 460 025c 6B020000 		.4byte	0x26b
 461 0260 11       		.uleb128 0x11
 462 0261 81000000 		.4byte	0x81
 463 0265 11       		.uleb128 0x11
 464 0266 81000000 		.4byte	0x81
 465 026a 00       		.byte	0
 466 026b 10       		.uleb128 0x10
 467 026c 4A000000 		.4byte	.LASF21
 468 0270 06       		.byte	0x6
 469 0271 3C       		.byte	0x3c
ARM GAS  C:\Users\HENRYA~1\AppData\Local\Temp\ccglWwyj.s 			page 10


 470 0272 7C020000 		.4byte	0x27c
 471 0276 11       		.uleb128 0x11
 472 0277 7C020000 		.4byte	0x27c
 473 027b 00       		.byte	0
 474 027c 12       		.uleb128 0x12
 475 027d 04       		.byte	0x4
 476 027e 82020000 		.4byte	0x282
 477 0282 13       		.uleb128 0x13
 478 0283 A7000000 		.4byte	0xa7
 479 0287 14       		.uleb128 0x14
 480 0288 79000000 		.4byte	.LASF23
 481 028c 07       		.byte	0x7
 482 028d 1D01     		.2byte	0x11d
 483 028f 81000000 		.4byte	0x81
 484 0293 10       		.uleb128 0x10
 485 0294 4C020000 		.4byte	.LASF24
 486 0298 08       		.byte	0x8
 487 0299 76       		.byte	0x76
 488 029a A4020000 		.4byte	0x2a4
 489 029e 11       		.uleb128 0x11
 490 029f 8D000000 		.4byte	0x8d
 491 02a3 00       		.byte	0
 492 02a4 14       		.uleb128 0x14
 493 02a5 89000000 		.4byte	.LASF25
 494 02a9 07       		.byte	0x7
 495 02aa 2001     		.2byte	0x120
 496 02ac 81000000 		.4byte	0x81
 497 02b0 14       		.uleb128 0x14
 498 02b1 99000000 		.4byte	.LASF26
 499 02b5 07       		.byte	0x7
 500 02b6 2301     		.2byte	0x123
 501 02b8 81000000 		.4byte	0x81
 502 02bc 14       		.uleb128 0x14
 503 02bd A9000000 		.4byte	.LASF27
 504 02c1 07       		.byte	0x7
 505 02c2 2601     		.2byte	0x126
 506 02c4 81000000 		.4byte	0x81
 507 02c8 15       		.uleb128 0x15
 508 02c9 12020000 		.4byte	.LASF33
 509 02cd 06       		.byte	0x6
 510 02ce 5D       		.byte	0x5d
 511 02cf 11       		.uleb128 0x11
 512 02d0 81000000 		.4byte	0x81
 513 02d4 00       		.byte	0
 514 02d5 00       		.byte	0
 515              		.section	.debug_abbrev,"",%progbits
 516              	.Ldebug_abbrev0:
 517 0000 01       		.uleb128 0x1
 518 0001 11       		.uleb128 0x11
 519 0002 01       		.byte	0x1
 520 0003 25       		.uleb128 0x25
 521 0004 0E       		.uleb128 0xe
 522 0005 13       		.uleb128 0x13
 523 0006 0B       		.uleb128 0xb
 524 0007 03       		.uleb128 0x3
 525 0008 0E       		.uleb128 0xe
 526 0009 1B       		.uleb128 0x1b
ARM GAS  C:\Users\HENRYA~1\AppData\Local\Temp\ccglWwyj.s 			page 11


 527 000a 0E       		.uleb128 0xe
 528 000b 55       		.uleb128 0x55
 529 000c 17       		.uleb128 0x17
 530 000d 11       		.uleb128 0x11
 531 000e 01       		.uleb128 0x1
 532 000f 10       		.uleb128 0x10
 533 0010 17       		.uleb128 0x17
 534 0011 00       		.byte	0
 535 0012 00       		.byte	0
 536 0013 02       		.uleb128 0x2
 537 0014 24       		.uleb128 0x24
 538 0015 00       		.byte	0
 539 0016 0B       		.uleb128 0xb
 540 0017 0B       		.uleb128 0xb
 541 0018 3E       		.uleb128 0x3e
 542 0019 0B       		.uleb128 0xb
 543 001a 03       		.uleb128 0x3
 544 001b 0E       		.uleb128 0xe
 545 001c 00       		.byte	0
 546 001d 00       		.byte	0
 547 001e 03       		.uleb128 0x3
 548 001f 16       		.uleb128 0x16
 549 0020 00       		.byte	0
 550 0021 03       		.uleb128 0x3
 551 0022 0E       		.uleb128 0xe
 552 0023 3A       		.uleb128 0x3a
 553 0024 0B       		.uleb128 0xb
 554 0025 3B       		.uleb128 0x3b
 555 0026 0B       		.uleb128 0xb
 556 0027 49       		.uleb128 0x49
 557 0028 13       		.uleb128 0x13
 558 0029 00       		.byte	0
 559 002a 00       		.byte	0
 560 002b 04       		.uleb128 0x4
 561 002c 24       		.uleb128 0x24
 562 002d 00       		.byte	0
 563 002e 0B       		.uleb128 0xb
 564 002f 0B       		.uleb128 0xb
 565 0030 3E       		.uleb128 0x3e
 566 0031 0B       		.uleb128 0xb
 567 0032 03       		.uleb128 0x3
 568 0033 08       		.uleb128 0x8
 569 0034 00       		.byte	0
 570 0035 00       		.byte	0
 571 0036 05       		.uleb128 0x5
 572 0037 16       		.uleb128 0x16
 573 0038 00       		.byte	0
 574 0039 03       		.uleb128 0x3
 575 003a 0E       		.uleb128 0xe
 576 003b 3A       		.uleb128 0x3a
 577 003c 0B       		.uleb128 0xb
 578 003d 3B       		.uleb128 0x3b
 579 003e 05       		.uleb128 0x5
 580 003f 49       		.uleb128 0x49
 581 0040 13       		.uleb128 0x13
 582 0041 00       		.byte	0
 583 0042 00       		.byte	0
ARM GAS  C:\Users\HENRYA~1\AppData\Local\Temp\ccglWwyj.s 			page 12


 584 0043 06       		.uleb128 0x6
 585 0044 2E       		.uleb128 0x2e
 586 0045 01       		.byte	0x1
 587 0046 3F       		.uleb128 0x3f
 588 0047 19       		.uleb128 0x19
 589 0048 03       		.uleb128 0x3
 590 0049 0E       		.uleb128 0xe
 591 004a 3A       		.uleb128 0x3a
 592 004b 0B       		.uleb128 0xb
 593 004c 3B       		.uleb128 0x3b
 594 004d 0B       		.uleb128 0xb
 595 004e 49       		.uleb128 0x49
 596 004f 13       		.uleb128 0x13
 597 0050 11       		.uleb128 0x11
 598 0051 01       		.uleb128 0x1
 599 0052 12       		.uleb128 0x12
 600 0053 06       		.uleb128 0x6
 601 0054 40       		.uleb128 0x40
 602 0055 18       		.uleb128 0x18
 603 0056 9742     		.uleb128 0x2117
 604 0058 19       		.uleb128 0x19
 605 0059 01       		.uleb128 0x1
 606 005a 13       		.uleb128 0x13
 607 005b 00       		.byte	0
 608 005c 00       		.byte	0
 609 005d 07       		.uleb128 0x7
 610 005e 898201   		.uleb128 0x4109
 611 0061 00       		.byte	0
 612 0062 11       		.uleb128 0x11
 613 0063 01       		.uleb128 0x1
 614 0064 31       		.uleb128 0x31
 615 0065 13       		.uleb128 0x13
 616 0066 00       		.byte	0
 617 0067 00       		.byte	0
 618 0068 08       		.uleb128 0x8
 619 0069 898201   		.uleb128 0x4109
 620 006c 01       		.byte	0x1
 621 006d 11       		.uleb128 0x11
 622 006e 01       		.uleb128 0x1
 623 006f 31       		.uleb128 0x31
 624 0070 13       		.uleb128 0x13
 625 0071 01       		.uleb128 0x1
 626 0072 13       		.uleb128 0x13
 627 0073 00       		.byte	0
 628 0074 00       		.byte	0
 629 0075 09       		.uleb128 0x9
 630 0076 8A8201   		.uleb128 0x410a
 631 0079 00       		.byte	0
 632 007a 02       		.uleb128 0x2
 633 007b 18       		.uleb128 0x18
 634 007c 9142     		.uleb128 0x2111
 635 007e 18       		.uleb128 0x18
 636 007f 00       		.byte	0
 637 0080 00       		.byte	0
 638 0081 0A       		.uleb128 0xa
 639 0082 898201   		.uleb128 0x4109
 640 0085 01       		.byte	0x1
ARM GAS  C:\Users\HENRYA~1\AppData\Local\Temp\ccglWwyj.s 			page 13


 641 0086 11       		.uleb128 0x11
 642 0087 01       		.uleb128 0x1
 643 0088 31       		.uleb128 0x31
 644 0089 13       		.uleb128 0x13
 645 008a 00       		.byte	0
 646 008b 00       		.byte	0
 647 008c 0B       		.uleb128 0xb
 648 008d 34       		.uleb128 0x34
 649 008e 00       		.byte	0
 650 008f 03       		.uleb128 0x3
 651 0090 0E       		.uleb128 0xe
 652 0091 3A       		.uleb128 0x3a
 653 0092 0B       		.uleb128 0xb
 654 0093 3B       		.uleb128 0x3b
 655 0094 05       		.uleb128 0x5
 656 0095 49       		.uleb128 0x49
 657 0096 13       		.uleb128 0x13
 658 0097 3F       		.uleb128 0x3f
 659 0098 19       		.uleb128 0x19
 660 0099 3C       		.uleb128 0x3c
 661 009a 19       		.uleb128 0x19
 662 009b 00       		.byte	0
 663 009c 00       		.byte	0
 664 009d 0C       		.uleb128 0xc
 665 009e 35       		.uleb128 0x35
 666 009f 00       		.byte	0
 667 00a0 49       		.uleb128 0x49
 668 00a1 13       		.uleb128 0x13
 669 00a2 00       		.byte	0
 670 00a3 00       		.byte	0
 671 00a4 0D       		.uleb128 0xd
 672 00a5 34       		.uleb128 0x34
 673 00a6 00       		.byte	0
 674 00a7 03       		.uleb128 0x3
 675 00a8 0E       		.uleb128 0xe
 676 00a9 3A       		.uleb128 0x3a
 677 00aa 0B       		.uleb128 0xb
 678 00ab 3B       		.uleb128 0x3b
 679 00ac 0B       		.uleb128 0xb
 680 00ad 49       		.uleb128 0x49
 681 00ae 13       		.uleb128 0x13
 682 00af 3F       		.uleb128 0x3f
 683 00b0 19       		.uleb128 0x19
 684 00b1 02       		.uleb128 0x2
 685 00b2 18       		.uleb128 0x18
 686 00b3 00       		.byte	0
 687 00b4 00       		.byte	0
 688 00b5 0E       		.uleb128 0xe
 689 00b6 2E       		.uleb128 0x2e
 690 00b7 00       		.byte	0
 691 00b8 3F       		.uleb128 0x3f
 692 00b9 19       		.uleb128 0x19
 693 00ba 03       		.uleb128 0x3
 694 00bb 0E       		.uleb128 0xe
 695 00bc 3A       		.uleb128 0x3a
 696 00bd 0B       		.uleb128 0xb
 697 00be 3B       		.uleb128 0x3b
ARM GAS  C:\Users\HENRYA~1\AppData\Local\Temp\ccglWwyj.s 			page 14


 698 00bf 0B       		.uleb128 0xb
 699 00c0 27       		.uleb128 0x27
 700 00c1 19       		.uleb128 0x19
 701 00c2 49       		.uleb128 0x49
 702 00c3 13       		.uleb128 0x13
 703 00c4 3C       		.uleb128 0x3c
 704 00c5 19       		.uleb128 0x19
 705 00c6 00       		.byte	0
 706 00c7 00       		.byte	0
 707 00c8 0F       		.uleb128 0xf
 708 00c9 2E       		.uleb128 0x2e
 709 00ca 00       		.byte	0
 710 00cb 3F       		.uleb128 0x3f
 711 00cc 19       		.uleb128 0x19
 712 00cd 03       		.uleb128 0x3
 713 00ce 0E       		.uleb128 0xe
 714 00cf 3A       		.uleb128 0x3a
 715 00d0 0B       		.uleb128 0xb
 716 00d1 3B       		.uleb128 0x3b
 717 00d2 0B       		.uleb128 0xb
 718 00d3 27       		.uleb128 0x27
 719 00d4 19       		.uleb128 0x19
 720 00d5 3C       		.uleb128 0x3c
 721 00d6 19       		.uleb128 0x19
 722 00d7 00       		.byte	0
 723 00d8 00       		.byte	0
 724 00d9 10       		.uleb128 0x10
 725 00da 2E       		.uleb128 0x2e
 726 00db 01       		.byte	0x1
 727 00dc 3F       		.uleb128 0x3f
 728 00dd 19       		.uleb128 0x19
 729 00de 03       		.uleb128 0x3
 730 00df 0E       		.uleb128 0xe
 731 00e0 3A       		.uleb128 0x3a
 732 00e1 0B       		.uleb128 0xb
 733 00e2 3B       		.uleb128 0x3b
 734 00e3 0B       		.uleb128 0xb
 735 00e4 27       		.uleb128 0x27
 736 00e5 19       		.uleb128 0x19
 737 00e6 3C       		.uleb128 0x3c
 738 00e7 19       		.uleb128 0x19
 739 00e8 01       		.uleb128 0x1
 740 00e9 13       		.uleb128 0x13
 741 00ea 00       		.byte	0
 742 00eb 00       		.byte	0
 743 00ec 11       		.uleb128 0x11
 744 00ed 05       		.uleb128 0x5
 745 00ee 00       		.byte	0
 746 00ef 49       		.uleb128 0x49
 747 00f0 13       		.uleb128 0x13
 748 00f1 00       		.byte	0
 749 00f2 00       		.byte	0
 750 00f3 12       		.uleb128 0x12
 751 00f4 0F       		.uleb128 0xf
 752 00f5 00       		.byte	0
 753 00f6 0B       		.uleb128 0xb
 754 00f7 0B       		.uleb128 0xb
ARM GAS  C:\Users\HENRYA~1\AppData\Local\Temp\ccglWwyj.s 			page 15


 755 00f8 49       		.uleb128 0x49
 756 00f9 13       		.uleb128 0x13
 757 00fa 00       		.byte	0
 758 00fb 00       		.byte	0
 759 00fc 13       		.uleb128 0x13
 760 00fd 26       		.uleb128 0x26
 761 00fe 00       		.byte	0
 762 00ff 49       		.uleb128 0x49
 763 0100 13       		.uleb128 0x13
 764 0101 00       		.byte	0
 765 0102 00       		.byte	0
 766 0103 14       		.uleb128 0x14
 767 0104 2E       		.uleb128 0x2e
 768 0105 00       		.byte	0
 769 0106 3F       		.uleb128 0x3f
 770 0107 19       		.uleb128 0x19
 771 0108 03       		.uleb128 0x3
 772 0109 0E       		.uleb128 0xe
 773 010a 3A       		.uleb128 0x3a
 774 010b 0B       		.uleb128 0xb
 775 010c 3B       		.uleb128 0x3b
 776 010d 05       		.uleb128 0x5
 777 010e 27       		.uleb128 0x27
 778 010f 19       		.uleb128 0x19
 779 0110 49       		.uleb128 0x49
 780 0111 13       		.uleb128 0x13
 781 0112 3C       		.uleb128 0x3c
 782 0113 19       		.uleb128 0x19
 783 0114 00       		.byte	0
 784 0115 00       		.byte	0
 785 0116 15       		.uleb128 0x15
 786 0117 2E       		.uleb128 0x2e
 787 0118 01       		.byte	0x1
 788 0119 3F       		.uleb128 0x3f
 789 011a 19       		.uleb128 0x19
 790 011b 03       		.uleb128 0x3
 791 011c 0E       		.uleb128 0xe
 792 011d 3A       		.uleb128 0x3a
 793 011e 0B       		.uleb128 0xb
 794 011f 3B       		.uleb128 0x3b
 795 0120 0B       		.uleb128 0xb
 796 0121 27       		.uleb128 0x27
 797 0122 19       		.uleb128 0x19
 798 0123 3C       		.uleb128 0x3c
 799 0124 19       		.uleb128 0x19
 800 0125 00       		.byte	0
 801 0126 00       		.byte	0
 802 0127 00       		.byte	0
 803              		.section	.debug_aranges,"",%progbits
 804 0000 1C000000 		.4byte	0x1c
 805 0004 0200     		.2byte	0x2
 806 0006 00000000 		.4byte	.Ldebug_info0
 807 000a 04       		.byte	0x4
 808 000b 00       		.byte	0
 809 000c 0000     		.2byte	0
 810 000e 0000     		.2byte	0
 811 0010 00000000 		.4byte	.LFB63
ARM GAS  C:\Users\HENRYA~1\AppData\Local\Temp\ccglWwyj.s 			page 16


 812 0014 A0000000 		.4byte	.LFE63-.LFB63
 813 0018 00000000 		.4byte	0
 814 001c 00000000 		.4byte	0
 815              		.section	.debug_ranges,"",%progbits
 816              	.Ldebug_ranges0:
 817 0000 00000000 		.4byte	.LFB63
 818 0004 A0000000 		.4byte	.LFE63
 819 0008 00000000 		.4byte	0
 820 000c 00000000 		.4byte	0
 821              		.section	.debug_line,"",%progbits
 822              	.Ldebug_line0:
 823 0000 E9010000 		.section	.debug_str,"MS",%progbits,1
 823      02007001 
 823      00000201 
 823      FB0E0D00 
 823      01010101 
 824              	.LASF9:
 825 0000 5F5F696E 		.ascii	"__int32_t\000"
 825      7433325F 
 825      7400
 826              	.LASF3:
 827 000a 73686F72 		.ascii	"short unsigned int\000"
 827      7420756E 
 827      7369676E 
 827      65642069 
 827      6E7400
 828              	.LASF29:
 829 001d 2E5C6D61 		.ascii	".\\main.c\000"
 829      696E2E63 
 829      00
 830              	.LASF22:
 831 0026 54585F43 		.ascii	"TX_CAN_Start\000"
 831      414E5F53 
 831      74617274 
 831      00
 832              	.LASF13:
 833 0033 666C6F61 		.ascii	"float\000"
 833      7400
 834              	.LASF32:
 835 0039 4C43445F 		.ascii	"LCD_Char_1_Start\000"
 835      43686172 
 835      5F315F53 
 835      74617274 
 835      00
 836              	.LASF21:
 837 004a 4C43445F 		.ascii	"LCD_Char_1_PrintString\000"
 837      43686172 
 837      5F315F50 
 837      72696E74 
 837      53747269 
 838              	.LASF15:
 839 0061 63686172 		.ascii	"char8\000"
 839      3800
 840              	.LASF5:
 841 0067 6C6F6E67 		.ascii	"long unsigned int\000"
 841      20756E73 
 841      69676E65 
ARM GAS  C:\Users\HENRYA~1\AppData\Local\Temp\ccglWwyj.s 			page 17


 841      6420696E 
 841      7400
 842              	.LASF23:
 843 0079 54585F43 		.ascii	"TX_CAN_SendMsg0\000"
 843      414E5F53 
 843      656E644D 
 843      73673000 
 844              	.LASF25:
 845 0089 54585F43 		.ascii	"TX_CAN_SendMsg1\000"
 845      414E5F53 
 845      656E644D 
 845      73673100 
 846              	.LASF26:
 847 0099 54585F43 		.ascii	"TX_CAN_SendMsg2\000"
 847      414E5F53 
 847      656E644D 
 847      73673200 
 848              	.LASF27:
 849 00a9 54585F43 		.ascii	"TX_CAN_SendMsg3\000"
 849      414E5F53 
 849      656E644D 
 849      73673300 
 850              	.LASF30:
 851 00b9 433A5C55 		.ascii	"C:\\Users\\Henry Alberto\\Desktop\\SPI\\CAN_NODO_1."
 851      73657273 
 851      5C48656E 
 851      72792041 
 851      6C626572 
 852 00e7 63796473 		.ascii	"cydsn\000"
 852      6E00
 853              	.LASF18:
 854 00ed 49544D5F 		.ascii	"ITM_RxBuffer\000"
 854      52784275 
 854      66666572 
 854      00
 855              	.LASF1:
 856 00fa 756E7369 		.ascii	"unsigned char\000"
 856      676E6564 
 856      20636861 
 856      7200
 857              	.LASF14:
 858 0108 646F7562 		.ascii	"double\000"
 858      6C6500
 859              	.LASF31:
 860 010f 6D61696E 		.ascii	"main\000"
 860      00
 861              	.LASF12:
 862 0114 75696E74 		.ascii	"uint32\000"
 862      333200
 863              	.LASF19:
 864 011b 6461746F 		.ascii	"dato_enviado\000"
 864      5F656E76 
 864      6961646F 
 864      00
 865              	.LASF8:
 866 0128 756E7369 		.ascii	"unsigned int\000"
 866      676E6564 
ARM GAS  C:\Users\HENRYA~1\AppData\Local\Temp\ccglWwyj.s 			page 18


 866      20696E74 
 866      00
 867              	.LASF7:
 868 0135 6C6F6E67 		.ascii	"long long unsigned int\000"
 868      206C6F6E 
 868      6720756E 
 868      7369676E 
 868      65642069 
 869              	.LASF28:
 870 014c 474E5520 		.ascii	"GNU C 4.9.3 20150303 (release) [ARM/embedded-4_9-br"
 870      4320342E 
 870      392E3320 
 870      32303135 
 870      30333033 
 871 017f 616E6368 		.ascii	"anch revision 221220] -mcpu=cortex-m3 -mthumb -g -O"
 871      20726576 
 871      6973696F 
 871      6E203232 
 871      31323230 
 872 01b2 67202D66 		.ascii	"g -ffunction-sections -ffat-lto-objects\000"
 872      66756E63 
 872      74696F6E 
 872      2D736563 
 872      74696F6E 
 873              	.LASF10:
 874 01da 696E7433 		.ascii	"int32_t\000"
 874      325F7400 
 875              	.LASF17:
 876 01e2 73697A65 		.ascii	"sizetype\000"
 876      74797065 
 876      00
 877              	.LASF6:
 878 01eb 6C6F6E67 		.ascii	"long long int\000"
 878      206C6F6E 
 878      6720696E 
 878      7400
 879              	.LASF16:
 880 01f9 63686172 		.ascii	"char\000"
 880      00
 881              	.LASF20:
 882 01fe 4C43445F 		.ascii	"LCD_Char_1_Position\000"
 882      43686172 
 882      5F315F50 
 882      6F736974 
 882      696F6E00 
 883              	.LASF33:
 884 0212 4C43445F 		.ascii	"LCD_Char_1_PrintInt8\000"
 884      43686172 
 884      5F315F50 
 884      72696E74 
 884      496E7438 
 885              	.LASF2:
 886 0227 73686F72 		.ascii	"short int\000"
 886      7420696E 
 886      7400
 887              	.LASF11:
 888 0231 75696E74 		.ascii	"uint8\000"
ARM GAS  C:\Users\HENRYA~1\AppData\Local\Temp\ccglWwyj.s 			page 19


 888      3800
 889              	.LASF4:
 890 0237 6C6F6E67 		.ascii	"long int\000"
 890      20696E74 
 890      00
 891              	.LASF0:
 892 0240 7369676E 		.ascii	"signed char\000"
 892      65642063 
 892      68617200 
 893              	.LASF24:
 894 024c 43794465 		.ascii	"CyDelay\000"
 894      6C617900 
 895              		.ident	"GCC: (GNU Tools for ARM Embedded Processors) 4.9.3 20150303 (release) [ARM/embedded-4_9-br
