ARM GAS  C:\Users\HENRYA~1\AppData\Local\Temp\cccdy65G.s 			page 1


   1              		.syntax unified
   2              		.cpu cortex-m3
   3              		.fpu softvfp
   4              		.eabi_attribute 20, 1
   5              		.eabi_attribute 21, 1
   6              		.eabi_attribute 23, 3
   7              		.eabi_attribute 24, 1
   8              		.eabi_attribute 25, 1
   9              		.eabi_attribute 26, 1
  10              		.eabi_attribute 30, 1
  11              		.eabi_attribute 34, 1
  12              		.eabi_attribute 18, 4
  13              		.thumb
  14              		.file	"main.c"
  15              		.text
  16              	.Ltext0:
  17              		.cfi_sections	.debug_frame
  18              		.section	.text.main,"ax",%progbits
  19              		.align	2
  20              		.global	main
  21              		.thumb
  22              		.thumb_func
  23              		.type	main, %function
  24              	main:
  25              	.LFB63:
  26              		.file 1 ".\\main.c"
   1:.\main.c      **** /* ========================================
   2:.\main.c      ****  *
   3:.\main.c      ****  * Copyright YOUR COMPANY, THE YEAR
   4:.\main.c      ****  * All Rights Reserved
   5:.\main.c      ****  * UNPUBLISHED, LICENSED SOFTWARE.
   6:.\main.c      ****  *
   7:.\main.c      ****  * CONFIDENTIAL AND PROPRIETARY INFORMATION
   8:.\main.c      ****  * WHICH IS THE PROPERTY OF your company.
   9:.\main.c      ****  *
  10:.\main.c      ****  * ========================================
  11:.\main.c      **** */
  12:.\main.c      **** #include <project.h>
  13:.\main.c      **** int8 dato_enviado;
  14:.\main.c      **** int8 dato_recibido;
  15:.\main.c      **** 
  16:.\main.c      **** int main()
  17:.\main.c      **** {
  27              		.loc 1 17 0
  28              		.cfi_startproc
  29              		@ Volatile: function does not return.
  30              		@ args = 0, pretend = 0, frame = 0
  31              		@ frame_needed = 0, uses_anonymous_args = 0
  32 0000 08B5     		push	{r3, lr}
  33              		.cfi_def_cfa_offset 8
  34              		.cfi_offset 3, -8
  35              		.cfi_offset 14, -4
  18:.\main.c      ****     CyGlobalIntEnable; /* Enable global interrupts. */
  36              		.loc 1 18 0
  37              	@ 18 ".\main.c" 1
  38 0002 62B6     		CPSIE   i
  39              	@ 0 "" 2
ARM GAS  C:\Users\HENRYA~1\AppData\Local\Temp\cccdy65G.s 			page 2


  19:.\main.c      ****     RECIBE_Start();
  40              		.loc 1 19 0
  41              		.thumb
  42 0004 FFF7FEFF 		bl	RECIBE_Start
  43              	.LVL0:
  20:.\main.c      ****     RECIBE_LoadRxConfig();
  44              		.loc 1 20 0
  45 0008 FFF7FEFF 		bl	RECIBE_LoadRxConfig
  46              	.LVL1:
  21:.\main.c      ****     LCD_Char_1_Start();
  47              		.loc 1 21 0
  48 000c FFF7FEFF 		bl	LCD_Char_1_Start
  49              	.LVL2:
  22:.\main.c      ****     LCD_Char_1_Position(0,0);
  50              		.loc 1 22 0
  51 0010 0020     		movs	r0, #0
  52 0012 0146     		mov	r1, r0
  53 0014 FFF7FEFF 		bl	LCD_Char_1_Position
  54              	.LVL3:
  23:.\main.c      ****     LCD_Char_1_PrintString("S...");
  55              		.loc 1 23 0
  56 0018 0748     		ldr	r0, .L4
  57 001a FFF7FEFF 		bl	LCD_Char_1_PrintString
  58              	.LVL4:
  59              	.L2:
  24:.\main.c      ****     /* Place your initialization/startup code here (e.g. MyInst_Start()) */
  25:.\main.c      ****     for(;;)
  26:.\main.c      ****     {
  27:.\main.c      ****         dato_recibido=RECIBE_ReadRxData();
  60              		.loc 1 27 0 discriminator 1
  61 001e FFF7FEFF 		bl	RECIBE_ReadRxData
  62              	.LVL5:
  63 0022 064C     		ldr	r4, .L4+4
  64 0024 2070     		strb	r0, [r4]
  28:.\main.c      ****         LCD_Char_1_Position(1,0);
  65              		.loc 1 28 0 discriminator 1
  66 0026 0120     		movs	r0, #1
  67 0028 0021     		movs	r1, #0
  68 002a FFF7FEFF 		bl	LCD_Char_1_Position
  69              	.LVL6:
  29:.\main.c      ****         LCD_Char_1_PrintInt8(dato_recibido); 
  70              		.loc 1 29 0 discriminator 1
  71 002e 2078     		ldrb	r0, [r4]	@ zero_extendqisi2
  72 0030 FFF7FEFF 		bl	LCD_Char_1_PrintInt8
  73              	.LVL7:
  30:.\main.c      ****     }
  74              		.loc 1 30 0 discriminator 1
  75 0034 F3E7     		b	.L2
  76              	.L5:
  77 0036 00BF     		.align	2
  78              	.L4:
  79 0038 00000000 		.word	.LC0
  80 003c 00000000 		.word	dato_recibido
  81              		.cfi_endproc
  82              	.LFE63:
  83              		.size	main, .-main
  84              		.comm	dato_recibido,1,1
ARM GAS  C:\Users\HENRYA~1\AppData\Local\Temp\cccdy65G.s 			page 3


  85              		.comm	dato_enviado,1,1
  86              		.section	.rodata.str1.4,"aMS",%progbits,1
  87              		.align	2
  88              	.LC0:
  89 0000 532E2E2E 		.ascii	"S...\000"
  89      00
  90 0005 000000   		.text
  91              	.Letext0:
  92              		.file 2 "c:\\program files (x86)\\cypress\\psoc creator\\3.3\\psoc creator\\import\\gnu\\arm\\4.9.
  93              		.file 3 "c:\\program files (x86)\\cypress\\psoc creator\\3.3\\psoc creator\\import\\gnu\\arm\\4.9.
  94              		.file 4 "Generated_Source\\PSoC5/cytypes.h"
  95              		.file 5 "Generated_Source\\PSoC5/core_cm3.h"
  96              		.file 6 "Generated_Source\\PSoC5/RECIBE.h"
  97              		.file 7 "Generated_Source\\PSoC5/LCD_Char_1.h"
  98              		.section	.debug_info,"",%progbits
  99              	.Ldebug_info0:
 100 0000 DE010000 		.4byte	0x1de
 101 0004 0400     		.2byte	0x4
 102 0006 00000000 		.4byte	.Ldebug_abbrev0
 103 000a 04       		.byte	0x4
 104 000b 01       		.uleb128 0x1
 105 000c F1000000 		.4byte	.LASF26
 106 0010 01       		.byte	0x1
 107 0011 18000000 		.4byte	.LASF27
 108 0015 7F010000 		.4byte	.LASF28
 109 0019 00000000 		.4byte	.Ldebug_ranges0+0
 110 001d 00000000 		.4byte	0
 111 0021 00000000 		.4byte	.Ldebug_line0
 112 0025 02       		.uleb128 0x2
 113 0026 01       		.byte	0x1
 114 0027 06       		.byte	0x6
 115 0028 39020000 		.4byte	.LASF0
 116 002c 02       		.uleb128 0x2
 117 002d 01       		.byte	0x1
 118 002e 08       		.byte	0x8
 119 002f 87000000 		.4byte	.LASF1
 120 0033 02       		.uleb128 0x2
 121 0034 02       		.byte	0x2
 122 0035 05       		.byte	0x5
 123 0036 0C020000 		.4byte	.LASF2
 124 003a 02       		.uleb128 0x2
 125 003b 02       		.byte	0x2
 126 003c 07       		.byte	0x7
 127 003d 67000000 		.4byte	.LASF3
 128 0041 03       		.uleb128 0x3
 129 0042 00000000 		.4byte	.LASF9
 130 0046 02       		.byte	0x2
 131 0047 3F       		.byte	0x3f
 132 0048 4C000000 		.4byte	0x4c
 133 004c 02       		.uleb128 0x2
 134 004d 04       		.byte	0x4
 135 004e 05       		.byte	0x5
 136 004f 30020000 		.4byte	.LASF4
 137 0053 02       		.uleb128 0x2
 138 0054 04       		.byte	0x4
 139 0055 07       		.byte	0x7
 140 0056 55000000 		.4byte	.LASF5
ARM GAS  C:\Users\HENRYA~1\AppData\Local\Temp\cccdy65G.s 			page 4


 141 005a 02       		.uleb128 0x2
 142 005b 08       		.byte	0x8
 143 005c 05       		.byte	0x5
 144 005d D0010000 		.4byte	.LASF6
 145 0061 02       		.uleb128 0x2
 146 0062 08       		.byte	0x8
 147 0063 07       		.byte	0x7
 148 0064 DA000000 		.4byte	.LASF7
 149 0068 04       		.uleb128 0x4
 150 0069 04       		.byte	0x4
 151 006a 05       		.byte	0x5
 152 006b 696E7400 		.ascii	"int\000"
 153 006f 02       		.uleb128 0x2
 154 0070 04       		.byte	0x4
 155 0071 07       		.byte	0x7
 156 0072 BB000000 		.4byte	.LASF8
 157 0076 03       		.uleb128 0x3
 158 0077 BA010000 		.4byte	.LASF10
 159 007b 03       		.byte	0x3
 160 007c 2C       		.byte	0x2c
 161 007d 41000000 		.4byte	0x41
 162 0081 05       		.uleb128 0x5
 163 0082 2A020000 		.4byte	.LASF11
 164 0086 04       		.byte	0x4
 165 0087 9201     		.2byte	0x192
 166 0089 2C000000 		.4byte	0x2c
 167 008d 05       		.uleb128 0x5
 168 008e A9000000 		.4byte	.LASF12
 169 0092 04       		.byte	0x4
 170 0093 9501     		.2byte	0x195
 171 0095 25000000 		.4byte	0x25
 172 0099 02       		.uleb128 0x2
 173 009a 04       		.byte	0x4
 174 009b 04       		.byte	0x4
 175 009c 21000000 		.4byte	.LASF13
 176 00a0 02       		.uleb128 0x2
 177 00a1 08       		.byte	0x8
 178 00a2 04       		.byte	0x4
 179 00a3 95000000 		.4byte	.LASF14
 180 00a7 05       		.uleb128 0x5
 181 00a8 4F000000 		.4byte	.LASF15
 182 00ac 04       		.byte	0x4
 183 00ad A301     		.2byte	0x1a3
 184 00af B3000000 		.4byte	0xb3
 185 00b3 02       		.uleb128 0x2
 186 00b4 01       		.byte	0x1
 187 00b5 08       		.byte	0x8
 188 00b6 DE010000 		.4byte	.LASF16
 189 00ba 02       		.uleb128 0x2
 190 00bb 04       		.byte	0x4
 191 00bc 07       		.byte	0x7
 192 00bd C2010000 		.4byte	.LASF17
 193 00c1 06       		.uleb128 0x6
 194 00c2 CB010000 		.4byte	.LASF29
 195 00c6 01       		.byte	0x1
 196 00c7 10       		.byte	0x10
 197 00c8 68000000 		.4byte	0x68
ARM GAS  C:\Users\HENRYA~1\AppData\Local\Temp\cccdy65G.s 			page 5


 198 00cc 00000000 		.4byte	.LFB63
 199 00d0 40000000 		.4byte	.LFE63-.LFB63
 200 00d4 01       		.uleb128 0x1
 201 00d5 9C       		.byte	0x9c
 202 00d6 4F010000 		.4byte	0x14f
 203 00da 07       		.uleb128 0x7
 204 00db 08000000 		.4byte	.LVL0
 205 00df 82010000 		.4byte	0x182
 206 00e3 07       		.uleb128 0x7
 207 00e4 0C000000 		.4byte	.LVL1
 208 00e8 89010000 		.4byte	0x189
 209 00ec 07       		.uleb128 0x7
 210 00ed 10000000 		.4byte	.LVL2
 211 00f1 90010000 		.4byte	0x190
 212 00f5 08       		.uleb128 0x8
 213 00f6 18000000 		.4byte	.LVL3
 214 00fa 97010000 		.4byte	0x197
 215 00fe 0D010000 		.4byte	0x10d
 216 0102 09       		.uleb128 0x9
 217 0103 01       		.uleb128 0x1
 218 0104 51       		.byte	0x51
 219 0105 01       		.uleb128 0x1
 220 0106 30       		.byte	0x30
 221 0107 09       		.uleb128 0x9
 222 0108 01       		.uleb128 0x1
 223 0109 50       		.byte	0x50
 224 010a 01       		.uleb128 0x1
 225 010b 30       		.byte	0x30
 226 010c 00       		.byte	0
 227 010d 08       		.uleb128 0x8
 228 010e 1E000000 		.4byte	.LVL4
 229 0112 AD010000 		.4byte	0x1ad
 230 0116 24010000 		.4byte	0x124
 231 011a 09       		.uleb128 0x9
 232 011b 01       		.uleb128 0x1
 233 011c 50       		.byte	0x50
 234 011d 05       		.uleb128 0x5
 235 011e 03       		.byte	0x3
 236 011f 00000000 		.4byte	.LC0
 237 0123 00       		.byte	0
 238 0124 07       		.uleb128 0x7
 239 0125 22000000 		.4byte	.LVL5
 240 0129 C9010000 		.4byte	0x1c9
 241 012d 08       		.uleb128 0x8
 242 012e 2E000000 		.4byte	.LVL6
 243 0132 97010000 		.4byte	0x197
 244 0136 45010000 		.4byte	0x145
 245 013a 09       		.uleb128 0x9
 246 013b 01       		.uleb128 0x1
 247 013c 51       		.byte	0x51
 248 013d 01       		.uleb128 0x1
 249 013e 30       		.byte	0x30
 250 013f 09       		.uleb128 0x9
 251 0140 01       		.uleb128 0x1
 252 0141 50       		.byte	0x50
 253 0142 01       		.uleb128 0x1
 254 0143 31       		.byte	0x31
ARM GAS  C:\Users\HENRYA~1\AppData\Local\Temp\cccdy65G.s 			page 6


 255 0144 00       		.byte	0
 256 0145 07       		.uleb128 0x7
 257 0146 34000000 		.4byte	.LVL7
 258 014a D4010000 		.4byte	0x1d4
 259 014e 00       		.byte	0
 260 014f 0A       		.uleb128 0xa
 261 0150 7A000000 		.4byte	.LASF18
 262 0154 05       		.byte	0x5
 263 0155 9606     		.2byte	0x696
 264 0157 5B010000 		.4byte	0x15b
 265 015b 0B       		.uleb128 0xb
 266 015c 76000000 		.4byte	0x76
 267 0160 0C       		.uleb128 0xc
 268 0161 AE000000 		.4byte	.LASF19
 269 0165 01       		.byte	0x1
 270 0166 0D       		.byte	0xd
 271 0167 8D000000 		.4byte	0x8d
 272 016b 05       		.uleb128 0x5
 273 016c 03       		.byte	0x3
 274 016d 00000000 		.4byte	dato_enviado
 275 0171 0C       		.uleb128 0xc
 276 0172 0A000000 		.4byte	.LASF20
 277 0176 01       		.byte	0x1
 278 0177 0E       		.byte	0xe
 279 0178 8D000000 		.4byte	0x8d
 280 017c 05       		.uleb128 0x5
 281 017d 03       		.byte	0x3
 282 017e 00000000 		.4byte	dato_recibido
 283 0182 0D       		.uleb128 0xd
 284 0183 9C000000 		.4byte	.LASF21
 285 0187 06       		.byte	0x6
 286 0188 54       		.byte	0x54
 287 0189 0D       		.uleb128 0xd
 288 018a 16020000 		.4byte	.LASF22
 289 018e 06       		.byte	0x6
 290 018f 9C       		.byte	0x9c
 291 0190 0D       		.uleb128 0xd
 292 0191 27000000 		.4byte	.LASF23
 293 0195 07       		.byte	0x7
 294 0196 38       		.byte	0x38
 295 0197 0E       		.uleb128 0xe
 296 0198 E3010000 		.4byte	.LASF24
 297 019c 07       		.byte	0x7
 298 019d 3D       		.byte	0x3d
 299 019e AD010000 		.4byte	0x1ad
 300 01a2 0F       		.uleb128 0xf
 301 01a3 81000000 		.4byte	0x81
 302 01a7 0F       		.uleb128 0xf
 303 01a8 81000000 		.4byte	0x81
 304 01ac 00       		.byte	0
 305 01ad 0E       		.uleb128 0xe
 306 01ae 38000000 		.4byte	.LASF25
 307 01b2 07       		.byte	0x7
 308 01b3 3C       		.byte	0x3c
 309 01b4 BE010000 		.4byte	0x1be
 310 01b8 0F       		.uleb128 0xf
 311 01b9 BE010000 		.4byte	0x1be
ARM GAS  C:\Users\HENRYA~1\AppData\Local\Temp\cccdy65G.s 			page 7


 312 01bd 00       		.byte	0
 313 01be 10       		.uleb128 0x10
 314 01bf 04       		.byte	0x4
 315 01c0 C4010000 		.4byte	0x1c4
 316 01c4 11       		.uleb128 0x11
 317 01c5 A7000000 		.4byte	0xa7
 318 01c9 12       		.uleb128 0x12
 319 01ca C8000000 		.4byte	.LASF30
 320 01ce 06       		.byte	0x6
 321 01cf 6F       		.byte	0x6f
 322 01d0 81000000 		.4byte	0x81
 323 01d4 13       		.uleb128 0x13
 324 01d5 F7010000 		.4byte	.LASF31
 325 01d9 07       		.byte	0x7
 326 01da 5D       		.byte	0x5d
 327 01db 0F       		.uleb128 0xf
 328 01dc 81000000 		.4byte	0x81
 329 01e0 00       		.byte	0
 330 01e1 00       		.byte	0
 331              		.section	.debug_abbrev,"",%progbits
 332              	.Ldebug_abbrev0:
 333 0000 01       		.uleb128 0x1
 334 0001 11       		.uleb128 0x11
 335 0002 01       		.byte	0x1
 336 0003 25       		.uleb128 0x25
 337 0004 0E       		.uleb128 0xe
 338 0005 13       		.uleb128 0x13
 339 0006 0B       		.uleb128 0xb
 340 0007 03       		.uleb128 0x3
 341 0008 0E       		.uleb128 0xe
 342 0009 1B       		.uleb128 0x1b
 343 000a 0E       		.uleb128 0xe
 344 000b 55       		.uleb128 0x55
 345 000c 17       		.uleb128 0x17
 346 000d 11       		.uleb128 0x11
 347 000e 01       		.uleb128 0x1
 348 000f 10       		.uleb128 0x10
 349 0010 17       		.uleb128 0x17
 350 0011 00       		.byte	0
 351 0012 00       		.byte	0
 352 0013 02       		.uleb128 0x2
 353 0014 24       		.uleb128 0x24
 354 0015 00       		.byte	0
 355 0016 0B       		.uleb128 0xb
 356 0017 0B       		.uleb128 0xb
 357 0018 3E       		.uleb128 0x3e
 358 0019 0B       		.uleb128 0xb
 359 001a 03       		.uleb128 0x3
 360 001b 0E       		.uleb128 0xe
 361 001c 00       		.byte	0
 362 001d 00       		.byte	0
 363 001e 03       		.uleb128 0x3
 364 001f 16       		.uleb128 0x16
 365 0020 00       		.byte	0
 366 0021 03       		.uleb128 0x3
 367 0022 0E       		.uleb128 0xe
 368 0023 3A       		.uleb128 0x3a
ARM GAS  C:\Users\HENRYA~1\AppData\Local\Temp\cccdy65G.s 			page 8


 369 0024 0B       		.uleb128 0xb
 370 0025 3B       		.uleb128 0x3b
 371 0026 0B       		.uleb128 0xb
 372 0027 49       		.uleb128 0x49
 373 0028 13       		.uleb128 0x13
 374 0029 00       		.byte	0
 375 002a 00       		.byte	0
 376 002b 04       		.uleb128 0x4
 377 002c 24       		.uleb128 0x24
 378 002d 00       		.byte	0
 379 002e 0B       		.uleb128 0xb
 380 002f 0B       		.uleb128 0xb
 381 0030 3E       		.uleb128 0x3e
 382 0031 0B       		.uleb128 0xb
 383 0032 03       		.uleb128 0x3
 384 0033 08       		.uleb128 0x8
 385 0034 00       		.byte	0
 386 0035 00       		.byte	0
 387 0036 05       		.uleb128 0x5
 388 0037 16       		.uleb128 0x16
 389 0038 00       		.byte	0
 390 0039 03       		.uleb128 0x3
 391 003a 0E       		.uleb128 0xe
 392 003b 3A       		.uleb128 0x3a
 393 003c 0B       		.uleb128 0xb
 394 003d 3B       		.uleb128 0x3b
 395 003e 05       		.uleb128 0x5
 396 003f 49       		.uleb128 0x49
 397 0040 13       		.uleb128 0x13
 398 0041 00       		.byte	0
 399 0042 00       		.byte	0
 400 0043 06       		.uleb128 0x6
 401 0044 2E       		.uleb128 0x2e
 402 0045 01       		.byte	0x1
 403 0046 3F       		.uleb128 0x3f
 404 0047 19       		.uleb128 0x19
 405 0048 03       		.uleb128 0x3
 406 0049 0E       		.uleb128 0xe
 407 004a 3A       		.uleb128 0x3a
 408 004b 0B       		.uleb128 0xb
 409 004c 3B       		.uleb128 0x3b
 410 004d 0B       		.uleb128 0xb
 411 004e 49       		.uleb128 0x49
 412 004f 13       		.uleb128 0x13
 413 0050 11       		.uleb128 0x11
 414 0051 01       		.uleb128 0x1
 415 0052 12       		.uleb128 0x12
 416 0053 06       		.uleb128 0x6
 417 0054 40       		.uleb128 0x40
 418 0055 18       		.uleb128 0x18
 419 0056 9742     		.uleb128 0x2117
 420 0058 19       		.uleb128 0x19
 421 0059 01       		.uleb128 0x1
 422 005a 13       		.uleb128 0x13
 423 005b 00       		.byte	0
 424 005c 00       		.byte	0
 425 005d 07       		.uleb128 0x7
ARM GAS  C:\Users\HENRYA~1\AppData\Local\Temp\cccdy65G.s 			page 9


 426 005e 898201   		.uleb128 0x4109
 427 0061 00       		.byte	0
 428 0062 11       		.uleb128 0x11
 429 0063 01       		.uleb128 0x1
 430 0064 31       		.uleb128 0x31
 431 0065 13       		.uleb128 0x13
 432 0066 00       		.byte	0
 433 0067 00       		.byte	0
 434 0068 08       		.uleb128 0x8
 435 0069 898201   		.uleb128 0x4109
 436 006c 01       		.byte	0x1
 437 006d 11       		.uleb128 0x11
 438 006e 01       		.uleb128 0x1
 439 006f 31       		.uleb128 0x31
 440 0070 13       		.uleb128 0x13
 441 0071 01       		.uleb128 0x1
 442 0072 13       		.uleb128 0x13
 443 0073 00       		.byte	0
 444 0074 00       		.byte	0
 445 0075 09       		.uleb128 0x9
 446 0076 8A8201   		.uleb128 0x410a
 447 0079 00       		.byte	0
 448 007a 02       		.uleb128 0x2
 449 007b 18       		.uleb128 0x18
 450 007c 9142     		.uleb128 0x2111
 451 007e 18       		.uleb128 0x18
 452 007f 00       		.byte	0
 453 0080 00       		.byte	0
 454 0081 0A       		.uleb128 0xa
 455 0082 34       		.uleb128 0x34
 456 0083 00       		.byte	0
 457 0084 03       		.uleb128 0x3
 458 0085 0E       		.uleb128 0xe
 459 0086 3A       		.uleb128 0x3a
 460 0087 0B       		.uleb128 0xb
 461 0088 3B       		.uleb128 0x3b
 462 0089 05       		.uleb128 0x5
 463 008a 49       		.uleb128 0x49
 464 008b 13       		.uleb128 0x13
 465 008c 3F       		.uleb128 0x3f
 466 008d 19       		.uleb128 0x19
 467 008e 3C       		.uleb128 0x3c
 468 008f 19       		.uleb128 0x19
 469 0090 00       		.byte	0
 470 0091 00       		.byte	0
 471 0092 0B       		.uleb128 0xb
 472 0093 35       		.uleb128 0x35
 473 0094 00       		.byte	0
 474 0095 49       		.uleb128 0x49
 475 0096 13       		.uleb128 0x13
 476 0097 00       		.byte	0
 477 0098 00       		.byte	0
 478 0099 0C       		.uleb128 0xc
 479 009a 34       		.uleb128 0x34
 480 009b 00       		.byte	0
 481 009c 03       		.uleb128 0x3
 482 009d 0E       		.uleb128 0xe
ARM GAS  C:\Users\HENRYA~1\AppData\Local\Temp\cccdy65G.s 			page 10


 483 009e 3A       		.uleb128 0x3a
 484 009f 0B       		.uleb128 0xb
 485 00a0 3B       		.uleb128 0x3b
 486 00a1 0B       		.uleb128 0xb
 487 00a2 49       		.uleb128 0x49
 488 00a3 13       		.uleb128 0x13
 489 00a4 3F       		.uleb128 0x3f
 490 00a5 19       		.uleb128 0x19
 491 00a6 02       		.uleb128 0x2
 492 00a7 18       		.uleb128 0x18
 493 00a8 00       		.byte	0
 494 00a9 00       		.byte	0
 495 00aa 0D       		.uleb128 0xd
 496 00ab 2E       		.uleb128 0x2e
 497 00ac 00       		.byte	0
 498 00ad 3F       		.uleb128 0x3f
 499 00ae 19       		.uleb128 0x19
 500 00af 03       		.uleb128 0x3
 501 00b0 0E       		.uleb128 0xe
 502 00b1 3A       		.uleb128 0x3a
 503 00b2 0B       		.uleb128 0xb
 504 00b3 3B       		.uleb128 0x3b
 505 00b4 0B       		.uleb128 0xb
 506 00b5 27       		.uleb128 0x27
 507 00b6 19       		.uleb128 0x19
 508 00b7 3C       		.uleb128 0x3c
 509 00b8 19       		.uleb128 0x19
 510 00b9 00       		.byte	0
 511 00ba 00       		.byte	0
 512 00bb 0E       		.uleb128 0xe
 513 00bc 2E       		.uleb128 0x2e
 514 00bd 01       		.byte	0x1
 515 00be 3F       		.uleb128 0x3f
 516 00bf 19       		.uleb128 0x19
 517 00c0 03       		.uleb128 0x3
 518 00c1 0E       		.uleb128 0xe
 519 00c2 3A       		.uleb128 0x3a
 520 00c3 0B       		.uleb128 0xb
 521 00c4 3B       		.uleb128 0x3b
 522 00c5 0B       		.uleb128 0xb
 523 00c6 27       		.uleb128 0x27
 524 00c7 19       		.uleb128 0x19
 525 00c8 3C       		.uleb128 0x3c
 526 00c9 19       		.uleb128 0x19
 527 00ca 01       		.uleb128 0x1
 528 00cb 13       		.uleb128 0x13
 529 00cc 00       		.byte	0
 530 00cd 00       		.byte	0
 531 00ce 0F       		.uleb128 0xf
 532 00cf 05       		.uleb128 0x5
 533 00d0 00       		.byte	0
 534 00d1 49       		.uleb128 0x49
 535 00d2 13       		.uleb128 0x13
 536 00d3 00       		.byte	0
 537 00d4 00       		.byte	0
 538 00d5 10       		.uleb128 0x10
 539 00d6 0F       		.uleb128 0xf
ARM GAS  C:\Users\HENRYA~1\AppData\Local\Temp\cccdy65G.s 			page 11


 540 00d7 00       		.byte	0
 541 00d8 0B       		.uleb128 0xb
 542 00d9 0B       		.uleb128 0xb
 543 00da 49       		.uleb128 0x49
 544 00db 13       		.uleb128 0x13
 545 00dc 00       		.byte	0
 546 00dd 00       		.byte	0
 547 00de 11       		.uleb128 0x11
 548 00df 26       		.uleb128 0x26
 549 00e0 00       		.byte	0
 550 00e1 49       		.uleb128 0x49
 551 00e2 13       		.uleb128 0x13
 552 00e3 00       		.byte	0
 553 00e4 00       		.byte	0
 554 00e5 12       		.uleb128 0x12
 555 00e6 2E       		.uleb128 0x2e
 556 00e7 00       		.byte	0
 557 00e8 3F       		.uleb128 0x3f
 558 00e9 19       		.uleb128 0x19
 559 00ea 03       		.uleb128 0x3
 560 00eb 0E       		.uleb128 0xe
 561 00ec 3A       		.uleb128 0x3a
 562 00ed 0B       		.uleb128 0xb
 563 00ee 3B       		.uleb128 0x3b
 564 00ef 0B       		.uleb128 0xb
 565 00f0 27       		.uleb128 0x27
 566 00f1 19       		.uleb128 0x19
 567 00f2 49       		.uleb128 0x49
 568 00f3 13       		.uleb128 0x13
 569 00f4 3C       		.uleb128 0x3c
 570 00f5 19       		.uleb128 0x19
 571 00f6 00       		.byte	0
 572 00f7 00       		.byte	0
 573 00f8 13       		.uleb128 0x13
 574 00f9 2E       		.uleb128 0x2e
 575 00fa 01       		.byte	0x1
 576 00fb 3F       		.uleb128 0x3f
 577 00fc 19       		.uleb128 0x19
 578 00fd 03       		.uleb128 0x3
 579 00fe 0E       		.uleb128 0xe
 580 00ff 3A       		.uleb128 0x3a
 581 0100 0B       		.uleb128 0xb
 582 0101 3B       		.uleb128 0x3b
 583 0102 0B       		.uleb128 0xb
 584 0103 27       		.uleb128 0x27
 585 0104 19       		.uleb128 0x19
 586 0105 3C       		.uleb128 0x3c
 587 0106 19       		.uleb128 0x19
 588 0107 00       		.byte	0
 589 0108 00       		.byte	0
 590 0109 00       		.byte	0
 591              		.section	.debug_aranges,"",%progbits
 592 0000 1C000000 		.4byte	0x1c
 593 0004 0200     		.2byte	0x2
 594 0006 00000000 		.4byte	.Ldebug_info0
 595 000a 04       		.byte	0x4
 596 000b 00       		.byte	0
ARM GAS  C:\Users\HENRYA~1\AppData\Local\Temp\cccdy65G.s 			page 12


 597 000c 0000     		.2byte	0
 598 000e 0000     		.2byte	0
 599 0010 00000000 		.4byte	.LFB63
 600 0014 40000000 		.4byte	.LFE63-.LFB63
 601 0018 00000000 		.4byte	0
 602 001c 00000000 		.4byte	0
 603              		.section	.debug_ranges,"",%progbits
 604              	.Ldebug_ranges0:
 605 0000 00000000 		.4byte	.LFB63
 606 0004 40000000 		.4byte	.LFE63
 607 0008 00000000 		.4byte	0
 608 000c 00000000 		.4byte	0
 609              		.section	.debug_line,"",%progbits
 610              	.Ldebug_line0:
 611 0000 94010000 		.section	.debug_str,"MS",%progbits,1
 611      02006501 
 611      00000201 
 611      FB0E0D00 
 611      01010101 
 612              	.LASF9:
 613 0000 5F5F696E 		.ascii	"__int32_t\000"
 613      7433325F 
 613      7400
 614              	.LASF20:
 615 000a 6461746F 		.ascii	"dato_recibido\000"
 615      5F726563 
 615      69626964 
 615      6F00
 616              	.LASF27:
 617 0018 2E5C6D61 		.ascii	".\\main.c\000"
 617      696E2E63 
 617      00
 618              	.LASF13:
 619 0021 666C6F61 		.ascii	"float\000"
 619      7400
 620              	.LASF23:
 621 0027 4C43445F 		.ascii	"LCD_Char_1_Start\000"
 621      43686172 
 621      5F315F53 
 621      74617274 
 621      00
 622              	.LASF25:
 623 0038 4C43445F 		.ascii	"LCD_Char_1_PrintString\000"
 623      43686172 
 623      5F315F50 
 623      72696E74 
 623      53747269 
 624              	.LASF15:
 625 004f 63686172 		.ascii	"char8\000"
 625      3800
 626              	.LASF5:
 627 0055 6C6F6E67 		.ascii	"long unsigned int\000"
 627      20756E73 
 627      69676E65 
 627      6420696E 
 627      7400
 628              	.LASF3:
ARM GAS  C:\Users\HENRYA~1\AppData\Local\Temp\cccdy65G.s 			page 13


 629 0067 73686F72 		.ascii	"short unsigned int\000"
 629      7420756E 
 629      7369676E 
 629      65642069 
 629      6E7400
 630              	.LASF18:
 631 007a 49544D5F 		.ascii	"ITM_RxBuffer\000"
 631      52784275 
 631      66666572 
 631      00
 632              	.LASF1:
 633 0087 756E7369 		.ascii	"unsigned char\000"
 633      676E6564 
 633      20636861 
 633      7200
 634              	.LASF14:
 635 0095 646F7562 		.ascii	"double\000"
 635      6C6500
 636              	.LASF21:
 637 009c 52454349 		.ascii	"RECIBE_Start\000"
 637      42455F53 
 637      74617274 
 637      00
 638              	.LASF12:
 639 00a9 696E7438 		.ascii	"int8\000"
 639      00
 640              	.LASF19:
 641 00ae 6461746F 		.ascii	"dato_enviado\000"
 641      5F656E76 
 641      6961646F 
 641      00
 642              	.LASF8:
 643 00bb 756E7369 		.ascii	"unsigned int\000"
 643      676E6564 
 643      20696E74 
 643      00
 644              	.LASF30:
 645 00c8 52454349 		.ascii	"RECIBE_ReadRxData\000"
 645      42455F52 
 645      65616452 
 645      78446174 
 645      6100
 646              	.LASF7:
 647 00da 6C6F6E67 		.ascii	"long long unsigned int\000"
 647      206C6F6E 
 647      6720756E 
 647      7369676E 
 647      65642069 
 648              	.LASF26:
 649 00f1 474E5520 		.ascii	"GNU C 4.9.3 20150303 (release) [ARM/embedded-4_9-br"
 649      4320342E 
 649      392E3320 
 649      32303135 
 649      30333033 
 650 0124 616E6368 		.ascii	"anch revision 221220] -mcpu=cortex-m3 -mthumb -g -O"
 650      20726576 
 650      6973696F 
ARM GAS  C:\Users\HENRYA~1\AppData\Local\Temp\cccdy65G.s 			page 14


 650      6E203232 
 650      31323230 
 651 0157 67202D66 		.ascii	"g -ffunction-sections -ffat-lto-objects\000"
 651      66756E63 
 651      74696F6E 
 651      2D736563 
 651      74696F6E 
 652              	.LASF28:
 653 017f 433A5C55 		.ascii	"C:\\Users\\Henry Alberto\\Desktop\\Protocolos\\Half"
 653      73657273 
 653      5C48656E 
 653      72792041 
 653      6C626572 
 654 01ad 5F536C61 		.ascii	"_Slave.cydsn\000"
 654      76652E63 
 654      7964736E 
 654      00
 655              	.LASF10:
 656 01ba 696E7433 		.ascii	"int32_t\000"
 656      325F7400 
 657              	.LASF17:
 658 01c2 73697A65 		.ascii	"sizetype\000"
 658      74797065 
 658      00
 659              	.LASF29:
 660 01cb 6D61696E 		.ascii	"main\000"
 660      00
 661              	.LASF6:
 662 01d0 6C6F6E67 		.ascii	"long long int\000"
 662      206C6F6E 
 662      6720696E 
 662      7400
 663              	.LASF16:
 664 01de 63686172 		.ascii	"char\000"
 664      00
 665              	.LASF24:
 666 01e3 4C43445F 		.ascii	"LCD_Char_1_Position\000"
 666      43686172 
 666      5F315F50 
 666      6F736974 
 666      696F6E00 
 667              	.LASF31:
 668 01f7 4C43445F 		.ascii	"LCD_Char_1_PrintInt8\000"
 668      43686172 
 668      5F315F50 
 668      72696E74 
 668      496E7438 
 669              	.LASF2:
 670 020c 73686F72 		.ascii	"short int\000"
 670      7420696E 
 670      7400
 671              	.LASF22:
 672 0216 52454349 		.ascii	"RECIBE_LoadRxConfig\000"
 672      42455F4C 
 672      6F616452 
 672      78436F6E 
 672      66696700 
ARM GAS  C:\Users\HENRYA~1\AppData\Local\Temp\cccdy65G.s 			page 15


 673              	.LASF11:
 674 022a 75696E74 		.ascii	"uint8\000"
 674      3800
 675              	.LASF4:
 676 0230 6C6F6E67 		.ascii	"long int\000"
 676      20696E74 
 676      00
 677              	.LASF0:
 678 0239 7369676E 		.ascii	"signed char\000"
 678      65642063 
 678      68617200 
 679              		.ident	"GCC: (GNU Tools for ARM Embedded Processors) 4.9.3 20150303 (release) [ARM/embedded-4_9-br
