ARM GAS  C:\Users\HENRYA~1\AppData\Local\Temp\ccEhmcJ8.s 			page 1


   1              		.syntax unified
   2              		.cpu cortex-m0
   3              		.fpu softvfp
   4              		.eabi_attribute 20, 1
   5              		.eabi_attribute 21, 1
   6              		.eabi_attribute 23, 3
   7              		.eabi_attribute 24, 1
   8              		.eabi_attribute 25, 1
   9              		.eabi_attribute 26, 1
  10              		.eabi_attribute 30, 1
  11              		.eabi_attribute 34, 0
  12              		.eabi_attribute 18, 4
  13              		.thumb
  14              		.syntax unified
  15              		.file	"SENSOR_U_INT.c"
  16              		.text
  17              	.Ltext0:
  18              		.cfi_sections	.debug_frame
  19              		.section	.text.SENSOR_U_RXISR,"ax",%progbits
  20              		.align	2
  21              		.global	SENSOR_U_RXISR
  22              		.code	16
  23              		.thumb_func
  24              		.type	SENSOR_U_RXISR, %function
  25              	SENSOR_U_RXISR:
  26              	.LFB1:
  27              		.file 1 "Generated_Source\\PSoC4\\SENSOR_U_INT.c"
   1:Generated_Source\PSoC4/SENSOR_U_INT.c **** /*******************************************************************************
   2:Generated_Source\PSoC4/SENSOR_U_INT.c **** * File Name: SENSOR_UINT.c
   3:Generated_Source\PSoC4/SENSOR_U_INT.c **** * Version 2.50
   4:Generated_Source\PSoC4/SENSOR_U_INT.c **** *
   5:Generated_Source\PSoC4/SENSOR_U_INT.c **** * Description:
   6:Generated_Source\PSoC4/SENSOR_U_INT.c **** *  This file provides all Interrupt Service functionality of the UART component
   7:Generated_Source\PSoC4/SENSOR_U_INT.c **** *
   8:Generated_Source\PSoC4/SENSOR_U_INT.c **** ********************************************************************************
   9:Generated_Source\PSoC4/SENSOR_U_INT.c **** * Copyright 2008-2015, Cypress Semiconductor Corporation.  All rights reserved.
  10:Generated_Source\PSoC4/SENSOR_U_INT.c **** * You may use this file only in accordance with the license, terms, conditions,
  11:Generated_Source\PSoC4/SENSOR_U_INT.c **** * disclaimers, and limitations in the end user license agreement accompanying
  12:Generated_Source\PSoC4/SENSOR_U_INT.c **** * the software package with which this file was provided.
  13:Generated_Source\PSoC4/SENSOR_U_INT.c **** *******************************************************************************/
  14:Generated_Source\PSoC4/SENSOR_U_INT.c **** 
  15:Generated_Source\PSoC4/SENSOR_U_INT.c **** #include "SENSOR_U.h"
  16:Generated_Source\PSoC4/SENSOR_U_INT.c **** #include "cyapicallbacks.h"
  17:Generated_Source\PSoC4/SENSOR_U_INT.c **** 
  18:Generated_Source\PSoC4/SENSOR_U_INT.c **** 
  19:Generated_Source\PSoC4/SENSOR_U_INT.c **** /***************************************
  20:Generated_Source\PSoC4/SENSOR_U_INT.c **** * Custom Declarations
  21:Generated_Source\PSoC4/SENSOR_U_INT.c **** ***************************************/
  22:Generated_Source\PSoC4/SENSOR_U_INT.c **** /* `#START CUSTOM_DECLARATIONS` Place your declaration here */
  23:Generated_Source\PSoC4/SENSOR_U_INT.c **** 
  24:Generated_Source\PSoC4/SENSOR_U_INT.c **** /* `#END` */
  25:Generated_Source\PSoC4/SENSOR_U_INT.c **** 
  26:Generated_Source\PSoC4/SENSOR_U_INT.c **** #if (SENSOR_U_RX_INTERRUPT_ENABLED && (SENSOR_U_RX_ENABLED || SENSOR_U_HD_ENABLED))
  27:Generated_Source\PSoC4/SENSOR_U_INT.c ****     /*******************************************************************************
  28:Generated_Source\PSoC4/SENSOR_U_INT.c ****     * Function Name: SENSOR_U_RXISR
  29:Generated_Source\PSoC4/SENSOR_U_INT.c ****     ********************************************************************************
  30:Generated_Source\PSoC4/SENSOR_U_INT.c ****     *
ARM GAS  C:\Users\HENRYA~1\AppData\Local\Temp\ccEhmcJ8.s 			page 2


  31:Generated_Source\PSoC4/SENSOR_U_INT.c ****     * Summary:
  32:Generated_Source\PSoC4/SENSOR_U_INT.c ****     *  Interrupt Service Routine for RX portion of the UART
  33:Generated_Source\PSoC4/SENSOR_U_INT.c ****     *
  34:Generated_Source\PSoC4/SENSOR_U_INT.c ****     * Parameters:
  35:Generated_Source\PSoC4/SENSOR_U_INT.c ****     *  None.
  36:Generated_Source\PSoC4/SENSOR_U_INT.c ****     *
  37:Generated_Source\PSoC4/SENSOR_U_INT.c ****     * Return:
  38:Generated_Source\PSoC4/SENSOR_U_INT.c ****     *  None.
  39:Generated_Source\PSoC4/SENSOR_U_INT.c ****     *
  40:Generated_Source\PSoC4/SENSOR_U_INT.c ****     * Global Variables:
  41:Generated_Source\PSoC4/SENSOR_U_INT.c ****     *  SENSOR_U_rxBuffer - RAM buffer pointer for save received data.
  42:Generated_Source\PSoC4/SENSOR_U_INT.c ****     *  SENSOR_U_rxBufferWrite - cyclic index for write to rxBuffer,
  43:Generated_Source\PSoC4/SENSOR_U_INT.c ****     *     increments after each byte saved to buffer.
  44:Generated_Source\PSoC4/SENSOR_U_INT.c ****     *  SENSOR_U_rxBufferRead - cyclic index for read from rxBuffer,
  45:Generated_Source\PSoC4/SENSOR_U_INT.c ****     *     checked to detect overflow condition.
  46:Generated_Source\PSoC4/SENSOR_U_INT.c ****     *  SENSOR_U_rxBufferOverflow - software overflow flag. Set to one
  47:Generated_Source\PSoC4/SENSOR_U_INT.c ****     *     when SENSOR_U_rxBufferWrite index overtakes
  48:Generated_Source\PSoC4/SENSOR_U_INT.c ****     *     SENSOR_U_rxBufferRead index.
  49:Generated_Source\PSoC4/SENSOR_U_INT.c ****     *  SENSOR_U_rxBufferLoopDetect - additional variable to detect overflow.
  50:Generated_Source\PSoC4/SENSOR_U_INT.c ****     *     Set to one when SENSOR_U_rxBufferWrite is equal to
  51:Generated_Source\PSoC4/SENSOR_U_INT.c ****     *    SENSOR_U_rxBufferRead
  52:Generated_Source\PSoC4/SENSOR_U_INT.c ****     *  SENSOR_U_rxAddressMode - this variable contains the Address mode,
  53:Generated_Source\PSoC4/SENSOR_U_INT.c ****     *     selected in customizer or set by UART_SetRxAddressMode() API.
  54:Generated_Source\PSoC4/SENSOR_U_INT.c ****     *  SENSOR_U_rxAddressDetected - set to 1 when correct address received,
  55:Generated_Source\PSoC4/SENSOR_U_INT.c ****     *     and analysed to store following addressed data bytes to the buffer.
  56:Generated_Source\PSoC4/SENSOR_U_INT.c ****     *     When not correct address received, set to 0 to skip following data bytes.
  57:Generated_Source\PSoC4/SENSOR_U_INT.c ****     *
  58:Generated_Source\PSoC4/SENSOR_U_INT.c ****     *******************************************************************************/
  59:Generated_Source\PSoC4/SENSOR_U_INT.c ****     CY_ISR(SENSOR_U_RXISR)
  60:Generated_Source\PSoC4/SENSOR_U_INT.c ****     {
  28              		.loc 1 60 0
  29              		.cfi_startproc
  30              		@ args = 0, pretend = 0, frame = 0
  31              		@ frame_needed = 0, uses_anonymous_args = 0
  32              		@ link register save eliminated.
  33              	.L6:
  61:Generated_Source\PSoC4/SENSOR_U_INT.c ****         uint8 readData;
  62:Generated_Source\PSoC4/SENSOR_U_INT.c ****         uint8 readStatus;
  63:Generated_Source\PSoC4/SENSOR_U_INT.c ****         uint8 increment_pointer = 0u;
  64:Generated_Source\PSoC4/SENSOR_U_INT.c **** 
  65:Generated_Source\PSoC4/SENSOR_U_INT.c ****     #if(CY_PSOC3)
  66:Generated_Source\PSoC4/SENSOR_U_INT.c ****         uint8 int_en;
  67:Generated_Source\PSoC4/SENSOR_U_INT.c ****     #endif /* (CY_PSOC3) */
  68:Generated_Source\PSoC4/SENSOR_U_INT.c **** 
  69:Generated_Source\PSoC4/SENSOR_U_INT.c ****     #ifdef SENSOR_U_RXISR_ENTRY_CALLBACK
  70:Generated_Source\PSoC4/SENSOR_U_INT.c ****         SENSOR_U_RXISR_EntryCallback();
  71:Generated_Source\PSoC4/SENSOR_U_INT.c ****     #endif /* SENSOR_U_RXISR_ENTRY_CALLBACK */
  72:Generated_Source\PSoC4/SENSOR_U_INT.c **** 
  73:Generated_Source\PSoC4/SENSOR_U_INT.c ****         /* User code required at start of ISR */
  74:Generated_Source\PSoC4/SENSOR_U_INT.c ****         /* `#START SENSOR_U_RXISR_START` */
  75:Generated_Source\PSoC4/SENSOR_U_INT.c **** 
  76:Generated_Source\PSoC4/SENSOR_U_INT.c ****         /* `#END` */
  77:Generated_Source\PSoC4/SENSOR_U_INT.c **** 
  78:Generated_Source\PSoC4/SENSOR_U_INT.c ****     #if(CY_PSOC3)   /* Make sure nested interrupt is enabled */
  79:Generated_Source\PSoC4/SENSOR_U_INT.c ****         int_en = EA;
  80:Generated_Source\PSoC4/SENSOR_U_INT.c ****         CyGlobalIntEnable;
  81:Generated_Source\PSoC4/SENSOR_U_INT.c ****     #endif /* (CY_PSOC3) */
ARM GAS  C:\Users\HENRYA~1\AppData\Local\Temp\ccEhmcJ8.s 			page 3


  82:Generated_Source\PSoC4/SENSOR_U_INT.c **** 
  83:Generated_Source\PSoC4/SENSOR_U_INT.c ****         do
  84:Generated_Source\PSoC4/SENSOR_U_INT.c ****         {
  85:Generated_Source\PSoC4/SENSOR_U_INT.c ****             /* Read receiver status register */
  86:Generated_Source\PSoC4/SENSOR_U_INT.c ****             readStatus = SENSOR_U_RXSTATUS_REG;
  34              		.loc 1 86 0
  35 0000 1B4B     		ldr	r3, .L7
  36 0002 1B78     		ldrb	r3, [r3]
  37 0004 DBB2     		uxtb	r3, r3
  38              	.LVL0:
  87:Generated_Source\PSoC4/SENSOR_U_INT.c ****             /* Copy the same status to readData variable for backward compatibility support 
  88:Generated_Source\PSoC4/SENSOR_U_INT.c ****             *  of the user code in SENSOR_U_RXISR_ERROR` section. 
  89:Generated_Source\PSoC4/SENSOR_U_INT.c ****             */
  90:Generated_Source\PSoC4/SENSOR_U_INT.c ****             readData = readStatus;
  91:Generated_Source\PSoC4/SENSOR_U_INT.c **** 
  92:Generated_Source\PSoC4/SENSOR_U_INT.c ****             if((readStatus & (SENSOR_U_RX_STS_BREAK | 
  39              		.loc 1 92 0
  40 0006 1E22     		movs	r2, #30
  41 0008 1A42     		tst	r2, r3
  42 000a 04D0     		beq	.L2
  93:Generated_Source\PSoC4/SENSOR_U_INT.c ****                             SENSOR_U_RX_STS_PAR_ERROR |
  94:Generated_Source\PSoC4/SENSOR_U_INT.c ****                             SENSOR_U_RX_STS_STOP_ERROR | 
  95:Generated_Source\PSoC4/SENSOR_U_INT.c ****                             SENSOR_U_RX_STS_OVERRUN)) != 0u)
  96:Generated_Source\PSoC4/SENSOR_U_INT.c ****             {
  97:Generated_Source\PSoC4/SENSOR_U_INT.c ****                 /* ERROR handling. */
  98:Generated_Source\PSoC4/SENSOR_U_INT.c ****                 SENSOR_U_errorStatus |= readStatus & ( SENSOR_U_RX_STS_BREAK | 
  43              		.loc 1 98 0
  44 000c 1948     		ldr	r0, .L7+4
  45 000e 1A40     		ands	r2, r3
  46 0010 0178     		ldrb	r1, [r0]
  47 0012 0A43     		orrs	r2, r1
  48 0014 0270     		strb	r2, [r0]
  49              	.L2:
  50 0016 2022     		movs	r2, #32
  51 0018 1340     		ands	r3, r2
  52              	.LVL1:
  99:Generated_Source\PSoC4/SENSOR_U_INT.c ****                                                             SENSOR_U_RX_STS_PAR_ERROR | 
 100:Generated_Source\PSoC4/SENSOR_U_INT.c ****                                                             SENSOR_U_RX_STS_STOP_ERROR | 
 101:Generated_Source\PSoC4/SENSOR_U_INT.c ****                                                             SENSOR_U_RX_STS_OVERRUN);
 102:Generated_Source\PSoC4/SENSOR_U_INT.c ****                 /* `#START SENSOR_U_RXISR_ERROR` */
 103:Generated_Source\PSoC4/SENSOR_U_INT.c **** 
 104:Generated_Source\PSoC4/SENSOR_U_INT.c ****                 /* `#END` */
 105:Generated_Source\PSoC4/SENSOR_U_INT.c ****                 
 106:Generated_Source\PSoC4/SENSOR_U_INT.c ****             #ifdef SENSOR_U_RXISR_ERROR_CALLBACK
 107:Generated_Source\PSoC4/SENSOR_U_INT.c ****                 SENSOR_U_RXISR_ERROR_Callback();
 108:Generated_Source\PSoC4/SENSOR_U_INT.c ****             #endif /* SENSOR_U_RXISR_ERROR_CALLBACK */
 109:Generated_Source\PSoC4/SENSOR_U_INT.c ****             }
 110:Generated_Source\PSoC4/SENSOR_U_INT.c ****             
 111:Generated_Source\PSoC4/SENSOR_U_INT.c ****             if((readStatus & SENSOR_U_RX_STS_FIFO_NOTEMPTY) != 0u)
  53              		.loc 1 111 0
  54 001a 25D0     		beq	.L3
 112:Generated_Source\PSoC4/SENSOR_U_INT.c ****             {
 113:Generated_Source\PSoC4/SENSOR_U_INT.c ****                 /* Read data from the RX data register */
 114:Generated_Source\PSoC4/SENSOR_U_INT.c ****                 readData = SENSOR_U_RXDATA_REG;
  55              		.loc 1 114 0
  56 001c 164A     		ldr	r2, .L7+8
  57 001e 1178     		ldrb	r1, [r2]
ARM GAS  C:\Users\HENRYA~1\AppData\Local\Temp\ccEhmcJ8.s 			page 4


  58 0020 C9B2     		uxtb	r1, r1
  59              	.LVL2:
 115:Generated_Source\PSoC4/SENSOR_U_INT.c ****             #if (SENSOR_U_RXHW_ADDRESS_ENABLED)
 116:Generated_Source\PSoC4/SENSOR_U_INT.c ****                 if(SENSOR_U_rxAddressMode == (uint8)SENSOR_U__B_UART__AM_SW_DETECT_TO_BUFFER)
 117:Generated_Source\PSoC4/SENSOR_U_INT.c ****                 {
 118:Generated_Source\PSoC4/SENSOR_U_INT.c ****                     if((readStatus & SENSOR_U_RX_STS_MRKSPC) != 0u)
 119:Generated_Source\PSoC4/SENSOR_U_INT.c ****                     {
 120:Generated_Source\PSoC4/SENSOR_U_INT.c ****                         if ((readStatus & SENSOR_U_RX_STS_ADDR_MATCH) != 0u)
 121:Generated_Source\PSoC4/SENSOR_U_INT.c ****                         {
 122:Generated_Source\PSoC4/SENSOR_U_INT.c ****                             SENSOR_U_rxAddressDetected = 1u;
 123:Generated_Source\PSoC4/SENSOR_U_INT.c ****                         }
 124:Generated_Source\PSoC4/SENSOR_U_INT.c ****                         else
 125:Generated_Source\PSoC4/SENSOR_U_INT.c ****                         {
 126:Generated_Source\PSoC4/SENSOR_U_INT.c ****                             SENSOR_U_rxAddressDetected = 0u;
 127:Generated_Source\PSoC4/SENSOR_U_INT.c ****                         }
 128:Generated_Source\PSoC4/SENSOR_U_INT.c ****                     }
 129:Generated_Source\PSoC4/SENSOR_U_INT.c ****                     if(SENSOR_U_rxAddressDetected != 0u)
 130:Generated_Source\PSoC4/SENSOR_U_INT.c ****                     {   /* Store only addressed data */
 131:Generated_Source\PSoC4/SENSOR_U_INT.c ****                         SENSOR_U_rxBuffer[SENSOR_U_rxBufferWrite] = readData;
 132:Generated_Source\PSoC4/SENSOR_U_INT.c ****                         increment_pointer = 1u;
 133:Generated_Source\PSoC4/SENSOR_U_INT.c ****                     }
 134:Generated_Source\PSoC4/SENSOR_U_INT.c ****                 }
 135:Generated_Source\PSoC4/SENSOR_U_INT.c ****                 else /* Without software addressing */
 136:Generated_Source\PSoC4/SENSOR_U_INT.c ****                 {
 137:Generated_Source\PSoC4/SENSOR_U_INT.c ****                     SENSOR_U_rxBuffer[SENSOR_U_rxBufferWrite] = readData;
 138:Generated_Source\PSoC4/SENSOR_U_INT.c ****                     increment_pointer = 1u;
 139:Generated_Source\PSoC4/SENSOR_U_INT.c ****                 }
 140:Generated_Source\PSoC4/SENSOR_U_INT.c ****             #else  /* Without addressing */
 141:Generated_Source\PSoC4/SENSOR_U_INT.c ****                 SENSOR_U_rxBuffer[SENSOR_U_rxBufferWrite] = readData;
  60              		.loc 1 141 0
  61 0022 164A     		ldr	r2, .L7+12
  62 0024 1278     		ldrb	r2, [r2]
  63 0026 D2B2     		uxtb	r2, r2
  64 0028 1548     		ldr	r0, .L7+16
  65 002a 8154     		strb	r1, [r0, r2]
  66              	.LVL3:
 142:Generated_Source\PSoC4/SENSOR_U_INT.c ****                 increment_pointer = 1u;
 143:Generated_Source\PSoC4/SENSOR_U_INT.c ****             #endif /* (SENSOR_U_RXHW_ADDRESS_ENABLED) */
 144:Generated_Source\PSoC4/SENSOR_U_INT.c **** 
 145:Generated_Source\PSoC4/SENSOR_U_INT.c ****                 /* Do not increment buffer pointer when skip not addressed data */
 146:Generated_Source\PSoC4/SENSOR_U_INT.c ****                 if(increment_pointer != 0u)
 147:Generated_Source\PSoC4/SENSOR_U_INT.c ****                 {
 148:Generated_Source\PSoC4/SENSOR_U_INT.c ****                     if(SENSOR_U_rxBufferLoopDetect != 0u)
  67              		.loc 1 148 0
  68 002c 154A     		ldr	r2, .L7+20
  69 002e 1278     		ldrb	r2, [r2]
  70 0030 002A     		cmp	r2, #0
  71 0032 02D0     		beq	.L4
 149:Generated_Source\PSoC4/SENSOR_U_INT.c ****                     {   /* Set Software Buffer status Overflow */
 150:Generated_Source\PSoC4/SENSOR_U_INT.c ****                         SENSOR_U_rxBufferOverflow = 1u;
  72              		.loc 1 150 0
  73 0034 0121     		movs	r1, #1
  74              	.LVL4:
  75 0036 144A     		ldr	r2, .L7+24
  76 0038 1170     		strb	r1, [r2]
  77              	.L4:
 151:Generated_Source\PSoC4/SENSOR_U_INT.c ****                     }
ARM GAS  C:\Users\HENRYA~1\AppData\Local\Temp\ccEhmcJ8.s 			page 5


 152:Generated_Source\PSoC4/SENSOR_U_INT.c ****                     /* Set next pointer. */
 153:Generated_Source\PSoC4/SENSOR_U_INT.c ****                     SENSOR_U_rxBufferWrite++;
  78              		.loc 1 153 0
  79 003a 1049     		ldr	r1, .L7+12
  80 003c 0A78     		ldrb	r2, [r1]
  81 003e 0132     		adds	r2, r2, #1
  82 0040 D2B2     		uxtb	r2, r2
  83 0042 0A70     		strb	r2, [r1]
 154:Generated_Source\PSoC4/SENSOR_U_INT.c **** 
 155:Generated_Source\PSoC4/SENSOR_U_INT.c ****                     /* Check pointer for a loop condition */
 156:Generated_Source\PSoC4/SENSOR_U_INT.c ****                     if(SENSOR_U_rxBufferWrite >= SENSOR_U_RX_BUFFER_SIZE)
  84              		.loc 1 156 0
  85 0044 0A78     		ldrb	r2, [r1]
  86 0046 D2B2     		uxtb	r2, r2
  87 0048 072A     		cmp	r2, #7
  88 004a 02D9     		bls	.L5
 157:Generated_Source\PSoC4/SENSOR_U_INT.c ****                     {
 158:Generated_Source\PSoC4/SENSOR_U_INT.c ****                         SENSOR_U_rxBufferWrite = 0u;
  89              		.loc 1 158 0
  90 004c 0021     		movs	r1, #0
  91 004e 0B4A     		ldr	r2, .L7+12
  92 0050 1170     		strb	r1, [r2]
  93              	.L5:
 159:Generated_Source\PSoC4/SENSOR_U_INT.c ****                     }
 160:Generated_Source\PSoC4/SENSOR_U_INT.c **** 
 161:Generated_Source\PSoC4/SENSOR_U_INT.c ****                     /* Detect pre-overload condition and set flag */
 162:Generated_Source\PSoC4/SENSOR_U_INT.c ****                     if(SENSOR_U_rxBufferWrite == SENSOR_U_rxBufferRead)
  94              		.loc 1 162 0
  95 0052 0A4A     		ldr	r2, .L7+12
  96 0054 1178     		ldrb	r1, [r2]
  97 0056 C9B2     		uxtb	r1, r1
  98 0058 0C4A     		ldr	r2, .L7+28
  99 005a 1278     		ldrb	r2, [r2]
 100 005c D2B2     		uxtb	r2, r2
 101 005e 9142     		cmp	r1, r2
 102 0060 02D1     		bne	.L3
 163:Generated_Source\PSoC4/SENSOR_U_INT.c ****                     {
 164:Generated_Source\PSoC4/SENSOR_U_INT.c ****                         SENSOR_U_rxBufferLoopDetect = 1u;
 103              		.loc 1 164 0
 104 0062 0121     		movs	r1, #1
 105 0064 074A     		ldr	r2, .L7+20
 106 0066 1170     		strb	r1, [r2]
 107              	.LVL5:
 108              	.L3:
 165:Generated_Source\PSoC4/SENSOR_U_INT.c ****                         /* When Hardware Flow Control selected */
 166:Generated_Source\PSoC4/SENSOR_U_INT.c ****                         #if (SENSOR_U_FLOW_CONTROL != 0u)
 167:Generated_Source\PSoC4/SENSOR_U_INT.c ****                             /* Disable RX interrupt mask, it is enabled when user read data from th
 168:Generated_Source\PSoC4/SENSOR_U_INT.c ****                             SENSOR_U_RXSTATUS_MASK_REG  &= (uint8)~SENSOR_U_RX_STS_FIFO_NOTEMPTY;
 169:Generated_Source\PSoC4/SENSOR_U_INT.c ****                             CyIntClearPending(SENSOR_U_RX_VECT_NUM);
 170:Generated_Source\PSoC4/SENSOR_U_INT.c ****                             break; /* Break the reading of the FIFO loop, leave the data there for 
 171:Generated_Source\PSoC4/SENSOR_U_INT.c ****                         #endif /* (SENSOR_U_FLOW_CONTROL != 0u) */
 172:Generated_Source\PSoC4/SENSOR_U_INT.c ****                     }
 173:Generated_Source\PSoC4/SENSOR_U_INT.c ****                 }
 174:Generated_Source\PSoC4/SENSOR_U_INT.c ****             }
 175:Generated_Source\PSoC4/SENSOR_U_INT.c ****         }while((readStatus & SENSOR_U_RX_STS_FIFO_NOTEMPTY) != 0u);
 109              		.loc 1 175 0
 110 0068 002B     		cmp	r3, #0
ARM GAS  C:\Users\HENRYA~1\AppData\Local\Temp\ccEhmcJ8.s 			page 6


 111 006a C9D1     		bne	.L6
 176:Generated_Source\PSoC4/SENSOR_U_INT.c **** 
 177:Generated_Source\PSoC4/SENSOR_U_INT.c ****         /* User code required at end of ISR (Optional) */
 178:Generated_Source\PSoC4/SENSOR_U_INT.c ****         /* `#START SENSOR_U_RXISR_END` */
 179:Generated_Source\PSoC4/SENSOR_U_INT.c **** 
 180:Generated_Source\PSoC4/SENSOR_U_INT.c ****         /* `#END` */
 181:Generated_Source\PSoC4/SENSOR_U_INT.c **** 
 182:Generated_Source\PSoC4/SENSOR_U_INT.c ****     #ifdef SENSOR_U_RXISR_EXIT_CALLBACK
 183:Generated_Source\PSoC4/SENSOR_U_INT.c ****         SENSOR_U_RXISR_ExitCallback();
 184:Generated_Source\PSoC4/SENSOR_U_INT.c ****     #endif /* SENSOR_U_RXISR_EXIT_CALLBACK */
 185:Generated_Source\PSoC4/SENSOR_U_INT.c **** 
 186:Generated_Source\PSoC4/SENSOR_U_INT.c ****     #if(CY_PSOC3)
 187:Generated_Source\PSoC4/SENSOR_U_INT.c ****         EA = int_en;
 188:Generated_Source\PSoC4/SENSOR_U_INT.c ****     #endif /* (CY_PSOC3) */
 189:Generated_Source\PSoC4/SENSOR_U_INT.c ****     }
 112              		.loc 1 189 0
 113              		@ sp needed
 114 006c 7047     		bx	lr
 115              	.L8:
 116 006e C046     		.align	2
 117              	.L7:
 118 0070 62000F40 		.word	1074724962
 119 0074 00000000 		.word	SENSOR_U_errorStatus
 120 0078 42000F40 		.word	1074724930
 121 007c 00000000 		.word	SENSOR_U_rxBufferWrite
 122 0080 00000000 		.word	SENSOR_U_rxBuffer
 123 0084 00000000 		.word	SENSOR_U_rxBufferLoopDetect
 124 0088 00000000 		.word	SENSOR_U_rxBufferOverflow
 125 008c 00000000 		.word	SENSOR_U_rxBufferRead
 126              		.cfi_endproc
 127              	.LFE1:
 128              		.size	SENSOR_U_RXISR, .-SENSOR_U_RXISR
 129              		.text
 130              	.Letext0:
 131              		.file 2 "Generated_Source\\PSoC4\\cytypes.h"
 132              		.file 3 "Generated_Source\\PSoC4\\SENSOR_U.h"
 133              		.section	.debug_info,"",%progbits
 134              	.Ldebug_info0:
 135 0000 48010000 		.4byte	0x148
 136 0004 0400     		.2byte	0x4
 137 0006 00000000 		.4byte	.Ldebug_abbrev0
 138 000a 04       		.byte	0x4
 139 000b 01       		.uleb128 0x1
 140 000c 58010000 		.4byte	.LASF25
 141 0010 0C       		.byte	0xc
 142 0011 0E000000 		.4byte	.LASF26
 143 0015 55000000 		.4byte	.LASF27
 144 0019 00000000 		.4byte	.Ldebug_ranges0+0
 145 001d 00000000 		.4byte	0
 146 0021 00000000 		.4byte	.Ldebug_line0
 147 0025 02       		.uleb128 0x2
 148 0026 01       		.byte	0x1
 149 0027 06       		.byte	0x6
 150 0028 F9010000 		.4byte	.LASF0
 151 002c 02       		.uleb128 0x2
 152 002d 01       		.byte	0x1
 153 002e 08       		.byte	0x8
ARM GAS  C:\Users\HENRYA~1\AppData\Local\Temp\ccEhmcJ8.s 			page 7


 154 002f 1E010000 		.4byte	.LASF1
 155 0033 02       		.uleb128 0x2
 156 0034 02       		.byte	0x2
 157 0035 05       		.byte	0x5
 158 0036 48020000 		.4byte	.LASF2
 159 003a 02       		.uleb128 0x2
 160 003b 02       		.byte	0x2
 161 003c 07       		.byte	0x7
 162 003d E6010000 		.4byte	.LASF3
 163 0041 02       		.uleb128 0x2
 164 0042 04       		.byte	0x4
 165 0043 05       		.byte	0x5
 166 0044 48010000 		.4byte	.LASF4
 167 0048 02       		.uleb128 0x2
 168 0049 04       		.byte	0x4
 169 004a 07       		.byte	0x7
 170 004b DA000000 		.4byte	.LASF5
 171 004f 02       		.uleb128 0x2
 172 0050 08       		.byte	0x8
 173 0051 05       		.byte	0x5
 174 0052 00000000 		.4byte	.LASF6
 175 0056 02       		.uleb128 0x2
 176 0057 08       		.byte	0x8
 177 0058 07       		.byte	0x7
 178 0059 EC000000 		.4byte	.LASF7
 179 005d 03       		.uleb128 0x3
 180 005e 04       		.byte	0x4
 181 005f 05       		.byte	0x5
 182 0060 696E7400 		.ascii	"int\000"
 183 0064 02       		.uleb128 0x2
 184 0065 04       		.byte	0x4
 185 0066 07       		.byte	0x7
 186 0067 57020000 		.4byte	.LASF8
 187 006b 04       		.uleb128 0x4
 188 006c D4000000 		.4byte	.LASF12
 189 0070 02       		.byte	0x2
 190 0071 9801     		.2byte	0x198
 191 0073 2C000000 		.4byte	0x2c
 192 0077 02       		.uleb128 0x2
 193 0078 04       		.byte	0x4
 194 0079 04       		.byte	0x4
 195 007a 03010000 		.4byte	.LASF9
 196 007e 02       		.uleb128 0x2
 197 007f 08       		.byte	0x8
 198 0080 04       		.byte	0x4
 199 0081 51010000 		.4byte	.LASF10
 200 0085 02       		.uleb128 0x2
 201 0086 01       		.byte	0x1
 202 0087 08       		.byte	0x8
 203 0088 43010000 		.4byte	.LASF11
 204 008c 04       		.uleb128 0x4
 205 008d 52020000 		.4byte	.LASF13
 206 0091 02       		.byte	0x2
 207 0092 4202     		.2byte	0x242
 208 0094 98000000 		.4byte	0x98
 209 0098 05       		.uleb128 0x5
 210 0099 6B000000 		.4byte	0x6b
ARM GAS  C:\Users\HENRYA~1\AppData\Local\Temp\ccEhmcJ8.s 			page 8


 211 009d 02       		.uleb128 0x2
 212 009e 08       		.byte	0x8
 213 009f 04       		.byte	0x4
 214 00a0 2A020000 		.4byte	.LASF14
 215 00a4 02       		.uleb128 0x2
 216 00a5 04       		.byte	0x4
 217 00a6 07       		.byte	0x7
 218 00a7 83020000 		.4byte	.LASF15
 219 00ab 06       		.uleb128 0x6
 220 00ac 34000000 		.4byte	.LASF28
 221 00b0 01       		.byte	0x1
 222 00b1 3B       		.byte	0x3b
 223 00b2 00000000 		.4byte	.LFB1
 224 00b6 90000000 		.4byte	.LFE1-.LFB1
 225 00ba 01       		.uleb128 0x1
 226 00bb 9C       		.byte	0x9c
 227 00bc EE000000 		.4byte	0xee
 228 00c0 07       		.uleb128 0x7
 229 00c1 7A020000 		.4byte	.LASF16
 230 00c5 01       		.byte	0x1
 231 00c6 3D       		.byte	0x3d
 232 00c7 6B000000 		.4byte	0x6b
 233 00cb 00000000 		.4byte	.LLST0
 234 00cf 07       		.uleb128 0x7
 235 00d0 05020000 		.4byte	.LASF17
 236 00d4 01       		.byte	0x1
 237 00d5 3E       		.byte	0x3e
 238 00d6 6B000000 		.4byte	0x6b
 239 00da 1E000000 		.4byte	.LLST1
 240 00de 07       		.uleb128 0x7
 241 00df 43000000 		.4byte	.LASF18
 242 00e3 01       		.byte	0x1
 243 00e4 3F       		.byte	0x3f
 244 00e5 6B000000 		.4byte	0x6b
 245 00e9 31000000 		.4byte	.LLST2
 246 00ed 00       		.byte	0
 247 00ee 08       		.uleb128 0x8
 248 00ef 09010000 		.4byte	.LASF19
 249 00f3 03       		.byte	0x3
 250 00f4 3D01     		.2byte	0x13d
 251 00f6 6B000000 		.4byte	0x6b
 252 00fa 09       		.uleb128 0x9
 253 00fb 98000000 		.4byte	0x98
 254 00ff 0A010000 		.4byte	0x10a
 255 0103 0A       		.uleb128 0xa
 256 0104 A4000000 		.4byte	0xa4
 257 0108 07       		.byte	0x7
 258 0109 00       		.byte	0
 259 010a 08       		.uleb128 0x8
 260 010b 36020000 		.4byte	.LASF20
 261 010f 03       		.byte	0x3
 262 0110 3E01     		.2byte	0x13e
 263 0112 16010000 		.4byte	0x116
 264 0116 05       		.uleb128 0x5
 265 0117 FA000000 		.4byte	0xfa
 266 011b 08       		.uleb128 0x8
 267 011c 64020000 		.4byte	.LASF21
ARM GAS  C:\Users\HENRYA~1\AppData\Local\Temp\ccEhmcJ8.s 			page 9


 268 0120 03       		.byte	0x3
 269 0121 3F01     		.2byte	0x13f
 270 0123 98000000 		.4byte	0x98
 271 0127 08       		.uleb128 0x8
 272 0128 2C010000 		.4byte	.LASF22
 273 012c 03       		.byte	0x3
 274 012d 4001     		.2byte	0x140
 275 012f 98000000 		.4byte	0x98
 276 0133 08       		.uleb128 0x8
 277 0134 B8000000 		.4byte	.LASF23
 278 0138 03       		.byte	0x3
 279 0139 4101     		.2byte	0x141
 280 013b 98000000 		.4byte	0x98
 281 013f 08       		.uleb128 0x8
 282 0140 10020000 		.4byte	.LASF24
 283 0144 03       		.byte	0x3
 284 0145 4201     		.2byte	0x142
 285 0147 98000000 		.4byte	0x98
 286 014b 00       		.byte	0
 287              		.section	.debug_abbrev,"",%progbits
 288              	.Ldebug_abbrev0:
 289 0000 01       		.uleb128 0x1
 290 0001 11       		.uleb128 0x11
 291 0002 01       		.byte	0x1
 292 0003 25       		.uleb128 0x25
 293 0004 0E       		.uleb128 0xe
 294 0005 13       		.uleb128 0x13
 295 0006 0B       		.uleb128 0xb
 296 0007 03       		.uleb128 0x3
 297 0008 0E       		.uleb128 0xe
 298 0009 1B       		.uleb128 0x1b
 299 000a 0E       		.uleb128 0xe
 300 000b 55       		.uleb128 0x55
 301 000c 17       		.uleb128 0x17
 302 000d 11       		.uleb128 0x11
 303 000e 01       		.uleb128 0x1
 304 000f 10       		.uleb128 0x10
 305 0010 17       		.uleb128 0x17
 306 0011 00       		.byte	0
 307 0012 00       		.byte	0
 308 0013 02       		.uleb128 0x2
 309 0014 24       		.uleb128 0x24
 310 0015 00       		.byte	0
 311 0016 0B       		.uleb128 0xb
 312 0017 0B       		.uleb128 0xb
 313 0018 3E       		.uleb128 0x3e
 314 0019 0B       		.uleb128 0xb
 315 001a 03       		.uleb128 0x3
 316 001b 0E       		.uleb128 0xe
 317 001c 00       		.byte	0
 318 001d 00       		.byte	0
 319 001e 03       		.uleb128 0x3
 320 001f 24       		.uleb128 0x24
 321 0020 00       		.byte	0
 322 0021 0B       		.uleb128 0xb
 323 0022 0B       		.uleb128 0xb
 324 0023 3E       		.uleb128 0x3e
ARM GAS  C:\Users\HENRYA~1\AppData\Local\Temp\ccEhmcJ8.s 			page 10


 325 0024 0B       		.uleb128 0xb
 326 0025 03       		.uleb128 0x3
 327 0026 08       		.uleb128 0x8
 328 0027 00       		.byte	0
 329 0028 00       		.byte	0
 330 0029 04       		.uleb128 0x4
 331 002a 16       		.uleb128 0x16
 332 002b 00       		.byte	0
 333 002c 03       		.uleb128 0x3
 334 002d 0E       		.uleb128 0xe
 335 002e 3A       		.uleb128 0x3a
 336 002f 0B       		.uleb128 0xb
 337 0030 3B       		.uleb128 0x3b
 338 0031 05       		.uleb128 0x5
 339 0032 49       		.uleb128 0x49
 340 0033 13       		.uleb128 0x13
 341 0034 00       		.byte	0
 342 0035 00       		.byte	0
 343 0036 05       		.uleb128 0x5
 344 0037 35       		.uleb128 0x35
 345 0038 00       		.byte	0
 346 0039 49       		.uleb128 0x49
 347 003a 13       		.uleb128 0x13
 348 003b 00       		.byte	0
 349 003c 00       		.byte	0
 350 003d 06       		.uleb128 0x6
 351 003e 2E       		.uleb128 0x2e
 352 003f 01       		.byte	0x1
 353 0040 3F       		.uleb128 0x3f
 354 0041 19       		.uleb128 0x19
 355 0042 03       		.uleb128 0x3
 356 0043 0E       		.uleb128 0xe
 357 0044 3A       		.uleb128 0x3a
 358 0045 0B       		.uleb128 0xb
 359 0046 3B       		.uleb128 0x3b
 360 0047 0B       		.uleb128 0xb
 361 0048 27       		.uleb128 0x27
 362 0049 19       		.uleb128 0x19
 363 004a 11       		.uleb128 0x11
 364 004b 01       		.uleb128 0x1
 365 004c 12       		.uleb128 0x12
 366 004d 06       		.uleb128 0x6
 367 004e 40       		.uleb128 0x40
 368 004f 18       		.uleb128 0x18
 369 0050 9742     		.uleb128 0x2117
 370 0052 19       		.uleb128 0x19
 371 0053 01       		.uleb128 0x1
 372 0054 13       		.uleb128 0x13
 373 0055 00       		.byte	0
 374 0056 00       		.byte	0
 375 0057 07       		.uleb128 0x7
 376 0058 34       		.uleb128 0x34
 377 0059 00       		.byte	0
 378 005a 03       		.uleb128 0x3
 379 005b 0E       		.uleb128 0xe
 380 005c 3A       		.uleb128 0x3a
 381 005d 0B       		.uleb128 0xb
ARM GAS  C:\Users\HENRYA~1\AppData\Local\Temp\ccEhmcJ8.s 			page 11


 382 005e 3B       		.uleb128 0x3b
 383 005f 0B       		.uleb128 0xb
 384 0060 49       		.uleb128 0x49
 385 0061 13       		.uleb128 0x13
 386 0062 02       		.uleb128 0x2
 387 0063 17       		.uleb128 0x17
 388 0064 00       		.byte	0
 389 0065 00       		.byte	0
 390 0066 08       		.uleb128 0x8
 391 0067 34       		.uleb128 0x34
 392 0068 00       		.byte	0
 393 0069 03       		.uleb128 0x3
 394 006a 0E       		.uleb128 0xe
 395 006b 3A       		.uleb128 0x3a
 396 006c 0B       		.uleb128 0xb
 397 006d 3B       		.uleb128 0x3b
 398 006e 05       		.uleb128 0x5
 399 006f 49       		.uleb128 0x49
 400 0070 13       		.uleb128 0x13
 401 0071 3F       		.uleb128 0x3f
 402 0072 19       		.uleb128 0x19
 403 0073 3C       		.uleb128 0x3c
 404 0074 19       		.uleb128 0x19
 405 0075 00       		.byte	0
 406 0076 00       		.byte	0
 407 0077 09       		.uleb128 0x9
 408 0078 01       		.uleb128 0x1
 409 0079 01       		.byte	0x1
 410 007a 49       		.uleb128 0x49
 411 007b 13       		.uleb128 0x13
 412 007c 01       		.uleb128 0x1
 413 007d 13       		.uleb128 0x13
 414 007e 00       		.byte	0
 415 007f 00       		.byte	0
 416 0080 0A       		.uleb128 0xa
 417 0081 21       		.uleb128 0x21
 418 0082 00       		.byte	0
 419 0083 49       		.uleb128 0x49
 420 0084 13       		.uleb128 0x13
 421 0085 2F       		.uleb128 0x2f
 422 0086 0B       		.uleb128 0xb
 423 0087 00       		.byte	0
 424 0088 00       		.byte	0
 425 0089 00       		.byte	0
 426              		.section	.debug_loc,"",%progbits
 427              	.Ldebug_loc0:
 428              	.LLST0:
 429 0000 06000000 		.4byte	.LVL0
 430 0004 1A000000 		.4byte	.LVL1
 431 0008 0100     		.2byte	0x1
 432 000a 53       		.byte	0x53
 433 000b 22000000 		.4byte	.LVL2
 434 000f 36000000 		.4byte	.LVL4
 435 0013 0100     		.2byte	0x1
 436 0015 51       		.byte	0x51
 437 0016 00000000 		.4byte	0
 438 001a 00000000 		.4byte	0
ARM GAS  C:\Users\HENRYA~1\AppData\Local\Temp\ccEhmcJ8.s 			page 12


 439              	.LLST1:
 440 001e 06000000 		.4byte	.LVL0
 441 0022 1A000000 		.4byte	.LVL1
 442 0026 0100     		.2byte	0x1
 443 0028 53       		.byte	0x53
 444 0029 00000000 		.4byte	0
 445 002d 00000000 		.4byte	0
 446              	.LLST2:
 447 0031 2C000000 		.4byte	.LVL3
 448 0035 68000000 		.4byte	.LVL5
 449 0039 0200     		.2byte	0x2
 450 003b 31       		.byte	0x31
 451 003c 9F       		.byte	0x9f
 452 003d 00000000 		.4byte	0
 453 0041 00000000 		.4byte	0
 454              		.section	.debug_aranges,"",%progbits
 455 0000 1C000000 		.4byte	0x1c
 456 0004 0200     		.2byte	0x2
 457 0006 00000000 		.4byte	.Ldebug_info0
 458 000a 04       		.byte	0x4
 459 000b 00       		.byte	0
 460 000c 0000     		.2byte	0
 461 000e 0000     		.2byte	0
 462 0010 00000000 		.4byte	.LFB1
 463 0014 90000000 		.4byte	.LFE1-.LFB1
 464 0018 00000000 		.4byte	0
 465 001c 00000000 		.4byte	0
 466              		.section	.debug_ranges,"",%progbits
 467              	.Ldebug_ranges0:
 468 0000 00000000 		.4byte	.LFB1
 469 0004 90000000 		.4byte	.LFE1
 470 0008 00000000 		.4byte	0
 471 000c 00000000 		.4byte	0
 472              		.section	.debug_line,"",%progbits
 473              	.Ldebug_line0:
 474 0000 85000000 		.section	.debug_str,"MS",%progbits,1
 474      02005700 
 474      00000201 
 474      FB0E0D00 
 474      01010101 
 475              	.LASF6:
 476 0000 6C6F6E67 		.ascii	"long long int\000"
 476      206C6F6E 
 476      6720696E 
 476      7400
 477              	.LASF26:
 478 000e 47656E65 		.ascii	"Generated_Source\\PSoC4\\SENSOR_U_INT.c\000"
 478      72617465 
 478      645F536F 
 478      75726365 
 478      5C50536F 
 479              	.LASF28:
 480 0034 53454E53 		.ascii	"SENSOR_U_RXISR\000"
 480      4F525F55 
 480      5F525849 
 480      535200
 481              	.LASF18:
ARM GAS  C:\Users\HENRYA~1\AppData\Local\Temp\ccEhmcJ8.s 			page 13


 482 0043 696E6372 		.ascii	"increment_pointer\000"
 482      656D656E 
 482      745F706F 
 482      696E7465 
 482      7200
 483              	.LASF27:
 484 0055 433A5C55 		.ascii	"C:\\Users\\Henry Alberto\\Documents\\GitHub\\Psoc_M"
 484      73657273 
 484      5C48656E 
 484      72792041 
 484      6C626572 
 485 0083 6F64756C 		.ascii	"odular\\Optimization_Algorithms\\Hill_Climbing_1.cy"
 485      61725C4F 
 485      7074696D 
 485      697A6174 
 485      696F6E5F 
 486 00b4 64736E00 		.ascii	"dsn\000"
 487              	.LASF23:
 488 00b8 53454E53 		.ascii	"SENSOR_U_rxBufferLoopDetect\000"
 488      4F525F55 
 488      5F727842 
 488      75666665 
 488      724C6F6F 
 489              	.LASF12:
 490 00d4 75696E74 		.ascii	"uint8\000"
 490      3800
 491              	.LASF5:
 492 00da 6C6F6E67 		.ascii	"long unsigned int\000"
 492      20756E73 
 492      69676E65 
 492      6420696E 
 492      7400
 493              	.LASF7:
 494 00ec 6C6F6E67 		.ascii	"long long unsigned int\000"
 494      206C6F6E 
 494      6720756E 
 494      7369676E 
 494      65642069 
 495              	.LASF9:
 496 0103 666C6F61 		.ascii	"float\000"
 496      7400
 497              	.LASF19:
 498 0109 53454E53 		.ascii	"SENSOR_U_errorStatus\000"
 498      4F525F55 
 498      5F657272 
 498      6F725374 
 498      61747573 
 499              	.LASF1:
 500 011e 756E7369 		.ascii	"unsigned char\000"
 500      676E6564 
 500      20636861 
 500      7200
 501              	.LASF22:
 502 012c 53454E53 		.ascii	"SENSOR_U_rxBufferWrite\000"
 502      4F525F55 
 502      5F727842 
 502      75666665 
ARM GAS  C:\Users\HENRYA~1\AppData\Local\Temp\ccEhmcJ8.s 			page 14


 502      72577269 
 503              	.LASF11:
 504 0143 63686172 		.ascii	"char\000"
 504      00
 505              	.LASF4:
 506 0148 6C6F6E67 		.ascii	"long int\000"
 506      20696E74 
 506      00
 507              	.LASF10:
 508 0151 646F7562 		.ascii	"double\000"
 508      6C6500
 509              	.LASF25:
 510 0158 474E5520 		.ascii	"GNU C11 5.4.1 20160609 (release) [ARM/embedded-5-br"
 510      43313120 
 510      352E342E 
 510      31203230 
 510      31363036 
 511 018b 616E6368 		.ascii	"anch revision 237715] -mcpu=cortex-m0 -mthumb -g -O"
 511      20726576 
 511      6973696F 
 511      6E203233 
 511      37373135 
 512 01be 67202D66 		.ascii	"g -ffunction-sections -ffat-lto-objects\000"
 512      66756E63 
 512      74696F6E 
 512      2D736563 
 512      74696F6E 
 513              	.LASF3:
 514 01e6 73686F72 		.ascii	"short unsigned int\000"
 514      7420756E 
 514      7369676E 
 514      65642069 
 514      6E7400
 515              	.LASF0:
 516 01f9 7369676E 		.ascii	"signed char\000"
 516      65642063 
 516      68617200 
 517              	.LASF17:
 518 0205 72656164 		.ascii	"readStatus\000"
 518      53746174 
 518      757300
 519              	.LASF24:
 520 0210 53454E53 		.ascii	"SENSOR_U_rxBufferOverflow\000"
 520      4F525F55 
 520      5F727842 
 520      75666665 
 520      724F7665 
 521              	.LASF14:
 522 022a 6C6F6E67 		.ascii	"long double\000"
 522      20646F75 
 522      626C6500 
 523              	.LASF20:
 524 0236 53454E53 		.ascii	"SENSOR_U_rxBuffer\000"
 524      4F525F55 
 524      5F727842 
 524      75666665 
 524      7200
ARM GAS  C:\Users\HENRYA~1\AppData\Local\Temp\ccEhmcJ8.s 			page 15


 525              	.LASF2:
 526 0248 73686F72 		.ascii	"short int\000"
 526      7420696E 
 526      7400
 527              	.LASF13:
 528 0252 72656738 		.ascii	"reg8\000"
 528      00
 529              	.LASF8:
 530 0257 756E7369 		.ascii	"unsigned int\000"
 530      676E6564 
 530      20696E74 
 530      00
 531              	.LASF21:
 532 0264 53454E53 		.ascii	"SENSOR_U_rxBufferRead\000"
 532      4F525F55 
 532      5F727842 
 532      75666665 
 532      72526561 
 533              	.LASF16:
 534 027a 72656164 		.ascii	"readData\000"
 534      44617461 
 534      00
 535              	.LASF15:
 536 0283 73697A65 		.ascii	"sizetype\000"
 536      74797065 
 536      00
 537              		.ident	"GCC: (GNU Tools for ARM Embedded Processors) 5.4.1 20160609 (release) [ARM/embedded-5-bran
