ARM GAS  C:\Users\HENRYA~1\AppData\Local\Temp\ccy92qaR.s 			page 1


   1              		.syntax unified
   2              		.cpu cortex-m3
   3              		.fpu softvfp
   4              		.eabi_attribute 20, 1
   5              		.eabi_attribute 21, 1
   6              		.eabi_attribute 23, 3
   7              		.eabi_attribute 24, 1
   8              		.eabi_attribute 25, 1
   9              		.eabi_attribute 26, 1
  10              		.eabi_attribute 30, 1
  11              		.eabi_attribute 34, 1
  12              		.eabi_attribute 18, 4
  13              		.thumb
  14              		.file	"ADC_IRQ.c"
  15              		.text
  16              	.Ltext0:
  17              		.cfi_sections	.debug_frame
  18              		.section	.text.ADC_IRQ_Interrupt,"ax",%progbits
  19              		.align	2
  20              		.global	ADC_IRQ_Interrupt
  21              		.thumb
  22              		.thumb_func
  23              		.type	ADC_IRQ_Interrupt, %function
  24              	ADC_IRQ_Interrupt:
  25              	.LFB3:
  26              		.file 1 ".\\Generated_Source\\PSoC5\\ADC_IRQ.c"
   1:.\Generated_Source\PSoC5/ADC_IRQ.c **** /*******************************************************************************
   2:.\Generated_Source\PSoC5/ADC_IRQ.c **** * File Name: ADC_IRQ.c  
   3:.\Generated_Source\PSoC5/ADC_IRQ.c **** * Version 1.70
   4:.\Generated_Source\PSoC5/ADC_IRQ.c **** *
   5:.\Generated_Source\PSoC5/ADC_IRQ.c **** *  Description:
   6:.\Generated_Source\PSoC5/ADC_IRQ.c **** *   API for controlling the state of an interrupt.
   7:.\Generated_Source\PSoC5/ADC_IRQ.c **** *
   8:.\Generated_Source\PSoC5/ADC_IRQ.c **** *
   9:.\Generated_Source\PSoC5/ADC_IRQ.c **** *  Note:
  10:.\Generated_Source\PSoC5/ADC_IRQ.c **** *
  11:.\Generated_Source\PSoC5/ADC_IRQ.c **** ********************************************************************************
  12:.\Generated_Source\PSoC5/ADC_IRQ.c **** * Copyright 2008-2015, Cypress Semiconductor Corporation.  All rights reserved.
  13:.\Generated_Source\PSoC5/ADC_IRQ.c **** * You may use this file only in accordance with the license, terms, conditions, 
  14:.\Generated_Source\PSoC5/ADC_IRQ.c **** * disclaimers, and limitations in the end user license agreement accompanying 
  15:.\Generated_Source\PSoC5/ADC_IRQ.c **** * the software package with which this file was provided.
  16:.\Generated_Source\PSoC5/ADC_IRQ.c **** *******************************************************************************/
  17:.\Generated_Source\PSoC5/ADC_IRQ.c **** 
  18:.\Generated_Source\PSoC5/ADC_IRQ.c **** 
  19:.\Generated_Source\PSoC5/ADC_IRQ.c **** #include <cydevice_trm.h>
  20:.\Generated_Source\PSoC5/ADC_IRQ.c **** #include <CyLib.h>
  21:.\Generated_Source\PSoC5/ADC_IRQ.c **** #include <ADC_IRQ.h>
  22:.\Generated_Source\PSoC5/ADC_IRQ.c **** #include "cyapicallbacks.h"
  23:.\Generated_Source\PSoC5/ADC_IRQ.c **** 
  24:.\Generated_Source\PSoC5/ADC_IRQ.c **** #if !defined(ADC_IRQ__REMOVED) /* Check for removal by optimization */
  25:.\Generated_Source\PSoC5/ADC_IRQ.c **** 
  26:.\Generated_Source\PSoC5/ADC_IRQ.c **** /*******************************************************************************
  27:.\Generated_Source\PSoC5/ADC_IRQ.c **** *  Place your includes, defines and code here 
  28:.\Generated_Source\PSoC5/ADC_IRQ.c **** ********************************************************************************/
  29:.\Generated_Source\PSoC5/ADC_IRQ.c **** /* `#START ADC_IRQ_intc` */
  30:.\Generated_Source\PSoC5/ADC_IRQ.c **** 
  31:.\Generated_Source\PSoC5/ADC_IRQ.c **** /* `#END` */
ARM GAS  C:\Users\HENRYA~1\AppData\Local\Temp\ccy92qaR.s 			page 2


  32:.\Generated_Source\PSoC5/ADC_IRQ.c **** 
  33:.\Generated_Source\PSoC5/ADC_IRQ.c **** #ifndef CYINT_IRQ_BASE
  34:.\Generated_Source\PSoC5/ADC_IRQ.c **** #define CYINT_IRQ_BASE      16
  35:.\Generated_Source\PSoC5/ADC_IRQ.c **** #endif /* CYINT_IRQ_BASE */
  36:.\Generated_Source\PSoC5/ADC_IRQ.c **** #ifndef CYINT_VECT_TABLE
  37:.\Generated_Source\PSoC5/ADC_IRQ.c **** #define CYINT_VECT_TABLE    ((cyisraddress **) CYREG_NVIC_VECT_OFFSET)
  38:.\Generated_Source\PSoC5/ADC_IRQ.c **** #endif /* CYINT_VECT_TABLE */
  39:.\Generated_Source\PSoC5/ADC_IRQ.c **** 
  40:.\Generated_Source\PSoC5/ADC_IRQ.c **** /* Declared in startup, used to set unused interrupts to. */
  41:.\Generated_Source\PSoC5/ADC_IRQ.c **** CY_ISR_PROTO(IntDefaultHandler);
  42:.\Generated_Source\PSoC5/ADC_IRQ.c **** 
  43:.\Generated_Source\PSoC5/ADC_IRQ.c **** 
  44:.\Generated_Source\PSoC5/ADC_IRQ.c **** /*******************************************************************************
  45:.\Generated_Source\PSoC5/ADC_IRQ.c **** * Function Name: ADC_IRQ_Start
  46:.\Generated_Source\PSoC5/ADC_IRQ.c **** ********************************************************************************
  47:.\Generated_Source\PSoC5/ADC_IRQ.c **** *
  48:.\Generated_Source\PSoC5/ADC_IRQ.c **** * Summary:
  49:.\Generated_Source\PSoC5/ADC_IRQ.c **** *  Set up the interrupt and enable it. This function disables the interrupt, 
  50:.\Generated_Source\PSoC5/ADC_IRQ.c **** *  sets the default interrupt vector, sets the priority from the value in the
  51:.\Generated_Source\PSoC5/ADC_IRQ.c **** *  Design Wide Resources Interrupt Editor, then enables the interrupt to the 
  52:.\Generated_Source\PSoC5/ADC_IRQ.c **** *  interrupt controller.
  53:.\Generated_Source\PSoC5/ADC_IRQ.c **** *
  54:.\Generated_Source\PSoC5/ADC_IRQ.c **** * Parameters:  
  55:.\Generated_Source\PSoC5/ADC_IRQ.c **** *   None
  56:.\Generated_Source\PSoC5/ADC_IRQ.c **** *
  57:.\Generated_Source\PSoC5/ADC_IRQ.c **** * Return:
  58:.\Generated_Source\PSoC5/ADC_IRQ.c **** *   None
  59:.\Generated_Source\PSoC5/ADC_IRQ.c **** *
  60:.\Generated_Source\PSoC5/ADC_IRQ.c **** *******************************************************************************/
  61:.\Generated_Source\PSoC5/ADC_IRQ.c **** void ADC_IRQ_Start(void)
  62:.\Generated_Source\PSoC5/ADC_IRQ.c **** {
  63:.\Generated_Source\PSoC5/ADC_IRQ.c ****     /* For all we know the interrupt is active. */
  64:.\Generated_Source\PSoC5/ADC_IRQ.c ****     ADC_IRQ_Disable();
  65:.\Generated_Source\PSoC5/ADC_IRQ.c **** 
  66:.\Generated_Source\PSoC5/ADC_IRQ.c ****     /* Set the ISR to point to the ADC_IRQ Interrupt. */
  67:.\Generated_Source\PSoC5/ADC_IRQ.c ****     ADC_IRQ_SetVector(&ADC_IRQ_Interrupt);
  68:.\Generated_Source\PSoC5/ADC_IRQ.c **** 
  69:.\Generated_Source\PSoC5/ADC_IRQ.c ****     /* Set the priority. */
  70:.\Generated_Source\PSoC5/ADC_IRQ.c ****     ADC_IRQ_SetPriority((uint8)ADC_IRQ_INTC_PRIOR_NUMBER);
  71:.\Generated_Source\PSoC5/ADC_IRQ.c **** 
  72:.\Generated_Source\PSoC5/ADC_IRQ.c ****     /* Enable it. */
  73:.\Generated_Source\PSoC5/ADC_IRQ.c ****     ADC_IRQ_Enable();
  74:.\Generated_Source\PSoC5/ADC_IRQ.c **** }
  75:.\Generated_Source\PSoC5/ADC_IRQ.c **** 
  76:.\Generated_Source\PSoC5/ADC_IRQ.c **** 
  77:.\Generated_Source\PSoC5/ADC_IRQ.c **** /*******************************************************************************
  78:.\Generated_Source\PSoC5/ADC_IRQ.c **** * Function Name: ADC_IRQ_StartEx
  79:.\Generated_Source\PSoC5/ADC_IRQ.c **** ********************************************************************************
  80:.\Generated_Source\PSoC5/ADC_IRQ.c **** *
  81:.\Generated_Source\PSoC5/ADC_IRQ.c **** * Summary:
  82:.\Generated_Source\PSoC5/ADC_IRQ.c **** *  Sets up the interrupt and enables it. This function disables the interrupt,
  83:.\Generated_Source\PSoC5/ADC_IRQ.c **** *  sets the interrupt vector based on the address passed in, sets the priority 
  84:.\Generated_Source\PSoC5/ADC_IRQ.c **** *  from the value in the Design Wide Resources Interrupt Editor, then enables 
  85:.\Generated_Source\PSoC5/ADC_IRQ.c **** *  the interrupt to the interrupt controller.
  86:.\Generated_Source\PSoC5/ADC_IRQ.c **** *  
  87:.\Generated_Source\PSoC5/ADC_IRQ.c **** *  When defining ISR functions, the CY_ISR and CY_ISR_PROTO macros should be 
  88:.\Generated_Source\PSoC5/ADC_IRQ.c **** *  used to provide consistent definition across compilers:
ARM GAS  C:\Users\HENRYA~1\AppData\Local\Temp\ccy92qaR.s 			page 3


  89:.\Generated_Source\PSoC5/ADC_IRQ.c **** *  
  90:.\Generated_Source\PSoC5/ADC_IRQ.c **** *  Function definition example:
  91:.\Generated_Source\PSoC5/ADC_IRQ.c **** *   CY_ISR(MyISR)
  92:.\Generated_Source\PSoC5/ADC_IRQ.c **** *   {
  93:.\Generated_Source\PSoC5/ADC_IRQ.c **** *   }
  94:.\Generated_Source\PSoC5/ADC_IRQ.c **** *   Function prototype example:
  95:.\Generated_Source\PSoC5/ADC_IRQ.c **** *   CY_ISR_PROTO(MyISR);
  96:.\Generated_Source\PSoC5/ADC_IRQ.c **** *
  97:.\Generated_Source\PSoC5/ADC_IRQ.c **** * Parameters:  
  98:.\Generated_Source\PSoC5/ADC_IRQ.c **** *   address: Address of the ISR to set in the interrupt vector table.
  99:.\Generated_Source\PSoC5/ADC_IRQ.c **** *
 100:.\Generated_Source\PSoC5/ADC_IRQ.c **** * Return:
 101:.\Generated_Source\PSoC5/ADC_IRQ.c **** *   None
 102:.\Generated_Source\PSoC5/ADC_IRQ.c **** *
 103:.\Generated_Source\PSoC5/ADC_IRQ.c **** *******************************************************************************/
 104:.\Generated_Source\PSoC5/ADC_IRQ.c **** void ADC_IRQ_StartEx(cyisraddress address)
 105:.\Generated_Source\PSoC5/ADC_IRQ.c **** {
 106:.\Generated_Source\PSoC5/ADC_IRQ.c ****     /* For all we know the interrupt is active. */
 107:.\Generated_Source\PSoC5/ADC_IRQ.c ****     ADC_IRQ_Disable();
 108:.\Generated_Source\PSoC5/ADC_IRQ.c **** 
 109:.\Generated_Source\PSoC5/ADC_IRQ.c ****     /* Set the ISR to point to the ADC_IRQ Interrupt. */
 110:.\Generated_Source\PSoC5/ADC_IRQ.c ****     ADC_IRQ_SetVector(address);
 111:.\Generated_Source\PSoC5/ADC_IRQ.c **** 
 112:.\Generated_Source\PSoC5/ADC_IRQ.c ****     /* Set the priority. */
 113:.\Generated_Source\PSoC5/ADC_IRQ.c ****     ADC_IRQ_SetPriority((uint8)ADC_IRQ_INTC_PRIOR_NUMBER);
 114:.\Generated_Source\PSoC5/ADC_IRQ.c **** 
 115:.\Generated_Source\PSoC5/ADC_IRQ.c ****     /* Enable it. */
 116:.\Generated_Source\PSoC5/ADC_IRQ.c ****     ADC_IRQ_Enable();
 117:.\Generated_Source\PSoC5/ADC_IRQ.c **** }
 118:.\Generated_Source\PSoC5/ADC_IRQ.c **** 
 119:.\Generated_Source\PSoC5/ADC_IRQ.c **** 
 120:.\Generated_Source\PSoC5/ADC_IRQ.c **** /*******************************************************************************
 121:.\Generated_Source\PSoC5/ADC_IRQ.c **** * Function Name: ADC_IRQ_Stop
 122:.\Generated_Source\PSoC5/ADC_IRQ.c **** ********************************************************************************
 123:.\Generated_Source\PSoC5/ADC_IRQ.c **** *
 124:.\Generated_Source\PSoC5/ADC_IRQ.c **** * Summary:
 125:.\Generated_Source\PSoC5/ADC_IRQ.c **** *   Disables and removes the interrupt.
 126:.\Generated_Source\PSoC5/ADC_IRQ.c **** *
 127:.\Generated_Source\PSoC5/ADC_IRQ.c **** * Parameters:  
 128:.\Generated_Source\PSoC5/ADC_IRQ.c **** *   None
 129:.\Generated_Source\PSoC5/ADC_IRQ.c **** *
 130:.\Generated_Source\PSoC5/ADC_IRQ.c **** * Return:
 131:.\Generated_Source\PSoC5/ADC_IRQ.c **** *   None
 132:.\Generated_Source\PSoC5/ADC_IRQ.c **** *
 133:.\Generated_Source\PSoC5/ADC_IRQ.c **** *******************************************************************************/
 134:.\Generated_Source\PSoC5/ADC_IRQ.c **** void ADC_IRQ_Stop(void)
 135:.\Generated_Source\PSoC5/ADC_IRQ.c **** {
 136:.\Generated_Source\PSoC5/ADC_IRQ.c ****     /* Disable this interrupt. */
 137:.\Generated_Source\PSoC5/ADC_IRQ.c ****     ADC_IRQ_Disable();
 138:.\Generated_Source\PSoC5/ADC_IRQ.c **** 
 139:.\Generated_Source\PSoC5/ADC_IRQ.c ****     /* Set the ISR to point to the passive one. */
 140:.\Generated_Source\PSoC5/ADC_IRQ.c ****     ADC_IRQ_SetVector(&IntDefaultHandler);
 141:.\Generated_Source\PSoC5/ADC_IRQ.c **** }
 142:.\Generated_Source\PSoC5/ADC_IRQ.c **** 
 143:.\Generated_Source\PSoC5/ADC_IRQ.c **** 
 144:.\Generated_Source\PSoC5/ADC_IRQ.c **** /*******************************************************************************
 145:.\Generated_Source\PSoC5/ADC_IRQ.c **** * Function Name: ADC_IRQ_Interrupt
ARM GAS  C:\Users\HENRYA~1\AppData\Local\Temp\ccy92qaR.s 			page 4


 146:.\Generated_Source\PSoC5/ADC_IRQ.c **** ********************************************************************************
 147:.\Generated_Source\PSoC5/ADC_IRQ.c **** *
 148:.\Generated_Source\PSoC5/ADC_IRQ.c **** * Summary:
 149:.\Generated_Source\PSoC5/ADC_IRQ.c **** *   The default Interrupt Service Routine for ADC_IRQ.
 150:.\Generated_Source\PSoC5/ADC_IRQ.c **** *
 151:.\Generated_Source\PSoC5/ADC_IRQ.c **** *   Add custom code between the coments to keep the next version of this file
 152:.\Generated_Source\PSoC5/ADC_IRQ.c **** *   from over writting your code.
 153:.\Generated_Source\PSoC5/ADC_IRQ.c **** *
 154:.\Generated_Source\PSoC5/ADC_IRQ.c **** * Parameters:  
 155:.\Generated_Source\PSoC5/ADC_IRQ.c **** *
 156:.\Generated_Source\PSoC5/ADC_IRQ.c **** * Return:
 157:.\Generated_Source\PSoC5/ADC_IRQ.c **** *   None
 158:.\Generated_Source\PSoC5/ADC_IRQ.c **** *
 159:.\Generated_Source\PSoC5/ADC_IRQ.c **** *******************************************************************************/
 160:.\Generated_Source\PSoC5/ADC_IRQ.c **** CY_ISR(ADC_IRQ_Interrupt)
 161:.\Generated_Source\PSoC5/ADC_IRQ.c **** {
  27              		.loc 1 161 0
  28              		.cfi_startproc
  29              		@ args = 0, pretend = 0, frame = 0
  30              		@ frame_needed = 0, uses_anonymous_args = 0
  31 0000 08B5     		push	{r3, lr}
  32              		.cfi_def_cfa_offset 8
  33              		.cfi_offset 3, -8
  34              		.cfi_offset 14, -4
 162:.\Generated_Source\PSoC5/ADC_IRQ.c ****     #ifdef ADC_IRQ_INTERRUPT_INTERRUPT_CALLBACK
 163:.\Generated_Source\PSoC5/ADC_IRQ.c ****         ADC_IRQ_Interrupt_InterruptCallback();
  35              		.loc 1 163 0
  36 0002 FFF7FEFF 		bl	ADC_IRQ_Interrupt_InterruptCallback
  37              	.LVL0:
  38 0006 08BD     		pop	{r3, pc}
  39              		.cfi_endproc
  40              	.LFE3:
  41              		.size	ADC_IRQ_Interrupt, .-ADC_IRQ_Interrupt
  42              		.section	.text.ADC_IRQ_SetVector,"ax",%progbits
  43              		.align	2
  44              		.global	ADC_IRQ_SetVector
  45              		.thumb
  46              		.thumb_func
  47              		.type	ADC_IRQ_SetVector, %function
  48              	ADC_IRQ_SetVector:
  49              	.LFB4:
 164:.\Generated_Source\PSoC5/ADC_IRQ.c ****     #endif /* ADC_IRQ_INTERRUPT_INTERRUPT_CALLBACK */ 
 165:.\Generated_Source\PSoC5/ADC_IRQ.c **** 
 166:.\Generated_Source\PSoC5/ADC_IRQ.c ****     /*  Place your Interrupt code here. */
 167:.\Generated_Source\PSoC5/ADC_IRQ.c ****     /* `#START ADC_IRQ_Interrupt` */
 168:.\Generated_Source\PSoC5/ADC_IRQ.c **** 
 169:.\Generated_Source\PSoC5/ADC_IRQ.c ****     /* `#END` */
 170:.\Generated_Source\PSoC5/ADC_IRQ.c **** }
 171:.\Generated_Source\PSoC5/ADC_IRQ.c **** 
 172:.\Generated_Source\PSoC5/ADC_IRQ.c **** 
 173:.\Generated_Source\PSoC5/ADC_IRQ.c **** /*******************************************************************************
 174:.\Generated_Source\PSoC5/ADC_IRQ.c **** * Function Name: ADC_IRQ_SetVector
 175:.\Generated_Source\PSoC5/ADC_IRQ.c **** ********************************************************************************
 176:.\Generated_Source\PSoC5/ADC_IRQ.c **** *
 177:.\Generated_Source\PSoC5/ADC_IRQ.c **** * Summary:
 178:.\Generated_Source\PSoC5/ADC_IRQ.c **** *   Change the ISR vector for the Interrupt. Note calling ADC_IRQ_Start
 179:.\Generated_Source\PSoC5/ADC_IRQ.c **** *   will override any effect this method would have had. To set the vector 
ARM GAS  C:\Users\HENRYA~1\AppData\Local\Temp\ccy92qaR.s 			page 5


 180:.\Generated_Source\PSoC5/ADC_IRQ.c **** *   before the component has been started use ADC_IRQ_StartEx instead.
 181:.\Generated_Source\PSoC5/ADC_IRQ.c **** * 
 182:.\Generated_Source\PSoC5/ADC_IRQ.c **** *   When defining ISR functions, the CY_ISR and CY_ISR_PROTO macros should be 
 183:.\Generated_Source\PSoC5/ADC_IRQ.c **** *   used to provide consistent definition across compilers:
 184:.\Generated_Source\PSoC5/ADC_IRQ.c **** *
 185:.\Generated_Source\PSoC5/ADC_IRQ.c **** *   Function definition example:
 186:.\Generated_Source\PSoC5/ADC_IRQ.c **** *   CY_ISR(MyISR)
 187:.\Generated_Source\PSoC5/ADC_IRQ.c **** *   {
 188:.\Generated_Source\PSoC5/ADC_IRQ.c **** *   }
 189:.\Generated_Source\PSoC5/ADC_IRQ.c **** *
 190:.\Generated_Source\PSoC5/ADC_IRQ.c **** *   Function prototype example:
 191:.\Generated_Source\PSoC5/ADC_IRQ.c **** *     CY_ISR_PROTO(MyISR);
 192:.\Generated_Source\PSoC5/ADC_IRQ.c **** *
 193:.\Generated_Source\PSoC5/ADC_IRQ.c **** * Parameters:
 194:.\Generated_Source\PSoC5/ADC_IRQ.c **** *   address: Address of the ISR to set in the interrupt vector table.
 195:.\Generated_Source\PSoC5/ADC_IRQ.c **** *
 196:.\Generated_Source\PSoC5/ADC_IRQ.c **** * Return:
 197:.\Generated_Source\PSoC5/ADC_IRQ.c **** *   None
 198:.\Generated_Source\PSoC5/ADC_IRQ.c **** *
 199:.\Generated_Source\PSoC5/ADC_IRQ.c **** *******************************************************************************/
 200:.\Generated_Source\PSoC5/ADC_IRQ.c **** void ADC_IRQ_SetVector(cyisraddress address)
 201:.\Generated_Source\PSoC5/ADC_IRQ.c **** {
  50              		.loc 1 201 0
  51              		.cfi_startproc
  52              		@ args = 0, pretend = 0, frame = 0
  53              		@ frame_needed = 0, uses_anonymous_args = 0
  54              		@ link register save eliminated.
  55              	.LVL1:
 202:.\Generated_Source\PSoC5/ADC_IRQ.c ****     cyisraddress * ramVectorTable;
 203:.\Generated_Source\PSoC5/ADC_IRQ.c **** 
 204:.\Generated_Source\PSoC5/ADC_IRQ.c ****     ramVectorTable = (cyisraddress *) *CYINT_VECT_TABLE;
  56              		.loc 1 204 0
  57 0000 024B     		ldr	r3, .L4
  58 0002 1B68     		ldr	r3, [r3]
  59              	.LVL2:
 205:.\Generated_Source\PSoC5/ADC_IRQ.c **** 
 206:.\Generated_Source\PSoC5/ADC_IRQ.c ****     ramVectorTable[CYINT_IRQ_BASE + (uint32)ADC_IRQ__INTC_NUMBER] = address;
  60              		.loc 1 206 0
  61 0004 C3F8B400 		str	r0, [r3, #180]
  62 0008 7047     		bx	lr
  63              	.L5:
  64 000a 00BF     		.align	2
  65              	.L4:
  66 000c 08ED00E0 		.word	-536810232
  67              		.cfi_endproc
  68              	.LFE4:
  69              		.size	ADC_IRQ_SetVector, .-ADC_IRQ_SetVector
  70              		.section	.text.ADC_IRQ_GetVector,"ax",%progbits
  71              		.align	2
  72              		.global	ADC_IRQ_GetVector
  73              		.thumb
  74              		.thumb_func
  75              		.type	ADC_IRQ_GetVector, %function
  76              	ADC_IRQ_GetVector:
  77              	.LFB5:
 207:.\Generated_Source\PSoC5/ADC_IRQ.c **** }
 208:.\Generated_Source\PSoC5/ADC_IRQ.c **** 
ARM GAS  C:\Users\HENRYA~1\AppData\Local\Temp\ccy92qaR.s 			page 6


 209:.\Generated_Source\PSoC5/ADC_IRQ.c **** 
 210:.\Generated_Source\PSoC5/ADC_IRQ.c **** /*******************************************************************************
 211:.\Generated_Source\PSoC5/ADC_IRQ.c **** * Function Name: ADC_IRQ_GetVector
 212:.\Generated_Source\PSoC5/ADC_IRQ.c **** ********************************************************************************
 213:.\Generated_Source\PSoC5/ADC_IRQ.c **** *
 214:.\Generated_Source\PSoC5/ADC_IRQ.c **** * Summary:
 215:.\Generated_Source\PSoC5/ADC_IRQ.c **** *   Gets the "address" of the current ISR vector for the Interrupt.
 216:.\Generated_Source\PSoC5/ADC_IRQ.c **** *
 217:.\Generated_Source\PSoC5/ADC_IRQ.c **** * Parameters:
 218:.\Generated_Source\PSoC5/ADC_IRQ.c **** *   None
 219:.\Generated_Source\PSoC5/ADC_IRQ.c **** *
 220:.\Generated_Source\PSoC5/ADC_IRQ.c **** * Return:
 221:.\Generated_Source\PSoC5/ADC_IRQ.c **** *   Address of the ISR in the interrupt vector table.
 222:.\Generated_Source\PSoC5/ADC_IRQ.c **** *
 223:.\Generated_Source\PSoC5/ADC_IRQ.c **** *******************************************************************************/
 224:.\Generated_Source\PSoC5/ADC_IRQ.c **** cyisraddress ADC_IRQ_GetVector(void)
 225:.\Generated_Source\PSoC5/ADC_IRQ.c **** {
  78              		.loc 1 225 0
  79              		.cfi_startproc
  80              		@ args = 0, pretend = 0, frame = 0
  81              		@ frame_needed = 0, uses_anonymous_args = 0
  82              		@ link register save eliminated.
 226:.\Generated_Source\PSoC5/ADC_IRQ.c ****     cyisraddress * ramVectorTable;
 227:.\Generated_Source\PSoC5/ADC_IRQ.c **** 
 228:.\Generated_Source\PSoC5/ADC_IRQ.c ****     ramVectorTable = (cyisraddress *) *CYINT_VECT_TABLE;
  83              		.loc 1 228 0
  84 0000 024B     		ldr	r3, .L7
  85 0002 1B68     		ldr	r3, [r3]
  86              	.LVL3:
 229:.\Generated_Source\PSoC5/ADC_IRQ.c **** 
 230:.\Generated_Source\PSoC5/ADC_IRQ.c ****     return ramVectorTable[CYINT_IRQ_BASE + (uint32)ADC_IRQ__INTC_NUMBER];
 231:.\Generated_Source\PSoC5/ADC_IRQ.c **** }
  87              		.loc 1 231 0
  88 0004 D3F8B400 		ldr	r0, [r3, #180]
  89 0008 7047     		bx	lr
  90              	.L8:
  91 000a 00BF     		.align	2
  92              	.L7:
  93 000c 08ED00E0 		.word	-536810232
  94              		.cfi_endproc
  95              	.LFE5:
  96              		.size	ADC_IRQ_GetVector, .-ADC_IRQ_GetVector
  97              		.section	.text.ADC_IRQ_SetPriority,"ax",%progbits
  98              		.align	2
  99              		.global	ADC_IRQ_SetPriority
 100              		.thumb
 101              		.thumb_func
 102              		.type	ADC_IRQ_SetPriority, %function
 103              	ADC_IRQ_SetPriority:
 104              	.LFB6:
 232:.\Generated_Source\PSoC5/ADC_IRQ.c **** 
 233:.\Generated_Source\PSoC5/ADC_IRQ.c **** 
 234:.\Generated_Source\PSoC5/ADC_IRQ.c **** /*******************************************************************************
 235:.\Generated_Source\PSoC5/ADC_IRQ.c **** * Function Name: ADC_IRQ_SetPriority
 236:.\Generated_Source\PSoC5/ADC_IRQ.c **** ********************************************************************************
 237:.\Generated_Source\PSoC5/ADC_IRQ.c **** *
 238:.\Generated_Source\PSoC5/ADC_IRQ.c **** * Summary:
ARM GAS  C:\Users\HENRYA~1\AppData\Local\Temp\ccy92qaR.s 			page 7


 239:.\Generated_Source\PSoC5/ADC_IRQ.c **** *   Sets the Priority of the Interrupt. 
 240:.\Generated_Source\PSoC5/ADC_IRQ.c **** *
 241:.\Generated_Source\PSoC5/ADC_IRQ.c **** *   Note calling ADC_IRQ_Start or ADC_IRQ_StartEx will 
 242:.\Generated_Source\PSoC5/ADC_IRQ.c **** *   override any effect this API would have had. This API should only be called
 243:.\Generated_Source\PSoC5/ADC_IRQ.c **** *   after ADC_IRQ_Start or ADC_IRQ_StartEx has been called. 
 244:.\Generated_Source\PSoC5/ADC_IRQ.c **** *   To set the initial priority for the component, use the Design-Wide Resources
 245:.\Generated_Source\PSoC5/ADC_IRQ.c **** *   Interrupt Editor.
 246:.\Generated_Source\PSoC5/ADC_IRQ.c **** *
 247:.\Generated_Source\PSoC5/ADC_IRQ.c **** *   Note This API has no effect on Non-maskable interrupt NMI).
 248:.\Generated_Source\PSoC5/ADC_IRQ.c **** *
 249:.\Generated_Source\PSoC5/ADC_IRQ.c **** * Parameters:
 250:.\Generated_Source\PSoC5/ADC_IRQ.c **** *   priority: Priority of the interrupt, 0 being the highest priority
 251:.\Generated_Source\PSoC5/ADC_IRQ.c **** *             PSoC 3 and PSoC 5LP: Priority is from 0 to 7.
 252:.\Generated_Source\PSoC5/ADC_IRQ.c **** *             PSoC 4: Priority is from 0 to 3.
 253:.\Generated_Source\PSoC5/ADC_IRQ.c **** *
 254:.\Generated_Source\PSoC5/ADC_IRQ.c **** * Return:
 255:.\Generated_Source\PSoC5/ADC_IRQ.c **** *   None
 256:.\Generated_Source\PSoC5/ADC_IRQ.c **** *
 257:.\Generated_Source\PSoC5/ADC_IRQ.c **** *******************************************************************************/
 258:.\Generated_Source\PSoC5/ADC_IRQ.c **** void ADC_IRQ_SetPriority(uint8 priority)
 259:.\Generated_Source\PSoC5/ADC_IRQ.c **** {
 105              		.loc 1 259 0
 106              		.cfi_startproc
 107              		@ args = 0, pretend = 0, frame = 0
 108              		@ frame_needed = 0, uses_anonymous_args = 0
 109              		@ link register save eliminated.
 110              	.LVL4:
 260:.\Generated_Source\PSoC5/ADC_IRQ.c ****     *ADC_IRQ_INTC_PRIOR = priority << 5;
 111              		.loc 1 260 0
 112 0000 4001     		lsls	r0, r0, #5
 113              	.LVL5:
 114 0002 C0B2     		uxtb	r0, r0
 115 0004 014B     		ldr	r3, .L10
 116 0006 1870     		strb	r0, [r3]
 117 0008 7047     		bx	lr
 118              	.L11:
 119 000a 00BF     		.align	2
 120              	.L10:
 121 000c 1DE400E0 		.word	-536812515
 122              		.cfi_endproc
 123              	.LFE6:
 124              		.size	ADC_IRQ_SetPriority, .-ADC_IRQ_SetPriority
 125              		.section	.text.ADC_IRQ_GetPriority,"ax",%progbits
 126              		.align	2
 127              		.global	ADC_IRQ_GetPriority
 128              		.thumb
 129              		.thumb_func
 130              		.type	ADC_IRQ_GetPriority, %function
 131              	ADC_IRQ_GetPriority:
 132              	.LFB7:
 261:.\Generated_Source\PSoC5/ADC_IRQ.c **** }
 262:.\Generated_Source\PSoC5/ADC_IRQ.c **** 
 263:.\Generated_Source\PSoC5/ADC_IRQ.c **** 
 264:.\Generated_Source\PSoC5/ADC_IRQ.c **** /*******************************************************************************
 265:.\Generated_Source\PSoC5/ADC_IRQ.c **** * Function Name: ADC_IRQ_GetPriority
 266:.\Generated_Source\PSoC5/ADC_IRQ.c **** ********************************************************************************
 267:.\Generated_Source\PSoC5/ADC_IRQ.c **** *
ARM GAS  C:\Users\HENRYA~1\AppData\Local\Temp\ccy92qaR.s 			page 8


 268:.\Generated_Source\PSoC5/ADC_IRQ.c **** * Summary:
 269:.\Generated_Source\PSoC5/ADC_IRQ.c **** *   Gets the Priority of the Interrupt.
 270:.\Generated_Source\PSoC5/ADC_IRQ.c **** *
 271:.\Generated_Source\PSoC5/ADC_IRQ.c **** * Parameters:
 272:.\Generated_Source\PSoC5/ADC_IRQ.c **** *   None
 273:.\Generated_Source\PSoC5/ADC_IRQ.c **** *
 274:.\Generated_Source\PSoC5/ADC_IRQ.c **** * Return:
 275:.\Generated_Source\PSoC5/ADC_IRQ.c **** *   Priority of the interrupt, 0 being the highest priority
 276:.\Generated_Source\PSoC5/ADC_IRQ.c **** *    PSoC 3 and PSoC 5LP: Priority is from 0 to 7.
 277:.\Generated_Source\PSoC5/ADC_IRQ.c **** *    PSoC 4: Priority is from 0 to 3.
 278:.\Generated_Source\PSoC5/ADC_IRQ.c **** *
 279:.\Generated_Source\PSoC5/ADC_IRQ.c **** *******************************************************************************/
 280:.\Generated_Source\PSoC5/ADC_IRQ.c **** uint8 ADC_IRQ_GetPriority(void)
 281:.\Generated_Source\PSoC5/ADC_IRQ.c **** {
 133              		.loc 1 281 0
 134              		.cfi_startproc
 135              		@ args = 0, pretend = 0, frame = 0
 136              		@ frame_needed = 0, uses_anonymous_args = 0
 137              		@ link register save eliminated.
 282:.\Generated_Source\PSoC5/ADC_IRQ.c ****     uint8 priority;
 283:.\Generated_Source\PSoC5/ADC_IRQ.c **** 
 284:.\Generated_Source\PSoC5/ADC_IRQ.c **** 
 285:.\Generated_Source\PSoC5/ADC_IRQ.c ****     priority = *ADC_IRQ_INTC_PRIOR >> 5;
 138              		.loc 1 285 0
 139 0000 014B     		ldr	r3, .L13
 140 0002 1878     		ldrb	r0, [r3]	@ zero_extendqisi2
 141              	.LVL6:
 286:.\Generated_Source\PSoC5/ADC_IRQ.c **** 
 287:.\Generated_Source\PSoC5/ADC_IRQ.c ****     return priority;
 288:.\Generated_Source\PSoC5/ADC_IRQ.c **** }
 142              		.loc 1 288 0
 143 0004 4009     		lsrs	r0, r0, #5
 144              	.LVL7:
 145 0006 7047     		bx	lr
 146              	.L14:
 147              		.align	2
 148              	.L13:
 149 0008 1DE400E0 		.word	-536812515
 150              		.cfi_endproc
 151              	.LFE7:
 152              		.size	ADC_IRQ_GetPriority, .-ADC_IRQ_GetPriority
 153              		.section	.text.ADC_IRQ_Enable,"ax",%progbits
 154              		.align	2
 155              		.global	ADC_IRQ_Enable
 156              		.thumb
 157              		.thumb_func
 158              		.type	ADC_IRQ_Enable, %function
 159              	ADC_IRQ_Enable:
 160              	.LFB8:
 289:.\Generated_Source\PSoC5/ADC_IRQ.c **** 
 290:.\Generated_Source\PSoC5/ADC_IRQ.c **** 
 291:.\Generated_Source\PSoC5/ADC_IRQ.c **** /*******************************************************************************
 292:.\Generated_Source\PSoC5/ADC_IRQ.c **** * Function Name: ADC_IRQ_Enable
 293:.\Generated_Source\PSoC5/ADC_IRQ.c **** ********************************************************************************
 294:.\Generated_Source\PSoC5/ADC_IRQ.c **** *
 295:.\Generated_Source\PSoC5/ADC_IRQ.c **** * Summary:
 296:.\Generated_Source\PSoC5/ADC_IRQ.c **** *   Enables the interrupt to the interrupt controller. Do not call this function
ARM GAS  C:\Users\HENRYA~1\AppData\Local\Temp\ccy92qaR.s 			page 9


 297:.\Generated_Source\PSoC5/ADC_IRQ.c **** *   unless ISR_Start() has been called or the functionality of the ISR_Start() 
 298:.\Generated_Source\PSoC5/ADC_IRQ.c **** *   function, which sets the vector and the priority, has been called.
 299:.\Generated_Source\PSoC5/ADC_IRQ.c **** *
 300:.\Generated_Source\PSoC5/ADC_IRQ.c **** * Parameters:
 301:.\Generated_Source\PSoC5/ADC_IRQ.c **** *   None
 302:.\Generated_Source\PSoC5/ADC_IRQ.c **** *
 303:.\Generated_Source\PSoC5/ADC_IRQ.c **** * Return:
 304:.\Generated_Source\PSoC5/ADC_IRQ.c **** *   None
 305:.\Generated_Source\PSoC5/ADC_IRQ.c **** *
 306:.\Generated_Source\PSoC5/ADC_IRQ.c **** *******************************************************************************/
 307:.\Generated_Source\PSoC5/ADC_IRQ.c **** void ADC_IRQ_Enable(void)
 308:.\Generated_Source\PSoC5/ADC_IRQ.c **** {
 161              		.loc 1 308 0
 162              		.cfi_startproc
 163              		@ args = 0, pretend = 0, frame = 0
 164              		@ frame_needed = 0, uses_anonymous_args = 0
 165              		@ link register save eliminated.
 309:.\Generated_Source\PSoC5/ADC_IRQ.c ****     /* Enable the general interrupt. */
 310:.\Generated_Source\PSoC5/ADC_IRQ.c ****     *ADC_IRQ_INTC_SET_EN = ADC_IRQ__INTC_MASK;
 166              		.loc 1 310 0
 167 0000 4FF00052 		mov	r2, #536870912
 168 0004 014B     		ldr	r3, .L16
 169 0006 1A60     		str	r2, [r3]
 170 0008 7047     		bx	lr
 171              	.L17:
 172 000a 00BF     		.align	2
 173              	.L16:
 174 000c 00E100E0 		.word	-536813312
 175              		.cfi_endproc
 176              	.LFE8:
 177              		.size	ADC_IRQ_Enable, .-ADC_IRQ_Enable
 178              		.section	.text.ADC_IRQ_GetState,"ax",%progbits
 179              		.align	2
 180              		.global	ADC_IRQ_GetState
 181              		.thumb
 182              		.thumb_func
 183              		.type	ADC_IRQ_GetState, %function
 184              	ADC_IRQ_GetState:
 185              	.LFB9:
 311:.\Generated_Source\PSoC5/ADC_IRQ.c **** }
 312:.\Generated_Source\PSoC5/ADC_IRQ.c **** 
 313:.\Generated_Source\PSoC5/ADC_IRQ.c **** 
 314:.\Generated_Source\PSoC5/ADC_IRQ.c **** /*******************************************************************************
 315:.\Generated_Source\PSoC5/ADC_IRQ.c **** * Function Name: ADC_IRQ_GetState
 316:.\Generated_Source\PSoC5/ADC_IRQ.c **** ********************************************************************************
 317:.\Generated_Source\PSoC5/ADC_IRQ.c **** *
 318:.\Generated_Source\PSoC5/ADC_IRQ.c **** * Summary:
 319:.\Generated_Source\PSoC5/ADC_IRQ.c **** *   Gets the state (enabled, disabled) of the Interrupt.
 320:.\Generated_Source\PSoC5/ADC_IRQ.c **** *
 321:.\Generated_Source\PSoC5/ADC_IRQ.c **** * Parameters:
 322:.\Generated_Source\PSoC5/ADC_IRQ.c **** *   None
 323:.\Generated_Source\PSoC5/ADC_IRQ.c **** *
 324:.\Generated_Source\PSoC5/ADC_IRQ.c **** * Return:
 325:.\Generated_Source\PSoC5/ADC_IRQ.c **** *   1 if enabled, 0 if disabled.
 326:.\Generated_Source\PSoC5/ADC_IRQ.c **** *
 327:.\Generated_Source\PSoC5/ADC_IRQ.c **** *******************************************************************************/
 328:.\Generated_Source\PSoC5/ADC_IRQ.c **** uint8 ADC_IRQ_GetState(void)
ARM GAS  C:\Users\HENRYA~1\AppData\Local\Temp\ccy92qaR.s 			page 10


 329:.\Generated_Source\PSoC5/ADC_IRQ.c **** {
 186              		.loc 1 329 0
 187              		.cfi_startproc
 188              		@ args = 0, pretend = 0, frame = 0
 189              		@ frame_needed = 0, uses_anonymous_args = 0
 190              		@ link register save eliminated.
 330:.\Generated_Source\PSoC5/ADC_IRQ.c ****     /* Get the state of the general interrupt. */
 331:.\Generated_Source\PSoC5/ADC_IRQ.c ****     return ((*ADC_IRQ_INTC_SET_EN & (uint32)ADC_IRQ__INTC_MASK) != 0u) ? 1u:0u;
 191              		.loc 1 331 0
 192 0000 044B     		ldr	r3, .L21
 193 0002 1B68     		ldr	r3, [r3]
 194 0004 13F0005F 		tst	r3, #536870912
 195 0008 01D0     		beq	.L20
 196 000a 0120     		movs	r0, #1
 197 000c 7047     		bx	lr
 198              	.L20:
 199 000e 0020     		movs	r0, #0
 332:.\Generated_Source\PSoC5/ADC_IRQ.c **** }
 200              		.loc 1 332 0
 201 0010 7047     		bx	lr
 202              	.L22:
 203 0012 00BF     		.align	2
 204              	.L21:
 205 0014 00E100E0 		.word	-536813312
 206              		.cfi_endproc
 207              	.LFE9:
 208              		.size	ADC_IRQ_GetState, .-ADC_IRQ_GetState
 209              		.section	.text.ADC_IRQ_Disable,"ax",%progbits
 210              		.align	2
 211              		.global	ADC_IRQ_Disable
 212              		.thumb
 213              		.thumb_func
 214              		.type	ADC_IRQ_Disable, %function
 215              	ADC_IRQ_Disable:
 216              	.LFB10:
 333:.\Generated_Source\PSoC5/ADC_IRQ.c **** 
 334:.\Generated_Source\PSoC5/ADC_IRQ.c **** 
 335:.\Generated_Source\PSoC5/ADC_IRQ.c **** /*******************************************************************************
 336:.\Generated_Source\PSoC5/ADC_IRQ.c **** * Function Name: ADC_IRQ_Disable
 337:.\Generated_Source\PSoC5/ADC_IRQ.c **** ********************************************************************************
 338:.\Generated_Source\PSoC5/ADC_IRQ.c **** *
 339:.\Generated_Source\PSoC5/ADC_IRQ.c **** * Summary:
 340:.\Generated_Source\PSoC5/ADC_IRQ.c **** *   Disables the Interrupt in the interrupt controller.
 341:.\Generated_Source\PSoC5/ADC_IRQ.c **** *
 342:.\Generated_Source\PSoC5/ADC_IRQ.c **** * Parameters:
 343:.\Generated_Source\PSoC5/ADC_IRQ.c **** *   None
 344:.\Generated_Source\PSoC5/ADC_IRQ.c **** *
 345:.\Generated_Source\PSoC5/ADC_IRQ.c **** * Return:
 346:.\Generated_Source\PSoC5/ADC_IRQ.c **** *   None
 347:.\Generated_Source\PSoC5/ADC_IRQ.c **** *
 348:.\Generated_Source\PSoC5/ADC_IRQ.c **** *******************************************************************************/
 349:.\Generated_Source\PSoC5/ADC_IRQ.c **** void ADC_IRQ_Disable(void)
 350:.\Generated_Source\PSoC5/ADC_IRQ.c **** {
 217              		.loc 1 350 0
 218              		.cfi_startproc
 219              		@ args = 0, pretend = 0, frame = 0
 220              		@ frame_needed = 0, uses_anonymous_args = 0
ARM GAS  C:\Users\HENRYA~1\AppData\Local\Temp\ccy92qaR.s 			page 11


 221              		@ link register save eliminated.
 351:.\Generated_Source\PSoC5/ADC_IRQ.c ****     /* Disable the general interrupt. */
 352:.\Generated_Source\PSoC5/ADC_IRQ.c ****     *ADC_IRQ_INTC_CLR_EN = ADC_IRQ__INTC_MASK;
 222              		.loc 1 352 0
 223 0000 4FF00052 		mov	r2, #536870912
 224 0004 014B     		ldr	r3, .L24
 225 0006 1A60     		str	r2, [r3]
 226 0008 7047     		bx	lr
 227              	.L25:
 228 000a 00BF     		.align	2
 229              	.L24:
 230 000c 80E100E0 		.word	-536813184
 231              		.cfi_endproc
 232              	.LFE10:
 233              		.size	ADC_IRQ_Disable, .-ADC_IRQ_Disable
 234              		.section	.text.ADC_IRQ_Start,"ax",%progbits
 235              		.align	2
 236              		.global	ADC_IRQ_Start
 237              		.thumb
 238              		.thumb_func
 239              		.type	ADC_IRQ_Start, %function
 240              	ADC_IRQ_Start:
 241              	.LFB0:
  62:.\Generated_Source\PSoC5/ADC_IRQ.c ****     /* For all we know the interrupt is active. */
 242              		.loc 1 62 0
 243              		.cfi_startproc
 244              		@ args = 0, pretend = 0, frame = 0
 245              		@ frame_needed = 0, uses_anonymous_args = 0
 246 0000 08B5     		push	{r3, lr}
 247              		.cfi_def_cfa_offset 8
 248              		.cfi_offset 3, -8
 249              		.cfi_offset 14, -4
  64:.\Generated_Source\PSoC5/ADC_IRQ.c **** 
 250              		.loc 1 64 0
 251 0002 FFF7FEFF 		bl	ADC_IRQ_Disable
 252              	.LVL8:
  67:.\Generated_Source\PSoC5/ADC_IRQ.c **** 
 253              		.loc 1 67 0
 254 0006 0448     		ldr	r0, .L28
 255 0008 FFF7FEFF 		bl	ADC_IRQ_SetVector
 256              	.LVL9:
  70:.\Generated_Source\PSoC5/ADC_IRQ.c **** 
 257              		.loc 1 70 0
 258 000c 0720     		movs	r0, #7
 259 000e FFF7FEFF 		bl	ADC_IRQ_SetPriority
 260              	.LVL10:
  73:.\Generated_Source\PSoC5/ADC_IRQ.c **** }
 261              		.loc 1 73 0
 262 0012 FFF7FEFF 		bl	ADC_IRQ_Enable
 263              	.LVL11:
 264 0016 08BD     		pop	{r3, pc}
 265              	.L29:
 266              		.align	2
 267              	.L28:
 268 0018 00000000 		.word	ADC_IRQ_Interrupt
 269              		.cfi_endproc
 270              	.LFE0:
ARM GAS  C:\Users\HENRYA~1\AppData\Local\Temp\ccy92qaR.s 			page 12


 271              		.size	ADC_IRQ_Start, .-ADC_IRQ_Start
 272              		.section	.text.ADC_IRQ_StartEx,"ax",%progbits
 273              		.align	2
 274              		.global	ADC_IRQ_StartEx
 275              		.thumb
 276              		.thumb_func
 277              		.type	ADC_IRQ_StartEx, %function
 278              	ADC_IRQ_StartEx:
 279              	.LFB1:
 105:.\Generated_Source\PSoC5/ADC_IRQ.c ****     /* For all we know the interrupt is active. */
 280              		.loc 1 105 0
 281              		.cfi_startproc
 282              		@ args = 0, pretend = 0, frame = 0
 283              		@ frame_needed = 0, uses_anonymous_args = 0
 284              	.LVL12:
 285 0000 10B5     		push	{r4, lr}
 286              		.cfi_def_cfa_offset 8
 287              		.cfi_offset 4, -8
 288              		.cfi_offset 14, -4
 289 0002 0446     		mov	r4, r0
 107:.\Generated_Source\PSoC5/ADC_IRQ.c **** 
 290              		.loc 1 107 0
 291 0004 FFF7FEFF 		bl	ADC_IRQ_Disable
 292              	.LVL13:
 110:.\Generated_Source\PSoC5/ADC_IRQ.c **** 
 293              		.loc 1 110 0
 294 0008 2046     		mov	r0, r4
 295 000a FFF7FEFF 		bl	ADC_IRQ_SetVector
 296              	.LVL14:
 113:.\Generated_Source\PSoC5/ADC_IRQ.c **** 
 297              		.loc 1 113 0
 298 000e 0720     		movs	r0, #7
 299 0010 FFF7FEFF 		bl	ADC_IRQ_SetPriority
 300              	.LVL15:
 116:.\Generated_Source\PSoC5/ADC_IRQ.c **** }
 301              		.loc 1 116 0
 302 0014 FFF7FEFF 		bl	ADC_IRQ_Enable
 303              	.LVL16:
 304 0018 10BD     		pop	{r4, pc}
 305              		.cfi_endproc
 306              	.LFE1:
 307              		.size	ADC_IRQ_StartEx, .-ADC_IRQ_StartEx
 308 001a 00BF     		.section	.text.ADC_IRQ_Stop,"ax",%progbits
 309              		.align	2
 310              		.global	ADC_IRQ_Stop
 311              		.thumb
 312              		.thumb_func
 313              		.type	ADC_IRQ_Stop, %function
 314              	ADC_IRQ_Stop:
 315              	.LFB2:
 135:.\Generated_Source\PSoC5/ADC_IRQ.c ****     /* Disable this interrupt. */
 316              		.loc 1 135 0
 317              		.cfi_startproc
 318              		@ args = 0, pretend = 0, frame = 0
 319              		@ frame_needed = 0, uses_anonymous_args = 0
 320 0000 08B5     		push	{r3, lr}
 321              		.cfi_def_cfa_offset 8
ARM GAS  C:\Users\HENRYA~1\AppData\Local\Temp\ccy92qaR.s 			page 13


 322              		.cfi_offset 3, -8
 323              		.cfi_offset 14, -4
 137:.\Generated_Source\PSoC5/ADC_IRQ.c **** 
 324              		.loc 1 137 0
 325 0002 FFF7FEFF 		bl	ADC_IRQ_Disable
 326              	.LVL17:
 140:.\Generated_Source\PSoC5/ADC_IRQ.c **** }
 327              		.loc 1 140 0
 328 0006 0248     		ldr	r0, .L34
 329 0008 FFF7FEFF 		bl	ADC_IRQ_SetVector
 330              	.LVL18:
 331 000c 08BD     		pop	{r3, pc}
 332              	.L35:
 333 000e 00BF     		.align	2
 334              	.L34:
 335 0010 00000000 		.word	IntDefaultHandler
 336              		.cfi_endproc
 337              	.LFE2:
 338              		.size	ADC_IRQ_Stop, .-ADC_IRQ_Stop
 339              		.section	.text.ADC_IRQ_SetPending,"ax",%progbits
 340              		.align	2
 341              		.global	ADC_IRQ_SetPending
 342              		.thumb
 343              		.thumb_func
 344              		.type	ADC_IRQ_SetPending, %function
 345              	ADC_IRQ_SetPending:
 346              	.LFB11:
 353:.\Generated_Source\PSoC5/ADC_IRQ.c **** }
 354:.\Generated_Source\PSoC5/ADC_IRQ.c **** 
 355:.\Generated_Source\PSoC5/ADC_IRQ.c **** 
 356:.\Generated_Source\PSoC5/ADC_IRQ.c **** /*******************************************************************************
 357:.\Generated_Source\PSoC5/ADC_IRQ.c **** * Function Name: ADC_IRQ_SetPending
 358:.\Generated_Source\PSoC5/ADC_IRQ.c **** ********************************************************************************
 359:.\Generated_Source\PSoC5/ADC_IRQ.c **** *
 360:.\Generated_Source\PSoC5/ADC_IRQ.c **** * Summary:
 361:.\Generated_Source\PSoC5/ADC_IRQ.c **** *   Causes the Interrupt to enter the pending state, a software method of
 362:.\Generated_Source\PSoC5/ADC_IRQ.c **** *   generating the interrupt.
 363:.\Generated_Source\PSoC5/ADC_IRQ.c **** *
 364:.\Generated_Source\PSoC5/ADC_IRQ.c **** * Parameters:
 365:.\Generated_Source\PSoC5/ADC_IRQ.c **** *   None
 366:.\Generated_Source\PSoC5/ADC_IRQ.c **** *
 367:.\Generated_Source\PSoC5/ADC_IRQ.c **** * Return:
 368:.\Generated_Source\PSoC5/ADC_IRQ.c **** *   None
 369:.\Generated_Source\PSoC5/ADC_IRQ.c **** *
 370:.\Generated_Source\PSoC5/ADC_IRQ.c **** * Side Effects:
 371:.\Generated_Source\PSoC5/ADC_IRQ.c **** *   If interrupts are enabled and the interrupt is set up properly, the ISR is
 372:.\Generated_Source\PSoC5/ADC_IRQ.c **** *   entered (depending on the priority of this interrupt and other pending 
 373:.\Generated_Source\PSoC5/ADC_IRQ.c **** *   interrupts).
 374:.\Generated_Source\PSoC5/ADC_IRQ.c **** *
 375:.\Generated_Source\PSoC5/ADC_IRQ.c **** *******************************************************************************/
 376:.\Generated_Source\PSoC5/ADC_IRQ.c **** void ADC_IRQ_SetPending(void)
 377:.\Generated_Source\PSoC5/ADC_IRQ.c **** {
 347              		.loc 1 377 0
 348              		.cfi_startproc
 349              		@ args = 0, pretend = 0, frame = 0
 350              		@ frame_needed = 0, uses_anonymous_args = 0
 351              		@ link register save eliminated.
ARM GAS  C:\Users\HENRYA~1\AppData\Local\Temp\ccy92qaR.s 			page 14


 378:.\Generated_Source\PSoC5/ADC_IRQ.c ****     *ADC_IRQ_INTC_SET_PD = ADC_IRQ__INTC_MASK;
 352              		.loc 1 378 0
 353 0000 4FF00052 		mov	r2, #536870912
 354 0004 014B     		ldr	r3, .L37
 355 0006 1A60     		str	r2, [r3]
 356 0008 7047     		bx	lr
 357              	.L38:
 358 000a 00BF     		.align	2
 359              	.L37:
 360 000c 00E200E0 		.word	-536813056
 361              		.cfi_endproc
 362              	.LFE11:
 363              		.size	ADC_IRQ_SetPending, .-ADC_IRQ_SetPending
 364              		.section	.text.ADC_IRQ_ClearPending,"ax",%progbits
 365              		.align	2
 366              		.global	ADC_IRQ_ClearPending
 367              		.thumb
 368              		.thumb_func
 369              		.type	ADC_IRQ_ClearPending, %function
 370              	ADC_IRQ_ClearPending:
 371              	.LFB12:
 379:.\Generated_Source\PSoC5/ADC_IRQ.c **** }
 380:.\Generated_Source\PSoC5/ADC_IRQ.c **** 
 381:.\Generated_Source\PSoC5/ADC_IRQ.c **** 
 382:.\Generated_Source\PSoC5/ADC_IRQ.c **** /*******************************************************************************
 383:.\Generated_Source\PSoC5/ADC_IRQ.c **** * Function Name: ADC_IRQ_ClearPending
 384:.\Generated_Source\PSoC5/ADC_IRQ.c **** ********************************************************************************
 385:.\Generated_Source\PSoC5/ADC_IRQ.c **** *
 386:.\Generated_Source\PSoC5/ADC_IRQ.c **** * Summary:
 387:.\Generated_Source\PSoC5/ADC_IRQ.c **** *   Clears a pending interrupt in the interrupt controller.
 388:.\Generated_Source\PSoC5/ADC_IRQ.c **** *
 389:.\Generated_Source\PSoC5/ADC_IRQ.c **** *   Note Some interrupt sources are clear-on-read and require the block 
 390:.\Generated_Source\PSoC5/ADC_IRQ.c **** *   interrupt/status register to be read/cleared with the appropriate block API 
 391:.\Generated_Source\PSoC5/ADC_IRQ.c **** *   (GPIO, UART, and so on). Otherwise the ISR will continue to remain in 
 392:.\Generated_Source\PSoC5/ADC_IRQ.c **** *   pending state even though the interrupt itself is cleared using this API.
 393:.\Generated_Source\PSoC5/ADC_IRQ.c **** *
 394:.\Generated_Source\PSoC5/ADC_IRQ.c **** * Parameters:
 395:.\Generated_Source\PSoC5/ADC_IRQ.c **** *   None
 396:.\Generated_Source\PSoC5/ADC_IRQ.c **** *
 397:.\Generated_Source\PSoC5/ADC_IRQ.c **** * Return:
 398:.\Generated_Source\PSoC5/ADC_IRQ.c **** *   None
 399:.\Generated_Source\PSoC5/ADC_IRQ.c **** *
 400:.\Generated_Source\PSoC5/ADC_IRQ.c **** *******************************************************************************/
 401:.\Generated_Source\PSoC5/ADC_IRQ.c **** void ADC_IRQ_ClearPending(void)
 402:.\Generated_Source\PSoC5/ADC_IRQ.c **** {
 372              		.loc 1 402 0
 373              		.cfi_startproc
 374              		@ args = 0, pretend = 0, frame = 0
 375              		@ frame_needed = 0, uses_anonymous_args = 0
 376              		@ link register save eliminated.
 403:.\Generated_Source\PSoC5/ADC_IRQ.c ****     *ADC_IRQ_INTC_CLR_PD = ADC_IRQ__INTC_MASK;
 377              		.loc 1 403 0
 378 0000 4FF00052 		mov	r2, #536870912
 379 0004 014B     		ldr	r3, .L40
 380 0006 1A60     		str	r2, [r3]
 381 0008 7047     		bx	lr
 382              	.L41:
ARM GAS  C:\Users\HENRYA~1\AppData\Local\Temp\ccy92qaR.s 			page 15


 383 000a 00BF     		.align	2
 384              	.L40:
 385 000c 80E200E0 		.word	-536812928
 386              		.cfi_endproc
 387              	.LFE12:
 388              		.size	ADC_IRQ_ClearPending, .-ADC_IRQ_ClearPending
 389              		.text
 390              	.Letext0:
 391              		.file 2 "Generated_Source\\PSoC5/cytypes.h"
 392              		.file 3 "./cyapicallbacks.h"
 393              		.section	.debug_info,"",%progbits
 394              	.Ldebug_info0:
 395 0000 DC020000 		.4byte	0x2dc
 396 0004 0400     		.2byte	0x4
 397 0006 00000000 		.4byte	.Ldebug_abbrev0
 398 000a 04       		.byte	0x4
 399 000b 01       		.uleb128 0x1
 400 000c 34010000 		.4byte	.LASF33
 401 0010 01       		.byte	0x1
 402 0011 F6000000 		.4byte	.LASF34
 403 0015 9A020000 		.4byte	.LASF35
 404 0019 00000000 		.4byte	.Ldebug_ranges0+0
 405 001d 00000000 		.4byte	0
 406 0021 00000000 		.4byte	.Ldebug_line0
 407 0025 02       		.uleb128 0x2
 408 0026 04       		.byte	0x4
 409 0027 05       		.byte	0x5
 410 0028 696E7400 		.ascii	"int\000"
 411 002c 03       		.uleb128 0x3
 412 002d 04       		.byte	0x4
 413 002e 07       		.byte	0x7
 414 002f C2010000 		.4byte	.LASF0
 415 0033 03       		.uleb128 0x3
 416 0034 01       		.byte	0x1
 417 0035 06       		.byte	0x6
 418 0036 6B020000 		.4byte	.LASF1
 419 003a 03       		.uleb128 0x3
 420 003b 01       		.byte	0x1
 421 003c 08       		.byte	0x8
 422 003d 61000000 		.4byte	.LASF2
 423 0041 03       		.uleb128 0x3
 424 0042 02       		.byte	0x2
 425 0043 05       		.byte	0x5
 426 0044 36020000 		.4byte	.LASF3
 427 0048 03       		.uleb128 0x3
 428 0049 02       		.byte	0x2
 429 004a 07       		.byte	0x7
 430 004b 13000000 		.4byte	.LASF4
 431 004f 03       		.uleb128 0x3
 432 0050 04       		.byte	0x4
 433 0051 05       		.byte	0x5
 434 0052 62020000 		.4byte	.LASF5
 435 0056 03       		.uleb128 0x3
 436 0057 04       		.byte	0x4
 437 0058 07       		.byte	0x7
 438 0059 74000000 		.4byte	.LASF6
 439 005d 03       		.uleb128 0x3
ARM GAS  C:\Users\HENRYA~1\AppData\Local\Temp\ccy92qaR.s 			page 16


 440 005e 08       		.byte	0x8
 441 005f 05       		.byte	0x5
 442 0060 14020000 		.4byte	.LASF7
 443 0064 03       		.uleb128 0x3
 444 0065 08       		.byte	0x8
 445 0066 07       		.byte	0x7
 446 0067 D7010000 		.4byte	.LASF8
 447 006b 03       		.uleb128 0x3
 448 006c 04       		.byte	0x4
 449 006d 07       		.byte	0x7
 450 006e 0B020000 		.4byte	.LASF9
 451 0072 04       		.uleb128 0x4
 452 0073 04       		.byte	0x4
 453 0074 78000000 		.4byte	0x78
 454 0078 05       		.uleb128 0x5
 455 0079 03       		.uleb128 0x3
 456 007a 01       		.byte	0x1
 457 007b 08       		.byte	0x8
 458 007c 22020000 		.4byte	.LASF10
 459 0080 06       		.uleb128 0x6
 460 0081 86000000 		.4byte	.LASF11
 461 0085 02       		.byte	0x2
 462 0086 9201     		.2byte	0x192
 463 0088 3A000000 		.4byte	0x3a
 464 008c 06       		.uleb128 0x6
 465 008d 2D010000 		.4byte	.LASF12
 466 0091 02       		.byte	0x2
 467 0092 9401     		.2byte	0x194
 468 0094 56000000 		.4byte	0x56
 469 0098 03       		.uleb128 0x3
 470 0099 04       		.byte	0x4
 471 009a 04       		.byte	0x4
 472 009b 5B000000 		.4byte	.LASF13
 473 009f 03       		.uleb128 0x3
 474 00a0 08       		.byte	0x8
 475 00a1 04       		.byte	0x4
 476 00a2 BD000000 		.4byte	.LASF14
 477 00a6 06       		.uleb128 0x6
 478 00a7 6F000000 		.4byte	.LASF15
 479 00ab 02       		.byte	0x2
 480 00ac 3C02     		.2byte	0x23c
 481 00ae B2000000 		.4byte	0xb2
 482 00b2 07       		.uleb128 0x7
 483 00b3 80000000 		.4byte	0x80
 484 00b7 06       		.uleb128 0x6
 485 00b8 00000000 		.4byte	.LASF16
 486 00bc 02       		.byte	0x2
 487 00bd 3E02     		.2byte	0x23e
 488 00bf C3000000 		.4byte	0xc3
 489 00c3 07       		.uleb128 0x7
 490 00c4 8C000000 		.4byte	0x8c
 491 00c8 06       		.uleb128 0x6
 492 00c9 EE010000 		.4byte	.LASF17
 493 00cd 02       		.byte	0x2
 494 00ce 4E02     		.2byte	0x24e
 495 00d0 72000000 		.4byte	0x72
 496 00d4 08       		.uleb128 0x8
ARM GAS  C:\Users\HENRYA~1\AppData\Local\Temp\ccy92qaR.s 			page 17


 497 00d5 49000000 		.4byte	.LASF18
 498 00d9 01       		.byte	0x1
 499 00da A0       		.byte	0xa0
 500 00db 00000000 		.4byte	.LFB3
 501 00df 08000000 		.4byte	.LFE3-.LFB3
 502 00e3 01       		.uleb128 0x1
 503 00e4 9C       		.byte	0x9c
 504 00e5 F3000000 		.4byte	0xf3
 505 00e9 09       		.uleb128 0x9
 506 00ea 06000000 		.4byte	.LVL0
 507 00ee D8020000 		.4byte	0x2d8
 508 00f2 00       		.byte	0
 509 00f3 08       		.uleb128 0x8
 510 00f4 50020000 		.4byte	.LASF19
 511 00f8 01       		.byte	0x1
 512 00f9 C8       		.byte	0xc8
 513 00fa 00000000 		.4byte	.LFB4
 514 00fe 10000000 		.4byte	.LFE4-.LFB4
 515 0102 01       		.uleb128 0x1
 516 0103 9C       		.byte	0x9c
 517 0104 23010000 		.4byte	0x123
 518 0108 0A       		.uleb128 0xa
 519 0109 CF010000 		.4byte	.LASF22
 520 010d 01       		.byte	0x1
 521 010e C8       		.byte	0xc8
 522 010f C8000000 		.4byte	0xc8
 523 0113 01       		.uleb128 0x1
 524 0114 50       		.byte	0x50
 525 0115 0B       		.uleb128 0xb
 526 0116 27020000 		.4byte	.LASF20
 527 011a 01       		.byte	0x1
 528 011b CA       		.byte	0xca
 529 011c 23010000 		.4byte	0x123
 530 0120 01       		.uleb128 0x1
 531 0121 53       		.byte	0x53
 532 0122 00       		.byte	0
 533 0123 04       		.uleb128 0x4
 534 0124 04       		.byte	0x4
 535 0125 C8000000 		.4byte	0xc8
 536 0129 0C       		.uleb128 0xc
 537 012a 37000000 		.4byte	.LASF24
 538 012e 01       		.byte	0x1
 539 012f E0       		.byte	0xe0
 540 0130 C8000000 		.4byte	0xc8
 541 0134 00000000 		.4byte	.LFB5
 542 0138 10000000 		.4byte	.LFE5-.LFB5
 543 013c 01       		.uleb128 0x1
 544 013d 9C       		.byte	0x9c
 545 013e 50010000 		.4byte	0x150
 546 0142 0B       		.uleb128 0xb
 547 0143 27020000 		.4byte	.LASF20
 548 0147 01       		.byte	0x1
 549 0148 E2       		.byte	0xe2
 550 0149 23010000 		.4byte	0x123
 551 014d 01       		.uleb128 0x1
 552 014e 53       		.byte	0x53
 553 014f 00       		.byte	0
ARM GAS  C:\Users\HENRYA~1\AppData\Local\Temp\ccy92qaR.s 			page 18


 554 0150 0D       		.uleb128 0xd
 555 0151 77020000 		.4byte	.LASF21
 556 0155 01       		.byte	0x1
 557 0156 0201     		.2byte	0x102
 558 0158 00000000 		.4byte	.LFB6
 559 015c 10000000 		.4byte	.LFE6-.LFB6
 560 0160 01       		.uleb128 0x1
 561 0161 9C       		.byte	0x9c
 562 0162 77010000 		.4byte	0x177
 563 0166 0E       		.uleb128 0xe
 564 0167 8C000000 		.4byte	.LASF23
 565 016b 01       		.byte	0x1
 566 016c 0201     		.2byte	0x102
 567 016e 80000000 		.4byte	0x80
 568 0172 00000000 		.4byte	.LLST0
 569 0176 00       		.byte	0
 570 0177 0F       		.uleb128 0xf
 571 0178 19010000 		.4byte	.LASF25
 572 017c 01       		.byte	0x1
 573 017d 1801     		.2byte	0x118
 574 017f 80000000 		.4byte	0x80
 575 0183 00000000 		.4byte	.LFB7
 576 0187 0C000000 		.4byte	.LFE7-.LFB7
 577 018b 01       		.uleb128 0x1
 578 018c 9C       		.byte	0x9c
 579 018d A2010000 		.4byte	0x1a2
 580 0191 10       		.uleb128 0x10
 581 0192 8C000000 		.4byte	.LASF23
 582 0196 01       		.byte	0x1
 583 0197 1A01     		.2byte	0x11a
 584 0199 80000000 		.4byte	0x80
 585 019d 21000000 		.4byte	.LLST1
 586 01a1 00       		.byte	0
 587 01a2 11       		.uleb128 0x11
 588 01a3 8B020000 		.4byte	.LASF26
 589 01a7 01       		.byte	0x1
 590 01a8 3301     		.2byte	0x133
 591 01aa 00000000 		.4byte	.LFB8
 592 01ae 10000000 		.4byte	.LFE8-.LFB8
 593 01b2 01       		.uleb128 0x1
 594 01b3 9C       		.byte	0x9c
 595 01b4 12       		.uleb128 0x12
 596 01b5 26000000 		.4byte	.LASF36
 597 01b9 01       		.byte	0x1
 598 01ba 4801     		.2byte	0x148
 599 01bc 80000000 		.4byte	0x80
 600 01c0 00000000 		.4byte	.LFB9
 601 01c4 18000000 		.4byte	.LFE9-.LFB9
 602 01c8 01       		.uleb128 0x1
 603 01c9 9C       		.byte	0x9c
 604 01ca 11       		.uleb128 0x11
 605 01cb 40020000 		.4byte	.LASF27
 606 01cf 01       		.byte	0x1
 607 01d0 5D01     		.2byte	0x15d
 608 01d2 00000000 		.4byte	.LFB10
 609 01d6 10000000 		.4byte	.LFE10-.LFB10
 610 01da 01       		.uleb128 0x1
ARM GAS  C:\Users\HENRYA~1\AppData\Local\Temp\ccy92qaR.s 			page 19


 611 01db 9C       		.byte	0x9c
 612 01dc 08       		.uleb128 0x8
 613 01dd C4000000 		.4byte	.LASF28
 614 01e1 01       		.byte	0x1
 615 01e2 3D       		.byte	0x3d
 616 01e3 00000000 		.4byte	.LFB0
 617 01e7 1C000000 		.4byte	.LFE0-.LFB0
 618 01eb 01       		.uleb128 0x1
 619 01ec 9C       		.byte	0x9c
 620 01ed 2E020000 		.4byte	0x22e
 621 01f1 09       		.uleb128 0x9
 622 01f2 06000000 		.4byte	.LVL8
 623 01f6 CA010000 		.4byte	0x1ca
 624 01fa 13       		.uleb128 0x13
 625 01fb 0C000000 		.4byte	.LVL9
 626 01ff F3000000 		.4byte	0xf3
 627 0203 11020000 		.4byte	0x211
 628 0207 14       		.uleb128 0x14
 629 0208 01       		.uleb128 0x1
 630 0209 50       		.byte	0x50
 631 020a 05       		.uleb128 0x5
 632 020b 03       		.byte	0x3
 633 020c 00000000 		.4byte	ADC_IRQ_Interrupt
 634 0210 00       		.byte	0
 635 0211 13       		.uleb128 0x13
 636 0212 12000000 		.4byte	.LVL10
 637 0216 50010000 		.4byte	0x150
 638 021a 24020000 		.4byte	0x224
 639 021e 14       		.uleb128 0x14
 640 021f 01       		.uleb128 0x1
 641 0220 50       		.byte	0x50
 642 0221 01       		.uleb128 0x1
 643 0222 37       		.byte	0x37
 644 0223 00       		.byte	0
 645 0224 09       		.uleb128 0x9
 646 0225 16000000 		.4byte	.LVL11
 647 0229 A2010000 		.4byte	0x1a2
 648 022d 00       		.byte	0
 649 022e 08       		.uleb128 0x8
 650 022f FB010000 		.4byte	.LASF29
 651 0233 01       		.byte	0x1
 652 0234 68       		.byte	0x68
 653 0235 00000000 		.4byte	.LFB1
 654 0239 1A000000 		.4byte	.LFE1-.LFB1
 655 023d 01       		.uleb128 0x1
 656 023e 9C       		.byte	0x9c
 657 023f 8C020000 		.4byte	0x28c
 658 0243 15       		.uleb128 0x15
 659 0244 CF010000 		.4byte	.LASF22
 660 0248 01       		.byte	0x1
 661 0249 68       		.byte	0x68
 662 024a C8000000 		.4byte	0xc8
 663 024e 38000000 		.4byte	.LLST2
 664 0252 09       		.uleb128 0x9
 665 0253 08000000 		.4byte	.LVL13
 666 0257 CA010000 		.4byte	0x1ca
 667 025b 13       		.uleb128 0x13
ARM GAS  C:\Users\HENRYA~1\AppData\Local\Temp\ccy92qaR.s 			page 20


 668 025c 0E000000 		.4byte	.LVL14
 669 0260 F3000000 		.4byte	0xf3
 670 0264 6F020000 		.4byte	0x26f
 671 0268 14       		.uleb128 0x14
 672 0269 01       		.uleb128 0x1
 673 026a 50       		.byte	0x50
 674 026b 02       		.uleb128 0x2
 675 026c 74       		.byte	0x74
 676 026d 00       		.sleb128 0
 677 026e 00       		.byte	0
 678 026f 13       		.uleb128 0x13
 679 0270 14000000 		.4byte	.LVL15
 680 0274 50010000 		.4byte	0x150
 681 0278 82020000 		.4byte	0x282
 682 027c 14       		.uleb128 0x14
 683 027d 01       		.uleb128 0x1
 684 027e 50       		.byte	0x50
 685 027f 01       		.uleb128 0x1
 686 0280 37       		.byte	0x37
 687 0281 00       		.byte	0
 688 0282 09       		.uleb128 0x9
 689 0283 18000000 		.4byte	.LVL16
 690 0287 A2010000 		.4byte	0x1a2
 691 028b 00       		.byte	0
 692 028c 08       		.uleb128 0x8
 693 028d 06000000 		.4byte	.LASF30
 694 0291 01       		.byte	0x1
 695 0292 86       		.byte	0x86
 696 0293 00000000 		.4byte	.LFB2
 697 0297 14000000 		.4byte	.LFE2-.LFB2
 698 029b 01       		.uleb128 0x1
 699 029c 9C       		.byte	0x9c
 700 029d B4020000 		.4byte	0x2b4
 701 02a1 09       		.uleb128 0x9
 702 02a2 06000000 		.4byte	.LVL17
 703 02a6 CA010000 		.4byte	0x1ca
 704 02aa 09       		.uleb128 0x9
 705 02ab 0C000000 		.4byte	.LVL18
 706 02af F3000000 		.4byte	0xf3
 707 02b3 00       		.byte	0
 708 02b4 11       		.uleb128 0x11
 709 02b5 95000000 		.4byte	.LASF31
 710 02b9 01       		.byte	0x1
 711 02ba 7801     		.2byte	0x178
 712 02bc 00000000 		.4byte	.LFB11
 713 02c0 10000000 		.4byte	.LFE11-.LFB11
 714 02c4 01       		.uleb128 0x1
 715 02c5 9C       		.byte	0x9c
 716 02c6 11       		.uleb128 0x11
 717 02c7 A8000000 		.4byte	.LASF32
 718 02cb 01       		.byte	0x1
 719 02cc 9101     		.2byte	0x191
 720 02ce 00000000 		.4byte	.LFB12
 721 02d2 10000000 		.4byte	.LFE12-.LFB12
 722 02d6 01       		.uleb128 0x1
 723 02d7 9C       		.byte	0x9c
 724 02d8 16       		.uleb128 0x16
ARM GAS  C:\Users\HENRYA~1\AppData\Local\Temp\ccy92qaR.s 			page 21


 725 02d9 D2000000 		.4byte	.LASF37
 726 02dd 03       		.byte	0x3
 727 02de 0F       		.byte	0xf
 728 02df 00       		.byte	0
 729              		.section	.debug_abbrev,"",%progbits
 730              	.Ldebug_abbrev0:
 731 0000 01       		.uleb128 0x1
 732 0001 11       		.uleb128 0x11
 733 0002 01       		.byte	0x1
 734 0003 25       		.uleb128 0x25
 735 0004 0E       		.uleb128 0xe
 736 0005 13       		.uleb128 0x13
 737 0006 0B       		.uleb128 0xb
 738 0007 03       		.uleb128 0x3
 739 0008 0E       		.uleb128 0xe
 740 0009 1B       		.uleb128 0x1b
 741 000a 0E       		.uleb128 0xe
 742 000b 55       		.uleb128 0x55
 743 000c 17       		.uleb128 0x17
 744 000d 11       		.uleb128 0x11
 745 000e 01       		.uleb128 0x1
 746 000f 10       		.uleb128 0x10
 747 0010 17       		.uleb128 0x17
 748 0011 00       		.byte	0
 749 0012 00       		.byte	0
 750 0013 02       		.uleb128 0x2
 751 0014 24       		.uleb128 0x24
 752 0015 00       		.byte	0
 753 0016 0B       		.uleb128 0xb
 754 0017 0B       		.uleb128 0xb
 755 0018 3E       		.uleb128 0x3e
 756 0019 0B       		.uleb128 0xb
 757 001a 03       		.uleb128 0x3
 758 001b 08       		.uleb128 0x8
 759 001c 00       		.byte	0
 760 001d 00       		.byte	0
 761 001e 03       		.uleb128 0x3
 762 001f 24       		.uleb128 0x24
 763 0020 00       		.byte	0
 764 0021 0B       		.uleb128 0xb
 765 0022 0B       		.uleb128 0xb
 766 0023 3E       		.uleb128 0x3e
 767 0024 0B       		.uleb128 0xb
 768 0025 03       		.uleb128 0x3
 769 0026 0E       		.uleb128 0xe
 770 0027 00       		.byte	0
 771 0028 00       		.byte	0
 772 0029 04       		.uleb128 0x4
 773 002a 0F       		.uleb128 0xf
 774 002b 00       		.byte	0
 775 002c 0B       		.uleb128 0xb
 776 002d 0B       		.uleb128 0xb
 777 002e 49       		.uleb128 0x49
 778 002f 13       		.uleb128 0x13
 779 0030 00       		.byte	0
 780 0031 00       		.byte	0
 781 0032 05       		.uleb128 0x5
ARM GAS  C:\Users\HENRYA~1\AppData\Local\Temp\ccy92qaR.s 			page 22


 782 0033 15       		.uleb128 0x15
 783 0034 00       		.byte	0
 784 0035 27       		.uleb128 0x27
 785 0036 19       		.uleb128 0x19
 786 0037 00       		.byte	0
 787 0038 00       		.byte	0
 788 0039 06       		.uleb128 0x6
 789 003a 16       		.uleb128 0x16
 790 003b 00       		.byte	0
 791 003c 03       		.uleb128 0x3
 792 003d 0E       		.uleb128 0xe
 793 003e 3A       		.uleb128 0x3a
 794 003f 0B       		.uleb128 0xb
 795 0040 3B       		.uleb128 0x3b
 796 0041 05       		.uleb128 0x5
 797 0042 49       		.uleb128 0x49
 798 0043 13       		.uleb128 0x13
 799 0044 00       		.byte	0
 800 0045 00       		.byte	0
 801 0046 07       		.uleb128 0x7
 802 0047 35       		.uleb128 0x35
 803 0048 00       		.byte	0
 804 0049 49       		.uleb128 0x49
 805 004a 13       		.uleb128 0x13
 806 004b 00       		.byte	0
 807 004c 00       		.byte	0
 808 004d 08       		.uleb128 0x8
 809 004e 2E       		.uleb128 0x2e
 810 004f 01       		.byte	0x1
 811 0050 3F       		.uleb128 0x3f
 812 0051 19       		.uleb128 0x19
 813 0052 03       		.uleb128 0x3
 814 0053 0E       		.uleb128 0xe
 815 0054 3A       		.uleb128 0x3a
 816 0055 0B       		.uleb128 0xb
 817 0056 3B       		.uleb128 0x3b
 818 0057 0B       		.uleb128 0xb
 819 0058 27       		.uleb128 0x27
 820 0059 19       		.uleb128 0x19
 821 005a 11       		.uleb128 0x11
 822 005b 01       		.uleb128 0x1
 823 005c 12       		.uleb128 0x12
 824 005d 06       		.uleb128 0x6
 825 005e 40       		.uleb128 0x40
 826 005f 18       		.uleb128 0x18
 827 0060 9742     		.uleb128 0x2117
 828 0062 19       		.uleb128 0x19
 829 0063 01       		.uleb128 0x1
 830 0064 13       		.uleb128 0x13
 831 0065 00       		.byte	0
 832 0066 00       		.byte	0
 833 0067 09       		.uleb128 0x9
 834 0068 898201   		.uleb128 0x4109
 835 006b 00       		.byte	0
 836 006c 11       		.uleb128 0x11
 837 006d 01       		.uleb128 0x1
 838 006e 31       		.uleb128 0x31
ARM GAS  C:\Users\HENRYA~1\AppData\Local\Temp\ccy92qaR.s 			page 23


 839 006f 13       		.uleb128 0x13
 840 0070 00       		.byte	0
 841 0071 00       		.byte	0
 842 0072 0A       		.uleb128 0xa
 843 0073 05       		.uleb128 0x5
 844 0074 00       		.byte	0
 845 0075 03       		.uleb128 0x3
 846 0076 0E       		.uleb128 0xe
 847 0077 3A       		.uleb128 0x3a
 848 0078 0B       		.uleb128 0xb
 849 0079 3B       		.uleb128 0x3b
 850 007a 0B       		.uleb128 0xb
 851 007b 49       		.uleb128 0x49
 852 007c 13       		.uleb128 0x13
 853 007d 02       		.uleb128 0x2
 854 007e 18       		.uleb128 0x18
 855 007f 00       		.byte	0
 856 0080 00       		.byte	0
 857 0081 0B       		.uleb128 0xb
 858 0082 34       		.uleb128 0x34
 859 0083 00       		.byte	0
 860 0084 03       		.uleb128 0x3
 861 0085 0E       		.uleb128 0xe
 862 0086 3A       		.uleb128 0x3a
 863 0087 0B       		.uleb128 0xb
 864 0088 3B       		.uleb128 0x3b
 865 0089 0B       		.uleb128 0xb
 866 008a 49       		.uleb128 0x49
 867 008b 13       		.uleb128 0x13
 868 008c 02       		.uleb128 0x2
 869 008d 18       		.uleb128 0x18
 870 008e 00       		.byte	0
 871 008f 00       		.byte	0
 872 0090 0C       		.uleb128 0xc
 873 0091 2E       		.uleb128 0x2e
 874 0092 01       		.byte	0x1
 875 0093 3F       		.uleb128 0x3f
 876 0094 19       		.uleb128 0x19
 877 0095 03       		.uleb128 0x3
 878 0096 0E       		.uleb128 0xe
 879 0097 3A       		.uleb128 0x3a
 880 0098 0B       		.uleb128 0xb
 881 0099 3B       		.uleb128 0x3b
 882 009a 0B       		.uleb128 0xb
 883 009b 27       		.uleb128 0x27
 884 009c 19       		.uleb128 0x19
 885 009d 49       		.uleb128 0x49
 886 009e 13       		.uleb128 0x13
 887 009f 11       		.uleb128 0x11
 888 00a0 01       		.uleb128 0x1
 889 00a1 12       		.uleb128 0x12
 890 00a2 06       		.uleb128 0x6
 891 00a3 40       		.uleb128 0x40
 892 00a4 18       		.uleb128 0x18
 893 00a5 9742     		.uleb128 0x2117
 894 00a7 19       		.uleb128 0x19
 895 00a8 01       		.uleb128 0x1
ARM GAS  C:\Users\HENRYA~1\AppData\Local\Temp\ccy92qaR.s 			page 24


 896 00a9 13       		.uleb128 0x13
 897 00aa 00       		.byte	0
 898 00ab 00       		.byte	0
 899 00ac 0D       		.uleb128 0xd
 900 00ad 2E       		.uleb128 0x2e
 901 00ae 01       		.byte	0x1
 902 00af 3F       		.uleb128 0x3f
 903 00b0 19       		.uleb128 0x19
 904 00b1 03       		.uleb128 0x3
 905 00b2 0E       		.uleb128 0xe
 906 00b3 3A       		.uleb128 0x3a
 907 00b4 0B       		.uleb128 0xb
 908 00b5 3B       		.uleb128 0x3b
 909 00b6 05       		.uleb128 0x5
 910 00b7 27       		.uleb128 0x27
 911 00b8 19       		.uleb128 0x19
 912 00b9 11       		.uleb128 0x11
 913 00ba 01       		.uleb128 0x1
 914 00bb 12       		.uleb128 0x12
 915 00bc 06       		.uleb128 0x6
 916 00bd 40       		.uleb128 0x40
 917 00be 18       		.uleb128 0x18
 918 00bf 9742     		.uleb128 0x2117
 919 00c1 19       		.uleb128 0x19
 920 00c2 01       		.uleb128 0x1
 921 00c3 13       		.uleb128 0x13
 922 00c4 00       		.byte	0
 923 00c5 00       		.byte	0
 924 00c6 0E       		.uleb128 0xe
 925 00c7 05       		.uleb128 0x5
 926 00c8 00       		.byte	0
 927 00c9 03       		.uleb128 0x3
 928 00ca 0E       		.uleb128 0xe
 929 00cb 3A       		.uleb128 0x3a
 930 00cc 0B       		.uleb128 0xb
 931 00cd 3B       		.uleb128 0x3b
 932 00ce 05       		.uleb128 0x5
 933 00cf 49       		.uleb128 0x49
 934 00d0 13       		.uleb128 0x13
 935 00d1 02       		.uleb128 0x2
 936 00d2 17       		.uleb128 0x17
 937 00d3 00       		.byte	0
 938 00d4 00       		.byte	0
 939 00d5 0F       		.uleb128 0xf
 940 00d6 2E       		.uleb128 0x2e
 941 00d7 01       		.byte	0x1
 942 00d8 3F       		.uleb128 0x3f
 943 00d9 19       		.uleb128 0x19
 944 00da 03       		.uleb128 0x3
 945 00db 0E       		.uleb128 0xe
 946 00dc 3A       		.uleb128 0x3a
 947 00dd 0B       		.uleb128 0xb
 948 00de 3B       		.uleb128 0x3b
 949 00df 05       		.uleb128 0x5
 950 00e0 27       		.uleb128 0x27
 951 00e1 19       		.uleb128 0x19
 952 00e2 49       		.uleb128 0x49
ARM GAS  C:\Users\HENRYA~1\AppData\Local\Temp\ccy92qaR.s 			page 25


 953 00e3 13       		.uleb128 0x13
 954 00e4 11       		.uleb128 0x11
 955 00e5 01       		.uleb128 0x1
 956 00e6 12       		.uleb128 0x12
 957 00e7 06       		.uleb128 0x6
 958 00e8 40       		.uleb128 0x40
 959 00e9 18       		.uleb128 0x18
 960 00ea 9742     		.uleb128 0x2117
 961 00ec 19       		.uleb128 0x19
 962 00ed 01       		.uleb128 0x1
 963 00ee 13       		.uleb128 0x13
 964 00ef 00       		.byte	0
 965 00f0 00       		.byte	0
 966 00f1 10       		.uleb128 0x10
 967 00f2 34       		.uleb128 0x34
 968 00f3 00       		.byte	0
 969 00f4 03       		.uleb128 0x3
 970 00f5 0E       		.uleb128 0xe
 971 00f6 3A       		.uleb128 0x3a
 972 00f7 0B       		.uleb128 0xb
 973 00f8 3B       		.uleb128 0x3b
 974 00f9 05       		.uleb128 0x5
 975 00fa 49       		.uleb128 0x49
 976 00fb 13       		.uleb128 0x13
 977 00fc 02       		.uleb128 0x2
 978 00fd 17       		.uleb128 0x17
 979 00fe 00       		.byte	0
 980 00ff 00       		.byte	0
 981 0100 11       		.uleb128 0x11
 982 0101 2E       		.uleb128 0x2e
 983 0102 00       		.byte	0
 984 0103 3F       		.uleb128 0x3f
 985 0104 19       		.uleb128 0x19
 986 0105 03       		.uleb128 0x3
 987 0106 0E       		.uleb128 0xe
 988 0107 3A       		.uleb128 0x3a
 989 0108 0B       		.uleb128 0xb
 990 0109 3B       		.uleb128 0x3b
 991 010a 05       		.uleb128 0x5
 992 010b 27       		.uleb128 0x27
 993 010c 19       		.uleb128 0x19
 994 010d 11       		.uleb128 0x11
 995 010e 01       		.uleb128 0x1
 996 010f 12       		.uleb128 0x12
 997 0110 06       		.uleb128 0x6
 998 0111 40       		.uleb128 0x40
 999 0112 18       		.uleb128 0x18
 1000 0113 9742     		.uleb128 0x2117
 1001 0115 19       		.uleb128 0x19
 1002 0116 00       		.byte	0
 1003 0117 00       		.byte	0
 1004 0118 12       		.uleb128 0x12
 1005 0119 2E       		.uleb128 0x2e
 1006 011a 00       		.byte	0
 1007 011b 3F       		.uleb128 0x3f
 1008 011c 19       		.uleb128 0x19
 1009 011d 03       		.uleb128 0x3
ARM GAS  C:\Users\HENRYA~1\AppData\Local\Temp\ccy92qaR.s 			page 26


 1010 011e 0E       		.uleb128 0xe
 1011 011f 3A       		.uleb128 0x3a
 1012 0120 0B       		.uleb128 0xb
 1013 0121 3B       		.uleb128 0x3b
 1014 0122 05       		.uleb128 0x5
 1015 0123 27       		.uleb128 0x27
 1016 0124 19       		.uleb128 0x19
 1017 0125 49       		.uleb128 0x49
 1018 0126 13       		.uleb128 0x13
 1019 0127 11       		.uleb128 0x11
 1020 0128 01       		.uleb128 0x1
 1021 0129 12       		.uleb128 0x12
 1022 012a 06       		.uleb128 0x6
 1023 012b 40       		.uleb128 0x40
 1024 012c 18       		.uleb128 0x18
 1025 012d 9742     		.uleb128 0x2117
 1026 012f 19       		.uleb128 0x19
 1027 0130 00       		.byte	0
 1028 0131 00       		.byte	0
 1029 0132 13       		.uleb128 0x13
 1030 0133 898201   		.uleb128 0x4109
 1031 0136 01       		.byte	0x1
 1032 0137 11       		.uleb128 0x11
 1033 0138 01       		.uleb128 0x1
 1034 0139 31       		.uleb128 0x31
 1035 013a 13       		.uleb128 0x13
 1036 013b 01       		.uleb128 0x1
 1037 013c 13       		.uleb128 0x13
 1038 013d 00       		.byte	0
 1039 013e 00       		.byte	0
 1040 013f 14       		.uleb128 0x14
 1041 0140 8A8201   		.uleb128 0x410a
 1042 0143 00       		.byte	0
 1043 0144 02       		.uleb128 0x2
 1044 0145 18       		.uleb128 0x18
 1045 0146 9142     		.uleb128 0x2111
 1046 0148 18       		.uleb128 0x18
 1047 0149 00       		.byte	0
 1048 014a 00       		.byte	0
 1049 014b 15       		.uleb128 0x15
 1050 014c 05       		.uleb128 0x5
 1051 014d 00       		.byte	0
 1052 014e 03       		.uleb128 0x3
 1053 014f 0E       		.uleb128 0xe
 1054 0150 3A       		.uleb128 0x3a
 1055 0151 0B       		.uleb128 0xb
 1056 0152 3B       		.uleb128 0x3b
 1057 0153 0B       		.uleb128 0xb
 1058 0154 49       		.uleb128 0x49
 1059 0155 13       		.uleb128 0x13
 1060 0156 02       		.uleb128 0x2
 1061 0157 17       		.uleb128 0x17
 1062 0158 00       		.byte	0
 1063 0159 00       		.byte	0
 1064 015a 16       		.uleb128 0x16
 1065 015b 2E       		.uleb128 0x2e
 1066 015c 00       		.byte	0
ARM GAS  C:\Users\HENRYA~1\AppData\Local\Temp\ccy92qaR.s 			page 27


 1067 015d 3F       		.uleb128 0x3f
 1068 015e 19       		.uleb128 0x19
 1069 015f 03       		.uleb128 0x3
 1070 0160 0E       		.uleb128 0xe
 1071 0161 3A       		.uleb128 0x3a
 1072 0162 0B       		.uleb128 0xb
 1073 0163 3B       		.uleb128 0x3b
 1074 0164 0B       		.uleb128 0xb
 1075 0165 27       		.uleb128 0x27
 1076 0166 19       		.uleb128 0x19
 1077 0167 3C       		.uleb128 0x3c
 1078 0168 19       		.uleb128 0x19
 1079 0169 00       		.byte	0
 1080 016a 00       		.byte	0
 1081 016b 00       		.byte	0
 1082              		.section	.debug_loc,"",%progbits
 1083              	.Ldebug_loc0:
 1084              	.LLST0:
 1085 0000 00000000 		.4byte	.LVL4
 1086 0004 02000000 		.4byte	.LVL5
 1087 0008 0100     		.2byte	0x1
 1088 000a 50       		.byte	0x50
 1089 000b 02000000 		.4byte	.LVL5
 1090 000f 10000000 		.4byte	.LFE6
 1091 0013 0400     		.2byte	0x4
 1092 0015 F3       		.byte	0xf3
 1093 0016 01       		.uleb128 0x1
 1094 0017 50       		.byte	0x50
 1095 0018 9F       		.byte	0x9f
 1096 0019 00000000 		.4byte	0
 1097 001d 00000000 		.4byte	0
 1098              	.LLST1:
 1099 0021 04000000 		.4byte	.LVL6
 1100 0025 06000000 		.4byte	.LVL7
 1101 0029 0500     		.2byte	0x5
 1102 002b 70       		.byte	0x70
 1103 002c 00       		.sleb128 0
 1104 002d 35       		.byte	0x35
 1105 002e 25       		.byte	0x25
 1106 002f 9F       		.byte	0x9f
 1107 0030 00000000 		.4byte	0
 1108 0034 00000000 		.4byte	0
 1109              	.LLST2:
 1110 0038 00000000 		.4byte	.LVL12
 1111 003c 07000000 		.4byte	.LVL13-1
 1112 0040 0100     		.2byte	0x1
 1113 0042 50       		.byte	0x50
 1114 0043 07000000 		.4byte	.LVL13-1
 1115 0047 1A000000 		.4byte	.LFE1
 1116 004b 0100     		.2byte	0x1
 1117 004d 54       		.byte	0x54
 1118 004e 00000000 		.4byte	0
 1119 0052 00000000 		.4byte	0
 1120              		.section	.debug_aranges,"",%progbits
 1121 0000 7C000000 		.4byte	0x7c
 1122 0004 0200     		.2byte	0x2
 1123 0006 00000000 		.4byte	.Ldebug_info0
ARM GAS  C:\Users\HENRYA~1\AppData\Local\Temp\ccy92qaR.s 			page 28


 1124 000a 04       		.byte	0x4
 1125 000b 00       		.byte	0
 1126 000c 0000     		.2byte	0
 1127 000e 0000     		.2byte	0
 1128 0010 00000000 		.4byte	.LFB3
 1129 0014 08000000 		.4byte	.LFE3-.LFB3
 1130 0018 00000000 		.4byte	.LFB4
 1131 001c 10000000 		.4byte	.LFE4-.LFB4
 1132 0020 00000000 		.4byte	.LFB5
 1133 0024 10000000 		.4byte	.LFE5-.LFB5
 1134 0028 00000000 		.4byte	.LFB6
 1135 002c 10000000 		.4byte	.LFE6-.LFB6
 1136 0030 00000000 		.4byte	.LFB7
 1137 0034 0C000000 		.4byte	.LFE7-.LFB7
 1138 0038 00000000 		.4byte	.LFB8
 1139 003c 10000000 		.4byte	.LFE8-.LFB8
 1140 0040 00000000 		.4byte	.LFB9
 1141 0044 18000000 		.4byte	.LFE9-.LFB9
 1142 0048 00000000 		.4byte	.LFB10
 1143 004c 10000000 		.4byte	.LFE10-.LFB10
 1144 0050 00000000 		.4byte	.LFB0
 1145 0054 1C000000 		.4byte	.LFE0-.LFB0
 1146 0058 00000000 		.4byte	.LFB1
 1147 005c 1A000000 		.4byte	.LFE1-.LFB1
 1148 0060 00000000 		.4byte	.LFB2
 1149 0064 14000000 		.4byte	.LFE2-.LFB2
 1150 0068 00000000 		.4byte	.LFB11
 1151 006c 10000000 		.4byte	.LFE11-.LFB11
 1152 0070 00000000 		.4byte	.LFB12
 1153 0074 10000000 		.4byte	.LFE12-.LFB12
 1154 0078 00000000 		.4byte	0
 1155 007c 00000000 		.4byte	0
 1156              		.section	.debug_ranges,"",%progbits
 1157              	.Ldebug_ranges0:
 1158 0000 00000000 		.4byte	.LFB3
 1159 0004 08000000 		.4byte	.LFE3
 1160 0008 00000000 		.4byte	.LFB4
 1161 000c 10000000 		.4byte	.LFE4
 1162 0010 00000000 		.4byte	.LFB5
 1163 0014 10000000 		.4byte	.LFE5
 1164 0018 00000000 		.4byte	.LFB6
 1165 001c 10000000 		.4byte	.LFE6
 1166 0020 00000000 		.4byte	.LFB7
 1167 0024 0C000000 		.4byte	.LFE7
 1168 0028 00000000 		.4byte	.LFB8
 1169 002c 10000000 		.4byte	.LFE8
 1170 0030 00000000 		.4byte	.LFB9
 1171 0034 18000000 		.4byte	.LFE9
 1172 0038 00000000 		.4byte	.LFB10
 1173 003c 10000000 		.4byte	.LFE10
 1174 0040 00000000 		.4byte	.LFB0
 1175 0044 1C000000 		.4byte	.LFE0
 1176 0048 00000000 		.4byte	.LFB1
 1177 004c 1A000000 		.4byte	.LFE1
 1178 0050 00000000 		.4byte	.LFB2
 1179 0054 14000000 		.4byte	.LFE2
 1180 0058 00000000 		.4byte	.LFB11
ARM GAS  C:\Users\HENRYA~1\AppData\Local\Temp\ccy92qaR.s 			page 29


 1181 005c 10000000 		.4byte	.LFE11
 1182 0060 00000000 		.4byte	.LFB12
 1183 0064 10000000 		.4byte	.LFE12
 1184 0068 00000000 		.4byte	0
 1185 006c 00000000 		.4byte	0
 1186              		.section	.debug_line,"",%progbits
 1187              	.Ldebug_line0:
 1188 0000 60010000 		.section	.debug_str,"MS",%progbits,1
 1188      02007300 
 1188      00000201 
 1188      FB0E0D00 
 1188      01010101 
 1189              	.LASF16:
 1190 0000 72656733 		.ascii	"reg32\000"
 1190      3200
 1191              	.LASF30:
 1192 0006 4144435F 		.ascii	"ADC_IRQ_Stop\000"
 1192      4952515F 
 1192      53746F70 
 1192      00
 1193              	.LASF4:
 1194 0013 73686F72 		.ascii	"short unsigned int\000"
 1194      7420756E 
 1194      7369676E 
 1194      65642069 
 1194      6E7400
 1195              	.LASF36:
 1196 0026 4144435F 		.ascii	"ADC_IRQ_GetState\000"
 1196      4952515F 
 1196      47657453 
 1196      74617465 
 1196      00
 1197              	.LASF24:
 1198 0037 4144435F 		.ascii	"ADC_IRQ_GetVector\000"
 1198      4952515F 
 1198      47657456 
 1198      6563746F 
 1198      7200
 1199              	.LASF18:
 1200 0049 4144435F 		.ascii	"ADC_IRQ_Interrupt\000"
 1200      4952515F 
 1200      496E7465 
 1200      72727570 
 1200      7400
 1201              	.LASF13:
 1202 005b 666C6F61 		.ascii	"float\000"
 1202      7400
 1203              	.LASF2:
 1204 0061 756E7369 		.ascii	"unsigned char\000"
 1204      676E6564 
 1204      20636861 
 1204      7200
 1205              	.LASF15:
 1206 006f 72656738 		.ascii	"reg8\000"
 1206      00
 1207              	.LASF6:
 1208 0074 6C6F6E67 		.ascii	"long unsigned int\000"
ARM GAS  C:\Users\HENRYA~1\AppData\Local\Temp\ccy92qaR.s 			page 30


 1208      20756E73 
 1208      69676E65 
 1208      6420696E 
 1208      7400
 1209              	.LASF11:
 1210 0086 75696E74 		.ascii	"uint8\000"
 1210      3800
 1211              	.LASF23:
 1212 008c 7072696F 		.ascii	"priority\000"
 1212      72697479 
 1212      00
 1213              	.LASF31:
 1214 0095 4144435F 		.ascii	"ADC_IRQ_SetPending\000"
 1214      4952515F 
 1214      53657450 
 1214      656E6469 
 1214      6E6700
 1215              	.LASF32:
 1216 00a8 4144435F 		.ascii	"ADC_IRQ_ClearPending\000"
 1216      4952515F 
 1216      436C6561 
 1216      7250656E 
 1216      64696E67 
 1217              	.LASF14:
 1218 00bd 646F7562 		.ascii	"double\000"
 1218      6C6500
 1219              	.LASF28:
 1220 00c4 4144435F 		.ascii	"ADC_IRQ_Start\000"
 1220      4952515F 
 1220      53746172 
 1220      7400
 1221              	.LASF37:
 1222 00d2 4144435F 		.ascii	"ADC_IRQ_Interrupt_InterruptCallback\000"
 1222      4952515F 
 1222      496E7465 
 1222      72727570 
 1222      745F496E 
 1223              	.LASF34:
 1224 00f6 2E5C4765 		.ascii	".\\Generated_Source\\PSoC5\\ADC_IRQ.c\000"
 1224      6E657261 
 1224      7465645F 
 1224      536F7572 
 1224      63655C50 
 1225              	.LASF25:
 1226 0119 4144435F 		.ascii	"ADC_IRQ_GetPriority\000"
 1226      4952515F 
 1226      47657450 
 1226      72696F72 
 1226      69747900 
 1227              	.LASF12:
 1228 012d 75696E74 		.ascii	"uint32\000"
 1228      333200
 1229              	.LASF33:
 1230 0134 474E5520 		.ascii	"GNU C 4.9.3 20150303 (release) [ARM/embedded-4_9-br"
 1230      4320342E 
 1230      392E3320 
 1230      32303135 
ARM GAS  C:\Users\HENRYA~1\AppData\Local\Temp\ccy92qaR.s 			page 31


 1230      30333033 
 1231 0167 616E6368 		.ascii	"anch revision 221220] -mcpu=cortex-m3 -mthumb -g -O"
 1231      20726576 
 1231      6973696F 
 1231      6E203232 
 1231      31323230 
 1232 019a 67202D66 		.ascii	"g -ffunction-sections -ffat-lto-objects\000"
 1232      66756E63 
 1232      74696F6E 
 1232      2D736563 
 1232      74696F6E 
 1233              	.LASF0:
 1234 01c2 756E7369 		.ascii	"unsigned int\000"
 1234      676E6564 
 1234      20696E74 
 1234      00
 1235              	.LASF22:
 1236 01cf 61646472 		.ascii	"address\000"
 1236      65737300 
 1237              	.LASF8:
 1238 01d7 6C6F6E67 		.ascii	"long long unsigned int\000"
 1238      206C6F6E 
 1238      6720756E 
 1238      7369676E 
 1238      65642069 
 1239              	.LASF17:
 1240 01ee 63796973 		.ascii	"cyisraddress\000"
 1240      72616464 
 1240      72657373 
 1240      00
 1241              	.LASF29:
 1242 01fb 4144435F 		.ascii	"ADC_IRQ_StartEx\000"
 1242      4952515F 
 1242      53746172 
 1242      74457800 
 1243              	.LASF9:
 1244 020b 73697A65 		.ascii	"sizetype\000"
 1244      74797065 
 1244      00
 1245              	.LASF7:
 1246 0214 6C6F6E67 		.ascii	"long long int\000"
 1246      206C6F6E 
 1246      6720696E 
 1246      7400
 1247              	.LASF10:
 1248 0222 63686172 		.ascii	"char\000"
 1248      00
 1249              	.LASF20:
 1250 0227 72616D56 		.ascii	"ramVectorTable\000"
 1250      6563746F 
 1250      72546162 
 1250      6C6500
 1251              	.LASF3:
 1252 0236 73686F72 		.ascii	"short int\000"
 1252      7420696E 
 1252      7400
 1253              	.LASF27:
ARM GAS  C:\Users\HENRYA~1\AppData\Local\Temp\ccy92qaR.s 			page 32


 1254 0240 4144435F 		.ascii	"ADC_IRQ_Disable\000"
 1254      4952515F 
 1254      44697361 
 1254      626C6500 
 1255              	.LASF19:
 1256 0250 4144435F 		.ascii	"ADC_IRQ_SetVector\000"
 1256      4952515F 
 1256      53657456 
 1256      6563746F 
 1256      7200
 1257              	.LASF5:
 1258 0262 6C6F6E67 		.ascii	"long int\000"
 1258      20696E74 
 1258      00
 1259              	.LASF1:
 1260 026b 7369676E 		.ascii	"signed char\000"
 1260      65642063 
 1260      68617200 
 1261              	.LASF21:
 1262 0277 4144435F 		.ascii	"ADC_IRQ_SetPriority\000"
 1262      4952515F 
 1262      53657450 
 1262      72696F72 
 1262      69747900 
 1263              	.LASF26:
 1264 028b 4144435F 		.ascii	"ADC_IRQ_Enable\000"
 1264      4952515F 
 1264      456E6162 
 1264      6C6500
 1265              	.LASF35:
 1266 029a 433A5C55 		.ascii	"C:\\Users\\Henry Alberto\\Desktop\\Protocolos\\CAN_"
 1266      73657273 
 1266      5C48656E 
 1266      72792041 
 1266      6C626572 
 1267 02c8 4144435F 		.ascii	"ADC_1_BIDIRECCIONAL.cydsn\000"
 1267      315F4249 
 1267      44495245 
 1267      4343494F 
 1267      4E414C2E 
 1268              		.ident	"GCC: (GNU Tools for ARM Embedded Processors) 4.9.3 20150303 (release) [ARM/embedded-4_9-br
