ARM GAS  C:\Users\HENRYA~1\AppData\Local\Temp\ccL8qTSh.s 			page 1


   1              		.syntax unified
   2              		.cpu cortex-m3
   3              		.fpu softvfp
   4              		.eabi_attribute 20, 1
   5              		.eabi_attribute 21, 1
   6              		.eabi_attribute 23, 3
   7              		.eabi_attribute 24, 1
   8              		.eabi_attribute 25, 1
   9              		.eabi_attribute 26, 1
  10              		.eabi_attribute 30, 1
  11              		.eabi_attribute 34, 1
  12              		.eabi_attribute 18, 4
  13              		.thumb
  14              		.file	"TX_CAN_INT.c"
  15              		.text
  16              	.Ltext0:
  17              		.cfi_sections	.debug_frame
  18              		.section	.text.TX_CAN_BusOffIsr,"ax",%progbits
  19              		.align	2
  20              		.global	TX_CAN_BusOffIsr
  21              		.thumb
  22              		.thumb_func
  23              		.type	TX_CAN_BusOffIsr, %function
  24              	TX_CAN_BusOffIsr:
  25              	.LFB0:
  26              		.file 1 ".\\Generated_Source\\PSoC5\\TX_CAN_INT.c"
   1:.\Generated_Source\PSoC5/TX_CAN_INT.c **** /*******************************************************************************
   2:.\Generated_Source\PSoC5/TX_CAN_INT.c **** * File Name: TX_CAN_INT.c
   3:.\Generated_Source\PSoC5/TX_CAN_INT.c **** * Version 3.0
   4:.\Generated_Source\PSoC5/TX_CAN_INT.c **** *
   5:.\Generated_Source\PSoC5/TX_CAN_INT.c **** * Description:
   6:.\Generated_Source\PSoC5/TX_CAN_INT.c **** *  This file contains Interrupt Service Routine (ISR) for CAN Component.
   7:.\Generated_Source\PSoC5/TX_CAN_INT.c **** *  The Interrupt handlers functions are generated accordingly to the PSoC
   8:.\Generated_Source\PSoC5/TX_CAN_INT.c **** *  Creator Customizer inputs.
   9:.\Generated_Source\PSoC5/TX_CAN_INT.c **** *
  10:.\Generated_Source\PSoC5/TX_CAN_INT.c **** * Note:
  11:.\Generated_Source\PSoC5/TX_CAN_INT.c **** *  None
  12:.\Generated_Source\PSoC5/TX_CAN_INT.c **** *
  13:.\Generated_Source\PSoC5/TX_CAN_INT.c **** ********************************************************************************
  14:.\Generated_Source\PSoC5/TX_CAN_INT.c **** * Copyright 2008-2015, Cypress Semiconductor Corporation.  All rights reserved.
  15:.\Generated_Source\PSoC5/TX_CAN_INT.c **** * You may use this file only in accordance with the license, terms, conditions,
  16:.\Generated_Source\PSoC5/TX_CAN_INT.c **** * disclaimers, and limitations in the end user license agreement accompanying
  17:.\Generated_Source\PSoC5/TX_CAN_INT.c **** * the software package with which this file was provided.
  18:.\Generated_Source\PSoC5/TX_CAN_INT.c **** *******************************************************************************/
  19:.\Generated_Source\PSoC5/TX_CAN_INT.c **** 
  20:.\Generated_Source\PSoC5/TX_CAN_INT.c **** #include "TX_CAN.h"
  21:.\Generated_Source\PSoC5/TX_CAN_INT.c **** #include "cyapicallbacks.h"
  22:.\Generated_Source\PSoC5/TX_CAN_INT.c **** 
  23:.\Generated_Source\PSoC5/TX_CAN_INT.c **** /* `#START CAN_INT_C_CODE_DEFINITION` */
  24:.\Generated_Source\PSoC5/TX_CAN_INT.c **** 
  25:.\Generated_Source\PSoC5/TX_CAN_INT.c **** /* `#END` */
  26:.\Generated_Source\PSoC5/TX_CAN_INT.c **** 
  27:.\Generated_Source\PSoC5/TX_CAN_INT.c **** #if (TX_CAN_ARB_LOST)
  28:.\Generated_Source\PSoC5/TX_CAN_INT.c ****     /*******************************************************************************
  29:.\Generated_Source\PSoC5/TX_CAN_INT.c ****     * FUNCTION NAME:   TX_CAN_ArbLostIsr
  30:.\Generated_Source\PSoC5/TX_CAN_INT.c ****     ********************************************************************************
  31:.\Generated_Source\PSoC5/TX_CAN_INT.c ****     *
ARM GAS  C:\Users\HENRYA~1\AppData\Local\Temp\ccL8qTSh.s 			page 2


  32:.\Generated_Source\PSoC5/TX_CAN_INT.c ****     * Summary:
  33:.\Generated_Source\PSoC5/TX_CAN_INT.c ****     *  This function is entry point to Arbitration Lost Interrupt. Clears
  34:.\Generated_Source\PSoC5/TX_CAN_INT.c ****     *  Arbitration Lost interrupt flag. Only generated if Arbitration Lost
  35:.\Generated_Source\PSoC5/TX_CAN_INT.c ****     *  Interrupt enable in Customizer.
  36:.\Generated_Source\PSoC5/TX_CAN_INT.c ****     *
  37:.\Generated_Source\PSoC5/TX_CAN_INT.c ****     * Parameters:
  38:.\Generated_Source\PSoC5/TX_CAN_INT.c ****     *  None.
  39:.\Generated_Source\PSoC5/TX_CAN_INT.c ****     *
  40:.\Generated_Source\PSoC5/TX_CAN_INT.c ****     * Return:
  41:.\Generated_Source\PSoC5/TX_CAN_INT.c ****     *  None.
  42:.\Generated_Source\PSoC5/TX_CAN_INT.c ****     *
  43:.\Generated_Source\PSoC5/TX_CAN_INT.c ****     * Reentrant:
  44:.\Generated_Source\PSoC5/TX_CAN_INT.c ****     *  Depends on Customer code.
  45:.\Generated_Source\PSoC5/TX_CAN_INT.c ****     *
  46:.\Generated_Source\PSoC5/TX_CAN_INT.c ****     *******************************************************************************/
  47:.\Generated_Source\PSoC5/TX_CAN_INT.c ****     void TX_CAN_ArbLostIsr(void) 
  48:.\Generated_Source\PSoC5/TX_CAN_INT.c ****     {
  49:.\Generated_Source\PSoC5/TX_CAN_INT.c ****         /* Clear Arbitration Lost flag */
  50:.\Generated_Source\PSoC5/TX_CAN_INT.c ****         TX_CAN_INT_SR_REG.byte[0u] = TX_CAN_ARBITRATION_LOST_MASK;
  51:.\Generated_Source\PSoC5/TX_CAN_INT.c **** 
  52:.\Generated_Source\PSoC5/TX_CAN_INT.c ****         /* `#START ARBITRATION_LOST_ISR` */
  53:.\Generated_Source\PSoC5/TX_CAN_INT.c **** 
  54:.\Generated_Source\PSoC5/TX_CAN_INT.c ****         /* `#END` */
  55:.\Generated_Source\PSoC5/TX_CAN_INT.c **** 
  56:.\Generated_Source\PSoC5/TX_CAN_INT.c ****         #ifdef TX_CAN_ARB_LOST_ISR_CALLBACK
  57:.\Generated_Source\PSoC5/TX_CAN_INT.c ****             TX_CAN_ArbLostIsr_Callback();
  58:.\Generated_Source\PSoC5/TX_CAN_INT.c ****         #endif /* TX_CAN_ARB_LOST_ISR_CALLBACK */
  59:.\Generated_Source\PSoC5/TX_CAN_INT.c ****     }
  60:.\Generated_Source\PSoC5/TX_CAN_INT.c **** #endif /* TX_CAN_ARB_LOST */
  61:.\Generated_Source\PSoC5/TX_CAN_INT.c **** 
  62:.\Generated_Source\PSoC5/TX_CAN_INT.c **** 
  63:.\Generated_Source\PSoC5/TX_CAN_INT.c **** #if (TX_CAN_OVERLOAD)
  64:.\Generated_Source\PSoC5/TX_CAN_INT.c ****     /*******************************************************************************
  65:.\Generated_Source\PSoC5/TX_CAN_INT.c ****     * FUNCTION NAME:   TX_CAN_OvrLdErrorIsr
  66:.\Generated_Source\PSoC5/TX_CAN_INT.c ****     ********************************************************************************
  67:.\Generated_Source\PSoC5/TX_CAN_INT.c ****     *
  68:.\Generated_Source\PSoC5/TX_CAN_INT.c ****     * Summary:
  69:.\Generated_Source\PSoC5/TX_CAN_INT.c ****     *  This function is entry point to Overload Error Interrupt. Clears Overload
  70:.\Generated_Source\PSoC5/TX_CAN_INT.c ****     *  Error interrupt flag. Only generated if Overload Error Interrupt enable
  71:.\Generated_Source\PSoC5/TX_CAN_INT.c ****     *  in Customizer.
  72:.\Generated_Source\PSoC5/TX_CAN_INT.c ****     *
  73:.\Generated_Source\PSoC5/TX_CAN_INT.c ****     * Parameters:
  74:.\Generated_Source\PSoC5/TX_CAN_INT.c ****     *  None.
  75:.\Generated_Source\PSoC5/TX_CAN_INT.c ****     *
  76:.\Generated_Source\PSoC5/TX_CAN_INT.c ****     * Return:
  77:.\Generated_Source\PSoC5/TX_CAN_INT.c ****     *  None.
  78:.\Generated_Source\PSoC5/TX_CAN_INT.c ****     *
  79:.\Generated_Source\PSoC5/TX_CAN_INT.c ****     * Reentrant:
  80:.\Generated_Source\PSoC5/TX_CAN_INT.c ****     *  Depends on Customer code.
  81:.\Generated_Source\PSoC5/TX_CAN_INT.c ****     *
  82:.\Generated_Source\PSoC5/TX_CAN_INT.c ****     *******************************************************************************/
  83:.\Generated_Source\PSoC5/TX_CAN_INT.c ****     void TX_CAN_OvrLdErrorIsr(void) 
  84:.\Generated_Source\PSoC5/TX_CAN_INT.c ****     {
  85:.\Generated_Source\PSoC5/TX_CAN_INT.c ****         /* Clear Overload Error flag */
  86:.\Generated_Source\PSoC5/TX_CAN_INT.c ****         TX_CAN_INT_SR_REG.byte[0u] = TX_CAN_OVERLOAD_ERROR_MASK;
  87:.\Generated_Source\PSoC5/TX_CAN_INT.c **** 
  88:.\Generated_Source\PSoC5/TX_CAN_INT.c ****         /* `#START OVER_LOAD_ERROR_ISR` */
ARM GAS  C:\Users\HENRYA~1\AppData\Local\Temp\ccL8qTSh.s 			page 3


  89:.\Generated_Source\PSoC5/TX_CAN_INT.c **** 
  90:.\Generated_Source\PSoC5/TX_CAN_INT.c ****         /* `#END` */
  91:.\Generated_Source\PSoC5/TX_CAN_INT.c **** 
  92:.\Generated_Source\PSoC5/TX_CAN_INT.c ****         #ifdef TX_CAN_OVR_LD_ERROR_ISR_CALLBACK
  93:.\Generated_Source\PSoC5/TX_CAN_INT.c ****             TX_CAN_OvrLdErrorIsr_Callback();
  94:.\Generated_Source\PSoC5/TX_CAN_INT.c ****         #endif /* TX_CAN_OVR_LD_ERROR_ISR_CALLBACK */
  95:.\Generated_Source\PSoC5/TX_CAN_INT.c ****     }
  96:.\Generated_Source\PSoC5/TX_CAN_INT.c **** #endif /* TX_CAN_OVERLOAD */
  97:.\Generated_Source\PSoC5/TX_CAN_INT.c **** 
  98:.\Generated_Source\PSoC5/TX_CAN_INT.c **** 
  99:.\Generated_Source\PSoC5/TX_CAN_INT.c **** #if (TX_CAN_BIT_ERR)
 100:.\Generated_Source\PSoC5/TX_CAN_INT.c ****     /*******************************************************************************
 101:.\Generated_Source\PSoC5/TX_CAN_INT.c ****     * FUNCTION NAME:   TX_CAN_BitErrorIsr
 102:.\Generated_Source\PSoC5/TX_CAN_INT.c ****     ********************************************************************************
 103:.\Generated_Source\PSoC5/TX_CAN_INT.c ****     *
 104:.\Generated_Source\PSoC5/TX_CAN_INT.c ****     * Summary:
 105:.\Generated_Source\PSoC5/TX_CAN_INT.c ****     *  This function is entry point to Bit Error Interrupt. Clears Bit Error
 106:.\Generated_Source\PSoC5/TX_CAN_INT.c ****     *  interrupt flag. Only generated if Bit Error Interrupt enable in Customizer.
 107:.\Generated_Source\PSoC5/TX_CAN_INT.c ****     *
 108:.\Generated_Source\PSoC5/TX_CAN_INT.c ****     * Parameters:
 109:.\Generated_Source\PSoC5/TX_CAN_INT.c ****     *  None.
 110:.\Generated_Source\PSoC5/TX_CAN_INT.c ****     *
 111:.\Generated_Source\PSoC5/TX_CAN_INT.c ****     * Return:
 112:.\Generated_Source\PSoC5/TX_CAN_INT.c ****     *  None.
 113:.\Generated_Source\PSoC5/TX_CAN_INT.c ****     *
 114:.\Generated_Source\PSoC5/TX_CAN_INT.c ****     * Reentrant:
 115:.\Generated_Source\PSoC5/TX_CAN_INT.c ****     *  Depends on Customer code.
 116:.\Generated_Source\PSoC5/TX_CAN_INT.c ****     *
 117:.\Generated_Source\PSoC5/TX_CAN_INT.c ****     *******************************************************************************/
 118:.\Generated_Source\PSoC5/TX_CAN_INT.c ****     void TX_CAN_BitErrorIsr(void) 
 119:.\Generated_Source\PSoC5/TX_CAN_INT.c ****     {
 120:.\Generated_Source\PSoC5/TX_CAN_INT.c ****         /* Clear Bit Error flag */
 121:.\Generated_Source\PSoC5/TX_CAN_INT.c ****         TX_CAN_INT_SR_REG.byte[0u] = TX_CAN_BIT_ERROR_MASK;
 122:.\Generated_Source\PSoC5/TX_CAN_INT.c **** 
 123:.\Generated_Source\PSoC5/TX_CAN_INT.c ****         /* `#START BIT_ERROR_ISR` */
 124:.\Generated_Source\PSoC5/TX_CAN_INT.c **** 
 125:.\Generated_Source\PSoC5/TX_CAN_INT.c ****         /* `#END` */
 126:.\Generated_Source\PSoC5/TX_CAN_INT.c **** 
 127:.\Generated_Source\PSoC5/TX_CAN_INT.c ****         #ifdef TX_CAN_BIT_ERROR_ISR_CALLBACK
 128:.\Generated_Source\PSoC5/TX_CAN_INT.c ****             TX_CAN_BitErrorIsr_Callback();
 129:.\Generated_Source\PSoC5/TX_CAN_INT.c ****         #endif /* TX_CAN_BIT_ERROR_ISR_CALLBACK */
 130:.\Generated_Source\PSoC5/TX_CAN_INT.c ****     }
 131:.\Generated_Source\PSoC5/TX_CAN_INT.c **** #endif /* TX_CAN_BIT_ERR */
 132:.\Generated_Source\PSoC5/TX_CAN_INT.c **** 
 133:.\Generated_Source\PSoC5/TX_CAN_INT.c **** 
 134:.\Generated_Source\PSoC5/TX_CAN_INT.c **** #if (TX_CAN_STUFF_ERR)
 135:.\Generated_Source\PSoC5/TX_CAN_INT.c ****     /*******************************************************************************
 136:.\Generated_Source\PSoC5/TX_CAN_INT.c ****     * FUNCTION NAME:   TX_CAN_BitStuffErrorIsr
 137:.\Generated_Source\PSoC5/TX_CAN_INT.c ****     ********************************************************************************
 138:.\Generated_Source\PSoC5/TX_CAN_INT.c ****     *
 139:.\Generated_Source\PSoC5/TX_CAN_INT.c ****     * Summary:
 140:.\Generated_Source\PSoC5/TX_CAN_INT.c ****     *  This function is entry point to Bit Stuff Error Interrupt. Clears Bit Stuff
 141:.\Generated_Source\PSoC5/TX_CAN_INT.c ****     *  Error interrupt flag. Only generated if Bit Stuff Error Interrupt enable
 142:.\Generated_Source\PSoC5/TX_CAN_INT.c ****     *  in Customizer.
 143:.\Generated_Source\PSoC5/TX_CAN_INT.c ****     *
 144:.\Generated_Source\PSoC5/TX_CAN_INT.c ****     * Parameters:
 145:.\Generated_Source\PSoC5/TX_CAN_INT.c ****     *  None.
ARM GAS  C:\Users\HENRYA~1\AppData\Local\Temp\ccL8qTSh.s 			page 4


 146:.\Generated_Source\PSoC5/TX_CAN_INT.c ****     *
 147:.\Generated_Source\PSoC5/TX_CAN_INT.c ****     * Return:
 148:.\Generated_Source\PSoC5/TX_CAN_INT.c ****     *  None.
 149:.\Generated_Source\PSoC5/TX_CAN_INT.c ****     *
 150:.\Generated_Source\PSoC5/TX_CAN_INT.c ****     * Reentrant:
 151:.\Generated_Source\PSoC5/TX_CAN_INT.c ****     *  Depends on Customer code.
 152:.\Generated_Source\PSoC5/TX_CAN_INT.c ****     *
 153:.\Generated_Source\PSoC5/TX_CAN_INT.c ****     *******************************************************************************/
 154:.\Generated_Source\PSoC5/TX_CAN_INT.c ****     void TX_CAN_BitStuffErrorIsr(void) 
 155:.\Generated_Source\PSoC5/TX_CAN_INT.c ****     {
 156:.\Generated_Source\PSoC5/TX_CAN_INT.c ****         /* Clear Stuff Error flag */
 157:.\Generated_Source\PSoC5/TX_CAN_INT.c ****         TX_CAN_INT_SR_REG.byte[0u] = TX_CAN_STUFF_ERROR_MASK;
 158:.\Generated_Source\PSoC5/TX_CAN_INT.c **** 
 159:.\Generated_Source\PSoC5/TX_CAN_INT.c ****         /* `#START BIT_STUFF_ERROR_ISR` */
 160:.\Generated_Source\PSoC5/TX_CAN_INT.c **** 
 161:.\Generated_Source\PSoC5/TX_CAN_INT.c ****         /* `#END` */
 162:.\Generated_Source\PSoC5/TX_CAN_INT.c **** 
 163:.\Generated_Source\PSoC5/TX_CAN_INT.c ****         #ifdef TX_CAN_BIT_STUFF_ERROR_ISR_CALLBACK
 164:.\Generated_Source\PSoC5/TX_CAN_INT.c ****             TX_CAN_BitStuffErrorIsr_Callback();
 165:.\Generated_Source\PSoC5/TX_CAN_INT.c ****         #endif /* TX_CAN_BIT_STUFF_ERROR_ISR_CALLBACK */
 166:.\Generated_Source\PSoC5/TX_CAN_INT.c ****     }
 167:.\Generated_Source\PSoC5/TX_CAN_INT.c **** #endif /* TX_CAN_STUFF_ERR */
 168:.\Generated_Source\PSoC5/TX_CAN_INT.c **** 
 169:.\Generated_Source\PSoC5/TX_CAN_INT.c **** 
 170:.\Generated_Source\PSoC5/TX_CAN_INT.c **** #if (TX_CAN_ACK_ERR)
 171:.\Generated_Source\PSoC5/TX_CAN_INT.c ****     /*******************************************************************************
 172:.\Generated_Source\PSoC5/TX_CAN_INT.c ****     * FUNCTION NAME:   TX_CAN_AckErrorIsr
 173:.\Generated_Source\PSoC5/TX_CAN_INT.c ****     ********************************************************************************
 174:.\Generated_Source\PSoC5/TX_CAN_INT.c ****     *
 175:.\Generated_Source\PSoC5/TX_CAN_INT.c ****     * Summary:
 176:.\Generated_Source\PSoC5/TX_CAN_INT.c ****     *  This function is entry point to Acknowledge Error Interrupt. Clears
 177:.\Generated_Source\PSoC5/TX_CAN_INT.c ****     *  Acknowledge Error interrupt flag. Only generated if Acknowledge Error
 178:.\Generated_Source\PSoC5/TX_CAN_INT.c ****     *  Interrupt enable in Customizer.
 179:.\Generated_Source\PSoC5/TX_CAN_INT.c ****     *
 180:.\Generated_Source\PSoC5/TX_CAN_INT.c ****     * Parameters:
 181:.\Generated_Source\PSoC5/TX_CAN_INT.c ****     *  None.
 182:.\Generated_Source\PSoC5/TX_CAN_INT.c ****     *
 183:.\Generated_Source\PSoC5/TX_CAN_INT.c ****     * Return:
 184:.\Generated_Source\PSoC5/TX_CAN_INT.c ****     *  None.
 185:.\Generated_Source\PSoC5/TX_CAN_INT.c ****     *
 186:.\Generated_Source\PSoC5/TX_CAN_INT.c ****     * Reentrant:
 187:.\Generated_Source\PSoC5/TX_CAN_INT.c ****     *  Depends on Customer code.
 188:.\Generated_Source\PSoC5/TX_CAN_INT.c ****     *
 189:.\Generated_Source\PSoC5/TX_CAN_INT.c ****     *******************************************************************************/
 190:.\Generated_Source\PSoC5/TX_CAN_INT.c ****     void TX_CAN_AckErrorIsr(void) 
 191:.\Generated_Source\PSoC5/TX_CAN_INT.c ****     {
 192:.\Generated_Source\PSoC5/TX_CAN_INT.c ****         /* Clear Acknoledge Error flag */
 193:.\Generated_Source\PSoC5/TX_CAN_INT.c ****         TX_CAN_INT_SR_REG.byte[0u] = TX_CAN_ACK_ERROR_MASK;
 194:.\Generated_Source\PSoC5/TX_CAN_INT.c **** 
 195:.\Generated_Source\PSoC5/TX_CAN_INT.c ****         /* `#START ACKNOWLEDGE_ERROR_ISR` */
 196:.\Generated_Source\PSoC5/TX_CAN_INT.c **** 
 197:.\Generated_Source\PSoC5/TX_CAN_INT.c ****         /* `#END` */
 198:.\Generated_Source\PSoC5/TX_CAN_INT.c **** 
 199:.\Generated_Source\PSoC5/TX_CAN_INT.c ****         #ifdef TX_CAN_ACK_ERROR_ISR_CALLBACK
 200:.\Generated_Source\PSoC5/TX_CAN_INT.c ****             TX_CAN_AckErrorIsr_Callback();
 201:.\Generated_Source\PSoC5/TX_CAN_INT.c ****         #endif /* TX_CAN_ACK_ERROR_ISR_CALLBACK */
 202:.\Generated_Source\PSoC5/TX_CAN_INT.c ****     }
ARM GAS  C:\Users\HENRYA~1\AppData\Local\Temp\ccL8qTSh.s 			page 5


 203:.\Generated_Source\PSoC5/TX_CAN_INT.c **** #endif /* TX_CAN_ACK_ERR */
 204:.\Generated_Source\PSoC5/TX_CAN_INT.c **** 
 205:.\Generated_Source\PSoC5/TX_CAN_INT.c **** 
 206:.\Generated_Source\PSoC5/TX_CAN_INT.c **** #if (TX_CAN_FORM_ERR)
 207:.\Generated_Source\PSoC5/TX_CAN_INT.c ****     /*******************************************************************************
 208:.\Generated_Source\PSoC5/TX_CAN_INT.c ****     * FUNCTION NAME:   TX_CAN_MsgErrorIsr
 209:.\Generated_Source\PSoC5/TX_CAN_INT.c ****     ********************************************************************************
 210:.\Generated_Source\PSoC5/TX_CAN_INT.c ****     *
 211:.\Generated_Source\PSoC5/TX_CAN_INT.c ****     * Summary:
 212:.\Generated_Source\PSoC5/TX_CAN_INT.c ****     *  This function is entry point to Form Error Interrupt. Clears Form Error
 213:.\Generated_Source\PSoC5/TX_CAN_INT.c ****     *  interrupt flag. Only generated if Form Error Interrupt enable in Customizer.
 214:.\Generated_Source\PSoC5/TX_CAN_INT.c ****     *
 215:.\Generated_Source\PSoC5/TX_CAN_INT.c ****     * Parameters:
 216:.\Generated_Source\PSoC5/TX_CAN_INT.c ****     *  None.
 217:.\Generated_Source\PSoC5/TX_CAN_INT.c ****     *
 218:.\Generated_Source\PSoC5/TX_CAN_INT.c ****     * Return:
 219:.\Generated_Source\PSoC5/TX_CAN_INT.c ****     *  None.
 220:.\Generated_Source\PSoC5/TX_CAN_INT.c ****     *
 221:.\Generated_Source\PSoC5/TX_CAN_INT.c ****     * Reentrant:
 222:.\Generated_Source\PSoC5/TX_CAN_INT.c ****     *  Depends on Customer code.
 223:.\Generated_Source\PSoC5/TX_CAN_INT.c ****     *
 224:.\Generated_Source\PSoC5/TX_CAN_INT.c ****     *******************************************************************************/
 225:.\Generated_Source\PSoC5/TX_CAN_INT.c ****     void TX_CAN_MsgErrorIsr(void) 
 226:.\Generated_Source\PSoC5/TX_CAN_INT.c ****     {
 227:.\Generated_Source\PSoC5/TX_CAN_INT.c ****         /* Clear Form Error flag */
 228:.\Generated_Source\PSoC5/TX_CAN_INT.c ****         TX_CAN_INT_SR_REG.byte[0u] = TX_CAN_FORM_ERROR_MASK;
 229:.\Generated_Source\PSoC5/TX_CAN_INT.c **** 
 230:.\Generated_Source\PSoC5/TX_CAN_INT.c ****         /* `#START MESSAGE_ERROR_ISR` */
 231:.\Generated_Source\PSoC5/TX_CAN_INT.c **** 
 232:.\Generated_Source\PSoC5/TX_CAN_INT.c ****         /* `#END` */
 233:.\Generated_Source\PSoC5/TX_CAN_INT.c **** 
 234:.\Generated_Source\PSoC5/TX_CAN_INT.c ****         #ifdef TX_CAN_MSG_ERROR_ISR_CALLBACK
 235:.\Generated_Source\PSoC5/TX_CAN_INT.c ****             TX_CAN_MsgErrorIsr_Callback();
 236:.\Generated_Source\PSoC5/TX_CAN_INT.c ****         #endif /* TX_CAN_MSG_ERROR_ISR_CALLBACK */
 237:.\Generated_Source\PSoC5/TX_CAN_INT.c ****     }
 238:.\Generated_Source\PSoC5/TX_CAN_INT.c **** #endif /* TX_CAN_FORM_ERR */
 239:.\Generated_Source\PSoC5/TX_CAN_INT.c **** 
 240:.\Generated_Source\PSoC5/TX_CAN_INT.c **** 
 241:.\Generated_Source\PSoC5/TX_CAN_INT.c **** #if (TX_CAN_CRC_ERR)
 242:.\Generated_Source\PSoC5/TX_CAN_INT.c ****     /*******************************************************************************
 243:.\Generated_Source\PSoC5/TX_CAN_INT.c ****     * FUNCTION NAME:   TX_CAN_CrcErrorIsr
 244:.\Generated_Source\PSoC5/TX_CAN_INT.c ****     ********************************************************************************
 245:.\Generated_Source\PSoC5/TX_CAN_INT.c ****     *
 246:.\Generated_Source\PSoC5/TX_CAN_INT.c ****     * Summary:
 247:.\Generated_Source\PSoC5/TX_CAN_INT.c ****     *  This function is entry point to CRC Error Interrupt. Clears CRC Error
 248:.\Generated_Source\PSoC5/TX_CAN_INT.c ****     *  interrupt flag. Only generated if CRC Error Interrupt enable in Customizer.
 249:.\Generated_Source\PSoC5/TX_CAN_INT.c ****     *
 250:.\Generated_Source\PSoC5/TX_CAN_INT.c ****     * Parameters:
 251:.\Generated_Source\PSoC5/TX_CAN_INT.c ****     *  None.
 252:.\Generated_Source\PSoC5/TX_CAN_INT.c ****     *
 253:.\Generated_Source\PSoC5/TX_CAN_INT.c ****     * Return:
 254:.\Generated_Source\PSoC5/TX_CAN_INT.c ****     *  None.
 255:.\Generated_Source\PSoC5/TX_CAN_INT.c ****     *
 256:.\Generated_Source\PSoC5/TX_CAN_INT.c ****     * Reentrant:
 257:.\Generated_Source\PSoC5/TX_CAN_INT.c ****     *  Depends on Customer code.
 258:.\Generated_Source\PSoC5/TX_CAN_INT.c ****     *
 259:.\Generated_Source\PSoC5/TX_CAN_INT.c ****     *******************************************************************************/
ARM GAS  C:\Users\HENRYA~1\AppData\Local\Temp\ccL8qTSh.s 			page 6


 260:.\Generated_Source\PSoC5/TX_CAN_INT.c ****     void TX_CAN_CrcErrorIsr(void) 
 261:.\Generated_Source\PSoC5/TX_CAN_INT.c ****     {
 262:.\Generated_Source\PSoC5/TX_CAN_INT.c ****         /* Clear CRC Error flag */
 263:.\Generated_Source\PSoC5/TX_CAN_INT.c ****         TX_CAN_INT_SR_REG.byte[1u] = TX_CAN_CRC_ERROR_MASK;
 264:.\Generated_Source\PSoC5/TX_CAN_INT.c **** 
 265:.\Generated_Source\PSoC5/TX_CAN_INT.c ****         /* `#START CRC_ERROR_ISR` */
 266:.\Generated_Source\PSoC5/TX_CAN_INT.c **** 
 267:.\Generated_Source\PSoC5/TX_CAN_INT.c ****         /* `#END` */
 268:.\Generated_Source\PSoC5/TX_CAN_INT.c **** 
 269:.\Generated_Source\PSoC5/TX_CAN_INT.c ****         #ifdef TX_CAN_CRC_ERROR_ISR_CALLBACK
 270:.\Generated_Source\PSoC5/TX_CAN_INT.c ****             TX_CAN_CrcErrorIsr_Callback();
 271:.\Generated_Source\PSoC5/TX_CAN_INT.c ****         #endif /* TX_CAN_CRC_ERROR_ISR_CALLBACK */
 272:.\Generated_Source\PSoC5/TX_CAN_INT.c ****     }
 273:.\Generated_Source\PSoC5/TX_CAN_INT.c **** #endif /* TX_CAN_CRC_ERR */
 274:.\Generated_Source\PSoC5/TX_CAN_INT.c **** 
 275:.\Generated_Source\PSoC5/TX_CAN_INT.c **** 
 276:.\Generated_Source\PSoC5/TX_CAN_INT.c **** #if (TX_CAN_BUS_OFF)
 277:.\Generated_Source\PSoC5/TX_CAN_INT.c ****     /*******************************************************************************
 278:.\Generated_Source\PSoC5/TX_CAN_INT.c ****     * FUNCTION NAME:   TX_CAN_BusOffIsr
 279:.\Generated_Source\PSoC5/TX_CAN_INT.c ****     ********************************************************************************
 280:.\Generated_Source\PSoC5/TX_CAN_INT.c ****     *
 281:.\Generated_Source\PSoC5/TX_CAN_INT.c ****     * Summary:
 282:.\Generated_Source\PSoC5/TX_CAN_INT.c ****     *  This function is entry point to Bus Off Interrupt. Places CAN Component
 283:.\Generated_Source\PSoC5/TX_CAN_INT.c ****     *  to Stop mode. Only generated if Bus Off Interrupt enable in Customizer.
 284:.\Generated_Source\PSoC5/TX_CAN_INT.c ****     *  Recommended setting to enable this interrupt.
 285:.\Generated_Source\PSoC5/TX_CAN_INT.c ****     *
 286:.\Generated_Source\PSoC5/TX_CAN_INT.c ****     * Parameters:
 287:.\Generated_Source\PSoC5/TX_CAN_INT.c ****     *  None.
 288:.\Generated_Source\PSoC5/TX_CAN_INT.c ****     *
 289:.\Generated_Source\PSoC5/TX_CAN_INT.c ****     * Return:
 290:.\Generated_Source\PSoC5/TX_CAN_INT.c ****     *  None.
 291:.\Generated_Source\PSoC5/TX_CAN_INT.c ****     *
 292:.\Generated_Source\PSoC5/TX_CAN_INT.c ****     * Side Effects:
 293:.\Generated_Source\PSoC5/TX_CAN_INT.c ****     *  Stops CAN component operation.
 294:.\Generated_Source\PSoC5/TX_CAN_INT.c ****     *
 295:.\Generated_Source\PSoC5/TX_CAN_INT.c ****     *******************************************************************************/
 296:.\Generated_Source\PSoC5/TX_CAN_INT.c ****     void TX_CAN_BusOffIsr(void) 
 297:.\Generated_Source\PSoC5/TX_CAN_INT.c ****     {
  27              		.loc 1 297 0
  28              		.cfi_startproc
  29              		@ args = 0, pretend = 0, frame = 0
  30              		@ frame_needed = 0, uses_anonymous_args = 0
  31 0000 08B5     		push	{r3, lr}
  32              		.cfi_def_cfa_offset 8
  33              		.cfi_offset 3, -8
  34              		.cfi_offset 14, -4
 298:.\Generated_Source\PSoC5/TX_CAN_INT.c ****         /* Clear Bus Off flag */
 299:.\Generated_Source\PSoC5/TX_CAN_INT.c ****         TX_CAN_INT_SR_REG.byte[1u] = TX_CAN_BUS_OFF_MASK;
  35              		.loc 1 299 0
  36 0002 0222     		movs	r2, #2
  37 0004 034B     		ldr	r3, .L3
  38 0006 5A70     		strb	r2, [r3, #1]
 300:.\Generated_Source\PSoC5/TX_CAN_INT.c ****         (void) TX_CAN_GlobalIntDisable();
  39              		.loc 1 300 0
  40 0008 FFF7FEFF 		bl	TX_CAN_GlobalIntDisable
  41              	.LVL0:
 301:.\Generated_Source\PSoC5/TX_CAN_INT.c **** 
ARM GAS  C:\Users\HENRYA~1\AppData\Local\Temp\ccL8qTSh.s 			page 7


 302:.\Generated_Source\PSoC5/TX_CAN_INT.c ****         /* `#START BUS_OFF_ISR` */
 303:.\Generated_Source\PSoC5/TX_CAN_INT.c **** 
 304:.\Generated_Source\PSoC5/TX_CAN_INT.c ****         /* `#END` */
 305:.\Generated_Source\PSoC5/TX_CAN_INT.c **** 
 306:.\Generated_Source\PSoC5/TX_CAN_INT.c ****         #ifdef TX_CAN_BUS_OFF_ISR_CALLBACK
 307:.\Generated_Source\PSoC5/TX_CAN_INT.c ****             TX_CAN_BusOffIsr_Callback();
 308:.\Generated_Source\PSoC5/TX_CAN_INT.c ****         #endif /* TX_CAN_BUS_OFF_ISR_CALLBACK */
 309:.\Generated_Source\PSoC5/TX_CAN_INT.c **** 
 310:.\Generated_Source\PSoC5/TX_CAN_INT.c ****         (void) TX_CAN_Stop();
  42              		.loc 1 310 0
  43 000c FFF7FEFF 		bl	TX_CAN_Stop
  44              	.LVL1:
  45 0010 08BD     		pop	{r3, pc}
  46              	.L4:
  47 0012 00BF     		.align	2
  48              	.L3:
  49 0014 00A00040 		.word	1073782784
  50              		.cfi_endproc
  51              	.LFE0:
  52              		.size	TX_CAN_BusOffIsr, .-TX_CAN_BusOffIsr
  53              		.section	.text.TX_CAN_MsgRXIsr,"ax",%progbits
  54              		.align	2
  55              		.global	TX_CAN_MsgRXIsr
  56              		.thumb
  57              		.thumb_func
  58              		.type	TX_CAN_MsgRXIsr, %function
  59              	TX_CAN_MsgRXIsr:
  60              	.LFB1:
 311:.\Generated_Source\PSoC5/TX_CAN_INT.c ****     }
 312:.\Generated_Source\PSoC5/TX_CAN_INT.c **** #endif /* TX_CAN_BUS_OFF */
 313:.\Generated_Source\PSoC5/TX_CAN_INT.c **** 
 314:.\Generated_Source\PSoC5/TX_CAN_INT.c **** 
 315:.\Generated_Source\PSoC5/TX_CAN_INT.c **** #if (TX_CAN_RX_MSG_LOST)
 316:.\Generated_Source\PSoC5/TX_CAN_INT.c ****     /*******************************************************************************
 317:.\Generated_Source\PSoC5/TX_CAN_INT.c ****     * FUNCTION NAME:   TX_CAN_MsgLostIsr
 318:.\Generated_Source\PSoC5/TX_CAN_INT.c ****     ********************************************************************************
 319:.\Generated_Source\PSoC5/TX_CAN_INT.c ****     *
 320:.\Generated_Source\PSoC5/TX_CAN_INT.c ****     * Summary:
 321:.\Generated_Source\PSoC5/TX_CAN_INT.c ****     *  This function is entry point to Message Lost Interrupt. Clears Message Lost
 322:.\Generated_Source\PSoC5/TX_CAN_INT.c ****     *  interrupt flag. Only generated if Message Lost Interrupt enable in Customizer
 323:.\Generated_Source\PSoC5/TX_CAN_INT.c ****     *
 324:.\Generated_Source\PSoC5/TX_CAN_INT.c ****     * Parameters:
 325:.\Generated_Source\PSoC5/TX_CAN_INT.c ****     *  None.
 326:.\Generated_Source\PSoC5/TX_CAN_INT.c ****     *
 327:.\Generated_Source\PSoC5/TX_CAN_INT.c ****     * Return:
 328:.\Generated_Source\PSoC5/TX_CAN_INT.c ****     *  None.
 329:.\Generated_Source\PSoC5/TX_CAN_INT.c ****     *
 330:.\Generated_Source\PSoC5/TX_CAN_INT.c ****     * Reentrant:
 331:.\Generated_Source\PSoC5/TX_CAN_INT.c ****     *  Depends on Customer code.
 332:.\Generated_Source\PSoC5/TX_CAN_INT.c ****     *
 333:.\Generated_Source\PSoC5/TX_CAN_INT.c ****     *******************************************************************************/
 334:.\Generated_Source\PSoC5/TX_CAN_INT.c ****     void TX_CAN_MsgLostIsr(void) 
 335:.\Generated_Source\PSoC5/TX_CAN_INT.c ****     {
 336:.\Generated_Source\PSoC5/TX_CAN_INT.c ****         /* Clear Receive Message Lost flag */
 337:.\Generated_Source\PSoC5/TX_CAN_INT.c ****         TX_CAN_INT_SR_REG.byte[1u] = TX_CAN_RX_MSG_LOST_MASK;
 338:.\Generated_Source\PSoC5/TX_CAN_INT.c **** 
 339:.\Generated_Source\PSoC5/TX_CAN_INT.c ****         /* `#START MESSAGE_LOST_ISR` */
ARM GAS  C:\Users\HENRYA~1\AppData\Local\Temp\ccL8qTSh.s 			page 8


 340:.\Generated_Source\PSoC5/TX_CAN_INT.c **** 
 341:.\Generated_Source\PSoC5/TX_CAN_INT.c ****         /* `#END` */
 342:.\Generated_Source\PSoC5/TX_CAN_INT.c **** 
 343:.\Generated_Source\PSoC5/TX_CAN_INT.c ****         #ifdef TX_CAN_MSG_LOST_ISR_CALLBACK
 344:.\Generated_Source\PSoC5/TX_CAN_INT.c ****             TX_CAN_MsgLostIsr_Callback();
 345:.\Generated_Source\PSoC5/TX_CAN_INT.c ****         #endif /* TX_CAN_MSG_LOST_ISR_CALLBACK */
 346:.\Generated_Source\PSoC5/TX_CAN_INT.c ****     }
 347:.\Generated_Source\PSoC5/TX_CAN_INT.c **** #endif /* TX_CAN_RX_MSG_LOST */
 348:.\Generated_Source\PSoC5/TX_CAN_INT.c **** 
 349:.\Generated_Source\PSoC5/TX_CAN_INT.c **** 
 350:.\Generated_Source\PSoC5/TX_CAN_INT.c **** #if (TX_CAN_TX_MESSAGE)
 351:.\Generated_Source\PSoC5/TX_CAN_INT.c ****     /*******************************************************************************
 352:.\Generated_Source\PSoC5/TX_CAN_INT.c ****     * FUNCTION NAME:   TX_CAN_MsgTXIsr
 353:.\Generated_Source\PSoC5/TX_CAN_INT.c ****     ********************************************************************************
 354:.\Generated_Source\PSoC5/TX_CAN_INT.c ****     *
 355:.\Generated_Source\PSoC5/TX_CAN_INT.c ****     * Summary:
 356:.\Generated_Source\PSoC5/TX_CAN_INT.c ****     *  This function is entry point to Transmit Message Interrupt. Clears Transmit
 357:.\Generated_Source\PSoC5/TX_CAN_INT.c ****     *  Message interrupt flag. Only generated if Transmit Message Interrupt enable
 358:.\Generated_Source\PSoC5/TX_CAN_INT.c ****     *  in Customizer.
 359:.\Generated_Source\PSoC5/TX_CAN_INT.c ****     *
 360:.\Generated_Source\PSoC5/TX_CAN_INT.c ****     * Parameters:
 361:.\Generated_Source\PSoC5/TX_CAN_INT.c ****     *  None.
 362:.\Generated_Source\PSoC5/TX_CAN_INT.c ****     *
 363:.\Generated_Source\PSoC5/TX_CAN_INT.c ****     * Return:
 364:.\Generated_Source\PSoC5/TX_CAN_INT.c ****     *  None.
 365:.\Generated_Source\PSoC5/TX_CAN_INT.c ****     *
 366:.\Generated_Source\PSoC5/TX_CAN_INT.c ****     * Reentrant:
 367:.\Generated_Source\PSoC5/TX_CAN_INT.c ****     *  Depends on Customer code.
 368:.\Generated_Source\PSoC5/TX_CAN_INT.c ****     *
 369:.\Generated_Source\PSoC5/TX_CAN_INT.c ****     *******************************************************************************/
 370:.\Generated_Source\PSoC5/TX_CAN_INT.c ****     void TX_CAN_MsgTXIsr(void) 
 371:.\Generated_Source\PSoC5/TX_CAN_INT.c ****     {
 372:.\Generated_Source\PSoC5/TX_CAN_INT.c ****         /* Clear Transmit Message flag */
 373:.\Generated_Source\PSoC5/TX_CAN_INT.c ****         TX_CAN_INT_SR_REG.byte[1u] = TX_CAN_TX_MESSAGE_MASK;
 374:.\Generated_Source\PSoC5/TX_CAN_INT.c **** 
 375:.\Generated_Source\PSoC5/TX_CAN_INT.c ****         /* `#START MESSAGE_TRANSMITTED_ISR` */
 376:.\Generated_Source\PSoC5/TX_CAN_INT.c **** 
 377:.\Generated_Source\PSoC5/TX_CAN_INT.c ****         /* `#END` */
 378:.\Generated_Source\PSoC5/TX_CAN_INT.c **** 
 379:.\Generated_Source\PSoC5/TX_CAN_INT.c ****         #ifdef TX_CAN_MSG_TX_ISR_CALLBACK
 380:.\Generated_Source\PSoC5/TX_CAN_INT.c ****             TX_CAN_MsgTXIsr_Callback();
 381:.\Generated_Source\PSoC5/TX_CAN_INT.c ****         #endif /* TX_CAN_MSG_TX_ISR_CALLBACK */
 382:.\Generated_Source\PSoC5/TX_CAN_INT.c ****     }
 383:.\Generated_Source\PSoC5/TX_CAN_INT.c **** #endif /* TX_CAN_TX_MESSAGE */
 384:.\Generated_Source\PSoC5/TX_CAN_INT.c **** 
 385:.\Generated_Source\PSoC5/TX_CAN_INT.c **** 
 386:.\Generated_Source\PSoC5/TX_CAN_INT.c **** #if (TX_CAN_RX_MESSAGE)
 387:.\Generated_Source\PSoC5/TX_CAN_INT.c ****     /*******************************************************************************
 388:.\Generated_Source\PSoC5/TX_CAN_INT.c ****     * FUNCTION NAME:   TX_CAN_MsgRXIsr
 389:.\Generated_Source\PSoC5/TX_CAN_INT.c ****     ********************************************************************************
 390:.\Generated_Source\PSoC5/TX_CAN_INT.c ****     *
 391:.\Generated_Source\PSoC5/TX_CAN_INT.c ****     * Summary:
 392:.\Generated_Source\PSoC5/TX_CAN_INT.c ****     *  This function is entry point to Receive Message Interrupt. Clears Receive
 393:.\Generated_Source\PSoC5/TX_CAN_INT.c ****     *  Message interrupt flag and call appropriate handlers for Basic and Full
 394:.\Generated_Source\PSoC5/TX_CAN_INT.c ****     *  interrupt based mailboxes. Only generated if Receive Message Interrupt
 395:.\Generated_Source\PSoC5/TX_CAN_INT.c ****     *  enable in Customizer. Recommended setting to enable this interrupt.
 396:.\Generated_Source\PSoC5/TX_CAN_INT.c ****     *
ARM GAS  C:\Users\HENRYA~1\AppData\Local\Temp\ccL8qTSh.s 			page 9


 397:.\Generated_Source\PSoC5/TX_CAN_INT.c ****     * Parameters:
 398:.\Generated_Source\PSoC5/TX_CAN_INT.c ****     *  None.
 399:.\Generated_Source\PSoC5/TX_CAN_INT.c ****     *
 400:.\Generated_Source\PSoC5/TX_CAN_INT.c ****     * Return:
 401:.\Generated_Source\PSoC5/TX_CAN_INT.c ****     *  None.
 402:.\Generated_Source\PSoC5/TX_CAN_INT.c ****     *
 403:.\Generated_Source\PSoC5/TX_CAN_INT.c ****     *******************************************************************************/
 404:.\Generated_Source\PSoC5/TX_CAN_INT.c ****     void TX_CAN_MsgRXIsr(void) 
 405:.\Generated_Source\PSoC5/TX_CAN_INT.c ****     {
  61              		.loc 1 405 0
  62              		.cfi_startproc
  63              		@ args = 0, pretend = 0, frame = 0
  64              		@ frame_needed = 0, uses_anonymous_args = 0
  65 0000 38B5     		push	{r3, r4, r5, lr}
  66              		.cfi_def_cfa_offset 16
  67              		.cfi_offset 3, -16
  68              		.cfi_offset 4, -12
  69              		.cfi_offset 5, -8
  70              		.cfi_offset 14, -4
  71              	.LVL2:
 406:.\Generated_Source\PSoC5/TX_CAN_INT.c ****         uint8 mailboxNumber;
 407:.\Generated_Source\PSoC5/TX_CAN_INT.c ****         uint16 shift = 0x01u;
 408:.\Generated_Source\PSoC5/TX_CAN_INT.c **** 
 409:.\Generated_Source\PSoC5/TX_CAN_INT.c ****         /* Clear Receive Message flag */
 410:.\Generated_Source\PSoC5/TX_CAN_INT.c ****         TX_CAN_INT_SR_REG.byte[1u] = TX_CAN_RX_MESSAGE_MASK;
  72              		.loc 1 410 0
  73 0002 1022     		movs	r2, #16
  74 0004 0F4B     		ldr	r3, .L12
  75 0006 5A70     		strb	r2, [r3, #1]
  76              	.LVL3:
 407:.\Generated_Source\PSoC5/TX_CAN_INT.c **** 
  77              		.loc 1 407 0
  78 0008 0125     		movs	r5, #1
 411:.\Generated_Source\PSoC5/TX_CAN_INT.c **** 
 412:.\Generated_Source\PSoC5/TX_CAN_INT.c ****         /* `#START MESSAGE_RECEIVE_ISR` */
 413:.\Generated_Source\PSoC5/TX_CAN_INT.c **** 
 414:.\Generated_Source\PSoC5/TX_CAN_INT.c ****         /* `#END` */
 415:.\Generated_Source\PSoC5/TX_CAN_INT.c **** 
 416:.\Generated_Source\PSoC5/TX_CAN_INT.c ****         #ifdef TX_CAN_MSG_RX_ISR_CALLBACK
 417:.\Generated_Source\PSoC5/TX_CAN_INT.c ****             TX_CAN_MsgRXIsr_Callback();
 418:.\Generated_Source\PSoC5/TX_CAN_INT.c ****         #endif /* TX_CAN_MSG_RX_ISR_CALLBACK */
 419:.\Generated_Source\PSoC5/TX_CAN_INT.c **** 
 420:.\Generated_Source\PSoC5/TX_CAN_INT.c ****         for (mailboxNumber = 0u; mailboxNumber < TX_CAN_NUMBER_OF_RX_MAILBOXES; mailboxNumber++)
  79              		.loc 1 420 0
  80 000a 0024     		movs	r4, #0
  81 000c 17E0     		b	.L6
  82              	.LVL4:
  83              	.L10:
 421:.\Generated_Source\PSoC5/TX_CAN_INT.c ****         {
 422:.\Generated_Source\PSoC5/TX_CAN_INT.c ****             if ((CY_GET_REG16((reg16 *) &TX_CAN_BUF_SR_REG.byte[0u]) & shift) != 0u)
  84              		.loc 1 422 0
  85 000e 0E4B     		ldr	r3, .L12+4
  86 0010 1B88     		ldrh	r3, [r3]
  87 0012 1D42     		tst	r5, r3
  88 0014 0FD0     		beq	.L7
 423:.\Generated_Source\PSoC5/TX_CAN_INT.c ****             {
 424:.\Generated_Source\PSoC5/TX_CAN_INT.c ****                 if ((TX_CAN_RX[mailboxNumber].rxcmd.byte[0u] & TX_CAN_RX_INT_ENABLE_MASK) != 0u)
ARM GAS  C:\Users\HENRYA~1\AppData\Local\Temp\ccL8qTSh.s 			page 10


  89              		.loc 1 424 0
  90 0016 6301     		lsls	r3, r4, #5
  91 0018 0C4A     		ldr	r2, .L12+8
  92 001a 9B5C     		ldrb	r3, [r3, r2]	@ zero_extendqisi2
  93 001c 13F0200F 		tst	r3, #32
  94 0020 09D0     		beq	.L7
 425:.\Generated_Source\PSoC5/TX_CAN_INT.c ****                 {
 426:.\Generated_Source\PSoC5/TX_CAN_INT.c ****                     if ((TX_CAN_RX_MAILBOX_TYPE & shift) != 0u)
  95              		.loc 1 426 0
  96 0022 15F0010F 		tst	r5, #1
  97 0026 03D0     		beq	.L8
 427:.\Generated_Source\PSoC5/TX_CAN_INT.c ****                     {
 428:.\Generated_Source\PSoC5/TX_CAN_INT.c ****                         /* RX Full mailboxes handler */
 429:.\Generated_Source\PSoC5/TX_CAN_INT.c ****                         switch(mailboxNumber)
  98              		.loc 1 429 0
  99 0028 2CB9     		cbnz	r4, .L7
 430:.\Generated_Source\PSoC5/TX_CAN_INT.c ****                         {
 431:.\Generated_Source\PSoC5/TX_CAN_INT.c ****                             case 0u : TX_CAN_ReceiveMsg0();
 100              		.loc 1 431 0
 101 002a FFF7FEFF 		bl	TX_CAN_ReceiveMsg0
 102              	.LVL5:
 432:.\Generated_Source\PSoC5/TX_CAN_INT.c ****                             break;
 103              		.loc 1 432 0
 104 002e 02E0     		b	.L7
 105              	.L8:
 433:.\Generated_Source\PSoC5/TX_CAN_INT.c ****                             default:
 434:.\Generated_Source\PSoC5/TX_CAN_INT.c ****                             break;
 435:.\Generated_Source\PSoC5/TX_CAN_INT.c ****                         }
 436:.\Generated_Source\PSoC5/TX_CAN_INT.c ****                     }
 437:.\Generated_Source\PSoC5/TX_CAN_INT.c ****                     else
 438:.\Generated_Source\PSoC5/TX_CAN_INT.c ****                     {
 439:.\Generated_Source\PSoC5/TX_CAN_INT.c ****                         /* RX Basic mailbox handler */
 440:.\Generated_Source\PSoC5/TX_CAN_INT.c ****                         TX_CAN_ReceiveMsg(mailboxNumber);
 106              		.loc 1 440 0
 107 0030 2046     		mov	r0, r4
 108 0032 FFF7FEFF 		bl	TX_CAN_ReceiveMsg
 109              	.LVL6:
 110              	.L7:
 441:.\Generated_Source\PSoC5/TX_CAN_INT.c ****                     }
 442:.\Generated_Source\PSoC5/TX_CAN_INT.c ****                 }
 443:.\Generated_Source\PSoC5/TX_CAN_INT.c ****             }
 444:.\Generated_Source\PSoC5/TX_CAN_INT.c ****             shift <<= 1u;
 111              		.loc 1 444 0 discriminator 2
 112 0036 6D00     		lsls	r5, r5, #1
 113              	.LVL7:
 114 0038 ADB2     		uxth	r5, r5
 115              	.LVL8:
 420:.\Generated_Source\PSoC5/TX_CAN_INT.c ****         {
 116              		.loc 1 420 0 discriminator 2
 117 003a 0134     		adds	r4, r4, #1
 118              	.LVL9:
 119 003c E4B2     		uxtb	r4, r4
 120              	.LVL10:
 121              	.L6:
 420:.\Generated_Source\PSoC5/TX_CAN_INT.c ****         {
 122              		.loc 1 420 0 is_stmt 0 discriminator 1
 123 003e 0F2C     		cmp	r4, #15
ARM GAS  C:\Users\HENRYA~1\AppData\Local\Temp\ccL8qTSh.s 			page 11


 124 0040 E5D9     		bls	.L10
 445:.\Generated_Source\PSoC5/TX_CAN_INT.c ****         }
 446:.\Generated_Source\PSoC5/TX_CAN_INT.c ****     }
 125              		.loc 1 446 0 is_stmt 1
 126 0042 38BD     		pop	{r3, r4, r5, pc}
 127              	.LVL11:
 128              	.L13:
 129              		.align	2
 130              	.L12:
 131 0044 00A00040 		.word	1073782784
 132 0048 08A00040 		.word	1073782792
 133 004c A0A00040 		.word	1073782944
 134              		.cfi_endproc
 135              	.LFE1:
 136              		.size	TX_CAN_MsgRXIsr, .-TX_CAN_MsgRXIsr
 137              		.section	.text.TX_CAN_ISR,"ax",%progbits
 138              		.align	2
 139              		.global	TX_CAN_ISR
 140              		.thumb
 141              		.thumb_func
 142              		.type	TX_CAN_ISR, %function
 143              	TX_CAN_ISR:
 144              	.LFB2:
 447:.\Generated_Source\PSoC5/TX_CAN_INT.c **** #endif /* TX_CAN_RX_MESSAGE */
 448:.\Generated_Source\PSoC5/TX_CAN_INT.c **** 
 449:.\Generated_Source\PSoC5/TX_CAN_INT.c **** 
 450:.\Generated_Source\PSoC5/TX_CAN_INT.c **** /*******************************************************************************
 451:.\Generated_Source\PSoC5/TX_CAN_INT.c **** * Function Name: TX_CAN_ISR
 452:.\Generated_Source\PSoC5/TX_CAN_INT.c **** ********************************************************************************
 453:.\Generated_Source\PSoC5/TX_CAN_INT.c **** *
 454:.\Generated_Source\PSoC5/TX_CAN_INT.c **** * Summary:
 455:.\Generated_Source\PSoC5/TX_CAN_INT.c **** *  This ISR is executed when CAN Core generates and interrupt on one of events:
 456:.\Generated_Source\PSoC5/TX_CAN_INT.c **** *  Arb_lost, Overload, Bit_err, Stuff_err, Ack_err, Form_err, Crc_err,
 457:.\Generated_Source\PSoC5/TX_CAN_INT.c **** *  Buss_off, Rx_msg_lost, Tx_msg or Rx_msg. The interrupt sources depends
 458:.\Generated_Source\PSoC5/TX_CAN_INT.c **** *  on the Customizer inputs.
 459:.\Generated_Source\PSoC5/TX_CAN_INT.c **** *
 460:.\Generated_Source\PSoC5/TX_CAN_INT.c **** * Parameters:
 461:.\Generated_Source\PSoC5/TX_CAN_INT.c **** *  None.
 462:.\Generated_Source\PSoC5/TX_CAN_INT.c **** *
 463:.\Generated_Source\PSoC5/TX_CAN_INT.c **** * Return:
 464:.\Generated_Source\PSoC5/TX_CAN_INT.c **** *  None.
 465:.\Generated_Source\PSoC5/TX_CAN_INT.c **** *
 466:.\Generated_Source\PSoC5/TX_CAN_INT.c **** *******************************************************************************/
 467:.\Generated_Source\PSoC5/TX_CAN_INT.c **** CY_ISR(TX_CAN_ISR)
 468:.\Generated_Source\PSoC5/TX_CAN_INT.c **** {
 145              		.loc 1 468 0
 146              		.cfi_startproc
 147              		@ args = 0, pretend = 0, frame = 0
 148              		@ frame_needed = 0, uses_anonymous_args = 0
 149 0000 08B5     		push	{r3, lr}
 150              		.cfi_def_cfa_offset 8
 151              		.cfi_offset 3, -8
 152              		.cfi_offset 14, -4
 469:.\Generated_Source\PSoC5/TX_CAN_INT.c ****     #ifdef TX_CAN_ISR_INTERRUPT_CALLBACK
 470:.\Generated_Source\PSoC5/TX_CAN_INT.c ****         TX_CAN_ISR_InterruptCallback();
 471:.\Generated_Source\PSoC5/TX_CAN_INT.c ****     #endif /* TX_CAN_ISR_INTERRUPT_CALLBACK */
 472:.\Generated_Source\PSoC5/TX_CAN_INT.c ****     
ARM GAS  C:\Users\HENRYA~1\AppData\Local\Temp\ccL8qTSh.s 			page 12


 473:.\Generated_Source\PSoC5/TX_CAN_INT.c ****     /* Place your Interrupt code here. */
 474:.\Generated_Source\PSoC5/TX_CAN_INT.c ****     /* `#START CAN_ISR` */
 475:.\Generated_Source\PSoC5/TX_CAN_INT.c **** 
 476:.\Generated_Source\PSoC5/TX_CAN_INT.c ****     /* `#END` */
 477:.\Generated_Source\PSoC5/TX_CAN_INT.c ****     
 478:.\Generated_Source\PSoC5/TX_CAN_INT.c ****     /* Arbitration */
 479:.\Generated_Source\PSoC5/TX_CAN_INT.c ****     #if (TX_CAN_ARB_LOST && (TX_CAN_ARB_LOST_USE_HELPER || \
 480:.\Generated_Source\PSoC5/TX_CAN_INT.c ****         (!TX_CAN_ADVANCED_INTERRUPT_CFG)))
 481:.\Generated_Source\PSoC5/TX_CAN_INT.c ****         if ((TX_CAN_INT_SR_REG.byte[0u] & TX_CAN_ARBITRATION_LOST_MASK) != 0u)
 482:.\Generated_Source\PSoC5/TX_CAN_INT.c ****         {
 483:.\Generated_Source\PSoC5/TX_CAN_INT.c ****             TX_CAN_ArbLostIsr();
 484:.\Generated_Source\PSoC5/TX_CAN_INT.c ****         }
 485:.\Generated_Source\PSoC5/TX_CAN_INT.c ****     #endif /* TX_CAN_ARB_LOST && TX_CAN_ARB_LOST_USE_HELPER */
 486:.\Generated_Source\PSoC5/TX_CAN_INT.c **** 
 487:.\Generated_Source\PSoC5/TX_CAN_INT.c ****     /* Overload Error */
 488:.\Generated_Source\PSoC5/TX_CAN_INT.c ****     #if (TX_CAN_OVERLOAD && (TX_CAN_OVERLOAD_USE_HELPER || \
 489:.\Generated_Source\PSoC5/TX_CAN_INT.c ****         (!TX_CAN_ADVANCED_INTERRUPT_CFG)))
 490:.\Generated_Source\PSoC5/TX_CAN_INT.c ****         if ((TX_CAN_INT_SR_REG.byte[0u] & TX_CAN_OVERLOAD_ERROR_MASK) != 0u)
 491:.\Generated_Source\PSoC5/TX_CAN_INT.c ****         {
 492:.\Generated_Source\PSoC5/TX_CAN_INT.c ****             TX_CAN_OvrLdErrorIsr();
 493:.\Generated_Source\PSoC5/TX_CAN_INT.c ****         }
 494:.\Generated_Source\PSoC5/TX_CAN_INT.c ****     #endif /* TX_CAN_OVERLOAD && TX_CAN_OVERLOAD_USE_HELPER */
 495:.\Generated_Source\PSoC5/TX_CAN_INT.c **** 
 496:.\Generated_Source\PSoC5/TX_CAN_INT.c ****     /* Bit Error */
 497:.\Generated_Source\PSoC5/TX_CAN_INT.c ****     #if (TX_CAN_BIT_ERR && (TX_CAN_BIT_ERR_USE_HELPER || \
 498:.\Generated_Source\PSoC5/TX_CAN_INT.c ****         (!TX_CAN_ADVANCED_INTERRUPT_CFG)))
 499:.\Generated_Source\PSoC5/TX_CAN_INT.c ****         if ((TX_CAN_INT_SR_REG.byte[0u] & TX_CAN_BIT_ERROR_MASK) != 0u)
 500:.\Generated_Source\PSoC5/TX_CAN_INT.c ****         {
 501:.\Generated_Source\PSoC5/TX_CAN_INT.c ****             TX_CAN_BitErrorIsr();
 502:.\Generated_Source\PSoC5/TX_CAN_INT.c ****         }
 503:.\Generated_Source\PSoC5/TX_CAN_INT.c ****     #endif /* TX_CAN_BIT_ERR && TX_CAN_BIT_ERR_USE_HELPER */
 504:.\Generated_Source\PSoC5/TX_CAN_INT.c **** 
 505:.\Generated_Source\PSoC5/TX_CAN_INT.c ****     /* Bit Staff Error */
 506:.\Generated_Source\PSoC5/TX_CAN_INT.c ****     #if (TX_CAN_STUFF_ERR && (TX_CAN_STUFF_ERR_USE_HELPER || \
 507:.\Generated_Source\PSoC5/TX_CAN_INT.c ****         (!TX_CAN_ADVANCED_INTERRUPT_CFG)))
 508:.\Generated_Source\PSoC5/TX_CAN_INT.c ****         if ((TX_CAN_INT_SR_REG.byte[0u] & TX_CAN_STUFF_ERROR_MASK) != 0u)
 509:.\Generated_Source\PSoC5/TX_CAN_INT.c ****         {
 510:.\Generated_Source\PSoC5/TX_CAN_INT.c ****             TX_CAN_BitStuffErrorIsr();
 511:.\Generated_Source\PSoC5/TX_CAN_INT.c ****         }
 512:.\Generated_Source\PSoC5/TX_CAN_INT.c ****     #endif /* TX_CAN_STUFF_ERR && TX_CAN_STUFF_ERR_USE_HELPER */
 513:.\Generated_Source\PSoC5/TX_CAN_INT.c **** 
 514:.\Generated_Source\PSoC5/TX_CAN_INT.c ****     /* ACK Error */
 515:.\Generated_Source\PSoC5/TX_CAN_INT.c ****     #if (TX_CAN_ACK_ERR && (TX_CAN_ACK_ERR_USE_HELPER || \
 516:.\Generated_Source\PSoC5/TX_CAN_INT.c ****         (!TX_CAN_ADVANCED_INTERRUPT_CFG)))
 517:.\Generated_Source\PSoC5/TX_CAN_INT.c ****         if ((TX_CAN_INT_SR_REG.byte[0u] & TX_CAN_ACK_ERROR_MASK) != 0u)
 518:.\Generated_Source\PSoC5/TX_CAN_INT.c ****         {
 519:.\Generated_Source\PSoC5/TX_CAN_INT.c ****             TX_CAN_AckErrorIsr();
 520:.\Generated_Source\PSoC5/TX_CAN_INT.c ****         }
 521:.\Generated_Source\PSoC5/TX_CAN_INT.c ****     #endif /* TX_CAN_ACK_ERR && TX_CAN_ACK_ERR_USE_HELPER */
 522:.\Generated_Source\PSoC5/TX_CAN_INT.c **** 
 523:.\Generated_Source\PSoC5/TX_CAN_INT.c ****     /* Form(msg) Error */
 524:.\Generated_Source\PSoC5/TX_CAN_INT.c ****     #if (TX_CAN_FORM_ERR && (TX_CAN_FORM_ERR_USE_HELPER || \
 525:.\Generated_Source\PSoC5/TX_CAN_INT.c ****         (!TX_CAN_ADVANCED_INTERRUPT_CFG)))
 526:.\Generated_Source\PSoC5/TX_CAN_INT.c ****         if ((TX_CAN_INT_SR_REG.byte[0u] & TX_CAN_FORM_ERROR_MASK) != 0u)
 527:.\Generated_Source\PSoC5/TX_CAN_INT.c ****         {
 528:.\Generated_Source\PSoC5/TX_CAN_INT.c ****             TX_CAN_MsgErrorIsr();
 529:.\Generated_Source\PSoC5/TX_CAN_INT.c ****         }
ARM GAS  C:\Users\HENRYA~1\AppData\Local\Temp\ccL8qTSh.s 			page 13


 530:.\Generated_Source\PSoC5/TX_CAN_INT.c ****     #endif /* TX_CAN_FORM_ERR && TX_CAN_FORM_ERR_USE_HELPER */
 531:.\Generated_Source\PSoC5/TX_CAN_INT.c **** 
 532:.\Generated_Source\PSoC5/TX_CAN_INT.c ****     /* CRC Error */
 533:.\Generated_Source\PSoC5/TX_CAN_INT.c ****     #if (TX_CAN_CRC_ERR && (TX_CAN_CRC_ERR_USE_HELPER || \
 534:.\Generated_Source\PSoC5/TX_CAN_INT.c ****         (!TX_CAN_ADVANCED_INTERRUPT_CFG)))
 535:.\Generated_Source\PSoC5/TX_CAN_INT.c ****         if ((TX_CAN_INT_SR_REG.byte[1u] & TX_CAN_CRC_ERROR_MASK) != 0u)
 536:.\Generated_Source\PSoC5/TX_CAN_INT.c ****         {
 537:.\Generated_Source\PSoC5/TX_CAN_INT.c ****             TX_CAN_CrcErrorIsr();
 538:.\Generated_Source\PSoC5/TX_CAN_INT.c ****         }
 539:.\Generated_Source\PSoC5/TX_CAN_INT.c ****     #endif /* TX_CAN_CRC_ERR && TX_CAN_CRC_ERR_USE_HELPER */
 540:.\Generated_Source\PSoC5/TX_CAN_INT.c **** 
 541:.\Generated_Source\PSoC5/TX_CAN_INT.c ****     /* Bus Off state */
 542:.\Generated_Source\PSoC5/TX_CAN_INT.c ****     #if (TX_CAN_BUS_OFF && (TX_CAN_BUS_OFF_USE_HELPER || \
 543:.\Generated_Source\PSoC5/TX_CAN_INT.c ****         (!TX_CAN_ADVANCED_INTERRUPT_CFG)))
 544:.\Generated_Source\PSoC5/TX_CAN_INT.c ****         if ((TX_CAN_INT_SR_REG.byte[1u] & TX_CAN_BUS_OFF_MASK) != 0u)
 153              		.loc 1 544 0
 154 0002 074B     		ldr	r3, .L18
 155 0004 5B78     		ldrb	r3, [r3, #1]	@ zero_extendqisi2
 156 0006 13F0020F 		tst	r3, #2
 157 000a 01D0     		beq	.L15
 545:.\Generated_Source\PSoC5/TX_CAN_INT.c ****         {
 546:.\Generated_Source\PSoC5/TX_CAN_INT.c ****             TX_CAN_BusOffIsr();
 158              		.loc 1 546 0
 159 000c FFF7FEFF 		bl	TX_CAN_BusOffIsr
 160              	.LVL12:
 161              	.L15:
 547:.\Generated_Source\PSoC5/TX_CAN_INT.c ****         }
 548:.\Generated_Source\PSoC5/TX_CAN_INT.c ****     #endif /* TX_CAN_BUS_OFF && TX_CAN_BUS_OFF_USE_HELPER */
 549:.\Generated_Source\PSoC5/TX_CAN_INT.c **** 
 550:.\Generated_Source\PSoC5/TX_CAN_INT.c ****     /* Message Lost */
 551:.\Generated_Source\PSoC5/TX_CAN_INT.c ****     #if (TX_CAN_RX_MSG_LOST && (TX_CAN_RX_MSG_LOST_USE_HELPER || \
 552:.\Generated_Source\PSoC5/TX_CAN_INT.c ****         (!TX_CAN_ADVANCED_INTERRUPT_CFG)))
 553:.\Generated_Source\PSoC5/TX_CAN_INT.c ****         if ((TX_CAN_INT_SR_REG.byte[1u] & TX_CAN_RX_MSG_LOST_MASK) != 0u)
 554:.\Generated_Source\PSoC5/TX_CAN_INT.c ****         {
 555:.\Generated_Source\PSoC5/TX_CAN_INT.c ****             TX_CAN_MsgLostIsr();
 556:.\Generated_Source\PSoC5/TX_CAN_INT.c ****         }
 557:.\Generated_Source\PSoC5/TX_CAN_INT.c ****     #endif /* TX_CAN_RX_MSG_LOST && TX_CAN_RX_MSG_LOST_USE_HELPER */
 558:.\Generated_Source\PSoC5/TX_CAN_INT.c **** 
 559:.\Generated_Source\PSoC5/TX_CAN_INT.c ****     /* TX Message Send */
 560:.\Generated_Source\PSoC5/TX_CAN_INT.c ****     #if (TX_CAN_TX_MESSAGE && (TX_CAN_TX_MESSAGE_USE_HELPER || \
 561:.\Generated_Source\PSoC5/TX_CAN_INT.c ****         (!TX_CAN_ADVANCED_INTERRUPT_CFG)))
 562:.\Generated_Source\PSoC5/TX_CAN_INT.c ****         if ((TX_CAN_INT_SR_REG.byte[1u] & TX_CAN_TX_MESSAGE_MASK) != 0u)
 563:.\Generated_Source\PSoC5/TX_CAN_INT.c ****         {
 564:.\Generated_Source\PSoC5/TX_CAN_INT.c ****             TX_CAN_MsgTXIsr();
 565:.\Generated_Source\PSoC5/TX_CAN_INT.c ****         }
 566:.\Generated_Source\PSoC5/TX_CAN_INT.c ****     #endif /* TX_CAN_TX_MESSAGE && TX_CAN_TX_MESSAGE_USE_HELPER */
 567:.\Generated_Source\PSoC5/TX_CAN_INT.c **** 
 568:.\Generated_Source\PSoC5/TX_CAN_INT.c ****     /* RX Message Available */
 569:.\Generated_Source\PSoC5/TX_CAN_INT.c ****     #if (TX_CAN_RX_MESSAGE && (TX_CAN_RX_MESSAGE_USE_HELPER || \
 570:.\Generated_Source\PSoC5/TX_CAN_INT.c ****         (!TX_CAN_ADVANCED_INTERRUPT_CFG)))
 571:.\Generated_Source\PSoC5/TX_CAN_INT.c ****         if ((TX_CAN_INT_SR_REG.byte[1u] & TX_CAN_RX_MESSAGE_MASK) != 0u)
 162              		.loc 1 571 0
 163 0010 034B     		ldr	r3, .L18
 164 0012 5B78     		ldrb	r3, [r3, #1]	@ zero_extendqisi2
 165 0014 13F0100F 		tst	r3, #16
 166 0018 01D0     		beq	.L14
 572:.\Generated_Source\PSoC5/TX_CAN_INT.c ****         {
ARM GAS  C:\Users\HENRYA~1\AppData\Local\Temp\ccL8qTSh.s 			page 14


 573:.\Generated_Source\PSoC5/TX_CAN_INT.c ****             TX_CAN_MsgRXIsr();
 167              		.loc 1 573 0
 168 001a FFF7FEFF 		bl	TX_CAN_MsgRXIsr
 169              	.LVL13:
 170              	.L14:
 171 001e 08BD     		pop	{r3, pc}
 172              	.L19:
 173              		.align	2
 174              	.L18:
 175 0020 00A00040 		.word	1073782784
 176              		.cfi_endproc
 177              	.LFE2:
 178              		.size	TX_CAN_ISR, .-TX_CAN_ISR
 179              		.text
 180              	.Letext0:
 181              		.file 2 ".\\Generated_Source\\PSoC5\\cytypes.h"
 182              		.file 3 ".\\Generated_Source\\PSoC5\\TX_CAN.h"
 183              		.section	.debug_info,"",%progbits
 184              	.Ldebug_info0:
 185 0000 5E020000 		.4byte	0x25e
 186 0004 0400     		.2byte	0x4
 187 0006 00000000 		.4byte	.Ldebug_abbrev0
 188 000a 04       		.byte	0x4
 189 000b 01       		.uleb128 0x1
 190 000c EC000000 		.4byte	.LASF35
 191 0010 01       		.byte	0x1
 192 0011 B8000000 		.4byte	.LASF36
 193 0015 04020000 		.4byte	.LASF37
 194 0019 00000000 		.4byte	.Ldebug_ranges0+0
 195 001d 00000000 		.4byte	0
 196 0021 00000000 		.4byte	.Ldebug_line0
 197 0025 02       		.uleb128 0x2
 198 0026 01       		.byte	0x1
 199 0027 06       		.byte	0x6
 200 0028 68020000 		.4byte	.LASF0
 201 002c 02       		.uleb128 0x2
 202 002d 01       		.byte	0x1
 203 002e 08       		.byte	0x8
 204 002f 64000000 		.4byte	.LASF1
 205 0033 02       		.uleb128 0x2
 206 0034 02       		.byte	0x2
 207 0035 05       		.byte	0x5
 208 0036 F5010000 		.4byte	.LASF2
 209 003a 02       		.uleb128 0x2
 210 003b 02       		.byte	0x2
 211 003c 07       		.byte	0x7
 212 003d 31000000 		.4byte	.LASF3
 213 0041 02       		.uleb128 0x2
 214 0042 04       		.byte	0x4
 215 0043 05       		.byte	0x5
 216 0044 4C020000 		.4byte	.LASF4
 217 0048 02       		.uleb128 0x2
 218 0049 04       		.byte	0x4
 219 004a 07       		.byte	0x7
 220 004b 7C000000 		.4byte	.LASF5
 221 004f 02       		.uleb128 0x2
 222 0050 08       		.byte	0x8
ARM GAS  C:\Users\HENRYA~1\AppData\Local\Temp\ccL8qTSh.s 			page 15


 223 0051 05       		.byte	0x5
 224 0052 C6010000 		.4byte	.LASF6
 225 0056 02       		.uleb128 0x2
 226 0057 08       		.byte	0x8
 227 0058 07       		.byte	0x7
 228 0059 99010000 		.4byte	.LASF7
 229 005d 03       		.uleb128 0x3
 230 005e 04       		.byte	0x4
 231 005f 05       		.byte	0x5
 232 0060 696E7400 		.ascii	"int\000"
 233 0064 02       		.uleb128 0x2
 234 0065 04       		.byte	0x4
 235 0066 07       		.byte	0x7
 236 0067 7A010000 		.4byte	.LASF8
 237 006b 04       		.uleb128 0x4
 238 006c 8E000000 		.4byte	.LASF9
 239 0070 02       		.byte	0x2
 240 0071 9201     		.2byte	0x192
 241 0073 2C000000 		.4byte	0x2c
 242 0077 04       		.uleb128 0x4
 243 0078 E5000000 		.4byte	.LASF10
 244 007c 02       		.byte	0x2
 245 007d 9301     		.2byte	0x193
 246 007f 3A000000 		.4byte	0x3a
 247 0083 02       		.uleb128 0x2
 248 0084 04       		.byte	0x4
 249 0085 04       		.byte	0x4
 250 0086 5E000000 		.4byte	.LASF11
 251 008a 02       		.uleb128 0x2
 252 008b 08       		.byte	0x8
 253 008c 04       		.byte	0x4
 254 008d DE000000 		.4byte	.LASF12
 255 0091 02       		.uleb128 0x2
 256 0092 01       		.byte	0x1
 257 0093 08       		.byte	0x8
 258 0094 55020000 		.4byte	.LASF13
 259 0098 04       		.uleb128 0x4
 260 0099 77000000 		.4byte	.LASF14
 261 009d 02       		.byte	0x2
 262 009e 3C02     		.2byte	0x23c
 263 00a0 A4000000 		.4byte	0xa4
 264 00a4 05       		.uleb128 0x5
 265 00a5 6B000000 		.4byte	0x6b
 266 00a9 04       		.uleb128 0x4
 267 00aa 00000000 		.4byte	.LASF15
 268 00ae 02       		.byte	0x2
 269 00af 3D02     		.2byte	0x23d
 270 00b1 B5000000 		.4byte	0xb5
 271 00b5 05       		.uleb128 0x5
 272 00b6 77000000 		.4byte	0x77
 273 00ba 02       		.uleb128 0x2
 274 00bb 04       		.byte	0x4
 275 00bc 07       		.byte	0x7
 276 00bd B6010000 		.4byte	.LASF16
 277 00c1 06       		.uleb128 0x6
 278 00c2 08       		.byte	0x8
 279 00c3 03       		.byte	0x3
ARM GAS  C:\Users\HENRYA~1\AppData\Local\Temp\ccL8qTSh.s 			page 16


 280 00c4 75       		.byte	0x75
 281 00c5 D6000000 		.4byte	0xd6
 282 00c9 07       		.uleb128 0x7
 283 00ca FF010000 		.4byte	.LASF18
 284 00ce 03       		.byte	0x3
 285 00cf 77       		.byte	0x77
 286 00d0 E6000000 		.4byte	0xe6
 287 00d4 00       		.byte	0
 288 00d5 00       		.byte	0
 289 00d6 08       		.uleb128 0x8
 290 00d7 98000000 		.4byte	0x98
 291 00db E6000000 		.4byte	0xe6
 292 00df 09       		.uleb128 0x9
 293 00e0 BA000000 		.4byte	0xba
 294 00e4 07       		.byte	0x7
 295 00e5 00       		.byte	0
 296 00e6 05       		.uleb128 0x5
 297 00e7 D6000000 		.4byte	0xd6
 298 00eb 0A       		.uleb128 0xa
 299 00ec 74020000 		.4byte	.LASF17
 300 00f0 03       		.byte	0x3
 301 00f1 78       		.byte	0x78
 302 00f2 C1000000 		.4byte	0xc1
 303 00f6 06       		.uleb128 0x6
 304 00f7 04       		.byte	0x4
 305 00f8 03       		.byte	0x3
 306 00f9 7B       		.byte	0x7b
 307 00fa 0B010000 		.4byte	0x10b
 308 00fe 07       		.uleb128 0x7
 309 00ff FF010000 		.4byte	.LASF18
 310 0103 03       		.byte	0x3
 311 0104 7D       		.byte	0x7d
 312 0105 1B010000 		.4byte	0x11b
 313 0109 00       		.byte	0
 314 010a 00       		.byte	0
 315 010b 08       		.uleb128 0x8
 316 010c 98000000 		.4byte	0x98
 317 0110 1B010000 		.4byte	0x11b
 318 0114 09       		.uleb128 0x9
 319 0115 BA000000 		.4byte	0xba
 320 0119 03       		.byte	0x3
 321 011a 00       		.byte	0
 322 011b 05       		.uleb128 0x5
 323 011c 0B010000 		.4byte	0x10b
 324 0120 0A       		.uleb128 0xa
 325 0121 5A020000 		.4byte	.LASF19
 326 0125 03       		.byte	0x3
 327 0126 7E       		.byte	0x7e
 328 0127 F6000000 		.4byte	0xf6
 329 012b 06       		.uleb128 0x6
 330 012c 20       		.byte	0x20
 331 012d 03       		.byte	0x3
 332 012e A0       		.byte	0xa0
 333 012f 88010000 		.4byte	0x188
 334 0133 07       		.uleb128 0x7
 335 0134 B0010000 		.4byte	.LASF20
 336 0138 03       		.byte	0x3
ARM GAS  C:\Users\HENRYA~1\AppData\Local\Temp\ccL8qTSh.s 			page 17


 337 0139 A2       		.byte	0xa2
 338 013a 20010000 		.4byte	0x120
 339 013e 00       		.byte	0
 340 013f 07       		.uleb128 0x7
 341 0140 72000000 		.4byte	.LASF21
 342 0144 03       		.byte	0x3
 343 0145 A3       		.byte	0xa3
 344 0146 20010000 		.4byte	0x120
 345 014a 04       		.byte	0x4
 346 014b 07       		.uleb128 0x7
 347 014c 50000000 		.4byte	.LASF22
 348 0150 03       		.byte	0x3
 349 0151 A4       		.byte	0xa4
 350 0152 EB000000 		.4byte	0xeb
 351 0156 08       		.byte	0x8
 352 0157 07       		.uleb128 0x7
 353 0158 0C000000 		.4byte	.LASF23
 354 015c 03       		.byte	0x3
 355 015d A5       		.byte	0xa5
 356 015e 20010000 		.4byte	0x120
 357 0162 10       		.byte	0x10
 358 0163 07       		.uleb128 0x7
 359 0164 A7000000 		.4byte	.LASF24
 360 0168 03       		.byte	0x3
 361 0169 A6       		.byte	0xa6
 362 016a 20010000 		.4byte	0x120
 363 016e 14       		.byte	0x14
 364 016f 07       		.uleb128 0x7
 365 0170 BF010000 		.4byte	.LASF25
 366 0174 03       		.byte	0x3
 367 0175 A7       		.byte	0xa7
 368 0176 20010000 		.4byte	0x120
 369 017a 18       		.byte	0x18
 370 017b 07       		.uleb128 0x7
 371 017c 57000000 		.4byte	.LASF26
 372 0180 03       		.byte	0x3
 373 0181 A8       		.byte	0xa8
 374 0182 20010000 		.4byte	0x120
 375 0186 1C       		.byte	0x1c
 376 0187 00       		.byte	0
 377 0188 0A       		.uleb128 0xa
 378 0189 20000000 		.4byte	.LASF27
 379 018d 03       		.byte	0x3
 380 018e A9       		.byte	0xa9
 381 018f 2B010000 		.4byte	0x12b
 382 0193 0B       		.uleb128 0xb
 383 0194 E4010000 		.4byte	.LASF28
 384 0198 01       		.byte	0x1
 385 0199 2801     		.2byte	0x128
 386 019b 00000000 		.4byte	.LFB0
 387 019f 18000000 		.4byte	.LFE0-.LFB0
 388 01a3 01       		.uleb128 0x1
 389 01a4 9C       		.byte	0x9c
 390 01a5 BC010000 		.4byte	0x1bc
 391 01a9 0C       		.uleb128 0xc
 392 01aa 0C000000 		.4byte	.LVL0
 393 01ae 35020000 		.4byte	0x235
ARM GAS  C:\Users\HENRYA~1\AppData\Local\Temp\ccL8qTSh.s 			page 18


 394 01b2 0C       		.uleb128 0xc
 395 01b3 10000000 		.4byte	.LVL1
 396 01b7 40020000 		.4byte	0x240
 397 01bb 00       		.byte	0
 398 01bc 0B       		.uleb128 0xb
 399 01bd D4010000 		.4byte	.LASF29
 400 01c1 01       		.byte	0x1
 401 01c2 9401     		.2byte	0x194
 402 01c4 00000000 		.4byte	.LFB1
 403 01c8 50000000 		.4byte	.LFE1-.LFB1
 404 01cc 01       		.uleb128 0x1
 405 01cd 9C       		.byte	0x9c
 406 01ce 0C020000 		.4byte	0x20c
 407 01d2 0D       		.uleb128 0xd
 408 01d3 12000000 		.4byte	.LASF30
 409 01d7 01       		.byte	0x1
 410 01d8 9601     		.2byte	0x196
 411 01da 6B000000 		.4byte	0x6b
 412 01de 00000000 		.4byte	.LLST0
 413 01e2 0D       		.uleb128 0xd
 414 01e3 06000000 		.4byte	.LASF31
 415 01e7 01       		.byte	0x1
 416 01e8 9701     		.2byte	0x197
 417 01ea 77000000 		.4byte	0x77
 418 01ee 2A000000 		.4byte	.LLST1
 419 01f2 0C       		.uleb128 0xc
 420 01f3 2E000000 		.4byte	.LVL5
 421 01f7 4B020000 		.4byte	0x24b
 422 01fb 0E       		.uleb128 0xe
 423 01fc 36000000 		.4byte	.LVL6
 424 0200 53020000 		.4byte	0x253
 425 0204 0F       		.uleb128 0xf
 426 0205 01       		.uleb128 0x1
 427 0206 50       		.byte	0x50
 428 0207 02       		.uleb128 0x2
 429 0208 74       		.byte	0x74
 430 0209 00       		.sleb128 0
 431 020a 00       		.byte	0
 432 020b 00       		.byte	0
 433 020c 0B       		.uleb128 0xb
 434 020d AD000000 		.4byte	.LASF32
 435 0211 01       		.byte	0x1
 436 0212 D301     		.2byte	0x1d3
 437 0214 00000000 		.4byte	.LFB2
 438 0218 24000000 		.4byte	.LFE2-.LFB2
 439 021c 01       		.uleb128 0x1
 440 021d 9C       		.byte	0x9c
 441 021e 35020000 		.4byte	0x235
 442 0222 0C       		.uleb128 0xc
 443 0223 10000000 		.4byte	.LVL12
 444 0227 93010000 		.4byte	0x193
 445 022b 0C       		.uleb128 0xc
 446 022c 1E000000 		.4byte	.LVL13
 447 0230 BC010000 		.4byte	0x1bc
 448 0234 00       		.byte	0
 449 0235 10       		.uleb128 0x10
 450 0236 86020000 		.4byte	.LASF33
ARM GAS  C:\Users\HENRYA~1\AppData\Local\Temp\ccL8qTSh.s 			page 19


 451 023a 03       		.byte	0x3
 452 023b C9       		.byte	0xc9
 453 023c 6B000000 		.4byte	0x6b
 454 0240 10       		.uleb128 0x10
 455 0241 44000000 		.4byte	.LASF34
 456 0245 03       		.byte	0x3
 457 0246 C6       		.byte	0xc6
 458 0247 6B000000 		.4byte	0x6b
 459 024b 11       		.uleb128 0x11
 460 024c 94000000 		.4byte	.LASF38
 461 0250 03       		.byte	0x3
 462 0251 3501     		.2byte	0x135
 463 0253 12       		.uleb128 0x12
 464 0254 87010000 		.4byte	.LASF39
 465 0258 03       		.byte	0x3
 466 0259 1A01     		.2byte	0x11a
 467 025b 13       		.uleb128 0x13
 468 025c 6B000000 		.4byte	0x6b
 469 0260 00       		.byte	0
 470 0261 00       		.byte	0
 471              		.section	.debug_abbrev,"",%progbits
 472              	.Ldebug_abbrev0:
 473 0000 01       		.uleb128 0x1
 474 0001 11       		.uleb128 0x11
 475 0002 01       		.byte	0x1
 476 0003 25       		.uleb128 0x25
 477 0004 0E       		.uleb128 0xe
 478 0005 13       		.uleb128 0x13
 479 0006 0B       		.uleb128 0xb
 480 0007 03       		.uleb128 0x3
 481 0008 0E       		.uleb128 0xe
 482 0009 1B       		.uleb128 0x1b
 483 000a 0E       		.uleb128 0xe
 484 000b 55       		.uleb128 0x55
 485 000c 17       		.uleb128 0x17
 486 000d 11       		.uleb128 0x11
 487 000e 01       		.uleb128 0x1
 488 000f 10       		.uleb128 0x10
 489 0010 17       		.uleb128 0x17
 490 0011 00       		.byte	0
 491 0012 00       		.byte	0
 492 0013 02       		.uleb128 0x2
 493 0014 24       		.uleb128 0x24
 494 0015 00       		.byte	0
 495 0016 0B       		.uleb128 0xb
 496 0017 0B       		.uleb128 0xb
 497 0018 3E       		.uleb128 0x3e
 498 0019 0B       		.uleb128 0xb
 499 001a 03       		.uleb128 0x3
 500 001b 0E       		.uleb128 0xe
 501 001c 00       		.byte	0
 502 001d 00       		.byte	0
 503 001e 03       		.uleb128 0x3
 504 001f 24       		.uleb128 0x24
 505 0020 00       		.byte	0
 506 0021 0B       		.uleb128 0xb
 507 0022 0B       		.uleb128 0xb
ARM GAS  C:\Users\HENRYA~1\AppData\Local\Temp\ccL8qTSh.s 			page 20


 508 0023 3E       		.uleb128 0x3e
 509 0024 0B       		.uleb128 0xb
 510 0025 03       		.uleb128 0x3
 511 0026 08       		.uleb128 0x8
 512 0027 00       		.byte	0
 513 0028 00       		.byte	0
 514 0029 04       		.uleb128 0x4
 515 002a 16       		.uleb128 0x16
 516 002b 00       		.byte	0
 517 002c 03       		.uleb128 0x3
 518 002d 0E       		.uleb128 0xe
 519 002e 3A       		.uleb128 0x3a
 520 002f 0B       		.uleb128 0xb
 521 0030 3B       		.uleb128 0x3b
 522 0031 05       		.uleb128 0x5
 523 0032 49       		.uleb128 0x49
 524 0033 13       		.uleb128 0x13
 525 0034 00       		.byte	0
 526 0035 00       		.byte	0
 527 0036 05       		.uleb128 0x5
 528 0037 35       		.uleb128 0x35
 529 0038 00       		.byte	0
 530 0039 49       		.uleb128 0x49
 531 003a 13       		.uleb128 0x13
 532 003b 00       		.byte	0
 533 003c 00       		.byte	0
 534 003d 06       		.uleb128 0x6
 535 003e 13       		.uleb128 0x13
 536 003f 01       		.byte	0x1
 537 0040 0B       		.uleb128 0xb
 538 0041 0B       		.uleb128 0xb
 539 0042 3A       		.uleb128 0x3a
 540 0043 0B       		.uleb128 0xb
 541 0044 3B       		.uleb128 0x3b
 542 0045 0B       		.uleb128 0xb
 543 0046 01       		.uleb128 0x1
 544 0047 13       		.uleb128 0x13
 545 0048 00       		.byte	0
 546 0049 00       		.byte	0
 547 004a 07       		.uleb128 0x7
 548 004b 0D       		.uleb128 0xd
 549 004c 00       		.byte	0
 550 004d 03       		.uleb128 0x3
 551 004e 0E       		.uleb128 0xe
 552 004f 3A       		.uleb128 0x3a
 553 0050 0B       		.uleb128 0xb
 554 0051 3B       		.uleb128 0x3b
 555 0052 0B       		.uleb128 0xb
 556 0053 49       		.uleb128 0x49
 557 0054 13       		.uleb128 0x13
 558 0055 38       		.uleb128 0x38
 559 0056 0B       		.uleb128 0xb
 560 0057 00       		.byte	0
 561 0058 00       		.byte	0
 562 0059 08       		.uleb128 0x8
 563 005a 01       		.uleb128 0x1
 564 005b 01       		.byte	0x1
ARM GAS  C:\Users\HENRYA~1\AppData\Local\Temp\ccL8qTSh.s 			page 21


 565 005c 49       		.uleb128 0x49
 566 005d 13       		.uleb128 0x13
 567 005e 01       		.uleb128 0x1
 568 005f 13       		.uleb128 0x13
 569 0060 00       		.byte	0
 570 0061 00       		.byte	0
 571 0062 09       		.uleb128 0x9
 572 0063 21       		.uleb128 0x21
 573 0064 00       		.byte	0
 574 0065 49       		.uleb128 0x49
 575 0066 13       		.uleb128 0x13
 576 0067 2F       		.uleb128 0x2f
 577 0068 0B       		.uleb128 0xb
 578 0069 00       		.byte	0
 579 006a 00       		.byte	0
 580 006b 0A       		.uleb128 0xa
 581 006c 16       		.uleb128 0x16
 582 006d 00       		.byte	0
 583 006e 03       		.uleb128 0x3
 584 006f 0E       		.uleb128 0xe
 585 0070 3A       		.uleb128 0x3a
 586 0071 0B       		.uleb128 0xb
 587 0072 3B       		.uleb128 0x3b
 588 0073 0B       		.uleb128 0xb
 589 0074 49       		.uleb128 0x49
 590 0075 13       		.uleb128 0x13
 591 0076 00       		.byte	0
 592 0077 00       		.byte	0
 593 0078 0B       		.uleb128 0xb
 594 0079 2E       		.uleb128 0x2e
 595 007a 01       		.byte	0x1
 596 007b 3F       		.uleb128 0x3f
 597 007c 19       		.uleb128 0x19
 598 007d 03       		.uleb128 0x3
 599 007e 0E       		.uleb128 0xe
 600 007f 3A       		.uleb128 0x3a
 601 0080 0B       		.uleb128 0xb
 602 0081 3B       		.uleb128 0x3b
 603 0082 05       		.uleb128 0x5
 604 0083 27       		.uleb128 0x27
 605 0084 19       		.uleb128 0x19
 606 0085 11       		.uleb128 0x11
 607 0086 01       		.uleb128 0x1
 608 0087 12       		.uleb128 0x12
 609 0088 06       		.uleb128 0x6
 610 0089 40       		.uleb128 0x40
 611 008a 18       		.uleb128 0x18
 612 008b 9742     		.uleb128 0x2117
 613 008d 19       		.uleb128 0x19
 614 008e 01       		.uleb128 0x1
 615 008f 13       		.uleb128 0x13
 616 0090 00       		.byte	0
 617 0091 00       		.byte	0
 618 0092 0C       		.uleb128 0xc
 619 0093 898201   		.uleb128 0x4109
 620 0096 00       		.byte	0
 621 0097 11       		.uleb128 0x11
ARM GAS  C:\Users\HENRYA~1\AppData\Local\Temp\ccL8qTSh.s 			page 22


 622 0098 01       		.uleb128 0x1
 623 0099 31       		.uleb128 0x31
 624 009a 13       		.uleb128 0x13
 625 009b 00       		.byte	0
 626 009c 00       		.byte	0
 627 009d 0D       		.uleb128 0xd
 628 009e 34       		.uleb128 0x34
 629 009f 00       		.byte	0
 630 00a0 03       		.uleb128 0x3
 631 00a1 0E       		.uleb128 0xe
 632 00a2 3A       		.uleb128 0x3a
 633 00a3 0B       		.uleb128 0xb
 634 00a4 3B       		.uleb128 0x3b
 635 00a5 05       		.uleb128 0x5
 636 00a6 49       		.uleb128 0x49
 637 00a7 13       		.uleb128 0x13
 638 00a8 02       		.uleb128 0x2
 639 00a9 17       		.uleb128 0x17
 640 00aa 00       		.byte	0
 641 00ab 00       		.byte	0
 642 00ac 0E       		.uleb128 0xe
 643 00ad 898201   		.uleb128 0x4109
 644 00b0 01       		.byte	0x1
 645 00b1 11       		.uleb128 0x11
 646 00b2 01       		.uleb128 0x1
 647 00b3 31       		.uleb128 0x31
 648 00b4 13       		.uleb128 0x13
 649 00b5 00       		.byte	0
 650 00b6 00       		.byte	0
 651 00b7 0F       		.uleb128 0xf
 652 00b8 8A8201   		.uleb128 0x410a
 653 00bb 00       		.byte	0
 654 00bc 02       		.uleb128 0x2
 655 00bd 18       		.uleb128 0x18
 656 00be 9142     		.uleb128 0x2111
 657 00c0 18       		.uleb128 0x18
 658 00c1 00       		.byte	0
 659 00c2 00       		.byte	0
 660 00c3 10       		.uleb128 0x10
 661 00c4 2E       		.uleb128 0x2e
 662 00c5 00       		.byte	0
 663 00c6 3F       		.uleb128 0x3f
 664 00c7 19       		.uleb128 0x19
 665 00c8 03       		.uleb128 0x3
 666 00c9 0E       		.uleb128 0xe
 667 00ca 3A       		.uleb128 0x3a
 668 00cb 0B       		.uleb128 0xb
 669 00cc 3B       		.uleb128 0x3b
 670 00cd 0B       		.uleb128 0xb
 671 00ce 27       		.uleb128 0x27
 672 00cf 19       		.uleb128 0x19
 673 00d0 49       		.uleb128 0x49
 674 00d1 13       		.uleb128 0x13
 675 00d2 3C       		.uleb128 0x3c
 676 00d3 19       		.uleb128 0x19
 677 00d4 00       		.byte	0
 678 00d5 00       		.byte	0
ARM GAS  C:\Users\HENRYA~1\AppData\Local\Temp\ccL8qTSh.s 			page 23


 679 00d6 11       		.uleb128 0x11
 680 00d7 2E       		.uleb128 0x2e
 681 00d8 00       		.byte	0
 682 00d9 3F       		.uleb128 0x3f
 683 00da 19       		.uleb128 0x19
 684 00db 03       		.uleb128 0x3
 685 00dc 0E       		.uleb128 0xe
 686 00dd 3A       		.uleb128 0x3a
 687 00de 0B       		.uleb128 0xb
 688 00df 3B       		.uleb128 0x3b
 689 00e0 05       		.uleb128 0x5
 690 00e1 27       		.uleb128 0x27
 691 00e2 19       		.uleb128 0x19
 692 00e3 3C       		.uleb128 0x3c
 693 00e4 19       		.uleb128 0x19
 694 00e5 00       		.byte	0
 695 00e6 00       		.byte	0
 696 00e7 12       		.uleb128 0x12
 697 00e8 2E       		.uleb128 0x2e
 698 00e9 01       		.byte	0x1
 699 00ea 3F       		.uleb128 0x3f
 700 00eb 19       		.uleb128 0x19
 701 00ec 03       		.uleb128 0x3
 702 00ed 0E       		.uleb128 0xe
 703 00ee 3A       		.uleb128 0x3a
 704 00ef 0B       		.uleb128 0xb
 705 00f0 3B       		.uleb128 0x3b
 706 00f1 05       		.uleb128 0x5
 707 00f2 27       		.uleb128 0x27
 708 00f3 19       		.uleb128 0x19
 709 00f4 3C       		.uleb128 0x3c
 710 00f5 19       		.uleb128 0x19
 711 00f6 00       		.byte	0
 712 00f7 00       		.byte	0
 713 00f8 13       		.uleb128 0x13
 714 00f9 05       		.uleb128 0x5
 715 00fa 00       		.byte	0
 716 00fb 49       		.uleb128 0x49
 717 00fc 13       		.uleb128 0x13
 718 00fd 00       		.byte	0
 719 00fe 00       		.byte	0
 720 00ff 00       		.byte	0
 721              		.section	.debug_loc,"",%progbits
 722              	.Ldebug_loc0:
 723              	.LLST0:
 724 0000 08000000 		.4byte	.LVL3
 725 0004 0E000000 		.4byte	.LVL4
 726 0008 0200     		.2byte	0x2
 727 000a 30       		.byte	0x30
 728 000b 9F       		.byte	0x9f
 729 000c 0E000000 		.4byte	.LVL4
 730 0010 3C000000 		.4byte	.LVL9
 731 0014 0100     		.2byte	0x1
 732 0016 54       		.byte	0x54
 733 0017 3E000000 		.4byte	.LVL10
 734 001b 44000000 		.4byte	.LVL11
 735 001f 0100     		.2byte	0x1
ARM GAS  C:\Users\HENRYA~1\AppData\Local\Temp\ccL8qTSh.s 			page 24


 736 0021 54       		.byte	0x54
 737 0022 00000000 		.4byte	0
 738 0026 00000000 		.4byte	0
 739              	.LLST1:
 740 002a 02000000 		.4byte	.LVL2
 741 002e 0E000000 		.4byte	.LVL4
 742 0032 0200     		.2byte	0x2
 743 0034 31       		.byte	0x31
 744 0035 9F       		.byte	0x9f
 745 0036 0E000000 		.4byte	.LVL4
 746 003a 38000000 		.4byte	.LVL7
 747 003e 0100     		.2byte	0x1
 748 0040 55       		.byte	0x55
 749 0041 3A000000 		.4byte	.LVL8
 750 0045 44000000 		.4byte	.LVL11
 751 0049 0100     		.2byte	0x1
 752 004b 55       		.byte	0x55
 753 004c 00000000 		.4byte	0
 754 0050 00000000 		.4byte	0
 755              		.section	.debug_aranges,"",%progbits
 756 0000 2C000000 		.4byte	0x2c
 757 0004 0200     		.2byte	0x2
 758 0006 00000000 		.4byte	.Ldebug_info0
 759 000a 04       		.byte	0x4
 760 000b 00       		.byte	0
 761 000c 0000     		.2byte	0
 762 000e 0000     		.2byte	0
 763 0010 00000000 		.4byte	.LFB0
 764 0014 18000000 		.4byte	.LFE0-.LFB0
 765 0018 00000000 		.4byte	.LFB1
 766 001c 50000000 		.4byte	.LFE1-.LFB1
 767 0020 00000000 		.4byte	.LFB2
 768 0024 24000000 		.4byte	.LFE2-.LFB2
 769 0028 00000000 		.4byte	0
 770 002c 00000000 		.4byte	0
 771              		.section	.debug_ranges,"",%progbits
 772              	.Ldebug_ranges0:
 773 0000 00000000 		.4byte	.LFB0
 774 0004 18000000 		.4byte	.LFE0
 775 0008 00000000 		.4byte	.LFB1
 776 000c 50000000 		.4byte	.LFE1
 777 0010 00000000 		.4byte	.LFB2
 778 0014 24000000 		.4byte	.LFE2
 779 0018 00000000 		.4byte	0
 780 001c 00000000 		.4byte	0
 781              		.section	.debug_line,"",%progbits
 782              	.Ldebug_line0:
 783 0000 BB000000 		.section	.debug_str,"MS",%progbits,1
 783      02005500 
 783      00000201 
 783      FB0E0D00 
 783      01010101 
 784              	.LASF15:
 785 0000 72656731 		.ascii	"reg16\000"
 785      3600
 786              	.LASF31:
 787 0006 73686966 		.ascii	"shift\000"
ARM GAS  C:\Users\HENRYA~1\AppData\Local\Temp\ccL8qTSh.s 			page 25


 787      7400
 788              	.LASF23:
 789 000c 7278616D 		.ascii	"rxamr\000"
 789      7200
 790              	.LASF30:
 791 0012 6D61696C 		.ascii	"mailboxNumber\000"
 791      626F784E 
 791      756D6265 
 791      7200
 792              	.LASF27:
 793 0020 54585F43 		.ascii	"TX_CAN_RX_STRUCT\000"
 793      414E5F52 
 793      585F5354 
 793      52554354 
 793      00
 794              	.LASF3:
 795 0031 73686F72 		.ascii	"short unsigned int\000"
 795      7420756E 
 795      7369676E 
 795      65642069 
 795      6E7400
 796              	.LASF34:
 797 0044 54585F43 		.ascii	"TX_CAN_Stop\000"
 797      414E5F53 
 797      746F7000 
 798              	.LASF22:
 799 0050 72786461 		.ascii	"rxdata\000"
 799      746100
 800              	.LASF26:
 801 0057 72786163 		.ascii	"rxacrd\000"
 801      726400
 802              	.LASF11:
 803 005e 666C6F61 		.ascii	"float\000"
 803      7400
 804              	.LASF1:
 805 0064 756E7369 		.ascii	"unsigned char\000"
 805      676E6564 
 805      20636861 
 805      7200
 806              	.LASF21:
 807 0072 72786964 		.ascii	"rxid\000"
 807      00
 808              	.LASF14:
 809 0077 72656738 		.ascii	"reg8\000"
 809      00
 810              	.LASF5:
 811 007c 6C6F6E67 		.ascii	"long unsigned int\000"
 811      20756E73 
 811      69676E65 
 811      6420696E 
 811      7400
 812              	.LASF9:
 813 008e 75696E74 		.ascii	"uint8\000"
 813      3800
 814              	.LASF38:
 815 0094 54585F43 		.ascii	"TX_CAN_ReceiveMsg0\000"
 815      414E5F52 
ARM GAS  C:\Users\HENRYA~1\AppData\Local\Temp\ccL8qTSh.s 			page 26


 815      65636569 
 815      76654D73 
 815      673000
 816              	.LASF24:
 817 00a7 72786163 		.ascii	"rxacr\000"
 817      7200
 818              	.LASF32:
 819 00ad 54585F43 		.ascii	"TX_CAN_ISR\000"
 819      414E5F49 
 819      535200
 820              	.LASF36:
 821 00b8 2E5C4765 		.ascii	".\\Generated_Source\\PSoC5\\TX_CAN_INT.c\000"
 821      6E657261 
 821      7465645F 
 821      536F7572 
 821      63655C50 
 822              	.LASF12:
 823 00de 646F7562 		.ascii	"double\000"
 823      6C6500
 824              	.LASF10:
 825 00e5 75696E74 		.ascii	"uint16\000"
 825      313600
 826              	.LASF35:
 827 00ec 474E5520 		.ascii	"GNU C 4.9.3 20150303 (release) [ARM/embedded-4_9-br"
 827      4320342E 
 827      392E3320 
 827      32303135 
 827      30333033 
 828 011f 616E6368 		.ascii	"anch revision 221220] -mcpu=cortex-m3 -mthumb -g -O"
 828      20726576 
 828      6973696F 
 828      6E203232 
 828      31323230 
 829 0152 67202D66 		.ascii	"g -ffunction-sections -ffat-lto-objects\000"
 829      66756E63 
 829      74696F6E 
 829      2D736563 
 829      74696F6E 
 830              	.LASF8:
 831 017a 756E7369 		.ascii	"unsigned int\000"
 831      676E6564 
 831      20696E74 
 831      00
 832              	.LASF39:
 833 0187 54585F43 		.ascii	"TX_CAN_ReceiveMsg\000"
 833      414E5F52 
 833      65636569 
 833      76654D73 
 833      6700
 834              	.LASF7:
 835 0199 6C6F6E67 		.ascii	"long long unsigned int\000"
 835      206C6F6E 
 835      6720756E 
 835      7369676E 
 835      65642069 
 836              	.LASF20:
 837 01b0 7278636D 		.ascii	"rxcmd\000"
ARM GAS  C:\Users\HENRYA~1\AppData\Local\Temp\ccL8qTSh.s 			page 27


 837      6400
 838              	.LASF16:
 839 01b6 73697A65 		.ascii	"sizetype\000"
 839      74797065 
 839      00
 840              	.LASF25:
 841 01bf 7278616D 		.ascii	"rxamrd\000"
 841      726400
 842              	.LASF6:
 843 01c6 6C6F6E67 		.ascii	"long long int\000"
 843      206C6F6E 
 843      6720696E 
 843      7400
 844              	.LASF29:
 845 01d4 54585F43 		.ascii	"TX_CAN_MsgRXIsr\000"
 845      414E5F4D 
 845      73675258 
 845      49737200 
 846              	.LASF28:
 847 01e4 54585F43 		.ascii	"TX_CAN_BusOffIsr\000"
 847      414E5F42 
 847      75734F66 
 847      66497372 
 847      00
 848              	.LASF2:
 849 01f5 73686F72 		.ascii	"short int\000"
 849      7420696E 
 849      7400
 850              	.LASF18:
 851 01ff 62797465 		.ascii	"byte\000"
 851      00
 852              	.LASF37:
 853 0204 433A5C55 		.ascii	"C:\\Users\\Henry Alberto\\Desktop\\Protocolos\\CAN_"
 853      73657273 
 853      5C48656E 
 853      72792041 
 853      6C626572 
 854 0232 4144435F 		.ascii	"ADC_1_BIDIRECCIONAL.cydsn\000"
 854      315F4249 
 854      44495245 
 854      4343494F 
 854      4E414C2E 
 855              	.LASF4:
 856 024c 6C6F6E67 		.ascii	"long int\000"
 856      20696E74 
 856      00
 857              	.LASF13:
 858 0255 63686172 		.ascii	"char\000"
 858      00
 859              	.LASF19:
 860 025a 54585F43 		.ascii	"TX_CAN_REG_32\000"
 860      414E5F52 
 860      45475F33 
 860      3200
 861              	.LASF0:
 862 0268 7369676E 		.ascii	"signed char\000"
 862      65642063 
ARM GAS  C:\Users\HENRYA~1\AppData\Local\Temp\ccL8qTSh.s 			page 28


 862      68617200 
 863              	.LASF17:
 864 0274 54585F43 		.ascii	"TX_CAN_DATA_BYTES\000"
 864      414E5F44 
 864      4154415F 
 864      42595445 
 864      5300
 865              	.LASF33:
 866 0286 54585F43 		.ascii	"TX_CAN_GlobalIntDisable\000"
 866      414E5F47 
 866      6C6F6261 
 866      6C496E74 
 866      44697361 
 867              		.ident	"GCC: (GNU Tools for ARM Embedded Processors) 4.9.3 20150303 (release) [ARM/embedded-4_9-br
