ARM GAS  C:\Users\HENRYA~1\AppData\Local\Temp\ccc4Pz3y.s 			page 1


   1              		.syntax unified
   2              		.cpu cortex-m3
   3              		.fpu softvfp
   4              		.eabi_attribute 20, 1
   5              		.eabi_attribute 21, 1
   6              		.eabi_attribute 23, 3
   7              		.eabi_attribute 24, 1
   8              		.eabi_attribute 25, 1
   9              		.eabi_attribute 26, 1
  10              		.eabi_attribute 30, 1
  11              		.eabi_attribute 34, 1
  12              		.eabi_attribute 18, 4
  13              		.thumb
  14              		.file	"cymetadata.c"
  15              		.text
  16              	.Ltext0:
  17              		.cfi_sections	.debug_frame
  18              		.global	cy_metadata
  19              		.global	cy_meta_flashprotect
  20              		.global	cy_meta_wonvl
  21              		.global	cy_meta_custnvl
  22              		.global	cy_meta_configecc
  23              		.section	.cyconfigecc,"a",%progbits
  24              		.align	2
  25              		.type	cy_meta_configecc, %object
  26              		.size	cy_meta_configecc, 1168
  27              	cy_meta_configecc:
  28 0000 02       		.byte	2
  29 0001 52       		.byte	82
  30 0002 00       		.byte	0
  31 0003 40       		.byte	64
  32 0004 02       		.byte	2
  33 0005 64       		.byte	100
  34 0006 00       		.byte	0
  35 0007 40       		.byte	64
  36 0008 02       		.byte	2
  37 0009 65       		.byte	101
  38 000a 00       		.byte	0
  39 000b 40       		.byte	64
  40 000c 02       		.byte	2
  41 000d 01       		.byte	1
  42 000e 01       		.byte	1
  43 000f 40       		.byte	64
  44 0010 04       		.byte	4
  45 0011 03       		.byte	3
  46 0012 01       		.byte	1
  47 0013 40       		.byte	64
  48 0014 31       		.byte	49
  49 0015 04       		.byte	4
  50 0016 01       		.byte	1
  51 0017 40       		.byte	64
  52 0018 31       		.byte	49
  53 0019 05       		.byte	5
  54 001a 01       		.byte	1
  55 001b 40       		.byte	64
  56 001c 4B       		.byte	75
  57 001d 06       		.byte	6
ARM GAS  C:\Users\HENRYA~1\AppData\Local\Temp\ccc4Pz3y.s 			page 2


  58 001e 01       		.byte	1
  59 001f 40       		.byte	64
  60 0020 41       		.byte	65
  61 0021 07       		.byte	7
  62 0022 01       		.byte	1
  63 0023 40       		.byte	64
  64 0024 37       		.byte	55
  65 0025 14       		.byte	20
  66 0026 01       		.byte	1
  67 0027 40       		.byte	64
  68 0028 3C       		.byte	60
  69 0029 15       		.byte	21
  70 002a 01       		.byte	1
  71 002b 40       		.byte	64
  72 002c 03       		.byte	3
  73 002d 16       		.byte	22
  74 002e 01       		.byte	1
  75 002f 40       		.byte	64
  76 0030 39       		.byte	57
  77 0031 17       		.byte	23
  78 0032 01       		.byte	1
  79 0033 40       		.byte	64
  80 0034 0E       		.byte	14
  81 0035 40       		.byte	64
  82 0036 01       		.byte	1
  83 0037 40       		.byte	64
  84 0038 06       		.byte	6
  85 0039 41       		.byte	65
  86 003a 01       		.byte	1
  87 003b 40       		.byte	64
  88 003c 08       		.byte	8
  89 003d 42       		.byte	66
  90 003e 01       		.byte	1
  91 003f 40       		.byte	64
  92 0040 04       		.byte	4
  93 0041 43       		.byte	67
  94 0042 01       		.byte	1
  95 0043 40       		.byte	64
  96 0044 08       		.byte	8
  97 0045 48       		.byte	72
  98 0046 01       		.byte	1
  99 0047 40       		.byte	64
 100 0048 03       		.byte	3
 101 0049 49       		.byte	73
 102 004a 01       		.byte	1
 103 004b 40       		.byte	64
 104 004c 04       		.byte	4
 105 004d 50       		.byte	80
 106 004e 01       		.byte	1
 107 004f 40       		.byte	64
 108 0050 20       		.byte	32
 109 0051 44       		.byte	68
 110 0052 21       		.byte	33
 111 0053 CC       		.byte	-52
 112 0054 85       		.byte	-123
 113 0055 47       		.byte	71
 114 0056 87       		.byte	-121
ARM GAS  C:\Users\HENRYA~1\AppData\Local\Temp\ccc4Pz3y.s 			page 3


 115 0057 78       		.byte	120
 116 0058 84       		.byte	-124
 117 0059 07       		.byte	7
 118 005a 86       		.byte	-122
 119 005b 0F       		.byte	15
 120 005c 8A       		.byte	-118
 121 005d 20       		.byte	32
 122 005e E4       		.byte	-28
 123 005f 80       		.byte	-128
 124 0060 99       		.byte	-103
 125 0061 04       		.byte	4
 126 0062 9A       		.byte	-102
 127 0063 20       		.byte	32
 128 0064 B5       		.byte	-75
 129 0065 04       		.byte	4
 130 0066 E8       		.byte	-24
 131 0067 10       		.byte	16
 132 0068 00       		.byte	0
 133 0069 1C       		.byte	28
 134 006a 08       		.byte	8
 135 006b 06       		.byte	6
 136 006c 0A       		.byte	10
 137 006d 08       		.byte	8
 138 006e 0B       		.byte	11
 139 006f 02       		.byte	2
 140 0070 1C       		.byte	28
 141 0071 0A       		.byte	10
 142 0072 1E       		.byte	30
 143 0073 14       		.byte	20
 144 0074 1F       		.byte	31
 145 0075 01       		.byte	1
 146 0076 24       		.byte	36
 147 0077 08       		.byte	8
 148 0078 25       		.byte	37
 149 0079 01       		.byte	1
 150 007a 26       		.byte	38
 151 007b 12       		.byte	18
 152 007c 2E       		.byte	46
 153 007d 01       		.byte	1
 154 007e 30       		.byte	48
 155 007f 1E       		.byte	30
 156 0080 31       		.byte	49
 157 0081 02       		.byte	2
 158 0082 34       		.byte	52
 159 0083 01       		.byte	1
 160 0084 37       		.byte	55
 161 0085 01       		.byte	1
 162 0086 38       		.byte	56
 163 0087 02       		.byte	2
 164 0088 3F       		.byte	63
 165 0089 40       		.byte	64
 166 008a 56       		.byte	86
 167 008b 08       		.byte	8
 168 008c 58       		.byte	88
 169 008d 04       		.byte	4
 170 008e 59       		.byte	89
 171 008f 04       		.byte	4
ARM GAS  C:\Users\HENRYA~1\AppData\Local\Temp\ccc4Pz3y.s 			page 4


 172 0090 5B       		.byte	91
 173 0091 04       		.byte	4
 174 0092 5F       		.byte	95
 175 0093 01       		.byte	1
 176 0094 81       		.byte	-127
 177 0095 04       		.byte	4
 178 0096 85       		.byte	-123
 179 0097 07       		.byte	7
 180 0098 8F       		.byte	-113
 181 0099 08       		.byte	8
 182 009a 91       		.byte	-111
 183 009b 04       		.byte	4
 184 009c 92       		.byte	-110
 185 009d 01       		.byte	1
 186 009e 94       		.byte	-108
 187 009f 01       		.byte	1
 188 00a0 97       		.byte	-105
 189 00a1 03       		.byte	3
 190 00a2 99       		.byte	-103
 191 00a3 04       		.byte	4
 192 00a4 9D       		.byte	-99
 193 00a5 01       		.byte	1
 194 00a6 9F       		.byte	-97
 195 00a7 06       		.byte	6
 196 00a8 A1       		.byte	-95
 197 00a9 04       		.byte	4
 198 00aa A2       		.byte	-94
 199 00ab 01       		.byte	1
 200 00ac A5       		.byte	-91
 201 00ad 08       		.byte	8
 202 00ae AB       		.byte	-85
 203 00af 04       		.byte	4
 204 00b0 AD       		.byte	-83
 205 00b1 01       		.byte	1
 206 00b2 AF       		.byte	-81
 207 00b3 06       		.byte	6
 208 00b4 B0       		.byte	-80
 209 00b5 01       		.byte	1
 210 00b6 B1       		.byte	-79
 211 00b7 07       		.byte	7
 212 00b8 B5       		.byte	-75
 213 00b9 08       		.byte	8
 214 00ba BB       		.byte	-69
 215 00bb 02       		.byte	2
 216 00bc BE       		.byte	-66
 217 00bd 01       		.byte	1
 218 00be BF       		.byte	-65
 219 00bf 10       		.byte	16
 220 00c0 D4       		.byte	-44
 221 00c1 41       		.byte	65
 222 00c2 D8       		.byte	-40
 223 00c3 04       		.byte	4
 224 00c4 D9       		.byte	-39
 225 00c5 04       		.byte	4
 226 00c6 DB       		.byte	-37
 227 00c7 04       		.byte	4
 228 00c8 DF       		.byte	-33
ARM GAS  C:\Users\HENRYA~1\AppData\Local\Temp\ccc4Pz3y.s 			page 5


 229 00c9 01       		.byte	1
 230 00ca 01       		.byte	1
 231 00cb 02       		.byte	2
 232 00cc 03       		.byte	3
 233 00cd 04       		.byte	4
 234 00ce 0A       		.byte	10
 235 00cf 01       		.byte	1
 236 00d0 0B       		.byte	11
 237 00d1 02       		.byte	2
 238 00d2 0F       		.byte	15
 239 00d3 60       		.byte	96
 240 00d4 11       		.byte	17
 241 00d5 08       		.byte	8
 242 00d6 13       		.byte	19
 243 00d7 40       		.byte	64
 244 00d8 16       		.byte	22
 245 00d9 40       		.byte	64
 246 00da 19       		.byte	25
 247 00db 02       		.byte	2
 248 00dc 1B       		.byte	27
 249 00dd 30       		.byte	48
 250 00de 1E       		.byte	30
 251 00df 80       		.byte	-128
 252 00e0 20       		.byte	32
 253 00e1 80       		.byte	-128
 254 00e2 23       		.byte	35
 255 00e3 01       		.byte	1
 256 00e4 25       		.byte	37
 257 00e5 10       		.byte	16
 258 00e6 27       		.byte	39
 259 00e7 40       		.byte	64
 260 00e8 29       		.byte	41
 261 00e9 04       		.byte	4
 262 00ea 2E       		.byte	46
 263 00eb 02       		.byte	2
 264 00ec 2F       		.byte	47
 265 00ed 29       		.byte	41
 266 00ee 32       		.byte	50
 267 00ef 80       		.byte	-128
 268 00f0 37       		.byte	55
 269 00f1 55       		.byte	85
 270 00f2 3B       		.byte	59
 271 00f3 10       		.byte	16
 272 00f4 3D       		.byte	61
 273 00f5 09       		.byte	9
 274 00f6 3F       		.byte	63
 275 00f7 40       		.byte	64
 276 00f8 45       		.byte	69
 277 00f9 10       		.byte	16
 278 00fa 46       		.byte	70
 279 00fb 08       		.byte	8
 280 00fc 58       		.byte	88
 281 00fd 92       		.byte	-110
 282 00fe 59       		.byte	89
 283 00ff 08       		.byte	8
 284 0100 5D       		.byte	93
 285 0101 04       		.byte	4
ARM GAS  C:\Users\HENRYA~1\AppData\Local\Temp\ccc4Pz3y.s 			page 6


 286 0102 5E       		.byte	94
 287 0103 A0       		.byte	-96
 288 0104 61       		.byte	97
 289 0105 80       		.byte	-128
 290 0106 62       		.byte	98
 291 0107 48       		.byte	72
 292 0108 63       		.byte	99
 293 0109 58       		.byte	88
 294 010a 66       		.byte	102
 295 010b 08       		.byte	8
 296 010c 78       		.byte	120
 297 010d 20       		.byte	32
 298 010e 7B       		.byte	123
 299 010f 04       		.byte	4
 300 0110 81       		.byte	-127
 301 0111 02       		.byte	2
 302 0112 85       		.byte	-123
 303 0113 84       		.byte	-124
 304 0114 8F       		.byte	-113
 305 0115 01       		.byte	1
 306 0116 99       		.byte	-103
 307 0117 04       		.byte	4
 308 0118 9A       		.byte	-102
 309 0119 20       		.byte	32
 310 011a C0       		.byte	-64
 311 011b 0A       		.byte	10
 312 011c C2       		.byte	-62
 313 011d 31       		.byte	49
 314 011e C4       		.byte	-60
 315 011f 15       		.byte	21
 316 0120 CA       		.byte	-54
 317 0121 F2       		.byte	-14
 318 0122 CC       		.byte	-52
 319 0123 F8       		.byte	-8
 320 0124 CE       		.byte	-50
 321 0125 D4       		.byte	-44
 322 0126 D6       		.byte	-42
 323 0127 7F       		.byte	127
 324 0128 D8       		.byte	-40
 325 0129 4F       		.byte	79
 326 012a E6       		.byte	-26
 327 012b 10       		.byte	16
 328 012c 01       		.byte	1
 329 012d 06       		.byte	6
 330 012e 05       		.byte	5
 331 012f 22       		.byte	34
 332 0130 07       		.byte	7
 333 0131 05       		.byte	5
 334 0132 11       		.byte	17
 335 0133 02       		.byte	2
 336 0134 13       		.byte	19
 337 0135 04       		.byte	4
 338 0136 15       		.byte	21
 339 0137 0F       		.byte	15
 340 0138 17       		.byte	23
 341 0139 10       		.byte	16
 342 013a 19       		.byte	25
ARM GAS  C:\Users\HENRYA~1\AppData\Local\Temp\ccc4Pz3y.s 			page 7


 343 013b 02       		.byte	2
 344 013c 1B       		.byte	27
 345 013d 04       		.byte	4
 346 013e 1D       		.byte	29
 347 013f 02       		.byte	2
 348 0140 21       		.byte	33
 349 0141 06       		.byte	6
 350 0142 25       		.byte	37
 351 0143 24       		.byte	36
 352 0144 29       		.byte	41
 353 0145 04       		.byte	4
 354 0146 2B       		.byte	43
 355 0147 02       		.byte	2
 356 0148 2D       		.byte	45
 357 0149 31       		.byte	49
 358 014a 2F       		.byte	47
 359 014b 0A       		.byte	10
 360 014c 33       		.byte	51
 361 014d 38       		.byte	56
 362 014e 35       		.byte	53
 363 014f 07       		.byte	7
 364 0150 3B       		.byte	59
 365 0151 08       		.byte	8
 366 0152 59       		.byte	89
 367 0153 04       		.byte	4
 368 0154 5F       		.byte	95
 369 0155 01       		.byte	1
 370 0156 85       		.byte	-123
 371 0157 01       		.byte	1
 372 0158 87       		.byte	-121
 373 0159 04       		.byte	4
 374 015a 88       		.byte	-120
 375 015b 04       		.byte	4
 376 015c 89       		.byte	-119
 377 015d 01       		.byte	1
 378 015e 8B       		.byte	-117
 379 015f 08       		.byte	8
 380 0160 8C       		.byte	-116
 381 0161 01       		.byte	1
 382 0162 8D       		.byte	-115
 383 0163 10       		.byte	16
 384 0164 8F       		.byte	-113
 385 0165 01       		.byte	1
 386 0166 92       		.byte	-110
 387 0167 04       		.byte	4
 388 0168 96       		.byte	-106
 389 0169 08       		.byte	8
 390 016a 98       		.byte	-104
 391 016b 02       		.byte	2
 392 016c 9D       		.byte	-99
 393 016d 01       		.byte	1
 394 016e 9E       		.byte	-98
 395 016f 04       		.byte	4
 396 0170 9F       		.byte	-97
 397 0171 02       		.byte	2
 398 0172 A0       		.byte	-96
 399 0173 04       		.byte	4
ARM GAS  C:\Users\HENRYA~1\AppData\Local\Temp\ccc4Pz3y.s 			page 8


 400 0174 A4       		.byte	-92
 401 0175 04       		.byte	4
 402 0176 AA       		.byte	-86
 403 0177 01       		.byte	1
 404 0178 AB       		.byte	-85
 405 0179 01       		.byte	1
 406 017a AF       		.byte	-81
 407 017b 1E       		.byte	30
 408 017c B0       		.byte	-80
 409 017d 08       		.byte	8
 410 017e B2       		.byte	-78
 411 017f 04       		.byte	4
 412 0180 B3       		.byte	-77
 413 0181 1F       		.byte	31
 414 0182 B4       		.byte	-76
 415 0183 01       		.byte	1
 416 0184 B6       		.byte	-74
 417 0185 02       		.byte	2
 418 0186 BE       		.byte	-66
 419 0187 54       		.byte	84
 420 0188 BF       		.byte	-65
 421 0189 04       		.byte	4
 422 018a C0       		.byte	-64
 423 018b 01       		.byte	1
 424 018c C1       		.byte	-63
 425 018d 06       		.byte	6
 426 018e C2       		.byte	-62
 427 018f 10       		.byte	16
 428 0190 C4       		.byte	-60
 429 0191 03       		.byte	3
 430 0192 C5       		.byte	-59
 431 0193 BE       		.byte	-66
 432 0194 C6       		.byte	-58
 433 0195 FD       		.byte	-3
 434 0196 C7       		.byte	-57
 435 0197 0C       		.byte	12
 436 0198 C8       		.byte	-56
 437 0199 1F       		.byte	31
 438 019a C9       		.byte	-55
 439 019b FF       		.byte	-1
 440 019c CA       		.byte	-54
 441 019d FF       		.byte	-1
 442 019e CB       		.byte	-53
 443 019f FF       		.byte	-1
 444 01a0 CC       		.byte	-52
 445 01a1 22       		.byte	34
 446 01a2 CE       		.byte	-50
 447 01a3 F0       		.byte	-16
 448 01a4 CF       		.byte	-49
 449 01a5 0C       		.byte	12
 450 01a6 D0       		.byte	-48
 451 01a7 8C       		.byte	-116
 452 01a8 D1       		.byte	-47
 453 01a9 10       		.byte	16
 454 01aa D4       		.byte	-44
 455 01ab 20       		.byte	32
 456 01ac D8       		.byte	-40
ARM GAS  C:\Users\HENRYA~1\AppData\Local\Temp\ccc4Pz3y.s 			page 9


 457 01ad 04       		.byte	4
 458 01ae D9       		.byte	-39
 459 01af 04       		.byte	4
 460 01b0 DA       		.byte	-38
 461 01b1 24       		.byte	36
 462 01b2 DB       		.byte	-37
 463 01b3 04       		.byte	4
 464 01b4 DC       		.byte	-36
 465 01b5 08       		.byte	8
 466 01b6 DD       		.byte	-35
 467 01b7 08       		.byte	8
 468 01b8 DF       		.byte	-33
 469 01b9 01       		.byte	1
 470 01ba E8       		.byte	-24
 471 01bb 40       		.byte	64
 472 01bc E9       		.byte	-23
 473 01bd 01       		.byte	1
 474 01be EA       		.byte	-22
 475 01bf C0       		.byte	-64
 476 01c0 EB       		.byte	-21
 477 01c1 01       		.byte	1
 478 01c2 00       		.byte	0
 479 01c3 80       		.byte	-128
 480 01c4 01       		.byte	1
 481 01c5 10       		.byte	16
 482 01c6 08       		.byte	8
 483 01c7 08       		.byte	8
 484 01c8 09       		.byte	9
 485 01c9 A0       		.byte	-96
 486 01ca 0B       		.byte	11
 487 01cb 80       		.byte	-128
 488 01cc 10       		.byte	16
 489 01cd 80       		.byte	-128
 490 01ce 11       		.byte	17
 491 01cf 04       		.byte	4
 492 01d0 12       		.byte	18
 493 01d1 08       		.byte	8
 494 01d2 18       		.byte	24
 495 01d3 04       		.byte	4
 496 01d4 19       		.byte	25
 497 01d5 48       		.byte	72
 498 01d6 1B       		.byte	27
 499 01d7 01       		.byte	1
 500 01d8 20       		.byte	32
 501 01d9 10       		.byte	16
 502 01da 25       		.byte	37
 503 01db 04       		.byte	4
 504 01dc 27       		.byte	39
 505 01dd 24       		.byte	36
 506 01de 28       		.byte	40
 507 01df 08       		.byte	8
 508 01e0 2A       		.byte	42
 509 01e1 20       		.byte	32
 510 01e2 2B       		.byte	43
 511 01e3 01       		.byte	1
 512 01e4 2E       		.byte	46
 513 01e5 0A       		.byte	10
ARM GAS  C:\Users\HENRYA~1\AppData\Local\Temp\ccc4Pz3y.s 			page 10


 514 01e6 2F       		.byte	47
 515 01e7 09       		.byte	9
 516 01e8 30       		.byte	48
 517 01e9 80       		.byte	-128
 518 01ea 37       		.byte	55
 519 01eb 55       		.byte	85
 520 01ec 39       		.byte	57
 521 01ed 94       		.byte	-108
 522 01ee 3B       		.byte	59
 523 01ef 80       		.byte	-128
 524 01f0 3D       		.byte	61
 525 01f1 09       		.byte	9
 526 01f2 40       		.byte	64
 527 01f3 13       		.byte	19
 528 01f4 48       		.byte	72
 529 01f5 04       		.byte	4
 530 01f6 4A       		.byte	74
 531 01f7 90       		.byte	-112
 532 01f8 50       		.byte	80
 533 01f9 04       		.byte	4
 534 01fa 51       		.byte	81
 535 01fb A0       		.byte	-96
 536 01fc 52       		.byte	82
 537 01fd 20       		.byte	32
 538 01fe 5A       		.byte	90
 539 01ff 02       		.byte	2
 540 0200 60       		.byte	96
 541 0201 24       		.byte	36
 542 0202 61       		.byte	97
 543 0203 40       		.byte	64
 544 0204 78       		.byte	120
 545 0205 80       		.byte	-128
 546 0206 88       		.byte	-120
 547 0207 10       		.byte	16
 548 0208 89       		.byte	-119
 549 0209 80       		.byte	-128
 550 020a 93       		.byte	-109
 551 020b 02       		.byte	2
 552 020c 94       		.byte	-108
 553 020d 08       		.byte	8
 554 020e 95       		.byte	-107
 555 020f 01       		.byte	1
 556 0210 96       		.byte	-106
 557 0211 01       		.byte	1
 558 0212 98       		.byte	-104
 559 0213 20       		.byte	32
 560 0214 99       		.byte	-103
 561 0215 04       		.byte	4
 562 0216 9A       		.byte	-102
 563 0217 20       		.byte	32
 564 0218 9B       		.byte	-101
 565 0219 40       		.byte	64
 566 021a 9C       		.byte	-100
 567 021b 12       		.byte	18
 568 021c 9D       		.byte	-99
 569 021d 08       		.byte	8
 570 021e 9E       		.byte	-98
ARM GAS  C:\Users\HENRYA~1\AppData\Local\Temp\ccc4Pz3y.s 			page 11


 571 021f 02       		.byte	2
 572 0220 9F       		.byte	-97
 573 0221 15       		.byte	21
 574 0222 A0       		.byte	-96
 575 0223 40       		.byte	64
 576 0224 A2       		.byte	-94
 577 0225 08       		.byte	8
 578 0226 A5       		.byte	-91
 579 0227 04       		.byte	4
 580 0228 A6       		.byte	-90
 581 0229 90       		.byte	-112
 582 022a A7       		.byte	-89
 583 022b 08       		.byte	8
 584 022c A8       		.byte	-88
 585 022d 84       		.byte	-124
 586 022e C0       		.byte	-64
 587 022f 03       		.byte	3
 588 0230 C2       		.byte	-62
 589 0231 0F       		.byte	15
 590 0232 C4       		.byte	-60
 591 0233 0E       		.byte	14
 592 0234 CA       		.byte	-54
 593 0235 FC       		.byte	-4
 594 0236 CC       		.byte	-52
 595 0237 F8       		.byte	-8
 596 0238 CE       		.byte	-50
 597 0239 CE       		.byte	-50
 598 023a D0       		.byte	-48
 599 023b 0A       		.byte	10
 600 023c D2       		.byte	-46
 601 023d 04       		.byte	4
 602 023e D6       		.byte	-42
 603 023f 01       		.byte	1
 604 0240 D8       		.byte	-40
 605 0241 0E       		.byte	14
 606 0242 DE       		.byte	-34
 607 0243 08       		.byte	8
 608 0244 05       		.byte	5
 609 0245 02       		.byte	2
 610 0246 09       		.byte	9
 611 0247 02       		.byte	2
 612 0248 13       		.byte	19
 613 0249 02       		.byte	2
 614 024a 15       		.byte	21
 615 024b 04       		.byte	4
 616 024c 1D       		.byte	29
 617 024d 02       		.byte	2
 618 024e 25       		.byte	37
 619 024f 01       		.byte	1
 620 0250 29       		.byte	41
 621 0251 01       		.byte	1
 622 0252 2D       		.byte	45
 623 0253 01       		.byte	1
 624 0254 31       		.byte	49
 625 0255 01       		.byte	1
 626 0256 35       		.byte	53
 627 0257 04       		.byte	4
ARM GAS  C:\Users\HENRYA~1\AppData\Local\Temp\ccc4Pz3y.s 			page 12


 628 0258 37       		.byte	55
 629 0259 02       		.byte	2
 630 025a 3F       		.byte	63
 631 025b 51       		.byte	81
 632 025c 56       		.byte	86
 633 025d 02       		.byte	2
 634 025e 57       		.byte	87
 635 025f 24       		.byte	36
 636 0260 59       		.byte	89
 637 0261 04       		.byte	4
 638 0262 5B       		.byte	91
 639 0263 24       		.byte	36
 640 0264 5D       		.byte	93
 641 0265 80       		.byte	-128
 642 0266 5E       		.byte	94
 643 0267 08       		.byte	8
 644 0268 5F       		.byte	95
 645 0269 01       		.byte	1
 646 026a 80       		.byte	-128
 647 026b 04       		.byte	4
 648 026c 84       		.byte	-124
 649 026d 04       		.byte	4
 650 026e 85       		.byte	-123
 651 026f 02       		.byte	2
 652 0270 87       		.byte	-121
 653 0271 08       		.byte	8
 654 0272 88       		.byte	-120
 655 0273 07       		.byte	7
 656 0274 8A       		.byte	-118
 657 0275 38       		.byte	56
 658 0276 8C       		.byte	-116
 659 0277 0A       		.byte	10
 660 0278 8E       		.byte	-114
 661 0279 10       		.byte	16
 662 027a 90       		.byte	-112
 663 027b 04       		.byte	4
 664 027c 91       		.byte	-111
 665 027d 0D       		.byte	13
 666 027e 95       		.byte	-107
 667 027f 01       		.byte	1
 668 0280 96       		.byte	-106
 669 0281 04       		.byte	4
 670 0282 97       		.byte	-105
 671 0283 02       		.byte	2
 672 0284 98       		.byte	-104
 673 0285 01       		.byte	1
 674 0286 99       		.byte	-103
 675 0287 0D       		.byte	13
 676 0288 9C       		.byte	-100
 677 0289 60       		.byte	96
 678 028a 9D       		.byte	-99
 679 028b 02       		.byte	2
 680 028c 9F       		.byte	-97
 681 028d 0D       		.byte	13
 682 028e A0       		.byte	-96
 683 028f 04       		.byte	4
 684 0290 A1       		.byte	-95
ARM GAS  C:\Users\HENRYA~1\AppData\Local\Temp\ccc4Pz3y.s 			page 13


 685 0291 0D       		.byte	13
 686 0292 A4       		.byte	-92
 687 0293 04       		.byte	4
 688 0294 A5       		.byte	-91
 689 0295 0D       		.byte	13
 690 0296 A8       		.byte	-88
 691 0297 56       		.byte	86
 692 0298 A9       		.byte	-87
 693 0299 0D       		.byte	13
 694 029a AA       		.byte	-86
 695 029b 09       		.byte	9
 696 029c AD       		.byte	-83
 697 029d 02       		.byte	2
 698 029e AF       		.byte	-81
 699 029f 04       		.byte	4
 700 02a0 B4       		.byte	-76
 701 02a1 7F       		.byte	127
 702 02a2 B7       		.byte	-73
 703 02a3 0F       		.byte	15
 704 02a4 B8       		.byte	-72
 705 02a5 20       		.byte	32
 706 02a6 BB       		.byte	-69
 707 02a7 80       		.byte	-128
 708 02a8 D4       		.byte	-44
 709 02a9 40       		.byte	64
 710 02aa D8       		.byte	-40
 711 02ab 04       		.byte	4
 712 02ac D9       		.byte	-39
 713 02ad 04       		.byte	4
 714 02ae DB       		.byte	-37
 715 02af 04       		.byte	4
 716 02b0 DF       		.byte	-33
 717 02b1 01       		.byte	1
 718 02b2 05       		.byte	5
 719 02b3 D0       		.byte	-48
 720 02b4 06       		.byte	6
 721 02b5 20       		.byte	32
 722 02b6 07       		.byte	7
 723 02b7 54       		.byte	84
 724 02b8 08       		.byte	8
 725 02b9 02       		.byte	2
 726 02ba 09       		.byte	9
 727 02bb 02       		.byte	2
 728 02bc 0D       		.byte	13
 729 02bd 01       		.byte	1
 730 02be 0E       		.byte	14
 731 02bf 28       		.byte	40
 732 02c0 0F       		.byte	15
 733 02c1 02       		.byte	2
 734 02c2 14       		.byte	20
 735 02c3 10       		.byte	16
 736 02c4 16       		.byte	22
 737 02c5 04       		.byte	4
 738 02c6 17       		.byte	23
 739 02c7 29       		.byte	41
 740 02c8 1E       		.byte	30
 741 02c9 08       		.byte	8
ARM GAS  C:\Users\HENRYA~1\AppData\Local\Temp\ccc4Pz3y.s 			page 14


 742 02ca 20       		.byte	32
 743 02cb 09       		.byte	9
 744 02cc 21       		.byte	33
 745 02cd 22       		.byte	34
 746 02ce 26       		.byte	38
 747 02cf 80       		.byte	-128
 748 02d0 29       		.byte	41
 749 02d1 50       		.byte	80
 750 02d2 2A       		.byte	42
 751 02d3 04       		.byte	4
 752 02d4 2C       		.byte	44
 753 02d5 10       		.byte	16
 754 02d6 2D       		.byte	45
 755 02d7 81       		.byte	-127
 756 02d8 2E       		.byte	46
 757 02d9 20       		.byte	32
 758 02da 30       		.byte	48
 759 02db 82       		.byte	-126
 760 02dc 31       		.byte	49
 761 02dd 04       		.byte	4
 762 02de 32       		.byte	50
 763 02df 08       		.byte	8
 764 02e0 36       		.byte	54
 765 02e1 90       		.byte	-112
 766 02e2 37       		.byte	55
 767 02e3 05       		.byte	5
 768 02e4 39       		.byte	57
 769 02e5 14       		.byte	20
 770 02e6 3D       		.byte	61
 771 02e7 08       		.byte	8
 772 02e8 61       		.byte	97
 773 02e9 20       		.byte	32
 774 02ea 66       		.byte	102
 775 02eb 10       		.byte	16
 776 02ec 67       		.byte	103
 777 02ed 21       		.byte	33
 778 02ee 68       		.byte	104
 779 02ef 82       		.byte	-126
 780 02f0 69       		.byte	105
 781 02f1 94       		.byte	-108
 782 02f2 78       		.byte	120
 783 02f3 80       		.byte	-128
 784 02f4 7A       		.byte	122
 785 02f5 08       		.byte	8
 786 02f6 82       		.byte	-126
 787 02f7 01       		.byte	1
 788 02f8 83       		.byte	-125
 789 02f9 08       		.byte	8
 790 02fa 84       		.byte	-124
 791 02fb 80       		.byte	-128
 792 02fc 91       		.byte	-111
 793 02fd 03       		.byte	3
 794 02fe 93       		.byte	-109
 795 02ff 21       		.byte	33
 796 0300 94       		.byte	-108
 797 0301 01       		.byte	1
 798 0302 95       		.byte	-107
ARM GAS  C:\Users\HENRYA~1\AppData\Local\Temp\ccc4Pz3y.s 			page 15


 799 0303 94       		.byte	-108
 800 0304 99       		.byte	-103
 801 0305 44       		.byte	68
 802 0306 9A       		.byte	-102
 803 0307 11       		.byte	17
 804 0308 9B       		.byte	-101
 805 0309 75       		.byte	117
 806 030a 9C       		.byte	-100
 807 030b 82       		.byte	-126
 808 030c A1       		.byte	-95
 809 030d 04       		.byte	4
 810 030e A2       		.byte	-94
 811 030f 10       		.byte	16
 812 0310 A3       		.byte	-93
 813 0311 01       		.byte	1
 814 0312 A4       		.byte	-92
 815 0313 84       		.byte	-124
 816 0314 A6       		.byte	-90
 817 0315 04       		.byte	4
 818 0316 B0       		.byte	-80
 819 0317 01       		.byte	1
 820 0318 B1       		.byte	-79
 821 0319 08       		.byte	8
 822 031a C0       		.byte	-64
 823 031b F0       		.byte	-16
 824 031c C2       		.byte	-62
 825 031d F0       		.byte	-16
 826 031e C4       		.byte	-60
 827 031f 70       		.byte	112
 828 0320 CA       		.byte	-54
 829 0321 FE       		.byte	-2
 830 0322 CC       		.byte	-52
 831 0323 FB       		.byte	-5
 832 0324 CE       		.byte	-50
 833 0325 46       		.byte	70
 834 0326 D8       		.byte	-40
 835 0327 74       		.byte	116
 836 0328 DE       		.byte	-34
 837 0329 0C       		.byte	12
 838 032a D4       		.byte	-44
 839 032b 09       		.byte	9
 840 032c DB       		.byte	-37
 841 032d 04       		.byte	4
 842 032e DF       		.byte	-33
 843 032f 01       		.byte	1
 844 0330 05       		.byte	5
 845 0331 60       		.byte	96
 846 0332 06       		.byte	6
 847 0333 08       		.byte	8
 848 0334 07       		.byte	7
 849 0335 50       		.byte	80
 850 0336 0E       		.byte	14
 851 0337 A0       		.byte	-96
 852 0338 0F       		.byte	15
 853 0339 01       		.byte	1
 854 033a 15       		.byte	21
 855 033b 03       		.byte	3
ARM GAS  C:\Users\HENRYA~1\AppData\Local\Temp\ccc4Pz3y.s 			page 16


 856 033c 16       		.byte	22
 857 033d 01       		.byte	1
 858 033e 17       		.byte	23
 859 033f 24       		.byte	36
 860 0340 1D       		.byte	29
 861 0341 C8       		.byte	-56
 862 0342 1E       		.byte	30
 863 0343 41       		.byte	65
 864 0344 1F       		.byte	31
 865 0345 10       		.byte	16
 866 0346 25       		.byte	37
 867 0347 50       		.byte	80
 868 0348 36       		.byte	54
 869 0349 08       		.byte	8
 870 034a 37       		.byte	55
 871 034b 04       		.byte	4
 872 034c 3D       		.byte	61
 873 034d A8       		.byte	-88
 874 034e 3E       		.byte	62
 875 034f 21       		.byte	33
 876 0350 45       		.byte	69
 877 0351 8A       		.byte	-118
 878 0352 47       		.byte	71
 879 0353 20       		.byte	32
 880 0354 4D       		.byte	77
 881 0355 08       		.byte	8
 882 0356 4E       		.byte	78
 883 0357 08       		.byte	8
 884 0358 4F       		.byte	79
 885 0359 01       		.byte	1
 886 035a 56       		.byte	86
 887 035b 18       		.byte	24
 888 035c 57       		.byte	87
 889 035d 01       		.byte	1
 890 035e 58       		.byte	88
 891 035f 01       		.byte	1
 892 0360 59       		.byte	89
 893 0361 28       		.byte	40
 894 0362 5A       		.byte	90
 895 0363 40       		.byte	64
 896 0364 60       		.byte	96
 897 0365 02       		.byte	2
 898 0366 66       		.byte	102
 899 0367 20       		.byte	32
 900 0368 6D       		.byte	109
 901 0369 01       		.byte	1
 902 036a 6E       		.byte	110
 903 036b A0       		.byte	-96
 904 036c 6F       		.byte	111
 905 036d 19       		.byte	25
 906 036e 76       		.byte	118
 907 036f 03       		.byte	3
 908 0370 82       		.byte	-126
 909 0371 04       		.byte	4
 910 0372 85       		.byte	-123
 911 0373 40       		.byte	64
 912 0374 94       		.byte	-108
ARM GAS  C:\Users\HENRYA~1\AppData\Local\Temp\ccc4Pz3y.s 			page 17


 913 0375 01       		.byte	1
 914 0376 95       		.byte	-107
 915 0377 95       		.byte	-107
 916 0378 96       		.byte	-106
 917 0379 01       		.byte	1
 918 037a 99       		.byte	-103
 919 037b 04       		.byte	4
 920 037c 9B       		.byte	-101
 921 037d 64       		.byte	100
 922 037e 9C       		.byte	-100
 923 037f 80       		.byte	-128
 924 0380 9E       		.byte	-98
 925 0381 0A       		.byte	10
 926 0382 9F       		.byte	-97
 927 0383 11       		.byte	17
 928 0384 A1       		.byte	-95
 929 0385 06       		.byte	6
 930 0386 A4       		.byte	-92
 931 0387 84       		.byte	-124
 932 0388 A7       		.byte	-89
 933 0389 08       		.byte	8
 934 038a AE       		.byte	-82
 935 038b 21       		.byte	33
 936 038c B5       		.byte	-75
 937 038d 02       		.byte	2
 938 038e C0       		.byte	-64
 939 038f F0       		.byte	-16
 940 0390 C2       		.byte	-62
 941 0391 B0       		.byte	-80
 942 0392 C4       		.byte	-60
 943 0393 F0       		.byte	-16
 944 0394 CC       		.byte	-52
 945 0395 40       		.byte	64
 946 0396 CE       		.byte	-50
 947 0397 F0       		.byte	-16
 948 0398 D0       		.byte	-48
 949 0399 F0       		.byte	-16
 950 039a D2       		.byte	-46
 951 039b 20       		.byte	32
 952 039c D6       		.byte	-42
 953 039d 0F       		.byte	15
 954 039e D8       		.byte	-40
 955 039f 28       		.byte	40
 956 03a0 EC       		.byte	-20
 957 03a1 10       		.byte	16
 958 03a2 02       		.byte	2
 959 03a3 20       		.byte	32
 960 03a4 04       		.byte	4
 961 03a5 01       		.byte	1
 962 03a6 0A       		.byte	10
 963 03a7 80       		.byte	-128
 964 03a8 0F       		.byte	15
 965 03a9 10       		.byte	16
 966 03aa 5B       		.byte	91
 967 03ab 80       		.byte	-128
 968 03ac 5F       		.byte	95
 969 03ad 20       		.byte	32
ARM GAS  C:\Users\HENRYA~1\AppData\Local\Temp\ccc4Pz3y.s 			page 18


 970 03ae 60       		.byte	96
 971 03af 20       		.byte	32
 972 03b0 65       		.byte	101
 973 03b1 08       		.byte	8
 974 03b2 8B       		.byte	-117
 975 03b3 10       		.byte	16
 976 03b4 C0       		.byte	-64
 977 03b5 30       		.byte	48
 978 03b6 C2       		.byte	-62
 979 03b7 30       		.byte	48
 980 03b8 D4       		.byte	-44
 981 03b9 80       		.byte	-128
 982 03ba D6       		.byte	-42
 983 03bb 20       		.byte	32
 984 03bc D8       		.byte	-40
 985 03bd C0       		.byte	-64
 986 03be 90       		.byte	-112
 987 03bf 01       		.byte	1
 988 03c0 9C       		.byte	-100
 989 03c1 20       		.byte	32
 990 03c2 9D       		.byte	-99
 991 03c3 08       		.byte	8
 992 03c4 9F       		.byte	-97
 993 03c5 A0       		.byte	-96
 994 03c6 A2       		.byte	-94
 995 03c7 20       		.byte	32
 996 03c8 B6       		.byte	-74
 997 03c9 40       		.byte	64
 998 03ca 81       		.byte	-127
 999 03cb 08       		.byte	8
 1000 03cc 8F       		.byte	-113
 1001 03cd 80       		.byte	-128
 1002 03ce 90       		.byte	-112
 1003 03cf 01       		.byte	1
 1004 03d0 9C       		.byte	-100
 1005 03d1 20       		.byte	32
 1006 03d2 9D       		.byte	-99
 1007 03d3 08       		.byte	8
 1008 03d4 9F       		.byte	-97
 1009 03d5 A0       		.byte	-96
 1010 03d6 A2       		.byte	-94
 1011 03d7 20       		.byte	32
 1012 03d8 E6       		.byte	-26
 1013 03d9 20       		.byte	32
 1014 03da 90       		.byte	-112
 1015 03db 01       		.byte	1
 1016 03dc 9C       		.byte	-100
 1017 03dd 20       		.byte	32
 1018 03de 9F       		.byte	-97
 1019 03df 20       		.byte	32
 1020 03e0 A2       		.byte	-94
 1021 03e1 20       		.byte	32
 1022 03e2 80       		.byte	-128
 1023 03e3 20       		.byte	32
 1024 03e4 87       		.byte	-121
 1025 03e5 20       		.byte	32
 1026 03e6 9C       		.byte	-100
ARM GAS  C:\Users\HENRYA~1\AppData\Local\Temp\ccc4Pz3y.s 			page 19


 1027 03e7 20       		.byte	32
 1028 03e8 9F       		.byte	-97
 1029 03e9 20       		.byte	32
 1030 03ea A2       		.byte	-94
 1031 03eb 20       		.byte	32
 1032 03ec B4       		.byte	-76
 1033 03ed 01       		.byte	1
 1034 03ee E2       		.byte	-30
 1035 03ef 40       		.byte	64
 1036 03f0 E6       		.byte	-26
 1037 03f1 20       		.byte	32
 1038 03f2 86       		.byte	-122
 1039 03f3 20       		.byte	32
 1040 03f4 A2       		.byte	-94
 1041 03f5 20       		.byte	32
 1042 03f6 E4       		.byte	-28
 1043 03f7 40       		.byte	64
 1044 03f8 00       		.byte	0
 1045 03f9 01       		.byte	1
 1046 03fa 0A       		.byte	10
 1047 03fb 01       		.byte	1
 1048 03fc 10       		.byte	16
 1049 03fd 01       		.byte	1
 1050 03fe 1A       		.byte	26
 1051 03ff 01       		.byte	1
 1052 0400 08       		.byte	8
 1053 0401 05       		.byte	5
 1054 0402 00       		.byte	0
 1055 0403 3A       		.byte	58
 1056 0404 58       		.byte	88
 1057 0405 09       		.byte	9
 1058 0406 02       		.byte	2
 1059 0407 36       		.byte	54
 1060 0408 02       		.byte	2
 1061 0409 02       		.byte	2
 1062 040a 00       		.byte	0
 1063 040b 0D       		.byte	13
 1064 040c 21       		.byte	33
 1065 040d 00       		.byte	0
 1066 040e 08       		.byte	8
 1067 040f 20       		.byte	32
 1068 0410 08       		.byte	8
 1069 0411 00       		.byte	0
 1070 0412 52       		.byte	82
 1071 0413 00       		.byte	0
 1072 0414 52       		.byte	82
 1073 0415 13       		.byte	19
 1074 0416 08       		.byte	8
 1075 0417 0C       		.byte	12
 1076 0418 00       		.byte	0
 1077 0419 00       		.byte	0
 1078 041a 00       		.byte	0
 1079 041b 00       		.byte	0
 1080 041c 00       		.byte	0
 1081 041d 00       		.byte	0
 1082 041e 40       		.byte	64
 1083 041f 00       		.byte	0
ARM GAS  C:\Users\HENRYA~1\AppData\Local\Temp\ccc4Pz3y.s 			page 20


 1084 0420 5A       		.byte	90
 1085 0421 00       		.byte	0
 1086 0422 00       		.byte	0
 1087 0423 00       		.byte	0
 1088 0424 03       		.byte	3
 1089 0425 00       		.byte	0
 1090 0426 24       		.byte	36
 1091 0427 00       		.byte	0
 1092 0428 0C       		.byte	12
 1093 0429 00       		.byte	0
 1094 042a 23       		.byte	35
 1095 042b 00       		.byte	0
 1096 042c 5A       		.byte	90
 1097 042d 00       		.byte	0
 1098 042e 00       		.byte	0
 1099 042f 00       		.byte	0
 1100 0430 20       		.byte	32
 1101 0431 00       		.byte	0
 1102 0432 10       		.byte	16
 1103 0433 00       		.byte	0
 1104 0434 40       		.byte	64
 1105 0435 0F       		.byte	15
 1106 0436 0F       		.byte	15
 1107 0437 30       		.byte	48
 1108 0438 00       		.byte	0
 1109 0439 00       		.byte	0
 1110 043a 80       		.byte	-128
 1111 043b 20       		.byte	32
 1112 043c 00       		.byte	0
 1113 043d 00       		.byte	0
 1114 043e 15       		.byte	21
 1115 043f 00       		.byte	0
 1116 0440 12       		.byte	18
 1117 0441 06       		.byte	6
 1118 0442 30       		.byte	48
 1119 0443 00       		.byte	0
 1120 0444 04       		.byte	4
 1121 0445 DE       		.byte	-34
 1122 0446 F0       		.byte	-16
 1123 0447 BC       		.byte	-68
 1124 0448 3B       		.byte	59
 1125 0449 FF       		.byte	-1
 1126 044a FF       		.byte	-1
 1127 044b FF       		.byte	-1
 1128 044c 22       		.byte	34
 1129 044d 00       		.byte	0
 1130 044e F0       		.byte	-16
 1131 044f 08       		.byte	8
 1132 0450 04       		.byte	4
 1133 0451 00       		.byte	0
 1134 0452 00       		.byte	0
 1135 0453 00       		.byte	0
 1136 0454 00       		.byte	0
 1137 0455 00       		.byte	0
 1138 0456 02       		.byte	2
 1139 0457 24       		.byte	36
 1140 0458 04       		.byte	4
ARM GAS  C:\Users\HENRYA~1\AppData\Local\Temp\ccc4Pz3y.s 			page 21


 1141 0459 04       		.byte	4
 1142 045a 04       		.byte	4
 1143 045b 04       		.byte	4
 1144 045c 00       		.byte	0
 1145 045d 00       		.byte	0
 1146 045e 00       		.byte	0
 1147 045f 01       		.byte	1
 1148 0460 00       		.byte	0
 1149 0461 00       		.byte	0
 1150 0462 C0       		.byte	-64
 1151 0463 00       		.byte	0
 1152 0464 40       		.byte	64
 1153 0465 01       		.byte	1
 1154 0466 10       		.byte	16
 1155 0467 11       		.byte	17
 1156 0468 C0       		.byte	-64
 1157 0469 01       		.byte	1
 1158 046a 00       		.byte	0
 1159 046b 11       		.byte	17
 1160 046c 40       		.byte	64
 1161 046d 01       		.byte	1
 1162 046e 40       		.byte	64
 1163 046f 01       		.byte	1
 1164 0470 00       		.byte	0
 1165 0471 00       		.byte	0
 1166 0472 00       		.byte	0
 1167 0473 00       		.byte	0
 1168 0474 00       		.byte	0
 1169 0475 00       		.byte	0
 1170 0476 00       		.byte	0
 1171 0477 00       		.byte	0
 1172 0478 00       		.byte	0
 1173 0479 00       		.byte	0
 1174 047a 00       		.byte	0
 1175 047b 00       		.byte	0
 1176 047c 00       		.byte	0
 1177 047d 00       		.byte	0
 1178 047e 00       		.byte	0
 1179 047f 00       		.byte	0
 1180 0480 00       		.byte	0
 1181 0481 7F       		.byte	127
 1182 0482 7F       		.byte	127
 1183 0483 00       		.byte	0
 1184 0484 00       		.byte	0
 1185 0485 00       		.byte	0
 1186 0486 00       		.byte	0
 1187 0487 00       		.byte	0
 1188 0488 33       		.byte	51
 1189 0489 CC       		.byte	-52
 1190 048a CC       		.byte	-52
 1191 048b 00       		.byte	0
 1192 048c CC       		.byte	-52
 1193 048d 00       		.byte	0
 1194 048e 00       		.byte	0
 1195 048f 00       		.byte	0
 1196              		.section	.cywolatch,"a",%progbits
 1197              		.align	2
ARM GAS  C:\Users\HENRYA~1\AppData\Local\Temp\ccc4Pz3y.s 			page 22


 1198              		.type	cy_meta_wonvl, %object
 1199              		.size	cy_meta_wonvl, 4
 1200              	cy_meta_wonvl:
 1201 0000 BC       		.byte	-68
 1202 0001 90       		.byte	-112
 1203 0002 AC       		.byte	-84
 1204 0003 AF       		.byte	-81
 1205              		.section	.cycustnvl,"a",%progbits
 1206              		.align	2
 1207              		.type	cy_meta_custnvl, %object
 1208              		.size	cy_meta_custnvl, 4
 1209              	cy_meta_custnvl:
 1210 0000 00       		.byte	0
 1211 0001 00       		.byte	0
 1212 0002 40       		.byte	64
 1213 0003 05       		.byte	5
 1214              		.section	.cymeta,"a",%progbits
 1215              		.align	2
 1216              		.type	cy_metadata, %object
 1217              		.size	cy_metadata, 12
 1218              	cy_metadata:
 1219 0000 00       		.byte	0
 1220 0001 01       		.byte	1
 1221 0002 2E       		.byte	46
 1222 0003 12       		.byte	18
 1223 0004 30       		.byte	48
 1224 0005 69       		.byte	105
 1225 0006 00       		.byte	0
 1226 0007 01       		.byte	1
 1227 0008 00       		.byte	0
 1228 0009 00       		.byte	0
 1229 000a 00       		.byte	0
 1230 000b 00       		.byte	0
 1231              		.section	.cyflashprotect,"a",%progbits
 1232              		.align	2
 1233              		.type	cy_meta_flashprotect, %object
 1234              		.size	cy_meta_flashprotect, 256
 1235              	cy_meta_flashprotect:
 1236 0000 00000000 		.space	256
 1236      00000000 
 1236      00000000 
 1236      00000000 
 1236      00000000 
 1237              		.text
 1238              	.Letext0:
 1239              		.file 1 ".\\Generated_Source\\PSoC5\\cymetadata.c"
 1240              		.file 2 ".\\Generated_Source\\PSoC5\\cytypes.h"
 1241              		.section	.debug_info,"",%progbits
 1242              	.Ldebug_info0:
 1243 0000 38010000 		.4byte	0x138
 1244 0004 0400     		.2byte	0x4
 1245 0006 00000000 		.4byte	.Ldebug_abbrev0
 1246 000a 04       		.byte	0x4
 1247 000b 01       		.uleb128 0x1
 1248 000c C2000000 		.4byte	.LASF18
 1249 0010 01       		.byte	0x1
 1250 0011 00000000 		.4byte	.LASF19
ARM GAS  C:\Users\HENRYA~1\AppData\Local\Temp\ccc4Pz3y.s 			page 23


 1251 0015 46000000 		.4byte	.LASF20
 1252 0019 00000000 		.4byte	.Ldebug_line0
 1253 001d 02       		.uleb128 0x2
 1254 001e 01       		.byte	0x1
 1255 001f 06       		.byte	0x6
 1256 0020 CC010000 		.4byte	.LASF0
 1257 0024 02       		.uleb128 0x2
 1258 0025 01       		.byte	0x1
 1259 0026 08       		.byte	0x8
 1260 0027 38000000 		.4byte	.LASF1
 1261 002b 02       		.uleb128 0x2
 1262 002c 02       		.byte	0x2
 1263 002d 05       		.byte	0x5
 1264 002e B3010000 		.4byte	.LASF2
 1265 0032 02       		.uleb128 0x2
 1266 0033 02       		.byte	0x2
 1267 0034 07       		.byte	0x7
 1268 0035 86000000 		.4byte	.LASF3
 1269 0039 02       		.uleb128 0x2
 1270 003a 04       		.byte	0x4
 1271 003b 05       		.byte	0x5
 1272 003c C3010000 		.4byte	.LASF4
 1273 0040 02       		.uleb128 0x2
 1274 0041 04       		.byte	0x4
 1275 0042 07       		.byte	0x7
 1276 0043 74000000 		.4byte	.LASF5
 1277 0047 02       		.uleb128 0x2
 1278 0048 08       		.byte	0x8
 1279 0049 05       		.byte	0x5
 1280 004a A0010000 		.4byte	.LASF6
 1281 004e 02       		.uleb128 0x2
 1282 004f 08       		.byte	0x8
 1283 0050 07       		.byte	0x7
 1284 0051 5D010000 		.4byte	.LASF7
 1285 0055 03       		.uleb128 0x3
 1286 0056 04       		.byte	0x4
 1287 0057 05       		.byte	0x5
 1288 0058 696E7400 		.ascii	"int\000"
 1289 005c 02       		.uleb128 0x2
 1290 005d 04       		.byte	0x4
 1291 005e 07       		.byte	0x7
 1292 005f 50010000 		.4byte	.LASF8
 1293 0063 04       		.uleb128 0x4
 1294 0064 BD010000 		.4byte	.LASF21
 1295 0068 02       		.byte	0x2
 1296 0069 9201     		.2byte	0x192
 1297 006b 24000000 		.4byte	0x24
 1298 006f 02       		.uleb128 0x2
 1299 0070 04       		.byte	0x4
 1300 0071 04       		.byte	0x4
 1301 0072 32000000 		.4byte	.LASF9
 1302 0076 02       		.uleb128 0x2
 1303 0077 08       		.byte	0x8
 1304 0078 04       		.byte	0x4
 1305 0079 99000000 		.4byte	.LASF10
 1306 007d 02       		.uleb128 0x2
 1307 007e 01       		.byte	0x1
ARM GAS  C:\Users\HENRYA~1\AppData\Local\Temp\ccc4Pz3y.s 			page 24


 1308 007f 08       		.byte	0x8
 1309 0080 AE010000 		.4byte	.LASF11
 1310 0084 05       		.uleb128 0x5
 1311 0085 63000000 		.4byte	0x63
 1312 0089 95000000 		.4byte	0x95
 1313 008d 06       		.uleb128 0x6
 1314 008e 95000000 		.4byte	0x95
 1315 0092 8F04     		.2byte	0x48f
 1316 0094 00       		.byte	0
 1317 0095 02       		.uleb128 0x2
 1318 0096 04       		.byte	0x4
 1319 0097 07       		.byte	0x7
 1320 0098 97010000 		.4byte	.LASF12
 1321 009c 07       		.uleb128 0x7
 1322 009d B0000000 		.4byte	.LASF13
 1323 00a1 01       		.byte	0x1
 1324 00a2 1F       		.byte	0x1f
 1325 00a3 AD000000 		.4byte	0xad
 1326 00a7 05       		.uleb128 0x5
 1327 00a8 03       		.byte	0x3
 1328 00a9 00000000 		.4byte	cy_meta_configecc
 1329 00ad 08       		.uleb128 0x8
 1330 00ae 84000000 		.4byte	0x84
 1331 00b2 05       		.uleb128 0x5
 1332 00b3 63000000 		.4byte	0x63
 1333 00b7 C2000000 		.4byte	0xc2
 1334 00bb 09       		.uleb128 0x9
 1335 00bc 95000000 		.4byte	0x95
 1336 00c0 03       		.byte	0x3
 1337 00c1 00       		.byte	0
 1338 00c2 07       		.uleb128 0x7
 1339 00c3 A0000000 		.4byte	.LASF14
 1340 00c7 01       		.byte	0x1
 1341 00c8 BE       		.byte	0xbe
 1342 00c9 D3000000 		.4byte	0xd3
 1343 00cd 05       		.uleb128 0x5
 1344 00ce 03       		.byte	0x3
 1345 00cf 00000000 		.4byte	cy_meta_custnvl
 1346 00d3 08       		.uleb128 0x8
 1347 00d4 B2000000 		.4byte	0xb2
 1348 00d8 07       		.uleb128 0x7
 1349 00d9 89010000 		.4byte	.LASF15
 1350 00dd 01       		.byte	0x1
 1351 00de CC       		.byte	0xcc
 1352 00df E9000000 		.4byte	0xe9
 1353 00e3 05       		.uleb128 0x5
 1354 00e4 03       		.byte	0x3
 1355 00e5 00000000 		.4byte	cy_meta_wonvl
 1356 00e9 08       		.uleb128 0x8
 1357 00ea B2000000 		.4byte	0xb2
 1358 00ee 05       		.uleb128 0x5
 1359 00ef 63000000 		.4byte	0x63
 1360 00f3 FE000000 		.4byte	0xfe
 1361 00f7 09       		.uleb128 0x9
 1362 00f8 95000000 		.4byte	0x95
 1363 00fc FF       		.byte	0xff
 1364 00fd 00       		.byte	0
ARM GAS  C:\Users\HENRYA~1\AppData\Local\Temp\ccc4Pz3y.s 			page 25


 1365 00fe 07       		.uleb128 0x7
 1366 00ff 74010000 		.4byte	.LASF16
 1367 0103 01       		.byte	0x1
 1368 0104 DA       		.byte	0xda
 1369 0105 0F010000 		.4byte	0x10f
 1370 0109 05       		.uleb128 0x5
 1371 010a 03       		.byte	0x3
 1372 010b 00000000 		.4byte	cy_meta_flashprotect
 1373 010f 08       		.uleb128 0x8
 1374 0110 EE000000 		.4byte	0xee
 1375 0114 05       		.uleb128 0x5
 1376 0115 63000000 		.4byte	0x63
 1377 0119 24010000 		.4byte	0x124
 1378 011d 09       		.uleb128 0x9
 1379 011e 95000000 		.4byte	0x95
 1380 0122 0B       		.byte	0xb
 1381 0123 00       		.byte	0
 1382 0124 0A       		.uleb128 0xa
 1383 0125 26000000 		.4byte	.LASF17
 1384 0129 01       		.byte	0x1
 1385 012a 0701     		.2byte	0x107
 1386 012c 36010000 		.4byte	0x136
 1387 0130 05       		.uleb128 0x5
 1388 0131 03       		.byte	0x3
 1389 0132 00000000 		.4byte	cy_metadata
 1390 0136 08       		.uleb128 0x8
 1391 0137 14010000 		.4byte	0x114
 1392 013b 00       		.byte	0
 1393              		.section	.debug_abbrev,"",%progbits
 1394              	.Ldebug_abbrev0:
 1395 0000 01       		.uleb128 0x1
 1396 0001 11       		.uleb128 0x11
 1397 0002 01       		.byte	0x1
 1398 0003 25       		.uleb128 0x25
 1399 0004 0E       		.uleb128 0xe
 1400 0005 13       		.uleb128 0x13
 1401 0006 0B       		.uleb128 0xb
 1402 0007 03       		.uleb128 0x3
 1403 0008 0E       		.uleb128 0xe
 1404 0009 1B       		.uleb128 0x1b
 1405 000a 0E       		.uleb128 0xe
 1406 000b 10       		.uleb128 0x10
 1407 000c 17       		.uleb128 0x17
 1408 000d 00       		.byte	0
 1409 000e 00       		.byte	0
 1410 000f 02       		.uleb128 0x2
 1411 0010 24       		.uleb128 0x24
 1412 0011 00       		.byte	0
 1413 0012 0B       		.uleb128 0xb
 1414 0013 0B       		.uleb128 0xb
 1415 0014 3E       		.uleb128 0x3e
 1416 0015 0B       		.uleb128 0xb
 1417 0016 03       		.uleb128 0x3
 1418 0017 0E       		.uleb128 0xe
 1419 0018 00       		.byte	0
 1420 0019 00       		.byte	0
 1421 001a 03       		.uleb128 0x3
ARM GAS  C:\Users\HENRYA~1\AppData\Local\Temp\ccc4Pz3y.s 			page 26


 1422 001b 24       		.uleb128 0x24
 1423 001c 00       		.byte	0
 1424 001d 0B       		.uleb128 0xb
 1425 001e 0B       		.uleb128 0xb
 1426 001f 3E       		.uleb128 0x3e
 1427 0020 0B       		.uleb128 0xb
 1428 0021 03       		.uleb128 0x3
 1429 0022 08       		.uleb128 0x8
 1430 0023 00       		.byte	0
 1431 0024 00       		.byte	0
 1432 0025 04       		.uleb128 0x4
 1433 0026 16       		.uleb128 0x16
 1434 0027 00       		.byte	0
 1435 0028 03       		.uleb128 0x3
 1436 0029 0E       		.uleb128 0xe
 1437 002a 3A       		.uleb128 0x3a
 1438 002b 0B       		.uleb128 0xb
 1439 002c 3B       		.uleb128 0x3b
 1440 002d 05       		.uleb128 0x5
 1441 002e 49       		.uleb128 0x49
 1442 002f 13       		.uleb128 0x13
 1443 0030 00       		.byte	0
 1444 0031 00       		.byte	0
 1445 0032 05       		.uleb128 0x5
 1446 0033 01       		.uleb128 0x1
 1447 0034 01       		.byte	0x1
 1448 0035 49       		.uleb128 0x49
 1449 0036 13       		.uleb128 0x13
 1450 0037 01       		.uleb128 0x1
 1451 0038 13       		.uleb128 0x13
 1452 0039 00       		.byte	0
 1453 003a 00       		.byte	0
 1454 003b 06       		.uleb128 0x6
 1455 003c 21       		.uleb128 0x21
 1456 003d 00       		.byte	0
 1457 003e 49       		.uleb128 0x49
 1458 003f 13       		.uleb128 0x13
 1459 0040 2F       		.uleb128 0x2f
 1460 0041 05       		.uleb128 0x5
 1461 0042 00       		.byte	0
 1462 0043 00       		.byte	0
 1463 0044 07       		.uleb128 0x7
 1464 0045 34       		.uleb128 0x34
 1465 0046 00       		.byte	0
 1466 0047 03       		.uleb128 0x3
 1467 0048 0E       		.uleb128 0xe
 1468 0049 3A       		.uleb128 0x3a
 1469 004a 0B       		.uleb128 0xb
 1470 004b 3B       		.uleb128 0x3b
 1471 004c 0B       		.uleb128 0xb
 1472 004d 49       		.uleb128 0x49
 1473 004e 13       		.uleb128 0x13
 1474 004f 3F       		.uleb128 0x3f
 1475 0050 19       		.uleb128 0x19
 1476 0051 02       		.uleb128 0x2
 1477 0052 18       		.uleb128 0x18
 1478 0053 00       		.byte	0
ARM GAS  C:\Users\HENRYA~1\AppData\Local\Temp\ccc4Pz3y.s 			page 27


 1479 0054 00       		.byte	0
 1480 0055 08       		.uleb128 0x8
 1481 0056 26       		.uleb128 0x26
 1482 0057 00       		.byte	0
 1483 0058 49       		.uleb128 0x49
 1484 0059 13       		.uleb128 0x13
 1485 005a 00       		.byte	0
 1486 005b 00       		.byte	0
 1487 005c 09       		.uleb128 0x9
 1488 005d 21       		.uleb128 0x21
 1489 005e 00       		.byte	0
 1490 005f 49       		.uleb128 0x49
 1491 0060 13       		.uleb128 0x13
 1492 0061 2F       		.uleb128 0x2f
 1493 0062 0B       		.uleb128 0xb
 1494 0063 00       		.byte	0
 1495 0064 00       		.byte	0
 1496 0065 0A       		.uleb128 0xa
 1497 0066 34       		.uleb128 0x34
 1498 0067 00       		.byte	0
 1499 0068 03       		.uleb128 0x3
 1500 0069 0E       		.uleb128 0xe
 1501 006a 3A       		.uleb128 0x3a
 1502 006b 0B       		.uleb128 0xb
 1503 006c 3B       		.uleb128 0x3b
 1504 006d 05       		.uleb128 0x5
 1505 006e 49       		.uleb128 0x49
 1506 006f 13       		.uleb128 0x13
 1507 0070 3F       		.uleb128 0x3f
 1508 0071 19       		.uleb128 0x19
 1509 0072 02       		.uleb128 0x2
 1510 0073 18       		.uleb128 0x18
 1511 0074 00       		.byte	0
 1512 0075 00       		.byte	0
 1513 0076 00       		.byte	0
 1514              		.section	.debug_aranges,"",%progbits
 1515 0000 14000000 		.4byte	0x14
 1516 0004 0200     		.2byte	0x2
 1517 0006 00000000 		.4byte	.Ldebug_info0
 1518 000a 04       		.byte	0x4
 1519 000b 00       		.byte	0
 1520 000c 0000     		.2byte	0
 1521 000e 0000     		.2byte	0
 1522 0010 00000000 		.4byte	0
 1523 0014 00000000 		.4byte	0
 1524              		.section	.debug_line,"",%progbits
 1525              	.Ldebug_line0:
 1526 0000 4F000000 		.section	.debug_str,"MS",%progbits,1
 1526      02004900 
 1526      00000201 
 1526      FB0E0D00 
 1526      01010101 
 1527              	.LASF19:
 1528 0000 2E5C4765 		.ascii	".\\Generated_Source\\PSoC5\\cymetadata.c\000"
 1528      6E657261 
 1528      7465645F 
 1528      536F7572 
ARM GAS  C:\Users\HENRYA~1\AppData\Local\Temp\ccc4Pz3y.s 			page 28


 1528      63655C50 
 1529              	.LASF17:
 1530 0026 63795F6D 		.ascii	"cy_metadata\000"
 1530      65746164 
 1530      61746100 
 1531              	.LASF9:
 1532 0032 666C6F61 		.ascii	"float\000"
 1532      7400
 1533              	.LASF1:
 1534 0038 756E7369 		.ascii	"unsigned char\000"
 1534      676E6564 
 1534      20636861 
 1534      7200
 1535              	.LASF20:
 1536 0046 433A5C55 		.ascii	"C:\\Users\\Henry Alberto\\Desktop\\SPI\\NODO.cydsn\000"
 1536      73657273 
 1536      5C48656E 
 1536      72792041 
 1536      6C626572 
 1537              	.LASF5:
 1538 0074 6C6F6E67 		.ascii	"long unsigned int\000"
 1538      20756E73 
 1538      69676E65 
 1538      6420696E 
 1538      7400
 1539              	.LASF3:
 1540 0086 73686F72 		.ascii	"short unsigned int\000"
 1540      7420756E 
 1540      7369676E 
 1540      65642069 
 1540      6E7400
 1541              	.LASF10:
 1542 0099 646F7562 		.ascii	"double\000"
 1542      6C6500
 1543              	.LASF14:
 1544 00a0 63795F6D 		.ascii	"cy_meta_custnvl\000"
 1544      6574615F 
 1544      63757374 
 1544      6E766C00 
 1545              	.LASF13:
 1546 00b0 63795F6D 		.ascii	"cy_meta_configecc\000"
 1546      6574615F 
 1546      636F6E66 
 1546      69676563 
 1546      6300
 1547              	.LASF18:
 1548 00c2 474E5520 		.ascii	"GNU C 4.9.3 20150303 (release) [ARM/embedded-4_9-br"
 1548      4320342E 
 1548      392E3320 
 1548      32303135 
 1548      30333033 
 1549 00f5 616E6368 		.ascii	"anch revision 221220] -mcpu=cortex-m3 -mthumb -g -O"
 1549      20726576 
 1549      6973696F 
 1549      6E203232 
 1549      31323230 
 1550 0128 67202D66 		.ascii	"g -ffunction-sections -ffat-lto-objects\000"
ARM GAS  C:\Users\HENRYA~1\AppData\Local\Temp\ccc4Pz3y.s 			page 29


 1550      66756E63 
 1550      74696F6E 
 1550      2D736563 
 1550      74696F6E 
 1551              	.LASF8:
 1552 0150 756E7369 		.ascii	"unsigned int\000"
 1552      676E6564 
 1552      20696E74 
 1552      00
 1553              	.LASF7:
 1554 015d 6C6F6E67 		.ascii	"long long unsigned int\000"
 1554      206C6F6E 
 1554      6720756E 
 1554      7369676E 
 1554      65642069 
 1555              	.LASF16:
 1556 0174 63795F6D 		.ascii	"cy_meta_flashprotect\000"
 1556      6574615F 
 1556      666C6173 
 1556      6870726F 
 1556      74656374 
 1557              	.LASF15:
 1558 0189 63795F6D 		.ascii	"cy_meta_wonvl\000"
 1558      6574615F 
 1558      776F6E76 
 1558      6C00
 1559              	.LASF12:
 1560 0197 73697A65 		.ascii	"sizetype\000"
 1560      74797065 
 1560      00
 1561              	.LASF6:
 1562 01a0 6C6F6E67 		.ascii	"long long int\000"
 1562      206C6F6E 
 1562      6720696E 
 1562      7400
 1563              	.LASF11:
 1564 01ae 63686172 		.ascii	"char\000"
 1564      00
 1565              	.LASF2:
 1566 01b3 73686F72 		.ascii	"short int\000"
 1566      7420696E 
 1566      7400
 1567              	.LASF21:
 1568 01bd 75696E74 		.ascii	"uint8\000"
 1568      3800
 1569              	.LASF4:
 1570 01c3 6C6F6E67 		.ascii	"long int\000"
 1570      20696E74 
 1570      00
 1571              	.LASF0:
 1572 01cc 7369676E 		.ascii	"signed char\000"
 1572      65642063 
 1572      68617200 
 1573              		.ident	"GCC: (GNU Tools for ARM Embedded Processors) 4.9.3 20150303 (release) [ARM/embedded-4_9-br
