ARM GAS  C:\Users\HENRYA~1\AppData\Local\Temp\ccfb4MqQ.s 			page 1


   1              		.syntax unified
   2              		.cpu cortex-m3
   3              		.fpu softvfp
   4              		.eabi_attribute 20, 1
   5              		.eabi_attribute 21, 1
   6              		.eabi_attribute 23, 3
   7              		.eabi_attribute 24, 1
   8              		.eabi_attribute 25, 1
   9              		.eabi_attribute 26, 1
  10              		.eabi_attribute 30, 1
  11              		.eabi_attribute 34, 1
  12              		.eabi_attribute 18, 4
  13              		.thumb
  14              		.file	"main.c"
  15              		.text
  16              	.Ltext0:
  17              		.cfi_sections	.debug_frame
  18              		.section	.text.main,"ax",%progbits
  19              		.align	2
  20              		.global	main
  21              		.thumb
  22              		.thumb_func
  23              		.type	main, %function
  24              	main:
  25              	.LFB63:
  26              		.file 1 ".\\main.c"
   1:.\main.c      **** /* ========================================
   2:.\main.c      ****  *
   3:.\main.c      ****  * Copyright YOUR COMPANY, THE YEAR
   4:.\main.c      ****  * All Rights Reserved
   5:.\main.c      ****  * UNPUBLISHED, LICENSED SOFTWARE.
   6:.\main.c      ****  *
   7:.\main.c      ****  * CONFIDENTIAL AND PROPRIETARY INFORMATION
   8:.\main.c      ****  * WHICH IS THE PROPERTY OF your company.
   9:.\main.c      ****  *
  10:.\main.c      ****  * ========================================
  11:.\main.c      **** */
  12:.\main.c      **** #include <project.h>
  13:.\main.c      **** int8 dato_TX,dato_RX;
  14:.\main.c      **** 
  15:.\main.c      **** int main()
  16:.\main.c      **** {
  27              		.loc 1 16 0
  28              		.cfi_startproc
  29              		@ Volatile: function does not return.
  30              		@ args = 0, pretend = 0, frame = 0
  31              		@ frame_needed = 0, uses_anonymous_args = 0
  32 0000 08B5     		push	{r3, lr}
  33              		.cfi_def_cfa_offset 8
  34              		.cfi_offset 3, -8
  35              		.cfi_offset 14, -4
  17:.\main.c      ****     CyGlobalIntEnable; /* Enable global interrupts. */
  36              		.loc 1 17 0
  37              	@ 17 ".\main.c" 1
  38 0002 62B6     		CPSIE   i
  39              	@ 0 "" 2
  18:.\main.c      ****     SPIM_1_Start();
ARM GAS  C:\Users\HENRYA~1\AppData\Local\Temp\ccfb4MqQ.s 			page 2


  40              		.loc 1 18 0
  41              		.thumb
  42 0004 FFF7FEFF 		bl	SPIM_1_Start
  43              	.LVL0:
  19:.\main.c      ****     SPIS_1_Start();
  44              		.loc 1 19 0
  45 0008 FFF7FEFF 		bl	SPIS_1_Start
  46              	.LVL1:
  20:.\main.c      ****     LCD_Char_1_Start();
  47              		.loc 1 20 0
  48 000c FFF7FEFF 		bl	LCD_Char_1_Start
  49              	.LVL2:
  21:.\main.c      ****     LCD_Char_1_Position(0,0);
  50              		.loc 1 21 0
  51 0010 0020     		movs	r0, #0
  52 0012 0146     		mov	r1, r0
  53 0014 FFF7FEFF 		bl	LCD_Char_1_Position
  54              	.LVL3:
  22:.\main.c      ****     LCD_Char_1_PrintString("Datos");
  55              		.loc 1 22 0
  56 0018 1248     		ldr	r0, .L4
  57 001a FFF7FEFF 		bl	LCD_Char_1_PrintString
  58              	.LVL4:
  59              	.L2:
  23:.\main.c      ****     /* Place your initialization/startup code here (e.g. MyInst_Start()) */
  24:.\main.c      **** 
  25:.\main.c      ****     for(;;)
  26:.\main.c      ****     {
  27:.\main.c      ****         SPIM_1_WriteTxData(dato_TX);
  60              		.loc 1 27 0 discriminator 1
  61 001e 124C     		ldr	r4, .L4+4
  62 0020 2078     		ldrb	r0, [r4]	@ zero_extendqisi2
  63 0022 FFF7FEFF 		bl	SPIM_1_WriteTxData
  64              	.LVL5:
  28:.\main.c      ****         SPIS_1_WriteTxData(SPIS_1_ReadRxData());
  65              		.loc 1 28 0 discriminator 1
  66 0026 FFF7FEFF 		bl	SPIS_1_ReadRxData
  67              	.LVL6:
  68 002a FFF7FEFF 		bl	SPIS_1_WriteTxData
  69              	.LVL7:
  29:.\main.c      ****         dato_RX=SPIM_1_ReadRxData();
  70              		.loc 1 29 0 discriminator 1
  71 002e FFF7FEFF 		bl	SPIM_1_ReadRxData
  72              	.LVL8:
  73 0032 0E4D     		ldr	r5, .L4+8
  74 0034 2870     		strb	r0, [r5]
  30:.\main.c      ****         dato_TX++;
  75              		.loc 1 30 0 discriminator 1
  76 0036 2378     		ldrb	r3, [r4]	@ zero_extendqisi2
  77 0038 0133     		adds	r3, r3, #1
  78 003a 2370     		strb	r3, [r4]
  31:.\main.c      ****         LCD_Char_1_Position(1,0);
  79              		.loc 1 31 0 discriminator 1
  80 003c 0120     		movs	r0, #1
  81 003e 0021     		movs	r1, #0
  82 0040 FFF7FEFF 		bl	LCD_Char_1_Position
  83              	.LVL9:
ARM GAS  C:\Users\HENRYA~1\AppData\Local\Temp\ccfb4MqQ.s 			page 3


  32:.\main.c      ****         LCD_Char_1_PrintInt8(dato_RX);
  84              		.loc 1 32 0 discriminator 1
  85 0044 2878     		ldrb	r0, [r5]	@ zero_extendqisi2
  86 0046 FFF7FEFF 		bl	LCD_Char_1_PrintInt8
  87              	.LVL10:
  33:.\main.c      ****         LCD_Char_1_Position(1,8);
  88              		.loc 1 33 0 discriminator 1
  89 004a 0120     		movs	r0, #1
  90 004c 0821     		movs	r1, #8
  91 004e FFF7FEFF 		bl	LCD_Char_1_Position
  92              	.LVL11:
  34:.\main.c      ****         LCD_Char_1_PrintInt8(dato_TX);
  93              		.loc 1 34 0 discriminator 1
  94 0052 2078     		ldrb	r0, [r4]	@ zero_extendqisi2
  95 0054 FFF7FEFF 		bl	LCD_Char_1_PrintInt8
  96              	.LVL12:
  35:.\main.c      ****         CyDelay(1000);
  97              		.loc 1 35 0 discriminator 1
  98 0058 4FF47A70 		mov	r0, #1000
  99 005c FFF7FEFF 		bl	CyDelay
 100              	.LVL13:
  36:.\main.c      ****     }
 101              		.loc 1 36 0 discriminator 1
 102 0060 DDE7     		b	.L2
 103              	.L5:
 104 0062 00BF     		.align	2
 105              	.L4:
 106 0064 00000000 		.word	.LC0
 107 0068 00000000 		.word	dato_TX
 108 006c 00000000 		.word	dato_RX
 109              		.cfi_endproc
 110              	.LFE63:
 111              		.size	main, .-main
 112              		.comm	dato_RX,1,1
 113              		.comm	dato_TX,1,1
 114              		.section	.rodata.str1.4,"aMS",%progbits,1
 115              		.align	2
 116              	.LC0:
 117 0000 4461746F 		.ascii	"Datos\000"
 117      7300
 118 0006 0000     		.text
 119              	.Letext0:
 120              		.file 2 "c:\\program files (x86)\\cypress\\psoc creator\\3.3\\psoc creator\\import\\gnu\\arm\\4.9.
 121              		.file 3 "c:\\program files (x86)\\cypress\\psoc creator\\3.3\\psoc creator\\import\\gnu\\arm\\4.9.
 122              		.file 4 "Generated_Source\\PSoC5/cytypes.h"
 123              		.file 5 "Generated_Source\\PSoC5/core_cm3.h"
 124              		.file 6 "Generated_Source\\PSoC5/SPIM_1.h"
 125              		.file 7 "Generated_Source\\PSoC5/SPIS_1.h"
 126              		.file 8 "Generated_Source\\PSoC5/LCD_Char_1.h"
 127              		.file 9 "Generated_Source\\PSoC5/CyLib.h"
 128              		.section	.debug_info,"",%progbits
 129              	.Ldebug_info0:
 130 0000 75020000 		.4byte	0x275
 131 0004 0400     		.2byte	0x4
 132 0006 00000000 		.4byte	.Ldebug_abbrev0
 133 000a 04       		.byte	0x4
 134 000b 01       		.uleb128 0x1
ARM GAS  C:\Users\HENRYA~1\AppData\Local\Temp\ccfb4MqQ.s 			page 4


 135 000c E9000000 		.4byte	.LASF32
 136 0010 01       		.byte	0x1
 137 0011 1F000000 		.4byte	.LASF33
 138 0015 5C000000 		.4byte	.LASF34
 139 0019 00000000 		.4byte	.Ldebug_ranges0+0
 140 001d 00000000 		.4byte	0
 141 0021 00000000 		.4byte	.Ldebug_line0
 142 0025 02       		.uleb128 0x2
 143 0026 01       		.byte	0x1
 144 0027 06       		.byte	0x6
 145 0028 21020000 		.4byte	.LASF0
 146 002c 02       		.uleb128 0x2
 147 002d 01       		.byte	0x1
 148 002e 08       		.byte	0x8
 149 002f 77010000 		.4byte	.LASF1
 150 0033 02       		.uleb128 0x2
 151 0034 02       		.byte	0x2
 152 0035 05       		.byte	0x5
 153 0036 08020000 		.4byte	.LASF2
 154 003a 02       		.uleb128 0x2
 155 003b 02       		.byte	0x2
 156 003c 07       		.byte	0x7
 157 003d 9C000000 		.4byte	.LASF3
 158 0041 03       		.uleb128 0x3
 159 0042 0D000000 		.4byte	.LASF9
 160 0046 02       		.byte	0x2
 161 0047 3F       		.byte	0x3f
 162 0048 4C000000 		.4byte	0x4c
 163 004c 02       		.uleb128 0x2
 164 004d 04       		.byte	0x4
 165 004e 05       		.byte	0x5
 166 004f 18020000 		.4byte	.LASF4
 167 0053 02       		.uleb128 0x2
 168 0054 04       		.byte	0x4
 169 0055 07       		.byte	0x7
 170 0056 8A000000 		.4byte	.LASF5
 171 005a 02       		.uleb128 0x2
 172 005b 08       		.byte	0x8
 173 005c 05       		.byte	0x5
 174 005d BA010000 		.4byte	.LASF6
 175 0061 02       		.uleb128 0x2
 176 0062 08       		.byte	0x8
 177 0063 07       		.byte	0x7
 178 0064 92010000 		.4byte	.LASF7
 179 0068 04       		.uleb128 0x4
 180 0069 04       		.byte	0x4
 181 006a 05       		.byte	0x5
 182 006b 696E7400 		.ascii	"int\000"
 183 006f 02       		.uleb128 0x2
 184 0070 04       		.byte	0x4
 185 0071 07       		.byte	0x7
 186 0072 85010000 		.4byte	.LASF8
 187 0076 03       		.uleb128 0x3
 188 0077 A9010000 		.4byte	.LASF10
 189 007b 03       		.byte	0x3
 190 007c 2C       		.byte	0x2c
 191 007d 41000000 		.4byte	0x41
ARM GAS  C:\Users\HENRYA~1\AppData\Local\Temp\ccfb4MqQ.s 			page 5


 192 0081 05       		.uleb128 0x5
 193 0082 12020000 		.4byte	.LASF11
 194 0086 04       		.byte	0x4
 195 0087 9201     		.2byte	0x192
 196 0089 2C000000 		.4byte	0x2c
 197 008d 05       		.uleb128 0x5
 198 008e E2000000 		.4byte	.LASF12
 199 0092 04       		.byte	0x4
 200 0093 9401     		.2byte	0x194
 201 0095 53000000 		.4byte	0x53
 202 0099 05       		.uleb128 0x5
 203 009a DD000000 		.4byte	.LASF13
 204 009e 04       		.byte	0x4
 205 009f 9501     		.2byte	0x195
 206 00a1 25000000 		.4byte	0x25
 207 00a5 02       		.uleb128 0x2
 208 00a6 04       		.byte	0x4
 209 00a7 04       		.byte	0x4
 210 00a8 28000000 		.4byte	.LASF14
 211 00ac 02       		.uleb128 0x2
 212 00ad 08       		.byte	0x8
 213 00ae 04       		.byte	0x4
 214 00af D1000000 		.4byte	.LASF15
 215 00b3 05       		.uleb128 0x5
 216 00b4 56000000 		.4byte	.LASF16
 217 00b8 04       		.byte	0x4
 218 00b9 A301     		.2byte	0x1a3
 219 00bb BF000000 		.4byte	0xbf
 220 00bf 02       		.uleb128 0x2
 221 00c0 01       		.byte	0x1
 222 00c1 08       		.byte	0x8
 223 00c2 C8010000 		.4byte	.LASF17
 224 00c6 02       		.uleb128 0x2
 225 00c7 04       		.byte	0x4
 226 00c8 07       		.byte	0x7
 227 00c9 B1010000 		.4byte	.LASF18
 228 00cd 06       		.uleb128 0x6
 229 00ce D8000000 		.4byte	.LASF35
 230 00d2 01       		.byte	0x1
 231 00d3 0F       		.byte	0xf
 232 00d4 68000000 		.4byte	0x68
 233 00d8 00000000 		.4byte	.LFB63
 234 00dc 70000000 		.4byte	.LFE63-.LFB63
 235 00e0 01       		.uleb128 0x1
 236 00e1 9C       		.byte	0x9c
 237 00e2 A8010000 		.4byte	0x1a8
 238 00e6 07       		.uleb128 0x7
 239 00e7 08000000 		.4byte	.LVL0
 240 00eb DB010000 		.4byte	0x1db
 241 00ef 07       		.uleb128 0x7
 242 00f0 0C000000 		.4byte	.LVL1
 243 00f4 E2010000 		.4byte	0x1e2
 244 00f8 07       		.uleb128 0x7
 245 00f9 10000000 		.4byte	.LVL2
 246 00fd E9010000 		.4byte	0x1e9
 247 0101 08       		.uleb128 0x8
 248 0102 18000000 		.4byte	.LVL3
ARM GAS  C:\Users\HENRYA~1\AppData\Local\Temp\ccfb4MqQ.s 			page 6


 249 0106 F0010000 		.4byte	0x1f0
 250 010a 19010000 		.4byte	0x119
 251 010e 09       		.uleb128 0x9
 252 010f 01       		.uleb128 0x1
 253 0110 51       		.byte	0x51
 254 0111 01       		.uleb128 0x1
 255 0112 30       		.byte	0x30
 256 0113 09       		.uleb128 0x9
 257 0114 01       		.uleb128 0x1
 258 0115 50       		.byte	0x50
 259 0116 01       		.uleb128 0x1
 260 0117 30       		.byte	0x30
 261 0118 00       		.byte	0
 262 0119 08       		.uleb128 0x8
 263 011a 1E000000 		.4byte	.LVL4
 264 011e 06020000 		.4byte	0x206
 265 0122 30010000 		.4byte	0x130
 266 0126 09       		.uleb128 0x9
 267 0127 01       		.uleb128 0x1
 268 0128 50       		.byte	0x50
 269 0129 05       		.uleb128 0x5
 270 012a 03       		.byte	0x3
 271 012b 00000000 		.4byte	.LC0
 272 012f 00       		.byte	0
 273 0130 07       		.uleb128 0x7
 274 0131 26000000 		.4byte	.LVL5
 275 0135 22020000 		.4byte	0x222
 276 0139 07       		.uleb128 0x7
 277 013a 2A000000 		.4byte	.LVL6
 278 013e 33020000 		.4byte	0x233
 279 0142 07       		.uleb128 0x7
 280 0143 2E000000 		.4byte	.LVL7
 281 0147 3E020000 		.4byte	0x23e
 282 014b 07       		.uleb128 0x7
 283 014c 32000000 		.4byte	.LVL8
 284 0150 4F020000 		.4byte	0x24f
 285 0154 08       		.uleb128 0x8
 286 0155 44000000 		.4byte	.LVL9
 287 0159 F0010000 		.4byte	0x1f0
 288 015d 6C010000 		.4byte	0x16c
 289 0161 09       		.uleb128 0x9
 290 0162 01       		.uleb128 0x1
 291 0163 51       		.byte	0x51
 292 0164 01       		.uleb128 0x1
 293 0165 30       		.byte	0x30
 294 0166 09       		.uleb128 0x9
 295 0167 01       		.uleb128 0x1
 296 0168 50       		.byte	0x50
 297 0169 01       		.uleb128 0x1
 298 016a 31       		.byte	0x31
 299 016b 00       		.byte	0
 300 016c 07       		.uleb128 0x7
 301 016d 4A000000 		.4byte	.LVL10
 302 0171 5A020000 		.4byte	0x25a
 303 0175 08       		.uleb128 0x8
 304 0176 52000000 		.4byte	.LVL11
 305 017a F0010000 		.4byte	0x1f0
ARM GAS  C:\Users\HENRYA~1\AppData\Local\Temp\ccfb4MqQ.s 			page 7


 306 017e 8D010000 		.4byte	0x18d
 307 0182 09       		.uleb128 0x9
 308 0183 01       		.uleb128 0x1
 309 0184 51       		.byte	0x51
 310 0185 01       		.uleb128 0x1
 311 0186 38       		.byte	0x38
 312 0187 09       		.uleb128 0x9
 313 0188 01       		.uleb128 0x1
 314 0189 50       		.byte	0x50
 315 018a 01       		.uleb128 0x1
 316 018b 31       		.byte	0x31
 317 018c 00       		.byte	0
 318 018d 07       		.uleb128 0x7
 319 018e 58000000 		.4byte	.LVL12
 320 0192 5A020000 		.4byte	0x25a
 321 0196 0A       		.uleb128 0xa
 322 0197 60000000 		.4byte	.LVL13
 323 019b 6B020000 		.4byte	0x26b
 324 019f 09       		.uleb128 0x9
 325 01a0 01       		.uleb128 0x1
 326 01a1 50       		.byte	0x50
 327 01a2 03       		.uleb128 0x3
 328 01a3 0A       		.byte	0xa
 329 01a4 E803     		.2byte	0x3e8
 330 01a6 00       		.byte	0
 331 01a7 00       		.byte	0
 332 01a8 0B       		.uleb128 0xb
 333 01a9 BC000000 		.4byte	.LASF19
 334 01ad 05       		.byte	0x5
 335 01ae 9606     		.2byte	0x696
 336 01b0 B4010000 		.4byte	0x1b4
 337 01b4 0C       		.uleb128 0xc
 338 01b5 76000000 		.4byte	0x76
 339 01b9 0D       		.uleb128 0xd
 340 01ba C9000000 		.4byte	.LASF20
 341 01be 01       		.byte	0x1
 342 01bf 0D       		.byte	0xd
 343 01c0 99000000 		.4byte	0x99
 344 01c4 05       		.uleb128 0x5
 345 01c5 03       		.byte	0x3
 346 01c6 00000000 		.4byte	dato_TX
 347 01ca 0D       		.uleb128 0xd
 348 01cb 17000000 		.4byte	.LASF21
 349 01cf 01       		.byte	0x1
 350 01d0 0D       		.byte	0xd
 351 01d1 99000000 		.4byte	0x99
 352 01d5 05       		.uleb128 0x5
 353 01d6 03       		.byte	0x3
 354 01d7 00000000 		.4byte	dato_RX
 355 01db 0E       		.uleb128 0xe
 356 01dc 00000000 		.4byte	.LASF22
 357 01e0 06       		.byte	0x6
 358 01e1 53       		.byte	0x53
 359 01e2 0E       		.uleb128 0xe
 360 01e3 AF000000 		.4byte	.LASF23
 361 01e7 07       		.byte	0x7
 362 01e8 4B       		.byte	0x4b
ARM GAS  C:\Users\HENRYA~1\AppData\Local\Temp\ccfb4MqQ.s 			page 8


 363 01e9 0E       		.uleb128 0xe
 364 01ea 2E000000 		.4byte	.LASF24
 365 01ee 08       		.byte	0x8
 366 01ef 38       		.byte	0x38
 367 01f0 0F       		.uleb128 0xf
 368 01f1 CD010000 		.4byte	.LASF25
 369 01f5 08       		.byte	0x8
 370 01f6 3D       		.byte	0x3d
 371 01f7 06020000 		.4byte	0x206
 372 01fb 10       		.uleb128 0x10
 373 01fc 81000000 		.4byte	0x81
 374 0200 10       		.uleb128 0x10
 375 0201 81000000 		.4byte	0x81
 376 0205 00       		.byte	0
 377 0206 0F       		.uleb128 0xf
 378 0207 3F000000 		.4byte	.LASF26
 379 020b 08       		.byte	0x8
 380 020c 3C       		.byte	0x3c
 381 020d 17020000 		.4byte	0x217
 382 0211 10       		.uleb128 0x10
 383 0212 17020000 		.4byte	0x217
 384 0216 00       		.byte	0
 385 0217 11       		.uleb128 0x11
 386 0218 04       		.byte	0x4
 387 0219 1D020000 		.4byte	0x21d
 388 021d 12       		.uleb128 0x12
 389 021e B3000000 		.4byte	0xb3
 390 0222 0F       		.uleb128 0xf
 391 0223 2D020000 		.4byte	.LASF27
 392 0227 06       		.byte	0x6
 393 0228 64       		.byte	0x64
 394 0229 33020000 		.4byte	0x233
 395 022d 10       		.uleb128 0x10
 396 022e 81000000 		.4byte	0x81
 397 0232 00       		.byte	0
 398 0233 13       		.uleb128 0x13
 399 0234 5B020000 		.4byte	.LASF29
 400 0238 07       		.byte	0x7
 401 0239 5C       		.byte	0x5c
 402 023a 81000000 		.4byte	0x81
 403 023e 0F       		.uleb128 0xf
 404 023f 40020000 		.4byte	.LASF28
 405 0243 07       		.byte	0x7
 406 0244 55       		.byte	0x55
 407 0245 4F020000 		.4byte	0x24f
 408 0249 10       		.uleb128 0x10
 409 024a 81000000 		.4byte	0x81
 410 024e 00       		.byte	0
 411 024f 13       		.uleb128 0x13
 412 0250 F6010000 		.4byte	.LASF30
 413 0254 06       		.byte	0x6
 414 0255 66       		.byte	0x66
 415 0256 81000000 		.4byte	0x81
 416 025a 0F       		.uleb128 0xf
 417 025b E1010000 		.4byte	.LASF31
 418 025f 08       		.byte	0x8
 419 0260 5D       		.byte	0x5d
ARM GAS  C:\Users\HENRYA~1\AppData\Local\Temp\ccfb4MqQ.s 			page 9


 420 0261 6B020000 		.4byte	0x26b
 421 0265 10       		.uleb128 0x10
 422 0266 81000000 		.4byte	0x81
 423 026a 00       		.byte	0
 424 026b 14       		.uleb128 0x14
 425 026c 53020000 		.4byte	.LASF36
 426 0270 09       		.byte	0x9
 427 0271 76       		.byte	0x76
 428 0272 10       		.uleb128 0x10
 429 0273 8D000000 		.4byte	0x8d
 430 0277 00       		.byte	0
 431 0278 00       		.byte	0
 432              		.section	.debug_abbrev,"",%progbits
 433              	.Ldebug_abbrev0:
 434 0000 01       		.uleb128 0x1
 435 0001 11       		.uleb128 0x11
 436 0002 01       		.byte	0x1
 437 0003 25       		.uleb128 0x25
 438 0004 0E       		.uleb128 0xe
 439 0005 13       		.uleb128 0x13
 440 0006 0B       		.uleb128 0xb
 441 0007 03       		.uleb128 0x3
 442 0008 0E       		.uleb128 0xe
 443 0009 1B       		.uleb128 0x1b
 444 000a 0E       		.uleb128 0xe
 445 000b 55       		.uleb128 0x55
 446 000c 17       		.uleb128 0x17
 447 000d 11       		.uleb128 0x11
 448 000e 01       		.uleb128 0x1
 449 000f 10       		.uleb128 0x10
 450 0010 17       		.uleb128 0x17
 451 0011 00       		.byte	0
 452 0012 00       		.byte	0
 453 0013 02       		.uleb128 0x2
 454 0014 24       		.uleb128 0x24
 455 0015 00       		.byte	0
 456 0016 0B       		.uleb128 0xb
 457 0017 0B       		.uleb128 0xb
 458 0018 3E       		.uleb128 0x3e
 459 0019 0B       		.uleb128 0xb
 460 001a 03       		.uleb128 0x3
 461 001b 0E       		.uleb128 0xe
 462 001c 00       		.byte	0
 463 001d 00       		.byte	0
 464 001e 03       		.uleb128 0x3
 465 001f 16       		.uleb128 0x16
 466 0020 00       		.byte	0
 467 0021 03       		.uleb128 0x3
 468 0022 0E       		.uleb128 0xe
 469 0023 3A       		.uleb128 0x3a
 470 0024 0B       		.uleb128 0xb
 471 0025 3B       		.uleb128 0x3b
 472 0026 0B       		.uleb128 0xb
 473 0027 49       		.uleb128 0x49
 474 0028 13       		.uleb128 0x13
 475 0029 00       		.byte	0
 476 002a 00       		.byte	0
ARM GAS  C:\Users\HENRYA~1\AppData\Local\Temp\ccfb4MqQ.s 			page 10


 477 002b 04       		.uleb128 0x4
 478 002c 24       		.uleb128 0x24
 479 002d 00       		.byte	0
 480 002e 0B       		.uleb128 0xb
 481 002f 0B       		.uleb128 0xb
 482 0030 3E       		.uleb128 0x3e
 483 0031 0B       		.uleb128 0xb
 484 0032 03       		.uleb128 0x3
 485 0033 08       		.uleb128 0x8
 486 0034 00       		.byte	0
 487 0035 00       		.byte	0
 488 0036 05       		.uleb128 0x5
 489 0037 16       		.uleb128 0x16
 490 0038 00       		.byte	0
 491 0039 03       		.uleb128 0x3
 492 003a 0E       		.uleb128 0xe
 493 003b 3A       		.uleb128 0x3a
 494 003c 0B       		.uleb128 0xb
 495 003d 3B       		.uleb128 0x3b
 496 003e 05       		.uleb128 0x5
 497 003f 49       		.uleb128 0x49
 498 0040 13       		.uleb128 0x13
 499 0041 00       		.byte	0
 500 0042 00       		.byte	0
 501 0043 06       		.uleb128 0x6
 502 0044 2E       		.uleb128 0x2e
 503 0045 01       		.byte	0x1
 504 0046 3F       		.uleb128 0x3f
 505 0047 19       		.uleb128 0x19
 506 0048 03       		.uleb128 0x3
 507 0049 0E       		.uleb128 0xe
 508 004a 3A       		.uleb128 0x3a
 509 004b 0B       		.uleb128 0xb
 510 004c 3B       		.uleb128 0x3b
 511 004d 0B       		.uleb128 0xb
 512 004e 49       		.uleb128 0x49
 513 004f 13       		.uleb128 0x13
 514 0050 11       		.uleb128 0x11
 515 0051 01       		.uleb128 0x1
 516 0052 12       		.uleb128 0x12
 517 0053 06       		.uleb128 0x6
 518 0054 40       		.uleb128 0x40
 519 0055 18       		.uleb128 0x18
 520 0056 9742     		.uleb128 0x2117
 521 0058 19       		.uleb128 0x19
 522 0059 01       		.uleb128 0x1
 523 005a 13       		.uleb128 0x13
 524 005b 00       		.byte	0
 525 005c 00       		.byte	0
 526 005d 07       		.uleb128 0x7
 527 005e 898201   		.uleb128 0x4109
 528 0061 00       		.byte	0
 529 0062 11       		.uleb128 0x11
 530 0063 01       		.uleb128 0x1
 531 0064 31       		.uleb128 0x31
 532 0065 13       		.uleb128 0x13
 533 0066 00       		.byte	0
ARM GAS  C:\Users\HENRYA~1\AppData\Local\Temp\ccfb4MqQ.s 			page 11


 534 0067 00       		.byte	0
 535 0068 08       		.uleb128 0x8
 536 0069 898201   		.uleb128 0x4109
 537 006c 01       		.byte	0x1
 538 006d 11       		.uleb128 0x11
 539 006e 01       		.uleb128 0x1
 540 006f 31       		.uleb128 0x31
 541 0070 13       		.uleb128 0x13
 542 0071 01       		.uleb128 0x1
 543 0072 13       		.uleb128 0x13
 544 0073 00       		.byte	0
 545 0074 00       		.byte	0
 546 0075 09       		.uleb128 0x9
 547 0076 8A8201   		.uleb128 0x410a
 548 0079 00       		.byte	0
 549 007a 02       		.uleb128 0x2
 550 007b 18       		.uleb128 0x18
 551 007c 9142     		.uleb128 0x2111
 552 007e 18       		.uleb128 0x18
 553 007f 00       		.byte	0
 554 0080 00       		.byte	0
 555 0081 0A       		.uleb128 0xa
 556 0082 898201   		.uleb128 0x4109
 557 0085 01       		.byte	0x1
 558 0086 11       		.uleb128 0x11
 559 0087 01       		.uleb128 0x1
 560 0088 31       		.uleb128 0x31
 561 0089 13       		.uleb128 0x13
 562 008a 00       		.byte	0
 563 008b 00       		.byte	0
 564 008c 0B       		.uleb128 0xb
 565 008d 34       		.uleb128 0x34
 566 008e 00       		.byte	0
 567 008f 03       		.uleb128 0x3
 568 0090 0E       		.uleb128 0xe
 569 0091 3A       		.uleb128 0x3a
 570 0092 0B       		.uleb128 0xb
 571 0093 3B       		.uleb128 0x3b
 572 0094 05       		.uleb128 0x5
 573 0095 49       		.uleb128 0x49
 574 0096 13       		.uleb128 0x13
 575 0097 3F       		.uleb128 0x3f
 576 0098 19       		.uleb128 0x19
 577 0099 3C       		.uleb128 0x3c
 578 009a 19       		.uleb128 0x19
 579 009b 00       		.byte	0
 580 009c 00       		.byte	0
 581 009d 0C       		.uleb128 0xc
 582 009e 35       		.uleb128 0x35
 583 009f 00       		.byte	0
 584 00a0 49       		.uleb128 0x49
 585 00a1 13       		.uleb128 0x13
 586 00a2 00       		.byte	0
 587 00a3 00       		.byte	0
 588 00a4 0D       		.uleb128 0xd
 589 00a5 34       		.uleb128 0x34
 590 00a6 00       		.byte	0
ARM GAS  C:\Users\HENRYA~1\AppData\Local\Temp\ccfb4MqQ.s 			page 12


 591 00a7 03       		.uleb128 0x3
 592 00a8 0E       		.uleb128 0xe
 593 00a9 3A       		.uleb128 0x3a
 594 00aa 0B       		.uleb128 0xb
 595 00ab 3B       		.uleb128 0x3b
 596 00ac 0B       		.uleb128 0xb
 597 00ad 49       		.uleb128 0x49
 598 00ae 13       		.uleb128 0x13
 599 00af 3F       		.uleb128 0x3f
 600 00b0 19       		.uleb128 0x19
 601 00b1 02       		.uleb128 0x2
 602 00b2 18       		.uleb128 0x18
 603 00b3 00       		.byte	0
 604 00b4 00       		.byte	0
 605 00b5 0E       		.uleb128 0xe
 606 00b6 2E       		.uleb128 0x2e
 607 00b7 00       		.byte	0
 608 00b8 3F       		.uleb128 0x3f
 609 00b9 19       		.uleb128 0x19
 610 00ba 03       		.uleb128 0x3
 611 00bb 0E       		.uleb128 0xe
 612 00bc 3A       		.uleb128 0x3a
 613 00bd 0B       		.uleb128 0xb
 614 00be 3B       		.uleb128 0x3b
 615 00bf 0B       		.uleb128 0xb
 616 00c0 27       		.uleb128 0x27
 617 00c1 19       		.uleb128 0x19
 618 00c2 3C       		.uleb128 0x3c
 619 00c3 19       		.uleb128 0x19
 620 00c4 00       		.byte	0
 621 00c5 00       		.byte	0
 622 00c6 0F       		.uleb128 0xf
 623 00c7 2E       		.uleb128 0x2e
 624 00c8 01       		.byte	0x1
 625 00c9 3F       		.uleb128 0x3f
 626 00ca 19       		.uleb128 0x19
 627 00cb 03       		.uleb128 0x3
 628 00cc 0E       		.uleb128 0xe
 629 00cd 3A       		.uleb128 0x3a
 630 00ce 0B       		.uleb128 0xb
 631 00cf 3B       		.uleb128 0x3b
 632 00d0 0B       		.uleb128 0xb
 633 00d1 27       		.uleb128 0x27
 634 00d2 19       		.uleb128 0x19
 635 00d3 3C       		.uleb128 0x3c
 636 00d4 19       		.uleb128 0x19
 637 00d5 01       		.uleb128 0x1
 638 00d6 13       		.uleb128 0x13
 639 00d7 00       		.byte	0
 640 00d8 00       		.byte	0
 641 00d9 10       		.uleb128 0x10
 642 00da 05       		.uleb128 0x5
 643 00db 00       		.byte	0
 644 00dc 49       		.uleb128 0x49
 645 00dd 13       		.uleb128 0x13
 646 00de 00       		.byte	0
 647 00df 00       		.byte	0
ARM GAS  C:\Users\HENRYA~1\AppData\Local\Temp\ccfb4MqQ.s 			page 13


 648 00e0 11       		.uleb128 0x11
 649 00e1 0F       		.uleb128 0xf
 650 00e2 00       		.byte	0
 651 00e3 0B       		.uleb128 0xb
 652 00e4 0B       		.uleb128 0xb
 653 00e5 49       		.uleb128 0x49
 654 00e6 13       		.uleb128 0x13
 655 00e7 00       		.byte	0
 656 00e8 00       		.byte	0
 657 00e9 12       		.uleb128 0x12
 658 00ea 26       		.uleb128 0x26
 659 00eb 00       		.byte	0
 660 00ec 49       		.uleb128 0x49
 661 00ed 13       		.uleb128 0x13
 662 00ee 00       		.byte	0
 663 00ef 00       		.byte	0
 664 00f0 13       		.uleb128 0x13
 665 00f1 2E       		.uleb128 0x2e
 666 00f2 00       		.byte	0
 667 00f3 3F       		.uleb128 0x3f
 668 00f4 19       		.uleb128 0x19
 669 00f5 03       		.uleb128 0x3
 670 00f6 0E       		.uleb128 0xe
 671 00f7 3A       		.uleb128 0x3a
 672 00f8 0B       		.uleb128 0xb
 673 00f9 3B       		.uleb128 0x3b
 674 00fa 0B       		.uleb128 0xb
 675 00fb 27       		.uleb128 0x27
 676 00fc 19       		.uleb128 0x19
 677 00fd 49       		.uleb128 0x49
 678 00fe 13       		.uleb128 0x13
 679 00ff 3C       		.uleb128 0x3c
 680 0100 19       		.uleb128 0x19
 681 0101 00       		.byte	0
 682 0102 00       		.byte	0
 683 0103 14       		.uleb128 0x14
 684 0104 2E       		.uleb128 0x2e
 685 0105 01       		.byte	0x1
 686 0106 3F       		.uleb128 0x3f
 687 0107 19       		.uleb128 0x19
 688 0108 03       		.uleb128 0x3
 689 0109 0E       		.uleb128 0xe
 690 010a 3A       		.uleb128 0x3a
 691 010b 0B       		.uleb128 0xb
 692 010c 3B       		.uleb128 0x3b
 693 010d 0B       		.uleb128 0xb
 694 010e 27       		.uleb128 0x27
 695 010f 19       		.uleb128 0x19
 696 0110 3C       		.uleb128 0x3c
 697 0111 19       		.uleb128 0x19
 698 0112 00       		.byte	0
 699 0113 00       		.byte	0
 700 0114 00       		.byte	0
 701              		.section	.debug_aranges,"",%progbits
 702 0000 1C000000 		.4byte	0x1c
 703 0004 0200     		.2byte	0x2
 704 0006 00000000 		.4byte	.Ldebug_info0
ARM GAS  C:\Users\HENRYA~1\AppData\Local\Temp\ccfb4MqQ.s 			page 14


 705 000a 04       		.byte	0x4
 706 000b 00       		.byte	0
 707 000c 0000     		.2byte	0
 708 000e 0000     		.2byte	0
 709 0010 00000000 		.4byte	.LFB63
 710 0014 70000000 		.4byte	.LFE63-.LFB63
 711 0018 00000000 		.4byte	0
 712 001c 00000000 		.4byte	0
 713              		.section	.debug_ranges,"",%progbits
 714              	.Ldebug_ranges0:
 715 0000 00000000 		.4byte	.LFB63
 716 0004 70000000 		.4byte	.LFE63
 717 0008 00000000 		.4byte	0
 718 000c 00000000 		.4byte	0
 719              		.section	.debug_line,"",%progbits
 720              	.Ldebug_line0:
 721 0000 C9010000 		.section	.debug_str,"MS",%progbits,1
 721      02007C01 
 721      00000201 
 721      FB0E0D00 
 721      01010101 
 722              	.LASF22:
 723 0000 5350494D 		.ascii	"SPIM_1_Start\000"
 723      5F315F53 
 723      74617274 
 723      00
 724              	.LASF9:
 725 000d 5F5F696E 		.ascii	"__int32_t\000"
 725      7433325F 
 725      7400
 726              	.LASF21:
 727 0017 6461746F 		.ascii	"dato_RX\000"
 727      5F525800 
 728              	.LASF33:
 729 001f 2E5C6D61 		.ascii	".\\main.c\000"
 729      696E2E63 
 729      00
 730              	.LASF14:
 731 0028 666C6F61 		.ascii	"float\000"
 731      7400
 732              	.LASF24:
 733 002e 4C43445F 		.ascii	"LCD_Char_1_Start\000"
 733      43686172 
 733      5F315F53 
 733      74617274 
 733      00
 734              	.LASF26:
 735 003f 4C43445F 		.ascii	"LCD_Char_1_PrintString\000"
 735      43686172 
 735      5F315F50 
 735      72696E74 
 735      53747269 
 736              	.LASF16:
 737 0056 63686172 		.ascii	"char8\000"
 737      3800
 738              	.LASF34:
 739 005c 433A5C55 		.ascii	"C:\\Users\\Henry Alberto\\Desktop\\SPI\\NODO.cydsn\000"
ARM GAS  C:\Users\HENRYA~1\AppData\Local\Temp\ccfb4MqQ.s 			page 15


 739      73657273 
 739      5C48656E 
 739      72792041 
 739      6C626572 
 740              	.LASF5:
 741 008a 6C6F6E67 		.ascii	"long unsigned int\000"
 741      20756E73 
 741      69676E65 
 741      6420696E 
 741      7400
 742              	.LASF3:
 743 009c 73686F72 		.ascii	"short unsigned int\000"
 743      7420756E 
 743      7369676E 
 743      65642069 
 743      6E7400
 744              	.LASF23:
 745 00af 53504953 		.ascii	"SPIS_1_Start\000"
 745      5F315F53 
 745      74617274 
 745      00
 746              	.LASF19:
 747 00bc 49544D5F 		.ascii	"ITM_RxBuffer\000"
 747      52784275 
 747      66666572 
 747      00
 748              	.LASF20:
 749 00c9 6461746F 		.ascii	"dato_TX\000"
 749      5F545800 
 750              	.LASF15:
 751 00d1 646F7562 		.ascii	"double\000"
 751      6C6500
 752              	.LASF35:
 753 00d8 6D61696E 		.ascii	"main\000"
 753      00
 754              	.LASF13:
 755 00dd 696E7438 		.ascii	"int8\000"
 755      00
 756              	.LASF12:
 757 00e2 75696E74 		.ascii	"uint32\000"
 757      333200
 758              	.LASF32:
 759 00e9 474E5520 		.ascii	"GNU C 4.9.3 20150303 (release) [ARM/embedded-4_9-br"
 759      4320342E 
 759      392E3320 
 759      32303135 
 759      30333033 
 760 011c 616E6368 		.ascii	"anch revision 221220] -mcpu=cortex-m3 -mthumb -g -O"
 760      20726576 
 760      6973696F 
 760      6E203232 
 760      31323230 
 761 014f 67202D66 		.ascii	"g -ffunction-sections -ffat-lto-objects\000"
 761      66756E63 
 761      74696F6E 
 761      2D736563 
 761      74696F6E 
ARM GAS  C:\Users\HENRYA~1\AppData\Local\Temp\ccfb4MqQ.s 			page 16


 762              	.LASF1:
 763 0177 756E7369 		.ascii	"unsigned char\000"
 763      676E6564 
 763      20636861 
 763      7200
 764              	.LASF8:
 765 0185 756E7369 		.ascii	"unsigned int\000"
 765      676E6564 
 765      20696E74 
 765      00
 766              	.LASF7:
 767 0192 6C6F6E67 		.ascii	"long long unsigned int\000"
 767      206C6F6E 
 767      6720756E 
 767      7369676E 
 767      65642069 
 768              	.LASF10:
 769 01a9 696E7433 		.ascii	"int32_t\000"
 769      325F7400 
 770              	.LASF18:
 771 01b1 73697A65 		.ascii	"sizetype\000"
 771      74797065 
 771      00
 772              	.LASF6:
 773 01ba 6C6F6E67 		.ascii	"long long int\000"
 773      206C6F6E 
 773      6720696E 
 773      7400
 774              	.LASF17:
 775 01c8 63686172 		.ascii	"char\000"
 775      00
 776              	.LASF25:
 777 01cd 4C43445F 		.ascii	"LCD_Char_1_Position\000"
 777      43686172 
 777      5F315F50 
 777      6F736974 
 777      696F6E00 
 778              	.LASF31:
 779 01e1 4C43445F 		.ascii	"LCD_Char_1_PrintInt8\000"
 779      43686172 
 779      5F315F50 
 779      72696E74 
 779      496E7438 
 780              	.LASF30:
 781 01f6 5350494D 		.ascii	"SPIM_1_ReadRxData\000"
 781      5F315F52 
 781      65616452 
 781      78446174 
 781      6100
 782              	.LASF2:
 783 0208 73686F72 		.ascii	"short int\000"
 783      7420696E 
 783      7400
 784              	.LASF11:
 785 0212 75696E74 		.ascii	"uint8\000"
 785      3800
 786              	.LASF4:
ARM GAS  C:\Users\HENRYA~1\AppData\Local\Temp\ccfb4MqQ.s 			page 17


 787 0218 6C6F6E67 		.ascii	"long int\000"
 787      20696E74 
 787      00
 788              	.LASF0:
 789 0221 7369676E 		.ascii	"signed char\000"
 789      65642063 
 789      68617200 
 790              	.LASF27:
 791 022d 5350494D 		.ascii	"SPIM_1_WriteTxData\000"
 791      5F315F57 
 791      72697465 
 791      54784461 
 791      746100
 792              	.LASF28:
 793 0240 53504953 		.ascii	"SPIS_1_WriteTxData\000"
 793      5F315F57 
 793      72697465 
 793      54784461 
 793      746100
 794              	.LASF36:
 795 0253 43794465 		.ascii	"CyDelay\000"
 795      6C617900 
 796              	.LASF29:
 797 025b 53504953 		.ascii	"SPIS_1_ReadRxData\000"
 797      5F315F52 
 797      65616452 
 797      78446174 
 797      6100
 798              		.ident	"GCC: (GNU Tools for ARM Embedded Processors) 4.9.3 20150303 (release) [ARM/embedded-4_9-br
