ARM GAS  C:\Users\HENRYA~1\AppData\Local\Temp\ccawlI5Y.s 			page 1


   1              		.syntax unified
   2              		.cpu cortex-m3
   3              		.fpu softvfp
   4              		.eabi_attribute 20, 1
   5              		.eabi_attribute 21, 1
   6              		.eabi_attribute 23, 3
   7              		.eabi_attribute 24, 1
   8              		.eabi_attribute 25, 1
   9              		.eabi_attribute 26, 1
  10              		.eabi_attribute 30, 1
  11              		.eabi_attribute 34, 1
  12              		.eabi_attribute 18, 4
  13              		.thumb
  14              		.file	"RX_CAN_INT.c"
  15              		.text
  16              	.Ltext0:
  17              		.cfi_sections	.debug_frame
  18              		.section	.text.RX_CAN_BusOffIsr,"ax",%progbits
  19              		.align	2
  20              		.global	RX_CAN_BusOffIsr
  21              		.thumb
  22              		.thumb_func
  23              		.type	RX_CAN_BusOffIsr, %function
  24              	RX_CAN_BusOffIsr:
  25              	.LFB0:
  26              		.file 1 ".\\Generated_Source\\PSoC5\\RX_CAN_INT.c"
   1:.\Generated_Source\PSoC5/RX_CAN_INT.c **** /*******************************************************************************
   2:.\Generated_Source\PSoC5/RX_CAN_INT.c **** * File Name: RX_CAN_INT.c
   3:.\Generated_Source\PSoC5/RX_CAN_INT.c **** * Version 3.0
   4:.\Generated_Source\PSoC5/RX_CAN_INT.c **** *
   5:.\Generated_Source\PSoC5/RX_CAN_INT.c **** * Description:
   6:.\Generated_Source\PSoC5/RX_CAN_INT.c **** *  This file contains Interrupt Service Routine (ISR) for CAN Component.
   7:.\Generated_Source\PSoC5/RX_CAN_INT.c **** *  The Interrupt handlers functions are generated accordingly to the PSoC
   8:.\Generated_Source\PSoC5/RX_CAN_INT.c **** *  Creator Customizer inputs.
   9:.\Generated_Source\PSoC5/RX_CAN_INT.c **** *
  10:.\Generated_Source\PSoC5/RX_CAN_INT.c **** * Note:
  11:.\Generated_Source\PSoC5/RX_CAN_INT.c **** *  None
  12:.\Generated_Source\PSoC5/RX_CAN_INT.c **** *
  13:.\Generated_Source\PSoC5/RX_CAN_INT.c **** ********************************************************************************
  14:.\Generated_Source\PSoC5/RX_CAN_INT.c **** * Copyright 2008-2015, Cypress Semiconductor Corporation.  All rights reserved.
  15:.\Generated_Source\PSoC5/RX_CAN_INT.c **** * You may use this file only in accordance with the license, terms, conditions,
  16:.\Generated_Source\PSoC5/RX_CAN_INT.c **** * disclaimers, and limitations in the end user license agreement accompanying
  17:.\Generated_Source\PSoC5/RX_CAN_INT.c **** * the software package with which this file was provided.
  18:.\Generated_Source\PSoC5/RX_CAN_INT.c **** *******************************************************************************/
  19:.\Generated_Source\PSoC5/RX_CAN_INT.c **** 
  20:.\Generated_Source\PSoC5/RX_CAN_INT.c **** #include "RX_CAN.h"
  21:.\Generated_Source\PSoC5/RX_CAN_INT.c **** #include "cyapicallbacks.h"
  22:.\Generated_Source\PSoC5/RX_CAN_INT.c **** 
  23:.\Generated_Source\PSoC5/RX_CAN_INT.c **** /* `#START CAN_INT_C_CODE_DEFINITION` */
  24:.\Generated_Source\PSoC5/RX_CAN_INT.c **** 
  25:.\Generated_Source\PSoC5/RX_CAN_INT.c **** /* `#END` */
  26:.\Generated_Source\PSoC5/RX_CAN_INT.c **** 
  27:.\Generated_Source\PSoC5/RX_CAN_INT.c **** #if (RX_CAN_ARB_LOST)
  28:.\Generated_Source\PSoC5/RX_CAN_INT.c ****     /*******************************************************************************
  29:.\Generated_Source\PSoC5/RX_CAN_INT.c ****     * FUNCTION NAME:   RX_CAN_ArbLostIsr
  30:.\Generated_Source\PSoC5/RX_CAN_INT.c ****     ********************************************************************************
  31:.\Generated_Source\PSoC5/RX_CAN_INT.c ****     *
ARM GAS  C:\Users\HENRYA~1\AppData\Local\Temp\ccawlI5Y.s 			page 2


  32:.\Generated_Source\PSoC5/RX_CAN_INT.c ****     * Summary:
  33:.\Generated_Source\PSoC5/RX_CAN_INT.c ****     *  This function is entry point to Arbitration Lost Interrupt. Clears
  34:.\Generated_Source\PSoC5/RX_CAN_INT.c ****     *  Arbitration Lost interrupt flag. Only generated if Arbitration Lost
  35:.\Generated_Source\PSoC5/RX_CAN_INT.c ****     *  Interrupt enable in Customizer.
  36:.\Generated_Source\PSoC5/RX_CAN_INT.c ****     *
  37:.\Generated_Source\PSoC5/RX_CAN_INT.c ****     * Parameters:
  38:.\Generated_Source\PSoC5/RX_CAN_INT.c ****     *  None.
  39:.\Generated_Source\PSoC5/RX_CAN_INT.c ****     *
  40:.\Generated_Source\PSoC5/RX_CAN_INT.c ****     * Return:
  41:.\Generated_Source\PSoC5/RX_CAN_INT.c ****     *  None.
  42:.\Generated_Source\PSoC5/RX_CAN_INT.c ****     *
  43:.\Generated_Source\PSoC5/RX_CAN_INT.c ****     * Reentrant:
  44:.\Generated_Source\PSoC5/RX_CAN_INT.c ****     *  Depends on Customer code.
  45:.\Generated_Source\PSoC5/RX_CAN_INT.c ****     *
  46:.\Generated_Source\PSoC5/RX_CAN_INT.c ****     *******************************************************************************/
  47:.\Generated_Source\PSoC5/RX_CAN_INT.c ****     void RX_CAN_ArbLostIsr(void) 
  48:.\Generated_Source\PSoC5/RX_CAN_INT.c ****     {
  49:.\Generated_Source\PSoC5/RX_CAN_INT.c ****         /* Clear Arbitration Lost flag */
  50:.\Generated_Source\PSoC5/RX_CAN_INT.c ****         RX_CAN_INT_SR_REG.byte[0u] = RX_CAN_ARBITRATION_LOST_MASK;
  51:.\Generated_Source\PSoC5/RX_CAN_INT.c **** 
  52:.\Generated_Source\PSoC5/RX_CAN_INT.c ****         /* `#START ARBITRATION_LOST_ISR` */
  53:.\Generated_Source\PSoC5/RX_CAN_INT.c **** 
  54:.\Generated_Source\PSoC5/RX_CAN_INT.c ****         /* `#END` */
  55:.\Generated_Source\PSoC5/RX_CAN_INT.c **** 
  56:.\Generated_Source\PSoC5/RX_CAN_INT.c ****         #ifdef RX_CAN_ARB_LOST_ISR_CALLBACK
  57:.\Generated_Source\PSoC5/RX_CAN_INT.c ****             RX_CAN_ArbLostIsr_Callback();
  58:.\Generated_Source\PSoC5/RX_CAN_INT.c ****         #endif /* RX_CAN_ARB_LOST_ISR_CALLBACK */
  59:.\Generated_Source\PSoC5/RX_CAN_INT.c ****     }
  60:.\Generated_Source\PSoC5/RX_CAN_INT.c **** #endif /* RX_CAN_ARB_LOST */
  61:.\Generated_Source\PSoC5/RX_CAN_INT.c **** 
  62:.\Generated_Source\PSoC5/RX_CAN_INT.c **** 
  63:.\Generated_Source\PSoC5/RX_CAN_INT.c **** #if (RX_CAN_OVERLOAD)
  64:.\Generated_Source\PSoC5/RX_CAN_INT.c ****     /*******************************************************************************
  65:.\Generated_Source\PSoC5/RX_CAN_INT.c ****     * FUNCTION NAME:   RX_CAN_OvrLdErrorIsr
  66:.\Generated_Source\PSoC5/RX_CAN_INT.c ****     ********************************************************************************
  67:.\Generated_Source\PSoC5/RX_CAN_INT.c ****     *
  68:.\Generated_Source\PSoC5/RX_CAN_INT.c ****     * Summary:
  69:.\Generated_Source\PSoC5/RX_CAN_INT.c ****     *  This function is entry point to Overload Error Interrupt. Clears Overload
  70:.\Generated_Source\PSoC5/RX_CAN_INT.c ****     *  Error interrupt flag. Only generated if Overload Error Interrupt enable
  71:.\Generated_Source\PSoC5/RX_CAN_INT.c ****     *  in Customizer.
  72:.\Generated_Source\PSoC5/RX_CAN_INT.c ****     *
  73:.\Generated_Source\PSoC5/RX_CAN_INT.c ****     * Parameters:
  74:.\Generated_Source\PSoC5/RX_CAN_INT.c ****     *  None.
  75:.\Generated_Source\PSoC5/RX_CAN_INT.c ****     *
  76:.\Generated_Source\PSoC5/RX_CAN_INT.c ****     * Return:
  77:.\Generated_Source\PSoC5/RX_CAN_INT.c ****     *  None.
  78:.\Generated_Source\PSoC5/RX_CAN_INT.c ****     *
  79:.\Generated_Source\PSoC5/RX_CAN_INT.c ****     * Reentrant:
  80:.\Generated_Source\PSoC5/RX_CAN_INT.c ****     *  Depends on Customer code.
  81:.\Generated_Source\PSoC5/RX_CAN_INT.c ****     *
  82:.\Generated_Source\PSoC5/RX_CAN_INT.c ****     *******************************************************************************/
  83:.\Generated_Source\PSoC5/RX_CAN_INT.c ****     void RX_CAN_OvrLdErrorIsr(void) 
  84:.\Generated_Source\PSoC5/RX_CAN_INT.c ****     {
  85:.\Generated_Source\PSoC5/RX_CAN_INT.c ****         /* Clear Overload Error flag */
  86:.\Generated_Source\PSoC5/RX_CAN_INT.c ****         RX_CAN_INT_SR_REG.byte[0u] = RX_CAN_OVERLOAD_ERROR_MASK;
  87:.\Generated_Source\PSoC5/RX_CAN_INT.c **** 
  88:.\Generated_Source\PSoC5/RX_CAN_INT.c ****         /* `#START OVER_LOAD_ERROR_ISR` */
ARM GAS  C:\Users\HENRYA~1\AppData\Local\Temp\ccawlI5Y.s 			page 3


  89:.\Generated_Source\PSoC5/RX_CAN_INT.c **** 
  90:.\Generated_Source\PSoC5/RX_CAN_INT.c ****         /* `#END` */
  91:.\Generated_Source\PSoC5/RX_CAN_INT.c **** 
  92:.\Generated_Source\PSoC5/RX_CAN_INT.c ****         #ifdef RX_CAN_OVR_LD_ERROR_ISR_CALLBACK
  93:.\Generated_Source\PSoC5/RX_CAN_INT.c ****             RX_CAN_OvrLdErrorIsr_Callback();
  94:.\Generated_Source\PSoC5/RX_CAN_INT.c ****         #endif /* RX_CAN_OVR_LD_ERROR_ISR_CALLBACK */
  95:.\Generated_Source\PSoC5/RX_CAN_INT.c ****     }
  96:.\Generated_Source\PSoC5/RX_CAN_INT.c **** #endif /* RX_CAN_OVERLOAD */
  97:.\Generated_Source\PSoC5/RX_CAN_INT.c **** 
  98:.\Generated_Source\PSoC5/RX_CAN_INT.c **** 
  99:.\Generated_Source\PSoC5/RX_CAN_INT.c **** #if (RX_CAN_BIT_ERR)
 100:.\Generated_Source\PSoC5/RX_CAN_INT.c ****     /*******************************************************************************
 101:.\Generated_Source\PSoC5/RX_CAN_INT.c ****     * FUNCTION NAME:   RX_CAN_BitErrorIsr
 102:.\Generated_Source\PSoC5/RX_CAN_INT.c ****     ********************************************************************************
 103:.\Generated_Source\PSoC5/RX_CAN_INT.c ****     *
 104:.\Generated_Source\PSoC5/RX_CAN_INT.c ****     * Summary:
 105:.\Generated_Source\PSoC5/RX_CAN_INT.c ****     *  This function is entry point to Bit Error Interrupt. Clears Bit Error
 106:.\Generated_Source\PSoC5/RX_CAN_INT.c ****     *  interrupt flag. Only generated if Bit Error Interrupt enable in Customizer.
 107:.\Generated_Source\PSoC5/RX_CAN_INT.c ****     *
 108:.\Generated_Source\PSoC5/RX_CAN_INT.c ****     * Parameters:
 109:.\Generated_Source\PSoC5/RX_CAN_INT.c ****     *  None.
 110:.\Generated_Source\PSoC5/RX_CAN_INT.c ****     *
 111:.\Generated_Source\PSoC5/RX_CAN_INT.c ****     * Return:
 112:.\Generated_Source\PSoC5/RX_CAN_INT.c ****     *  None.
 113:.\Generated_Source\PSoC5/RX_CAN_INT.c ****     *
 114:.\Generated_Source\PSoC5/RX_CAN_INT.c ****     * Reentrant:
 115:.\Generated_Source\PSoC5/RX_CAN_INT.c ****     *  Depends on Customer code.
 116:.\Generated_Source\PSoC5/RX_CAN_INT.c ****     *
 117:.\Generated_Source\PSoC5/RX_CAN_INT.c ****     *******************************************************************************/
 118:.\Generated_Source\PSoC5/RX_CAN_INT.c ****     void RX_CAN_BitErrorIsr(void) 
 119:.\Generated_Source\PSoC5/RX_CAN_INT.c ****     {
 120:.\Generated_Source\PSoC5/RX_CAN_INT.c ****         /* Clear Bit Error flag */
 121:.\Generated_Source\PSoC5/RX_CAN_INT.c ****         RX_CAN_INT_SR_REG.byte[0u] = RX_CAN_BIT_ERROR_MASK;
 122:.\Generated_Source\PSoC5/RX_CAN_INT.c **** 
 123:.\Generated_Source\PSoC5/RX_CAN_INT.c ****         /* `#START BIT_ERROR_ISR` */
 124:.\Generated_Source\PSoC5/RX_CAN_INT.c **** 
 125:.\Generated_Source\PSoC5/RX_CAN_INT.c ****         /* `#END` */
 126:.\Generated_Source\PSoC5/RX_CAN_INT.c **** 
 127:.\Generated_Source\PSoC5/RX_CAN_INT.c ****         #ifdef RX_CAN_BIT_ERROR_ISR_CALLBACK
 128:.\Generated_Source\PSoC5/RX_CAN_INT.c ****             RX_CAN_BitErrorIsr_Callback();
 129:.\Generated_Source\PSoC5/RX_CAN_INT.c ****         #endif /* RX_CAN_BIT_ERROR_ISR_CALLBACK */
 130:.\Generated_Source\PSoC5/RX_CAN_INT.c ****     }
 131:.\Generated_Source\PSoC5/RX_CAN_INT.c **** #endif /* RX_CAN_BIT_ERR */
 132:.\Generated_Source\PSoC5/RX_CAN_INT.c **** 
 133:.\Generated_Source\PSoC5/RX_CAN_INT.c **** 
 134:.\Generated_Source\PSoC5/RX_CAN_INT.c **** #if (RX_CAN_STUFF_ERR)
 135:.\Generated_Source\PSoC5/RX_CAN_INT.c ****     /*******************************************************************************
 136:.\Generated_Source\PSoC5/RX_CAN_INT.c ****     * FUNCTION NAME:   RX_CAN_BitStuffErrorIsr
 137:.\Generated_Source\PSoC5/RX_CAN_INT.c ****     ********************************************************************************
 138:.\Generated_Source\PSoC5/RX_CAN_INT.c ****     *
 139:.\Generated_Source\PSoC5/RX_CAN_INT.c ****     * Summary:
 140:.\Generated_Source\PSoC5/RX_CAN_INT.c ****     *  This function is entry point to Bit Stuff Error Interrupt. Clears Bit Stuff
 141:.\Generated_Source\PSoC5/RX_CAN_INT.c ****     *  Error interrupt flag. Only generated if Bit Stuff Error Interrupt enable
 142:.\Generated_Source\PSoC5/RX_CAN_INT.c ****     *  in Customizer.
 143:.\Generated_Source\PSoC5/RX_CAN_INT.c ****     *
 144:.\Generated_Source\PSoC5/RX_CAN_INT.c ****     * Parameters:
 145:.\Generated_Source\PSoC5/RX_CAN_INT.c ****     *  None.
ARM GAS  C:\Users\HENRYA~1\AppData\Local\Temp\ccawlI5Y.s 			page 4


 146:.\Generated_Source\PSoC5/RX_CAN_INT.c ****     *
 147:.\Generated_Source\PSoC5/RX_CAN_INT.c ****     * Return:
 148:.\Generated_Source\PSoC5/RX_CAN_INT.c ****     *  None.
 149:.\Generated_Source\PSoC5/RX_CAN_INT.c ****     *
 150:.\Generated_Source\PSoC5/RX_CAN_INT.c ****     * Reentrant:
 151:.\Generated_Source\PSoC5/RX_CAN_INT.c ****     *  Depends on Customer code.
 152:.\Generated_Source\PSoC5/RX_CAN_INT.c ****     *
 153:.\Generated_Source\PSoC5/RX_CAN_INT.c ****     *******************************************************************************/
 154:.\Generated_Source\PSoC5/RX_CAN_INT.c ****     void RX_CAN_BitStuffErrorIsr(void) 
 155:.\Generated_Source\PSoC5/RX_CAN_INT.c ****     {
 156:.\Generated_Source\PSoC5/RX_CAN_INT.c ****         /* Clear Stuff Error flag */
 157:.\Generated_Source\PSoC5/RX_CAN_INT.c ****         RX_CAN_INT_SR_REG.byte[0u] = RX_CAN_STUFF_ERROR_MASK;
 158:.\Generated_Source\PSoC5/RX_CAN_INT.c **** 
 159:.\Generated_Source\PSoC5/RX_CAN_INT.c ****         /* `#START BIT_STUFF_ERROR_ISR` */
 160:.\Generated_Source\PSoC5/RX_CAN_INT.c **** 
 161:.\Generated_Source\PSoC5/RX_CAN_INT.c ****         /* `#END` */
 162:.\Generated_Source\PSoC5/RX_CAN_INT.c **** 
 163:.\Generated_Source\PSoC5/RX_CAN_INT.c ****         #ifdef RX_CAN_BIT_STUFF_ERROR_ISR_CALLBACK
 164:.\Generated_Source\PSoC5/RX_CAN_INT.c ****             RX_CAN_BitStuffErrorIsr_Callback();
 165:.\Generated_Source\PSoC5/RX_CAN_INT.c ****         #endif /* RX_CAN_BIT_STUFF_ERROR_ISR_CALLBACK */
 166:.\Generated_Source\PSoC5/RX_CAN_INT.c ****     }
 167:.\Generated_Source\PSoC5/RX_CAN_INT.c **** #endif /* RX_CAN_STUFF_ERR */
 168:.\Generated_Source\PSoC5/RX_CAN_INT.c **** 
 169:.\Generated_Source\PSoC5/RX_CAN_INT.c **** 
 170:.\Generated_Source\PSoC5/RX_CAN_INT.c **** #if (RX_CAN_ACK_ERR)
 171:.\Generated_Source\PSoC5/RX_CAN_INT.c ****     /*******************************************************************************
 172:.\Generated_Source\PSoC5/RX_CAN_INT.c ****     * FUNCTION NAME:   RX_CAN_AckErrorIsr
 173:.\Generated_Source\PSoC5/RX_CAN_INT.c ****     ********************************************************************************
 174:.\Generated_Source\PSoC5/RX_CAN_INT.c ****     *
 175:.\Generated_Source\PSoC5/RX_CAN_INT.c ****     * Summary:
 176:.\Generated_Source\PSoC5/RX_CAN_INT.c ****     *  This function is entry point to Acknowledge Error Interrupt. Clears
 177:.\Generated_Source\PSoC5/RX_CAN_INT.c ****     *  Acknowledge Error interrupt flag. Only generated if Acknowledge Error
 178:.\Generated_Source\PSoC5/RX_CAN_INT.c ****     *  Interrupt enable in Customizer.
 179:.\Generated_Source\PSoC5/RX_CAN_INT.c ****     *
 180:.\Generated_Source\PSoC5/RX_CAN_INT.c ****     * Parameters:
 181:.\Generated_Source\PSoC5/RX_CAN_INT.c ****     *  None.
 182:.\Generated_Source\PSoC5/RX_CAN_INT.c ****     *
 183:.\Generated_Source\PSoC5/RX_CAN_INT.c ****     * Return:
 184:.\Generated_Source\PSoC5/RX_CAN_INT.c ****     *  None.
 185:.\Generated_Source\PSoC5/RX_CAN_INT.c ****     *
 186:.\Generated_Source\PSoC5/RX_CAN_INT.c ****     * Reentrant:
 187:.\Generated_Source\PSoC5/RX_CAN_INT.c ****     *  Depends on Customer code.
 188:.\Generated_Source\PSoC5/RX_CAN_INT.c ****     *
 189:.\Generated_Source\PSoC5/RX_CAN_INT.c ****     *******************************************************************************/
 190:.\Generated_Source\PSoC5/RX_CAN_INT.c ****     void RX_CAN_AckErrorIsr(void) 
 191:.\Generated_Source\PSoC5/RX_CAN_INT.c ****     {
 192:.\Generated_Source\PSoC5/RX_CAN_INT.c ****         /* Clear Acknoledge Error flag */
 193:.\Generated_Source\PSoC5/RX_CAN_INT.c ****         RX_CAN_INT_SR_REG.byte[0u] = RX_CAN_ACK_ERROR_MASK;
 194:.\Generated_Source\PSoC5/RX_CAN_INT.c **** 
 195:.\Generated_Source\PSoC5/RX_CAN_INT.c ****         /* `#START ACKNOWLEDGE_ERROR_ISR` */
 196:.\Generated_Source\PSoC5/RX_CAN_INT.c **** 
 197:.\Generated_Source\PSoC5/RX_CAN_INT.c ****         /* `#END` */
 198:.\Generated_Source\PSoC5/RX_CAN_INT.c **** 
 199:.\Generated_Source\PSoC5/RX_CAN_INT.c ****         #ifdef RX_CAN_ACK_ERROR_ISR_CALLBACK
 200:.\Generated_Source\PSoC5/RX_CAN_INT.c ****             RX_CAN_AckErrorIsr_Callback();
 201:.\Generated_Source\PSoC5/RX_CAN_INT.c ****         #endif /* RX_CAN_ACK_ERROR_ISR_CALLBACK */
 202:.\Generated_Source\PSoC5/RX_CAN_INT.c ****     }
ARM GAS  C:\Users\HENRYA~1\AppData\Local\Temp\ccawlI5Y.s 			page 5


 203:.\Generated_Source\PSoC5/RX_CAN_INT.c **** #endif /* RX_CAN_ACK_ERR */
 204:.\Generated_Source\PSoC5/RX_CAN_INT.c **** 
 205:.\Generated_Source\PSoC5/RX_CAN_INT.c **** 
 206:.\Generated_Source\PSoC5/RX_CAN_INT.c **** #if (RX_CAN_FORM_ERR)
 207:.\Generated_Source\PSoC5/RX_CAN_INT.c ****     /*******************************************************************************
 208:.\Generated_Source\PSoC5/RX_CAN_INT.c ****     * FUNCTION NAME:   RX_CAN_MsgErrorIsr
 209:.\Generated_Source\PSoC5/RX_CAN_INT.c ****     ********************************************************************************
 210:.\Generated_Source\PSoC5/RX_CAN_INT.c ****     *
 211:.\Generated_Source\PSoC5/RX_CAN_INT.c ****     * Summary:
 212:.\Generated_Source\PSoC5/RX_CAN_INT.c ****     *  This function is entry point to Form Error Interrupt. Clears Form Error
 213:.\Generated_Source\PSoC5/RX_CAN_INT.c ****     *  interrupt flag. Only generated if Form Error Interrupt enable in Customizer.
 214:.\Generated_Source\PSoC5/RX_CAN_INT.c ****     *
 215:.\Generated_Source\PSoC5/RX_CAN_INT.c ****     * Parameters:
 216:.\Generated_Source\PSoC5/RX_CAN_INT.c ****     *  None.
 217:.\Generated_Source\PSoC5/RX_CAN_INT.c ****     *
 218:.\Generated_Source\PSoC5/RX_CAN_INT.c ****     * Return:
 219:.\Generated_Source\PSoC5/RX_CAN_INT.c ****     *  None.
 220:.\Generated_Source\PSoC5/RX_CAN_INT.c ****     *
 221:.\Generated_Source\PSoC5/RX_CAN_INT.c ****     * Reentrant:
 222:.\Generated_Source\PSoC5/RX_CAN_INT.c ****     *  Depends on Customer code.
 223:.\Generated_Source\PSoC5/RX_CAN_INT.c ****     *
 224:.\Generated_Source\PSoC5/RX_CAN_INT.c ****     *******************************************************************************/
 225:.\Generated_Source\PSoC5/RX_CAN_INT.c ****     void RX_CAN_MsgErrorIsr(void) 
 226:.\Generated_Source\PSoC5/RX_CAN_INT.c ****     {
 227:.\Generated_Source\PSoC5/RX_CAN_INT.c ****         /* Clear Form Error flag */
 228:.\Generated_Source\PSoC5/RX_CAN_INT.c ****         RX_CAN_INT_SR_REG.byte[0u] = RX_CAN_FORM_ERROR_MASK;
 229:.\Generated_Source\PSoC5/RX_CAN_INT.c **** 
 230:.\Generated_Source\PSoC5/RX_CAN_INT.c ****         /* `#START MESSAGE_ERROR_ISR` */
 231:.\Generated_Source\PSoC5/RX_CAN_INT.c **** 
 232:.\Generated_Source\PSoC5/RX_CAN_INT.c ****         /* `#END` */
 233:.\Generated_Source\PSoC5/RX_CAN_INT.c **** 
 234:.\Generated_Source\PSoC5/RX_CAN_INT.c ****         #ifdef RX_CAN_MSG_ERROR_ISR_CALLBACK
 235:.\Generated_Source\PSoC5/RX_CAN_INT.c ****             RX_CAN_MsgErrorIsr_Callback();
 236:.\Generated_Source\PSoC5/RX_CAN_INT.c ****         #endif /* RX_CAN_MSG_ERROR_ISR_CALLBACK */
 237:.\Generated_Source\PSoC5/RX_CAN_INT.c ****     }
 238:.\Generated_Source\PSoC5/RX_CAN_INT.c **** #endif /* RX_CAN_FORM_ERR */
 239:.\Generated_Source\PSoC5/RX_CAN_INT.c **** 
 240:.\Generated_Source\PSoC5/RX_CAN_INT.c **** 
 241:.\Generated_Source\PSoC5/RX_CAN_INT.c **** #if (RX_CAN_CRC_ERR)
 242:.\Generated_Source\PSoC5/RX_CAN_INT.c ****     /*******************************************************************************
 243:.\Generated_Source\PSoC5/RX_CAN_INT.c ****     * FUNCTION NAME:   RX_CAN_CrcErrorIsr
 244:.\Generated_Source\PSoC5/RX_CAN_INT.c ****     ********************************************************************************
 245:.\Generated_Source\PSoC5/RX_CAN_INT.c ****     *
 246:.\Generated_Source\PSoC5/RX_CAN_INT.c ****     * Summary:
 247:.\Generated_Source\PSoC5/RX_CAN_INT.c ****     *  This function is entry point to CRC Error Interrupt. Clears CRC Error
 248:.\Generated_Source\PSoC5/RX_CAN_INT.c ****     *  interrupt flag. Only generated if CRC Error Interrupt enable in Customizer.
 249:.\Generated_Source\PSoC5/RX_CAN_INT.c ****     *
 250:.\Generated_Source\PSoC5/RX_CAN_INT.c ****     * Parameters:
 251:.\Generated_Source\PSoC5/RX_CAN_INT.c ****     *  None.
 252:.\Generated_Source\PSoC5/RX_CAN_INT.c ****     *
 253:.\Generated_Source\PSoC5/RX_CAN_INT.c ****     * Return:
 254:.\Generated_Source\PSoC5/RX_CAN_INT.c ****     *  None.
 255:.\Generated_Source\PSoC5/RX_CAN_INT.c ****     *
 256:.\Generated_Source\PSoC5/RX_CAN_INT.c ****     * Reentrant:
 257:.\Generated_Source\PSoC5/RX_CAN_INT.c ****     *  Depends on Customer code.
 258:.\Generated_Source\PSoC5/RX_CAN_INT.c ****     *
 259:.\Generated_Source\PSoC5/RX_CAN_INT.c ****     *******************************************************************************/
ARM GAS  C:\Users\HENRYA~1\AppData\Local\Temp\ccawlI5Y.s 			page 6


 260:.\Generated_Source\PSoC5/RX_CAN_INT.c ****     void RX_CAN_CrcErrorIsr(void) 
 261:.\Generated_Source\PSoC5/RX_CAN_INT.c ****     {
 262:.\Generated_Source\PSoC5/RX_CAN_INT.c ****         /* Clear CRC Error flag */
 263:.\Generated_Source\PSoC5/RX_CAN_INT.c ****         RX_CAN_INT_SR_REG.byte[1u] = RX_CAN_CRC_ERROR_MASK;
 264:.\Generated_Source\PSoC5/RX_CAN_INT.c **** 
 265:.\Generated_Source\PSoC5/RX_CAN_INT.c ****         /* `#START CRC_ERROR_ISR` */
 266:.\Generated_Source\PSoC5/RX_CAN_INT.c **** 
 267:.\Generated_Source\PSoC5/RX_CAN_INT.c ****         /* `#END` */
 268:.\Generated_Source\PSoC5/RX_CAN_INT.c **** 
 269:.\Generated_Source\PSoC5/RX_CAN_INT.c ****         #ifdef RX_CAN_CRC_ERROR_ISR_CALLBACK
 270:.\Generated_Source\PSoC5/RX_CAN_INT.c ****             RX_CAN_CrcErrorIsr_Callback();
 271:.\Generated_Source\PSoC5/RX_CAN_INT.c ****         #endif /* RX_CAN_CRC_ERROR_ISR_CALLBACK */
 272:.\Generated_Source\PSoC5/RX_CAN_INT.c ****     }
 273:.\Generated_Source\PSoC5/RX_CAN_INT.c **** #endif /* RX_CAN_CRC_ERR */
 274:.\Generated_Source\PSoC5/RX_CAN_INT.c **** 
 275:.\Generated_Source\PSoC5/RX_CAN_INT.c **** 
 276:.\Generated_Source\PSoC5/RX_CAN_INT.c **** #if (RX_CAN_BUS_OFF)
 277:.\Generated_Source\PSoC5/RX_CAN_INT.c ****     /*******************************************************************************
 278:.\Generated_Source\PSoC5/RX_CAN_INT.c ****     * FUNCTION NAME:   RX_CAN_BusOffIsr
 279:.\Generated_Source\PSoC5/RX_CAN_INT.c ****     ********************************************************************************
 280:.\Generated_Source\PSoC5/RX_CAN_INT.c ****     *
 281:.\Generated_Source\PSoC5/RX_CAN_INT.c ****     * Summary:
 282:.\Generated_Source\PSoC5/RX_CAN_INT.c ****     *  This function is entry point to Bus Off Interrupt. Places CAN Component
 283:.\Generated_Source\PSoC5/RX_CAN_INT.c ****     *  to Stop mode. Only generated if Bus Off Interrupt enable in Customizer.
 284:.\Generated_Source\PSoC5/RX_CAN_INT.c ****     *  Recommended setting to enable this interrupt.
 285:.\Generated_Source\PSoC5/RX_CAN_INT.c ****     *
 286:.\Generated_Source\PSoC5/RX_CAN_INT.c ****     * Parameters:
 287:.\Generated_Source\PSoC5/RX_CAN_INT.c ****     *  None.
 288:.\Generated_Source\PSoC5/RX_CAN_INT.c ****     *
 289:.\Generated_Source\PSoC5/RX_CAN_INT.c ****     * Return:
 290:.\Generated_Source\PSoC5/RX_CAN_INT.c ****     *  None.
 291:.\Generated_Source\PSoC5/RX_CAN_INT.c ****     *
 292:.\Generated_Source\PSoC5/RX_CAN_INT.c ****     * Side Effects:
 293:.\Generated_Source\PSoC5/RX_CAN_INT.c ****     *  Stops CAN component operation.
 294:.\Generated_Source\PSoC5/RX_CAN_INT.c ****     *
 295:.\Generated_Source\PSoC5/RX_CAN_INT.c ****     *******************************************************************************/
 296:.\Generated_Source\PSoC5/RX_CAN_INT.c ****     void RX_CAN_BusOffIsr(void) 
 297:.\Generated_Source\PSoC5/RX_CAN_INT.c ****     {
  27              		.loc 1 297 0
  28              		.cfi_startproc
  29              		@ args = 0, pretend = 0, frame = 0
  30              		@ frame_needed = 0, uses_anonymous_args = 0
  31 0000 08B5     		push	{r3, lr}
  32              		.cfi_def_cfa_offset 8
  33              		.cfi_offset 3, -8
  34              		.cfi_offset 14, -4
 298:.\Generated_Source\PSoC5/RX_CAN_INT.c ****         /* Clear Bus Off flag */
 299:.\Generated_Source\PSoC5/RX_CAN_INT.c ****         RX_CAN_INT_SR_REG.byte[1u] = RX_CAN_BUS_OFF_MASK;
  35              		.loc 1 299 0
  36 0002 0222     		movs	r2, #2
  37 0004 034B     		ldr	r3, .L3
  38 0006 5A70     		strb	r2, [r3, #1]
 300:.\Generated_Source\PSoC5/RX_CAN_INT.c ****         (void) RX_CAN_GlobalIntDisable();
  39              		.loc 1 300 0
  40 0008 FFF7FEFF 		bl	RX_CAN_GlobalIntDisable
  41              	.LVL0:
 301:.\Generated_Source\PSoC5/RX_CAN_INT.c **** 
ARM GAS  C:\Users\HENRYA~1\AppData\Local\Temp\ccawlI5Y.s 			page 7


 302:.\Generated_Source\PSoC5/RX_CAN_INT.c ****         /* `#START BUS_OFF_ISR` */
 303:.\Generated_Source\PSoC5/RX_CAN_INT.c **** 
 304:.\Generated_Source\PSoC5/RX_CAN_INT.c ****         /* `#END` */
 305:.\Generated_Source\PSoC5/RX_CAN_INT.c **** 
 306:.\Generated_Source\PSoC5/RX_CAN_INT.c ****         #ifdef RX_CAN_BUS_OFF_ISR_CALLBACK
 307:.\Generated_Source\PSoC5/RX_CAN_INT.c ****             RX_CAN_BusOffIsr_Callback();
 308:.\Generated_Source\PSoC5/RX_CAN_INT.c ****         #endif /* RX_CAN_BUS_OFF_ISR_CALLBACK */
 309:.\Generated_Source\PSoC5/RX_CAN_INT.c **** 
 310:.\Generated_Source\PSoC5/RX_CAN_INT.c ****         (void) RX_CAN_Stop();
  42              		.loc 1 310 0
  43 000c FFF7FEFF 		bl	RX_CAN_Stop
  44              	.LVL1:
  45 0010 08BD     		pop	{r3, pc}
  46              	.L4:
  47 0012 00BF     		.align	2
  48              	.L3:
  49 0014 00A00040 		.word	1073782784
  50              		.cfi_endproc
  51              	.LFE0:
  52              		.size	RX_CAN_BusOffIsr, .-RX_CAN_BusOffIsr
  53              		.section	.text.RX_CAN_MsgTXIsr,"ax",%progbits
  54              		.align	2
  55              		.global	RX_CAN_MsgTXIsr
  56              		.thumb
  57              		.thumb_func
  58              		.type	RX_CAN_MsgTXIsr, %function
  59              	RX_CAN_MsgTXIsr:
  60              	.LFB1:
 311:.\Generated_Source\PSoC5/RX_CAN_INT.c ****     }
 312:.\Generated_Source\PSoC5/RX_CAN_INT.c **** #endif /* RX_CAN_BUS_OFF */
 313:.\Generated_Source\PSoC5/RX_CAN_INT.c **** 
 314:.\Generated_Source\PSoC5/RX_CAN_INT.c **** 
 315:.\Generated_Source\PSoC5/RX_CAN_INT.c **** #if (RX_CAN_RX_MSG_LOST)
 316:.\Generated_Source\PSoC5/RX_CAN_INT.c ****     /*******************************************************************************
 317:.\Generated_Source\PSoC5/RX_CAN_INT.c ****     * FUNCTION NAME:   RX_CAN_MsgLostIsr
 318:.\Generated_Source\PSoC5/RX_CAN_INT.c ****     ********************************************************************************
 319:.\Generated_Source\PSoC5/RX_CAN_INT.c ****     *
 320:.\Generated_Source\PSoC5/RX_CAN_INT.c ****     * Summary:
 321:.\Generated_Source\PSoC5/RX_CAN_INT.c ****     *  This function is entry point to Message Lost Interrupt. Clears Message Lost
 322:.\Generated_Source\PSoC5/RX_CAN_INT.c ****     *  interrupt flag. Only generated if Message Lost Interrupt enable in Customizer
 323:.\Generated_Source\PSoC5/RX_CAN_INT.c ****     *
 324:.\Generated_Source\PSoC5/RX_CAN_INT.c ****     * Parameters:
 325:.\Generated_Source\PSoC5/RX_CAN_INT.c ****     *  None.
 326:.\Generated_Source\PSoC5/RX_CAN_INT.c ****     *
 327:.\Generated_Source\PSoC5/RX_CAN_INT.c ****     * Return:
 328:.\Generated_Source\PSoC5/RX_CAN_INT.c ****     *  None.
 329:.\Generated_Source\PSoC5/RX_CAN_INT.c ****     *
 330:.\Generated_Source\PSoC5/RX_CAN_INT.c ****     * Reentrant:
 331:.\Generated_Source\PSoC5/RX_CAN_INT.c ****     *  Depends on Customer code.
 332:.\Generated_Source\PSoC5/RX_CAN_INT.c ****     *
 333:.\Generated_Source\PSoC5/RX_CAN_INT.c ****     *******************************************************************************/
 334:.\Generated_Source\PSoC5/RX_CAN_INT.c ****     void RX_CAN_MsgLostIsr(void) 
 335:.\Generated_Source\PSoC5/RX_CAN_INT.c ****     {
 336:.\Generated_Source\PSoC5/RX_CAN_INT.c ****         /* Clear Receive Message Lost flag */
 337:.\Generated_Source\PSoC5/RX_CAN_INT.c ****         RX_CAN_INT_SR_REG.byte[1u] = RX_CAN_RX_MSG_LOST_MASK;
 338:.\Generated_Source\PSoC5/RX_CAN_INT.c **** 
 339:.\Generated_Source\PSoC5/RX_CAN_INT.c ****         /* `#START MESSAGE_LOST_ISR` */
ARM GAS  C:\Users\HENRYA~1\AppData\Local\Temp\ccawlI5Y.s 			page 8


 340:.\Generated_Source\PSoC5/RX_CAN_INT.c **** 
 341:.\Generated_Source\PSoC5/RX_CAN_INT.c ****         /* `#END` */
 342:.\Generated_Source\PSoC5/RX_CAN_INT.c **** 
 343:.\Generated_Source\PSoC5/RX_CAN_INT.c ****         #ifdef RX_CAN_MSG_LOST_ISR_CALLBACK
 344:.\Generated_Source\PSoC5/RX_CAN_INT.c ****             RX_CAN_MsgLostIsr_Callback();
 345:.\Generated_Source\PSoC5/RX_CAN_INT.c ****         #endif /* RX_CAN_MSG_LOST_ISR_CALLBACK */
 346:.\Generated_Source\PSoC5/RX_CAN_INT.c ****     }
 347:.\Generated_Source\PSoC5/RX_CAN_INT.c **** #endif /* RX_CAN_RX_MSG_LOST */
 348:.\Generated_Source\PSoC5/RX_CAN_INT.c **** 
 349:.\Generated_Source\PSoC5/RX_CAN_INT.c **** 
 350:.\Generated_Source\PSoC5/RX_CAN_INT.c **** #if (RX_CAN_TX_MESSAGE)
 351:.\Generated_Source\PSoC5/RX_CAN_INT.c ****     /*******************************************************************************
 352:.\Generated_Source\PSoC5/RX_CAN_INT.c ****     * FUNCTION NAME:   RX_CAN_MsgTXIsr
 353:.\Generated_Source\PSoC5/RX_CAN_INT.c ****     ********************************************************************************
 354:.\Generated_Source\PSoC5/RX_CAN_INT.c ****     *
 355:.\Generated_Source\PSoC5/RX_CAN_INT.c ****     * Summary:
 356:.\Generated_Source\PSoC5/RX_CAN_INT.c ****     *  This function is entry point to Transmit Message Interrupt. Clears Transmit
 357:.\Generated_Source\PSoC5/RX_CAN_INT.c ****     *  Message interrupt flag. Only generated if Transmit Message Interrupt enable
 358:.\Generated_Source\PSoC5/RX_CAN_INT.c ****     *  in Customizer.
 359:.\Generated_Source\PSoC5/RX_CAN_INT.c ****     *
 360:.\Generated_Source\PSoC5/RX_CAN_INT.c ****     * Parameters:
 361:.\Generated_Source\PSoC5/RX_CAN_INT.c ****     *  None.
 362:.\Generated_Source\PSoC5/RX_CAN_INT.c ****     *
 363:.\Generated_Source\PSoC5/RX_CAN_INT.c ****     * Return:
 364:.\Generated_Source\PSoC5/RX_CAN_INT.c ****     *  None.
 365:.\Generated_Source\PSoC5/RX_CAN_INT.c ****     *
 366:.\Generated_Source\PSoC5/RX_CAN_INT.c ****     * Reentrant:
 367:.\Generated_Source\PSoC5/RX_CAN_INT.c ****     *  Depends on Customer code.
 368:.\Generated_Source\PSoC5/RX_CAN_INT.c ****     *
 369:.\Generated_Source\PSoC5/RX_CAN_INT.c ****     *******************************************************************************/
 370:.\Generated_Source\PSoC5/RX_CAN_INT.c ****     void RX_CAN_MsgTXIsr(void) 
 371:.\Generated_Source\PSoC5/RX_CAN_INT.c ****     {
  61              		.loc 1 371 0
  62              		.cfi_startproc
  63              		@ args = 0, pretend = 0, frame = 0
  64              		@ frame_needed = 0, uses_anonymous_args = 0
  65              		@ link register save eliminated.
 372:.\Generated_Source\PSoC5/RX_CAN_INT.c ****         /* Clear Transmit Message flag */
 373:.\Generated_Source\PSoC5/RX_CAN_INT.c ****         RX_CAN_INT_SR_REG.byte[1u] = RX_CAN_TX_MESSAGE_MASK;
  66              		.loc 1 373 0
  67 0000 0822     		movs	r2, #8
  68 0002 014B     		ldr	r3, .L6
  69 0004 5A70     		strb	r2, [r3, #1]
  70 0006 7047     		bx	lr
  71              	.L7:
  72              		.align	2
  73              	.L6:
  74 0008 00A00040 		.word	1073782784
  75              		.cfi_endproc
  76              	.LFE1:
  77              		.size	RX_CAN_MsgTXIsr, .-RX_CAN_MsgTXIsr
  78              		.section	.text.RX_CAN_MsgRXIsr,"ax",%progbits
  79              		.align	2
  80              		.global	RX_CAN_MsgRXIsr
  81              		.thumb
  82              		.thumb_func
  83              		.type	RX_CAN_MsgRXIsr, %function
ARM GAS  C:\Users\HENRYA~1\AppData\Local\Temp\ccawlI5Y.s 			page 9


  84              	RX_CAN_MsgRXIsr:
  85              	.LFB2:
 374:.\Generated_Source\PSoC5/RX_CAN_INT.c **** 
 375:.\Generated_Source\PSoC5/RX_CAN_INT.c ****         /* `#START MESSAGE_TRANSMITTED_ISR` */
 376:.\Generated_Source\PSoC5/RX_CAN_INT.c **** 
 377:.\Generated_Source\PSoC5/RX_CAN_INT.c ****         /* `#END` */
 378:.\Generated_Source\PSoC5/RX_CAN_INT.c **** 
 379:.\Generated_Source\PSoC5/RX_CAN_INT.c ****         #ifdef RX_CAN_MSG_TX_ISR_CALLBACK
 380:.\Generated_Source\PSoC5/RX_CAN_INT.c ****             RX_CAN_MsgTXIsr_Callback();
 381:.\Generated_Source\PSoC5/RX_CAN_INT.c ****         #endif /* RX_CAN_MSG_TX_ISR_CALLBACK */
 382:.\Generated_Source\PSoC5/RX_CAN_INT.c ****     }
 383:.\Generated_Source\PSoC5/RX_CAN_INT.c **** #endif /* RX_CAN_TX_MESSAGE */
 384:.\Generated_Source\PSoC5/RX_CAN_INT.c **** 
 385:.\Generated_Source\PSoC5/RX_CAN_INT.c **** 
 386:.\Generated_Source\PSoC5/RX_CAN_INT.c **** #if (RX_CAN_RX_MESSAGE)
 387:.\Generated_Source\PSoC5/RX_CAN_INT.c ****     /*******************************************************************************
 388:.\Generated_Source\PSoC5/RX_CAN_INT.c ****     * FUNCTION NAME:   RX_CAN_MsgRXIsr
 389:.\Generated_Source\PSoC5/RX_CAN_INT.c ****     ********************************************************************************
 390:.\Generated_Source\PSoC5/RX_CAN_INT.c ****     *
 391:.\Generated_Source\PSoC5/RX_CAN_INT.c ****     * Summary:
 392:.\Generated_Source\PSoC5/RX_CAN_INT.c ****     *  This function is entry point to Receive Message Interrupt. Clears Receive
 393:.\Generated_Source\PSoC5/RX_CAN_INT.c ****     *  Message interrupt flag and call appropriate handlers for Basic and Full
 394:.\Generated_Source\PSoC5/RX_CAN_INT.c ****     *  interrupt based mailboxes. Only generated if Receive Message Interrupt
 395:.\Generated_Source\PSoC5/RX_CAN_INT.c ****     *  enable in Customizer. Recommended setting to enable this interrupt.
 396:.\Generated_Source\PSoC5/RX_CAN_INT.c ****     *
 397:.\Generated_Source\PSoC5/RX_CAN_INT.c ****     * Parameters:
 398:.\Generated_Source\PSoC5/RX_CAN_INT.c ****     *  None.
 399:.\Generated_Source\PSoC5/RX_CAN_INT.c ****     *
 400:.\Generated_Source\PSoC5/RX_CAN_INT.c ****     * Return:
 401:.\Generated_Source\PSoC5/RX_CAN_INT.c ****     *  None.
 402:.\Generated_Source\PSoC5/RX_CAN_INT.c ****     *
 403:.\Generated_Source\PSoC5/RX_CAN_INT.c ****     *******************************************************************************/
 404:.\Generated_Source\PSoC5/RX_CAN_INT.c ****     void RX_CAN_MsgRXIsr(void) 
 405:.\Generated_Source\PSoC5/RX_CAN_INT.c ****     {
  86              		.loc 1 405 0
  87              		.cfi_startproc
  88              		@ args = 0, pretend = 0, frame = 0
  89              		@ frame_needed = 0, uses_anonymous_args = 0
  90 0000 38B5     		push	{r3, r4, r5, lr}
  91              		.cfi_def_cfa_offset 16
  92              		.cfi_offset 3, -16
  93              		.cfi_offset 4, -12
  94              		.cfi_offset 5, -8
  95              		.cfi_offset 14, -4
  96              	.LVL2:
 406:.\Generated_Source\PSoC5/RX_CAN_INT.c ****         uint8 mailboxNumber;
 407:.\Generated_Source\PSoC5/RX_CAN_INT.c ****         uint16 shift = 0x01u;
 408:.\Generated_Source\PSoC5/RX_CAN_INT.c **** 
 409:.\Generated_Source\PSoC5/RX_CAN_INT.c ****         /* Clear Receive Message flag */
 410:.\Generated_Source\PSoC5/RX_CAN_INT.c ****         RX_CAN_INT_SR_REG.byte[1u] = RX_CAN_RX_MESSAGE_MASK;
  97              		.loc 1 410 0
  98 0002 1022     		movs	r2, #16
  99 0004 124B     		ldr	r3, .L16
 100 0006 5A70     		strb	r2, [r3, #1]
 101              	.LVL3:
 407:.\Generated_Source\PSoC5/RX_CAN_INT.c **** 
 102              		.loc 1 407 0
ARM GAS  C:\Users\HENRYA~1\AppData\Local\Temp\ccawlI5Y.s 			page 10


 103 0008 0125     		movs	r5, #1
 411:.\Generated_Source\PSoC5/RX_CAN_INT.c **** 
 412:.\Generated_Source\PSoC5/RX_CAN_INT.c ****         /* `#START MESSAGE_RECEIVE_ISR` */
 413:.\Generated_Source\PSoC5/RX_CAN_INT.c **** 
 414:.\Generated_Source\PSoC5/RX_CAN_INT.c ****         /* `#END` */
 415:.\Generated_Source\PSoC5/RX_CAN_INT.c **** 
 416:.\Generated_Source\PSoC5/RX_CAN_INT.c ****         #ifdef RX_CAN_MSG_RX_ISR_CALLBACK
 417:.\Generated_Source\PSoC5/RX_CAN_INT.c ****             RX_CAN_MsgRXIsr_Callback();
 418:.\Generated_Source\PSoC5/RX_CAN_INT.c ****         #endif /* RX_CAN_MSG_RX_ISR_CALLBACK */
 419:.\Generated_Source\PSoC5/RX_CAN_INT.c **** 
 420:.\Generated_Source\PSoC5/RX_CAN_INT.c ****         for (mailboxNumber = 0u; mailboxNumber < RX_CAN_NUMBER_OF_RX_MAILBOXES; mailboxNumber++)
 104              		.loc 1 420 0
 105 000a 0024     		movs	r4, #0
 106 000c 1DE0     		b	.L9
 107              	.LVL4:
 108              	.L14:
 421:.\Generated_Source\PSoC5/RX_CAN_INT.c ****         {
 422:.\Generated_Source\PSoC5/RX_CAN_INT.c ****             if ((CY_GET_REG16((reg16 *) &RX_CAN_BUF_SR_REG.byte[0u]) & shift) != 0u)
 109              		.loc 1 422 0
 110 000e 114B     		ldr	r3, .L16+4
 111 0010 1B88     		ldrh	r3, [r3]
 112 0012 1D42     		tst	r5, r3
 113 0014 15D0     		beq	.L10
 423:.\Generated_Source\PSoC5/RX_CAN_INT.c ****             {
 424:.\Generated_Source\PSoC5/RX_CAN_INT.c ****                 if ((RX_CAN_RX[mailboxNumber].rxcmd.byte[0u] & RX_CAN_RX_INT_ENABLE_MASK) != 0u)
 114              		.loc 1 424 0
 115 0016 6301     		lsls	r3, r4, #5
 116 0018 0F4A     		ldr	r2, .L16+8
 117 001a 9B5C     		ldrb	r3, [r3, r2]	@ zero_extendqisi2
 118 001c 13F0200F 		tst	r3, #32
 119 0020 0FD0     		beq	.L10
 425:.\Generated_Source\PSoC5/RX_CAN_INT.c ****                 {
 426:.\Generated_Source\PSoC5/RX_CAN_INT.c ****                     if ((RX_CAN_RX_MAILBOX_TYPE & shift) != 0u)
 120              		.loc 1 426 0
 121 0022 15F0090F 		tst	r5, #9
 122 0026 09D0     		beq	.L11
 427:.\Generated_Source\PSoC5/RX_CAN_INT.c ****                     {
 428:.\Generated_Source\PSoC5/RX_CAN_INT.c ****                         /* RX Full mailboxes handler */
 429:.\Generated_Source\PSoC5/RX_CAN_INT.c ****                         switch(mailboxNumber)
 123              		.loc 1 429 0
 124 0028 14B1     		cbz	r4, .L12
 125 002a 032C     		cmp	r4, #3
 126 002c 03D0     		beq	.L13
 127 002e 08E0     		b	.L10
 128              	.L12:
 430:.\Generated_Source\PSoC5/RX_CAN_INT.c ****                         {
 431:.\Generated_Source\PSoC5/RX_CAN_INT.c ****                             case 0u : RX_CAN_ReceiveMsg0();
 129              		.loc 1 431 0
 130 0030 FFF7FEFF 		bl	RX_CAN_ReceiveMsg0
 131              	.LVL5:
 432:.\Generated_Source\PSoC5/RX_CAN_INT.c ****                             break;
 132              		.loc 1 432 0
 133 0034 05E0     		b	.L10
 134              	.L13:
 433:.\Generated_Source\PSoC5/RX_CAN_INT.c ****                             case 3u : RX_CAN_ReceiveMsg3();
 135              		.loc 1 433 0
 136 0036 FFF7FEFF 		bl	RX_CAN_ReceiveMsg3
ARM GAS  C:\Users\HENRYA~1\AppData\Local\Temp\ccawlI5Y.s 			page 11


 137              	.LVL6:
 434:.\Generated_Source\PSoC5/RX_CAN_INT.c ****                             break;
 138              		.loc 1 434 0
 139 003a 02E0     		b	.L10
 140              	.L11:
 435:.\Generated_Source\PSoC5/RX_CAN_INT.c ****                             default:
 436:.\Generated_Source\PSoC5/RX_CAN_INT.c ****                             break;
 437:.\Generated_Source\PSoC5/RX_CAN_INT.c ****                         }
 438:.\Generated_Source\PSoC5/RX_CAN_INT.c ****                     }
 439:.\Generated_Source\PSoC5/RX_CAN_INT.c ****                     else
 440:.\Generated_Source\PSoC5/RX_CAN_INT.c ****                     {
 441:.\Generated_Source\PSoC5/RX_CAN_INT.c ****                         /* RX Basic mailbox handler */
 442:.\Generated_Source\PSoC5/RX_CAN_INT.c ****                         RX_CAN_ReceiveMsg(mailboxNumber);
 141              		.loc 1 442 0
 142 003c 2046     		mov	r0, r4
 143 003e FFF7FEFF 		bl	RX_CAN_ReceiveMsg
 144              	.LVL7:
 145              	.L10:
 443:.\Generated_Source\PSoC5/RX_CAN_INT.c ****                     }
 444:.\Generated_Source\PSoC5/RX_CAN_INT.c ****                 }
 445:.\Generated_Source\PSoC5/RX_CAN_INT.c ****             }
 446:.\Generated_Source\PSoC5/RX_CAN_INT.c ****             shift <<= 1u;
 146              		.loc 1 446 0 discriminator 2
 147 0042 6D00     		lsls	r5, r5, #1
 148              	.LVL8:
 149 0044 ADB2     		uxth	r5, r5
 150              	.LVL9:
 420:.\Generated_Source\PSoC5/RX_CAN_INT.c ****         {
 151              		.loc 1 420 0 discriminator 2
 152 0046 0134     		adds	r4, r4, #1
 153              	.LVL10:
 154 0048 E4B2     		uxtb	r4, r4
 155              	.LVL11:
 156              	.L9:
 420:.\Generated_Source\PSoC5/RX_CAN_INT.c ****         {
 157              		.loc 1 420 0 is_stmt 0 discriminator 1
 158 004a 0F2C     		cmp	r4, #15
 159 004c DFD9     		bls	.L14
 447:.\Generated_Source\PSoC5/RX_CAN_INT.c ****         }
 448:.\Generated_Source\PSoC5/RX_CAN_INT.c ****     }
 160              		.loc 1 448 0 is_stmt 1
 161 004e 38BD     		pop	{r3, r4, r5, pc}
 162              	.LVL12:
 163              	.L17:
 164              		.align	2
 165              	.L16:
 166 0050 00A00040 		.word	1073782784
 167 0054 08A00040 		.word	1073782792
 168 0058 A0A00040 		.word	1073782944
 169              		.cfi_endproc
 170              	.LFE2:
 171              		.size	RX_CAN_MsgRXIsr, .-RX_CAN_MsgRXIsr
 172              		.section	.text.RX_CAN_ISR,"ax",%progbits
 173              		.align	2
 174              		.global	RX_CAN_ISR
 175              		.thumb
 176              		.thumb_func
ARM GAS  C:\Users\HENRYA~1\AppData\Local\Temp\ccawlI5Y.s 			page 12


 177              		.type	RX_CAN_ISR, %function
 178              	RX_CAN_ISR:
 179              	.LFB3:
 449:.\Generated_Source\PSoC5/RX_CAN_INT.c **** #endif /* RX_CAN_RX_MESSAGE */
 450:.\Generated_Source\PSoC5/RX_CAN_INT.c **** 
 451:.\Generated_Source\PSoC5/RX_CAN_INT.c **** 
 452:.\Generated_Source\PSoC5/RX_CAN_INT.c **** /*******************************************************************************
 453:.\Generated_Source\PSoC5/RX_CAN_INT.c **** * Function Name: RX_CAN_ISR
 454:.\Generated_Source\PSoC5/RX_CAN_INT.c **** ********************************************************************************
 455:.\Generated_Source\PSoC5/RX_CAN_INT.c **** *
 456:.\Generated_Source\PSoC5/RX_CAN_INT.c **** * Summary:
 457:.\Generated_Source\PSoC5/RX_CAN_INT.c **** *  This ISR is executed when CAN Core generates and interrupt on one of events:
 458:.\Generated_Source\PSoC5/RX_CAN_INT.c **** *  Arb_lost, Overload, Bit_err, Stuff_err, Ack_err, Form_err, Crc_err,
 459:.\Generated_Source\PSoC5/RX_CAN_INT.c **** *  Buss_off, Rx_msg_lost, Tx_msg or Rx_msg. The interrupt sources depends
 460:.\Generated_Source\PSoC5/RX_CAN_INT.c **** *  on the Customizer inputs.
 461:.\Generated_Source\PSoC5/RX_CAN_INT.c **** *
 462:.\Generated_Source\PSoC5/RX_CAN_INT.c **** * Parameters:
 463:.\Generated_Source\PSoC5/RX_CAN_INT.c **** *  None.
 464:.\Generated_Source\PSoC5/RX_CAN_INT.c **** *
 465:.\Generated_Source\PSoC5/RX_CAN_INT.c **** * Return:
 466:.\Generated_Source\PSoC5/RX_CAN_INT.c **** *  None.
 467:.\Generated_Source\PSoC5/RX_CAN_INT.c **** *
 468:.\Generated_Source\PSoC5/RX_CAN_INT.c **** *******************************************************************************/
 469:.\Generated_Source\PSoC5/RX_CAN_INT.c **** CY_ISR(RX_CAN_ISR)
 470:.\Generated_Source\PSoC5/RX_CAN_INT.c **** {
 180              		.loc 1 470 0
 181              		.cfi_startproc
 182              		@ args = 0, pretend = 0, frame = 0
 183              		@ frame_needed = 0, uses_anonymous_args = 0
 184 0000 08B5     		push	{r3, lr}
 185              		.cfi_def_cfa_offset 8
 186              		.cfi_offset 3, -8
 187              		.cfi_offset 14, -4
 471:.\Generated_Source\PSoC5/RX_CAN_INT.c ****     #ifdef RX_CAN_ISR_INTERRUPT_CALLBACK
 472:.\Generated_Source\PSoC5/RX_CAN_INT.c ****         RX_CAN_ISR_InterruptCallback();
 473:.\Generated_Source\PSoC5/RX_CAN_INT.c ****     #endif /* RX_CAN_ISR_INTERRUPT_CALLBACK */
 474:.\Generated_Source\PSoC5/RX_CAN_INT.c ****     
 475:.\Generated_Source\PSoC5/RX_CAN_INT.c ****     /* Place your Interrupt code here. */
 476:.\Generated_Source\PSoC5/RX_CAN_INT.c ****     /* `#START CAN_ISR` */
 477:.\Generated_Source\PSoC5/RX_CAN_INT.c **** 
 478:.\Generated_Source\PSoC5/RX_CAN_INT.c ****     /* `#END` */
 479:.\Generated_Source\PSoC5/RX_CAN_INT.c ****     
 480:.\Generated_Source\PSoC5/RX_CAN_INT.c ****     /* Arbitration */
 481:.\Generated_Source\PSoC5/RX_CAN_INT.c ****     #if (RX_CAN_ARB_LOST && (RX_CAN_ARB_LOST_USE_HELPER || \
 482:.\Generated_Source\PSoC5/RX_CAN_INT.c ****         (!RX_CAN_ADVANCED_INTERRUPT_CFG)))
 483:.\Generated_Source\PSoC5/RX_CAN_INT.c ****         if ((RX_CAN_INT_SR_REG.byte[0u] & RX_CAN_ARBITRATION_LOST_MASK) != 0u)
 484:.\Generated_Source\PSoC5/RX_CAN_INT.c ****         {
 485:.\Generated_Source\PSoC5/RX_CAN_INT.c ****             RX_CAN_ArbLostIsr();
 486:.\Generated_Source\PSoC5/RX_CAN_INT.c ****         }
 487:.\Generated_Source\PSoC5/RX_CAN_INT.c ****     #endif /* RX_CAN_ARB_LOST && RX_CAN_ARB_LOST_USE_HELPER */
 488:.\Generated_Source\PSoC5/RX_CAN_INT.c **** 
 489:.\Generated_Source\PSoC5/RX_CAN_INT.c ****     /* Overload Error */
 490:.\Generated_Source\PSoC5/RX_CAN_INT.c ****     #if (RX_CAN_OVERLOAD && (RX_CAN_OVERLOAD_USE_HELPER || \
 491:.\Generated_Source\PSoC5/RX_CAN_INT.c ****         (!RX_CAN_ADVANCED_INTERRUPT_CFG)))
 492:.\Generated_Source\PSoC5/RX_CAN_INT.c ****         if ((RX_CAN_INT_SR_REG.byte[0u] & RX_CAN_OVERLOAD_ERROR_MASK) != 0u)
 493:.\Generated_Source\PSoC5/RX_CAN_INT.c ****         {
 494:.\Generated_Source\PSoC5/RX_CAN_INT.c ****             RX_CAN_OvrLdErrorIsr();
ARM GAS  C:\Users\HENRYA~1\AppData\Local\Temp\ccawlI5Y.s 			page 13


 495:.\Generated_Source\PSoC5/RX_CAN_INT.c ****         }
 496:.\Generated_Source\PSoC5/RX_CAN_INT.c ****     #endif /* RX_CAN_OVERLOAD && RX_CAN_OVERLOAD_USE_HELPER */
 497:.\Generated_Source\PSoC5/RX_CAN_INT.c **** 
 498:.\Generated_Source\PSoC5/RX_CAN_INT.c ****     /* Bit Error */
 499:.\Generated_Source\PSoC5/RX_CAN_INT.c ****     #if (RX_CAN_BIT_ERR && (RX_CAN_BIT_ERR_USE_HELPER || \
 500:.\Generated_Source\PSoC5/RX_CAN_INT.c ****         (!RX_CAN_ADVANCED_INTERRUPT_CFG)))
 501:.\Generated_Source\PSoC5/RX_CAN_INT.c ****         if ((RX_CAN_INT_SR_REG.byte[0u] & RX_CAN_BIT_ERROR_MASK) != 0u)
 502:.\Generated_Source\PSoC5/RX_CAN_INT.c ****         {
 503:.\Generated_Source\PSoC5/RX_CAN_INT.c ****             RX_CAN_BitErrorIsr();
 504:.\Generated_Source\PSoC5/RX_CAN_INT.c ****         }
 505:.\Generated_Source\PSoC5/RX_CAN_INT.c ****     #endif /* RX_CAN_BIT_ERR && RX_CAN_BIT_ERR_USE_HELPER */
 506:.\Generated_Source\PSoC5/RX_CAN_INT.c **** 
 507:.\Generated_Source\PSoC5/RX_CAN_INT.c ****     /* Bit Staff Error */
 508:.\Generated_Source\PSoC5/RX_CAN_INT.c ****     #if (RX_CAN_STUFF_ERR && (RX_CAN_STUFF_ERR_USE_HELPER || \
 509:.\Generated_Source\PSoC5/RX_CAN_INT.c ****         (!RX_CAN_ADVANCED_INTERRUPT_CFG)))
 510:.\Generated_Source\PSoC5/RX_CAN_INT.c ****         if ((RX_CAN_INT_SR_REG.byte[0u] & RX_CAN_STUFF_ERROR_MASK) != 0u)
 511:.\Generated_Source\PSoC5/RX_CAN_INT.c ****         {
 512:.\Generated_Source\PSoC5/RX_CAN_INT.c ****             RX_CAN_BitStuffErrorIsr();
 513:.\Generated_Source\PSoC5/RX_CAN_INT.c ****         }
 514:.\Generated_Source\PSoC5/RX_CAN_INT.c ****     #endif /* RX_CAN_STUFF_ERR && RX_CAN_STUFF_ERR_USE_HELPER */
 515:.\Generated_Source\PSoC5/RX_CAN_INT.c **** 
 516:.\Generated_Source\PSoC5/RX_CAN_INT.c ****     /* ACK Error */
 517:.\Generated_Source\PSoC5/RX_CAN_INT.c ****     #if (RX_CAN_ACK_ERR && (RX_CAN_ACK_ERR_USE_HELPER || \
 518:.\Generated_Source\PSoC5/RX_CAN_INT.c ****         (!RX_CAN_ADVANCED_INTERRUPT_CFG)))
 519:.\Generated_Source\PSoC5/RX_CAN_INT.c ****         if ((RX_CAN_INT_SR_REG.byte[0u] & RX_CAN_ACK_ERROR_MASK) != 0u)
 520:.\Generated_Source\PSoC5/RX_CAN_INT.c ****         {
 521:.\Generated_Source\PSoC5/RX_CAN_INT.c ****             RX_CAN_AckErrorIsr();
 522:.\Generated_Source\PSoC5/RX_CAN_INT.c ****         }
 523:.\Generated_Source\PSoC5/RX_CAN_INT.c ****     #endif /* RX_CAN_ACK_ERR && RX_CAN_ACK_ERR_USE_HELPER */
 524:.\Generated_Source\PSoC5/RX_CAN_INT.c **** 
 525:.\Generated_Source\PSoC5/RX_CAN_INT.c ****     /* Form(msg) Error */
 526:.\Generated_Source\PSoC5/RX_CAN_INT.c ****     #if (RX_CAN_FORM_ERR && (RX_CAN_FORM_ERR_USE_HELPER || \
 527:.\Generated_Source\PSoC5/RX_CAN_INT.c ****         (!RX_CAN_ADVANCED_INTERRUPT_CFG)))
 528:.\Generated_Source\PSoC5/RX_CAN_INT.c ****         if ((RX_CAN_INT_SR_REG.byte[0u] & RX_CAN_FORM_ERROR_MASK) != 0u)
 529:.\Generated_Source\PSoC5/RX_CAN_INT.c ****         {
 530:.\Generated_Source\PSoC5/RX_CAN_INT.c ****             RX_CAN_MsgErrorIsr();
 531:.\Generated_Source\PSoC5/RX_CAN_INT.c ****         }
 532:.\Generated_Source\PSoC5/RX_CAN_INT.c ****     #endif /* RX_CAN_FORM_ERR && RX_CAN_FORM_ERR_USE_HELPER */
 533:.\Generated_Source\PSoC5/RX_CAN_INT.c **** 
 534:.\Generated_Source\PSoC5/RX_CAN_INT.c ****     /* CRC Error */
 535:.\Generated_Source\PSoC5/RX_CAN_INT.c ****     #if (RX_CAN_CRC_ERR && (RX_CAN_CRC_ERR_USE_HELPER || \
 536:.\Generated_Source\PSoC5/RX_CAN_INT.c ****         (!RX_CAN_ADVANCED_INTERRUPT_CFG)))
 537:.\Generated_Source\PSoC5/RX_CAN_INT.c ****         if ((RX_CAN_INT_SR_REG.byte[1u] & RX_CAN_CRC_ERROR_MASK) != 0u)
 538:.\Generated_Source\PSoC5/RX_CAN_INT.c ****         {
 539:.\Generated_Source\PSoC5/RX_CAN_INT.c ****             RX_CAN_CrcErrorIsr();
 540:.\Generated_Source\PSoC5/RX_CAN_INT.c ****         }
 541:.\Generated_Source\PSoC5/RX_CAN_INT.c ****     #endif /* RX_CAN_CRC_ERR && RX_CAN_CRC_ERR_USE_HELPER */
 542:.\Generated_Source\PSoC5/RX_CAN_INT.c **** 
 543:.\Generated_Source\PSoC5/RX_CAN_INT.c ****     /* Bus Off state */
 544:.\Generated_Source\PSoC5/RX_CAN_INT.c ****     #if (RX_CAN_BUS_OFF && (RX_CAN_BUS_OFF_USE_HELPER || \
 545:.\Generated_Source\PSoC5/RX_CAN_INT.c ****         (!RX_CAN_ADVANCED_INTERRUPT_CFG)))
 546:.\Generated_Source\PSoC5/RX_CAN_INT.c ****         if ((RX_CAN_INT_SR_REG.byte[1u] & RX_CAN_BUS_OFF_MASK) != 0u)
 188              		.loc 1 546 0
 189 0002 0B4B     		ldr	r3, .L23
 190 0004 5B78     		ldrb	r3, [r3, #1]	@ zero_extendqisi2
 191 0006 13F0020F 		tst	r3, #2
 192 000a 01D0     		beq	.L19
ARM GAS  C:\Users\HENRYA~1\AppData\Local\Temp\ccawlI5Y.s 			page 14


 547:.\Generated_Source\PSoC5/RX_CAN_INT.c ****         {
 548:.\Generated_Source\PSoC5/RX_CAN_INT.c ****             RX_CAN_BusOffIsr();
 193              		.loc 1 548 0
 194 000c FFF7FEFF 		bl	RX_CAN_BusOffIsr
 195              	.LVL13:
 196              	.L19:
 549:.\Generated_Source\PSoC5/RX_CAN_INT.c ****         }
 550:.\Generated_Source\PSoC5/RX_CAN_INT.c ****     #endif /* RX_CAN_BUS_OFF && RX_CAN_BUS_OFF_USE_HELPER */
 551:.\Generated_Source\PSoC5/RX_CAN_INT.c **** 
 552:.\Generated_Source\PSoC5/RX_CAN_INT.c ****     /* Message Lost */
 553:.\Generated_Source\PSoC5/RX_CAN_INT.c ****     #if (RX_CAN_RX_MSG_LOST && (RX_CAN_RX_MSG_LOST_USE_HELPER || \
 554:.\Generated_Source\PSoC5/RX_CAN_INT.c ****         (!RX_CAN_ADVANCED_INTERRUPT_CFG)))
 555:.\Generated_Source\PSoC5/RX_CAN_INT.c ****         if ((RX_CAN_INT_SR_REG.byte[1u] & RX_CAN_RX_MSG_LOST_MASK) != 0u)
 556:.\Generated_Source\PSoC5/RX_CAN_INT.c ****         {
 557:.\Generated_Source\PSoC5/RX_CAN_INT.c ****             RX_CAN_MsgLostIsr();
 558:.\Generated_Source\PSoC5/RX_CAN_INT.c ****         }
 559:.\Generated_Source\PSoC5/RX_CAN_INT.c ****     #endif /* RX_CAN_RX_MSG_LOST && RX_CAN_RX_MSG_LOST_USE_HELPER */
 560:.\Generated_Source\PSoC5/RX_CAN_INT.c **** 
 561:.\Generated_Source\PSoC5/RX_CAN_INT.c ****     /* TX Message Send */
 562:.\Generated_Source\PSoC5/RX_CAN_INT.c ****     #if (RX_CAN_TX_MESSAGE && (RX_CAN_TX_MESSAGE_USE_HELPER || \
 563:.\Generated_Source\PSoC5/RX_CAN_INT.c ****         (!RX_CAN_ADVANCED_INTERRUPT_CFG)))
 564:.\Generated_Source\PSoC5/RX_CAN_INT.c ****         if ((RX_CAN_INT_SR_REG.byte[1u] & RX_CAN_TX_MESSAGE_MASK) != 0u)
 197              		.loc 1 564 0
 198 0010 074B     		ldr	r3, .L23
 199 0012 5B78     		ldrb	r3, [r3, #1]	@ zero_extendqisi2
 200 0014 13F0080F 		tst	r3, #8
 201 0018 01D0     		beq	.L20
 565:.\Generated_Source\PSoC5/RX_CAN_INT.c ****         {
 566:.\Generated_Source\PSoC5/RX_CAN_INT.c ****             RX_CAN_MsgTXIsr();
 202              		.loc 1 566 0
 203 001a FFF7FEFF 		bl	RX_CAN_MsgTXIsr
 204              	.LVL14:
 205              	.L20:
 567:.\Generated_Source\PSoC5/RX_CAN_INT.c ****         }
 568:.\Generated_Source\PSoC5/RX_CAN_INT.c ****     #endif /* RX_CAN_TX_MESSAGE && RX_CAN_TX_MESSAGE_USE_HELPER */
 569:.\Generated_Source\PSoC5/RX_CAN_INT.c **** 
 570:.\Generated_Source\PSoC5/RX_CAN_INT.c ****     /* RX Message Available */
 571:.\Generated_Source\PSoC5/RX_CAN_INT.c ****     #if (RX_CAN_RX_MESSAGE && (RX_CAN_RX_MESSAGE_USE_HELPER || \
 572:.\Generated_Source\PSoC5/RX_CAN_INT.c ****         (!RX_CAN_ADVANCED_INTERRUPT_CFG)))
 573:.\Generated_Source\PSoC5/RX_CAN_INT.c ****         if ((RX_CAN_INT_SR_REG.byte[1u] & RX_CAN_RX_MESSAGE_MASK) != 0u)
 206              		.loc 1 573 0
 207 001e 044B     		ldr	r3, .L23
 208 0020 5B78     		ldrb	r3, [r3, #1]	@ zero_extendqisi2
 209 0022 13F0100F 		tst	r3, #16
 210 0026 01D0     		beq	.L18
 574:.\Generated_Source\PSoC5/RX_CAN_INT.c ****         {
 575:.\Generated_Source\PSoC5/RX_CAN_INT.c ****             RX_CAN_MsgRXIsr();
 211              		.loc 1 575 0
 212 0028 FFF7FEFF 		bl	RX_CAN_MsgRXIsr
 213              	.LVL15:
 214              	.L18:
 215 002c 08BD     		pop	{r3, pc}
 216              	.L24:
 217 002e 00BF     		.align	2
 218              	.L23:
 219 0030 00A00040 		.word	1073782784
 220              		.cfi_endproc
ARM GAS  C:\Users\HENRYA~1\AppData\Local\Temp\ccawlI5Y.s 			page 15


 221              	.LFE3:
 222              		.size	RX_CAN_ISR, .-RX_CAN_ISR
 223              		.text
 224              	.Letext0:
 225              		.file 2 ".\\Generated_Source\\PSoC5\\cytypes.h"
 226              		.file 3 ".\\Generated_Source\\PSoC5\\RX_CAN.h"
 227              		.section	.debug_info,"",%progbits
 228              	.Ldebug_info0:
 229 0000 8A020000 		.4byte	0x28a
 230 0004 0400     		.2byte	0x4
 231 0006 00000000 		.4byte	.Ldebug_abbrev0
 232 000a 04       		.byte	0x4
 233 000b 01       		.uleb128 0x1
 234 000c 1E010000 		.4byte	.LASF37
 235 0010 01       		.byte	0x1
 236 0011 AC000000 		.4byte	.LASF38
 237 0015 D2000000 		.4byte	.LASF39
 238 0019 00000000 		.4byte	.Ldebug_ranges0+0
 239 001d 00000000 		.4byte	0
 240 0021 00000000 		.4byte	.Ldebug_line0
 241 0025 02       		.uleb128 0x2
 242 0026 01       		.byte	0x1
 243 0027 06       		.byte	0x6
 244 0028 A1020000 		.4byte	.LASF0
 245 002c 02       		.uleb128 0x2
 246 002d 01       		.byte	0x1
 247 002e 08       		.byte	0x8
 248 002f 75000000 		.4byte	.LASF1
 249 0033 02       		.uleb128 0x2
 250 0034 02       		.byte	0x2
 251 0035 05       		.byte	0x5
 252 0036 5D020000 		.4byte	.LASF2
 253 003a 02       		.uleb128 0x2
 254 003b 02       		.byte	0x2
 255 003c 07       		.byte	0x7
 256 003d 2E000000 		.4byte	.LASF3
 257 0041 02       		.uleb128 0x2
 258 0042 04       		.byte	0x4
 259 0043 05       		.byte	0x5
 260 0044 98020000 		.4byte	.LASF4
 261 0048 02       		.uleb128 0x2
 262 0049 04       		.byte	0x4
 263 004a 07       		.byte	0x7
 264 004b 8D000000 		.4byte	.LASF5
 265 004f 02       		.uleb128 0x2
 266 0050 08       		.byte	0x8
 267 0051 05       		.byte	0x5
 268 0052 2F020000 		.4byte	.LASF6
 269 0056 02       		.uleb128 0x2
 270 0057 08       		.byte	0x8
 271 0058 07       		.byte	0x7
 272 0059 B9010000 		.4byte	.LASF7
 273 005d 03       		.uleb128 0x3
 274 005e 04       		.byte	0x4
 275 005f 05       		.byte	0x5
 276 0060 696E7400 		.ascii	"int\000"
 277 0064 02       		.uleb128 0x2
ARM GAS  C:\Users\HENRYA~1\AppData\Local\Temp\ccawlI5Y.s 			page 16


 278 0065 04       		.byte	0x4
 279 0066 07       		.byte	0x7
 280 0067 AC010000 		.4byte	.LASF8
 281 006b 04       		.uleb128 0x4
 282 006c 9F000000 		.4byte	.LASF9
 283 0070 02       		.byte	0x2
 284 0071 9201     		.2byte	0x192
 285 0073 2C000000 		.4byte	0x2c
 286 0077 04       		.uleb128 0x4
 287 0078 17010000 		.4byte	.LASF10
 288 007c 02       		.byte	0x2
 289 007d 9301     		.2byte	0x193
 290 007f 3A000000 		.4byte	0x3a
 291 0083 02       		.uleb128 0x2
 292 0084 04       		.byte	0x4
 293 0085 04       		.byte	0x4
 294 0086 6F000000 		.4byte	.LASF11
 295 008a 02       		.uleb128 0x2
 296 008b 08       		.byte	0x8
 297 008c 04       		.byte	0x4
 298 008d A5000000 		.4byte	.LASF12
 299 0091 02       		.uleb128 0x2
 300 0092 01       		.byte	0x1
 301 0093 08       		.byte	0x8
 302 0094 48020000 		.4byte	.LASF13
 303 0098 04       		.uleb128 0x4
 304 0099 88000000 		.4byte	.LASF14
 305 009d 02       		.byte	0x2
 306 009e 3C02     		.2byte	0x23c
 307 00a0 A4000000 		.4byte	0xa4
 308 00a4 05       		.uleb128 0x5
 309 00a5 6B000000 		.4byte	0x6b
 310 00a9 04       		.uleb128 0x4
 311 00aa 00000000 		.4byte	.LASF15
 312 00ae 02       		.byte	0x2
 313 00af 3D02     		.2byte	0x23d
 314 00b1 B5000000 		.4byte	0xb5
 315 00b5 05       		.uleb128 0x5
 316 00b6 77000000 		.4byte	0x77
 317 00ba 02       		.uleb128 0x2
 318 00bb 04       		.byte	0x4
 319 00bc 07       		.byte	0x7
 320 00bd 1F020000 		.4byte	.LASF16
 321 00c1 06       		.uleb128 0x6
 322 00c2 08       		.byte	0x8
 323 00c3 03       		.byte	0x3
 324 00c4 75       		.byte	0x75
 325 00c5 D6000000 		.4byte	0xd6
 326 00c9 07       		.uleb128 0x7
 327 00ca 41000000 		.4byte	.LASF18
 328 00ce 03       		.byte	0x3
 329 00cf 77       		.byte	0x77
 330 00d0 E6000000 		.4byte	0xe6
 331 00d4 00       		.byte	0
 332 00d5 00       		.byte	0
 333 00d6 08       		.uleb128 0x8
 334 00d7 98000000 		.4byte	0x98
ARM GAS  C:\Users\HENRYA~1\AppData\Local\Temp\ccawlI5Y.s 			page 17


 335 00db E6000000 		.4byte	0xe6
 336 00df 09       		.uleb128 0x9
 337 00e0 BA000000 		.4byte	0xba
 338 00e4 07       		.byte	0x7
 339 00e5 00       		.byte	0
 340 00e6 05       		.uleb128 0x5
 341 00e7 D6000000 		.4byte	0xd6
 342 00eb 0A       		.uleb128 0xa
 343 00ec D0010000 		.4byte	.LASF17
 344 00f0 03       		.byte	0x3
 345 00f1 78       		.byte	0x78
 346 00f2 C1000000 		.4byte	0xc1
 347 00f6 06       		.uleb128 0x6
 348 00f7 04       		.byte	0x4
 349 00f8 03       		.byte	0x3
 350 00f9 7B       		.byte	0x7b
 351 00fa 0B010000 		.4byte	0x10b
 352 00fe 07       		.uleb128 0x7
 353 00ff 41000000 		.4byte	.LASF18
 354 0103 03       		.byte	0x3
 355 0104 7D       		.byte	0x7d
 356 0105 1B010000 		.4byte	0x11b
 357 0109 00       		.byte	0
 358 010a 00       		.byte	0
 359 010b 08       		.uleb128 0x8
 360 010c 98000000 		.4byte	0x98
 361 0110 1B010000 		.4byte	0x11b
 362 0114 09       		.uleb128 0x9
 363 0115 BA000000 		.4byte	0xba
 364 0119 03       		.byte	0x3
 365 011a 00       		.byte	0
 366 011b 05       		.uleb128 0x5
 367 011c 0B010000 		.4byte	0x10b
 368 0120 0A       		.uleb128 0xa
 369 0121 0C000000 		.4byte	.LASF19
 370 0125 03       		.byte	0x3
 371 0126 7E       		.byte	0x7e
 372 0127 F6000000 		.4byte	0xf6
 373 012b 06       		.uleb128 0x6
 374 012c 20       		.byte	0x20
 375 012d 03       		.byte	0x3
 376 012e A0       		.byte	0xa0
 377 012f 88010000 		.4byte	0x188
 378 0133 07       		.uleb128 0x7
 379 0134 F5010000 		.4byte	.LASF20
 380 0138 03       		.byte	0x3
 381 0139 A2       		.byte	0xa2
 382 013a 20010000 		.4byte	0x120
 383 013e 00       		.byte	0
 384 013f 07       		.uleb128 0x7
 385 0140 83000000 		.4byte	.LASF21
 386 0144 03       		.byte	0x3
 387 0145 A3       		.byte	0xa3
 388 0146 20010000 		.4byte	0x120
 389 014a 04       		.byte	0x4
 390 014b 07       		.uleb128 0x7
 391 014c 46000000 		.4byte	.LASF22
ARM GAS  C:\Users\HENRYA~1\AppData\Local\Temp\ccawlI5Y.s 			page 18


 392 0150 03       		.byte	0x3
 393 0151 A4       		.byte	0xa4
 394 0152 EB000000 		.4byte	0xeb
 395 0156 08       		.byte	0x8
 396 0157 07       		.uleb128 0x7
 397 0158 1A000000 		.4byte	.LASF23
 398 015c 03       		.byte	0x3
 399 015d A5       		.byte	0xa5
 400 015e 20010000 		.4byte	0x120
 401 0162 10       		.byte	0x10
 402 0163 07       		.uleb128 0x7
 403 0164 67020000 		.4byte	.LASF24
 404 0168 03       		.byte	0x3
 405 0169 A6       		.byte	0xa6
 406 016a 20010000 		.4byte	0x120
 407 016e 14       		.byte	0x14
 408 016f 07       		.uleb128 0x7
 409 0170 28020000 		.4byte	.LASF25
 410 0174 03       		.byte	0x3
 411 0175 A7       		.byte	0xa7
 412 0176 20010000 		.4byte	0x120
 413 017a 18       		.byte	0x18
 414 017b 07       		.uleb128 0x7
 415 017c 91020000 		.4byte	.LASF26
 416 0180 03       		.byte	0x3
 417 0181 A8       		.byte	0xa8
 418 0182 20010000 		.4byte	0x120
 419 0186 1C       		.byte	0x1c
 420 0187 00       		.byte	0
 421 0188 0A       		.uleb128 0xa
 422 0189 0E020000 		.4byte	.LASF27
 423 018d 03       		.byte	0x3
 424 018e A9       		.byte	0xa9
 425 018f 2B010000 		.4byte	0x12b
 426 0193 0B       		.uleb128 0xb
 427 0194 06010000 		.4byte	.LASF28
 428 0198 01       		.byte	0x1
 429 0199 2801     		.2byte	0x128
 430 019b 00000000 		.4byte	.LFB0
 431 019f 18000000 		.4byte	.LFE0-.LFB0
 432 01a3 01       		.uleb128 0x1
 433 01a4 9C       		.byte	0x9c
 434 01a5 BC010000 		.4byte	0x1bc
 435 01a9 0C       		.uleb128 0xc
 436 01aa 0C000000 		.4byte	.LVL0
 437 01ae 59020000 		.4byte	0x259
 438 01b2 0C       		.uleb128 0xc
 439 01b3 10000000 		.4byte	.LVL1
 440 01b7 64020000 		.4byte	0x264
 441 01bb 00       		.byte	0
 442 01bc 0D       		.uleb128 0xd
 443 01bd 5F000000 		.4byte	.LASF40
 444 01c1 01       		.byte	0x1
 445 01c2 7201     		.2byte	0x172
 446 01c4 00000000 		.4byte	.LFB1
 447 01c8 0C000000 		.4byte	.LFE1-.LFB1
 448 01cc 01       		.uleb128 0x1
ARM GAS  C:\Users\HENRYA~1\AppData\Local\Temp\ccawlI5Y.s 			page 19


 449 01cd 9C       		.byte	0x9c
 450 01ce 0B       		.uleb128 0xb
 451 01cf 4D020000 		.4byte	.LASF29
 452 01d3 01       		.byte	0x1
 453 01d4 9401     		.2byte	0x194
 454 01d6 00000000 		.4byte	.LFB2
 455 01da 5C000000 		.4byte	.LFE2-.LFB2
 456 01de 01       		.uleb128 0x1
 457 01df 9C       		.byte	0x9c
 458 01e0 27020000 		.4byte	0x227
 459 01e4 0E       		.uleb128 0xe
 460 01e5 20000000 		.4byte	.LASF30
 461 01e9 01       		.byte	0x1
 462 01ea 9601     		.2byte	0x196
 463 01ec 6B000000 		.4byte	0x6b
 464 01f0 00000000 		.4byte	.LLST0
 465 01f4 0E       		.uleb128 0xe
 466 01f5 06000000 		.4byte	.LASF31
 467 01f9 01       		.byte	0x1
 468 01fa 9701     		.2byte	0x197
 469 01fc 77000000 		.4byte	0x77
 470 0200 2A000000 		.4byte	.LLST1
 471 0204 0C       		.uleb128 0xc
 472 0205 34000000 		.4byte	.LVL5
 473 0209 6F020000 		.4byte	0x26f
 474 020d 0C       		.uleb128 0xc
 475 020e 3A000000 		.4byte	.LVL6
 476 0212 77020000 		.4byte	0x277
 477 0216 0F       		.uleb128 0xf
 478 0217 42000000 		.4byte	.LVL7
 479 021b 7F020000 		.4byte	0x27f
 480 021f 10       		.uleb128 0x10
 481 0220 01       		.uleb128 0x1
 482 0221 50       		.byte	0x50
 483 0222 02       		.uleb128 0x2
 484 0223 74       		.byte	0x74
 485 0224 00       		.sleb128 0
 486 0225 00       		.byte	0
 487 0226 00       		.byte	0
 488 0227 0B       		.uleb128 0xb
 489 0228 3D020000 		.4byte	.LASF32
 490 022c 01       		.byte	0x1
 491 022d D501     		.2byte	0x1d5
 492 022f 00000000 		.4byte	.LFB3
 493 0233 34000000 		.4byte	.LFE3-.LFB3
 494 0237 01       		.uleb128 0x1
 495 0238 9C       		.byte	0x9c
 496 0239 59020000 		.4byte	0x259
 497 023d 0C       		.uleb128 0xc
 498 023e 10000000 		.4byte	.LVL13
 499 0242 93010000 		.4byte	0x193
 500 0246 0C       		.uleb128 0xc
 501 0247 1E000000 		.4byte	.LVL14
 502 024b BC010000 		.4byte	0x1bc
 503 024f 0C       		.uleb128 0xc
 504 0250 2C000000 		.4byte	.LVL15
 505 0254 CE010000 		.4byte	0x1ce
ARM GAS  C:\Users\HENRYA~1\AppData\Local\Temp\ccawlI5Y.s 			page 20


 506 0258 00       		.byte	0
 507 0259 11       		.uleb128 0x11
 508 025a 6D020000 		.4byte	.LASF33
 509 025e 03       		.byte	0x3
 510 025f C9       		.byte	0xc9
 511 0260 6B000000 		.4byte	0x6b
 512 0264 11       		.uleb128 0x11
 513 0265 85020000 		.4byte	.LASF34
 514 0269 03       		.byte	0x3
 515 026a C6       		.byte	0xc6
 516 026b 6B000000 		.4byte	0x6b
 517 026f 12       		.uleb128 0x12
 518 0270 E2010000 		.4byte	.LASF35
 519 0274 03       		.byte	0x3
 520 0275 3501     		.2byte	0x135
 521 0277 12       		.uleb128 0x12
 522 0278 FB010000 		.4byte	.LASF36
 523 027c 03       		.byte	0x3
 524 027d 3E01     		.2byte	0x13e
 525 027f 13       		.uleb128 0x13
 526 0280 4D000000 		.4byte	.LASF41
 527 0284 03       		.byte	0x3
 528 0285 1A01     		.2byte	0x11a
 529 0287 14       		.uleb128 0x14
 530 0288 6B000000 		.4byte	0x6b
 531 028c 00       		.byte	0
 532 028d 00       		.byte	0
 533              		.section	.debug_abbrev,"",%progbits
 534              	.Ldebug_abbrev0:
 535 0000 01       		.uleb128 0x1
 536 0001 11       		.uleb128 0x11
 537 0002 01       		.byte	0x1
 538 0003 25       		.uleb128 0x25
 539 0004 0E       		.uleb128 0xe
 540 0005 13       		.uleb128 0x13
 541 0006 0B       		.uleb128 0xb
 542 0007 03       		.uleb128 0x3
 543 0008 0E       		.uleb128 0xe
 544 0009 1B       		.uleb128 0x1b
 545 000a 0E       		.uleb128 0xe
 546 000b 55       		.uleb128 0x55
 547 000c 17       		.uleb128 0x17
 548 000d 11       		.uleb128 0x11
 549 000e 01       		.uleb128 0x1
 550 000f 10       		.uleb128 0x10
 551 0010 17       		.uleb128 0x17
 552 0011 00       		.byte	0
 553 0012 00       		.byte	0
 554 0013 02       		.uleb128 0x2
 555 0014 24       		.uleb128 0x24
 556 0015 00       		.byte	0
 557 0016 0B       		.uleb128 0xb
 558 0017 0B       		.uleb128 0xb
 559 0018 3E       		.uleb128 0x3e
 560 0019 0B       		.uleb128 0xb
 561 001a 03       		.uleb128 0x3
 562 001b 0E       		.uleb128 0xe
ARM GAS  C:\Users\HENRYA~1\AppData\Local\Temp\ccawlI5Y.s 			page 21


 563 001c 00       		.byte	0
 564 001d 00       		.byte	0
 565 001e 03       		.uleb128 0x3
 566 001f 24       		.uleb128 0x24
 567 0020 00       		.byte	0
 568 0021 0B       		.uleb128 0xb
 569 0022 0B       		.uleb128 0xb
 570 0023 3E       		.uleb128 0x3e
 571 0024 0B       		.uleb128 0xb
 572 0025 03       		.uleb128 0x3
 573 0026 08       		.uleb128 0x8
 574 0027 00       		.byte	0
 575 0028 00       		.byte	0
 576 0029 04       		.uleb128 0x4
 577 002a 16       		.uleb128 0x16
 578 002b 00       		.byte	0
 579 002c 03       		.uleb128 0x3
 580 002d 0E       		.uleb128 0xe
 581 002e 3A       		.uleb128 0x3a
 582 002f 0B       		.uleb128 0xb
 583 0030 3B       		.uleb128 0x3b
 584 0031 05       		.uleb128 0x5
 585 0032 49       		.uleb128 0x49
 586 0033 13       		.uleb128 0x13
 587 0034 00       		.byte	0
 588 0035 00       		.byte	0
 589 0036 05       		.uleb128 0x5
 590 0037 35       		.uleb128 0x35
 591 0038 00       		.byte	0
 592 0039 49       		.uleb128 0x49
 593 003a 13       		.uleb128 0x13
 594 003b 00       		.byte	0
 595 003c 00       		.byte	0
 596 003d 06       		.uleb128 0x6
 597 003e 13       		.uleb128 0x13
 598 003f 01       		.byte	0x1
 599 0040 0B       		.uleb128 0xb
 600 0041 0B       		.uleb128 0xb
 601 0042 3A       		.uleb128 0x3a
 602 0043 0B       		.uleb128 0xb
 603 0044 3B       		.uleb128 0x3b
 604 0045 0B       		.uleb128 0xb
 605 0046 01       		.uleb128 0x1
 606 0047 13       		.uleb128 0x13
 607 0048 00       		.byte	0
 608 0049 00       		.byte	0
 609 004a 07       		.uleb128 0x7
 610 004b 0D       		.uleb128 0xd
 611 004c 00       		.byte	0
 612 004d 03       		.uleb128 0x3
 613 004e 0E       		.uleb128 0xe
 614 004f 3A       		.uleb128 0x3a
 615 0050 0B       		.uleb128 0xb
 616 0051 3B       		.uleb128 0x3b
 617 0052 0B       		.uleb128 0xb
 618 0053 49       		.uleb128 0x49
 619 0054 13       		.uleb128 0x13
ARM GAS  C:\Users\HENRYA~1\AppData\Local\Temp\ccawlI5Y.s 			page 22


 620 0055 38       		.uleb128 0x38
 621 0056 0B       		.uleb128 0xb
 622 0057 00       		.byte	0
 623 0058 00       		.byte	0
 624 0059 08       		.uleb128 0x8
 625 005a 01       		.uleb128 0x1
 626 005b 01       		.byte	0x1
 627 005c 49       		.uleb128 0x49
 628 005d 13       		.uleb128 0x13
 629 005e 01       		.uleb128 0x1
 630 005f 13       		.uleb128 0x13
 631 0060 00       		.byte	0
 632 0061 00       		.byte	0
 633 0062 09       		.uleb128 0x9
 634 0063 21       		.uleb128 0x21
 635 0064 00       		.byte	0
 636 0065 49       		.uleb128 0x49
 637 0066 13       		.uleb128 0x13
 638 0067 2F       		.uleb128 0x2f
 639 0068 0B       		.uleb128 0xb
 640 0069 00       		.byte	0
 641 006a 00       		.byte	0
 642 006b 0A       		.uleb128 0xa
 643 006c 16       		.uleb128 0x16
 644 006d 00       		.byte	0
 645 006e 03       		.uleb128 0x3
 646 006f 0E       		.uleb128 0xe
 647 0070 3A       		.uleb128 0x3a
 648 0071 0B       		.uleb128 0xb
 649 0072 3B       		.uleb128 0x3b
 650 0073 0B       		.uleb128 0xb
 651 0074 49       		.uleb128 0x49
 652 0075 13       		.uleb128 0x13
 653 0076 00       		.byte	0
 654 0077 00       		.byte	0
 655 0078 0B       		.uleb128 0xb
 656 0079 2E       		.uleb128 0x2e
 657 007a 01       		.byte	0x1
 658 007b 3F       		.uleb128 0x3f
 659 007c 19       		.uleb128 0x19
 660 007d 03       		.uleb128 0x3
 661 007e 0E       		.uleb128 0xe
 662 007f 3A       		.uleb128 0x3a
 663 0080 0B       		.uleb128 0xb
 664 0081 3B       		.uleb128 0x3b
 665 0082 05       		.uleb128 0x5
 666 0083 27       		.uleb128 0x27
 667 0084 19       		.uleb128 0x19
 668 0085 11       		.uleb128 0x11
 669 0086 01       		.uleb128 0x1
 670 0087 12       		.uleb128 0x12
 671 0088 06       		.uleb128 0x6
 672 0089 40       		.uleb128 0x40
 673 008a 18       		.uleb128 0x18
 674 008b 9742     		.uleb128 0x2117
 675 008d 19       		.uleb128 0x19
 676 008e 01       		.uleb128 0x1
ARM GAS  C:\Users\HENRYA~1\AppData\Local\Temp\ccawlI5Y.s 			page 23


 677 008f 13       		.uleb128 0x13
 678 0090 00       		.byte	0
 679 0091 00       		.byte	0
 680 0092 0C       		.uleb128 0xc
 681 0093 898201   		.uleb128 0x4109
 682 0096 00       		.byte	0
 683 0097 11       		.uleb128 0x11
 684 0098 01       		.uleb128 0x1
 685 0099 31       		.uleb128 0x31
 686 009a 13       		.uleb128 0x13
 687 009b 00       		.byte	0
 688 009c 00       		.byte	0
 689 009d 0D       		.uleb128 0xd
 690 009e 2E       		.uleb128 0x2e
 691 009f 00       		.byte	0
 692 00a0 3F       		.uleb128 0x3f
 693 00a1 19       		.uleb128 0x19
 694 00a2 03       		.uleb128 0x3
 695 00a3 0E       		.uleb128 0xe
 696 00a4 3A       		.uleb128 0x3a
 697 00a5 0B       		.uleb128 0xb
 698 00a6 3B       		.uleb128 0x3b
 699 00a7 05       		.uleb128 0x5
 700 00a8 27       		.uleb128 0x27
 701 00a9 19       		.uleb128 0x19
 702 00aa 11       		.uleb128 0x11
 703 00ab 01       		.uleb128 0x1
 704 00ac 12       		.uleb128 0x12
 705 00ad 06       		.uleb128 0x6
 706 00ae 40       		.uleb128 0x40
 707 00af 18       		.uleb128 0x18
 708 00b0 9742     		.uleb128 0x2117
 709 00b2 19       		.uleb128 0x19
 710 00b3 00       		.byte	0
 711 00b4 00       		.byte	0
 712 00b5 0E       		.uleb128 0xe
 713 00b6 34       		.uleb128 0x34
 714 00b7 00       		.byte	0
 715 00b8 03       		.uleb128 0x3
 716 00b9 0E       		.uleb128 0xe
 717 00ba 3A       		.uleb128 0x3a
 718 00bb 0B       		.uleb128 0xb
 719 00bc 3B       		.uleb128 0x3b
 720 00bd 05       		.uleb128 0x5
 721 00be 49       		.uleb128 0x49
 722 00bf 13       		.uleb128 0x13
 723 00c0 02       		.uleb128 0x2
 724 00c1 17       		.uleb128 0x17
 725 00c2 00       		.byte	0
 726 00c3 00       		.byte	0
 727 00c4 0F       		.uleb128 0xf
 728 00c5 898201   		.uleb128 0x4109
 729 00c8 01       		.byte	0x1
 730 00c9 11       		.uleb128 0x11
 731 00ca 01       		.uleb128 0x1
 732 00cb 31       		.uleb128 0x31
 733 00cc 13       		.uleb128 0x13
ARM GAS  C:\Users\HENRYA~1\AppData\Local\Temp\ccawlI5Y.s 			page 24


 734 00cd 00       		.byte	0
 735 00ce 00       		.byte	0
 736 00cf 10       		.uleb128 0x10
 737 00d0 8A8201   		.uleb128 0x410a
 738 00d3 00       		.byte	0
 739 00d4 02       		.uleb128 0x2
 740 00d5 18       		.uleb128 0x18
 741 00d6 9142     		.uleb128 0x2111
 742 00d8 18       		.uleb128 0x18
 743 00d9 00       		.byte	0
 744 00da 00       		.byte	0
 745 00db 11       		.uleb128 0x11
 746 00dc 2E       		.uleb128 0x2e
 747 00dd 00       		.byte	0
 748 00de 3F       		.uleb128 0x3f
 749 00df 19       		.uleb128 0x19
 750 00e0 03       		.uleb128 0x3
 751 00e1 0E       		.uleb128 0xe
 752 00e2 3A       		.uleb128 0x3a
 753 00e3 0B       		.uleb128 0xb
 754 00e4 3B       		.uleb128 0x3b
 755 00e5 0B       		.uleb128 0xb
 756 00e6 27       		.uleb128 0x27
 757 00e7 19       		.uleb128 0x19
 758 00e8 49       		.uleb128 0x49
 759 00e9 13       		.uleb128 0x13
 760 00ea 3C       		.uleb128 0x3c
 761 00eb 19       		.uleb128 0x19
 762 00ec 00       		.byte	0
 763 00ed 00       		.byte	0
 764 00ee 12       		.uleb128 0x12
 765 00ef 2E       		.uleb128 0x2e
 766 00f0 00       		.byte	0
 767 00f1 3F       		.uleb128 0x3f
 768 00f2 19       		.uleb128 0x19
 769 00f3 03       		.uleb128 0x3
 770 00f4 0E       		.uleb128 0xe
 771 00f5 3A       		.uleb128 0x3a
 772 00f6 0B       		.uleb128 0xb
 773 00f7 3B       		.uleb128 0x3b
 774 00f8 05       		.uleb128 0x5
 775 00f9 27       		.uleb128 0x27
 776 00fa 19       		.uleb128 0x19
 777 00fb 3C       		.uleb128 0x3c
 778 00fc 19       		.uleb128 0x19
 779 00fd 00       		.byte	0
 780 00fe 00       		.byte	0
 781 00ff 13       		.uleb128 0x13
 782 0100 2E       		.uleb128 0x2e
 783 0101 01       		.byte	0x1
 784 0102 3F       		.uleb128 0x3f
 785 0103 19       		.uleb128 0x19
 786 0104 03       		.uleb128 0x3
 787 0105 0E       		.uleb128 0xe
 788 0106 3A       		.uleb128 0x3a
 789 0107 0B       		.uleb128 0xb
 790 0108 3B       		.uleb128 0x3b
ARM GAS  C:\Users\HENRYA~1\AppData\Local\Temp\ccawlI5Y.s 			page 25


 791 0109 05       		.uleb128 0x5
 792 010a 27       		.uleb128 0x27
 793 010b 19       		.uleb128 0x19
 794 010c 3C       		.uleb128 0x3c
 795 010d 19       		.uleb128 0x19
 796 010e 00       		.byte	0
 797 010f 00       		.byte	0
 798 0110 14       		.uleb128 0x14
 799 0111 05       		.uleb128 0x5
 800 0112 00       		.byte	0
 801 0113 49       		.uleb128 0x49
 802 0114 13       		.uleb128 0x13
 803 0115 00       		.byte	0
 804 0116 00       		.byte	0
 805 0117 00       		.byte	0
 806              		.section	.debug_loc,"",%progbits
 807              	.Ldebug_loc0:
 808              	.LLST0:
 809 0000 08000000 		.4byte	.LVL3
 810 0004 0E000000 		.4byte	.LVL4
 811 0008 0200     		.2byte	0x2
 812 000a 30       		.byte	0x30
 813 000b 9F       		.byte	0x9f
 814 000c 0E000000 		.4byte	.LVL4
 815 0010 48000000 		.4byte	.LVL10
 816 0014 0100     		.2byte	0x1
 817 0016 54       		.byte	0x54
 818 0017 4A000000 		.4byte	.LVL11
 819 001b 50000000 		.4byte	.LVL12
 820 001f 0100     		.2byte	0x1
 821 0021 54       		.byte	0x54
 822 0022 00000000 		.4byte	0
 823 0026 00000000 		.4byte	0
 824              	.LLST1:
 825 002a 02000000 		.4byte	.LVL2
 826 002e 0E000000 		.4byte	.LVL4
 827 0032 0200     		.2byte	0x2
 828 0034 31       		.byte	0x31
 829 0035 9F       		.byte	0x9f
 830 0036 0E000000 		.4byte	.LVL4
 831 003a 44000000 		.4byte	.LVL8
 832 003e 0100     		.2byte	0x1
 833 0040 55       		.byte	0x55
 834 0041 46000000 		.4byte	.LVL9
 835 0045 50000000 		.4byte	.LVL12
 836 0049 0100     		.2byte	0x1
 837 004b 55       		.byte	0x55
 838 004c 00000000 		.4byte	0
 839 0050 00000000 		.4byte	0
 840              		.section	.debug_aranges,"",%progbits
 841 0000 34000000 		.4byte	0x34
 842 0004 0200     		.2byte	0x2
 843 0006 00000000 		.4byte	.Ldebug_info0
 844 000a 04       		.byte	0x4
 845 000b 00       		.byte	0
 846 000c 0000     		.2byte	0
 847 000e 0000     		.2byte	0
ARM GAS  C:\Users\HENRYA~1\AppData\Local\Temp\ccawlI5Y.s 			page 26


 848 0010 00000000 		.4byte	.LFB0
 849 0014 18000000 		.4byte	.LFE0-.LFB0
 850 0018 00000000 		.4byte	.LFB1
 851 001c 0C000000 		.4byte	.LFE1-.LFB1
 852 0020 00000000 		.4byte	.LFB2
 853 0024 5C000000 		.4byte	.LFE2-.LFB2
 854 0028 00000000 		.4byte	.LFB3
 855 002c 34000000 		.4byte	.LFE3-.LFB3
 856 0030 00000000 		.4byte	0
 857 0034 00000000 		.4byte	0
 858              		.section	.debug_ranges,"",%progbits
 859              	.Ldebug_ranges0:
 860 0000 00000000 		.4byte	.LFB0
 861 0004 18000000 		.4byte	.LFE0
 862 0008 00000000 		.4byte	.LFB1
 863 000c 0C000000 		.4byte	.LFE1
 864 0010 00000000 		.4byte	.LFB2
 865 0014 5C000000 		.4byte	.LFE2
 866 0018 00000000 		.4byte	.LFB3
 867 001c 34000000 		.4byte	.LFE3
 868 0020 00000000 		.4byte	0
 869 0024 00000000 		.4byte	0
 870              		.section	.debug_line,"",%progbits
 871              	.Ldebug_line0:
 872 0000 D0000000 		.section	.debug_str,"MS",%progbits,1
 872      02005500 
 872      00000201 
 872      FB0E0D00 
 872      01010101 
 873              	.LASF15:
 874 0000 72656731 		.ascii	"reg16\000"
 874      3600
 875              	.LASF31:
 876 0006 73686966 		.ascii	"shift\000"
 876      7400
 877              	.LASF19:
 878 000c 52585F43 		.ascii	"RX_CAN_REG_32\000"
 878      414E5F52 
 878      45475F33 
 878      3200
 879              	.LASF23:
 880 001a 7278616D 		.ascii	"rxamr\000"
 880      7200
 881              	.LASF30:
 882 0020 6D61696C 		.ascii	"mailboxNumber\000"
 882      626F784E 
 882      756D6265 
 882      7200
 883              	.LASF3:
 884 002e 73686F72 		.ascii	"short unsigned int\000"
 884      7420756E 
 884      7369676E 
 884      65642069 
 884      6E7400
 885              	.LASF18:
 886 0041 62797465 		.ascii	"byte\000"
 886      00
ARM GAS  C:\Users\HENRYA~1\AppData\Local\Temp\ccawlI5Y.s 			page 27


 887              	.LASF22:
 888 0046 72786461 		.ascii	"rxdata\000"
 888      746100
 889              	.LASF41:
 890 004d 52585F43 		.ascii	"RX_CAN_ReceiveMsg\000"
 890      414E5F52 
 890      65636569 
 890      76654D73 
 890      6700
 891              	.LASF40:
 892 005f 52585F43 		.ascii	"RX_CAN_MsgTXIsr\000"
 892      414E5F4D 
 892      73675458 
 892      49737200 
 893              	.LASF11:
 894 006f 666C6F61 		.ascii	"float\000"
 894      7400
 895              	.LASF1:
 896 0075 756E7369 		.ascii	"unsigned char\000"
 896      676E6564 
 896      20636861 
 896      7200
 897              	.LASF21:
 898 0083 72786964 		.ascii	"rxid\000"
 898      00
 899              	.LASF14:
 900 0088 72656738 		.ascii	"reg8\000"
 900      00
 901              	.LASF5:
 902 008d 6C6F6E67 		.ascii	"long unsigned int\000"
 902      20756E73 
 902      69676E65 
 902      6420696E 
 902      7400
 903              	.LASF9:
 904 009f 75696E74 		.ascii	"uint8\000"
 904      3800
 905              	.LASF12:
 906 00a5 646F7562 		.ascii	"double\000"
 906      6C6500
 907              	.LASF38:
 908 00ac 2E5C4765 		.ascii	".\\Generated_Source\\PSoC5\\RX_CAN_INT.c\000"
 908      6E657261 
 908      7465645F 
 908      536F7572 
 908      63655C50 
 909              	.LASF39:
 910 00d2 433A5C55 		.ascii	"C:\\Users\\Henry Alberto\\Desktop\\SPI\\CAN_NODO_2."
 910      73657273 
 910      5C48656E 
 910      72792041 
 910      6C626572 
 911 0100 63796473 		.ascii	"cydsn\000"
 911      6E00
 912              	.LASF28:
 913 0106 52585F43 		.ascii	"RX_CAN_BusOffIsr\000"
 913      414E5F42 
ARM GAS  C:\Users\HENRYA~1\AppData\Local\Temp\ccawlI5Y.s 			page 28


 913      75734F66 
 913      66497372 
 913      00
 914              	.LASF10:
 915 0117 75696E74 		.ascii	"uint16\000"
 915      313600
 916              	.LASF37:
 917 011e 474E5520 		.ascii	"GNU C 4.9.3 20150303 (release) [ARM/embedded-4_9-br"
 917      4320342E 
 917      392E3320 
 917      32303135 
 917      30333033 
 918 0151 616E6368 		.ascii	"anch revision 221220] -mcpu=cortex-m3 -mthumb -g -O"
 918      20726576 
 918      6973696F 
 918      6E203232 
 918      31323230 
 919 0184 67202D66 		.ascii	"g -ffunction-sections -ffat-lto-objects\000"
 919      66756E63 
 919      74696F6E 
 919      2D736563 
 919      74696F6E 
 920              	.LASF8:
 921 01ac 756E7369 		.ascii	"unsigned int\000"
 921      676E6564 
 921      20696E74 
 921      00
 922              	.LASF7:
 923 01b9 6C6F6E67 		.ascii	"long long unsigned int\000"
 923      206C6F6E 
 923      6720756E 
 923      7369676E 
 923      65642069 
 924              	.LASF17:
 925 01d0 52585F43 		.ascii	"RX_CAN_DATA_BYTES\000"
 925      414E5F44 
 925      4154415F 
 925      42595445 
 925      5300
 926              	.LASF35:
 927 01e2 52585F43 		.ascii	"RX_CAN_ReceiveMsg0\000"
 927      414E5F52 
 927      65636569 
 927      76654D73 
 927      673000
 928              	.LASF20:
 929 01f5 7278636D 		.ascii	"rxcmd\000"
 929      6400
 930              	.LASF36:
 931 01fb 52585F43 		.ascii	"RX_CAN_ReceiveMsg3\000"
 931      414E5F52 
 931      65636569 
 931      76654D73 
 931      673300
 932              	.LASF27:
 933 020e 52585F43 		.ascii	"RX_CAN_RX_STRUCT\000"
 933      414E5F52 
ARM GAS  C:\Users\HENRYA~1\AppData\Local\Temp\ccawlI5Y.s 			page 29


 933      585F5354 
 933      52554354 
 933      00
 934              	.LASF16:
 935 021f 73697A65 		.ascii	"sizetype\000"
 935      74797065 
 935      00
 936              	.LASF25:
 937 0228 7278616D 		.ascii	"rxamrd\000"
 937      726400
 938              	.LASF6:
 939 022f 6C6F6E67 		.ascii	"long long int\000"
 939      206C6F6E 
 939      6720696E 
 939      7400
 940              	.LASF32:
 941 023d 52585F43 		.ascii	"RX_CAN_ISR\000"
 941      414E5F49 
 941      535200
 942              	.LASF13:
 943 0248 63686172 		.ascii	"char\000"
 943      00
 944              	.LASF29:
 945 024d 52585F43 		.ascii	"RX_CAN_MsgRXIsr\000"
 945      414E5F4D 
 945      73675258 
 945      49737200 
 946              	.LASF2:
 947 025d 73686F72 		.ascii	"short int\000"
 947      7420696E 
 947      7400
 948              	.LASF24:
 949 0267 72786163 		.ascii	"rxacr\000"
 949      7200
 950              	.LASF33:
 951 026d 52585F43 		.ascii	"RX_CAN_GlobalIntDisable\000"
 951      414E5F47 
 951      6C6F6261 
 951      6C496E74 
 951      44697361 
 952              	.LASF34:
 953 0285 52585F43 		.ascii	"RX_CAN_Stop\000"
 953      414E5F53 
 953      746F7000 
 954              	.LASF26:
 955 0291 72786163 		.ascii	"rxacrd\000"
 955      726400
 956              	.LASF4:
 957 0298 6C6F6E67 		.ascii	"long int\000"
 957      20696E74 
 957      00
 958              	.LASF0:
 959 02a1 7369676E 		.ascii	"signed char\000"
 959      65642063 
 959      68617200 
 960              		.ident	"GCC: (GNU Tools for ARM Embedded Processors) 4.9.3 20150303 (release) [ARM/embedded-4_9-br
