ARM GAS  C:\Users\HENRYA~1\AppData\Local\Temp\cc6qBxBV.s 			page 1


   1              		.syntax unified
   2              		.cpu cortex-m3
   3              		.fpu softvfp
   4              		.eabi_attribute 20, 1
   5              		.eabi_attribute 21, 1
   6              		.eabi_attribute 23, 3
   7              		.eabi_attribute 24, 1
   8              		.eabi_attribute 25, 1
   9              		.eabi_attribute 26, 1
  10              		.eabi_attribute 30, 1
  11              		.eabi_attribute 34, 1
  12              		.eabi_attribute 18, 4
  13              		.thumb
  14              		.file	"cymetadata.c"
  15              		.text
  16              	.Ltext0:
  17              		.cfi_sections	.debug_frame
  18              		.global	cy_metadata
  19              		.global	cy_meta_flashprotect
  20              		.global	cy_meta_wonvl
  21              		.global	cy_meta_custnvl
  22              		.global	cy_meta_configecc
  23              		.section	.cyconfigecc,"a",%progbits
  24              		.align	2
  25              		.type	cy_meta_configecc, %object
  26              		.size	cy_meta_configecc, 940
  27              	cy_meta_configecc:
  28 0000 02       		.byte	2
  29 0001 52       		.byte	82
  30 0002 00       		.byte	0
  31 0003 40       		.byte	64
  32 0004 02       		.byte	2
  33 0005 65       		.byte	101
  34 0006 00       		.byte	0
  35 0007 40       		.byte	64
  36 0008 57       		.byte	87
  37 0009 06       		.byte	6
  38 000a 01       		.byte	1
  39 000b 40       		.byte	64
  40 000c 32       		.byte	50
  41 000d 07       		.byte	7
  42 000e 01       		.byte	1
  43 000f 40       		.byte	64
  44 0010 55       		.byte	85
  45 0011 14       		.byte	20
  46 0012 01       		.byte	1
  47 0013 40       		.byte	64
  48 0014 41       		.byte	65
  49 0015 15       		.byte	21
  50 0016 01       		.byte	1
  51 0017 40       		.byte	64
  52 0018 40       		.byte	64
  53 0019 16       		.byte	22
  54 001a 01       		.byte	1
  55 001b 40       		.byte	64
  56 001c 4A       		.byte	74
  57 001d 17       		.byte	23
ARM GAS  C:\Users\HENRYA~1\AppData\Local\Temp\cc6qBxBV.s 			page 2


  58 001e 01       		.byte	1
  59 001f 40       		.byte	64
  60 0020 07       		.byte	7
  61 0021 49       		.byte	73
  62 0022 01       		.byte	1
  63 0023 40       		.byte	64
  64 0024 04       		.byte	4
  65 0025 50       		.byte	80
  66 0026 01       		.byte	1
  67 0027 40       		.byte	64
  68 0028 19       		.byte	25
  69 0029 10       		.byte	16
  70 002a 1C       		.byte	28
  71 002b 40       		.byte	64
  72 002c 86       		.byte	-122
  73 002d 3B       		.byte	59
  74 002e 87       		.byte	-121
  75 002f 72       		.byte	114
  76 0030 02       		.byte	2
  77 0031 08       		.byte	8
  78 0032 03       		.byte	3
  79 0033 01       		.byte	1
  80 0034 0C       		.byte	12
  81 0035 09       		.byte	9
  82 0036 0E       		.byte	14
  83 0037 16       		.byte	22
  84 0038 10       		.byte	16
  85 0039 02       		.byte	2
  86 003a 12       		.byte	18
  87 003b 01       		.byte	1
  88 003c 22       		.byte	34
  89 003d 08       		.byte	8
  90 003e 28       		.byte	40
  91 003f 10       		.byte	16
  92 0040 2F       		.byte	47
  93 0041 01       		.byte	1
  94 0042 30       		.byte	48
  95 0043 04       		.byte	4
  96 0044 31       		.byte	49
  97 0045 01       		.byte	1
  98 0046 32       		.byte	50
  99 0047 18       		.byte	24
 100 0048 34       		.byte	52
 101 0049 03       		.byte	3
 102 004a 3E       		.byte	62
 103 004b 14       		.byte	20
 104 004c 3F       		.byte	63
 105 004d 01       		.byte	1
 106 004e 40       		.byte	64
 107 004f 14       		.byte	20
 108 0050 41       		.byte	65
 109 0051 03       		.byte	3
 110 0052 42       		.byte	66
 111 0053 06       		.byte	6
 112 0054 44       		.byte	68
 113 0055 02       		.byte	2
 114 0056 45       		.byte	69
ARM GAS  C:\Users\HENRYA~1\AppData\Local\Temp\cc6qBxBV.s 			page 3


 115 0057 C0       		.byte	-64
 116 0058 46       		.byte	70
 117 0059 DE       		.byte	-34
 118 005a 47       		.byte	71
 119 005b BF       		.byte	-65
 120 005c 48       		.byte	72
 121 005d 3E       		.byte	62
 122 005e 49       		.byte	73
 123 005f FF       		.byte	-1
 124 0060 4A       		.byte	74
 125 0061 FF       		.byte	-1
 126 0062 4B       		.byte	75
 127 0063 FF       		.byte	-1
 128 0064 4C       		.byte	76
 129 0065 62       		.byte	98
 130 0066 4D       		.byte	77
 131 0067 A0       		.byte	-96
 132 0068 4E       		.byte	78
 133 0069 F0       		.byte	-16
 134 006a 4F       		.byte	79
 135 006b 41       		.byte	65
 136 006c 50       		.byte	80
 137 006d 0C       		.byte	12
 138 006e 58       		.byte	88
 139 006f 04       		.byte	4
 140 0070 59       		.byte	89
 141 0071 04       		.byte	4
 142 0072 5A       		.byte	90
 143 0073 04       		.byte	4
 144 0074 5F       		.byte	95
 145 0075 01       		.byte	1
 146 0076 66       		.byte	102
 147 0077 40       		.byte	64
 148 0078 67       		.byte	103
 149 0079 02       		.byte	2
 150 007a 69       		.byte	105
 151 007b 10       		.byte	16
 152 007c 6A       		.byte	106
 153 007d 30       		.byte	48
 154 007e 6B       		.byte	107
 155 007f 10       		.byte	16
 156 0080 6D       		.byte	109
 157 0081 10       		.byte	16
 158 0082 6E       		.byte	110
 159 0083 10       		.byte	16
 160 0084 6F       		.byte	111
 161 0085 12       		.byte	18
 162 0086 80       		.byte	-128
 163 0087 04       		.byte	4
 164 0088 81       		.byte	-127
 165 0089 18       		.byte	24
 166 008a 83       		.byte	-125
 167 008b 63       		.byte	99
 168 008c 84       		.byte	-124
 169 008d 01       		.byte	1
 170 008e 87       		.byte	-121
 171 008f 1B       		.byte	27
ARM GAS  C:\Users\HENRYA~1\AppData\Local\Temp\cc6qBxBV.s 			page 4


 172 0090 88       		.byte	-120
 173 0091 F9       		.byte	-7
 174 0092 89       		.byte	-119
 175 0093 03       		.byte	3
 176 0094 8A       		.byte	-118
 177 0095 02       		.byte	2
 178 0096 8D       		.byte	-115
 179 0097 63       		.byte	99
 180 0098 8E       		.byte	-114
 181 0099 01       		.byte	1
 182 009a 8F       		.byte	-113
 183 009b 10       		.byte	16
 184 009c 90       		.byte	-112
 185 009d 81       		.byte	-127
 186 009e 91       		.byte	-111
 187 009f 42       		.byte	66
 188 00a0 92       		.byte	-110
 189 00a1 06       		.byte	6
 190 00a2 94       		.byte	-108
 191 00a3 64       		.byte	100
 192 00a4 95       		.byte	-107
 193 00a5 63       		.byte	99
 194 00a6 98       		.byte	-104
 195 00a7 24       		.byte	36
 196 00a8 99       		.byte	-103
 197 00a9 21       		.byte	33
 198 00aa 9C       		.byte	-100
 199 00ab 44       		.byte	68
 200 00ac 9D       		.byte	-99
 201 00ad 02       		.byte	2
 202 00ae A0       		.byte	-96
 203 00af E5       		.byte	-27
 204 00b0 A2       		.byte	-94
 205 00b1 12       		.byte	18
 206 00b2 A3       		.byte	-93
 207 00b3 04       		.byte	4
 208 00b4 A5       		.byte	-91
 209 00b5 63       		.byte	99
 210 00b6 A6       		.byte	-90
 211 00b7 9E       		.byte	-98
 212 00b8 A7       		.byte	-89
 213 00b9 18       		.byte	24
 214 00ba A8       		.byte	-88
 215 00bb 67       		.byte	103
 216 00bc A9       		.byte	-87
 217 00bd 78       		.byte	120
 218 00be AA       		.byte	-86
 219 00bf 88       		.byte	-120
 220 00c0 AC       		.byte	-84
 221 00c1 99       		.byte	-103
 222 00c2 AE       		.byte	-82
 223 00c3 66       		.byte	102
 224 00c4 AF       		.byte	-81
 225 00c5 0B       		.byte	11
 226 00c6 B0       		.byte	-80
 227 00c7 7F       		.byte	127
 228 00c8 B4       		.byte	-76
ARM GAS  C:\Users\HENRYA~1\AppData\Local\Temp\cc6qBxBV.s 			page 5


 229 00c9 E0       		.byte	-32
 230 00ca B5       		.byte	-75
 231 00cb 78       		.byte	120
 232 00cc B6       		.byte	-74
 233 00cd E0       		.byte	-32
 234 00ce B7       		.byte	-73
 235 00cf 07       		.byte	7
 236 00d0 BB       		.byte	-69
 237 00d1 A0       		.byte	-96
 238 00d2 BE       		.byte	-66
 239 00d3 01       		.byte	1
 240 00d4 D2       		.byte	-46
 241 00d5 03       		.byte	3
 242 00d6 D8       		.byte	-40
 243 00d7 04       		.byte	4
 244 00d8 D9       		.byte	-39
 245 00d9 04       		.byte	4
 246 00da DB       		.byte	-37
 247 00db 04       		.byte	4
 248 00dc DF       		.byte	-33
 249 00dd 01       		.byte	1
 250 00de 00       		.byte	0
 251 00df 50       		.byte	80
 252 00e0 01       		.byte	1
 253 00e1 28       		.byte	40
 254 00e2 03       		.byte	3
 255 00e3 44       		.byte	68
 256 00e4 04       		.byte	4
 257 00e5 04       		.byte	4
 258 00e6 05       		.byte	5
 259 00e7 04       		.byte	4
 260 00e8 06       		.byte	6
 261 00e9 80       		.byte	-128
 262 00ea 07       		.byte	7
 263 00eb 21       		.byte	33
 264 00ec 08       		.byte	8
 265 00ed 15       		.byte	21
 266 00ee 0A       		.byte	10
 267 00ef 47       		.byte	71
 268 00f0 0B       		.byte	11
 269 00f1 10       		.byte	16
 270 00f2 0E       		.byte	14
 271 00f3 80       		.byte	-128
 272 00f4 12       		.byte	18
 273 00f5 10       		.byte	16
 274 00f6 13       		.byte	19
 275 00f7 A2       		.byte	-94
 276 00f8 15       		.byte	21
 277 00f9 02       		.byte	2
 278 00fa 16       		.byte	22
 279 00fb 08       		.byte	8
 280 00fc 19       		.byte	25
 281 00fd 81       		.byte	-127
 282 00fe 1B       		.byte	27
 283 00ff 10       		.byte	16
 284 0100 1E       		.byte	30
 285 0101 80       		.byte	-128
ARM GAS  C:\Users\HENRYA~1\AppData\Local\Temp\cc6qBxBV.s 			page 6


 286 0102 1F       		.byte	31
 287 0103 14       		.byte	20
 288 0104 20       		.byte	32
 289 0105 04       		.byte	4
 290 0106 21       		.byte	33
 291 0107 C0       		.byte	-64
 292 0108 23       		.byte	35
 293 0109 02       		.byte	2
 294 010a 26       		.byte	38
 295 010b 01       		.byte	1
 296 010c 28       		.byte	40
 297 010d 01       		.byte	1
 298 010e 29       		.byte	41
 299 010f 25       		.byte	37
 300 0110 2D       		.byte	45
 301 0111 80       		.byte	-128
 302 0112 30       		.byte	48
 303 0113 14       		.byte	20
 304 0114 32       		.byte	50
 305 0115 01       		.byte	1
 306 0116 33       		.byte	51
 307 0117 40       		.byte	64
 308 0118 34       		.byte	52
 309 0119 02       		.byte	2
 310 011a 36       		.byte	54
 311 011b 01       		.byte	1
 312 011c 38       		.byte	56
 313 011d 02       		.byte	2
 314 011e 39       		.byte	57
 315 011f 98       		.byte	-104
 316 0120 3F       		.byte	63
 317 0121 02       		.byte	2
 318 0122 46       		.byte	70
 319 0123 40       		.byte	64
 320 0124 47       		.byte	71
 321 0125 94       		.byte	-108
 322 0126 4F       		.byte	79
 323 0127 22       		.byte	34
 324 0128 54       		.byte	84
 325 0129 20       		.byte	32
 326 012a 56       		.byte	86
 327 012b 89       		.byte	-119
 328 012c 69       		.byte	105
 329 012d 10       		.byte	16
 330 012e 6A       		.byte	106
 331 012f 40       		.byte	64
 332 0130 6B       		.byte	107
 333 0131 01       		.byte	1
 334 0132 C0       		.byte	-64
 335 0133 9F       		.byte	-97
 336 0134 C2       		.byte	-62
 337 0135 1F       		.byte	31
 338 0136 C4       		.byte	-60
 339 0137 5F       		.byte	95
 340 0138 CA       		.byte	-54
 341 0139 1F       		.byte	31
 342 013a CC       		.byte	-52
ARM GAS  C:\Users\HENRYA~1\AppData\Local\Temp\cc6qBxBV.s 			page 7


 343 013b 0F       		.byte	15
 344 013c CE       		.byte	-50
 345 013d 8F       		.byte	-113
 346 013e D0       		.byte	-48
 347 013f F0       		.byte	-16
 348 0140 D2       		.byte	-46
 349 0141 20       		.byte	32
 350 0142 00       		.byte	0
 351 0143 01       		.byte	1
 352 0144 04       		.byte	4
 353 0145 FB       		.byte	-5
 354 0146 05       		.byte	5
 355 0147 3F       		.byte	63
 356 0148 06       		.byte	6
 357 0149 04       		.byte	4
 358 014a 09       		.byte	9
 359 014b 3F       		.byte	63
 360 014c 0A       		.byte	10
 361 014d 1F       		.byte	31
 362 014e 0C       		.byte	12
 363 014f 03       		.byte	3
 364 0150 0E       		.byte	14
 365 0151 1C       		.byte	28
 366 0152 10       		.byte	16
 367 0153 EC       		.byte	-20
 368 0154 11       		.byte	17
 369 0155 01       		.byte	1
 370 0156 12       		.byte	18
 371 0157 13       		.byte	19
 372 0158 13       		.byte	19
 373 0159 02       		.byte	2
 374 015a 14       		.byte	20
 375 015b E7       		.byte	-25
 376 015c 15       		.byte	21
 377 015d 44       		.byte	68
 378 015e 16       		.byte	22
 379 015f 18       		.byte	24
 380 0160 17       		.byte	23
 381 0161 02       		.byte	2
 382 0162 18       		.byte	24
 383 0163 20       		.byte	32
 384 0164 19       		.byte	25
 385 0165 02       		.byte	2
 386 0166 1B       		.byte	27
 387 0167 50       		.byte	80
 388 0168 1C       		.byte	28
 389 0169 8F       		.byte	-113
 390 016a 1D       		.byte	29
 391 016b 20       		.byte	32
 392 016c 1E       		.byte	30
 393 016d 70       		.byte	112
 394 016e 1F       		.byte	31
 395 016f 42       		.byte	66
 396 0170 20       		.byte	32
 397 0171 03       		.byte	3
 398 0172 21       		.byte	33
 399 0173 3D       		.byte	61
ARM GAS  C:\Users\HENRYA~1\AppData\Local\Temp\cc6qBxBV.s 			page 8


 400 0174 23       		.byte	35
 401 0175 02       		.byte	2
 402 0176 24       		.byte	36
 403 0177 02       		.byte	2
 404 0178 28       		.byte	40
 405 0179 60       		.byte	96
 406 017a 2C       		.byte	44
 407 017b 40       		.byte	64
 408 017c 2D       		.byte	45
 409 017d 48       		.byte	72
 410 017e 2F       		.byte	47
 411 017f 02       		.byte	2
 412 0180 31       		.byte	49
 413 0181 40       		.byte	64
 414 0182 33       		.byte	51
 415 0183 3F       		.byte	63
 416 0184 34       		.byte	52
 417 0185 90       		.byte	-112
 418 0186 36       		.byte	54
 419 0187 7F       		.byte	127
 420 0188 39       		.byte	57
 421 0189 02       		.byte	2
 422 018a 3A       		.byte	58
 423 018b 80       		.byte	-128
 424 018c 3E       		.byte	62
 425 018d 10       		.byte	16
 426 018e 58       		.byte	88
 427 018f 04       		.byte	4
 428 0190 59       		.byte	89
 429 0191 04       		.byte	4
 430 0192 5F       		.byte	95
 431 0193 01       		.byte	1
 432 0194 80       		.byte	-128
 433 0195 07       		.byte	7
 434 0196 83       		.byte	-125
 435 0197 60       		.byte	96
 436 0198 84       		.byte	-124
 437 0199 5B       		.byte	91
 438 019a 86       		.byte	-122
 439 019b 20       		.byte	32
 440 019c 87       		.byte	-121
 441 019d 02       		.byte	2
 442 019e 88       		.byte	-120
 443 019f 38       		.byte	56
 444 01a0 8A       		.byte	-118
 445 01a1 43       		.byte	67
 446 01a2 8B       		.byte	-117
 447 01a3 04       		.byte	4
 448 01a4 8C       		.byte	-116
 449 01a5 2B       		.byte	43
 450 01a6 8E       		.byte	-114
 451 01a7 40       		.byte	64
 452 01a8 8F       		.byte	-113
 453 01a9 61       		.byte	97
 454 01aa 90       		.byte	-112
 455 01ab 80       		.byte	-128
 456 01ac 92       		.byte	-110
ARM GAS  C:\Users\HENRYA~1\AppData\Local\Temp\cc6qBxBV.s 			page 9


 457 01ad 04       		.byte	4
 458 01ae 93       		.byte	-109
 459 01af 01       		.byte	1
 460 01b0 95       		.byte	-107
 461 01b1 48       		.byte	72
 462 01b2 96       		.byte	-106
 463 01b3 72       		.byte	114
 464 01b4 97       		.byte	-105
 465 01b5 10       		.byte	16
 466 01b6 98       		.byte	-104
 467 01b7 18       		.byte	24
 468 01b8 99       		.byte	-103
 469 01b9 01       		.byte	1
 470 01ba 9A       		.byte	-102
 471 01bb 40       		.byte	64
 472 01bc 9B       		.byte	-101
 473 01bd 60       		.byte	96
 474 01be 9C       		.byte	-100
 475 01bf 39       		.byte	57
 476 01c0 9D       		.byte	-99
 477 01c1 60       		.byte	96
 478 01c2 9E       		.byte	-98
 479 01c3 40       		.byte	64
 480 01c4 A1       		.byte	-95
 481 01c5 01       		.byte	1
 482 01c6 A2       		.byte	-94
 483 01c7 7B       		.byte	123
 484 01c8 A5       		.byte	-91
 485 01c9 28       		.byte	40
 486 01ca A7       		.byte	-89
 487 01cb 90       		.byte	-112
 488 01cc A9       		.byte	-87
 489 01cd 60       		.byte	96
 490 01ce AB       		.byte	-85
 491 01cf 01       		.byte	1
 492 01d0 AD       		.byte	-83
 493 01d1 60       		.byte	96
 494 01d2 AF       		.byte	-81
 495 01d3 01       		.byte	1
 496 01d4 B0       		.byte	-80
 497 01d5 07       		.byte	7
 498 01d6 B1       		.byte	-79
 499 01d7 80       		.byte	-128
 500 01d8 B2       		.byte	-78
 501 01d9 78       		.byte	120
 502 01da B3       		.byte	-77
 503 01db 1F       		.byte	31
 504 01dc B4       		.byte	-76
 505 01dd 80       		.byte	-128
 506 01de B7       		.byte	-73
 507 01df 60       		.byte	96
 508 01e0 B9       		.byte	-71
 509 01e1 08       		.byte	8
 510 01e2 BA       		.byte	-70
 511 01e3 08       		.byte	8
 512 01e4 BE       		.byte	-66
 513 01e5 10       		.byte	16
ARM GAS  C:\Users\HENRYA~1\AppData\Local\Temp\cc6qBxBV.s 			page 10


 514 01e6 D8       		.byte	-40
 515 01e7 04       		.byte	4
 516 01e8 D9       		.byte	-39
 517 01e9 04       		.byte	4
 518 01ea DF       		.byte	-33
 519 01eb 01       		.byte	1
 520 01ec 00       		.byte	0
 521 01ed 04       		.byte	4
 522 01ee 02       		.byte	2
 523 01ef 08       		.byte	8
 524 01f0 03       		.byte	3
 525 01f1 91       		.byte	-111
 526 01f2 04       		.byte	4
 527 01f3 14       		.byte	20
 528 01f4 05       		.byte	5
 529 01f5 41       		.byte	65
 530 01f6 09       		.byte	9
 531 01f7 88       		.byte	-120
 532 01f8 0A       		.byte	10
 533 01f9 C6       		.byte	-58
 534 01fa 0C       		.byte	12
 535 01fb 20       		.byte	32
 536 01fc 0D       		.byte	13
 537 01fd 86       		.byte	-122
 538 01fe 11       		.byte	17
 539 01ff 88       		.byte	-120
 540 0200 12       		.byte	18
 541 0201 80       		.byte	-128
 542 0202 13       		.byte	19
 543 0203 10       		.byte	16
 544 0204 17       		.byte	23
 545 0205 01       		.byte	1
 546 0206 18       		.byte	24
 547 0207 02       		.byte	2
 548 0208 19       		.byte	25
 549 0209 90       		.byte	-112
 550 020a 1A       		.byte	26
 551 020b 02       		.byte	2
 552 020c 1C       		.byte	28
 553 020d 10       		.byte	16
 554 020e 1D       		.byte	29
 555 020f 0A       		.byte	10
 556 0210 1F       		.byte	31
 557 0211 28       		.byte	40
 558 0212 21       		.byte	33
 559 0213 05       		.byte	5
 560 0214 22       		.byte	34
 561 0215 08       		.byte	8
 562 0216 24       		.byte	36
 563 0217 40       		.byte	64
 564 0218 25       		.byte	37
 565 0219 04       		.byte	4
 566 021a 26       		.byte	38
 567 021b 04       		.byte	4
 568 021c 27       		.byte	39
 569 021d 02       		.byte	2
 570 021e 28       		.byte	40
ARM GAS  C:\Users\HENRYA~1\AppData\Local\Temp\cc6qBxBV.s 			page 11


 571 021f 40       		.byte	64
 572 0220 29       		.byte	41
 573 0221 80       		.byte	-128
 574 0222 2C       		.byte	44
 575 0223 40       		.byte	64
 576 0224 2D       		.byte	45
 577 0225 88       		.byte	-120
 578 0226 2F       		.byte	47
 579 0227 08       		.byte	8
 580 0228 31       		.byte	49
 581 0229 48       		.byte	72
 582 022a 32       		.byte	50
 583 022b 40       		.byte	64
 584 022c 33       		.byte	51
 585 022d 11       		.byte	17
 586 022e 36       		.byte	54
 587 022f 84       		.byte	-124
 588 0230 37       		.byte	55
 589 0231 11       		.byte	17
 590 0232 39       		.byte	57
 591 0233 24       		.byte	36
 592 0234 3D       		.byte	61
 593 0235 05       		.byte	5
 594 0236 3E       		.byte	62
 595 0237 50       		.byte	80
 596 0238 81       		.byte	-127
 597 0239 08       		.byte	8
 598 023a 83       		.byte	-125
 599 023b 80       		.byte	-128
 600 023c 89       		.byte	-119
 601 023d 01       		.byte	1
 602 023e 8A       		.byte	-118
 603 023f 08       		.byte	8
 604 0240 8F       		.byte	-113
 605 0241 20       		.byte	32
 606 0242 90       		.byte	-112
 607 0243 04       		.byte	4
 608 0244 91       		.byte	-111
 609 0245 24       		.byte	36
 610 0246 92       		.byte	-110
 611 0247 94       		.byte	-108
 612 0248 93       		.byte	-109
 613 0249 10       		.byte	16
 614 024a 94       		.byte	-108
 615 024b 52       		.byte	82
 616 024c 95       		.byte	-107
 617 024d 0A       		.byte	10
 618 024e 98       		.byte	-104
 619 024f 40       		.byte	64
 620 0250 99       		.byte	-103
 621 0251 01       		.byte	1
 622 0252 9B       		.byte	-101
 623 0253 01       		.byte	1
 624 0254 9D       		.byte	-99
 625 0255 18       		.byte	24
 626 0256 9F       		.byte	-97
 627 0257 02       		.byte	2
ARM GAS  C:\Users\HENRYA~1\AppData\Local\Temp\cc6qBxBV.s 			page 12


 628 0258 A0       		.byte	-96
 629 0259 20       		.byte	32
 630 025a A1       		.byte	-95
 631 025b 40       		.byte	64
 632 025c A2       		.byte	-94
 633 025d 80       		.byte	-128
 634 025e A6       		.byte	-90
 635 025f 04       		.byte	4
 636 0260 C0       		.byte	-64
 637 0261 FF       		.byte	-1
 638 0262 C2       		.byte	-62
 639 0263 FF       		.byte	-1
 640 0264 C4       		.byte	-60
 641 0265 1F       		.byte	31
 642 0266 CA       		.byte	-54
 643 0267 F9       		.byte	-7
 644 0268 CC       		.byte	-52
 645 0269 FF       		.byte	-1
 646 026a CE       		.byte	-50
 647 026b F6       		.byte	-10
 648 026c E2       		.byte	-30
 649 026d 40       		.byte	64
 650 026e 00       		.byte	0
 651 026f 08       		.byte	8
 652 0270 02       		.byte	2
 653 0271 44       		.byte	68
 654 0272 03       		.byte	3
 655 0273 01       		.byte	1
 656 0274 04       		.byte	4
 657 0275 44       		.byte	68
 658 0276 06       		.byte	6
 659 0277 10       		.byte	16
 660 0278 07       		.byte	7
 661 0279 02       		.byte	2
 662 027a 08       		.byte	8
 663 027b 02       		.byte	2
 664 027c 0A       		.byte	10
 665 027d 44       		.byte	68
 666 027e 0B       		.byte	11
 667 027f 04       		.byte	4
 668 0280 0C       		.byte	12
 669 0281 01       		.byte	1
 670 0282 0E       		.byte	14
 671 0283 FE       		.byte	-2
 672 0284 10       		.byte	16
 673 0285 3A       		.byte	58
 674 0286 12       		.byte	18
 675 0287 04       		.byte	4
 676 0288 13       		.byte	19
 677 0289 01       		.byte	1
 678 028a 14       		.byte	20
 679 028b 3E       		.byte	62
 680 028c 15       		.byte	21
 681 028d 10       		.byte	16
 682 028e 17       		.byte	23
 683 028f A0       		.byte	-96
 684 0290 19       		.byte	25
ARM GAS  C:\Users\HENRYA~1\AppData\Local\Temp\cc6qBxBV.s 			page 13


 685 0291 01       		.byte	1
 686 0292 1A       		.byte	26
 687 0293 C0       		.byte	-64
 688 0294 1C       		.byte	28
 689 0295 20       		.byte	32
 690 0296 1D       		.byte	29
 691 0297 18       		.byte	24
 692 0298 1E       		.byte	30
 693 0299 44       		.byte	68
 694 029a 1F       		.byte	31
 695 029b 60       		.byte	96
 696 029c 21       		.byte	33
 697 029d 01       		.byte	1
 698 029e 25       		.byte	37
 699 029f 08       		.byte	8
 700 02a0 26       		.byte	38
 701 02a1 41       		.byte	65
 702 02a2 27       		.byte	39
 703 02a3 A0       		.byte	-96
 704 02a4 28       		.byte	40
 705 02a5 3E       		.byte	62
 706 02a6 2B       		.byte	43
 707 02a7 01       		.byte	1
 708 02a8 2F       		.byte	47
 709 02a9 01       		.byte	1
 710 02aa 30       		.byte	48
 711 02ab 40       		.byte	64
 712 02ac 32       		.byte	50
 713 02ad 80       		.byte	-128
 714 02ae 33       		.byte	51
 715 02af C0       		.byte	-64
 716 02b0 36       		.byte	54
 717 02b1 3F       		.byte	63
 718 02b2 37       		.byte	55
 719 02b3 3F       		.byte	63
 720 02b4 39       		.byte	57
 721 02b5 80       		.byte	-128
 722 02b6 3E       		.byte	62
 723 02b7 45       		.byte	69
 724 02b8 3F       		.byte	63
 725 02b9 04       		.byte	4
 726 02ba 54       		.byte	84
 727 02bb 1B       		.byte	27
 728 02bc 58       		.byte	88
 729 02bd 04       		.byte	4
 730 02be 59       		.byte	89
 731 02bf 04       		.byte	4
 732 02c0 5B       		.byte	91
 733 02c1 04       		.byte	4
 734 02c2 5F       		.byte	95
 735 02c3 05       		.byte	5
 736 02c4 80       		.byte	-128
 737 02c5 12       		.byte	18
 738 02c6 84       		.byte	-124
 739 02c7 77       		.byte	119
 740 02c8 88       		.byte	-120
 741 02c9 48       		.byte	72
ARM GAS  C:\Users\HENRYA~1\AppData\Local\Temp\cc6qBxBV.s 			page 14


 742 02ca 8A       		.byte	-118
 743 02cb 17       		.byte	23
 744 02cc 8E       		.byte	-114
 745 02cd 3F       		.byte	63
 746 02ce 90       		.byte	-112
 747 02cf 7F       		.byte	127
 748 02d0 94       		.byte	-108
 749 02d1 13       		.byte	19
 750 02d2 9A       		.byte	-102
 751 02d3 3F       		.byte	63
 752 02d4 9C       		.byte	-100
 753 02d5 12       		.byte	18
 754 02d6 A0       		.byte	-96
 755 02d7 68       		.byte	104
 756 02d8 A2       		.byte	-94
 757 02d9 13       		.byte	19
 758 02da A4       		.byte	-92
 759 02db 11       		.byte	17
 760 02dc A8       		.byte	-88
 761 02dd 07       		.byte	7
 762 02de AE       		.byte	-82
 763 02df 24       		.byte	36
 764 02e0 B0       		.byte	-80
 765 02e1 7F       		.byte	127
 766 02e2 BE       		.byte	-66
 767 02e3 01       		.byte	1
 768 02e4 D6       		.byte	-42
 769 02e5 02       		.byte	2
 770 02e6 D7       		.byte	-41
 771 02e7 11       		.byte	17
 772 02e8 D8       		.byte	-40
 773 02e9 04       		.byte	4
 774 02ea DB       		.byte	-37
 775 02eb 04       		.byte	4
 776 02ec DF       		.byte	-33
 777 02ed 01       		.byte	1
 778 02ee 00       		.byte	0
 779 02ef 14       		.byte	20
 780 02f0 02       		.byte	2
 781 02f1 20       		.byte	32
 782 02f2 03       		.byte	3
 783 02f3 49       		.byte	73
 784 02f4 04       		.byte	4
 785 02f5 16       		.byte	22
 786 02f6 07       		.byte	7
 787 02f7 81       		.byte	-127
 788 02f8 08       		.byte	8
 789 02f9 11       		.byte	17
 790 02fa 09       		.byte	9
 791 02fb 40       		.byte	64
 792 02fc 0A       		.byte	10
 793 02fd 81       		.byte	-127
 794 02fe 0B       		.byte	11
 795 02ff 10       		.byte	16
 796 0300 0C       		.byte	12
 797 0301 20       		.byte	32
 798 0302 0D       		.byte	13
ARM GAS  C:\Users\HENRYA~1\AppData\Local\Temp\cc6qBxBV.s 			page 15


 799 0303 80       		.byte	-128
 800 0304 0E       		.byte	14
 801 0305 50       		.byte	80
 802 0306 11       		.byte	17
 803 0307 11       		.byte	17
 804 0308 12       		.byte	18
 805 0309 01       		.byte	1
 806 030a 13       		.byte	19
 807 030b 04       		.byte	4
 808 030c 14       		.byte	20
 809 030d 10       		.byte	16
 810 030e 15       		.byte	21
 811 030f 08       		.byte	8
 812 0310 16       		.byte	22
 813 0311 10       		.byte	16
 814 0312 17       		.byte	23
 815 0313 20       		.byte	32
 816 0314 19       		.byte	25
 817 0315 01       		.byte	1
 818 0316 1E       		.byte	30
 819 0317 A0       		.byte	-96
 820 0318 1F       		.byte	31
 821 0319 40       		.byte	64
 822 031a 26       		.byte	38
 823 031b 80       		.byte	-128
 824 031c 27       		.byte	39
 825 031d 10       		.byte	16
 826 031e 2C       		.byte	44
 827 031f 41       		.byte	65
 828 0320 2D       		.byte	45
 829 0321 08       		.byte	8
 830 0322 2F       		.byte	47
 831 0323 08       		.byte	8
 832 0324 31       		.byte	49
 833 0325 80       		.byte	-128
 834 0326 32       		.byte	50
 835 0327 40       		.byte	64
 836 0328 36       		.byte	54
 837 0329 A4       		.byte	-92
 838 032a 37       		.byte	55
 839 032b 01       		.byte	1
 840 032c 38       		.byte	56
 841 032d 02       		.byte	2
 842 032e 39       		.byte	57
 843 032f 01       		.byte	1
 844 0330 3A       		.byte	58
 845 0331 40       		.byte	64
 846 0332 3B       		.byte	59
 847 0333 80       		.byte	-128
 848 0334 3D       		.byte	61
 849 0335 05       		.byte	5
 850 0336 3E       		.byte	62
 851 0337 10       		.byte	16
 852 0338 58       		.byte	88
 853 0339 40       		.byte	64
 854 033a 59       		.byte	89
 855 033b 10       		.byte	16
ARM GAS  C:\Users\HENRYA~1\AppData\Local\Temp\cc6qBxBV.s 			page 16


 856 033c 5A       		.byte	90
 857 033d 40       		.byte	64
 858 033e 5E       		.byte	94
 859 033f A0       		.byte	-96
 860 0340 5F       		.byte	95
 861 0341 02       		.byte	2
 862 0342 64       		.byte	100
 863 0343 02       		.byte	2
 864 0344 67       		.byte	103
 865 0345 08       		.byte	8
 866 0346 69       		.byte	105
 867 0347 24       		.byte	36
 868 0348 6A       		.byte	106
 869 0349 50       		.byte	80
 870 034a 6B       		.byte	107
 871 034b 60       		.byte	96
 872 034c 72       		.byte	114
 873 034d 05       		.byte	5
 874 034e 73       		.byte	115
 875 034f 14       		.byte	20
 876 0350 7F       		.byte	127
 877 0351 10       		.byte	16
 878 0352 90       		.byte	-112
 879 0353 04       		.byte	4
 880 0354 91       		.byte	-111
 881 0355 10       		.byte	16
 882 0356 93       		.byte	-109
 883 0357 28       		.byte	40
 884 0358 94       		.byte	-108
 885 0359 52       		.byte	82
 886 035a 95       		.byte	-107
 887 035b 0A       		.byte	10
 888 035c 96       		.byte	-106
 889 035d 05       		.byte	5
 890 035e 97       		.byte	-105
 891 035f 10       		.byte	16
 892 0360 98       		.byte	-104
 893 0361 02       		.byte	2
 894 0362 9A       		.byte	-102
 895 0363 01       		.byte	1
 896 0364 9B       		.byte	-101
 897 0365 01       		.byte	1
 898 0366 9D       		.byte	-99
 899 0367 08       		.byte	8
 900 0368 9E       		.byte	-98
 901 0369 50       		.byte	80
 902 036a 9F       		.byte	-97
 903 036b D0       		.byte	-48
 904 036c A0       		.byte	-96
 905 036d 20       		.byte	32
 906 036e A1       		.byte	-95
 907 036f 80       		.byte	-128
 908 0370 C0       		.byte	-64
 909 0371 FF       		.byte	-1
 910 0372 C2       		.byte	-62
 911 0373 FF       		.byte	-1
 912 0374 C4       		.byte	-60
ARM GAS  C:\Users\HENRYA~1\AppData\Local\Temp\cc6qBxBV.s 			page 17


 913 0375 6F       		.byte	111
 914 0376 CA       		.byte	-54
 915 0377 F0       		.byte	-16
 916 0378 CC       		.byte	-52
 917 0379 F0       		.byte	-16
 918 037a CE       		.byte	-50
 919 037b E0       		.byte	-32
 920 037c D6       		.byte	-42
 921 037d B4       		.byte	-76
 922 037e D8       		.byte	-40
 923 037f 30       		.byte	48
 924 0380 DE       		.byte	-34
 925 0381 40       		.byte	64
 926 0382 0B       		.byte	11
 927 0383 02       		.byte	2
 928 0384 63       		.byte	99
 929 0385 08       		.byte	8
 930 0386 83       		.byte	-125
 931 0387 01       		.byte	1
 932 0388 8F       		.byte	-113
 933 0389 04       		.byte	4
 934 038a C2       		.byte	-62
 935 038b 40       		.byte	64
 936 038c D8       		.byte	-40
 937 038d 40       		.byte	64
 938 038e E4       		.byte	-28
 939 038f 20       		.byte	32
 940 0390 00       		.byte	0
 941 0391 01       		.byte	1
 942 0392 0A       		.byte	10
 943 0393 01       		.byte	1
 944 0394 10       		.byte	16
 945 0395 01       		.byte	1
 946 0396 1A       		.byte	26
 947 0397 01       		.byte	1
 948 0398 00       		.byte	0
 949 0399 7F       		.byte	127
 950 039a 7F       		.byte	127
 951 039b 00       		.byte	0
 952 039c 00       		.byte	0
 953 039d 00       		.byte	0
 954 039e 00       		.byte	0
 955 039f 00       		.byte	0
 956 03a0 10       		.byte	16
 957 03a1 00       		.byte	0
 958 03a2 40       		.byte	64
 959 03a3 10       		.byte	16
 960 03a4 10       		.byte	16
 961 03a5 00       		.byte	0
 962 03a6 10       		.byte	16
 963 03a7 00       		.byte	0
 964 03a8 00       		.byte	0
 965 03a9 00       		.byte	0
 966 03aa 00       		.byte	0
 967 03ab 00       		.byte	0
 968              		.section	.cywolatch,"a",%progbits
 969              		.align	2
ARM GAS  C:\Users\HENRYA~1\AppData\Local\Temp\cc6qBxBV.s 			page 18


 970              		.type	cy_meta_wonvl, %object
 971              		.size	cy_meta_wonvl, 4
 972              	cy_meta_wonvl:
 973 0000 BC       		.byte	-68
 974 0001 90       		.byte	-112
 975 0002 AC       		.byte	-84
 976 0003 AF       		.byte	-81
 977              		.section	.cycustnvl,"a",%progbits
 978              		.align	2
 979              		.type	cy_meta_custnvl, %object
 980              		.size	cy_meta_custnvl, 4
 981              	cy_meta_custnvl:
 982 0000 00       		.byte	0
 983 0001 00       		.byte	0
 984 0002 40       		.byte	64
 985 0003 05       		.byte	5
 986              		.section	.cymeta,"a",%progbits
 987              		.align	2
 988              		.type	cy_metadata, %object
 989              		.size	cy_metadata, 12
 990              	cy_metadata:
 991 0000 00       		.byte	0
 992 0001 01       		.byte	1
 993 0002 2E       		.byte	46
 994 0003 12       		.byte	18
 995 0004 30       		.byte	48
 996 0005 69       		.byte	105
 997 0006 00       		.byte	0
 998 0007 01       		.byte	1
 999 0008 00       		.byte	0
 1000 0009 00       		.byte	0
 1001 000a 00       		.byte	0
 1002 000b 00       		.byte	0
 1003              		.section	.cyflashprotect,"a",%progbits
 1004              		.align	2
 1005              		.type	cy_meta_flashprotect, %object
 1006              		.size	cy_meta_flashprotect, 256
 1007              	cy_meta_flashprotect:
 1008 0000 00000000 		.space	256
 1008      00000000 
 1008      00000000 
 1008      00000000 
 1008      00000000 
 1009              		.text
 1010              	.Letext0:
 1011              		.file 1 ".\\Generated_Source\\PSoC5\\cymetadata.c"
 1012              		.file 2 ".\\Generated_Source\\PSoC5\\cytypes.h"
 1013              		.section	.debug_info,"",%progbits
 1014              	.Ldebug_info0:
 1015 0000 37010000 		.4byte	0x137
 1016 0004 0400     		.2byte	0x4
 1017 0006 00000000 		.4byte	.Ldebug_abbrev0
 1018 000a 04       		.byte	0x4
 1019 000b 01       		.uleb128 0x1
 1020 000c 94000000 		.4byte	.LASF18
 1021 0010 01       		.byte	0x1
 1022 0011 00000000 		.4byte	.LASF19
ARM GAS  C:\Users\HENRYA~1\AppData\Local\Temp\cc6qBxBV.s 			page 19


 1023 0015 46010000 		.4byte	.LASF20
 1024 0019 00000000 		.4byte	.Ldebug_line0
 1025 001d 02       		.uleb128 0x2
 1026 001e 01       		.byte	0x1
 1027 001f 06       		.byte	0x6
 1028 0020 D9010000 		.4byte	.LASF0
 1029 0024 02       		.uleb128 0x2
 1030 0025 01       		.byte	0x1
 1031 0026 08       		.byte	0x8
 1032 0027 38000000 		.4byte	.LASF1
 1033 002b 02       		.uleb128 0x2
 1034 002c 02       		.byte	0x2
 1035 002d 05       		.byte	0x5
 1036 002e C0010000 		.4byte	.LASF2
 1037 0032 02       		.uleb128 0x2
 1038 0033 02       		.byte	0x2
 1039 0034 07       		.byte	0x7
 1040 0035 58000000 		.4byte	.LASF3
 1041 0039 02       		.uleb128 0x2
 1042 003a 04       		.byte	0x4
 1043 003b 05       		.byte	0x5
 1044 003c D0010000 		.4byte	.LASF4
 1045 0040 02       		.uleb128 0x2
 1046 0041 04       		.byte	0x4
 1047 0042 07       		.byte	0x7
 1048 0043 46000000 		.4byte	.LASF5
 1049 0047 02       		.uleb128 0x2
 1050 0048 08       		.byte	0x8
 1051 0049 05       		.byte	0x5
 1052 004a AD010000 		.4byte	.LASF6
 1053 004e 02       		.uleb128 0x2
 1054 004f 08       		.byte	0x8
 1055 0050 07       		.byte	0x7
 1056 0051 2F010000 		.4byte	.LASF7
 1057 0055 03       		.uleb128 0x3
 1058 0056 04       		.byte	0x4
 1059 0057 05       		.byte	0x5
 1060 0058 696E7400 		.ascii	"int\000"
 1061 005c 02       		.uleb128 0x2
 1062 005d 04       		.byte	0x4
 1063 005e 07       		.byte	0x7
 1064 005f 22010000 		.4byte	.LASF8
 1065 0063 04       		.uleb128 0x4
 1066 0064 CA010000 		.4byte	.LASF21
 1067 0068 02       		.byte	0x2
 1068 0069 9201     		.2byte	0x192
 1069 006b 24000000 		.4byte	0x24
 1070 006f 02       		.uleb128 0x2
 1071 0070 04       		.byte	0x4
 1072 0071 04       		.byte	0x4
 1073 0072 32000000 		.4byte	.LASF9
 1074 0076 02       		.uleb128 0x2
 1075 0077 08       		.byte	0x8
 1076 0078 04       		.byte	0x4
 1077 0079 6B000000 		.4byte	.LASF10
 1078 007d 02       		.uleb128 0x2
 1079 007e 01       		.byte	0x1
ARM GAS  C:\Users\HENRYA~1\AppData\Local\Temp\cc6qBxBV.s 			page 20


 1080 007f 08       		.byte	0x8
 1081 0080 BB010000 		.4byte	.LASF11
 1082 0084 05       		.uleb128 0x5
 1083 0085 63000000 		.4byte	0x63
 1084 0089 95000000 		.4byte	0x95
 1085 008d 06       		.uleb128 0x6
 1086 008e 95000000 		.4byte	0x95
 1087 0092 AB03     		.2byte	0x3ab
 1088 0094 00       		.byte	0
 1089 0095 02       		.uleb128 0x2
 1090 0096 04       		.byte	0x4
 1091 0097 07       		.byte	0x7
 1092 0098 A4010000 		.4byte	.LASF12
 1093 009c 07       		.uleb128 0x7
 1094 009d 82000000 		.4byte	.LASF13
 1095 00a1 01       		.byte	0x1
 1096 00a2 1F       		.byte	0x1f
 1097 00a3 AD000000 		.4byte	0xad
 1098 00a7 05       		.uleb128 0x5
 1099 00a8 03       		.byte	0x3
 1100 00a9 00000000 		.4byte	cy_meta_configecc
 1101 00ad 08       		.uleb128 0x8
 1102 00ae 84000000 		.4byte	0x84
 1103 00b2 05       		.uleb128 0x5
 1104 00b3 63000000 		.4byte	0x63
 1105 00b7 C2000000 		.4byte	0xc2
 1106 00bb 09       		.uleb128 0x9
 1107 00bc 95000000 		.4byte	0x95
 1108 00c0 03       		.byte	0x3
 1109 00c1 00       		.byte	0
 1110 00c2 07       		.uleb128 0x7
 1111 00c3 72000000 		.4byte	.LASF14
 1112 00c7 01       		.byte	0x1
 1113 00c8 A2       		.byte	0xa2
 1114 00c9 D3000000 		.4byte	0xd3
 1115 00cd 05       		.uleb128 0x5
 1116 00ce 03       		.byte	0x3
 1117 00cf 00000000 		.4byte	cy_meta_custnvl
 1118 00d3 08       		.uleb128 0x8
 1119 00d4 B2000000 		.4byte	0xb2
 1120 00d8 07       		.uleb128 0x7
 1121 00d9 96010000 		.4byte	.LASF15
 1122 00dd 01       		.byte	0x1
 1123 00de B0       		.byte	0xb0
 1124 00df E9000000 		.4byte	0xe9
 1125 00e3 05       		.uleb128 0x5
 1126 00e4 03       		.byte	0x3
 1127 00e5 00000000 		.4byte	cy_meta_wonvl
 1128 00e9 08       		.uleb128 0x8
 1129 00ea B2000000 		.4byte	0xb2
 1130 00ee 05       		.uleb128 0x5
 1131 00ef 63000000 		.4byte	0x63
 1132 00f3 FE000000 		.4byte	0xfe
 1133 00f7 09       		.uleb128 0x9
 1134 00f8 95000000 		.4byte	0x95
 1135 00fc FF       		.byte	0xff
 1136 00fd 00       		.byte	0
ARM GAS  C:\Users\HENRYA~1\AppData\Local\Temp\cc6qBxBV.s 			page 21


 1137 00fe 07       		.uleb128 0x7
 1138 00ff 81010000 		.4byte	.LASF16
 1139 0103 01       		.byte	0x1
 1140 0104 BE       		.byte	0xbe
 1141 0105 0F010000 		.4byte	0x10f
 1142 0109 05       		.uleb128 0x5
 1143 010a 03       		.byte	0x3
 1144 010b 00000000 		.4byte	cy_meta_flashprotect
 1145 010f 08       		.uleb128 0x8
 1146 0110 EE000000 		.4byte	0xee
 1147 0114 05       		.uleb128 0x5
 1148 0115 63000000 		.4byte	0x63
 1149 0119 24010000 		.4byte	0x124
 1150 011d 09       		.uleb128 0x9
 1151 011e 95000000 		.4byte	0x95
 1152 0122 0B       		.byte	0xb
 1153 0123 00       		.byte	0
 1154 0124 07       		.uleb128 0x7
 1155 0125 26000000 		.4byte	.LASF17
 1156 0129 01       		.byte	0x1
 1157 012a EB       		.byte	0xeb
 1158 012b 35010000 		.4byte	0x135
 1159 012f 05       		.uleb128 0x5
 1160 0130 03       		.byte	0x3
 1161 0131 00000000 		.4byte	cy_metadata
 1162 0135 08       		.uleb128 0x8
 1163 0136 14010000 		.4byte	0x114
 1164 013a 00       		.byte	0
 1165              		.section	.debug_abbrev,"",%progbits
 1166              	.Ldebug_abbrev0:
 1167 0000 01       		.uleb128 0x1
 1168 0001 11       		.uleb128 0x11
 1169 0002 01       		.byte	0x1
 1170 0003 25       		.uleb128 0x25
 1171 0004 0E       		.uleb128 0xe
 1172 0005 13       		.uleb128 0x13
 1173 0006 0B       		.uleb128 0xb
 1174 0007 03       		.uleb128 0x3
 1175 0008 0E       		.uleb128 0xe
 1176 0009 1B       		.uleb128 0x1b
 1177 000a 0E       		.uleb128 0xe
 1178 000b 10       		.uleb128 0x10
 1179 000c 17       		.uleb128 0x17
 1180 000d 00       		.byte	0
 1181 000e 00       		.byte	0
 1182 000f 02       		.uleb128 0x2
 1183 0010 24       		.uleb128 0x24
 1184 0011 00       		.byte	0
 1185 0012 0B       		.uleb128 0xb
 1186 0013 0B       		.uleb128 0xb
 1187 0014 3E       		.uleb128 0x3e
 1188 0015 0B       		.uleb128 0xb
 1189 0016 03       		.uleb128 0x3
 1190 0017 0E       		.uleb128 0xe
 1191 0018 00       		.byte	0
 1192 0019 00       		.byte	0
 1193 001a 03       		.uleb128 0x3
ARM GAS  C:\Users\HENRYA~1\AppData\Local\Temp\cc6qBxBV.s 			page 22


 1194 001b 24       		.uleb128 0x24
 1195 001c 00       		.byte	0
 1196 001d 0B       		.uleb128 0xb
 1197 001e 0B       		.uleb128 0xb
 1198 001f 3E       		.uleb128 0x3e
 1199 0020 0B       		.uleb128 0xb
 1200 0021 03       		.uleb128 0x3
 1201 0022 08       		.uleb128 0x8
 1202 0023 00       		.byte	0
 1203 0024 00       		.byte	0
 1204 0025 04       		.uleb128 0x4
 1205 0026 16       		.uleb128 0x16
 1206 0027 00       		.byte	0
 1207 0028 03       		.uleb128 0x3
 1208 0029 0E       		.uleb128 0xe
 1209 002a 3A       		.uleb128 0x3a
 1210 002b 0B       		.uleb128 0xb
 1211 002c 3B       		.uleb128 0x3b
 1212 002d 05       		.uleb128 0x5
 1213 002e 49       		.uleb128 0x49
 1214 002f 13       		.uleb128 0x13
 1215 0030 00       		.byte	0
 1216 0031 00       		.byte	0
 1217 0032 05       		.uleb128 0x5
 1218 0033 01       		.uleb128 0x1
 1219 0034 01       		.byte	0x1
 1220 0035 49       		.uleb128 0x49
 1221 0036 13       		.uleb128 0x13
 1222 0037 01       		.uleb128 0x1
 1223 0038 13       		.uleb128 0x13
 1224 0039 00       		.byte	0
 1225 003a 00       		.byte	0
 1226 003b 06       		.uleb128 0x6
 1227 003c 21       		.uleb128 0x21
 1228 003d 00       		.byte	0
 1229 003e 49       		.uleb128 0x49
 1230 003f 13       		.uleb128 0x13
 1231 0040 2F       		.uleb128 0x2f
 1232 0041 05       		.uleb128 0x5
 1233 0042 00       		.byte	0
 1234 0043 00       		.byte	0
 1235 0044 07       		.uleb128 0x7
 1236 0045 34       		.uleb128 0x34
 1237 0046 00       		.byte	0
 1238 0047 03       		.uleb128 0x3
 1239 0048 0E       		.uleb128 0xe
 1240 0049 3A       		.uleb128 0x3a
 1241 004a 0B       		.uleb128 0xb
 1242 004b 3B       		.uleb128 0x3b
 1243 004c 0B       		.uleb128 0xb
 1244 004d 49       		.uleb128 0x49
 1245 004e 13       		.uleb128 0x13
 1246 004f 3F       		.uleb128 0x3f
 1247 0050 19       		.uleb128 0x19
 1248 0051 02       		.uleb128 0x2
 1249 0052 18       		.uleb128 0x18
 1250 0053 00       		.byte	0
ARM GAS  C:\Users\HENRYA~1\AppData\Local\Temp\cc6qBxBV.s 			page 23


 1251 0054 00       		.byte	0
 1252 0055 08       		.uleb128 0x8
 1253 0056 26       		.uleb128 0x26
 1254 0057 00       		.byte	0
 1255 0058 49       		.uleb128 0x49
 1256 0059 13       		.uleb128 0x13
 1257 005a 00       		.byte	0
 1258 005b 00       		.byte	0
 1259 005c 09       		.uleb128 0x9
 1260 005d 21       		.uleb128 0x21
 1261 005e 00       		.byte	0
 1262 005f 49       		.uleb128 0x49
 1263 0060 13       		.uleb128 0x13
 1264 0061 2F       		.uleb128 0x2f
 1265 0062 0B       		.uleb128 0xb
 1266 0063 00       		.byte	0
 1267 0064 00       		.byte	0
 1268 0065 00       		.byte	0
 1269              		.section	.debug_aranges,"",%progbits
 1270 0000 14000000 		.4byte	0x14
 1271 0004 0200     		.2byte	0x2
 1272 0006 00000000 		.4byte	.Ldebug_info0
 1273 000a 04       		.byte	0x4
 1274 000b 00       		.byte	0
 1275 000c 0000     		.2byte	0
 1276 000e 0000     		.2byte	0
 1277 0010 00000000 		.4byte	0
 1278 0014 00000000 		.4byte	0
 1279              		.section	.debug_line,"",%progbits
 1280              	.Ldebug_line0:
 1281 0000 4F000000 		.section	.debug_str,"MS",%progbits,1
 1281      02004900 
 1281      00000201 
 1281      FB0E0D00 
 1281      01010101 
 1282              	.LASF19:
 1283 0000 2E5C4765 		.ascii	".\\Generated_Source\\PSoC5\\cymetadata.c\000"
 1283      6E657261 
 1283      7465645F 
 1283      536F7572 
 1283      63655C50 
 1284              	.LASF17:
 1285 0026 63795F6D 		.ascii	"cy_metadata\000"
 1285      65746164 
 1285      61746100 
 1286              	.LASF9:
 1287 0032 666C6F61 		.ascii	"float\000"
 1287      7400
 1288              	.LASF1:
 1289 0038 756E7369 		.ascii	"unsigned char\000"
 1289      676E6564 
 1289      20636861 
 1289      7200
 1290              	.LASF5:
 1291 0046 6C6F6E67 		.ascii	"long unsigned int\000"
 1291      20756E73 
 1291      69676E65 
ARM GAS  C:\Users\HENRYA~1\AppData\Local\Temp\cc6qBxBV.s 			page 24


 1291      6420696E 
 1291      7400
 1292              	.LASF3:
 1293 0058 73686F72 		.ascii	"short unsigned int\000"
 1293      7420756E 
 1293      7369676E 
 1293      65642069 
 1293      6E7400
 1294              	.LASF10:
 1295 006b 646F7562 		.ascii	"double\000"
 1295      6C6500
 1296              	.LASF14:
 1297 0072 63795F6D 		.ascii	"cy_meta_custnvl\000"
 1297      6574615F 
 1297      63757374 
 1297      6E766C00 
 1298              	.LASF13:
 1299 0082 63795F6D 		.ascii	"cy_meta_configecc\000"
 1299      6574615F 
 1299      636F6E66 
 1299      69676563 
 1299      6300
 1300              	.LASF18:
 1301 0094 474E5520 		.ascii	"GNU C 4.9.3 20150303 (release) [ARM/embedded-4_9-br"
 1301      4320342E 
 1301      392E3320 
 1301      32303135 
 1301      30333033 
 1302 00c7 616E6368 		.ascii	"anch revision 221220] -mcpu=cortex-m3 -mthumb -g -O"
 1302      20726576 
 1302      6973696F 
 1302      6E203232 
 1302      31323230 
 1303 00fa 67202D66 		.ascii	"g -ffunction-sections -ffat-lto-objects\000"
 1303      66756E63 
 1303      74696F6E 
 1303      2D736563 
 1303      74696F6E 
 1304              	.LASF8:
 1305 0122 756E7369 		.ascii	"unsigned int\000"
 1305      676E6564 
 1305      20696E74 
 1305      00
 1306              	.LASF7:
 1307 012f 6C6F6E67 		.ascii	"long long unsigned int\000"
 1307      206C6F6E 
 1307      6720756E 
 1307      7369676E 
 1307      65642069 
 1308              	.LASF20:
 1309 0146 433A5C55 		.ascii	"C:\\Users\\Henry Alberto\\Desktop\\Protocolos\\Half"
 1309      73657273 
 1309      5C48656E 
 1309      72792041 
 1309      6C626572 
 1310 0174 5F536C61 		.ascii	"_Slave.cydsn\000"
 1310      76652E63 
ARM GAS  C:\Users\HENRYA~1\AppData\Local\Temp\cc6qBxBV.s 			page 25


 1310      7964736E 
 1310      00
 1311              	.LASF16:
 1312 0181 63795F6D 		.ascii	"cy_meta_flashprotect\000"
 1312      6574615F 
 1312      666C6173 
 1312      6870726F 
 1312      74656374 
 1313              	.LASF15:
 1314 0196 63795F6D 		.ascii	"cy_meta_wonvl\000"
 1314      6574615F 
 1314      776F6E76 
 1314      6C00
 1315              	.LASF12:
 1316 01a4 73697A65 		.ascii	"sizetype\000"
 1316      74797065 
 1316      00
 1317              	.LASF6:
 1318 01ad 6C6F6E67 		.ascii	"long long int\000"
 1318      206C6F6E 
 1318      6720696E 
 1318      7400
 1319              	.LASF11:
 1320 01bb 63686172 		.ascii	"char\000"
 1320      00
 1321              	.LASF2:
 1322 01c0 73686F72 		.ascii	"short int\000"
 1322      7420696E 
 1322      7400
 1323              	.LASF21:
 1324 01ca 75696E74 		.ascii	"uint8\000"
 1324      3800
 1325              	.LASF4:
 1326 01d0 6C6F6E67 		.ascii	"long int\000"
 1326      20696E74 
 1326      00
 1327              	.LASF0:
 1328 01d9 7369676E 		.ascii	"signed char\000"
 1328      65642063 
 1328      68617200 
 1329              		.ident	"GCC: (GNU Tools for ARM Embedded Processors) 4.9.3 20150303 (release) [ARM/embedded-4_9-br
