ARM GAS  C:\Users\HENRYA~1\AppData\Local\Temp\ccw9zQv5.s 			page 1


   1              		.syntax unified
   2              		.cpu cortex-m3
   3              		.fpu softvfp
   4              		.eabi_attribute 20, 1
   5              		.eabi_attribute 21, 1
   6              		.eabi_attribute 23, 3
   7              		.eabi_attribute 24, 1
   8              		.eabi_attribute 25, 1
   9              		.eabi_attribute 26, 1
  10              		.eabi_attribute 30, 1
  11              		.eabi_attribute 34, 1
  12              		.eabi_attribute 18, 4
  13              		.thumb
  14              		.file	"main.c"
  15              		.text
  16              	.Ltext0:
  17              		.cfi_sections	.debug_frame
  18              		.section	.text.main,"ax",%progbits
  19              		.align	2
  20              		.global	main
  21              		.thumb
  22              		.thumb_func
  23              		.type	main, %function
  24              	main:
  25              	.LFB63:
  26              		.file 1 ".\\main.c"
   1:.\main.c      **** /* ========================================
   2:.\main.c      ****  *
   3:.\main.c      ****  * Copyright YOUR COMPANY, THE YEAR
   4:.\main.c      ****  * All Rights Reserved
   5:.\main.c      ****  * UNPUBLISHED, LICENSED SOFTWARE.
   6:.\main.c      ****  *
   7:.\main.c      ****  * CONFIDENTIAL AND PROPRIETARY INFORMATION
   8:.\main.c      ****  * WHICH IS THE PROPERTY OF your company.
   9:.\main.c      ****  *
  10:.\main.c      ****  * ========================================
  11:.\main.c      **** */
  12:.\main.c      **** #include <project.h>
  13:.\main.c      **** uint8 dato_recibido;
  14:.\main.c      **** uint8 dato_enviado;
  15:.\main.c      **** 
  16:.\main.c      **** int main()
  17:.\main.c      **** {
  27              		.loc 1 17 0
  28              		.cfi_startproc
  29              		@ Volatile: function does not return.
  30              		@ args = 0, pretend = 0, frame = 0
  31              		@ frame_needed = 0, uses_anonymous_args = 0
  32 0000 08B5     		push	{r3, lr}
  33              		.cfi_def_cfa_offset 8
  34              		.cfi_offset 3, -8
  35              		.cfi_offset 14, -4
  18:.\main.c      ****     CyGlobalIntEnable; /* Enable global interrupts. */
  36              		.loc 1 18 0
  37              	@ 18 ".\main.c" 1
  38 0002 62B6     		CPSIE   i
  39              	@ 0 "" 2
ARM GAS  C:\Users\HENRYA~1\AppData\Local\Temp\ccw9zQv5.s 			page 2


  19:.\main.c      ****     RX_CAN_Start();
  40              		.loc 1 19 0
  41              		.thumb
  42 0004 FFF7FEFF 		bl	RX_CAN_Start
  43              	.LVL0:
  20:.\main.c      ****     LCD_Char_1_Start();
  44              		.loc 1 20 0
  45 0008 FFF7FEFF 		bl	LCD_Char_1_Start
  46              	.LVL1:
  21:.\main.c      ****     LCD_Char_1_Position(0,0);
  47              		.loc 1 21 0
  48 000c 0020     		movs	r0, #0
  49 000e 0146     		mov	r1, r0
  50 0010 FFF7FEFF 		bl	LCD_Char_1_Position
  51              	.LVL2:
  22:.\main.c      ****     LCD_Char_1_PrintString("Recibiendo...");
  52              		.loc 1 22 0
  53 0014 0848     		ldr	r0, .L4
  54 0016 FFF7FEFF 		bl	LCD_Char_1_PrintString
  55              	.LVL3:
  56              	.L2:
  23:.\main.c      ****     for(;;)
  24:.\main.c      ****     {
  25:.\main.c      ****         RX_CAN_ReceiveMsg0();
  57              		.loc 1 25 0 discriminator 1
  58 001a FFF7FEFF 		bl	RX_CAN_ReceiveMsg0
  59              	.LVL4:
  26:.\main.c      ****         CyDelay(10);
  60              		.loc 1 26 0 discriminator 1
  61 001e 0A20     		movs	r0, #10
  62 0020 FFF7FEFF 		bl	CyDelay
  63              	.LVL5:
  27:.\main.c      ****         LCD_Char_1_Position(1,0);
  64              		.loc 1 27 0 discriminator 1
  65 0024 0120     		movs	r0, #1
  66 0026 0021     		movs	r1, #0
  67 0028 FFF7FEFF 		bl	LCD_Char_1_Position
  68              	.LVL6:
  28:.\main.c      ****         LCD_Char_1_PrintHexUint8(dato_recibido);
  69              		.loc 1 28 0 discriminator 1
  70 002c 034B     		ldr	r3, .L4+4
  71 002e 1878     		ldrb	r0, [r3]	@ zero_extendqisi2
  72 0030 FFF7FEFF 		bl	LCD_Char_1_PrintInt8
  73              	.LVL7:
  29:.\main.c      ****     }
  74              		.loc 1 29 0 discriminator 1
  75 0034 F1E7     		b	.L2
  76              	.L5:
  77 0036 00BF     		.align	2
  78              	.L4:
  79 0038 00000000 		.word	.LC0
  80 003c 00000000 		.word	dato_recibido
  81              		.cfi_endproc
  82              	.LFE63:
  83              		.size	main, .-main
  84              		.comm	dato_enviado,1,1
  85              		.comm	dato_recibido,1,1
ARM GAS  C:\Users\HENRYA~1\AppData\Local\Temp\ccw9zQv5.s 			page 3


  86              		.section	.rodata.str1.4,"aMS",%progbits,1
  87              		.align	2
  88              	.LC0:
  89 0000 52656369 		.ascii	"Recibiendo...\000"
  89      6269656E 
  89      646F2E2E 
  89      2E00
  90 000e 0000     		.text
  91              	.Letext0:
  92              		.file 2 "c:\\program files (x86)\\cypress\\psoc creator\\3.3\\psoc creator\\import\\gnu\\arm\\4.9.
  93              		.file 3 "c:\\program files (x86)\\cypress\\psoc creator\\3.3\\psoc creator\\import\\gnu\\arm\\4.9.
  94              		.file 4 "Generated_Source\\PSoC5/cytypes.h"
  95              		.file 5 "Generated_Source\\PSoC5/core_cm3.h"
  96              		.file 6 "Generated_Source\\PSoC5/LCD_Char_1.h"
  97              		.file 7 "Generated_Source\\PSoC5/RX_CAN.h"
  98              		.file 8 "Generated_Source\\PSoC5/CyLib.h"
  99              		.section	.debug_info,"",%progbits
 100              	.Ldebug_info0:
 101 0000 F3010000 		.4byte	0x1f3
 102 0004 0400     		.2byte	0x4
 103 0006 00000000 		.4byte	.Ldebug_abbrev0
 104 000a 04       		.byte	0x4
 105 000b 01       		.uleb128 0x1
 106 000c 2E010000 		.4byte	.LASF26
 107 0010 01       		.byte	0x1
 108 0011 18000000 		.4byte	.LASF27
 109 0015 21000000 		.4byte	.LASF28
 110 0019 00000000 		.4byte	.Ldebug_ranges0+0
 111 001d 00000000 		.4byte	0
 112 0021 00000000 		.4byte	.Ldebug_line0
 113 0025 02       		.uleb128 0x2
 114 0026 01       		.byte	0x1
 115 0027 06       		.byte	0x6
 116 0028 35020000 		.4byte	.LASF0
 117 002c 02       		.uleb128 0x2
 118 002d 01       		.byte	0x1
 119 002e 08       		.byte	0x8
 120 002f DC000000 		.4byte	.LASF1
 121 0033 02       		.uleb128 0x2
 122 0034 02       		.byte	0x2
 123 0035 05       		.byte	0x5
 124 0036 1C020000 		.4byte	.LASF2
 125 003a 02       		.uleb128 0x2
 126 003b 02       		.byte	0x2
 127 003c 07       		.byte	0x7
 128 003d AF000000 		.4byte	.LASF3
 129 0041 03       		.uleb128 0x3
 130 0042 00000000 		.4byte	.LASF9
 131 0046 02       		.byte	0x2
 132 0047 3F       		.byte	0x3f
 133 0048 4C000000 		.4byte	0x4c
 134 004c 02       		.uleb128 0x2
 135 004d 04       		.byte	0x4
 136 004e 05       		.byte	0x5
 137 004f 2C020000 		.4byte	.LASF4
 138 0053 02       		.uleb128 0x2
 139 0054 04       		.byte	0x4
ARM GAS  C:\Users\HENRYA~1\AppData\Local\Temp\ccw9zQv5.s 			page 4


 140 0055 07       		.byte	0x7
 141 0056 9D000000 		.4byte	.LASF5
 142 005a 02       		.uleb128 0x2
 143 005b 08       		.byte	0x8
 144 005c 05       		.byte	0x5
 145 005d E0010000 		.4byte	.LASF6
 146 0061 02       		.uleb128 0x2
 147 0062 08       		.byte	0x8
 148 0063 07       		.byte	0x7
 149 0064 17010000 		.4byte	.LASF7
 150 0068 04       		.uleb128 0x4
 151 0069 04       		.byte	0x4
 152 006a 05       		.byte	0x5
 153 006b 696E7400 		.ascii	"int\000"
 154 006f 02       		.uleb128 0x2
 155 0070 04       		.byte	0x4
 156 0071 07       		.byte	0x7
 157 0072 0A010000 		.4byte	.LASF8
 158 0076 03       		.uleb128 0x3
 159 0077 CF010000 		.4byte	.LASF10
 160 007b 03       		.byte	0x3
 161 007c 2C       		.byte	0x2c
 162 007d 41000000 		.4byte	0x41
 163 0081 05       		.uleb128 0x5
 164 0082 26020000 		.4byte	.LASF11
 165 0086 04       		.byte	0x4
 166 0087 9201     		.2byte	0x192
 167 0089 2C000000 		.4byte	0x2c
 168 008d 05       		.uleb128 0x5
 169 008e F6000000 		.4byte	.LASF12
 170 0092 04       		.byte	0x4
 171 0093 9401     		.2byte	0x194
 172 0095 53000000 		.4byte	0x53
 173 0099 02       		.uleb128 0x2
 174 009a 04       		.byte	0x4
 175 009b 04       		.byte	0x4
 176 009c 69000000 		.4byte	.LASF13
 177 00a0 02       		.uleb128 0x2
 178 00a1 08       		.byte	0x8
 179 00a2 04       		.byte	0x4
 180 00a3 EA000000 		.4byte	.LASF14
 181 00a7 05       		.uleb128 0x5
 182 00a8 97000000 		.4byte	.LASF15
 183 00ac 04       		.byte	0x4
 184 00ad A301     		.2byte	0x1a3
 185 00af B3000000 		.4byte	0xb3
 186 00b3 02       		.uleb128 0x2
 187 00b4 01       		.byte	0x1
 188 00b5 08       		.byte	0x8
 189 00b6 EE010000 		.4byte	.LASF16
 190 00ba 02       		.uleb128 0x2
 191 00bb 04       		.byte	0x4
 192 00bc 07       		.byte	0x7
 193 00bd D7010000 		.4byte	.LASF17
 194 00c1 06       		.uleb128 0x6
 195 00c2 F1000000 		.4byte	.LASF29
 196 00c6 01       		.byte	0x1
ARM GAS  C:\Users\HENRYA~1\AppData\Local\Temp\ccw9zQv5.s 			page 5


 197 00c7 10       		.byte	0x10
 198 00c8 68000000 		.4byte	0x68
 199 00cc 00000000 		.4byte	.LFB63
 200 00d0 40000000 		.4byte	.LFE63-.LFB63
 201 00d4 01       		.uleb128 0x1
 202 00d5 9C       		.byte	0x9c
 203 00d6 59010000 		.4byte	0x159
 204 00da 07       		.uleb128 0x7
 205 00db 08000000 		.4byte	.LVL0
 206 00df 8C010000 		.4byte	0x18c
 207 00e3 07       		.uleb128 0x7
 208 00e4 0C000000 		.4byte	.LVL1
 209 00e8 97010000 		.4byte	0x197
 210 00ec 08       		.uleb128 0x8
 211 00ed 14000000 		.4byte	.LVL2
 212 00f1 9E010000 		.4byte	0x19e
 213 00f5 04010000 		.4byte	0x104
 214 00f9 09       		.uleb128 0x9
 215 00fa 01       		.uleb128 0x1
 216 00fb 51       		.byte	0x51
 217 00fc 01       		.uleb128 0x1
 218 00fd 30       		.byte	0x30
 219 00fe 09       		.uleb128 0x9
 220 00ff 01       		.uleb128 0x1
 221 0100 50       		.byte	0x50
 222 0101 01       		.uleb128 0x1
 223 0102 30       		.byte	0x30
 224 0103 00       		.byte	0
 225 0104 08       		.uleb128 0x8
 226 0105 1A000000 		.4byte	.LVL3
 227 0109 B4010000 		.4byte	0x1b4
 228 010d 1B010000 		.4byte	0x11b
 229 0111 09       		.uleb128 0x9
 230 0112 01       		.uleb128 0x1
 231 0113 50       		.byte	0x50
 232 0114 05       		.uleb128 0x5
 233 0115 03       		.byte	0x3
 234 0116 00000000 		.4byte	.LC0
 235 011a 00       		.byte	0
 236 011b 07       		.uleb128 0x7
 237 011c 1E000000 		.4byte	.LVL4
 238 0120 D0010000 		.4byte	0x1d0
 239 0124 08       		.uleb128 0x8
 240 0125 24000000 		.4byte	.LVL5
 241 0129 D8010000 		.4byte	0x1d8
 242 012d 37010000 		.4byte	0x137
 243 0131 09       		.uleb128 0x9
 244 0132 01       		.uleb128 0x1
 245 0133 50       		.byte	0x50
 246 0134 01       		.uleb128 0x1
 247 0135 3A       		.byte	0x3a
 248 0136 00       		.byte	0
 249 0137 08       		.uleb128 0x8
 250 0138 2C000000 		.4byte	.LVL6
 251 013c 9E010000 		.4byte	0x19e
 252 0140 4F010000 		.4byte	0x14f
 253 0144 09       		.uleb128 0x9
ARM GAS  C:\Users\HENRYA~1\AppData\Local\Temp\ccw9zQv5.s 			page 6


 254 0145 01       		.uleb128 0x1
 255 0146 51       		.byte	0x51
 256 0147 01       		.uleb128 0x1
 257 0148 30       		.byte	0x30
 258 0149 09       		.uleb128 0x9
 259 014a 01       		.uleb128 0x1
 260 014b 50       		.byte	0x50
 261 014c 01       		.uleb128 0x1
 262 014d 31       		.byte	0x31
 263 014e 00       		.byte	0
 264 014f 07       		.uleb128 0x7
 265 0150 34000000 		.4byte	.LVL7
 266 0154 E9010000 		.4byte	0x1e9
 267 0158 00       		.byte	0
 268 0159 0A       		.uleb128 0xa
 269 015a C2000000 		.4byte	.LASF18
 270 015e 05       		.byte	0x5
 271 015f 9606     		.2byte	0x696
 272 0161 65010000 		.4byte	0x165
 273 0165 0B       		.uleb128 0xb
 274 0166 76000000 		.4byte	0x76
 275 016a 0C       		.uleb128 0xc
 276 016b 0A000000 		.4byte	.LASF19
 277 016f 01       		.byte	0x1
 278 0170 0D       		.byte	0xd
 279 0171 81000000 		.4byte	0x81
 280 0175 05       		.uleb128 0x5
 281 0176 03       		.byte	0x3
 282 0177 00000000 		.4byte	dato_recibido
 283 017b 0C       		.uleb128 0xc
 284 017c FD000000 		.4byte	.LASF20
 285 0180 01       		.byte	0x1
 286 0181 0E       		.byte	0xe
 287 0182 81000000 		.4byte	0x81
 288 0186 05       		.uleb128 0x5
 289 0187 03       		.byte	0x3
 290 0188 00000000 		.4byte	dato_enviado
 291 018c 0D       		.uleb128 0xd
 292 018d CF000000 		.4byte	.LASF30
 293 0191 07       		.byte	0x7
 294 0192 C5       		.byte	0xc5
 295 0193 81000000 		.4byte	0x81
 296 0197 0E       		.uleb128 0xe
 297 0198 6F000000 		.4byte	.LASF23
 298 019c 06       		.byte	0x6
 299 019d 38       		.byte	0x38
 300 019e 0F       		.uleb128 0xf
 301 019f F3010000 		.4byte	.LASF21
 302 01a3 06       		.byte	0x6
 303 01a4 3D       		.byte	0x3d
 304 01a5 B4010000 		.4byte	0x1b4
 305 01a9 10       		.uleb128 0x10
 306 01aa 81000000 		.4byte	0x81
 307 01ae 10       		.uleb128 0x10
 308 01af 81000000 		.4byte	0x81
 309 01b3 00       		.byte	0
 310 01b4 0F       		.uleb128 0xf
ARM GAS  C:\Users\HENRYA~1\AppData\Local\Temp\ccw9zQv5.s 			page 7


 311 01b5 80000000 		.4byte	.LASF22
 312 01b9 06       		.byte	0x6
 313 01ba 3C       		.byte	0x3c
 314 01bb C5010000 		.4byte	0x1c5
 315 01bf 10       		.uleb128 0x10
 316 01c0 C5010000 		.4byte	0x1c5
 317 01c4 00       		.byte	0
 318 01c5 11       		.uleb128 0x11
 319 01c6 04       		.byte	0x4
 320 01c7 CB010000 		.4byte	0x1cb
 321 01cb 12       		.uleb128 0x12
 322 01cc A7000000 		.4byte	0xa7
 323 01d0 13       		.uleb128 0x13
 324 01d1 BC010000 		.4byte	.LASF24
 325 01d5 07       		.byte	0x7
 326 01d6 3501     		.2byte	0x135
 327 01d8 0F       		.uleb128 0xf
 328 01d9 41020000 		.4byte	.LASF25
 329 01dd 08       		.byte	0x8
 330 01de 76       		.byte	0x76
 331 01df E9010000 		.4byte	0x1e9
 332 01e3 10       		.uleb128 0x10
 333 01e4 8D000000 		.4byte	0x8d
 334 01e8 00       		.byte	0
 335 01e9 14       		.uleb128 0x14
 336 01ea 07020000 		.4byte	.LASF31
 337 01ee 06       		.byte	0x6
 338 01ef 5D       		.byte	0x5d
 339 01f0 10       		.uleb128 0x10
 340 01f1 81000000 		.4byte	0x81
 341 01f5 00       		.byte	0
 342 01f6 00       		.byte	0
 343              		.section	.debug_abbrev,"",%progbits
 344              	.Ldebug_abbrev0:
 345 0000 01       		.uleb128 0x1
 346 0001 11       		.uleb128 0x11
 347 0002 01       		.byte	0x1
 348 0003 25       		.uleb128 0x25
 349 0004 0E       		.uleb128 0xe
 350 0005 13       		.uleb128 0x13
 351 0006 0B       		.uleb128 0xb
 352 0007 03       		.uleb128 0x3
 353 0008 0E       		.uleb128 0xe
 354 0009 1B       		.uleb128 0x1b
 355 000a 0E       		.uleb128 0xe
 356 000b 55       		.uleb128 0x55
 357 000c 17       		.uleb128 0x17
 358 000d 11       		.uleb128 0x11
 359 000e 01       		.uleb128 0x1
 360 000f 10       		.uleb128 0x10
 361 0010 17       		.uleb128 0x17
 362 0011 00       		.byte	0
 363 0012 00       		.byte	0
 364 0013 02       		.uleb128 0x2
 365 0014 24       		.uleb128 0x24
 366 0015 00       		.byte	0
 367 0016 0B       		.uleb128 0xb
ARM GAS  C:\Users\HENRYA~1\AppData\Local\Temp\ccw9zQv5.s 			page 8


 368 0017 0B       		.uleb128 0xb
 369 0018 3E       		.uleb128 0x3e
 370 0019 0B       		.uleb128 0xb
 371 001a 03       		.uleb128 0x3
 372 001b 0E       		.uleb128 0xe
 373 001c 00       		.byte	0
 374 001d 00       		.byte	0
 375 001e 03       		.uleb128 0x3
 376 001f 16       		.uleb128 0x16
 377 0020 00       		.byte	0
 378 0021 03       		.uleb128 0x3
 379 0022 0E       		.uleb128 0xe
 380 0023 3A       		.uleb128 0x3a
 381 0024 0B       		.uleb128 0xb
 382 0025 3B       		.uleb128 0x3b
 383 0026 0B       		.uleb128 0xb
 384 0027 49       		.uleb128 0x49
 385 0028 13       		.uleb128 0x13
 386 0029 00       		.byte	0
 387 002a 00       		.byte	0
 388 002b 04       		.uleb128 0x4
 389 002c 24       		.uleb128 0x24
 390 002d 00       		.byte	0
 391 002e 0B       		.uleb128 0xb
 392 002f 0B       		.uleb128 0xb
 393 0030 3E       		.uleb128 0x3e
 394 0031 0B       		.uleb128 0xb
 395 0032 03       		.uleb128 0x3
 396 0033 08       		.uleb128 0x8
 397 0034 00       		.byte	0
 398 0035 00       		.byte	0
 399 0036 05       		.uleb128 0x5
 400 0037 16       		.uleb128 0x16
 401 0038 00       		.byte	0
 402 0039 03       		.uleb128 0x3
 403 003a 0E       		.uleb128 0xe
 404 003b 3A       		.uleb128 0x3a
 405 003c 0B       		.uleb128 0xb
 406 003d 3B       		.uleb128 0x3b
 407 003e 05       		.uleb128 0x5
 408 003f 49       		.uleb128 0x49
 409 0040 13       		.uleb128 0x13
 410 0041 00       		.byte	0
 411 0042 00       		.byte	0
 412 0043 06       		.uleb128 0x6
 413 0044 2E       		.uleb128 0x2e
 414 0045 01       		.byte	0x1
 415 0046 3F       		.uleb128 0x3f
 416 0047 19       		.uleb128 0x19
 417 0048 03       		.uleb128 0x3
 418 0049 0E       		.uleb128 0xe
 419 004a 3A       		.uleb128 0x3a
 420 004b 0B       		.uleb128 0xb
 421 004c 3B       		.uleb128 0x3b
 422 004d 0B       		.uleb128 0xb
 423 004e 49       		.uleb128 0x49
 424 004f 13       		.uleb128 0x13
ARM GAS  C:\Users\HENRYA~1\AppData\Local\Temp\ccw9zQv5.s 			page 9


 425 0050 11       		.uleb128 0x11
 426 0051 01       		.uleb128 0x1
 427 0052 12       		.uleb128 0x12
 428 0053 06       		.uleb128 0x6
 429 0054 40       		.uleb128 0x40
 430 0055 18       		.uleb128 0x18
 431 0056 9742     		.uleb128 0x2117
 432 0058 19       		.uleb128 0x19
 433 0059 01       		.uleb128 0x1
 434 005a 13       		.uleb128 0x13
 435 005b 00       		.byte	0
 436 005c 00       		.byte	0
 437 005d 07       		.uleb128 0x7
 438 005e 898201   		.uleb128 0x4109
 439 0061 00       		.byte	0
 440 0062 11       		.uleb128 0x11
 441 0063 01       		.uleb128 0x1
 442 0064 31       		.uleb128 0x31
 443 0065 13       		.uleb128 0x13
 444 0066 00       		.byte	0
 445 0067 00       		.byte	0
 446 0068 08       		.uleb128 0x8
 447 0069 898201   		.uleb128 0x4109
 448 006c 01       		.byte	0x1
 449 006d 11       		.uleb128 0x11
 450 006e 01       		.uleb128 0x1
 451 006f 31       		.uleb128 0x31
 452 0070 13       		.uleb128 0x13
 453 0071 01       		.uleb128 0x1
 454 0072 13       		.uleb128 0x13
 455 0073 00       		.byte	0
 456 0074 00       		.byte	0
 457 0075 09       		.uleb128 0x9
 458 0076 8A8201   		.uleb128 0x410a
 459 0079 00       		.byte	0
 460 007a 02       		.uleb128 0x2
 461 007b 18       		.uleb128 0x18
 462 007c 9142     		.uleb128 0x2111
 463 007e 18       		.uleb128 0x18
 464 007f 00       		.byte	0
 465 0080 00       		.byte	0
 466 0081 0A       		.uleb128 0xa
 467 0082 34       		.uleb128 0x34
 468 0083 00       		.byte	0
 469 0084 03       		.uleb128 0x3
 470 0085 0E       		.uleb128 0xe
 471 0086 3A       		.uleb128 0x3a
 472 0087 0B       		.uleb128 0xb
 473 0088 3B       		.uleb128 0x3b
 474 0089 05       		.uleb128 0x5
 475 008a 49       		.uleb128 0x49
 476 008b 13       		.uleb128 0x13
 477 008c 3F       		.uleb128 0x3f
 478 008d 19       		.uleb128 0x19
 479 008e 3C       		.uleb128 0x3c
 480 008f 19       		.uleb128 0x19
 481 0090 00       		.byte	0
ARM GAS  C:\Users\HENRYA~1\AppData\Local\Temp\ccw9zQv5.s 			page 10


 482 0091 00       		.byte	0
 483 0092 0B       		.uleb128 0xb
 484 0093 35       		.uleb128 0x35
 485 0094 00       		.byte	0
 486 0095 49       		.uleb128 0x49
 487 0096 13       		.uleb128 0x13
 488 0097 00       		.byte	0
 489 0098 00       		.byte	0
 490 0099 0C       		.uleb128 0xc
 491 009a 34       		.uleb128 0x34
 492 009b 00       		.byte	0
 493 009c 03       		.uleb128 0x3
 494 009d 0E       		.uleb128 0xe
 495 009e 3A       		.uleb128 0x3a
 496 009f 0B       		.uleb128 0xb
 497 00a0 3B       		.uleb128 0x3b
 498 00a1 0B       		.uleb128 0xb
 499 00a2 49       		.uleb128 0x49
 500 00a3 13       		.uleb128 0x13
 501 00a4 3F       		.uleb128 0x3f
 502 00a5 19       		.uleb128 0x19
 503 00a6 02       		.uleb128 0x2
 504 00a7 18       		.uleb128 0x18
 505 00a8 00       		.byte	0
 506 00a9 00       		.byte	0
 507 00aa 0D       		.uleb128 0xd
 508 00ab 2E       		.uleb128 0x2e
 509 00ac 00       		.byte	0
 510 00ad 3F       		.uleb128 0x3f
 511 00ae 19       		.uleb128 0x19
 512 00af 03       		.uleb128 0x3
 513 00b0 0E       		.uleb128 0xe
 514 00b1 3A       		.uleb128 0x3a
 515 00b2 0B       		.uleb128 0xb
 516 00b3 3B       		.uleb128 0x3b
 517 00b4 0B       		.uleb128 0xb
 518 00b5 27       		.uleb128 0x27
 519 00b6 19       		.uleb128 0x19
 520 00b7 49       		.uleb128 0x49
 521 00b8 13       		.uleb128 0x13
 522 00b9 3C       		.uleb128 0x3c
 523 00ba 19       		.uleb128 0x19
 524 00bb 00       		.byte	0
 525 00bc 00       		.byte	0
 526 00bd 0E       		.uleb128 0xe
 527 00be 2E       		.uleb128 0x2e
 528 00bf 00       		.byte	0
 529 00c0 3F       		.uleb128 0x3f
 530 00c1 19       		.uleb128 0x19
 531 00c2 03       		.uleb128 0x3
 532 00c3 0E       		.uleb128 0xe
 533 00c4 3A       		.uleb128 0x3a
 534 00c5 0B       		.uleb128 0xb
 535 00c6 3B       		.uleb128 0x3b
 536 00c7 0B       		.uleb128 0xb
 537 00c8 27       		.uleb128 0x27
 538 00c9 19       		.uleb128 0x19
ARM GAS  C:\Users\HENRYA~1\AppData\Local\Temp\ccw9zQv5.s 			page 11


 539 00ca 3C       		.uleb128 0x3c
 540 00cb 19       		.uleb128 0x19
 541 00cc 00       		.byte	0
 542 00cd 00       		.byte	0
 543 00ce 0F       		.uleb128 0xf
 544 00cf 2E       		.uleb128 0x2e
 545 00d0 01       		.byte	0x1
 546 00d1 3F       		.uleb128 0x3f
 547 00d2 19       		.uleb128 0x19
 548 00d3 03       		.uleb128 0x3
 549 00d4 0E       		.uleb128 0xe
 550 00d5 3A       		.uleb128 0x3a
 551 00d6 0B       		.uleb128 0xb
 552 00d7 3B       		.uleb128 0x3b
 553 00d8 0B       		.uleb128 0xb
 554 00d9 27       		.uleb128 0x27
 555 00da 19       		.uleb128 0x19
 556 00db 3C       		.uleb128 0x3c
 557 00dc 19       		.uleb128 0x19
 558 00dd 01       		.uleb128 0x1
 559 00de 13       		.uleb128 0x13
 560 00df 00       		.byte	0
 561 00e0 00       		.byte	0
 562 00e1 10       		.uleb128 0x10
 563 00e2 05       		.uleb128 0x5
 564 00e3 00       		.byte	0
 565 00e4 49       		.uleb128 0x49
 566 00e5 13       		.uleb128 0x13
 567 00e6 00       		.byte	0
 568 00e7 00       		.byte	0
 569 00e8 11       		.uleb128 0x11
 570 00e9 0F       		.uleb128 0xf
 571 00ea 00       		.byte	0
 572 00eb 0B       		.uleb128 0xb
 573 00ec 0B       		.uleb128 0xb
 574 00ed 49       		.uleb128 0x49
 575 00ee 13       		.uleb128 0x13
 576 00ef 00       		.byte	0
 577 00f0 00       		.byte	0
 578 00f1 12       		.uleb128 0x12
 579 00f2 26       		.uleb128 0x26
 580 00f3 00       		.byte	0
 581 00f4 49       		.uleb128 0x49
 582 00f5 13       		.uleb128 0x13
 583 00f6 00       		.byte	0
 584 00f7 00       		.byte	0
 585 00f8 13       		.uleb128 0x13
 586 00f9 2E       		.uleb128 0x2e
 587 00fa 00       		.byte	0
 588 00fb 3F       		.uleb128 0x3f
 589 00fc 19       		.uleb128 0x19
 590 00fd 03       		.uleb128 0x3
 591 00fe 0E       		.uleb128 0xe
 592 00ff 3A       		.uleb128 0x3a
 593 0100 0B       		.uleb128 0xb
 594 0101 3B       		.uleb128 0x3b
 595 0102 05       		.uleb128 0x5
ARM GAS  C:\Users\HENRYA~1\AppData\Local\Temp\ccw9zQv5.s 			page 12


 596 0103 27       		.uleb128 0x27
 597 0104 19       		.uleb128 0x19
 598 0105 3C       		.uleb128 0x3c
 599 0106 19       		.uleb128 0x19
 600 0107 00       		.byte	0
 601 0108 00       		.byte	0
 602 0109 14       		.uleb128 0x14
 603 010a 2E       		.uleb128 0x2e
 604 010b 01       		.byte	0x1
 605 010c 3F       		.uleb128 0x3f
 606 010d 19       		.uleb128 0x19
 607 010e 03       		.uleb128 0x3
 608 010f 0E       		.uleb128 0xe
 609 0110 3A       		.uleb128 0x3a
 610 0111 0B       		.uleb128 0xb
 611 0112 3B       		.uleb128 0x3b
 612 0113 0B       		.uleb128 0xb
 613 0114 27       		.uleb128 0x27
 614 0115 19       		.uleb128 0x19
 615 0116 3C       		.uleb128 0x3c
 616 0117 19       		.uleb128 0x19
 617 0118 00       		.byte	0
 618 0119 00       		.byte	0
 619 011a 00       		.byte	0
 620              		.section	.debug_aranges,"",%progbits
 621 0000 1C000000 		.4byte	0x1c
 622 0004 0200     		.2byte	0x2
 623 0006 00000000 		.4byte	.Ldebug_info0
 624 000a 04       		.byte	0x4
 625 000b 00       		.byte	0
 626 000c 0000     		.2byte	0
 627 000e 0000     		.2byte	0
 628 0010 00000000 		.4byte	.LFB63
 629 0014 40000000 		.4byte	.LFE63-.LFB63
 630 0018 00000000 		.4byte	0
 631 001c 00000000 		.4byte	0
 632              		.section	.debug_ranges,"",%progbits
 633              	.Ldebug_ranges0:
 634 0000 00000000 		.4byte	.LFB63
 635 0004 40000000 		.4byte	.LFE63
 636 0008 00000000 		.4byte	0
 637 000c 00000000 		.4byte	0
 638              		.section	.debug_line,"",%progbits
 639              	.Ldebug_line0:
 640 0000 A3010000 		.section	.debug_str,"MS",%progbits,1
 640      02007001 
 640      00000201 
 640      FB0E0D00 
 640      01010101 
 641              	.LASF9:
 642 0000 5F5F696E 		.ascii	"__int32_t\000"
 642      7433325F 
 642      7400
 643              	.LASF19:
 644 000a 6461746F 		.ascii	"dato_recibido\000"
 644      5F726563 
 644      69626964 
ARM GAS  C:\Users\HENRYA~1\AppData\Local\Temp\ccw9zQv5.s 			page 13


 644      6F00
 645              	.LASF27:
 646 0018 2E5C6D61 		.ascii	".\\main.c\000"
 646      696E2E63 
 646      00
 647              	.LASF28:
 648 0021 433A5C55 		.ascii	"C:\\Users\\Henry Alberto\\Desktop\\Protocolos\\CAN_"
 648      73657273 
 648      5C48656E 
 648      72792041 
 648      6C626572 
 649 004f 4144435F 		.ascii	"ADC_2_BIDIRECCIONAL.cydsn\000"
 649      325F4249 
 649      44495245 
 649      4343494F 
 649      4E414C2E 
 650              	.LASF13:
 651 0069 666C6F61 		.ascii	"float\000"
 651      7400
 652              	.LASF23:
 653 006f 4C43445F 		.ascii	"LCD_Char_1_Start\000"
 653      43686172 
 653      5F315F53 
 653      74617274 
 653      00
 654              	.LASF22:
 655 0080 4C43445F 		.ascii	"LCD_Char_1_PrintString\000"
 655      43686172 
 655      5F315F50 
 655      72696E74 
 655      53747269 
 656              	.LASF15:
 657 0097 63686172 		.ascii	"char8\000"
 657      3800
 658              	.LASF5:
 659 009d 6C6F6E67 		.ascii	"long unsigned int\000"
 659      20756E73 
 659      69676E65 
 659      6420696E 
 659      7400
 660              	.LASF3:
 661 00af 73686F72 		.ascii	"short unsigned int\000"
 661      7420756E 
 661      7369676E 
 661      65642069 
 661      6E7400
 662              	.LASF18:
 663 00c2 49544D5F 		.ascii	"ITM_RxBuffer\000"
 663      52784275 
 663      66666572 
 663      00
 664              	.LASF30:
 665 00cf 52585F43 		.ascii	"RX_CAN_Start\000"
 665      414E5F53 
 665      74617274 
 665      00
 666              	.LASF1:
ARM GAS  C:\Users\HENRYA~1\AppData\Local\Temp\ccw9zQv5.s 			page 14


 667 00dc 756E7369 		.ascii	"unsigned char\000"
 667      676E6564 
 667      20636861 
 667      7200
 668              	.LASF14:
 669 00ea 646F7562 		.ascii	"double\000"
 669      6C6500
 670              	.LASF29:
 671 00f1 6D61696E 		.ascii	"main\000"
 671      00
 672              	.LASF12:
 673 00f6 75696E74 		.ascii	"uint32\000"
 673      333200
 674              	.LASF20:
 675 00fd 6461746F 		.ascii	"dato_enviado\000"
 675      5F656E76 
 675      6961646F 
 675      00
 676              	.LASF8:
 677 010a 756E7369 		.ascii	"unsigned int\000"
 677      676E6564 
 677      20696E74 
 677      00
 678              	.LASF7:
 679 0117 6C6F6E67 		.ascii	"long long unsigned int\000"
 679      206C6F6E 
 679      6720756E 
 679      7369676E 
 679      65642069 
 680              	.LASF26:
 681 012e 474E5520 		.ascii	"GNU C 4.9.3 20150303 (release) [ARM/embedded-4_9-br"
 681      4320342E 
 681      392E3320 
 681      32303135 
 681      30333033 
 682 0161 616E6368 		.ascii	"anch revision 221220] -mcpu=cortex-m3 -mthumb -g -O"
 682      20726576 
 682      6973696F 
 682      6E203232 
 682      31323230 
 683 0194 67202D66 		.ascii	"g -ffunction-sections -ffat-lto-objects\000"
 683      66756E63 
 683      74696F6E 
 683      2D736563 
 683      74696F6E 
 684              	.LASF24:
 685 01bc 52585F43 		.ascii	"RX_CAN_ReceiveMsg0\000"
 685      414E5F52 
 685      65636569 
 685      76654D73 
 685      673000
 686              	.LASF10:
 687 01cf 696E7433 		.ascii	"int32_t\000"
 687      325F7400 
 688              	.LASF17:
 689 01d7 73697A65 		.ascii	"sizetype\000"
 689      74797065 
ARM GAS  C:\Users\HENRYA~1\AppData\Local\Temp\ccw9zQv5.s 			page 15


 689      00
 690              	.LASF6:
 691 01e0 6C6F6E67 		.ascii	"long long int\000"
 691      206C6F6E 
 691      6720696E 
 691      7400
 692              	.LASF16:
 693 01ee 63686172 		.ascii	"char\000"
 693      00
 694              	.LASF21:
 695 01f3 4C43445F 		.ascii	"LCD_Char_1_Position\000"
 695      43686172 
 695      5F315F50 
 695      6F736974 
 695      696F6E00 
 696              	.LASF31:
 697 0207 4C43445F 		.ascii	"LCD_Char_1_PrintInt8\000"
 697      43686172 
 697      5F315F50 
 697      72696E74 
 697      496E7438 
 698              	.LASF2:
 699 021c 73686F72 		.ascii	"short int\000"
 699      7420696E 
 699      7400
 700              	.LASF11:
 701 0226 75696E74 		.ascii	"uint8\000"
 701      3800
 702              	.LASF4:
 703 022c 6C6F6E67 		.ascii	"long int\000"
 703      20696E74 
 703      00
 704              	.LASF0:
 705 0235 7369676E 		.ascii	"signed char\000"
 705      65642063 
 705      68617200 
 706              	.LASF25:
 707 0241 43794465 		.ascii	"CyDelay\000"
 707      6C617900 
 708              		.ident	"GCC: (GNU Tools for ARM Embedded Processors) 4.9.3 20150303 (release) [ARM/embedded-4_9-br
