#***************************************************************************

#sjplacer

#Version:            1.1

#Build Date:         Jul 19 2017 14:31:00

#File Generated:     Jan 14 2018 21:44:41

#Purpose:            

#Copyright (C) 2010-2011 by Softjin Technologies Pvt Ltd. All rights reserved.

#***************************************************************************

Executing : C:\Program Files (x86)\Cypress\PSoC Creator\4.1\PSoC Creator\bin/sjplacer.exe --proj-name Module --netlist-vh2 Module_p.vh2 --arch p4_udb2x2 --arch-file C:\Program Files (x86)\Cypress\PSoC Creator\4.1\PSoC Creator\dev\arch/udbdsi_2x2_04.cydata --ip-file C:\Program Files (x86)\Cypress\PSoC Creator\4.1\PSoC Creator\dev\psoc4/4/ip_blocks.cydata --rrg-file C:\Program Files (x86)\Cypress\PSoC Creator\4.1\PSoC Creator\dev\psoc4/4/route_arch-rrg.cydata --irq-file C:\Program Files (x86)\Cypress\PSoC Creator\4.1\PSoC Creator\dev\psoc4/4/irqconn.cydata --drq-file C:\Program Files (x86)\Cypress\PSoC Creator\4.1\PSoC Creator\dev\psoc4/4/triggerconn.cydata --dsi-conn-file C:\Program Files (x86)\Cypress\PSoC Creator\4.1\PSoC Creator\dev\psoc4/4/dsiconn.cydata --pins-file pins_64-TQFP.xml --lib-file Module_p.lib --sdc-file Module.sdc --io-pcf Module.pci --outdir .

		Softjin Techologies Placer, Version 1.1

Build Date : Jul 19 2017	14:29:55

D2004: Option and Settings Summary
=============================================================
Netlist vh2 file          - Module_p.vh2
Architecture file         - C:\Program Files (x86)\Cypress\PSoC Creator\4.1\PSoC Creator\dev\arch/udbdsi_2x2_04.cydata
Package                   - 
Defparam file             - 
SDC file                  - Module.sdc
Output directory          - .
Timing library            - Module_p.lib
IO Placement file         - Module.pci

D2050: Starting reading inputs for placer
=============================================================
D2065: Reading netlist file : "Module_p.vh2"
D2065: Reading arch file : "C:\Program Files (x86)\Cypress\PSoC Creator\4.1\PSoC Creator\dev\arch/udbdsi_2x2_04.cydata"
D2051: Reading of inputs for placer completed successfully

D2053: Starting placement of the design
=============================================================

Phase 2
Phase 3

Design Statistics after Packing
    Number of Combinational MCs 	:	8
    Number of Sequential MCs    	:	14
    Number of DPs               	:	3
    Number of Controls          	:	2
    Number of Status            	:	2
    Number of SyncCells         	:	0
    Number of count7cells       	:	1

Device Utilization Summary after Packing
    Macrocells                  :	22/32
    UDBS                        :	4/4
    IOs                         :	16/51


D2088: Phase 3, elapsed time : 0.0 (sec)

Phase 4
D2088: Phase 4, elapsed time : 0.0 (sec)

Phase 6

######################################################################
Placement Timing Summary

The timing summary is based on estimated routing delays after
placement. For final timing report, please carry out the timing
analysis after routing.
======================================================================

######################################################################
                     Clock Summary 
======================================================================
Number of clocks: 17
Clock: CyHFCLK              | Frequency:  36.0 MHz | Target:  24.0 MHz
Clock: CyILO                | Frequency: N/A       | Target:   0.0 MHz
Clock: CyIMO                | Frequency: N/A       | Target:  24.0 MHz
Clock: CyLFCLK              | Frequency: N/A       | Target:   0.0 MHz
Clock: CyRouted1            | Frequency: N/A       | Target:  24.0 MHz
Clock: CySYSCLK             | Frequency: N/A       | Target:  24.0 MHz
Clock: CyWCO                | Frequency: N/A       | Target:   0.0 MHz
Clock: MOTOR_IntClock       | Frequency:  41.7 MHz | Target:   0.1 MHz
Clock: RX_IntClock          | Frequency:  36.0 MHz | Target:   0.1 MHz
Clock: SENSOR_1_SCBCLK      | Frequency: N/A       | Target:   1.6 MHz
Clock: SENSOR_1_SCBCLK(FFB) | Frequency: N/A       | Target:   1.6 MHz
Clock: SENSOR_2_SCBCLK      | Frequency: N/A       | Target:   1.6 MHz
Clock: SENSOR_2_SCBCLK(FFB) | Frequency: N/A       | Target:   1.6 MHz
Clock: SENSOR_3_SCBCLK      | Frequency: N/A       | Target:   1.6 MHz
Clock: SENSOR_3_SCBCLK(FFB) | Frequency: N/A       | Target:   1.6 MHz
Clock: SENSOR_4_SCBCLK      | Frequency: N/A       | Target:   1.6 MHz
Clock: SENSOR_4_SCBCLK(FFB) | Frequency: N/A       | Target:   1.6 MHz

======================================================================
                     End of Clock Summary
######################################################################

D2088: Phase 6, elapsed time : 0.1 (sec)

Phase 7
######################################################################
                     Clock Summary 
======================================================================
Number of clocks: 17
Clock: CyHFCLK              | Frequency:   1.1 MHz | Target:  24.0 MHz
Clock: CyILO                | Frequency: N/A       | Target:   0.0 MHz
Clock: CyIMO                | Frequency: N/A       | Target:  24.0 MHz
Clock: CyLFCLK              | Frequency: N/A       | Target:   0.0 MHz
Clock: CyRouted1            | Frequency: N/A       | Target:  24.0 MHz
Clock: CySYSCLK             | Frequency: N/A       | Target:  24.0 MHz
Clock: CyWCO                | Frequency: N/A       | Target:   0.0 MHz
Clock: MOTOR_IntClock       | Frequency:  43.8 MHz | Target:   0.1 MHz
Clock: RX_IntClock          | Frequency:   1.1 MHz | Target:   0.1 MHz
Clock: SENSOR_1_SCBCLK      | Frequency: N/A       | Target:   1.6 MHz
Clock: SENSOR_1_SCBCLK(FFB) | Frequency: N/A       | Target:   1.6 MHz
Clock: SENSOR_2_SCBCLK      | Frequency: N/A       | Target:   1.6 MHz
Clock: SENSOR_2_SCBCLK(FFB) | Frequency: N/A       | Target:   1.6 MHz
Clock: SENSOR_3_SCBCLK      | Frequency: N/A       | Target:   1.6 MHz
Clock: SENSOR_3_SCBCLK(FFB) | Frequency: N/A       | Target:   1.6 MHz
Clock: SENSOR_4_SCBCLK      | Frequency: N/A       | Target:   1.6 MHz
Clock: SENSOR_4_SCBCLK(FFB) | Frequency: N/A       | Target:   1.6 MHz

======================================================================
                     End of Clock Summary
######################################################################
D2088: Phase 7, elapsed time : 0.4 (sec)

Final Design Statistics
    Number of Combinational MCs 	:	8
    Number of Sequential MCs    	:	14
    Number of DPs               	:	3
    Number of Controls          	:	2
    Number of Status            	:	2
    Number of SyncCells         	:	0
    Number of count7cells       	:	1
    Number of IOs       	:	16

Device Utilization Summary
    Macrocells                  :	22/32
    IOs                         :	16/51



######################################################################
Placement Timing Summary

The timing summary is based on estimated routing delays after
placement. For final timing report, please carry out the timing
analysis after routing.
======================================================================


######################################################################
                     Clock Summary 
======================================================================
Number of clocks: 17
Clock: CyHFCLK              | Frequency:   1.1 MHz | Target:  24.0 MHz
Clock: CyILO                | Frequency: N/A       | Target:   0.0 MHz
Clock: CyIMO                | Frequency: N/A       | Target:  24.0 MHz
Clock: CyLFCLK              | Frequency: N/A       | Target:   0.0 MHz
Clock: CyRouted1            | Frequency: N/A       | Target:  24.0 MHz
Clock: CySYSCLK             | Frequency: N/A       | Target:  24.0 MHz
Clock: CyWCO                | Frequency: N/A       | Target:   0.0 MHz
Clock: MOTOR_IntClock       | Frequency:  43.8 MHz | Target:   0.1 MHz
Clock: RX_IntClock          | Frequency:   1.1 MHz | Target:   0.1 MHz
Clock: SENSOR_1_SCBCLK      | Frequency: N/A       | Target:   1.6 MHz
Clock: SENSOR_1_SCBCLK(FFB) | Frequency: N/A       | Target:   1.6 MHz
Clock: SENSOR_2_SCBCLK      | Frequency: N/A       | Target:   1.6 MHz
Clock: SENSOR_2_SCBCLK(FFB) | Frequency: N/A       | Target:   1.6 MHz
Clock: SENSOR_3_SCBCLK      | Frequency: N/A       | Target:   1.6 MHz
Clock: SENSOR_3_SCBCLK(FFB) | Frequency: N/A       | Target:   1.6 MHz
Clock: SENSOR_4_SCBCLK      | Frequency: N/A       | Target:   1.6 MHz
Clock: SENSOR_4_SCBCLK(FFB) | Frequency: N/A       | Target:   1.6 MHz

======================================================================
                     End of Clock Summary
######################################################################

Phase 8
D2088: Phase 8, elapsed time : 0.0 (sec)

D2054: Placement of the design completed successfully

I2076: Total run-time: 1.3 sec.

