ARM GAS  C:\Users\HENRYA~1\AppData\Local\Temp\ccn1LNRY.s 			page 1


   1              		.syntax unified
   2              		.cpu cortex-m0
   3              		.fpu softvfp
   4              		.eabi_attribute 20, 1
   5              		.eabi_attribute 21, 1
   6              		.eabi_attribute 23, 3
   7              		.eabi_attribute 24, 1
   8              		.eabi_attribute 25, 1
   9              		.eabi_attribute 26, 1
  10              		.eabi_attribute 30, 1
  11              		.eabi_attribute 34, 0
  12              		.eabi_attribute 18, 4
  13              		.thumb
  14              		.syntax unified
  15              		.file	"CAN_INT.c"
  16              		.text
  17              	.Ltext0:
  18              		.cfi_sections	.debug_frame
  19              		.section	.text.CAN_BusOffIsr,"ax",%progbits
  20              		.align	2
  21              		.global	CAN_BusOffIsr
  22              		.code	16
  23              		.thumb_func
  24              		.type	CAN_BusOffIsr, %function
  25              	CAN_BusOffIsr:
  26              	.LFB1:
  27              		.file 1 "Generated_Source\\PSoC4\\CAN_INT.c"
   1:Generated_Source\PSoC4/CAN_INT.c **** /*******************************************************************************
   2:Generated_Source\PSoC4/CAN_INT.c **** * File Name: CAN_INT.c
   3:Generated_Source\PSoC4/CAN_INT.c **** * Version 3.0
   4:Generated_Source\PSoC4/CAN_INT.c **** *
   5:Generated_Source\PSoC4/CAN_INT.c **** * Description:
   6:Generated_Source\PSoC4/CAN_INT.c **** *  This file contains Interrupt Service Routine (ISR) for CAN Component.
   7:Generated_Source\PSoC4/CAN_INT.c **** *  The Interrupt handlers functions are generated accordingly to the PSoC
   8:Generated_Source\PSoC4/CAN_INT.c **** *  Creator Customizer inputs.
   9:Generated_Source\PSoC4/CAN_INT.c **** *
  10:Generated_Source\PSoC4/CAN_INT.c **** * Note:
  11:Generated_Source\PSoC4/CAN_INT.c **** *  None
  12:Generated_Source\PSoC4/CAN_INT.c **** *
  13:Generated_Source\PSoC4/CAN_INT.c **** ********************************************************************************
  14:Generated_Source\PSoC4/CAN_INT.c **** * Copyright 2008-2015, Cypress Semiconductor Corporation.  All rights reserved.
  15:Generated_Source\PSoC4/CAN_INT.c **** * You may use this file only in accordance with the license, terms, conditions,
  16:Generated_Source\PSoC4/CAN_INT.c **** * disclaimers, and limitations in the end user license agreement accompanying
  17:Generated_Source\PSoC4/CAN_INT.c **** * the software package with which this file was provided.
  18:Generated_Source\PSoC4/CAN_INT.c **** *******************************************************************************/
  19:Generated_Source\PSoC4/CAN_INT.c **** 
  20:Generated_Source\PSoC4/CAN_INT.c **** #include "CAN.h"
  21:Generated_Source\PSoC4/CAN_INT.c **** #include "cyapicallbacks.h"
  22:Generated_Source\PSoC4/CAN_INT.c **** 
  23:Generated_Source\PSoC4/CAN_INT.c **** /* `#START CAN_INT_C_CODE_DEFINITION` */
  24:Generated_Source\PSoC4/CAN_INT.c **** 
  25:Generated_Source\PSoC4/CAN_INT.c **** /* `#END` */
  26:Generated_Source\PSoC4/CAN_INT.c **** 
  27:Generated_Source\PSoC4/CAN_INT.c **** #if (CAN_ARB_LOST)
  28:Generated_Source\PSoC4/CAN_INT.c ****     /*******************************************************************************
  29:Generated_Source\PSoC4/CAN_INT.c ****     * FUNCTION NAME:   CAN_ArbLostIsr
  30:Generated_Source\PSoC4/CAN_INT.c ****     ********************************************************************************
ARM GAS  C:\Users\HENRYA~1\AppData\Local\Temp\ccn1LNRY.s 			page 2


  31:Generated_Source\PSoC4/CAN_INT.c ****     *
  32:Generated_Source\PSoC4/CAN_INT.c ****     * Summary:
  33:Generated_Source\PSoC4/CAN_INT.c ****     *  This function is entry point to Arbitration Lost Interrupt. Clears
  34:Generated_Source\PSoC4/CAN_INT.c ****     *  Arbitration Lost interrupt flag. Only generated if Arbitration Lost
  35:Generated_Source\PSoC4/CAN_INT.c ****     *  Interrupt enable in Customizer.
  36:Generated_Source\PSoC4/CAN_INT.c ****     *
  37:Generated_Source\PSoC4/CAN_INT.c ****     * Parameters:
  38:Generated_Source\PSoC4/CAN_INT.c ****     *  None.
  39:Generated_Source\PSoC4/CAN_INT.c ****     *
  40:Generated_Source\PSoC4/CAN_INT.c ****     * Return:
  41:Generated_Source\PSoC4/CAN_INT.c ****     *  None.
  42:Generated_Source\PSoC4/CAN_INT.c ****     *
  43:Generated_Source\PSoC4/CAN_INT.c ****     * Reentrant:
  44:Generated_Source\PSoC4/CAN_INT.c ****     *  Depends on Customer code.
  45:Generated_Source\PSoC4/CAN_INT.c ****     *
  46:Generated_Source\PSoC4/CAN_INT.c ****     *******************************************************************************/
  47:Generated_Source\PSoC4/CAN_INT.c ****     void CAN_ArbLostIsr(void) 
  48:Generated_Source\PSoC4/CAN_INT.c ****     {
  49:Generated_Source\PSoC4/CAN_INT.c ****         /* Clear Arbitration Lost flag */
  50:Generated_Source\PSoC4/CAN_INT.c ****         CAN_INT_SR_REG = CAN_ARBITRATION_LOST_MASK;
  51:Generated_Source\PSoC4/CAN_INT.c **** 
  52:Generated_Source\PSoC4/CAN_INT.c ****         /* `#START ARBITRATION_LOST_ISR` */
  53:Generated_Source\PSoC4/CAN_INT.c **** 
  54:Generated_Source\PSoC4/CAN_INT.c ****         /* `#END` */
  55:Generated_Source\PSoC4/CAN_INT.c **** 
  56:Generated_Source\PSoC4/CAN_INT.c ****         #ifdef CAN_ARB_LOST_ISR_CALLBACK
  57:Generated_Source\PSoC4/CAN_INT.c ****             CAN_ArbLostIsr_Callback();
  58:Generated_Source\PSoC4/CAN_INT.c ****         #endif /* CAN_ARB_LOST_ISR_CALLBACK */
  59:Generated_Source\PSoC4/CAN_INT.c ****     }
  60:Generated_Source\PSoC4/CAN_INT.c **** #endif /* CAN_ARB_LOST */
  61:Generated_Source\PSoC4/CAN_INT.c **** 
  62:Generated_Source\PSoC4/CAN_INT.c **** 
  63:Generated_Source\PSoC4/CAN_INT.c **** #if (CAN_OVERLOAD)
  64:Generated_Source\PSoC4/CAN_INT.c ****     /*******************************************************************************
  65:Generated_Source\PSoC4/CAN_INT.c ****     * FUNCTION NAME:   CAN_OvrLdErrorIsr
  66:Generated_Source\PSoC4/CAN_INT.c ****     ********************************************************************************
  67:Generated_Source\PSoC4/CAN_INT.c ****     *
  68:Generated_Source\PSoC4/CAN_INT.c ****     * Summary:
  69:Generated_Source\PSoC4/CAN_INT.c ****     *  This function is entry point to Overload Error Interrupt. Clears Overload
  70:Generated_Source\PSoC4/CAN_INT.c ****     *  Error interrupt flag. Only generated if Overload Error Interrupt enable
  71:Generated_Source\PSoC4/CAN_INT.c ****     *  in Customizer.
  72:Generated_Source\PSoC4/CAN_INT.c ****     *
  73:Generated_Source\PSoC4/CAN_INT.c ****     * Parameters:
  74:Generated_Source\PSoC4/CAN_INT.c ****     *  None.
  75:Generated_Source\PSoC4/CAN_INT.c ****     *
  76:Generated_Source\PSoC4/CAN_INT.c ****     * Return:
  77:Generated_Source\PSoC4/CAN_INT.c ****     *  None.
  78:Generated_Source\PSoC4/CAN_INT.c ****     *
  79:Generated_Source\PSoC4/CAN_INT.c ****     * Reentrant:
  80:Generated_Source\PSoC4/CAN_INT.c ****     *  Depends on Customer code.
  81:Generated_Source\PSoC4/CAN_INT.c ****     *
  82:Generated_Source\PSoC4/CAN_INT.c ****     *******************************************************************************/
  83:Generated_Source\PSoC4/CAN_INT.c ****     void CAN_OvrLdErrorIsr(void) 
  84:Generated_Source\PSoC4/CAN_INT.c ****     {
  85:Generated_Source\PSoC4/CAN_INT.c ****         /* Clear Overload Error flag */
  86:Generated_Source\PSoC4/CAN_INT.c ****         CAN_INT_SR_REG = CAN_OVERLOAD_ERROR_MASK;
  87:Generated_Source\PSoC4/CAN_INT.c **** 
ARM GAS  C:\Users\HENRYA~1\AppData\Local\Temp\ccn1LNRY.s 			page 3


  88:Generated_Source\PSoC4/CAN_INT.c ****         /* `#START OVER_LOAD_ERROR_ISR` */
  89:Generated_Source\PSoC4/CAN_INT.c **** 
  90:Generated_Source\PSoC4/CAN_INT.c ****         /* `#END` */
  91:Generated_Source\PSoC4/CAN_INT.c **** 
  92:Generated_Source\PSoC4/CAN_INT.c ****         #ifdef CAN_OVR_LD_ERROR_ISR_CALLBACK
  93:Generated_Source\PSoC4/CAN_INT.c ****             CAN_OvrLdErrorIsr_Callback();
  94:Generated_Source\PSoC4/CAN_INT.c ****         #endif /* CAN_OVR_LD_ERROR_ISR_CALLBACK */
  95:Generated_Source\PSoC4/CAN_INT.c ****     }
  96:Generated_Source\PSoC4/CAN_INT.c **** #endif /* CAN_OVERLOAD */
  97:Generated_Source\PSoC4/CAN_INT.c **** 
  98:Generated_Source\PSoC4/CAN_INT.c **** 
  99:Generated_Source\PSoC4/CAN_INT.c **** #if (CAN_BIT_ERR)
 100:Generated_Source\PSoC4/CAN_INT.c ****     /*******************************************************************************
 101:Generated_Source\PSoC4/CAN_INT.c ****     * FUNCTION NAME:   CAN_BitErrorIsr
 102:Generated_Source\PSoC4/CAN_INT.c ****     ********************************************************************************
 103:Generated_Source\PSoC4/CAN_INT.c ****     *
 104:Generated_Source\PSoC4/CAN_INT.c ****     * Summary:
 105:Generated_Source\PSoC4/CAN_INT.c ****     *  This function is entry point to Bit Error Interrupt. Clears Bit Error
 106:Generated_Source\PSoC4/CAN_INT.c ****     *  interrupt flag. Only generated if Bit Error Interrupt enable in Customizer.
 107:Generated_Source\PSoC4/CAN_INT.c ****     *
 108:Generated_Source\PSoC4/CAN_INT.c ****     * Parameters:
 109:Generated_Source\PSoC4/CAN_INT.c ****     *  None.
 110:Generated_Source\PSoC4/CAN_INT.c ****     *
 111:Generated_Source\PSoC4/CAN_INT.c ****     * Return:
 112:Generated_Source\PSoC4/CAN_INT.c ****     *  None.
 113:Generated_Source\PSoC4/CAN_INT.c ****     *
 114:Generated_Source\PSoC4/CAN_INT.c ****     * Reentrant:
 115:Generated_Source\PSoC4/CAN_INT.c ****     *  Depends on Customer code.
 116:Generated_Source\PSoC4/CAN_INT.c ****     *
 117:Generated_Source\PSoC4/CAN_INT.c ****     *******************************************************************************/
 118:Generated_Source\PSoC4/CAN_INT.c ****     void CAN_BitErrorIsr(void) 
 119:Generated_Source\PSoC4/CAN_INT.c ****     {
 120:Generated_Source\PSoC4/CAN_INT.c ****         /* Clear Bit Error flag */
 121:Generated_Source\PSoC4/CAN_INT.c ****         CAN_INT_SR_REG = CAN_BIT_ERROR_MASK;
 122:Generated_Source\PSoC4/CAN_INT.c **** 
 123:Generated_Source\PSoC4/CAN_INT.c ****         /* `#START BIT_ERROR_ISR` */
 124:Generated_Source\PSoC4/CAN_INT.c **** 
 125:Generated_Source\PSoC4/CAN_INT.c ****         /* `#END` */
 126:Generated_Source\PSoC4/CAN_INT.c **** 
 127:Generated_Source\PSoC4/CAN_INT.c ****         #ifdef CAN_BIT_ERROR_ISR_CALLBACK
 128:Generated_Source\PSoC4/CAN_INT.c ****             CAN_BitErrorIsr_Callback();
 129:Generated_Source\PSoC4/CAN_INT.c ****         #endif /* CAN_BIT_ERROR_ISR_CALLBACK */
 130:Generated_Source\PSoC4/CAN_INT.c ****     }
 131:Generated_Source\PSoC4/CAN_INT.c **** #endif /* CAN_BIT_ERR */
 132:Generated_Source\PSoC4/CAN_INT.c **** 
 133:Generated_Source\PSoC4/CAN_INT.c **** 
 134:Generated_Source\PSoC4/CAN_INT.c **** #if (CAN_STUFF_ERR)
 135:Generated_Source\PSoC4/CAN_INT.c ****     /*******************************************************************************
 136:Generated_Source\PSoC4/CAN_INT.c ****     * FUNCTION NAME:   CAN_BitStuffErrorIsr
 137:Generated_Source\PSoC4/CAN_INT.c ****     ********************************************************************************
 138:Generated_Source\PSoC4/CAN_INT.c ****     *
 139:Generated_Source\PSoC4/CAN_INT.c ****     * Summary:
 140:Generated_Source\PSoC4/CAN_INT.c ****     *  This function is entry point to Bit Stuff Error Interrupt. Clears Bit Stuff
 141:Generated_Source\PSoC4/CAN_INT.c ****     *  Error interrupt flag. Only generated if Bit Stuff Error Interrupt enable
 142:Generated_Source\PSoC4/CAN_INT.c ****     *  in Customizer.
 143:Generated_Source\PSoC4/CAN_INT.c ****     *
 144:Generated_Source\PSoC4/CAN_INT.c ****     * Parameters:
ARM GAS  C:\Users\HENRYA~1\AppData\Local\Temp\ccn1LNRY.s 			page 4


 145:Generated_Source\PSoC4/CAN_INT.c ****     *  None.
 146:Generated_Source\PSoC4/CAN_INT.c ****     *
 147:Generated_Source\PSoC4/CAN_INT.c ****     * Return:
 148:Generated_Source\PSoC4/CAN_INT.c ****     *  None.
 149:Generated_Source\PSoC4/CAN_INT.c ****     *
 150:Generated_Source\PSoC4/CAN_INT.c ****     * Reentrant:
 151:Generated_Source\PSoC4/CAN_INT.c ****     *  Depends on Customer code.
 152:Generated_Source\PSoC4/CAN_INT.c ****     *
 153:Generated_Source\PSoC4/CAN_INT.c ****     *******************************************************************************/
 154:Generated_Source\PSoC4/CAN_INT.c ****     void CAN_BitStuffErrorIsr(void) 
 155:Generated_Source\PSoC4/CAN_INT.c ****     {
 156:Generated_Source\PSoC4/CAN_INT.c ****         /* Clear Stuff Error flag */
 157:Generated_Source\PSoC4/CAN_INT.c ****         CAN_INT_SR_REG = CAN_STUFF_ERROR_MASK;
 158:Generated_Source\PSoC4/CAN_INT.c **** 
 159:Generated_Source\PSoC4/CAN_INT.c ****         /* `#START BIT_STUFF_ERROR_ISR` */
 160:Generated_Source\PSoC4/CAN_INT.c **** 
 161:Generated_Source\PSoC4/CAN_INT.c ****         /* `#END` */
 162:Generated_Source\PSoC4/CAN_INT.c **** 
 163:Generated_Source\PSoC4/CAN_INT.c ****         #ifdef CAN_BIT_STUFF_ERROR_ISR_CALLBACK
 164:Generated_Source\PSoC4/CAN_INT.c ****             CAN_BitStuffErrorIsr_Callback();
 165:Generated_Source\PSoC4/CAN_INT.c ****         #endif /* CAN_BIT_STUFF_ERROR_ISR_CALLBACK */
 166:Generated_Source\PSoC4/CAN_INT.c ****     }
 167:Generated_Source\PSoC4/CAN_INT.c **** #endif /* CAN_STUFF_ERR */
 168:Generated_Source\PSoC4/CAN_INT.c **** 
 169:Generated_Source\PSoC4/CAN_INT.c **** 
 170:Generated_Source\PSoC4/CAN_INT.c **** #if (CAN_ACK_ERR)
 171:Generated_Source\PSoC4/CAN_INT.c ****     /*******************************************************************************
 172:Generated_Source\PSoC4/CAN_INT.c ****     * FUNCTION NAME:   CAN_AckErrorIsr
 173:Generated_Source\PSoC4/CAN_INT.c ****     ********************************************************************************
 174:Generated_Source\PSoC4/CAN_INT.c ****     *
 175:Generated_Source\PSoC4/CAN_INT.c ****     * Summary:
 176:Generated_Source\PSoC4/CAN_INT.c ****     *  This function is entry point to Acknowledge Error Interrupt. Clears
 177:Generated_Source\PSoC4/CAN_INT.c ****     *  Acknowledge Error interrupt flag. Only generated if Acknowledge Error
 178:Generated_Source\PSoC4/CAN_INT.c ****     *  Interrupt enable in Customizer.
 179:Generated_Source\PSoC4/CAN_INT.c ****     *
 180:Generated_Source\PSoC4/CAN_INT.c ****     * Parameters:
 181:Generated_Source\PSoC4/CAN_INT.c ****     *  None.
 182:Generated_Source\PSoC4/CAN_INT.c ****     *
 183:Generated_Source\PSoC4/CAN_INT.c ****     * Return:
 184:Generated_Source\PSoC4/CAN_INT.c ****     *  None.
 185:Generated_Source\PSoC4/CAN_INT.c ****     *
 186:Generated_Source\PSoC4/CAN_INT.c ****     * Reentrant:
 187:Generated_Source\PSoC4/CAN_INT.c ****     *  Depends on Customer code.
 188:Generated_Source\PSoC4/CAN_INT.c ****     *
 189:Generated_Source\PSoC4/CAN_INT.c ****     *******************************************************************************/
 190:Generated_Source\PSoC4/CAN_INT.c ****     void CAN_AckErrorIsr(void) 
 191:Generated_Source\PSoC4/CAN_INT.c ****     {
 192:Generated_Source\PSoC4/CAN_INT.c ****         /* Clear Acknoledge Error flag */
 193:Generated_Source\PSoC4/CAN_INT.c ****         CAN_INT_SR_REG = CAN_ACK_ERROR_MASK;
 194:Generated_Source\PSoC4/CAN_INT.c **** 
 195:Generated_Source\PSoC4/CAN_INT.c ****         /* `#START ACKNOWLEDGE_ERROR_ISR` */
 196:Generated_Source\PSoC4/CAN_INT.c **** 
 197:Generated_Source\PSoC4/CAN_INT.c ****         /* `#END` */
 198:Generated_Source\PSoC4/CAN_INT.c **** 
 199:Generated_Source\PSoC4/CAN_INT.c ****         #ifdef CAN_ACK_ERROR_ISR_CALLBACK
 200:Generated_Source\PSoC4/CAN_INT.c ****             CAN_AckErrorIsr_Callback();
 201:Generated_Source\PSoC4/CAN_INT.c ****         #endif /* CAN_ACK_ERROR_ISR_CALLBACK */
ARM GAS  C:\Users\HENRYA~1\AppData\Local\Temp\ccn1LNRY.s 			page 5


 202:Generated_Source\PSoC4/CAN_INT.c ****     }
 203:Generated_Source\PSoC4/CAN_INT.c **** #endif /* CAN_ACK_ERR */
 204:Generated_Source\PSoC4/CAN_INT.c **** 
 205:Generated_Source\PSoC4/CAN_INT.c **** 
 206:Generated_Source\PSoC4/CAN_INT.c **** #if (CAN_FORM_ERR)
 207:Generated_Source\PSoC4/CAN_INT.c ****     /*******************************************************************************
 208:Generated_Source\PSoC4/CAN_INT.c ****     * FUNCTION NAME:   CAN_MsgErrorIsr
 209:Generated_Source\PSoC4/CAN_INT.c ****     ********************************************************************************
 210:Generated_Source\PSoC4/CAN_INT.c ****     *
 211:Generated_Source\PSoC4/CAN_INT.c ****     * Summary:
 212:Generated_Source\PSoC4/CAN_INT.c ****     *  This function is entry point to Form Error Interrupt. Clears Form Error
 213:Generated_Source\PSoC4/CAN_INT.c ****     *  interrupt flag. Only generated if Form Error Interrupt enable in Customizer.
 214:Generated_Source\PSoC4/CAN_INT.c ****     *
 215:Generated_Source\PSoC4/CAN_INT.c ****     * Parameters:
 216:Generated_Source\PSoC4/CAN_INT.c ****     *  None.
 217:Generated_Source\PSoC4/CAN_INT.c ****     *
 218:Generated_Source\PSoC4/CAN_INT.c ****     * Return:
 219:Generated_Source\PSoC4/CAN_INT.c ****     *  None.
 220:Generated_Source\PSoC4/CAN_INT.c ****     *
 221:Generated_Source\PSoC4/CAN_INT.c ****     * Reentrant:
 222:Generated_Source\PSoC4/CAN_INT.c ****     *  Depends on Customer code.
 223:Generated_Source\PSoC4/CAN_INT.c ****     *
 224:Generated_Source\PSoC4/CAN_INT.c ****     *******************************************************************************/
 225:Generated_Source\PSoC4/CAN_INT.c ****     void CAN_MsgErrorIsr(void) 
 226:Generated_Source\PSoC4/CAN_INT.c ****     {
 227:Generated_Source\PSoC4/CAN_INT.c ****         /* Clear Form Error flag */
 228:Generated_Source\PSoC4/CAN_INT.c ****         CAN_INT_SR_REG = CAN_FORM_ERROR_MASK;
 229:Generated_Source\PSoC4/CAN_INT.c **** 
 230:Generated_Source\PSoC4/CAN_INT.c ****         /* `#START MESSAGE_ERROR_ISR` */
 231:Generated_Source\PSoC4/CAN_INT.c **** 
 232:Generated_Source\PSoC4/CAN_INT.c ****         /* `#END` */
 233:Generated_Source\PSoC4/CAN_INT.c **** 
 234:Generated_Source\PSoC4/CAN_INT.c ****         #ifdef CAN_MSG_ERROR_ISR_CALLBACK
 235:Generated_Source\PSoC4/CAN_INT.c ****             CAN_MsgErrorIsr_Callback();
 236:Generated_Source\PSoC4/CAN_INT.c ****         #endif /* CAN_MSG_ERROR_ISR_CALLBACK */
 237:Generated_Source\PSoC4/CAN_INT.c ****     }
 238:Generated_Source\PSoC4/CAN_INT.c **** #endif /* CAN_FORM_ERR */
 239:Generated_Source\PSoC4/CAN_INT.c **** 
 240:Generated_Source\PSoC4/CAN_INT.c **** 
 241:Generated_Source\PSoC4/CAN_INT.c **** #if (CAN_CRC_ERR)
 242:Generated_Source\PSoC4/CAN_INT.c ****     /*******************************************************************************
 243:Generated_Source\PSoC4/CAN_INT.c ****     * FUNCTION NAME:   CAN_CrcErrorIsr
 244:Generated_Source\PSoC4/CAN_INT.c ****     ********************************************************************************
 245:Generated_Source\PSoC4/CAN_INT.c ****     *
 246:Generated_Source\PSoC4/CAN_INT.c ****     * Summary:
 247:Generated_Source\PSoC4/CAN_INT.c ****     *  This function is entry point to CRC Error Interrupt. Clears CRC Error
 248:Generated_Source\PSoC4/CAN_INT.c ****     *  interrupt flag. Only generated if CRC Error Interrupt enable in Customizer.
 249:Generated_Source\PSoC4/CAN_INT.c ****     *
 250:Generated_Source\PSoC4/CAN_INT.c ****     * Parameters:
 251:Generated_Source\PSoC4/CAN_INT.c ****     *  None.
 252:Generated_Source\PSoC4/CAN_INT.c ****     *
 253:Generated_Source\PSoC4/CAN_INT.c ****     * Return:
 254:Generated_Source\PSoC4/CAN_INT.c ****     *  None.
 255:Generated_Source\PSoC4/CAN_INT.c ****     *
 256:Generated_Source\PSoC4/CAN_INT.c ****     * Reentrant:
 257:Generated_Source\PSoC4/CAN_INT.c ****     *  Depends on Customer code.
 258:Generated_Source\PSoC4/CAN_INT.c ****     *
ARM GAS  C:\Users\HENRYA~1\AppData\Local\Temp\ccn1LNRY.s 			page 6


 259:Generated_Source\PSoC4/CAN_INT.c ****     *******************************************************************************/
 260:Generated_Source\PSoC4/CAN_INT.c ****     void CAN_CrcErrorIsr(void) 
 261:Generated_Source\PSoC4/CAN_INT.c ****     {
 262:Generated_Source\PSoC4/CAN_INT.c ****         /* Clear CRC Error flag */
 263:Generated_Source\PSoC4/CAN_INT.c ****         CAN_INT_SR_REG = CAN_CRC_ERROR_MASK;
 264:Generated_Source\PSoC4/CAN_INT.c **** 
 265:Generated_Source\PSoC4/CAN_INT.c ****         /* `#START CRC_ERROR_ISR` */
 266:Generated_Source\PSoC4/CAN_INT.c **** 
 267:Generated_Source\PSoC4/CAN_INT.c ****         /* `#END` */
 268:Generated_Source\PSoC4/CAN_INT.c **** 
 269:Generated_Source\PSoC4/CAN_INT.c ****         #ifdef CAN_CRC_ERROR_ISR_CALLBACK
 270:Generated_Source\PSoC4/CAN_INT.c ****             CAN_CrcErrorIsr_Callback();
 271:Generated_Source\PSoC4/CAN_INT.c ****         #endif /* CAN_CRC_ERROR_ISR_CALLBACK */
 272:Generated_Source\PSoC4/CAN_INT.c ****     }
 273:Generated_Source\PSoC4/CAN_INT.c **** #endif /* CAN_CRC_ERR */
 274:Generated_Source\PSoC4/CAN_INT.c **** 
 275:Generated_Source\PSoC4/CAN_INT.c **** 
 276:Generated_Source\PSoC4/CAN_INT.c **** #if (CAN_BUS_OFF)
 277:Generated_Source\PSoC4/CAN_INT.c ****     /*******************************************************************************
 278:Generated_Source\PSoC4/CAN_INT.c ****     * FUNCTION NAME:   CAN_BusOffIsr
 279:Generated_Source\PSoC4/CAN_INT.c ****     ********************************************************************************
 280:Generated_Source\PSoC4/CAN_INT.c ****     *
 281:Generated_Source\PSoC4/CAN_INT.c ****     * Summary:
 282:Generated_Source\PSoC4/CAN_INT.c ****     *  This function is entry point to Bus Off Interrupt. Places CAN Component
 283:Generated_Source\PSoC4/CAN_INT.c ****     *  to Stop mode. Only generated if Bus Off Interrupt enable in Customizer.
 284:Generated_Source\PSoC4/CAN_INT.c ****     *  Recommended setting to enable this interrupt.
 285:Generated_Source\PSoC4/CAN_INT.c ****     *
 286:Generated_Source\PSoC4/CAN_INT.c ****     * Parameters:
 287:Generated_Source\PSoC4/CAN_INT.c ****     *  None.
 288:Generated_Source\PSoC4/CAN_INT.c ****     *
 289:Generated_Source\PSoC4/CAN_INT.c ****     * Return:
 290:Generated_Source\PSoC4/CAN_INT.c ****     *  None.
 291:Generated_Source\PSoC4/CAN_INT.c ****     *
 292:Generated_Source\PSoC4/CAN_INT.c ****     * Side Effects:
 293:Generated_Source\PSoC4/CAN_INT.c ****     *  Stops CAN component operation.
 294:Generated_Source\PSoC4/CAN_INT.c ****     *
 295:Generated_Source\PSoC4/CAN_INT.c ****     *******************************************************************************/
 296:Generated_Source\PSoC4/CAN_INT.c ****     void CAN_BusOffIsr(void) 
 297:Generated_Source\PSoC4/CAN_INT.c ****     {
  28              		.loc 1 297 0
  29              		.cfi_startproc
  30              		@ args = 0, pretend = 0, frame = 0
  31              		@ frame_needed = 0, uses_anonymous_args = 0
  32 0000 10B5     		push	{r4, lr}
  33              		.cfi_def_cfa_offset 8
  34              		.cfi_offset 4, -8
  35              		.cfi_offset 14, -4
 298:Generated_Source\PSoC4/CAN_INT.c ****         /* Clear Bus Off flag */
 299:Generated_Source\PSoC4/CAN_INT.c ****         CAN_INT_SR_REG = CAN_BUS_OFF_MASK;
  36              		.loc 1 299 0
  37 0002 8022     		movs	r2, #128
  38 0004 9200     		lsls	r2, r2, #2
  39 0006 024B     		ldr	r3, .L2
  40 0008 1A60     		str	r2, [r3]
 300:Generated_Source\PSoC4/CAN_INT.c **** 
 301:Generated_Source\PSoC4/CAN_INT.c ****         /* `#START BUS_OFF_ISR` */
 302:Generated_Source\PSoC4/CAN_INT.c **** 
ARM GAS  C:\Users\HENRYA~1\AppData\Local\Temp\ccn1LNRY.s 			page 7


 303:Generated_Source\PSoC4/CAN_INT.c ****         /* `#END` */
 304:Generated_Source\PSoC4/CAN_INT.c **** 
 305:Generated_Source\PSoC4/CAN_INT.c ****         #ifdef CAN_BUS_OFF_ISR_CALLBACK
 306:Generated_Source\PSoC4/CAN_INT.c ****             CAN_BusOffIsr_Callback();
 307:Generated_Source\PSoC4/CAN_INT.c ****         #endif /* CAN_BUS_OFF_ISR_CALLBACK */
 308:Generated_Source\PSoC4/CAN_INT.c **** 
 309:Generated_Source\PSoC4/CAN_INT.c ****         (void) CAN_Stop();
  41              		.loc 1 309 0
  42 000a FFF7FEFF 		bl	CAN_Stop
  43              	.LVL0:
 310:Generated_Source\PSoC4/CAN_INT.c ****     }
  44              		.loc 1 310 0
  45              		@ sp needed
  46 000e 10BD     		pop	{r4, pc}
  47              	.L3:
  48              		.align	2
  49              	.L2:
  50 0010 00002E40 		.word	1076756480
  51              		.cfi_endproc
  52              	.LFE1:
  53              		.size	CAN_BusOffIsr, .-CAN_BusOffIsr
  54              		.section	.text.CAN_MsgRXIsr,"ax",%progbits
  55              		.align	2
  56              		.global	CAN_MsgRXIsr
  57              		.code	16
  58              		.thumb_func
  59              		.type	CAN_MsgRXIsr, %function
  60              	CAN_MsgRXIsr:
  61              	.LFB2:
 311:Generated_Source\PSoC4/CAN_INT.c **** #endif /* CAN_BUS_OFF */
 312:Generated_Source\PSoC4/CAN_INT.c **** 
 313:Generated_Source\PSoC4/CAN_INT.c **** 
 314:Generated_Source\PSoC4/CAN_INT.c **** #if (CAN_RX_MSG_LOST)
 315:Generated_Source\PSoC4/CAN_INT.c ****     /*******************************************************************************
 316:Generated_Source\PSoC4/CAN_INT.c ****     * FUNCTION NAME:   CAN_MsgLostIsr
 317:Generated_Source\PSoC4/CAN_INT.c ****     ********************************************************************************
 318:Generated_Source\PSoC4/CAN_INT.c ****     *
 319:Generated_Source\PSoC4/CAN_INT.c ****     * Summary:
 320:Generated_Source\PSoC4/CAN_INT.c ****     *  This function is entry point to Message Lost Interrupt. Clears Message Lost
 321:Generated_Source\PSoC4/CAN_INT.c ****     *  interrupt flag. Only generated if Message Lost Interrupt enable in Customizer
 322:Generated_Source\PSoC4/CAN_INT.c ****     *
 323:Generated_Source\PSoC4/CAN_INT.c ****     * Parameters:
 324:Generated_Source\PSoC4/CAN_INT.c ****     *  None.
 325:Generated_Source\PSoC4/CAN_INT.c ****     *
 326:Generated_Source\PSoC4/CAN_INT.c ****     * Return:
 327:Generated_Source\PSoC4/CAN_INT.c ****     *  None.
 328:Generated_Source\PSoC4/CAN_INT.c ****     *
 329:Generated_Source\PSoC4/CAN_INT.c ****     * Reentrant:
 330:Generated_Source\PSoC4/CAN_INT.c ****     *  Depends on Customer code.
 331:Generated_Source\PSoC4/CAN_INT.c ****     *
 332:Generated_Source\PSoC4/CAN_INT.c ****     *******************************************************************************/
 333:Generated_Source\PSoC4/CAN_INT.c ****     void CAN_MsgLostIsr(void) 
 334:Generated_Source\PSoC4/CAN_INT.c ****     {
 335:Generated_Source\PSoC4/CAN_INT.c ****         /* Clear Receive Message Lost flag */
 336:Generated_Source\PSoC4/CAN_INT.c ****         CAN_INT_SR_REG = CAN_RX_MSG_LOST_MASK;
 337:Generated_Source\PSoC4/CAN_INT.c **** 
 338:Generated_Source\PSoC4/CAN_INT.c ****         /* `#START MESSAGE_LOST_ISR` */
ARM GAS  C:\Users\HENRYA~1\AppData\Local\Temp\ccn1LNRY.s 			page 8


 339:Generated_Source\PSoC4/CAN_INT.c **** 
 340:Generated_Source\PSoC4/CAN_INT.c ****         /* `#END` */
 341:Generated_Source\PSoC4/CAN_INT.c **** 
 342:Generated_Source\PSoC4/CAN_INT.c ****         #ifdef CAN_MSG_LOST_ISR_CALLBACK
 343:Generated_Source\PSoC4/CAN_INT.c ****             CAN_MsgLostIsr_Callback();
 344:Generated_Source\PSoC4/CAN_INT.c ****         #endif /* CAN_MSG_LOST_ISR_CALLBACK */
 345:Generated_Source\PSoC4/CAN_INT.c ****     }
 346:Generated_Source\PSoC4/CAN_INT.c **** #endif /* CAN_RX_MSG_LOST */
 347:Generated_Source\PSoC4/CAN_INT.c **** 
 348:Generated_Source\PSoC4/CAN_INT.c **** 
 349:Generated_Source\PSoC4/CAN_INT.c **** #if (CAN_TX_MESSAGE)
 350:Generated_Source\PSoC4/CAN_INT.c ****     /*******************************************************************************
 351:Generated_Source\PSoC4/CAN_INT.c ****     * FUNCTION NAME:   CAN_MsgTXIsr
 352:Generated_Source\PSoC4/CAN_INT.c ****     ********************************************************************************
 353:Generated_Source\PSoC4/CAN_INT.c ****     *
 354:Generated_Source\PSoC4/CAN_INT.c ****     * Summary:
 355:Generated_Source\PSoC4/CAN_INT.c ****     *  This function is entry point to Transmit Message Interrupt. Clears Transmit
 356:Generated_Source\PSoC4/CAN_INT.c ****     *  Message interrupt flag. Only generated if Transmit Message Interrupt enable
 357:Generated_Source\PSoC4/CAN_INT.c ****     *  in Customizer.
 358:Generated_Source\PSoC4/CAN_INT.c ****     *
 359:Generated_Source\PSoC4/CAN_INT.c ****     * Parameters:
 360:Generated_Source\PSoC4/CAN_INT.c ****     *  None.
 361:Generated_Source\PSoC4/CAN_INT.c ****     *
 362:Generated_Source\PSoC4/CAN_INT.c ****     * Return:
 363:Generated_Source\PSoC4/CAN_INT.c ****     *  None.
 364:Generated_Source\PSoC4/CAN_INT.c ****     *
 365:Generated_Source\PSoC4/CAN_INT.c ****     * Reentrant:
 366:Generated_Source\PSoC4/CAN_INT.c ****     *  Depends on Customer code.
 367:Generated_Source\PSoC4/CAN_INT.c ****     *
 368:Generated_Source\PSoC4/CAN_INT.c ****     *******************************************************************************/
 369:Generated_Source\PSoC4/CAN_INT.c ****     void CAN_MsgTXIsr(void) 
 370:Generated_Source\PSoC4/CAN_INT.c ****     {
 371:Generated_Source\PSoC4/CAN_INT.c ****         /* Clear Transmit Message flag */
 372:Generated_Source\PSoC4/CAN_INT.c ****         CAN_INT_SR_REG = CAN_TX_MESSAGE_MASK;
 373:Generated_Source\PSoC4/CAN_INT.c **** 
 374:Generated_Source\PSoC4/CAN_INT.c ****         /* `#START MESSAGE_TRANSMITTED_ISR` */
 375:Generated_Source\PSoC4/CAN_INT.c **** 
 376:Generated_Source\PSoC4/CAN_INT.c ****         /* `#END` */
 377:Generated_Source\PSoC4/CAN_INT.c **** 
 378:Generated_Source\PSoC4/CAN_INT.c ****         #ifdef CAN_MSG_TX_ISR_CALLBACK
 379:Generated_Source\PSoC4/CAN_INT.c ****             CAN_MsgTXIsr_Callback();
 380:Generated_Source\PSoC4/CAN_INT.c ****         #endif /* CAN_MSG_TX_ISR_CALLBACK */
 381:Generated_Source\PSoC4/CAN_INT.c ****     }
 382:Generated_Source\PSoC4/CAN_INT.c **** #endif /* CAN_TX_MESSAGE */
 383:Generated_Source\PSoC4/CAN_INT.c **** 
 384:Generated_Source\PSoC4/CAN_INT.c **** 
 385:Generated_Source\PSoC4/CAN_INT.c **** #if (CAN_RX_MESSAGE)
 386:Generated_Source\PSoC4/CAN_INT.c ****     /*******************************************************************************
 387:Generated_Source\PSoC4/CAN_INT.c ****     * FUNCTION NAME:   CAN_MsgRXIsr
 388:Generated_Source\PSoC4/CAN_INT.c ****     ********************************************************************************
 389:Generated_Source\PSoC4/CAN_INT.c ****     *
 390:Generated_Source\PSoC4/CAN_INT.c ****     * Summary:
 391:Generated_Source\PSoC4/CAN_INT.c ****     *  This function is entry point to Receive Message Interrupt. Clears Receive
 392:Generated_Source\PSoC4/CAN_INT.c ****     *  Message interrupt flag and call appropriate handlers for Basic and Full
 393:Generated_Source\PSoC4/CAN_INT.c ****     *  interrupt based mailboxes. Only generated if Receive Message Interrupt
 394:Generated_Source\PSoC4/CAN_INT.c ****     *  enable in Customizer. Recommended setting to enable this interrupt.
 395:Generated_Source\PSoC4/CAN_INT.c ****     *
ARM GAS  C:\Users\HENRYA~1\AppData\Local\Temp\ccn1LNRY.s 			page 9


 396:Generated_Source\PSoC4/CAN_INT.c ****     * Parameters:
 397:Generated_Source\PSoC4/CAN_INT.c ****     *  None.
 398:Generated_Source\PSoC4/CAN_INT.c ****     *
 399:Generated_Source\PSoC4/CAN_INT.c ****     * Return:
 400:Generated_Source\PSoC4/CAN_INT.c ****     *  None.
 401:Generated_Source\PSoC4/CAN_INT.c ****     *
 402:Generated_Source\PSoC4/CAN_INT.c ****     *******************************************************************************/
 403:Generated_Source\PSoC4/CAN_INT.c ****     void CAN_MsgRXIsr(void) 
 404:Generated_Source\PSoC4/CAN_INT.c ****     {
  62              		.loc 1 404 0
  63              		.cfi_startproc
  64              		@ args = 0, pretend = 0, frame = 0
  65              		@ frame_needed = 0, uses_anonymous_args = 0
  66 0000 70B5     		push	{r4, r5, r6, lr}
  67              		.cfi_def_cfa_offset 16
  68              		.cfi_offset 4, -16
  69              		.cfi_offset 5, -12
  70              		.cfi_offset 6, -8
  71              		.cfi_offset 14, -4
  72              	.LVL1:
 405:Generated_Source\PSoC4/CAN_INT.c ****         uint8 mailboxNumber;
 406:Generated_Source\PSoC4/CAN_INT.c ****         uint16 shift = 0x01u;
 407:Generated_Source\PSoC4/CAN_INT.c **** 
 408:Generated_Source\PSoC4/CAN_INT.c ****         /* Clear Receive Message flag */
 409:Generated_Source\PSoC4/CAN_INT.c ****         CAN_INT_SR_REG = CAN_RX_MESSAGE_MASK;
  73              		.loc 1 409 0
  74 0002 8022     		movs	r2, #128
  75 0004 5201     		lsls	r2, r2, #5
  76 0006 184B     		ldr	r3, .L13
  77 0008 1A60     		str	r2, [r3]
  78              	.LVL2:
 406:Generated_Source\PSoC4/CAN_INT.c **** 
  79              		.loc 1 406 0
  80 000a 0125     		movs	r5, #1
 410:Generated_Source\PSoC4/CAN_INT.c **** 
 411:Generated_Source\PSoC4/CAN_INT.c ****         /* `#START MESSAGE_RECEIVE_ISR` */
 412:Generated_Source\PSoC4/CAN_INT.c **** 
 413:Generated_Source\PSoC4/CAN_INT.c ****         /* `#END` */
 414:Generated_Source\PSoC4/CAN_INT.c **** 
 415:Generated_Source\PSoC4/CAN_INT.c ****         #ifdef CAN_MSG_RX_ISR_CALLBACK
 416:Generated_Source\PSoC4/CAN_INT.c ****             CAN_MsgRXIsr_Callback();
 417:Generated_Source\PSoC4/CAN_INT.c ****         #endif /* CAN_MSG_RX_ISR_CALLBACK */
 418:Generated_Source\PSoC4/CAN_INT.c **** 
 419:Generated_Source\PSoC4/CAN_INT.c ****         for (mailboxNumber = 0u; mailboxNumber < CAN_NUMBER_OF_RX_MAILBOXES; mailboxNumber++)
  81              		.loc 1 419 0
  82 000c 0024     		movs	r4, #0
  83 000e 28E0     		b	.L5
  84              	.LVL3:
  85              	.L12:
 420:Generated_Source\PSoC4/CAN_INT.c ****         {
 421:Generated_Source\PSoC4/CAN_INT.c **** 
 422:Generated_Source\PSoC4/CAN_INT.c ****             if ((CAN_BUF_SR_REG & shift) != 0u)
  86              		.loc 1 422 0
  87 0010 164B     		ldr	r3, .L13+4
  88 0012 1B68     		ldr	r3, [r3]
  89 0014 2B42     		tst	r3, r5
  90 0016 20D0     		beq	.L6
ARM GAS  C:\Users\HENRYA~1\AppData\Local\Temp\ccn1LNRY.s 			page 10


 423:Generated_Source\PSoC4/CAN_INT.c ****             {
 424:Generated_Source\PSoC4/CAN_INT.c ****                 if ((CAN_RX_CMD_REG(mailboxNumber) & CAN_RX_INT_ENABLE_MASK) != 0u)
  91              		.loc 1 424 0
  92 0018 6301     		lsls	r3, r4, #5
  93 001a 154A     		ldr	r2, .L13+8
  94 001c 9446     		mov	ip, r2
  95 001e 6344     		add	r3, r3, ip
  96 0020 1B68     		ldr	r3, [r3]
  97 0022 9B06     		lsls	r3, r3, #26
  98 0024 19D5     		bpl	.L6
 425:Generated_Source\PSoC4/CAN_INT.c ****                 {
 426:Generated_Source\PSoC4/CAN_INT.c ****                     if ((CAN_RX_MAILBOX_TYPE & shift) != 0u)
  99              		.loc 1 426 0
 100 0026 2B07     		lsls	r3, r5, #28
 101 0028 14D0     		beq	.L7
 427:Generated_Source\PSoC4/CAN_INT.c ****                     {
 428:Generated_Source\PSoC4/CAN_INT.c ****                         /* RX Full mailboxes handler */
 429:Generated_Source\PSoC4/CAN_INT.c ****                         switch(mailboxNumber)
 102              		.loc 1 429 0
 103 002a 012C     		cmp	r4, #1
 104 002c 09D0     		beq	.L8
 105 002e 002C     		cmp	r4, #0
 106 0030 04D0     		beq	.L9
 107 0032 022C     		cmp	r4, #2
 108 0034 08D0     		beq	.L10
 109 0036 032C     		cmp	r4, #3
 110 0038 09D0     		beq	.L11
 111 003a 0EE0     		b	.L6
 112              	.L9:
 430:Generated_Source\PSoC4/CAN_INT.c ****                         {
 431:Generated_Source\PSoC4/CAN_INT.c ****                             case 0u : CAN_ReceiveMsg0();
 113              		.loc 1 431 0
 114 003c FFF7FEFF 		bl	CAN_ReceiveMsg0
 115              	.LVL4:
 432:Generated_Source\PSoC4/CAN_INT.c ****                             break;
 116              		.loc 1 432 0
 117 0040 0BE0     		b	.L6
 118              	.L8:
 433:Generated_Source\PSoC4/CAN_INT.c ****                             case 1u : CAN_ReceiveMsg1();
 119              		.loc 1 433 0
 120 0042 FFF7FEFF 		bl	CAN_ReceiveMsg1
 121              	.LVL5:
 434:Generated_Source\PSoC4/CAN_INT.c ****                             break;
 122              		.loc 1 434 0
 123 0046 08E0     		b	.L6
 124              	.L10:
 435:Generated_Source\PSoC4/CAN_INT.c ****                             case 2u : CAN_ReceiveMsg2();
 125              		.loc 1 435 0
 126 0048 FFF7FEFF 		bl	CAN_ReceiveMsg2
 127              	.LVL6:
 436:Generated_Source\PSoC4/CAN_INT.c ****                             break;
 128              		.loc 1 436 0
 129 004c 05E0     		b	.L6
 130              	.L11:
 437:Generated_Source\PSoC4/CAN_INT.c ****                             case 3u : CAN_ReceiveMsg3();
 131              		.loc 1 437 0
 132 004e FFF7FEFF 		bl	CAN_ReceiveMsg3
ARM GAS  C:\Users\HENRYA~1\AppData\Local\Temp\ccn1LNRY.s 			page 11


 133              	.LVL7:
 438:Generated_Source\PSoC4/CAN_INT.c ****                             break;
 134              		.loc 1 438 0
 135 0052 02E0     		b	.L6
 136              	.L7:
 439:Generated_Source\PSoC4/CAN_INT.c ****                             default:
 440:Generated_Source\PSoC4/CAN_INT.c ****                             break;
 441:Generated_Source\PSoC4/CAN_INT.c ****                         }
 442:Generated_Source\PSoC4/CAN_INT.c ****                     }
 443:Generated_Source\PSoC4/CAN_INT.c ****                     else
 444:Generated_Source\PSoC4/CAN_INT.c ****                     {
 445:Generated_Source\PSoC4/CAN_INT.c ****                         /* RX Basic mailbox handler */
 446:Generated_Source\PSoC4/CAN_INT.c ****                         CAN_ReceiveMsg(mailboxNumber);
 137              		.loc 1 446 0
 138 0054 2000     		movs	r0, r4
 139 0056 FFF7FEFF 		bl	CAN_ReceiveMsg
 140              	.LVL8:
 141              	.L6:
 447:Generated_Source\PSoC4/CAN_INT.c ****                     }
 448:Generated_Source\PSoC4/CAN_INT.c ****                 }
 449:Generated_Source\PSoC4/CAN_INT.c ****             }
 450:Generated_Source\PSoC4/CAN_INT.c ****             shift <<= 1u;
 142              		.loc 1 450 0 discriminator 2
 143 005a 6D00     		lsls	r5, r5, #1
 144              	.LVL9:
 145 005c ADB2     		uxth	r5, r5
 146              	.LVL10:
 419:Generated_Source\PSoC4/CAN_INT.c ****         {
 147              		.loc 1 419 0 discriminator 2
 148 005e 0134     		adds	r4, r4, #1
 149              	.LVL11:
 150 0060 E4B2     		uxtb	r4, r4
 151              	.LVL12:
 152              	.L5:
 419:Generated_Source\PSoC4/CAN_INT.c ****         {
 153              		.loc 1 419 0 is_stmt 0 discriminator 1
 154 0062 0F2C     		cmp	r4, #15
 155 0064 D4D9     		bls	.L12
 451:Generated_Source\PSoC4/CAN_INT.c ****         }
 452:Generated_Source\PSoC4/CAN_INT.c ****     }
 156              		.loc 1 452 0 is_stmt 1
 157              		@ sp needed
 158              	.LVL13:
 159              	.LVL14:
 160 0066 70BD     		pop	{r4, r5, r6, pc}
 161              	.L14:
 162              		.align	2
 163              	.L13:
 164 0068 00002E40 		.word	1076756480
 165 006c 08002E40 		.word	1076756488
 166 0070 A0002E40 		.word	1076756640
 167              		.cfi_endproc
 168              	.LFE2:
 169              		.size	CAN_MsgRXIsr, .-CAN_MsgRXIsr
 170              		.section	.text.CAN_ISR,"ax",%progbits
 171              		.align	2
 172              		.global	CAN_ISR
ARM GAS  C:\Users\HENRYA~1\AppData\Local\Temp\ccn1LNRY.s 			page 12


 173              		.code	16
 174              		.thumb_func
 175              		.type	CAN_ISR, %function
 176              	CAN_ISR:
 177              	.LFB3:
 453:Generated_Source\PSoC4/CAN_INT.c **** #endif /* CAN_RX_MESSAGE */
 454:Generated_Source\PSoC4/CAN_INT.c **** 
 455:Generated_Source\PSoC4/CAN_INT.c **** 
 456:Generated_Source\PSoC4/CAN_INT.c **** #if (CAN_RTR_AUTO_MSG_SENT)
 457:Generated_Source\PSoC4/CAN_INT.c ****     /*******************************************************************************
 458:Generated_Source\PSoC4/CAN_INT.c ****     * FUNCTION NAME:   CAN_RtrAutoMsgSentIsr
 459:Generated_Source\PSoC4/CAN_INT.c ****     ********************************************************************************
 460:Generated_Source\PSoC4/CAN_INT.c ****     *
 461:Generated_Source\PSoC4/CAN_INT.c ****     * Summary:
 462:Generated_Source\PSoC4/CAN_INT.c ****     *  This function is entry point to the RTR automatic message sent Interrupt.
 463:Generated_Source\PSoC4/CAN_INT.c ****     *  It is only generated if RTR message sent Interrupt is enabled in Customizer.
 464:Generated_Source\PSoC4/CAN_INT.c ****     *
 465:Generated_Source\PSoC4/CAN_INT.c ****     * Parameters:
 466:Generated_Source\PSoC4/CAN_INT.c ****     *  None.
 467:Generated_Source\PSoC4/CAN_INT.c ****     *
 468:Generated_Source\PSoC4/CAN_INT.c ****     * Return:
 469:Generated_Source\PSoC4/CAN_INT.c ****     *  None.
 470:Generated_Source\PSoC4/CAN_INT.c ****     *
 471:Generated_Source\PSoC4/CAN_INT.c ****     *******************************************************************************/
 472:Generated_Source\PSoC4/CAN_INT.c ****     void CAN_RtrAutoMsgSentIsr(void)
 473:Generated_Source\PSoC4/CAN_INT.c ****     {
 474:Generated_Source\PSoC4/CAN_INT.c ****         /* Clear RTR auto-reply message sent flag */
 475:Generated_Source\PSoC4/CAN_INT.c ****         CAN_INT_SR_REG = CAN_RTR_MSG_MASK;
 476:Generated_Source\PSoC4/CAN_INT.c **** 
 477:Generated_Source\PSoC4/CAN_INT.c ****         /* `#START RTR_AUTO_MSG_SENT_ISR` */
 478:Generated_Source\PSoC4/CAN_INT.c **** 
 479:Generated_Source\PSoC4/CAN_INT.c ****         /* `#END` */
 480:Generated_Source\PSoC4/CAN_INT.c **** 
 481:Generated_Source\PSoC4/CAN_INT.c ****         #ifdef CAN_RTR_AUTO_MSG_SENT_ISR_CALLBACK
 482:Generated_Source\PSoC4/CAN_INT.c ****             CAN_RtrAutoMsgSentIsr_Callback();
 483:Generated_Source\PSoC4/CAN_INT.c ****         #endif /* CAN_RTR_AUTO_MSG_SENT_ISR_CALLBACK */
 484:Generated_Source\PSoC4/CAN_INT.c ****     }
 485:Generated_Source\PSoC4/CAN_INT.c **** #endif /* CAN_RTR_AUTO_MSG_SENT */
 486:Generated_Source\PSoC4/CAN_INT.c **** 
 487:Generated_Source\PSoC4/CAN_INT.c **** 
 488:Generated_Source\PSoC4/CAN_INT.c **** #if (CAN_STUCK_AT_ZERO)
 489:Generated_Source\PSoC4/CAN_INT.c ****     /*******************************************************************************
 490:Generated_Source\PSoC4/CAN_INT.c ****     * FUNCTION NAME:   CAN_StuckAtZeroIsr
 491:Generated_Source\PSoC4/CAN_INT.c ****     ********************************************************************************
 492:Generated_Source\PSoC4/CAN_INT.c ****     *
 493:Generated_Source\PSoC4/CAN_INT.c ****     * Summary:
 494:Generated_Source\PSoC4/CAN_INT.c ****     *  This function is the entry point to the stuck at dominant bit Interrupt.
 495:Generated_Source\PSoC4/CAN_INT.c ****     *  It is only generated if stuck at zero Interrupt is enabled in Customizer.
 496:Generated_Source\PSoC4/CAN_INT.c ****     *  Enabling this interrupt is recommended.
 497:Generated_Source\PSoC4/CAN_INT.c ****     *
 498:Generated_Source\PSoC4/CAN_INT.c ****     * Parameters:
 499:Generated_Source\PSoC4/CAN_INT.c ****     *  None.
 500:Generated_Source\PSoC4/CAN_INT.c ****     *
 501:Generated_Source\PSoC4/CAN_INT.c ****     * Return:
 502:Generated_Source\PSoC4/CAN_INT.c ****     *  None.
 503:Generated_Source\PSoC4/CAN_INT.c ****     *
 504:Generated_Source\PSoC4/CAN_INT.c ****     * Side Effects:
ARM GAS  C:\Users\HENRYA~1\AppData\Local\Temp\ccn1LNRY.s 			page 13


 505:Generated_Source\PSoC4/CAN_INT.c ****     *  Stops CAN component operation.
 506:Generated_Source\PSoC4/CAN_INT.c ****     *
 507:Generated_Source\PSoC4/CAN_INT.c ****     *******************************************************************************/
 508:Generated_Source\PSoC4/CAN_INT.c ****     void CAN_StuckAtZeroIsr(void)
 509:Generated_Source\PSoC4/CAN_INT.c ****     {
 510:Generated_Source\PSoC4/CAN_INT.c ****         /* Clear Stuck at dominant error flag */
 511:Generated_Source\PSoC4/CAN_INT.c ****         CAN_INT_SR_REG = CAN_STUCK_AT_ZERO_MASK;
 512:Generated_Source\PSoC4/CAN_INT.c **** 
 513:Generated_Source\PSoC4/CAN_INT.c ****         /* `#START STUCK_AT_ZERO_ISR` */
 514:Generated_Source\PSoC4/CAN_INT.c **** 
 515:Generated_Source\PSoC4/CAN_INT.c ****         /* `#END` */
 516:Generated_Source\PSoC4/CAN_INT.c **** 
 517:Generated_Source\PSoC4/CAN_INT.c ****         #ifdef CAN_STUCK_AT_ZERO_ISR_CALLBACK
 518:Generated_Source\PSoC4/CAN_INT.c ****             CAN_StuckAtZeroIsr_Callback();
 519:Generated_Source\PSoC4/CAN_INT.c ****         #endif /* CAN_STUCK_AT_ZERO_ISR_CALLBACK */
 520:Generated_Source\PSoC4/CAN_INT.c **** 
 521:Generated_Source\PSoC4/CAN_INT.c ****         (void) CAN_Stop();
 522:Generated_Source\PSoC4/CAN_INT.c ****     }
 523:Generated_Source\PSoC4/CAN_INT.c **** #endif /* CAN_STUCK_AT_ZERO */
 524:Generated_Source\PSoC4/CAN_INT.c **** 
 525:Generated_Source\PSoC4/CAN_INT.c **** 
 526:Generated_Source\PSoC4/CAN_INT.c **** #if (CAN_SST_FAILURE)
 527:Generated_Source\PSoC4/CAN_INT.c ****     /*******************************************************************************
 528:Generated_Source\PSoC4/CAN_INT.c ****     * FUNCTION NAME:   CAN_SSTErrorIsr
 529:Generated_Source\PSoC4/CAN_INT.c ****     ********************************************************************************
 530:Generated_Source\PSoC4/CAN_INT.c ****     *
 531:Generated_Source\PSoC4/CAN_INT.c ****     * Summary:
 532:Generated_Source\PSoC4/CAN_INT.c ****     *  This function is the entry point to the single shot transmission error
 533:Generated_Source\PSoC4/CAN_INT.c ****     *  Interrupt. It is only generated if the single shot transmission Interrupt
 534:Generated_Source\PSoC4/CAN_INT.c ****     *  is enabled in Customizer. Generated when the mailbox set for single shot
 535:Generated_Source\PSoC4/CAN_INT.c ****     *  transmission experienced an arbitration loss or a bus error during
 536:Generated_Source\PSoC4/CAN_INT.c ****     *  transmission.
 537:Generated_Source\PSoC4/CAN_INT.c ****     *
 538:Generated_Source\PSoC4/CAN_INT.c ****     * Parameters:
 539:Generated_Source\PSoC4/CAN_INT.c ****     *  None.
 540:Generated_Source\PSoC4/CAN_INT.c ****     *
 541:Generated_Source\PSoC4/CAN_INT.c ****     * Return:
 542:Generated_Source\PSoC4/CAN_INT.c ****     *  None.
 543:Generated_Source\PSoC4/CAN_INT.c ****     *
 544:Generated_Source\PSoC4/CAN_INT.c ****     * Side Effects:
 545:Generated_Source\PSoC4/CAN_INT.c ****     *  Removes message that failed SST transmission from the Tx mailbox.
 546:Generated_Source\PSoC4/CAN_INT.c ****     *
 547:Generated_Source\PSoC4/CAN_INT.c ****     *******************************************************************************/
 548:Generated_Source\PSoC4/CAN_INT.c ****     void CAN_SSTErrorIsr(void)
 549:Generated_Source\PSoC4/CAN_INT.c ****     {
 550:Generated_Source\PSoC4/CAN_INT.c ****         uint8 i;
 551:Generated_Source\PSoC4/CAN_INT.c **** 
 552:Generated_Source\PSoC4/CAN_INT.c ****         /* Clear Single shot transmission failure flag */
 553:Generated_Source\PSoC4/CAN_INT.c ****         CAN_INT_SR_REG = CAN_SST_FAILURE_MASK;
 554:Generated_Source\PSoC4/CAN_INT.c **** 
 555:Generated_Source\PSoC4/CAN_INT.c ****         /* `#START SST_FAILURE_ISR_PRE` */
 556:Generated_Source\PSoC4/CAN_INT.c **** 
 557:Generated_Source\PSoC4/CAN_INT.c ****         /* `#END` */
 558:Generated_Source\PSoC4/CAN_INT.c **** 
 559:Generated_Source\PSoC4/CAN_INT.c ****         #ifdef CAN_SST_ERROR_ISR_PRE_CALLBACK
 560:Generated_Source\PSoC4/CAN_INT.c ****             CAN_SSTErrorIsr_Pre_Callback();
 561:Generated_Source\PSoC4/CAN_INT.c ****         #endif /* CAN_SST_ERROR_ISR_PRE_CALLBACK */
ARM GAS  C:\Users\HENRYA~1\AppData\Local\Temp\ccn1LNRY.s 			page 14


 562:Generated_Source\PSoC4/CAN_INT.c **** 
 563:Generated_Source\PSoC4/CAN_INT.c ****         /* Removes message that failed SST transmission from the Tx mailbox */
 564:Generated_Source\PSoC4/CAN_INT.c ****         for (i = 0u; i < CAN_NUMBER_OF_TX_MAILBOXES; i++)
 565:Generated_Source\PSoC4/CAN_INT.c ****         {
 566:Generated_Source\PSoC4/CAN_INT.c ****             if ((CAN_TX_CMD_REG(i) & CAN_TX_ABORT_MASK) != 0u)
 567:Generated_Source\PSoC4/CAN_INT.c ****             {
 568:Generated_Source\PSoC4/CAN_INT.c ****                 CAN_TX_CMD_REG(i) = (CAN_TX_CMD_REG(i) & (uint32) (~(uint32) CAN_TX_TRANSMIT_REQUES
 569:Generated_Source\PSoC4/CAN_INT.c ****                                     CAN_TX_ABORT_MASK;
 570:Generated_Source\PSoC4/CAN_INT.c ****             }
 571:Generated_Source\PSoC4/CAN_INT.c ****         }
 572:Generated_Source\PSoC4/CAN_INT.c **** 
 573:Generated_Source\PSoC4/CAN_INT.c ****         /* `#START SST_FAILURE_ISR_POST` */
 574:Generated_Source\PSoC4/CAN_INT.c **** 
 575:Generated_Source\PSoC4/CAN_INT.c ****         /* `#END` */
 576:Generated_Source\PSoC4/CAN_INT.c **** 
 577:Generated_Source\PSoC4/CAN_INT.c ****         #ifdef CAN_SST_ERROR_ISR_POST_CALLBACK
 578:Generated_Source\PSoC4/CAN_INT.c ****             CAN_SSTErrorIsr_Post_Callback();
 579:Generated_Source\PSoC4/CAN_INT.c ****         #endif /* CAN_SST_ERROR_ISR_POST_CALLBACK */
 580:Generated_Source\PSoC4/CAN_INT.c ****     }
 581:Generated_Source\PSoC4/CAN_INT.c **** #endif /* CAN_SST_FAILURE */
 582:Generated_Source\PSoC4/CAN_INT.c **** 
 583:Generated_Source\PSoC4/CAN_INT.c **** 
 584:Generated_Source\PSoC4/CAN_INT.c **** /*******************************************************************************
 585:Generated_Source\PSoC4/CAN_INT.c **** * Function Name: CAN_ISR
 586:Generated_Source\PSoC4/CAN_INT.c **** ********************************************************************************
 587:Generated_Source\PSoC4/CAN_INT.c **** *
 588:Generated_Source\PSoC4/CAN_INT.c **** * Summary:
 589:Generated_Source\PSoC4/CAN_INT.c **** *  This ISR is executed when CAN Core generates and interrupt on one of events:
 590:Generated_Source\PSoC4/CAN_INT.c **** *  Arb_lost, Overload, Bit_err, Stuff_err, Ack_err, Form_err, Crc_err,
 591:Generated_Source\PSoC4/CAN_INT.c **** *  Buss_off, Rx_msg_lost, Tx_msg or Rx_msg. The interrupt sources depends
 592:Generated_Source\PSoC4/CAN_INT.c **** *  on the Customizer inputs.
 593:Generated_Source\PSoC4/CAN_INT.c **** *
 594:Generated_Source\PSoC4/CAN_INT.c **** * Parameters:
 595:Generated_Source\PSoC4/CAN_INT.c **** *  None.
 596:Generated_Source\PSoC4/CAN_INT.c **** *
 597:Generated_Source\PSoC4/CAN_INT.c **** * Return:
 598:Generated_Source\PSoC4/CAN_INT.c **** *  None.
 599:Generated_Source\PSoC4/CAN_INT.c **** *
 600:Generated_Source\PSoC4/CAN_INT.c **** *******************************************************************************/
 601:Generated_Source\PSoC4/CAN_INT.c **** CY_ISR(CAN_ISR)
 602:Generated_Source\PSoC4/CAN_INT.c **** {
 178              		.loc 1 602 0
 179              		.cfi_startproc
 180              		@ args = 0, pretend = 0, frame = 0
 181              		@ frame_needed = 0, uses_anonymous_args = 0
 182 0000 10B5     		push	{r4, lr}
 183              		.cfi_def_cfa_offset 8
 184              		.cfi_offset 4, -8
 185              		.cfi_offset 14, -4
 603:Generated_Source\PSoC4/CAN_INT.c ****     #ifdef CAN_ISR_INTERRUPT_CALLBACK
 604:Generated_Source\PSoC4/CAN_INT.c ****         CAN_ISR_InterruptCallback();
 605:Generated_Source\PSoC4/CAN_INT.c ****     #endif /* CAN_ISR_INTERRUPT_CALLBACK */
 606:Generated_Source\PSoC4/CAN_INT.c ****     
 607:Generated_Source\PSoC4/CAN_INT.c ****     /* Place your Interrupt code here. */
 608:Generated_Source\PSoC4/CAN_INT.c ****     /* `#START CAN_ISR` */
 609:Generated_Source\PSoC4/CAN_INT.c **** 
 610:Generated_Source\PSoC4/CAN_INT.c ****     /* `#END` */
ARM GAS  C:\Users\HENRYA~1\AppData\Local\Temp\ccn1LNRY.s 			page 15


 611:Generated_Source\PSoC4/CAN_INT.c ****     
 612:Generated_Source\PSoC4/CAN_INT.c ****     /* Arbitration */
 613:Generated_Source\PSoC4/CAN_INT.c ****     #if (CAN_ARB_LOST && (CAN_ARB_LOST_USE_HELPER || \
 614:Generated_Source\PSoC4/CAN_INT.c ****         (!CAN_ADVANCED_INTERRUPT_CFG)))
 615:Generated_Source\PSoC4/CAN_INT.c ****         if ((CAN_INT_SR_REG & CAN_ARBITRATION_LOST_MASK) != 0u)
 616:Generated_Source\PSoC4/CAN_INT.c ****         {
 617:Generated_Source\PSoC4/CAN_INT.c ****             CAN_ArbLostIsr();
 618:Generated_Source\PSoC4/CAN_INT.c ****         }
 619:Generated_Source\PSoC4/CAN_INT.c ****     #endif /* CAN_ARB_LOST && CAN_ARB_LOST_USE_HELPER */
 620:Generated_Source\PSoC4/CAN_INT.c **** 
 621:Generated_Source\PSoC4/CAN_INT.c ****     /* Overload Error */
 622:Generated_Source\PSoC4/CAN_INT.c ****     #if (CAN_OVERLOAD && (CAN_OVERLOAD_USE_HELPER || \
 623:Generated_Source\PSoC4/CAN_INT.c ****         (!CAN_ADVANCED_INTERRUPT_CFG)))
 624:Generated_Source\PSoC4/CAN_INT.c ****         if ((CAN_INT_SR_REG & CAN_OVERLOAD_ERROR_MASK) != 0u)
 625:Generated_Source\PSoC4/CAN_INT.c ****         {
 626:Generated_Source\PSoC4/CAN_INT.c ****             CAN_OvrLdErrorIsr();
 627:Generated_Source\PSoC4/CAN_INT.c ****         }
 628:Generated_Source\PSoC4/CAN_INT.c ****     #endif /* CAN_OVERLOAD && CAN_OVERLOAD_USE_HELPER */
 629:Generated_Source\PSoC4/CAN_INT.c **** 
 630:Generated_Source\PSoC4/CAN_INT.c ****     /* Bit Error */
 631:Generated_Source\PSoC4/CAN_INT.c ****     #if (CAN_BIT_ERR && (CAN_BIT_ERR_USE_HELPER || \
 632:Generated_Source\PSoC4/CAN_INT.c ****         (!CAN_ADVANCED_INTERRUPT_CFG)))
 633:Generated_Source\PSoC4/CAN_INT.c ****         if ((CAN_INT_SR_REG & CAN_BIT_ERROR_MASK) != 0u)
 634:Generated_Source\PSoC4/CAN_INT.c ****         {
 635:Generated_Source\PSoC4/CAN_INT.c ****             CAN_BitErrorIsr();
 636:Generated_Source\PSoC4/CAN_INT.c ****         }
 637:Generated_Source\PSoC4/CAN_INT.c ****     #endif /* CAN_BIT_ERR && CAN_BIT_ERR_USE_HELPER */
 638:Generated_Source\PSoC4/CAN_INT.c **** 
 639:Generated_Source\PSoC4/CAN_INT.c ****     /* Bit Staff Error */
 640:Generated_Source\PSoC4/CAN_INT.c ****     #if (CAN_STUFF_ERR && (CAN_STUFF_ERR_USE_HELPER || \
 641:Generated_Source\PSoC4/CAN_INT.c ****         (!CAN_ADVANCED_INTERRUPT_CFG)))
 642:Generated_Source\PSoC4/CAN_INT.c ****         if ((CAN_INT_SR_REG & CAN_STUFF_ERROR_MASK) != 0u)
 643:Generated_Source\PSoC4/CAN_INT.c ****         {
 644:Generated_Source\PSoC4/CAN_INT.c ****             CAN_BitStuffErrorIsr();
 645:Generated_Source\PSoC4/CAN_INT.c ****         }
 646:Generated_Source\PSoC4/CAN_INT.c ****     #endif /* CAN_STUFF_ERR && CAN_STUFF_ERR_USE_HELPER */
 647:Generated_Source\PSoC4/CAN_INT.c **** 
 648:Generated_Source\PSoC4/CAN_INT.c ****     /* ACK Error */
 649:Generated_Source\PSoC4/CAN_INT.c ****     #if (CAN_ACK_ERR && (CAN_ACK_ERR_USE_HELPER || \
 650:Generated_Source\PSoC4/CAN_INT.c ****         (!CAN_ADVANCED_INTERRUPT_CFG)))
 651:Generated_Source\PSoC4/CAN_INT.c ****         if ((CAN_INT_SR_REG & CAN_ACK_ERROR_MASK) != 0u)
 652:Generated_Source\PSoC4/CAN_INT.c ****         {
 653:Generated_Source\PSoC4/CAN_INT.c ****             CAN_AckErrorIsr();
 654:Generated_Source\PSoC4/CAN_INT.c ****         }
 655:Generated_Source\PSoC4/CAN_INT.c ****     #endif /* CAN_ACK_ERR && CAN_ACK_ERR_USE_HELPER */
 656:Generated_Source\PSoC4/CAN_INT.c **** 
 657:Generated_Source\PSoC4/CAN_INT.c ****     /* Form(msg) Error */
 658:Generated_Source\PSoC4/CAN_INT.c ****     #if (CAN_FORM_ERR && (CAN_FORM_ERR_USE_HELPER || \
 659:Generated_Source\PSoC4/CAN_INT.c ****         (!CAN_ADVANCED_INTERRUPT_CFG)))
 660:Generated_Source\PSoC4/CAN_INT.c ****         if ((CAN_INT_SR_REG & CAN_FORM_ERROR_MASK) != 0u)
 661:Generated_Source\PSoC4/CAN_INT.c ****         {
 662:Generated_Source\PSoC4/CAN_INT.c ****             CAN_MsgErrorIsr();
 663:Generated_Source\PSoC4/CAN_INT.c ****         }
 664:Generated_Source\PSoC4/CAN_INT.c ****     #endif /* CAN_FORM_ERR && CAN_FORM_ERR_USE_HELPER */
 665:Generated_Source\PSoC4/CAN_INT.c **** 
 666:Generated_Source\PSoC4/CAN_INT.c ****     /* CRC Error */
 667:Generated_Source\PSoC4/CAN_INT.c ****     #if (CAN_CRC_ERR && (CAN_CRC_ERR_USE_HELPER || \
ARM GAS  C:\Users\HENRYA~1\AppData\Local\Temp\ccn1LNRY.s 			page 16


 668:Generated_Source\PSoC4/CAN_INT.c ****         (!CAN_ADVANCED_INTERRUPT_CFG)))
 669:Generated_Source\PSoC4/CAN_INT.c ****         if ((CAN_INT_SR_REG & CAN_CRC_ERROR_MASK) != 0u)
 670:Generated_Source\PSoC4/CAN_INT.c ****         {
 671:Generated_Source\PSoC4/CAN_INT.c ****             CAN_CrcErrorIsr();
 672:Generated_Source\PSoC4/CAN_INT.c ****         }
 673:Generated_Source\PSoC4/CAN_INT.c ****     #endif /* CAN_CRC_ERR && CAN_CRC_ERR_USE_HELPER */
 674:Generated_Source\PSoC4/CAN_INT.c **** 
 675:Generated_Source\PSoC4/CAN_INT.c ****     /* Bus Off state */
 676:Generated_Source\PSoC4/CAN_INT.c ****     #if (CAN_BUS_OFF && (CAN_BUS_OFF_USE_HELPER || \
 677:Generated_Source\PSoC4/CAN_INT.c ****         (!CAN_ADVANCED_INTERRUPT_CFG)))
 678:Generated_Source\PSoC4/CAN_INT.c ****         if ((CAN_INT_SR_REG & CAN_BUS_OFF_MASK) != 0u)
 186              		.loc 1 678 0
 187 0002 064B     		ldr	r3, .L18
 188 0004 1B68     		ldr	r3, [r3]
 189 0006 9B05     		lsls	r3, r3, #22
 190 0008 01D5     		bpl	.L16
 679:Generated_Source\PSoC4/CAN_INT.c ****         {
 680:Generated_Source\PSoC4/CAN_INT.c ****             CAN_BusOffIsr();
 191              		.loc 1 680 0
 192 000a FFF7FEFF 		bl	CAN_BusOffIsr
 193              	.LVL15:
 194              	.L16:
 681:Generated_Source\PSoC4/CAN_INT.c ****         }
 682:Generated_Source\PSoC4/CAN_INT.c ****     #endif /* CAN_BUS_OFF && CAN_BUS_OFF_USE_HELPER */
 683:Generated_Source\PSoC4/CAN_INT.c **** 
 684:Generated_Source\PSoC4/CAN_INT.c ****     /* Message Lost */
 685:Generated_Source\PSoC4/CAN_INT.c ****     #if (CAN_RX_MSG_LOST && (CAN_RX_MSG_LOST_USE_HELPER || \
 686:Generated_Source\PSoC4/CAN_INT.c ****         (!CAN_ADVANCED_INTERRUPT_CFG)))
 687:Generated_Source\PSoC4/CAN_INT.c ****         if ((CAN_INT_SR_REG & CAN_RX_MSG_LOST_MASK) != 0u)
 688:Generated_Source\PSoC4/CAN_INT.c ****         {
 689:Generated_Source\PSoC4/CAN_INT.c ****             CAN_MsgLostIsr();
 690:Generated_Source\PSoC4/CAN_INT.c ****         }
 691:Generated_Source\PSoC4/CAN_INT.c ****     #endif /* CAN_RX_MSG_LOST && CAN_RX_MSG_LOST_USE_HELPER */
 692:Generated_Source\PSoC4/CAN_INT.c **** 
 693:Generated_Source\PSoC4/CAN_INT.c ****     /* TX Message Send */
 694:Generated_Source\PSoC4/CAN_INT.c ****     #if (CAN_TX_MESSAGE && (CAN_TX_MESSAGE_USE_HELPER || \
 695:Generated_Source\PSoC4/CAN_INT.c ****         (!CAN_ADVANCED_INTERRUPT_CFG)))
 696:Generated_Source\PSoC4/CAN_INT.c ****         if ((CAN_INT_SR_REG & CAN_TX_MESSAGE_MASK) != 0u)
 697:Generated_Source\PSoC4/CAN_INT.c ****         {
 698:Generated_Source\PSoC4/CAN_INT.c ****             CAN_MsgTXIsr();
 699:Generated_Source\PSoC4/CAN_INT.c ****         }
 700:Generated_Source\PSoC4/CAN_INT.c ****     #endif /* CAN_TX_MESSAGE && CAN_TX_MESSAGE_USE_HELPER */
 701:Generated_Source\PSoC4/CAN_INT.c **** 
 702:Generated_Source\PSoC4/CAN_INT.c ****     /* RX Message Available */
 703:Generated_Source\PSoC4/CAN_INT.c ****     #if (CAN_RX_MESSAGE && (CAN_RX_MESSAGE_USE_HELPER || \
 704:Generated_Source\PSoC4/CAN_INT.c ****         (!CAN_ADVANCED_INTERRUPT_CFG)))
 705:Generated_Source\PSoC4/CAN_INT.c ****         if ((CAN_INT_SR_REG & CAN_RX_MESSAGE_MASK) != 0u)
 195              		.loc 1 705 0
 196 000e 034B     		ldr	r3, .L18
 197 0010 1B68     		ldr	r3, [r3]
 198 0012 DB04     		lsls	r3, r3, #19
 199 0014 01D5     		bpl	.L15
 706:Generated_Source\PSoC4/CAN_INT.c ****         {
 707:Generated_Source\PSoC4/CAN_INT.c ****             CAN_MsgRXIsr();
 200              		.loc 1 707 0
 201 0016 FFF7FEFF 		bl	CAN_MsgRXIsr
 202              	.LVL16:
ARM GAS  C:\Users\HENRYA~1\AppData\Local\Temp\ccn1LNRY.s 			page 17


 203              	.L15:
 708:Generated_Source\PSoC4/CAN_INT.c ****         }
 709:Generated_Source\PSoC4/CAN_INT.c ****     #endif /* CAN_RX_MESSAGE && CAN_RX_MESSAGE_USE_HELPER */
 710:Generated_Source\PSoC4/CAN_INT.c **** 
 711:Generated_Source\PSoC4/CAN_INT.c ****     /* RTR Auto-reply Message Sent */
 712:Generated_Source\PSoC4/CAN_INT.c ****     #if (CAN_RTR_AUTO_MSG_SENT && (CAN_RTR_MESSAGE_USE_HELPER || \
 713:Generated_Source\PSoC4/CAN_INT.c ****         (!CAN_ADVANCED_INTERRUPT_CFG)))
 714:Generated_Source\PSoC4/CAN_INT.c ****         if ((CAN_INT_SR_REG & CAN_RTR_MSG_MASK) != 0u)
 715:Generated_Source\PSoC4/CAN_INT.c ****         {
 716:Generated_Source\PSoC4/CAN_INT.c ****             CAN_RtrAutoMsgSentIsr();
 717:Generated_Source\PSoC4/CAN_INT.c ****         }
 718:Generated_Source\PSoC4/CAN_INT.c ****     #endif /* CAN_RTR_AUTO_MSG_SENT && CAN_RTR_MESSAGE_USE_HELPER */
 719:Generated_Source\PSoC4/CAN_INT.c **** 
 720:Generated_Source\PSoC4/CAN_INT.c ****     /* Stuck at dominant error */
 721:Generated_Source\PSoC4/CAN_INT.c ****     #if (CAN_STUCK_AT_ZERO && (CAN_STUCK_AT_ZERO_USE_HELPER || \
 722:Generated_Source\PSoC4/CAN_INT.c ****         (!CAN_ADVANCED_INTERRUPT_CFG)))
 723:Generated_Source\PSoC4/CAN_INT.c ****         if ((CAN_INT_SR_REG & CAN_STUCK_AT_ZERO_MASK) != 0u)
 724:Generated_Source\PSoC4/CAN_INT.c ****         {
 725:Generated_Source\PSoC4/CAN_INT.c ****             CAN_StuckAtZeroIsr();
 726:Generated_Source\PSoC4/CAN_INT.c ****         }
 727:Generated_Source\PSoC4/CAN_INT.c ****     #endif /* CAN_STUCK_AT_ZERO && CAN_STUCK_AT_ZERO_USE_HELPER */
 728:Generated_Source\PSoC4/CAN_INT.c **** 
 729:Generated_Source\PSoC4/CAN_INT.c ****     /* Single shot transmission failure */
 730:Generated_Source\PSoC4/CAN_INT.c ****     #if (CAN_SST_FAILURE && (CAN_SST_FAILURE_USE_HELPER || \
 731:Generated_Source\PSoC4/CAN_INT.c ****         (!CAN_ADVANCED_INTERRUPT_CFG)))
 732:Generated_Source\PSoC4/CAN_INT.c ****         if ((CAN_INT_SR_REG & CAN_SST_FAILURE_MASK) != 0u)
 733:Generated_Source\PSoC4/CAN_INT.c ****         {
 734:Generated_Source\PSoC4/CAN_INT.c ****             CAN_SSTErrorIsr();
 735:Generated_Source\PSoC4/CAN_INT.c ****         }
 736:Generated_Source\PSoC4/CAN_INT.c ****     #endif /* CAN_SST_FAILURE && CAN_SST_FAILURE_USE_HELPER */
 737:Generated_Source\PSoC4/CAN_INT.c **** }
 204              		.loc 1 737 0
 205              		@ sp needed
 206 001a 10BD     		pop	{r4, pc}
 207              	.L19:
 208              		.align	2
 209              	.L18:
 210 001c 00002E40 		.word	1076756480
 211              		.cfi_endproc
 212              	.LFE3:
 213              		.size	CAN_ISR, .-CAN_ISR
 214              		.text
 215              	.Letext0:
 216              		.file 2 "Generated_Source\\PSoC4\\cytypes.h"
 217              		.file 3 "Generated_Source\\PSoC4\\CAN.h"
 218              		.section	.debug_info,"",%progbits
 219              	.Ldebug_info0:
 220 0000 9E020000 		.4byte	0x29e
 221 0004 0400     		.2byte	0x4
 222 0006 00000000 		.4byte	.Ldebug_abbrev0
 223 000a 04       		.byte	0x4
 224 000b 01       		.uleb128 0x1
 225 000c 54010000 		.4byte	.LASF41
 226 0010 0C       		.byte	0xc
 227 0011 15000000 		.4byte	.LASF42
 228 0015 52020000 		.4byte	.LASF43
 229 0019 00000000 		.4byte	.Ldebug_ranges0+0
ARM GAS  C:\Users\HENRYA~1\AppData\Local\Temp\ccn1LNRY.s 			page 18


 230 001d 00000000 		.4byte	0
 231 0021 00000000 		.4byte	.Ldebug_line0
 232 0025 02       		.uleb128 0x2
 233 0026 01       		.byte	0x1
 234 0027 06       		.byte	0x6
 235 0028 46020000 		.4byte	.LASF0
 236 002c 02       		.uleb128 0x2
 237 002d 01       		.byte	0x1
 238 002e 08       		.byte	0x8
 239 002f 81000000 		.4byte	.LASF1
 240 0033 02       		.uleb128 0x2
 241 0034 02       		.byte	0x2
 242 0035 05       		.byte	0x5
 243 0036 1B020000 		.4byte	.LASF2
 244 003a 02       		.uleb128 0x2
 245 003b 02       		.byte	0x2
 246 003c 07       		.byte	0x7
 247 003d 55000000 		.4byte	.LASF3
 248 0041 02       		.uleb128 0x2
 249 0042 04       		.byte	0x4
 250 0043 05       		.byte	0x5
 251 0044 2B020000 		.4byte	.LASF4
 252 0048 02       		.uleb128 0x2
 253 0049 04       		.byte	0x4
 254 004a 07       		.byte	0x7
 255 004b 9F000000 		.4byte	.LASF5
 256 004f 02       		.uleb128 0x2
 257 0050 08       		.byte	0x8
 258 0051 05       		.byte	0x5
 259 0052 FF010000 		.4byte	.LASF6
 260 0056 02       		.uleb128 0x2
 261 0057 08       		.byte	0x8
 262 0058 07       		.byte	0x7
 263 0059 2F010000 		.4byte	.LASF7
 264 005d 03       		.uleb128 0x3
 265 005e 04       		.byte	0x4
 266 005f 05       		.byte	0x5
 267 0060 696E7400 		.ascii	"int\000"
 268 0064 02       		.uleb128 0x2
 269 0065 04       		.byte	0x4
 270 0066 07       		.byte	0x7
 271 0067 12010000 		.4byte	.LASF8
 272 006b 04       		.uleb128 0x4
 273 006c B1000000 		.4byte	.LASF9
 274 0070 02       		.byte	0x2
 275 0071 9801     		.2byte	0x198
 276 0073 2C000000 		.4byte	0x2c
 277 0077 04       		.uleb128 0x4
 278 0078 D4000000 		.4byte	.LASF10
 279 007c 02       		.byte	0x2
 280 007d 9901     		.2byte	0x199
 281 007f 3A000000 		.4byte	0x3a
 282 0083 04       		.uleb128 0x4
 283 0084 DB000000 		.4byte	.LASF11
 284 0088 02       		.byte	0x2
 285 0089 9A01     		.2byte	0x19a
 286 008b 48000000 		.4byte	0x48
ARM GAS  C:\Users\HENRYA~1\AppData\Local\Temp\ccn1LNRY.s 			page 19


 287 008f 02       		.uleb128 0x2
 288 0090 04       		.byte	0x4
 289 0091 04       		.byte	0x4
 290 0092 7B000000 		.4byte	.LASF12
 291 0096 02       		.uleb128 0x2
 292 0097 08       		.byte	0x8
 293 0098 04       		.byte	0x4
 294 0099 BF000000 		.4byte	.LASF13
 295 009d 02       		.uleb128 0x2
 296 009e 01       		.byte	0x1
 297 009f 08       		.byte	0x8
 298 00a0 0D020000 		.4byte	.LASF14
 299 00a4 04       		.uleb128 0x4
 300 00a5 94000000 		.4byte	.LASF15
 301 00a9 02       		.byte	0x2
 302 00aa 4202     		.2byte	0x242
 303 00ac B0000000 		.4byte	0xb0
 304 00b0 05       		.uleb128 0x5
 305 00b1 6B000000 		.4byte	0x6b
 306 00b5 04       		.uleb128 0x4
 307 00b6 34020000 		.4byte	.LASF16
 308 00ba 02       		.byte	0x2
 309 00bb 4402     		.2byte	0x244
 310 00bd C1000000 		.4byte	0xc1
 311 00c1 05       		.uleb128 0x5
 312 00c2 83000000 		.4byte	0x83
 313 00c6 02       		.uleb128 0x2
 314 00c7 08       		.byte	0x8
 315 00c8 04       		.byte	0x4
 316 00c9 3A020000 		.4byte	.LASF17
 317 00cd 02       		.uleb128 0x2
 318 00ce 04       		.byte	0x4
 319 00cf 07       		.byte	0x7
 320 00d0 EF010000 		.4byte	.LASF18
 321 00d4 06       		.uleb128 0x6
 322 00d5 08       		.byte	0x8
 323 00d6 03       		.byte	0x3
 324 00d7 75       		.byte	0x75
 325 00d8 E9000000 		.4byte	0xe9
 326 00dc 07       		.uleb128 0x7
 327 00dd 68000000 		.4byte	.LASF20
 328 00e1 03       		.byte	0x3
 329 00e2 77       		.byte	0x77
 330 00e3 F9000000 		.4byte	0xf9
 331 00e7 00       		.byte	0
 332 00e8 00       		.byte	0
 333 00e9 08       		.uleb128 0x8
 334 00ea A4000000 		.4byte	0xa4
 335 00ee F9000000 		.4byte	0xf9
 336 00f2 09       		.uleb128 0x9
 337 00f3 CD000000 		.4byte	0xcd
 338 00f7 07       		.byte	0x7
 339 00f8 00       		.byte	0
 340 00f9 05       		.uleb128 0x5
 341 00fa E9000000 		.4byte	0xe9
 342 00fe 0A       		.uleb128 0xa
 343 00ff 06000000 		.4byte	.LASF19
ARM GAS  C:\Users\HENRYA~1\AppData\Local\Temp\ccn1LNRY.s 			page 20


 344 0103 03       		.byte	0x3
 345 0104 78       		.byte	0x78
 346 0105 D4000000 		.4byte	0xd4
 347 0109 06       		.uleb128 0x6
 348 010a 04       		.byte	0x4
 349 010b 03       		.byte	0x3
 350 010c 7B       		.byte	0x7b
 351 010d 1E010000 		.4byte	0x11e
 352 0111 07       		.uleb128 0x7
 353 0112 68000000 		.4byte	.LASF20
 354 0116 03       		.byte	0x3
 355 0117 7D       		.byte	0x7d
 356 0118 2E010000 		.4byte	0x12e
 357 011c 00       		.byte	0
 358 011d 00       		.byte	0
 359 011e 08       		.uleb128 0x8
 360 011f A4000000 		.4byte	0xa4
 361 0123 2E010000 		.4byte	0x12e
 362 0127 09       		.uleb128 0x9
 363 0128 CD000000 		.4byte	0xcd
 364 012c 03       		.byte	0x3
 365 012d 00       		.byte	0
 366 012e 05       		.uleb128 0x5
 367 012f 1E010000 		.4byte	0x11e
 368 0133 0A       		.uleb128 0xa
 369 0134 4A000000 		.4byte	.LASF21
 370 0138 03       		.byte	0x3
 371 0139 7E       		.byte	0x7e
 372 013a 09010000 		.4byte	0x109
 373 013e 06       		.uleb128 0x6
 374 013f 20       		.byte	0x20
 375 0140 03       		.byte	0x3
 376 0141 A0       		.byte	0xa0
 377 0142 9B010000 		.4byte	0x19b
 378 0146 07       		.uleb128 0x7
 379 0147 99000000 		.4byte	.LASF22
 380 014b 03       		.byte	0x3
 381 014c A2       		.byte	0xa2
 382 014d 33010000 		.4byte	0x133
 383 0151 00       		.byte	0
 384 0152 07       		.uleb128 0x7
 385 0153 8F000000 		.4byte	.LASF23
 386 0157 03       		.byte	0x3
 387 0158 A3       		.byte	0xa3
 388 0159 33010000 		.4byte	0x133
 389 015d 04       		.byte	0x4
 390 015e 07       		.uleb128 0x7
 391 015f 6D000000 		.4byte	.LASF24
 392 0163 03       		.byte	0x3
 393 0164 A4       		.byte	0xa4
 394 0165 FE000000 		.4byte	0xfe
 395 0169 08       		.byte	0x8
 396 016a 07       		.uleb128 0x7
 397 016b 36000000 		.4byte	.LASF25
 398 016f 03       		.byte	0x3
 399 0170 A5       		.byte	0xa5
 400 0171 33010000 		.4byte	0x133
ARM GAS  C:\Users\HENRYA~1\AppData\Local\Temp\ccn1LNRY.s 			page 21


 401 0175 10       		.byte	0x10
 402 0176 07       		.uleb128 0x7
 403 0177 25020000 		.4byte	.LASF26
 404 017b 03       		.byte	0x3
 405 017c A6       		.byte	0xa6
 406 017d 33010000 		.4byte	0x133
 407 0181 14       		.byte	0x14
 408 0182 07       		.uleb128 0x7
 409 0183 F8010000 		.4byte	.LASF27
 410 0187 03       		.byte	0x3
 411 0188 A7       		.byte	0xa7
 412 0189 33010000 		.4byte	0x133
 413 018d 18       		.byte	0x18
 414 018e 07       		.uleb128 0x7
 415 018f 74000000 		.4byte	.LASF28
 416 0193 03       		.byte	0x3
 417 0194 A8       		.byte	0xa8
 418 0195 33010000 		.4byte	0x133
 419 0199 1C       		.byte	0x1c
 420 019a 00       		.byte	0
 421 019b 0A       		.uleb128 0xa
 422 019c 46010000 		.4byte	.LASF29
 423 01a0 03       		.byte	0x3
 424 01a1 A9       		.byte	0xa9
 425 01a2 3E010000 		.4byte	0x13e
 426 01a6 0B       		.uleb128 0xb
 427 01a7 C6000000 		.4byte	.LASF30
 428 01ab 01       		.byte	0x1
 429 01ac 2801     		.2byte	0x128
 430 01ae 00000000 		.4byte	.LFB1
 431 01b2 14000000 		.4byte	.LFE1-.LFB1
 432 01b6 01       		.uleb128 0x1
 433 01b7 9C       		.byte	0x9c
 434 01b8 C6010000 		.4byte	0x1c6
 435 01bc 0C       		.uleb128 0xc
 436 01bd 0E000000 		.4byte	.LVL0
 437 01c1 5A020000 		.4byte	0x25a
 438 01c5 00       		.byte	0
 439 01c6 0B       		.uleb128 0xb
 440 01c7 E2010000 		.4byte	.LASF31
 441 01cb 01       		.byte	0x1
 442 01cc 9301     		.2byte	0x193
 443 01ce 00000000 		.4byte	.LFB2
 444 01d2 74000000 		.4byte	.LFE2-.LFB2
 445 01d6 01       		.uleb128 0x1
 446 01d7 9C       		.byte	0x9c
 447 01d8 31020000 		.4byte	0x231
 448 01dc 0D       		.uleb128 0xd
 449 01dd 3C000000 		.4byte	.LASF32
 450 01e1 01       		.byte	0x1
 451 01e2 9501     		.2byte	0x195
 452 01e4 6B000000 		.4byte	0x6b
 453 01e8 00000000 		.4byte	.LLST0
 454 01ec 0D       		.uleb128 0xd
 455 01ed 00000000 		.4byte	.LASF33
 456 01f1 01       		.byte	0x1
 457 01f2 9601     		.2byte	0x196
ARM GAS  C:\Users\HENRYA~1\AppData\Local\Temp\ccn1LNRY.s 			page 22


 458 01f4 77000000 		.4byte	0x77
 459 01f8 2A000000 		.4byte	.LLST1
 460 01fc 0C       		.uleb128 0xc
 461 01fd 40000000 		.4byte	.LVL4
 462 0201 65020000 		.4byte	0x265
 463 0205 0C       		.uleb128 0xc
 464 0206 46000000 		.4byte	.LVL5
 465 020a 71020000 		.4byte	0x271
 466 020e 0C       		.uleb128 0xc
 467 020f 4C000000 		.4byte	.LVL6
 468 0213 7D020000 		.4byte	0x27d
 469 0217 0C       		.uleb128 0xc
 470 0218 52000000 		.4byte	.LVL7
 471 021c 89020000 		.4byte	0x289
 472 0220 0E       		.uleb128 0xe
 473 0221 5A000000 		.4byte	.LVL8
 474 0225 95020000 		.4byte	0x295
 475 0229 0F       		.uleb128 0xf
 476 022a 01       		.uleb128 0x1
 477 022b 50       		.byte	0x50
 478 022c 02       		.uleb128 0x2
 479 022d 74       		.byte	0x74
 480 022e 00       		.sleb128 0
 481 022f 00       		.byte	0
 482 0230 00       		.byte	0
 483 0231 0B       		.uleb128 0xb
 484 0232 B7000000 		.4byte	.LASF34
 485 0236 01       		.byte	0x1
 486 0237 5902     		.2byte	0x259
 487 0239 00000000 		.4byte	.LFB3
 488 023d 20000000 		.4byte	.LFE3-.LFB3
 489 0241 01       		.uleb128 0x1
 490 0242 9C       		.byte	0x9c
 491 0243 5A020000 		.4byte	0x25a
 492 0247 0C       		.uleb128 0xc
 493 0248 0E000000 		.4byte	.LVL15
 494 024c A6010000 		.4byte	0x1a6
 495 0250 0C       		.uleb128 0xc
 496 0251 1A000000 		.4byte	.LVL16
 497 0255 C6010000 		.4byte	0x1c6
 498 0259 00       		.byte	0
 499 025a 10       		.uleb128 0x10
 500 025b 12020000 		.4byte	.LASF35
 501 025f 12020000 		.4byte	.LASF35
 502 0263 03       		.byte	0x3
 503 0264 C6       		.byte	0xc6
 504 0265 11       		.uleb128 0x11
 505 0266 E2000000 		.4byte	.LASF36
 506 026a E2000000 		.4byte	.LASF36
 507 026e 03       		.byte	0x3
 508 026f 3501     		.2byte	0x135
 509 0271 11       		.uleb128 0x11
 510 0272 F2000000 		.4byte	.LASF37
 511 0276 F2000000 		.4byte	.LASF37
 512 027a 03       		.byte	0x3
 513 027b 3801     		.2byte	0x138
 514 027d 11       		.uleb128 0x11
ARM GAS  C:\Users\HENRYA~1\AppData\Local\Temp\ccn1LNRY.s 			page 23


 515 027e 02010000 		.4byte	.LASF38
 516 0282 02010000 		.4byte	.LASF38
 517 0286 03       		.byte	0x3
 518 0287 3B01     		.2byte	0x13b
 519 0289 11       		.uleb128 0x11
 520 028a 1F010000 		.4byte	.LASF39
 521 028e 1F010000 		.4byte	.LASF39
 522 0292 03       		.byte	0x3
 523 0293 3E01     		.2byte	0x13e
 524 0295 11       		.uleb128 0x11
 525 0296 BA020000 		.4byte	.LASF40
 526 029a BA020000 		.4byte	.LASF40
 527 029e 03       		.byte	0x3
 528 029f 1A01     		.2byte	0x11a
 529 02a1 00       		.byte	0
 530              		.section	.debug_abbrev,"",%progbits
 531              	.Ldebug_abbrev0:
 532 0000 01       		.uleb128 0x1
 533 0001 11       		.uleb128 0x11
 534 0002 01       		.byte	0x1
 535 0003 25       		.uleb128 0x25
 536 0004 0E       		.uleb128 0xe
 537 0005 13       		.uleb128 0x13
 538 0006 0B       		.uleb128 0xb
 539 0007 03       		.uleb128 0x3
 540 0008 0E       		.uleb128 0xe
 541 0009 1B       		.uleb128 0x1b
 542 000a 0E       		.uleb128 0xe
 543 000b 55       		.uleb128 0x55
 544 000c 17       		.uleb128 0x17
 545 000d 11       		.uleb128 0x11
 546 000e 01       		.uleb128 0x1
 547 000f 10       		.uleb128 0x10
 548 0010 17       		.uleb128 0x17
 549 0011 00       		.byte	0
 550 0012 00       		.byte	0
 551 0013 02       		.uleb128 0x2
 552 0014 24       		.uleb128 0x24
 553 0015 00       		.byte	0
 554 0016 0B       		.uleb128 0xb
 555 0017 0B       		.uleb128 0xb
 556 0018 3E       		.uleb128 0x3e
 557 0019 0B       		.uleb128 0xb
 558 001a 03       		.uleb128 0x3
 559 001b 0E       		.uleb128 0xe
 560 001c 00       		.byte	0
 561 001d 00       		.byte	0
 562 001e 03       		.uleb128 0x3
 563 001f 24       		.uleb128 0x24
 564 0020 00       		.byte	0
 565 0021 0B       		.uleb128 0xb
 566 0022 0B       		.uleb128 0xb
 567 0023 3E       		.uleb128 0x3e
 568 0024 0B       		.uleb128 0xb
 569 0025 03       		.uleb128 0x3
 570 0026 08       		.uleb128 0x8
 571 0027 00       		.byte	0
ARM GAS  C:\Users\HENRYA~1\AppData\Local\Temp\ccn1LNRY.s 			page 24


 572 0028 00       		.byte	0
 573 0029 04       		.uleb128 0x4
 574 002a 16       		.uleb128 0x16
 575 002b 00       		.byte	0
 576 002c 03       		.uleb128 0x3
 577 002d 0E       		.uleb128 0xe
 578 002e 3A       		.uleb128 0x3a
 579 002f 0B       		.uleb128 0xb
 580 0030 3B       		.uleb128 0x3b
 581 0031 05       		.uleb128 0x5
 582 0032 49       		.uleb128 0x49
 583 0033 13       		.uleb128 0x13
 584 0034 00       		.byte	0
 585 0035 00       		.byte	0
 586 0036 05       		.uleb128 0x5
 587 0037 35       		.uleb128 0x35
 588 0038 00       		.byte	0
 589 0039 49       		.uleb128 0x49
 590 003a 13       		.uleb128 0x13
 591 003b 00       		.byte	0
 592 003c 00       		.byte	0
 593 003d 06       		.uleb128 0x6
 594 003e 13       		.uleb128 0x13
 595 003f 01       		.byte	0x1
 596 0040 0B       		.uleb128 0xb
 597 0041 0B       		.uleb128 0xb
 598 0042 3A       		.uleb128 0x3a
 599 0043 0B       		.uleb128 0xb
 600 0044 3B       		.uleb128 0x3b
 601 0045 0B       		.uleb128 0xb
 602 0046 01       		.uleb128 0x1
 603 0047 13       		.uleb128 0x13
 604 0048 00       		.byte	0
 605 0049 00       		.byte	0
 606 004a 07       		.uleb128 0x7
 607 004b 0D       		.uleb128 0xd
 608 004c 00       		.byte	0
 609 004d 03       		.uleb128 0x3
 610 004e 0E       		.uleb128 0xe
 611 004f 3A       		.uleb128 0x3a
 612 0050 0B       		.uleb128 0xb
 613 0051 3B       		.uleb128 0x3b
 614 0052 0B       		.uleb128 0xb
 615 0053 49       		.uleb128 0x49
 616 0054 13       		.uleb128 0x13
 617 0055 38       		.uleb128 0x38
 618 0056 0B       		.uleb128 0xb
 619 0057 00       		.byte	0
 620 0058 00       		.byte	0
 621 0059 08       		.uleb128 0x8
 622 005a 01       		.uleb128 0x1
 623 005b 01       		.byte	0x1
 624 005c 49       		.uleb128 0x49
 625 005d 13       		.uleb128 0x13
 626 005e 01       		.uleb128 0x1
 627 005f 13       		.uleb128 0x13
 628 0060 00       		.byte	0
ARM GAS  C:\Users\HENRYA~1\AppData\Local\Temp\ccn1LNRY.s 			page 25


 629 0061 00       		.byte	0
 630 0062 09       		.uleb128 0x9
 631 0063 21       		.uleb128 0x21
 632 0064 00       		.byte	0
 633 0065 49       		.uleb128 0x49
 634 0066 13       		.uleb128 0x13
 635 0067 2F       		.uleb128 0x2f
 636 0068 0B       		.uleb128 0xb
 637 0069 00       		.byte	0
 638 006a 00       		.byte	0
 639 006b 0A       		.uleb128 0xa
 640 006c 16       		.uleb128 0x16
 641 006d 00       		.byte	0
 642 006e 03       		.uleb128 0x3
 643 006f 0E       		.uleb128 0xe
 644 0070 3A       		.uleb128 0x3a
 645 0071 0B       		.uleb128 0xb
 646 0072 3B       		.uleb128 0x3b
 647 0073 0B       		.uleb128 0xb
 648 0074 49       		.uleb128 0x49
 649 0075 13       		.uleb128 0x13
 650 0076 00       		.byte	0
 651 0077 00       		.byte	0
 652 0078 0B       		.uleb128 0xb
 653 0079 2E       		.uleb128 0x2e
 654 007a 01       		.byte	0x1
 655 007b 3F       		.uleb128 0x3f
 656 007c 19       		.uleb128 0x19
 657 007d 03       		.uleb128 0x3
 658 007e 0E       		.uleb128 0xe
 659 007f 3A       		.uleb128 0x3a
 660 0080 0B       		.uleb128 0xb
 661 0081 3B       		.uleb128 0x3b
 662 0082 05       		.uleb128 0x5
 663 0083 27       		.uleb128 0x27
 664 0084 19       		.uleb128 0x19
 665 0085 11       		.uleb128 0x11
 666 0086 01       		.uleb128 0x1
 667 0087 12       		.uleb128 0x12
 668 0088 06       		.uleb128 0x6
 669 0089 40       		.uleb128 0x40
 670 008a 18       		.uleb128 0x18
 671 008b 9742     		.uleb128 0x2117
 672 008d 19       		.uleb128 0x19
 673 008e 01       		.uleb128 0x1
 674 008f 13       		.uleb128 0x13
 675 0090 00       		.byte	0
 676 0091 00       		.byte	0
 677 0092 0C       		.uleb128 0xc
 678 0093 898201   		.uleb128 0x4109
 679 0096 00       		.byte	0
 680 0097 11       		.uleb128 0x11
 681 0098 01       		.uleb128 0x1
 682 0099 31       		.uleb128 0x31
 683 009a 13       		.uleb128 0x13
 684 009b 00       		.byte	0
 685 009c 00       		.byte	0
ARM GAS  C:\Users\HENRYA~1\AppData\Local\Temp\ccn1LNRY.s 			page 26


 686 009d 0D       		.uleb128 0xd
 687 009e 34       		.uleb128 0x34
 688 009f 00       		.byte	0
 689 00a0 03       		.uleb128 0x3
 690 00a1 0E       		.uleb128 0xe
 691 00a2 3A       		.uleb128 0x3a
 692 00a3 0B       		.uleb128 0xb
 693 00a4 3B       		.uleb128 0x3b
 694 00a5 05       		.uleb128 0x5
 695 00a6 49       		.uleb128 0x49
 696 00a7 13       		.uleb128 0x13
 697 00a8 02       		.uleb128 0x2
 698 00a9 17       		.uleb128 0x17
 699 00aa 00       		.byte	0
 700 00ab 00       		.byte	0
 701 00ac 0E       		.uleb128 0xe
 702 00ad 898201   		.uleb128 0x4109
 703 00b0 01       		.byte	0x1
 704 00b1 11       		.uleb128 0x11
 705 00b2 01       		.uleb128 0x1
 706 00b3 31       		.uleb128 0x31
 707 00b4 13       		.uleb128 0x13
 708 00b5 00       		.byte	0
 709 00b6 00       		.byte	0
 710 00b7 0F       		.uleb128 0xf
 711 00b8 8A8201   		.uleb128 0x410a
 712 00bb 00       		.byte	0
 713 00bc 02       		.uleb128 0x2
 714 00bd 18       		.uleb128 0x18
 715 00be 9142     		.uleb128 0x2111
 716 00c0 18       		.uleb128 0x18
 717 00c1 00       		.byte	0
 718 00c2 00       		.byte	0
 719 00c3 10       		.uleb128 0x10
 720 00c4 2E       		.uleb128 0x2e
 721 00c5 00       		.byte	0
 722 00c6 3F       		.uleb128 0x3f
 723 00c7 19       		.uleb128 0x19
 724 00c8 3C       		.uleb128 0x3c
 725 00c9 19       		.uleb128 0x19
 726 00ca 6E       		.uleb128 0x6e
 727 00cb 0E       		.uleb128 0xe
 728 00cc 03       		.uleb128 0x3
 729 00cd 0E       		.uleb128 0xe
 730 00ce 3A       		.uleb128 0x3a
 731 00cf 0B       		.uleb128 0xb
 732 00d0 3B       		.uleb128 0x3b
 733 00d1 0B       		.uleb128 0xb
 734 00d2 00       		.byte	0
 735 00d3 00       		.byte	0
 736 00d4 11       		.uleb128 0x11
 737 00d5 2E       		.uleb128 0x2e
 738 00d6 00       		.byte	0
 739 00d7 3F       		.uleb128 0x3f
 740 00d8 19       		.uleb128 0x19
 741 00d9 3C       		.uleb128 0x3c
 742 00da 19       		.uleb128 0x19
ARM GAS  C:\Users\HENRYA~1\AppData\Local\Temp\ccn1LNRY.s 			page 27


 743 00db 6E       		.uleb128 0x6e
 744 00dc 0E       		.uleb128 0xe
 745 00dd 03       		.uleb128 0x3
 746 00de 0E       		.uleb128 0xe
 747 00df 3A       		.uleb128 0x3a
 748 00e0 0B       		.uleb128 0xb
 749 00e1 3B       		.uleb128 0x3b
 750 00e2 05       		.uleb128 0x5
 751 00e3 00       		.byte	0
 752 00e4 00       		.byte	0
 753 00e5 00       		.byte	0
 754              		.section	.debug_loc,"",%progbits
 755              	.Ldebug_loc0:
 756              	.LLST0:
 757 0000 0A000000 		.4byte	.LVL2
 758 0004 10000000 		.4byte	.LVL3
 759 0008 0200     		.2byte	0x2
 760 000a 30       		.byte	0x30
 761 000b 9F       		.byte	0x9f
 762 000c 10000000 		.4byte	.LVL3
 763 0010 60000000 		.4byte	.LVL11
 764 0014 0100     		.2byte	0x1
 765 0016 54       		.byte	0x54
 766 0017 62000000 		.4byte	.LVL12
 767 001b 66000000 		.4byte	.LVL13
 768 001f 0100     		.2byte	0x1
 769 0021 54       		.byte	0x54
 770 0022 00000000 		.4byte	0
 771 0026 00000000 		.4byte	0
 772              	.LLST1:
 773 002a 02000000 		.4byte	.LVL1
 774 002e 10000000 		.4byte	.LVL3
 775 0032 0200     		.2byte	0x2
 776 0034 31       		.byte	0x31
 777 0035 9F       		.byte	0x9f
 778 0036 10000000 		.4byte	.LVL3
 779 003a 5C000000 		.4byte	.LVL9
 780 003e 0100     		.2byte	0x1
 781 0040 55       		.byte	0x55
 782 0041 5E000000 		.4byte	.LVL10
 783 0045 66000000 		.4byte	.LVL14
 784 0049 0100     		.2byte	0x1
 785 004b 55       		.byte	0x55
 786 004c 00000000 		.4byte	0
 787 0050 00000000 		.4byte	0
 788              		.section	.debug_aranges,"",%progbits
 789 0000 2C000000 		.4byte	0x2c
 790 0004 0200     		.2byte	0x2
 791 0006 00000000 		.4byte	.Ldebug_info0
 792 000a 04       		.byte	0x4
 793 000b 00       		.byte	0
 794 000c 0000     		.2byte	0
 795 000e 0000     		.2byte	0
 796 0010 00000000 		.4byte	.LFB1
 797 0014 14000000 		.4byte	.LFE1-.LFB1
 798 0018 00000000 		.4byte	.LFB2
 799 001c 74000000 		.4byte	.LFE2-.LFB2
ARM GAS  C:\Users\HENRYA~1\AppData\Local\Temp\ccn1LNRY.s 			page 28


 800 0020 00000000 		.4byte	.LFB3
 801 0024 20000000 		.4byte	.LFE3-.LFB3
 802 0028 00000000 		.4byte	0
 803 002c 00000000 		.4byte	0
 804              		.section	.debug_ranges,"",%progbits
 805              	.Ldebug_ranges0:
 806 0000 00000000 		.4byte	.LFB1
 807 0004 14000000 		.4byte	.LFE1
 808 0008 00000000 		.4byte	.LFB2
 809 000c 74000000 		.4byte	.LFE2
 810 0010 00000000 		.4byte	.LFB3
 811 0014 20000000 		.4byte	.LFE3
 812 0018 00000000 		.4byte	0
 813 001c 00000000 		.4byte	0
 814              		.section	.debug_line,"",%progbits
 815              	.Ldebug_line0:
 816 0000 BC000000 		.section	.debug_str,"MS",%progbits,1
 816      02004D00 
 816      00000201 
 816      FB0E0D00 
 816      01010101 
 817              	.LASF33:
 818 0000 73686966 		.ascii	"shift\000"
 818      7400
 819              	.LASF19:
 820 0006 43414E5F 		.ascii	"CAN_DATA_BYTES\000"
 820      44415441 
 820      5F425954 
 820      455300
 821              	.LASF42:
 822 0015 47656E65 		.ascii	"Generated_Source\\PSoC4\\CAN_INT.c\000"
 822      72617465 
 822      645F536F 
 822      75726365 
 822      5C50536F 
 823              	.LASF25:
 824 0036 7278616D 		.ascii	"rxamr\000"
 824      7200
 825              	.LASF32:
 826 003c 6D61696C 		.ascii	"mailboxNumber\000"
 826      626F784E 
 826      756D6265 
 826      7200
 827              	.LASF21:
 828 004a 43414E5F 		.ascii	"CAN_REG_32\000"
 828      5245475F 
 828      333200
 829              	.LASF3:
 830 0055 73686F72 		.ascii	"short unsigned int\000"
 830      7420756E 
 830      7369676E 
 830      65642069 
 830      6E7400
 831              	.LASF20:
 832 0068 62797465 		.ascii	"byte\000"
 832      00
 833              	.LASF24:
ARM GAS  C:\Users\HENRYA~1\AppData\Local\Temp\ccn1LNRY.s 			page 29


 834 006d 72786461 		.ascii	"rxdata\000"
 834      746100
 835              	.LASF28:
 836 0074 72786163 		.ascii	"rxacrd\000"
 836      726400
 837              	.LASF12:
 838 007b 666C6F61 		.ascii	"float\000"
 838      7400
 839              	.LASF1:
 840 0081 756E7369 		.ascii	"unsigned char\000"
 840      676E6564 
 840      20636861 
 840      7200
 841              	.LASF23:
 842 008f 72786964 		.ascii	"rxid\000"
 842      00
 843              	.LASF15:
 844 0094 72656738 		.ascii	"reg8\000"
 844      00
 845              	.LASF22:
 846 0099 7278636D 		.ascii	"rxcmd\000"
 846      6400
 847              	.LASF5:
 848 009f 6C6F6E67 		.ascii	"long unsigned int\000"
 848      20756E73 
 848      69676E65 
 848      6420696E 
 848      7400
 849              	.LASF9:
 850 00b1 75696E74 		.ascii	"uint8\000"
 850      3800
 851              	.LASF34:
 852 00b7 43414E5F 		.ascii	"CAN_ISR\000"
 852      49535200 
 853              	.LASF13:
 854 00bf 646F7562 		.ascii	"double\000"
 854      6C6500
 855              	.LASF30:
 856 00c6 43414E5F 		.ascii	"CAN_BusOffIsr\000"
 856      4275734F 
 856      66664973 
 856      7200
 857              	.LASF10:
 858 00d4 75696E74 		.ascii	"uint16\000"
 858      313600
 859              	.LASF11:
 860 00db 75696E74 		.ascii	"uint32\000"
 860      333200
 861              	.LASF36:
 862 00e2 43414E5F 		.ascii	"CAN_ReceiveMsg0\000"
 862      52656365 
 862      6976654D 
 862      73673000 
 863              	.LASF37:
 864 00f2 43414E5F 		.ascii	"CAN_ReceiveMsg1\000"
 864      52656365 
 864      6976654D 
ARM GAS  C:\Users\HENRYA~1\AppData\Local\Temp\ccn1LNRY.s 			page 30


 864      73673100 
 865              	.LASF38:
 866 0102 43414E5F 		.ascii	"CAN_ReceiveMsg2\000"
 866      52656365 
 866      6976654D 
 866      73673200 
 867              	.LASF8:
 868 0112 756E7369 		.ascii	"unsigned int\000"
 868      676E6564 
 868      20696E74 
 868      00
 869              	.LASF39:
 870 011f 43414E5F 		.ascii	"CAN_ReceiveMsg3\000"
 870      52656365 
 870      6976654D 
 870      73673300 
 871              	.LASF7:
 872 012f 6C6F6E67 		.ascii	"long long unsigned int\000"
 872      206C6F6E 
 872      6720756E 
 872      7369676E 
 872      65642069 
 873              	.LASF29:
 874 0146 43414E5F 		.ascii	"CAN_RX_STRUCT\000"
 874      52585F53 
 874      54525543 
 874      5400
 875              	.LASF41:
 876 0154 474E5520 		.ascii	"GNU C11 5.4.1 20160609 (release) [ARM/embedded-5-br"
 876      43313120 
 876      352E342E 
 876      31203230 
 876      31363036 
 877 0187 616E6368 		.ascii	"anch revision 237715] -mcpu=cortex-m0 -mthumb -g -O"
 877      20726576 
 877      6973696F 
 877      6E203233 
 877      37373135 
 878 01ba 67202D66 		.ascii	"g -ffunction-sections -ffat-lto-objects\000"
 878      66756E63 
 878      74696F6E 
 878      2D736563 
 878      74696F6E 
 879              	.LASF31:
 880 01e2 43414E5F 		.ascii	"CAN_MsgRXIsr\000"
 880      4D736752 
 880      58497372 
 880      00
 881              	.LASF18:
 882 01ef 73697A65 		.ascii	"sizetype\000"
 882      74797065 
 882      00
 883              	.LASF27:
 884 01f8 7278616D 		.ascii	"rxamrd\000"
 884      726400
 885              	.LASF6:
 886 01ff 6C6F6E67 		.ascii	"long long int\000"
ARM GAS  C:\Users\HENRYA~1\AppData\Local\Temp\ccn1LNRY.s 			page 31


 886      206C6F6E 
 886      6720696E 
 886      7400
 887              	.LASF14:
 888 020d 63686172 		.ascii	"char\000"
 888      00
 889              	.LASF35:
 890 0212 43414E5F 		.ascii	"CAN_Stop\000"
 890      53746F70 
 890      00
 891              	.LASF2:
 892 021b 73686F72 		.ascii	"short int\000"
 892      7420696E 
 892      7400
 893              	.LASF26:
 894 0225 72786163 		.ascii	"rxacr\000"
 894      7200
 895              	.LASF4:
 896 022b 6C6F6E67 		.ascii	"long int\000"
 896      20696E74 
 896      00
 897              	.LASF16:
 898 0234 72656733 		.ascii	"reg32\000"
 898      3200
 899              	.LASF17:
 900 023a 6C6F6E67 		.ascii	"long double\000"
 900      20646F75 
 900      626C6500 
 901              	.LASF0:
 902 0246 7369676E 		.ascii	"signed char\000"
 902      65642063 
 902      68617200 
 903              	.LASF43:
 904 0252 433A5C55 		.ascii	"C:\\Users\\Henry Alberto\\Documents\\GitHub\\Psoc_M"
 904      73657273 
 904      5C48656E 
 904      72792041 
 904      6C626572 
 905 0280 6F64756C 		.ascii	"odular\\Optimization_Algorithms\\Xbee_Snifer_Terate"
 905      61725C4F 
 905      7074696D 
 905      697A6174 
 905      696F6E5F 
 906 02b1 726D2E63 		.ascii	"rm.cydsn\000"
 906      7964736E 
 906      00
 907              	.LASF40:
 908 02ba 43414E5F 		.ascii	"CAN_ReceiveMsg\000"
 908      52656365 
 908      6976654D 
 908      736700
 909              		.ident	"GCC: (GNU Tools for ARM Embedded Processors) 5.4.1 20160609 (release) [ARM/embedded-5-bran
