ARM GAS  C:\Users\HENRYA~1\AppData\Local\Temp\ccQ2Z7on.s 			page 1


   1              		.syntax unified
   2              		.cpu cortex-m0
   3              		.fpu softvfp
   4              		.eabi_attribute 20, 1
   5              		.eabi_attribute 21, 1
   6              		.eabi_attribute 23, 3
   7              		.eabi_attribute 24, 1
   8              		.eabi_attribute 25, 1
   9              		.eabi_attribute 26, 1
  10              		.eabi_attribute 30, 1
  11              		.eabi_attribute 34, 0
  12              		.eabi_attribute 18, 4
  13              		.thumb
  14              		.syntax unified
  15              		.file	"main.c"
  16              		.text
  17              	.Ltext0:
  18              		.cfi_sections	.debug_frame
  19              		.section	.text.Oyente_Mail_1,"ax",%progbits
  20              		.align	2
  21              		.global	Oyente_Mail_1
  22              		.code	16
  23              		.thumb_func
  24              		.type	Oyente_Mail_1, %function
  25              	Oyente_Mail_1:
  26              	.LFB37:
  27              		.file 1 "main.c"
   1:main.c        **** //Import Libraries
   2:main.c        **** #include <project.h>
   3:main.c        **** #include <stdio.h>
   4:main.c        **** #include <math.h>
   5:main.c        **** #include <protocolo can.h>
   6:main.c        **** 
   7:main.c        **** //Global Variables
   8:main.c        **** uint8 dato_recibido;
   9:main.c        **** char publicar[6];
  10:main.c        **** char* formato=" %i";
  11:main.c        **** uint8 mailbox0[8];
  12:main.c        **** uint8 mailbox1[8];
  13:main.c        **** uint8 mailbox2[8];
  14:main.c        **** uint8 mailbox3[8];
  15:main.c        **** uint8 dato_enviado[8];
  16:main.c        **** uint8 dato_enviado_1[8];
  17:main.c        **** int memoria=1;
  18:main.c        **** 
  19:main.c        **** void Oyente_Mail_1(){
  28              		.loc 1 19 0
  29              		.cfi_startproc
  30              		@ args = 0, pretend = 0, frame = 0
  31              		@ frame_needed = 0, uses_anonymous_args = 0
  32 0000 70B5     		push	{r4, r5, r6, lr}
  33              		.cfi_def_cfa_offset 16
  34              		.cfi_offset 4, -16
  35              		.cfi_offset 5, -12
  36              		.cfi_offset 6, -8
  37              		.cfi_offset 14, -4
  20:main.c        ****     XBEE_PutString("MB_0= ");
ARM GAS  C:\Users\HENRYA~1\AppData\Local\Temp\ccQ2Z7on.s 			page 2


  38              		.loc 1 20 0
  39 0002 2548     		ldr	r0, .L2
  40 0004 FFF7FEFF 		bl	XBEE_PutString
  41              	.LVL0:
  21:main.c        ****     sprintf(publicar, formato, mailbox0[0]);
  42              		.loc 1 21 0
  43 0008 244E     		ldr	r6, .L2+4
  44 000a 3278     		ldrb	r2, [r6]
  45 000c 244D     		ldr	r5, .L2+8
  46 000e 254C     		ldr	r4, .L2+12
  47 0010 2968     		ldr	r1, [r5]
  48 0012 2000     		movs	r0, r4
  49 0014 FFF7FEFF 		bl	sprintf
  50              	.LVL1:
  22:main.c        ****     XBEE_PutString(publicar);
  51              		.loc 1 22 0
  52 0018 2000     		movs	r0, r4
  53 001a FFF7FEFF 		bl	XBEE_PutString
  54              	.LVL2:
  23:main.c        ****     sprintf(publicar, formato, mailbox0[1]);
  55              		.loc 1 23 0
  56 001e 7278     		ldrb	r2, [r6, #1]
  57 0020 2968     		ldr	r1, [r5]
  58 0022 2000     		movs	r0, r4
  59 0024 FFF7FEFF 		bl	sprintf
  60              	.LVL3:
  24:main.c        ****     XBEE_PutString(publicar);
  61              		.loc 1 24 0
  62 0028 2000     		movs	r0, r4
  63 002a FFF7FEFF 		bl	XBEE_PutString
  64              	.LVL4:
  25:main.c        ****     sprintf(publicar, formato, mailbox0[2]);
  65              		.loc 1 25 0
  66 002e B278     		ldrb	r2, [r6, #2]
  67 0030 2968     		ldr	r1, [r5]
  68 0032 2000     		movs	r0, r4
  69 0034 FFF7FEFF 		bl	sprintf
  70              	.LVL5:
  26:main.c        ****     XBEE_PutString(publicar);    
  71              		.loc 1 26 0
  72 0038 2000     		movs	r0, r4
  73 003a FFF7FEFF 		bl	XBEE_PutString
  74              	.LVL6:
  27:main.c        ****     sprintf(publicar, formato, mailbox0[3]);
  75              		.loc 1 27 0
  76 003e F278     		ldrb	r2, [r6, #3]
  77 0040 2968     		ldr	r1, [r5]
  78 0042 2000     		movs	r0, r4
  79 0044 FFF7FEFF 		bl	sprintf
  80              	.LVL7:
  28:main.c        ****     XBEE_PutString(publicar);    
  81              		.loc 1 28 0
  82 0048 2000     		movs	r0, r4
  83 004a FFF7FEFF 		bl	XBEE_PutString
  84              	.LVL8:
  29:main.c        ****     sprintf(publicar, formato, mailbox0[4]);
  85              		.loc 1 29 0
ARM GAS  C:\Users\HENRYA~1\AppData\Local\Temp\ccQ2Z7on.s 			page 3


  86 004e 3279     		ldrb	r2, [r6, #4]
  87 0050 2968     		ldr	r1, [r5]
  88 0052 2000     		movs	r0, r4
  89 0054 FFF7FEFF 		bl	sprintf
  90              	.LVL9:
  30:main.c        ****     XBEE_PutString(publicar);    
  91              		.loc 1 30 0
  92 0058 2000     		movs	r0, r4
  93 005a FFF7FEFF 		bl	XBEE_PutString
  94              	.LVL10:
  31:main.c        ****     sprintf(publicar, formato, mailbox0[5]);
  95              		.loc 1 31 0
  96 005e 7279     		ldrb	r2, [r6, #5]
  97 0060 2968     		ldr	r1, [r5]
  98 0062 2000     		movs	r0, r4
  99 0064 FFF7FEFF 		bl	sprintf
 100              	.LVL11:
  32:main.c        ****     XBEE_PutString(publicar);    
 101              		.loc 1 32 0
 102 0068 2000     		movs	r0, r4
 103 006a FFF7FEFF 		bl	XBEE_PutString
 104              	.LVL12:
  33:main.c        ****     sprintf(publicar, formato, mailbox0[6]);
 105              		.loc 1 33 0
 106 006e B279     		ldrb	r2, [r6, #6]
 107 0070 2968     		ldr	r1, [r5]
 108 0072 2000     		movs	r0, r4
 109 0074 FFF7FEFF 		bl	sprintf
 110              	.LVL13:
  34:main.c        ****     XBEE_PutString(publicar);    
 111              		.loc 1 34 0
 112 0078 2000     		movs	r0, r4
 113 007a FFF7FEFF 		bl	XBEE_PutString
 114              	.LVL14:
  35:main.c        ****     sprintf(publicar, formato, mailbox0[7]);
 115              		.loc 1 35 0
 116 007e F279     		ldrb	r2, [r6, #7]
 117 0080 2968     		ldr	r1, [r5]
 118 0082 2000     		movs	r0, r4
 119 0084 FFF7FEFF 		bl	sprintf
 120              	.LVL15:
  36:main.c        ****     XBEE_PutString(publicar); 
 121              		.loc 1 36 0
 122 0088 2000     		movs	r0, r4
 123 008a FFF7FEFF 		bl	XBEE_PutString
 124              	.LVL16:
  37:main.c        ****     XBEE_PutCRLF(0);
 125              		.loc 1 37 0
 126 008e 0020     		movs	r0, #0
 127 0090 FFF7FEFF 		bl	XBEE_PutCRLF
 128              	.LVL17:
  38:main.c        **** }
 129              		.loc 1 38 0
 130              		@ sp needed
 131 0094 70BD     		pop	{r4, r5, r6, pc}
 132              	.L3:
 133 0096 C046     		.align	2
ARM GAS  C:\Users\HENRYA~1\AppData\Local\Temp\ccQ2Z7on.s 			page 4


 134              	.L2:
 135 0098 00000000 		.word	.LC0
 136 009c 00000000 		.word	mailbox0
 137 00a0 00000000 		.word	.LANCHOR0
 138 00a4 00000000 		.word	publicar
 139              		.cfi_endproc
 140              	.LFE37:
 141              		.size	Oyente_Mail_1, .-Oyente_Mail_1
 142              		.section	.text.Oyente_Mail_2,"ax",%progbits
 143              		.align	2
 144              		.global	Oyente_Mail_2
 145              		.code	16
 146              		.thumb_func
 147              		.type	Oyente_Mail_2, %function
 148              	Oyente_Mail_2:
 149              	.LFB38:
  39:main.c        **** 
  40:main.c        **** void Oyente_Mail_2(){
 150              		.loc 1 40 0
 151              		.cfi_startproc
 152              		@ args = 0, pretend = 0, frame = 0
 153              		@ frame_needed = 0, uses_anonymous_args = 0
 154 0000 70B5     		push	{r4, r5, r6, lr}
 155              		.cfi_def_cfa_offset 16
 156              		.cfi_offset 4, -16
 157              		.cfi_offset 5, -12
 158              		.cfi_offset 6, -8
 159              		.cfi_offset 14, -4
  41:main.c        ****     XBEE_PutString("MB_1= ");
 160              		.loc 1 41 0
 161 0002 2548     		ldr	r0, .L5
 162 0004 FFF7FEFF 		bl	XBEE_PutString
 163              	.LVL18:
  42:main.c        ****     sprintf(publicar, formato, mailbox1[0]);
 164              		.loc 1 42 0
 165 0008 244E     		ldr	r6, .L5+4
 166 000a 3278     		ldrb	r2, [r6]
 167 000c 244D     		ldr	r5, .L5+8
 168 000e 254C     		ldr	r4, .L5+12
 169 0010 2968     		ldr	r1, [r5]
 170 0012 2000     		movs	r0, r4
 171 0014 FFF7FEFF 		bl	sprintf
 172              	.LVL19:
  43:main.c        ****     XBEE_PutString(publicar);
 173              		.loc 1 43 0
 174 0018 2000     		movs	r0, r4
 175 001a FFF7FEFF 		bl	XBEE_PutString
 176              	.LVL20:
  44:main.c        ****     sprintf(publicar, formato, mailbox1[1]);
 177              		.loc 1 44 0
 178 001e 7278     		ldrb	r2, [r6, #1]
 179 0020 2968     		ldr	r1, [r5]
 180 0022 2000     		movs	r0, r4
 181 0024 FFF7FEFF 		bl	sprintf
 182              	.LVL21:
  45:main.c        ****     XBEE_PutString(publicar);
 183              		.loc 1 45 0
ARM GAS  C:\Users\HENRYA~1\AppData\Local\Temp\ccQ2Z7on.s 			page 5


 184 0028 2000     		movs	r0, r4
 185 002a FFF7FEFF 		bl	XBEE_PutString
 186              	.LVL22:
  46:main.c        ****     sprintf(publicar, formato, mailbox1[2]);
 187              		.loc 1 46 0
 188 002e B278     		ldrb	r2, [r6, #2]
 189 0030 2968     		ldr	r1, [r5]
 190 0032 2000     		movs	r0, r4
 191 0034 FFF7FEFF 		bl	sprintf
 192              	.LVL23:
  47:main.c        ****     XBEE_PutString(publicar);    
 193              		.loc 1 47 0
 194 0038 2000     		movs	r0, r4
 195 003a FFF7FEFF 		bl	XBEE_PutString
 196              	.LVL24:
  48:main.c        ****     sprintf(publicar, formato, mailbox1[3]);
 197              		.loc 1 48 0
 198 003e F278     		ldrb	r2, [r6, #3]
 199 0040 2968     		ldr	r1, [r5]
 200 0042 2000     		movs	r0, r4
 201 0044 FFF7FEFF 		bl	sprintf
 202              	.LVL25:
  49:main.c        ****     XBEE_PutString(publicar);    
 203              		.loc 1 49 0
 204 0048 2000     		movs	r0, r4
 205 004a FFF7FEFF 		bl	XBEE_PutString
 206              	.LVL26:
  50:main.c        ****     sprintf(publicar, formato, mailbox1[4]);
 207              		.loc 1 50 0
 208 004e 3279     		ldrb	r2, [r6, #4]
 209 0050 2968     		ldr	r1, [r5]
 210 0052 2000     		movs	r0, r4
 211 0054 FFF7FEFF 		bl	sprintf
 212              	.LVL27:
  51:main.c        ****     XBEE_PutString(publicar);    
 213              		.loc 1 51 0
 214 0058 2000     		movs	r0, r4
 215 005a FFF7FEFF 		bl	XBEE_PutString
 216              	.LVL28:
  52:main.c        ****     sprintf(publicar, formato, mailbox1[5]);
 217              		.loc 1 52 0
 218 005e 7279     		ldrb	r2, [r6, #5]
 219 0060 2968     		ldr	r1, [r5]
 220 0062 2000     		movs	r0, r4
 221 0064 FFF7FEFF 		bl	sprintf
 222              	.LVL29:
  53:main.c        ****     XBEE_PutString(publicar);    
 223              		.loc 1 53 0
 224 0068 2000     		movs	r0, r4
 225 006a FFF7FEFF 		bl	XBEE_PutString
 226              	.LVL30:
  54:main.c        ****     sprintf(publicar, formato, mailbox1[6]);
 227              		.loc 1 54 0
 228 006e B279     		ldrb	r2, [r6, #6]
 229 0070 2968     		ldr	r1, [r5]
 230 0072 2000     		movs	r0, r4
 231 0074 FFF7FEFF 		bl	sprintf
ARM GAS  C:\Users\HENRYA~1\AppData\Local\Temp\ccQ2Z7on.s 			page 6


 232              	.LVL31:
  55:main.c        ****     XBEE_PutString(publicar);    
 233              		.loc 1 55 0
 234 0078 2000     		movs	r0, r4
 235 007a FFF7FEFF 		bl	XBEE_PutString
 236              	.LVL32:
  56:main.c        ****     sprintf(publicar, formato, mailbox1[7]);
 237              		.loc 1 56 0
 238 007e F279     		ldrb	r2, [r6, #7]
 239 0080 2968     		ldr	r1, [r5]
 240 0082 2000     		movs	r0, r4
 241 0084 FFF7FEFF 		bl	sprintf
 242              	.LVL33:
  57:main.c        ****     XBEE_PutString(publicar); 
 243              		.loc 1 57 0
 244 0088 2000     		movs	r0, r4
 245 008a FFF7FEFF 		bl	XBEE_PutString
 246              	.LVL34:
  58:main.c        ****     XBEE_PutCRLF(0);     
 247              		.loc 1 58 0
 248 008e 0020     		movs	r0, #0
 249 0090 FFF7FEFF 		bl	XBEE_PutCRLF
 250              	.LVL35:
  59:main.c        **** }
 251              		.loc 1 59 0
 252              		@ sp needed
 253 0094 70BD     		pop	{r4, r5, r6, pc}
 254              	.L6:
 255 0096 C046     		.align	2
 256              	.L5:
 257 0098 08000000 		.word	.LC5
 258 009c 00000000 		.word	mailbox1
 259 00a0 00000000 		.word	.LANCHOR0
 260 00a4 00000000 		.word	publicar
 261              		.cfi_endproc
 262              	.LFE38:
 263              		.size	Oyente_Mail_2, .-Oyente_Mail_2
 264              		.section	.text.Oyente_Mail_3,"ax",%progbits
 265              		.align	2
 266              		.global	Oyente_Mail_3
 267              		.code	16
 268              		.thumb_func
 269              		.type	Oyente_Mail_3, %function
 270              	Oyente_Mail_3:
 271              	.LFB39:
  60:main.c        **** 
  61:main.c        **** void Oyente_Mail_3(){
 272              		.loc 1 61 0
 273              		.cfi_startproc
 274              		@ args = 0, pretend = 0, frame = 0
 275              		@ frame_needed = 0, uses_anonymous_args = 0
 276 0000 70B5     		push	{r4, r5, r6, lr}
 277              		.cfi_def_cfa_offset 16
 278              		.cfi_offset 4, -16
 279              		.cfi_offset 5, -12
 280              		.cfi_offset 6, -8
 281              		.cfi_offset 14, -4
ARM GAS  C:\Users\HENRYA~1\AppData\Local\Temp\ccQ2Z7on.s 			page 7


  62:main.c        ****     XBEE_PutString("MB_3= ");
 282              		.loc 1 62 0
 283 0002 2548     		ldr	r0, .L8
 284 0004 FFF7FEFF 		bl	XBEE_PutString
 285              	.LVL36:
  63:main.c        ****     sprintf(publicar, formato, mailbox2[0]);
 286              		.loc 1 63 0
 287 0008 244E     		ldr	r6, .L8+4
 288 000a 3278     		ldrb	r2, [r6]
 289 000c 244D     		ldr	r5, .L8+8
 290 000e 254C     		ldr	r4, .L8+12
 291 0010 2968     		ldr	r1, [r5]
 292 0012 2000     		movs	r0, r4
 293 0014 FFF7FEFF 		bl	sprintf
 294              	.LVL37:
  64:main.c        ****     XBEE_PutString(publicar);
 295              		.loc 1 64 0
 296 0018 2000     		movs	r0, r4
 297 001a FFF7FEFF 		bl	XBEE_PutString
 298              	.LVL38:
  65:main.c        ****     sprintf(publicar, formato, mailbox2[1]);
 299              		.loc 1 65 0
 300 001e 7278     		ldrb	r2, [r6, #1]
 301 0020 2968     		ldr	r1, [r5]
 302 0022 2000     		movs	r0, r4
 303 0024 FFF7FEFF 		bl	sprintf
 304              	.LVL39:
  66:main.c        ****     XBEE_PutString(publicar);
 305              		.loc 1 66 0
 306 0028 2000     		movs	r0, r4
 307 002a FFF7FEFF 		bl	XBEE_PutString
 308              	.LVL40:
  67:main.c        ****     sprintf(publicar, formato, mailbox2[2]);
 309              		.loc 1 67 0
 310 002e B278     		ldrb	r2, [r6, #2]
 311 0030 2968     		ldr	r1, [r5]
 312 0032 2000     		movs	r0, r4
 313 0034 FFF7FEFF 		bl	sprintf
 314              	.LVL41:
  68:main.c        ****     XBEE_PutString(publicar);    
 315              		.loc 1 68 0
 316 0038 2000     		movs	r0, r4
 317 003a FFF7FEFF 		bl	XBEE_PutString
 318              	.LVL42:
  69:main.c        ****     sprintf(publicar, formato, mailbox2[3]);
 319              		.loc 1 69 0
 320 003e F278     		ldrb	r2, [r6, #3]
 321 0040 2968     		ldr	r1, [r5]
 322 0042 2000     		movs	r0, r4
 323 0044 FFF7FEFF 		bl	sprintf
 324              	.LVL43:
  70:main.c        ****     XBEE_PutString(publicar);    
 325              		.loc 1 70 0
 326 0048 2000     		movs	r0, r4
 327 004a FFF7FEFF 		bl	XBEE_PutString
 328              	.LVL44:
  71:main.c        ****     sprintf(publicar, formato, mailbox2[4]);
ARM GAS  C:\Users\HENRYA~1\AppData\Local\Temp\ccQ2Z7on.s 			page 8


 329              		.loc 1 71 0
 330 004e 3279     		ldrb	r2, [r6, #4]
 331 0050 2968     		ldr	r1, [r5]
 332 0052 2000     		movs	r0, r4
 333 0054 FFF7FEFF 		bl	sprintf
 334              	.LVL45:
  72:main.c        ****     XBEE_PutString(publicar);    
 335              		.loc 1 72 0
 336 0058 2000     		movs	r0, r4
 337 005a FFF7FEFF 		bl	XBEE_PutString
 338              	.LVL46:
  73:main.c        ****     sprintf(publicar, formato, mailbox2[5]);
 339              		.loc 1 73 0
 340 005e 7279     		ldrb	r2, [r6, #5]
 341 0060 2968     		ldr	r1, [r5]
 342 0062 2000     		movs	r0, r4
 343 0064 FFF7FEFF 		bl	sprintf
 344              	.LVL47:
  74:main.c        ****     XBEE_PutString(publicar);    
 345              		.loc 1 74 0
 346 0068 2000     		movs	r0, r4
 347 006a FFF7FEFF 		bl	XBEE_PutString
 348              	.LVL48:
  75:main.c        ****     sprintf(publicar, formato, mailbox2[6]);
 349              		.loc 1 75 0
 350 006e B279     		ldrb	r2, [r6, #6]
 351 0070 2968     		ldr	r1, [r5]
 352 0072 2000     		movs	r0, r4
 353 0074 FFF7FEFF 		bl	sprintf
 354              	.LVL49:
  76:main.c        ****     XBEE_PutString(publicar);    
 355              		.loc 1 76 0
 356 0078 2000     		movs	r0, r4
 357 007a FFF7FEFF 		bl	XBEE_PutString
 358              	.LVL50:
  77:main.c        ****     sprintf(publicar, formato, mailbox2[7]);
 359              		.loc 1 77 0
 360 007e F279     		ldrb	r2, [r6, #7]
 361 0080 2968     		ldr	r1, [r5]
 362 0082 2000     		movs	r0, r4
 363 0084 FFF7FEFF 		bl	sprintf
 364              	.LVL51:
  78:main.c        ****     XBEE_PutString(publicar); 
 365              		.loc 1 78 0
 366 0088 2000     		movs	r0, r4
 367 008a FFF7FEFF 		bl	XBEE_PutString
 368              	.LVL52:
  79:main.c        ****     XBEE_PutCRLF(0);     
 369              		.loc 1 79 0
 370 008e 0020     		movs	r0, #0
 371 0090 FFF7FEFF 		bl	XBEE_PutCRLF
 372              	.LVL53:
  80:main.c        **** }
 373              		.loc 1 80 0
 374              		@ sp needed
 375 0094 70BD     		pop	{r4, r5, r6, pc}
 376              	.L9:
ARM GAS  C:\Users\HENRYA~1\AppData\Local\Temp\ccQ2Z7on.s 			page 9


 377 0096 C046     		.align	2
 378              	.L8:
 379 0098 10000000 		.word	.LC10
 380 009c 00000000 		.word	mailbox2
 381 00a0 00000000 		.word	.LANCHOR0
 382 00a4 00000000 		.word	publicar
 383              		.cfi_endproc
 384              	.LFE39:
 385              		.size	Oyente_Mail_3, .-Oyente_Mail_3
 386              		.section	.text.Oyente_Mail_4,"ax",%progbits
 387              		.align	2
 388              		.global	Oyente_Mail_4
 389              		.code	16
 390              		.thumb_func
 391              		.type	Oyente_Mail_4, %function
 392              	Oyente_Mail_4:
 393              	.LFB40:
  81:main.c        **** 
  82:main.c        **** void Oyente_Mail_4(){
 394              		.loc 1 82 0
 395              		.cfi_startproc
 396              		@ args = 0, pretend = 0, frame = 0
 397              		@ frame_needed = 0, uses_anonymous_args = 0
 398 0000 70B5     		push	{r4, r5, r6, lr}
 399              		.cfi_def_cfa_offset 16
 400              		.cfi_offset 4, -16
 401              		.cfi_offset 5, -12
 402              		.cfi_offset 6, -8
 403              		.cfi_offset 14, -4
  83:main.c        ****     sprintf(publicar, formato, mailbox3[0]);
 404              		.loc 1 83 0
 405 0002 0B4E     		ldr	r6, .L11
 406 0004 3278     		ldrb	r2, [r6]
 407 0006 0B4D     		ldr	r5, .L11+4
 408 0008 0B4C     		ldr	r4, .L11+8
 409 000a 2968     		ldr	r1, [r5]
 410 000c 2000     		movs	r0, r4
 411 000e FFF7FEFF 		bl	sprintf
 412              	.LVL54:
  84:main.c        ****     XBEE_PutString(publicar);
 413              		.loc 1 84 0
 414 0012 2000     		movs	r0, r4
 415 0014 FFF7FEFF 		bl	XBEE_PutString
 416              	.LVL55:
  85:main.c        ****     sprintf(publicar, formato, mailbox3[1]);
 417              		.loc 1 85 0
 418 0018 7278     		ldrb	r2, [r6, #1]
 419 001a 2968     		ldr	r1, [r5]
 420 001c 2000     		movs	r0, r4
 421 001e FFF7FEFF 		bl	sprintf
 422              	.LVL56:
  86:main.c        ****     XBEE_PutString(publicar);
 423              		.loc 1 86 0
 424 0022 2000     		movs	r0, r4
 425 0024 FFF7FEFF 		bl	XBEE_PutString
 426              	.LVL57:
  87:main.c        ****     XBEE_PutCRLF(0); 
ARM GAS  C:\Users\HENRYA~1\AppData\Local\Temp\ccQ2Z7on.s 			page 10


 427              		.loc 1 87 0
 428 0028 0020     		movs	r0, #0
 429 002a FFF7FEFF 		bl	XBEE_PutCRLF
 430              	.LVL58:
  88:main.c        **** }
 431              		.loc 1 88 0
 432              		@ sp needed
 433 002e 70BD     		pop	{r4, r5, r6, pc}
 434              	.L12:
 435              		.align	2
 436              	.L11:
 437 0030 00000000 		.word	mailbox3
 438 0034 00000000 		.word	.LANCHOR0
 439 0038 00000000 		.word	publicar
 440              		.cfi_endproc
 441              	.LFE40:
 442              		.size	Oyente_Mail_4, .-Oyente_Mail_4
 443              		.section	.text.interrutcan,"ax",%progbits
 444              		.align	2
 445              		.global	interrutcan
 446              		.code	16
 447              		.thumb_func
 448              		.type	interrutcan, %function
 449              	interrutcan:
 450              	.LFB41:
  89:main.c        **** 
  90:main.c        **** CY_ISR(interrutcan){
 451              		.loc 1 90 0
 452              		.cfi_startproc
 453              		@ args = 0, pretend = 0, frame = 0
 454              		@ frame_needed = 0, uses_anonymous_args = 0
 455 0000 10B5     		push	{r4, lr}
 456              		.cfi_def_cfa_offset 8
 457              		.cfi_offset 4, -8
 458              		.cfi_offset 14, -4
  91:main.c        ****     LED_1_Write(1);
 459              		.loc 1 91 0
 460 0002 0120     		movs	r0, #1
 461 0004 FFF7FEFF 		bl	LED_1_Write
 462              	.LVL59:
  92:main.c        ****     CAN_GlobalIntDisable();
 463              		.loc 1 92 0
 464 0008 FFF7FEFF 		bl	CAN_GlobalIntDisable
 465              	.LVL60:
  93:main.c        ****     CAN_MsgRXIsr();   
 466              		.loc 1 93 0
 467 000c FFF7FEFF 		bl	CAN_MsgRXIsr
 468              	.LVL61:
  94:main.c        ****    // Oyente_Mail_1();
  95:main.c        ****    // Oyente_Mail_2(); 
  96:main.c        ****    // Oyente_Mail_3();
  97:main.c        ****     Oyente_Mail_4();
 469              		.loc 1 97 0
 470 0010 FFF7FEFF 		bl	Oyente_Mail_4
 471              	.LVL62:
  98:main.c        ****     CAN_GlobalIntEnable();
 472              		.loc 1 98 0
ARM GAS  C:\Users\HENRYA~1\AppData\Local\Temp\ccQ2Z7on.s 			page 11


 473 0014 FFF7FEFF 		bl	CAN_GlobalIntEnable
 474              	.LVL63:
  99:main.c        ****     LED_1_Write(0);
 475              		.loc 1 99 0
 476 0018 0020     		movs	r0, #0
 477 001a FFF7FEFF 		bl	LED_1_Write
 478              	.LVL64:
 100:main.c        **** }
 479              		.loc 1 100 0
 480              		@ sp needed
 481 001e 10BD     		pop	{r4, pc}
 482              		.cfi_endproc
 483              	.LFE41:
 484              		.size	interrutcan, .-interrutcan
 485              		.section	.text.main,"ax",%progbits
 486              		.align	2
 487              		.global	main
 488              		.code	16
 489              		.thumb_func
 490              		.type	main, %function
 491              	main:
 492              	.LFB42:
 101:main.c        **** 
 102:main.c        **** 
 103:main.c        **** int main()
 104:main.c        **** {
 493              		.loc 1 104 0
 494              		.cfi_startproc
 495              		@ Volatile: function does not return.
 496              		@ args = 0, pretend = 0, frame = 0
 497              		@ frame_needed = 0, uses_anonymous_args = 0
 498 0000 10B5     		push	{r4, lr}
 499              		.cfi_def_cfa_offset 8
 500              		.cfi_offset 4, -8
 501              		.cfi_offset 14, -4
 105:main.c        ****     //Init LED's
 106:main.c        ****     LED_1_Write(0);
 502              		.loc 1 106 0
 503 0002 0020     		movs	r0, #0
 504 0004 FFF7FEFF 		bl	LED_1_Write
 505              	.LVL65:
 107:main.c        ****     XBEE_Start();    
 506              		.loc 1 107 0
 507 0008 FFF7FEFF 		bl	XBEE_Start
 508              	.LVL66:
 108:main.c        ****     RESET_XBEE_Write(1);
 509              		.loc 1 108 0
 510 000c 0120     		movs	r0, #1
 511 000e FFF7FEFF 		bl	RESET_XBEE_Write
 512              	.LVL67:
 109:main.c        ****     CAN_Start();                    //Start CAN
 513              		.loc 1 109 0
 514 0012 FFF7FEFF 		bl	CAN_Start
 515              	.LVL68:
 110:main.c        ****     CAN_isr_StartEx(interrutcan);   //Interrupcion CAN 
 516              		.loc 1 110 0
 517 0016 0348     		ldr	r0, .L16
ARM GAS  C:\Users\HENRYA~1\AppData\Local\Temp\ccQ2Z7on.s 			page 12


 518 0018 FFF7FEFF 		bl	CAN_isr_StartEx
 519              	.LVL69:
 111:main.c        ****     CAN_GlobalIntEnable();
 520              		.loc 1 111 0
 521 001c FFF7FEFF 		bl	CAN_GlobalIntEnable
 522              	.LVL70:
 112:main.c        ****     CyGlobalIntEnable;
 523              		.loc 1 112 0
 524              		.syntax divided
 525              	@ 112 "main.c" 1
 526 0020 62B6     		CPSIE   i
 527              	@ 0 "" 2
 528              		.thumb
 529              		.syntax unified
 530              	.L15:
 531 0022 FEE7     		b	.L15
 532              	.L17:
 533              		.align	2
 534              	.L16:
 535 0024 00000000 		.word	interrutcan
 536              		.cfi_endproc
 537              	.LFE42:
 538              		.size	main, .-main
 539              		.global	memoria
 540              		.comm	dato_enviado_1,8,4
 541              		.comm	dato_enviado,8,4
 542              		.comm	mailbox3,8,4
 543              		.comm	mailbox2,8,4
 544              		.comm	mailbox1,8,4
 545              		.comm	mailbox0,8,4
 546              		.global	formato
 547              		.comm	publicar,6,4
 548              		.comm	dato_recibido,1,1
 549              		.data
 550              		.align	2
 551              		.set	.LANCHOR0,. + 0
 552              		.type	formato, %object
 553              		.size	formato, 4
 554              	formato:
 555 0000 18000000 		.word	.LC19
 556              		.type	memoria, %object
 557              		.size	memoria, 4
 558              	memoria:
 559 0004 01000000 		.word	1
 560              		.section	.rodata.str1.4,"aMS",%progbits,1
 561              		.align	2
 562              	.LC0:
 563 0000 4D425F30 		.ascii	"MB_0= \000"
 563      3D2000
 564 0007 00       		.space	1
 565              	.LC5:
 566 0008 4D425F31 		.ascii	"MB_1= \000"
 566      3D2000
 567 000f 00       		.space	1
 568              	.LC10:
 569 0010 4D425F33 		.ascii	"MB_3= \000"
 569      3D2000
ARM GAS  C:\Users\HENRYA~1\AppData\Local\Temp\ccQ2Z7on.s 			page 13


 570 0017 00       		.space	1
 571              	.LC19:
 572 0018 20256900 		.ascii	" %i\000"
 573              		.text
 574              	.Letext0:
 575              		.file 2 "Generated_Source\\PSoC4/XBEE.h"
 576              		.file 3 "c:\\program files (x86)\\cypress\\psoc creator\\4.1\\psoc creator\\import\\gnu\\arm\\5.4.
 577              		.file 4 "Generated_Source\\PSoC4/LED_1.h"
 578              		.file 5 "Generated_Source\\PSoC4/CAN.h"
 579              		.file 6 "Generated_Source\\PSoC4/RESET_XBEE.h"
 580              		.file 7 "Generated_Source\\PSoC4/CAN_isr.h"
 581              		.file 8 "Generated_Source\\PSoC4/cytypes.h"
 582              		.section	.debug_info,"",%progbits
 583              	.Ldebug_info0:
 584 0000 98070000 		.4byte	0x798
 585 0004 0400     		.2byte	0x4
 586 0006 00000000 		.4byte	.Ldebug_abbrev0
 587 000a 04       		.byte	0x4
 588 000b 01       		.uleb128 0x1
 589 000c 08010000 		.4byte	.LASF39
 590 0010 0C       		.byte	0xc
 591 0011 CA010000 		.4byte	.LASF40
 592 0015 6F020000 		.4byte	.LASF41
 593 0019 00000000 		.4byte	.Ldebug_ranges0+0
 594 001d 00000000 		.4byte	0
 595 0021 00000000 		.4byte	.Ldebug_line0
 596 0025 02       		.uleb128 0x2
 597 0026 01       		.byte	0x1
 598 0027 06       		.byte	0x6
 599 0028 57020000 		.4byte	.LASF0
 600 002c 02       		.uleb128 0x2
 601 002d 01       		.byte	0x1
 602 002e 08       		.byte	0x8
 603 002f 65000000 		.4byte	.LASF1
 604 0033 02       		.uleb128 0x2
 605 0034 02       		.byte	0x2
 606 0035 05       		.byte	0x5
 607 0036 9F000000 		.4byte	.LASF2
 608 003a 02       		.uleb128 0x2
 609 003b 02       		.byte	0x2
 610 003c 07       		.byte	0x7
 611 003d 85000000 		.4byte	.LASF3
 612 0041 02       		.uleb128 0x2
 613 0042 04       		.byte	0x4
 614 0043 05       		.byte	0x5
 615 0044 42020000 		.4byte	.LASF4
 616 0048 02       		.uleb128 0x2
 617 0049 04       		.byte	0x4
 618 004a 07       		.byte	0x7
 619 004b 73000000 		.4byte	.LASF5
 620 004f 02       		.uleb128 0x2
 621 0050 08       		.byte	0x8
 622 0051 05       		.byte	0x5
 623 0052 B3010000 		.4byte	.LASF6
 624 0056 02       		.uleb128 0x2
 625 0057 08       		.byte	0x8
 626 0058 07       		.byte	0x7
ARM GAS  C:\Users\HENRYA~1\AppData\Local\Temp\ccQ2Z7on.s 			page 14


 627 0059 DB000000 		.4byte	.LASF7
 628 005d 03       		.uleb128 0x3
 629 005e 04       		.byte	0x4
 630 005f 05       		.byte	0x5
 631 0060 696E7400 		.ascii	"int\000"
 632 0064 02       		.uleb128 0x2
 633 0065 04       		.byte	0x4
 634 0066 07       		.byte	0x7
 635 0067 CE000000 		.4byte	.LASF8
 636 006b 04       		.uleb128 0x4
 637 006c 04020000 		.4byte	.LASF42
 638 0070 08       		.byte	0x8
 639 0071 9801     		.2byte	0x198
 640 0073 2C000000 		.4byte	0x2c
 641 0077 02       		.uleb128 0x2
 642 0078 04       		.byte	0x4
 643 0079 04       		.byte	0x4
 644 007a 5F000000 		.4byte	.LASF9
 645 007e 02       		.uleb128 0x2
 646 007f 08       		.byte	0x8
 647 0080 04       		.byte	0x4
 648 0081 98000000 		.4byte	.LASF10
 649 0085 02       		.uleb128 0x2
 650 0086 01       		.byte	0x1
 651 0087 08       		.byte	0x8
 652 0088 D1010000 		.4byte	.LASF11
 653 008c 02       		.uleb128 0x2
 654 008d 08       		.byte	0x8
 655 008e 04       		.byte	0x4
 656 008f 4B020000 		.4byte	.LASF12
 657 0093 02       		.uleb128 0x2
 658 0094 04       		.byte	0x4
 659 0095 07       		.byte	0x7
 660 0096 96010000 		.4byte	.LASF13
 661 009a 05       		.uleb128 0x5
 662 009b 04       		.byte	0x4
 663 009c 85000000 		.4byte	0x85
 664 00a0 06       		.uleb128 0x6
 665 00a1 6B000000 		.4byte	0x6b
 666 00a5 B0000000 		.4byte	0xb0
 667 00a9 07       		.uleb128 0x7
 668 00aa 93000000 		.4byte	0x93
 669 00ae 07       		.byte	0x7
 670 00af 00       		.byte	0
 671 00b0 08       		.uleb128 0x8
 672 00b1 0A020000 		.4byte	.LASF14
 673 00b5 01       		.byte	0x1
 674 00b6 13       		.byte	0x13
 675 00b7 00000000 		.4byte	.LFB37
 676 00bb A8000000 		.4byte	.LFE37-.LFB37
 677 00bf 01       		.uleb128 0x1
 678 00c0 9C       		.byte	0x9c
 679 00c1 2C020000 		.4byte	0x22c
 680 00c5 09       		.uleb128 0x9
 681 00c6 08000000 		.4byte	.LVL0
 682 00ca 21070000 		.4byte	0x721
 683 00ce DC000000 		.4byte	0xdc
ARM GAS  C:\Users\HENRYA~1\AppData\Local\Temp\ccQ2Z7on.s 			page 15


 684 00d2 0A       		.uleb128 0xa
 685 00d3 01       		.uleb128 0x1
 686 00d4 50       		.byte	0x50
 687 00d5 05       		.uleb128 0x5
 688 00d6 03       		.byte	0x3
 689 00d7 00000000 		.4byte	.LC0
 690 00db 00       		.byte	0
 691 00dc 09       		.uleb128 0x9
 692 00dd 18000000 		.4byte	.LVL1
 693 00e1 2C070000 		.4byte	0x72c
 694 00e5 F0000000 		.4byte	0xf0
 695 00e9 0A       		.uleb128 0xa
 696 00ea 01       		.uleb128 0x1
 697 00eb 50       		.byte	0x50
 698 00ec 02       		.uleb128 0x2
 699 00ed 74       		.byte	0x74
 700 00ee 00       		.sleb128 0
 701 00ef 00       		.byte	0
 702 00f0 09       		.uleb128 0x9
 703 00f1 1E000000 		.4byte	.LVL2
 704 00f5 21070000 		.4byte	0x721
 705 00f9 04010000 		.4byte	0x104
 706 00fd 0A       		.uleb128 0xa
 707 00fe 01       		.uleb128 0x1
 708 00ff 50       		.byte	0x50
 709 0100 02       		.uleb128 0x2
 710 0101 74       		.byte	0x74
 711 0102 00       		.sleb128 0
 712 0103 00       		.byte	0
 713 0104 09       		.uleb128 0x9
 714 0105 28000000 		.4byte	.LVL3
 715 0109 2C070000 		.4byte	0x72c
 716 010d 18010000 		.4byte	0x118
 717 0111 0A       		.uleb128 0xa
 718 0112 01       		.uleb128 0x1
 719 0113 50       		.byte	0x50
 720 0114 02       		.uleb128 0x2
 721 0115 74       		.byte	0x74
 722 0116 00       		.sleb128 0
 723 0117 00       		.byte	0
 724 0118 09       		.uleb128 0x9
 725 0119 2E000000 		.4byte	.LVL4
 726 011d 21070000 		.4byte	0x721
 727 0121 2C010000 		.4byte	0x12c
 728 0125 0A       		.uleb128 0xa
 729 0126 01       		.uleb128 0x1
 730 0127 50       		.byte	0x50
 731 0128 02       		.uleb128 0x2
 732 0129 74       		.byte	0x74
 733 012a 00       		.sleb128 0
 734 012b 00       		.byte	0
 735 012c 09       		.uleb128 0x9
 736 012d 38000000 		.4byte	.LVL5
 737 0131 2C070000 		.4byte	0x72c
 738 0135 40010000 		.4byte	0x140
 739 0139 0A       		.uleb128 0xa
 740 013a 01       		.uleb128 0x1
ARM GAS  C:\Users\HENRYA~1\AppData\Local\Temp\ccQ2Z7on.s 			page 16


 741 013b 50       		.byte	0x50
 742 013c 02       		.uleb128 0x2
 743 013d 74       		.byte	0x74
 744 013e 00       		.sleb128 0
 745 013f 00       		.byte	0
 746 0140 09       		.uleb128 0x9
 747 0141 3E000000 		.4byte	.LVL6
 748 0145 21070000 		.4byte	0x721
 749 0149 54010000 		.4byte	0x154
 750 014d 0A       		.uleb128 0xa
 751 014e 01       		.uleb128 0x1
 752 014f 50       		.byte	0x50
 753 0150 02       		.uleb128 0x2
 754 0151 74       		.byte	0x74
 755 0152 00       		.sleb128 0
 756 0153 00       		.byte	0
 757 0154 09       		.uleb128 0x9
 758 0155 48000000 		.4byte	.LVL7
 759 0159 2C070000 		.4byte	0x72c
 760 015d 68010000 		.4byte	0x168
 761 0161 0A       		.uleb128 0xa
 762 0162 01       		.uleb128 0x1
 763 0163 50       		.byte	0x50
 764 0164 02       		.uleb128 0x2
 765 0165 74       		.byte	0x74
 766 0166 00       		.sleb128 0
 767 0167 00       		.byte	0
 768 0168 09       		.uleb128 0x9
 769 0169 4E000000 		.4byte	.LVL8
 770 016d 21070000 		.4byte	0x721
 771 0171 7C010000 		.4byte	0x17c
 772 0175 0A       		.uleb128 0xa
 773 0176 01       		.uleb128 0x1
 774 0177 50       		.byte	0x50
 775 0178 02       		.uleb128 0x2
 776 0179 74       		.byte	0x74
 777 017a 00       		.sleb128 0
 778 017b 00       		.byte	0
 779 017c 09       		.uleb128 0x9
 780 017d 58000000 		.4byte	.LVL9
 781 0181 2C070000 		.4byte	0x72c
 782 0185 90010000 		.4byte	0x190
 783 0189 0A       		.uleb128 0xa
 784 018a 01       		.uleb128 0x1
 785 018b 50       		.byte	0x50
 786 018c 02       		.uleb128 0x2
 787 018d 74       		.byte	0x74
 788 018e 00       		.sleb128 0
 789 018f 00       		.byte	0
 790 0190 09       		.uleb128 0x9
 791 0191 5E000000 		.4byte	.LVL10
 792 0195 21070000 		.4byte	0x721
 793 0199 A4010000 		.4byte	0x1a4
 794 019d 0A       		.uleb128 0xa
 795 019e 01       		.uleb128 0x1
 796 019f 50       		.byte	0x50
 797 01a0 02       		.uleb128 0x2
ARM GAS  C:\Users\HENRYA~1\AppData\Local\Temp\ccQ2Z7on.s 			page 17


 798 01a1 74       		.byte	0x74
 799 01a2 00       		.sleb128 0
 800 01a3 00       		.byte	0
 801 01a4 09       		.uleb128 0x9
 802 01a5 68000000 		.4byte	.LVL11
 803 01a9 2C070000 		.4byte	0x72c
 804 01ad B8010000 		.4byte	0x1b8
 805 01b1 0A       		.uleb128 0xa
 806 01b2 01       		.uleb128 0x1
 807 01b3 50       		.byte	0x50
 808 01b4 02       		.uleb128 0x2
 809 01b5 74       		.byte	0x74
 810 01b6 00       		.sleb128 0
 811 01b7 00       		.byte	0
 812 01b8 09       		.uleb128 0x9
 813 01b9 6E000000 		.4byte	.LVL12
 814 01bd 21070000 		.4byte	0x721
 815 01c1 CC010000 		.4byte	0x1cc
 816 01c5 0A       		.uleb128 0xa
 817 01c6 01       		.uleb128 0x1
 818 01c7 50       		.byte	0x50
 819 01c8 02       		.uleb128 0x2
 820 01c9 74       		.byte	0x74
 821 01ca 00       		.sleb128 0
 822 01cb 00       		.byte	0
 823 01cc 09       		.uleb128 0x9
 824 01cd 78000000 		.4byte	.LVL13
 825 01d1 2C070000 		.4byte	0x72c
 826 01d5 E0010000 		.4byte	0x1e0
 827 01d9 0A       		.uleb128 0xa
 828 01da 01       		.uleb128 0x1
 829 01db 50       		.byte	0x50
 830 01dc 02       		.uleb128 0x2
 831 01dd 74       		.byte	0x74
 832 01de 00       		.sleb128 0
 833 01df 00       		.byte	0
 834 01e0 09       		.uleb128 0x9
 835 01e1 7E000000 		.4byte	.LVL14
 836 01e5 21070000 		.4byte	0x721
 837 01e9 F4010000 		.4byte	0x1f4
 838 01ed 0A       		.uleb128 0xa
 839 01ee 01       		.uleb128 0x1
 840 01ef 50       		.byte	0x50
 841 01f0 02       		.uleb128 0x2
 842 01f1 74       		.byte	0x74
 843 01f2 00       		.sleb128 0
 844 01f3 00       		.byte	0
 845 01f4 09       		.uleb128 0x9
 846 01f5 88000000 		.4byte	.LVL15
 847 01f9 2C070000 		.4byte	0x72c
 848 01fd 08020000 		.4byte	0x208
 849 0201 0A       		.uleb128 0xa
 850 0202 01       		.uleb128 0x1
 851 0203 50       		.byte	0x50
 852 0204 02       		.uleb128 0x2
 853 0205 74       		.byte	0x74
 854 0206 00       		.sleb128 0
ARM GAS  C:\Users\HENRYA~1\AppData\Local\Temp\ccQ2Z7on.s 			page 18


 855 0207 00       		.byte	0
 856 0208 09       		.uleb128 0x9
 857 0209 8E000000 		.4byte	.LVL16
 858 020d 21070000 		.4byte	0x721
 859 0211 1C020000 		.4byte	0x21c
 860 0215 0A       		.uleb128 0xa
 861 0216 01       		.uleb128 0x1
 862 0217 50       		.byte	0x50
 863 0218 02       		.uleb128 0x2
 864 0219 74       		.byte	0x74
 865 021a 00       		.sleb128 0
 866 021b 00       		.byte	0
 867 021c 0B       		.uleb128 0xb
 868 021d 94000000 		.4byte	.LVL17
 869 0221 37070000 		.4byte	0x737
 870 0225 0A       		.uleb128 0xa
 871 0226 01       		.uleb128 0x1
 872 0227 50       		.byte	0x50
 873 0228 01       		.uleb128 0x1
 874 0229 30       		.byte	0x30
 875 022a 00       		.byte	0
 876 022b 00       		.byte	0
 877 022c 08       		.uleb128 0x8
 878 022d 18020000 		.4byte	.LASF15
 879 0231 01       		.byte	0x1
 880 0232 28       		.byte	0x28
 881 0233 00000000 		.4byte	.LFB38
 882 0237 A8000000 		.4byte	.LFE38-.LFB38
 883 023b 01       		.uleb128 0x1
 884 023c 9C       		.byte	0x9c
 885 023d A8030000 		.4byte	0x3a8
 886 0241 09       		.uleb128 0x9
 887 0242 08000000 		.4byte	.LVL18
 888 0246 21070000 		.4byte	0x721
 889 024a 58020000 		.4byte	0x258
 890 024e 0A       		.uleb128 0xa
 891 024f 01       		.uleb128 0x1
 892 0250 50       		.byte	0x50
 893 0251 05       		.uleb128 0x5
 894 0252 03       		.byte	0x3
 895 0253 08000000 		.4byte	.LC5
 896 0257 00       		.byte	0
 897 0258 09       		.uleb128 0x9
 898 0259 18000000 		.4byte	.LVL19
 899 025d 2C070000 		.4byte	0x72c
 900 0261 6C020000 		.4byte	0x26c
 901 0265 0A       		.uleb128 0xa
 902 0266 01       		.uleb128 0x1
 903 0267 50       		.byte	0x50
 904 0268 02       		.uleb128 0x2
 905 0269 74       		.byte	0x74
 906 026a 00       		.sleb128 0
 907 026b 00       		.byte	0
 908 026c 09       		.uleb128 0x9
 909 026d 1E000000 		.4byte	.LVL20
 910 0271 21070000 		.4byte	0x721
 911 0275 80020000 		.4byte	0x280
ARM GAS  C:\Users\HENRYA~1\AppData\Local\Temp\ccQ2Z7on.s 			page 19


 912 0279 0A       		.uleb128 0xa
 913 027a 01       		.uleb128 0x1
 914 027b 50       		.byte	0x50
 915 027c 02       		.uleb128 0x2
 916 027d 74       		.byte	0x74
 917 027e 00       		.sleb128 0
 918 027f 00       		.byte	0
 919 0280 09       		.uleb128 0x9
 920 0281 28000000 		.4byte	.LVL21
 921 0285 2C070000 		.4byte	0x72c
 922 0289 94020000 		.4byte	0x294
 923 028d 0A       		.uleb128 0xa
 924 028e 01       		.uleb128 0x1
 925 028f 50       		.byte	0x50
 926 0290 02       		.uleb128 0x2
 927 0291 74       		.byte	0x74
 928 0292 00       		.sleb128 0
 929 0293 00       		.byte	0
 930 0294 09       		.uleb128 0x9
 931 0295 2E000000 		.4byte	.LVL22
 932 0299 21070000 		.4byte	0x721
 933 029d A8020000 		.4byte	0x2a8
 934 02a1 0A       		.uleb128 0xa
 935 02a2 01       		.uleb128 0x1
 936 02a3 50       		.byte	0x50
 937 02a4 02       		.uleb128 0x2
 938 02a5 74       		.byte	0x74
 939 02a6 00       		.sleb128 0
 940 02a7 00       		.byte	0
 941 02a8 09       		.uleb128 0x9
 942 02a9 38000000 		.4byte	.LVL23
 943 02ad 2C070000 		.4byte	0x72c
 944 02b1 BC020000 		.4byte	0x2bc
 945 02b5 0A       		.uleb128 0xa
 946 02b6 01       		.uleb128 0x1
 947 02b7 50       		.byte	0x50
 948 02b8 02       		.uleb128 0x2
 949 02b9 74       		.byte	0x74
 950 02ba 00       		.sleb128 0
 951 02bb 00       		.byte	0
 952 02bc 09       		.uleb128 0x9
 953 02bd 3E000000 		.4byte	.LVL24
 954 02c1 21070000 		.4byte	0x721
 955 02c5 D0020000 		.4byte	0x2d0
 956 02c9 0A       		.uleb128 0xa
 957 02ca 01       		.uleb128 0x1
 958 02cb 50       		.byte	0x50
 959 02cc 02       		.uleb128 0x2
 960 02cd 74       		.byte	0x74
 961 02ce 00       		.sleb128 0
 962 02cf 00       		.byte	0
 963 02d0 09       		.uleb128 0x9
 964 02d1 48000000 		.4byte	.LVL25
 965 02d5 2C070000 		.4byte	0x72c
 966 02d9 E4020000 		.4byte	0x2e4
 967 02dd 0A       		.uleb128 0xa
 968 02de 01       		.uleb128 0x1
ARM GAS  C:\Users\HENRYA~1\AppData\Local\Temp\ccQ2Z7on.s 			page 20


 969 02df 50       		.byte	0x50
 970 02e0 02       		.uleb128 0x2
 971 02e1 74       		.byte	0x74
 972 02e2 00       		.sleb128 0
 973 02e3 00       		.byte	0
 974 02e4 09       		.uleb128 0x9
 975 02e5 4E000000 		.4byte	.LVL26
 976 02e9 21070000 		.4byte	0x721
 977 02ed F8020000 		.4byte	0x2f8
 978 02f1 0A       		.uleb128 0xa
 979 02f2 01       		.uleb128 0x1
 980 02f3 50       		.byte	0x50
 981 02f4 02       		.uleb128 0x2
 982 02f5 74       		.byte	0x74
 983 02f6 00       		.sleb128 0
 984 02f7 00       		.byte	0
 985 02f8 09       		.uleb128 0x9
 986 02f9 58000000 		.4byte	.LVL27
 987 02fd 2C070000 		.4byte	0x72c
 988 0301 0C030000 		.4byte	0x30c
 989 0305 0A       		.uleb128 0xa
 990 0306 01       		.uleb128 0x1
 991 0307 50       		.byte	0x50
 992 0308 02       		.uleb128 0x2
 993 0309 74       		.byte	0x74
 994 030a 00       		.sleb128 0
 995 030b 00       		.byte	0
 996 030c 09       		.uleb128 0x9
 997 030d 5E000000 		.4byte	.LVL28
 998 0311 21070000 		.4byte	0x721
 999 0315 20030000 		.4byte	0x320
 1000 0319 0A       		.uleb128 0xa
 1001 031a 01       		.uleb128 0x1
 1002 031b 50       		.byte	0x50
 1003 031c 02       		.uleb128 0x2
 1004 031d 74       		.byte	0x74
 1005 031e 00       		.sleb128 0
 1006 031f 00       		.byte	0
 1007 0320 09       		.uleb128 0x9
 1008 0321 68000000 		.4byte	.LVL29
 1009 0325 2C070000 		.4byte	0x72c
 1010 0329 34030000 		.4byte	0x334
 1011 032d 0A       		.uleb128 0xa
 1012 032e 01       		.uleb128 0x1
 1013 032f 50       		.byte	0x50
 1014 0330 02       		.uleb128 0x2
 1015 0331 74       		.byte	0x74
 1016 0332 00       		.sleb128 0
 1017 0333 00       		.byte	0
 1018 0334 09       		.uleb128 0x9
 1019 0335 6E000000 		.4byte	.LVL30
 1020 0339 21070000 		.4byte	0x721
 1021 033d 48030000 		.4byte	0x348
 1022 0341 0A       		.uleb128 0xa
 1023 0342 01       		.uleb128 0x1
 1024 0343 50       		.byte	0x50
 1025 0344 02       		.uleb128 0x2
ARM GAS  C:\Users\HENRYA~1\AppData\Local\Temp\ccQ2Z7on.s 			page 21


 1026 0345 74       		.byte	0x74
 1027 0346 00       		.sleb128 0
 1028 0347 00       		.byte	0
 1029 0348 09       		.uleb128 0x9
 1030 0349 78000000 		.4byte	.LVL31
 1031 034d 2C070000 		.4byte	0x72c
 1032 0351 5C030000 		.4byte	0x35c
 1033 0355 0A       		.uleb128 0xa
 1034 0356 01       		.uleb128 0x1
 1035 0357 50       		.byte	0x50
 1036 0358 02       		.uleb128 0x2
 1037 0359 74       		.byte	0x74
 1038 035a 00       		.sleb128 0
 1039 035b 00       		.byte	0
 1040 035c 09       		.uleb128 0x9
 1041 035d 7E000000 		.4byte	.LVL32
 1042 0361 21070000 		.4byte	0x721
 1043 0365 70030000 		.4byte	0x370
 1044 0369 0A       		.uleb128 0xa
 1045 036a 01       		.uleb128 0x1
 1046 036b 50       		.byte	0x50
 1047 036c 02       		.uleb128 0x2
 1048 036d 74       		.byte	0x74
 1049 036e 00       		.sleb128 0
 1050 036f 00       		.byte	0
 1051 0370 09       		.uleb128 0x9
 1052 0371 88000000 		.4byte	.LVL33
 1053 0375 2C070000 		.4byte	0x72c
 1054 0379 84030000 		.4byte	0x384
 1055 037d 0A       		.uleb128 0xa
 1056 037e 01       		.uleb128 0x1
 1057 037f 50       		.byte	0x50
 1058 0380 02       		.uleb128 0x2
 1059 0381 74       		.byte	0x74
 1060 0382 00       		.sleb128 0
 1061 0383 00       		.byte	0
 1062 0384 09       		.uleb128 0x9
 1063 0385 8E000000 		.4byte	.LVL34
 1064 0389 21070000 		.4byte	0x721
 1065 038d 98030000 		.4byte	0x398
 1066 0391 0A       		.uleb128 0xa
 1067 0392 01       		.uleb128 0x1
 1068 0393 50       		.byte	0x50
 1069 0394 02       		.uleb128 0x2
 1070 0395 74       		.byte	0x74
 1071 0396 00       		.sleb128 0
 1072 0397 00       		.byte	0
 1073 0398 0B       		.uleb128 0xb
 1074 0399 94000000 		.4byte	.LVL35
 1075 039d 37070000 		.4byte	0x737
 1076 03a1 0A       		.uleb128 0xa
 1077 03a2 01       		.uleb128 0x1
 1078 03a3 50       		.byte	0x50
 1079 03a4 01       		.uleb128 0x1
 1080 03a5 30       		.byte	0x30
 1081 03a6 00       		.byte	0
 1082 03a7 00       		.byte	0
ARM GAS  C:\Users\HENRYA~1\AppData\Local\Temp\ccQ2Z7on.s 			page 22


 1083 03a8 08       		.uleb128 0x8
 1084 03a9 26020000 		.4byte	.LASF16
 1085 03ad 01       		.byte	0x1
 1086 03ae 3D       		.byte	0x3d
 1087 03af 00000000 		.4byte	.LFB39
 1088 03b3 A8000000 		.4byte	.LFE39-.LFB39
 1089 03b7 01       		.uleb128 0x1
 1090 03b8 9C       		.byte	0x9c
 1091 03b9 24050000 		.4byte	0x524
 1092 03bd 09       		.uleb128 0x9
 1093 03be 08000000 		.4byte	.LVL36
 1094 03c2 21070000 		.4byte	0x721
 1095 03c6 D4030000 		.4byte	0x3d4
 1096 03ca 0A       		.uleb128 0xa
 1097 03cb 01       		.uleb128 0x1
 1098 03cc 50       		.byte	0x50
 1099 03cd 05       		.uleb128 0x5
 1100 03ce 03       		.byte	0x3
 1101 03cf 10000000 		.4byte	.LC10
 1102 03d3 00       		.byte	0
 1103 03d4 09       		.uleb128 0x9
 1104 03d5 18000000 		.4byte	.LVL37
 1105 03d9 2C070000 		.4byte	0x72c
 1106 03dd E8030000 		.4byte	0x3e8
 1107 03e1 0A       		.uleb128 0xa
 1108 03e2 01       		.uleb128 0x1
 1109 03e3 50       		.byte	0x50
 1110 03e4 02       		.uleb128 0x2
 1111 03e5 74       		.byte	0x74
 1112 03e6 00       		.sleb128 0
 1113 03e7 00       		.byte	0
 1114 03e8 09       		.uleb128 0x9
 1115 03e9 1E000000 		.4byte	.LVL38
 1116 03ed 21070000 		.4byte	0x721
 1117 03f1 FC030000 		.4byte	0x3fc
 1118 03f5 0A       		.uleb128 0xa
 1119 03f6 01       		.uleb128 0x1
 1120 03f7 50       		.byte	0x50
 1121 03f8 02       		.uleb128 0x2
 1122 03f9 74       		.byte	0x74
 1123 03fa 00       		.sleb128 0
 1124 03fb 00       		.byte	0
 1125 03fc 09       		.uleb128 0x9
 1126 03fd 28000000 		.4byte	.LVL39
 1127 0401 2C070000 		.4byte	0x72c
 1128 0405 10040000 		.4byte	0x410
 1129 0409 0A       		.uleb128 0xa
 1130 040a 01       		.uleb128 0x1
 1131 040b 50       		.byte	0x50
 1132 040c 02       		.uleb128 0x2
 1133 040d 74       		.byte	0x74
 1134 040e 00       		.sleb128 0
 1135 040f 00       		.byte	0
 1136 0410 09       		.uleb128 0x9
 1137 0411 2E000000 		.4byte	.LVL40
 1138 0415 21070000 		.4byte	0x721
 1139 0419 24040000 		.4byte	0x424
ARM GAS  C:\Users\HENRYA~1\AppData\Local\Temp\ccQ2Z7on.s 			page 23


 1140 041d 0A       		.uleb128 0xa
 1141 041e 01       		.uleb128 0x1
 1142 041f 50       		.byte	0x50
 1143 0420 02       		.uleb128 0x2
 1144 0421 74       		.byte	0x74
 1145 0422 00       		.sleb128 0
 1146 0423 00       		.byte	0
 1147 0424 09       		.uleb128 0x9
 1148 0425 38000000 		.4byte	.LVL41
 1149 0429 2C070000 		.4byte	0x72c
 1150 042d 38040000 		.4byte	0x438
 1151 0431 0A       		.uleb128 0xa
 1152 0432 01       		.uleb128 0x1
 1153 0433 50       		.byte	0x50
 1154 0434 02       		.uleb128 0x2
 1155 0435 74       		.byte	0x74
 1156 0436 00       		.sleb128 0
 1157 0437 00       		.byte	0
 1158 0438 09       		.uleb128 0x9
 1159 0439 3E000000 		.4byte	.LVL42
 1160 043d 21070000 		.4byte	0x721
 1161 0441 4C040000 		.4byte	0x44c
 1162 0445 0A       		.uleb128 0xa
 1163 0446 01       		.uleb128 0x1
 1164 0447 50       		.byte	0x50
 1165 0448 02       		.uleb128 0x2
 1166 0449 74       		.byte	0x74
 1167 044a 00       		.sleb128 0
 1168 044b 00       		.byte	0
 1169 044c 09       		.uleb128 0x9
 1170 044d 48000000 		.4byte	.LVL43
 1171 0451 2C070000 		.4byte	0x72c
 1172 0455 60040000 		.4byte	0x460
 1173 0459 0A       		.uleb128 0xa
 1174 045a 01       		.uleb128 0x1
 1175 045b 50       		.byte	0x50
 1176 045c 02       		.uleb128 0x2
 1177 045d 74       		.byte	0x74
 1178 045e 00       		.sleb128 0
 1179 045f 00       		.byte	0
 1180 0460 09       		.uleb128 0x9
 1181 0461 4E000000 		.4byte	.LVL44
 1182 0465 21070000 		.4byte	0x721
 1183 0469 74040000 		.4byte	0x474
 1184 046d 0A       		.uleb128 0xa
 1185 046e 01       		.uleb128 0x1
 1186 046f 50       		.byte	0x50
 1187 0470 02       		.uleb128 0x2
 1188 0471 74       		.byte	0x74
 1189 0472 00       		.sleb128 0
 1190 0473 00       		.byte	0
 1191 0474 09       		.uleb128 0x9
 1192 0475 58000000 		.4byte	.LVL45
 1193 0479 2C070000 		.4byte	0x72c
 1194 047d 88040000 		.4byte	0x488
 1195 0481 0A       		.uleb128 0xa
 1196 0482 01       		.uleb128 0x1
ARM GAS  C:\Users\HENRYA~1\AppData\Local\Temp\ccQ2Z7on.s 			page 24


 1197 0483 50       		.byte	0x50
 1198 0484 02       		.uleb128 0x2
 1199 0485 74       		.byte	0x74
 1200 0486 00       		.sleb128 0
 1201 0487 00       		.byte	0
 1202 0488 09       		.uleb128 0x9
 1203 0489 5E000000 		.4byte	.LVL46
 1204 048d 21070000 		.4byte	0x721
 1205 0491 9C040000 		.4byte	0x49c
 1206 0495 0A       		.uleb128 0xa
 1207 0496 01       		.uleb128 0x1
 1208 0497 50       		.byte	0x50
 1209 0498 02       		.uleb128 0x2
 1210 0499 74       		.byte	0x74
 1211 049a 00       		.sleb128 0
 1212 049b 00       		.byte	0
 1213 049c 09       		.uleb128 0x9
 1214 049d 68000000 		.4byte	.LVL47
 1215 04a1 2C070000 		.4byte	0x72c
 1216 04a5 B0040000 		.4byte	0x4b0
 1217 04a9 0A       		.uleb128 0xa
 1218 04aa 01       		.uleb128 0x1
 1219 04ab 50       		.byte	0x50
 1220 04ac 02       		.uleb128 0x2
 1221 04ad 74       		.byte	0x74
 1222 04ae 00       		.sleb128 0
 1223 04af 00       		.byte	0
 1224 04b0 09       		.uleb128 0x9
 1225 04b1 6E000000 		.4byte	.LVL48
 1226 04b5 21070000 		.4byte	0x721
 1227 04b9 C4040000 		.4byte	0x4c4
 1228 04bd 0A       		.uleb128 0xa
 1229 04be 01       		.uleb128 0x1
 1230 04bf 50       		.byte	0x50
 1231 04c0 02       		.uleb128 0x2
 1232 04c1 74       		.byte	0x74
 1233 04c2 00       		.sleb128 0
 1234 04c3 00       		.byte	0
 1235 04c4 09       		.uleb128 0x9
 1236 04c5 78000000 		.4byte	.LVL49
 1237 04c9 2C070000 		.4byte	0x72c
 1238 04cd D8040000 		.4byte	0x4d8
 1239 04d1 0A       		.uleb128 0xa
 1240 04d2 01       		.uleb128 0x1
 1241 04d3 50       		.byte	0x50
 1242 04d4 02       		.uleb128 0x2
 1243 04d5 74       		.byte	0x74
 1244 04d6 00       		.sleb128 0
 1245 04d7 00       		.byte	0
 1246 04d8 09       		.uleb128 0x9
 1247 04d9 7E000000 		.4byte	.LVL50
 1248 04dd 21070000 		.4byte	0x721
 1249 04e1 EC040000 		.4byte	0x4ec
 1250 04e5 0A       		.uleb128 0xa
 1251 04e6 01       		.uleb128 0x1
 1252 04e7 50       		.byte	0x50
 1253 04e8 02       		.uleb128 0x2
ARM GAS  C:\Users\HENRYA~1\AppData\Local\Temp\ccQ2Z7on.s 			page 25


 1254 04e9 74       		.byte	0x74
 1255 04ea 00       		.sleb128 0
 1256 04eb 00       		.byte	0
 1257 04ec 09       		.uleb128 0x9
 1258 04ed 88000000 		.4byte	.LVL51
 1259 04f1 2C070000 		.4byte	0x72c
 1260 04f5 00050000 		.4byte	0x500
 1261 04f9 0A       		.uleb128 0xa
 1262 04fa 01       		.uleb128 0x1
 1263 04fb 50       		.byte	0x50
 1264 04fc 02       		.uleb128 0x2
 1265 04fd 74       		.byte	0x74
 1266 04fe 00       		.sleb128 0
 1267 04ff 00       		.byte	0
 1268 0500 09       		.uleb128 0x9
 1269 0501 8E000000 		.4byte	.LVL52
 1270 0505 21070000 		.4byte	0x721
 1271 0509 14050000 		.4byte	0x514
 1272 050d 0A       		.uleb128 0xa
 1273 050e 01       		.uleb128 0x1
 1274 050f 50       		.byte	0x50
 1275 0510 02       		.uleb128 0x2
 1276 0511 74       		.byte	0x74
 1277 0512 00       		.sleb128 0
 1278 0513 00       		.byte	0
 1279 0514 0B       		.uleb128 0xb
 1280 0515 94000000 		.4byte	.LVL53
 1281 0519 37070000 		.4byte	0x737
 1282 051d 0A       		.uleb128 0xa
 1283 051e 01       		.uleb128 0x1
 1284 051f 50       		.byte	0x50
 1285 0520 01       		.uleb128 0x1
 1286 0521 30       		.byte	0x30
 1287 0522 00       		.byte	0
 1288 0523 00       		.byte	0
 1289 0524 08       		.uleb128 0x8
 1290 0525 34020000 		.4byte	.LASF17
 1291 0529 01       		.byte	0x1
 1292 052a 52       		.byte	0x52
 1293 052b 00000000 		.4byte	.LFB40
 1294 052f 3C000000 		.4byte	.LFE40-.LFB40
 1295 0533 01       		.uleb128 0x1
 1296 0534 9C       		.byte	0x9c
 1297 0535 99050000 		.4byte	0x599
 1298 0539 09       		.uleb128 0x9
 1299 053a 12000000 		.4byte	.LVL54
 1300 053e 2C070000 		.4byte	0x72c
 1301 0542 4D050000 		.4byte	0x54d
 1302 0546 0A       		.uleb128 0xa
 1303 0547 01       		.uleb128 0x1
 1304 0548 50       		.byte	0x50
 1305 0549 02       		.uleb128 0x2
 1306 054a 74       		.byte	0x74
 1307 054b 00       		.sleb128 0
 1308 054c 00       		.byte	0
 1309 054d 09       		.uleb128 0x9
 1310 054e 18000000 		.4byte	.LVL55
ARM GAS  C:\Users\HENRYA~1\AppData\Local\Temp\ccQ2Z7on.s 			page 26


 1311 0552 21070000 		.4byte	0x721
 1312 0556 61050000 		.4byte	0x561
 1313 055a 0A       		.uleb128 0xa
 1314 055b 01       		.uleb128 0x1
 1315 055c 50       		.byte	0x50
 1316 055d 02       		.uleb128 0x2
 1317 055e 74       		.byte	0x74
 1318 055f 00       		.sleb128 0
 1319 0560 00       		.byte	0
 1320 0561 09       		.uleb128 0x9
 1321 0562 22000000 		.4byte	.LVL56
 1322 0566 2C070000 		.4byte	0x72c
 1323 056a 75050000 		.4byte	0x575
 1324 056e 0A       		.uleb128 0xa
 1325 056f 01       		.uleb128 0x1
 1326 0570 50       		.byte	0x50
 1327 0571 02       		.uleb128 0x2
 1328 0572 74       		.byte	0x74
 1329 0573 00       		.sleb128 0
 1330 0574 00       		.byte	0
 1331 0575 09       		.uleb128 0x9
 1332 0576 28000000 		.4byte	.LVL57
 1333 057a 21070000 		.4byte	0x721
 1334 057e 89050000 		.4byte	0x589
 1335 0582 0A       		.uleb128 0xa
 1336 0583 01       		.uleb128 0x1
 1337 0584 50       		.byte	0x50
 1338 0585 02       		.uleb128 0x2
 1339 0586 74       		.byte	0x74
 1340 0587 00       		.sleb128 0
 1341 0588 00       		.byte	0
 1342 0589 0B       		.uleb128 0xb
 1343 058a 2E000000 		.4byte	.LVL58
 1344 058e 37070000 		.4byte	0x737
 1345 0592 0A       		.uleb128 0xa
 1346 0593 01       		.uleb128 0x1
 1347 0594 50       		.byte	0x50
 1348 0595 01       		.uleb128 0x1
 1349 0596 30       		.byte	0x30
 1350 0597 00       		.byte	0
 1351 0598 00       		.byte	0
 1352 0599 0C       		.uleb128 0xc
 1353 059a 2E000000 		.4byte	.LASF43
 1354 059e 01       		.byte	0x1
 1355 059f 5A       		.byte	0x5a
 1356 05a0 00000000 		.4byte	.LFB41
 1357 05a4 20000000 		.4byte	.LFE41-.LFB41
 1358 05a8 01       		.uleb128 0x1
 1359 05a9 9C       		.byte	0x9c
 1360 05aa F5050000 		.4byte	0x5f5
 1361 05ae 09       		.uleb128 0x9
 1362 05af 08000000 		.4byte	.LVL59
 1363 05b3 42070000 		.4byte	0x742
 1364 05b7 C1050000 		.4byte	0x5c1
 1365 05bb 0A       		.uleb128 0xa
 1366 05bc 01       		.uleb128 0x1
 1367 05bd 50       		.byte	0x50
ARM GAS  C:\Users\HENRYA~1\AppData\Local\Temp\ccQ2Z7on.s 			page 27


 1368 05be 01       		.uleb128 0x1
 1369 05bf 31       		.byte	0x31
 1370 05c0 00       		.byte	0
 1371 05c1 0D       		.uleb128 0xd
 1372 05c2 0C000000 		.4byte	.LVL60
 1373 05c6 4D070000 		.4byte	0x74d
 1374 05ca 0D       		.uleb128 0xd
 1375 05cb 10000000 		.4byte	.LVL61
 1376 05cf 58070000 		.4byte	0x758
 1377 05d3 0D       		.uleb128 0xd
 1378 05d4 14000000 		.4byte	.LVL62
 1379 05d8 24050000 		.4byte	0x524
 1380 05dc 0D       		.uleb128 0xd
 1381 05dd 18000000 		.4byte	.LVL63
 1382 05e1 64070000 		.4byte	0x764
 1383 05e5 0B       		.uleb128 0xb
 1384 05e6 1E000000 		.4byte	.LVL64
 1385 05ea 42070000 		.4byte	0x742
 1386 05ee 0A       		.uleb128 0xa
 1387 05ef 01       		.uleb128 0x1
 1388 05f0 50       		.byte	0x50
 1389 05f1 01       		.uleb128 0x1
 1390 05f2 30       		.byte	0x30
 1391 05f3 00       		.byte	0
 1392 05f4 00       		.byte	0
 1393 05f5 0E       		.uleb128 0xe
 1394 05f6 FA000000 		.4byte	.LASF44
 1395 05fa 01       		.byte	0x1
 1396 05fb 67       		.byte	0x67
 1397 05fc 5D000000 		.4byte	0x5d
 1398 0600 00000000 		.4byte	.LFB42
 1399 0604 28000000 		.4byte	.LFE42-.LFB42
 1400 0608 01       		.uleb128 0x1
 1401 0609 9C       		.byte	0x9c
 1402 060a 67060000 		.4byte	0x667
 1403 060e 09       		.uleb128 0x9
 1404 060f 08000000 		.4byte	.LVL65
 1405 0613 42070000 		.4byte	0x742
 1406 0617 21060000 		.4byte	0x621
 1407 061b 0A       		.uleb128 0xa
 1408 061c 01       		.uleb128 0x1
 1409 061d 50       		.byte	0x50
 1410 061e 01       		.uleb128 0x1
 1411 061f 30       		.byte	0x30
 1412 0620 00       		.byte	0
 1413 0621 0D       		.uleb128 0xd
 1414 0622 0C000000 		.4byte	.LVL66
 1415 0626 6F070000 		.4byte	0x76f
 1416 062a 09       		.uleb128 0x9
 1417 062b 12000000 		.4byte	.LVL67
 1418 062f 7A070000 		.4byte	0x77a
 1419 0633 3D060000 		.4byte	0x63d
 1420 0637 0A       		.uleb128 0xa
 1421 0638 01       		.uleb128 0x1
 1422 0639 50       		.byte	0x50
 1423 063a 01       		.uleb128 0x1
 1424 063b 31       		.byte	0x31
ARM GAS  C:\Users\HENRYA~1\AppData\Local\Temp\ccQ2Z7on.s 			page 28


 1425 063c 00       		.byte	0
 1426 063d 0D       		.uleb128 0xd
 1427 063e 16000000 		.4byte	.LVL68
 1428 0642 85070000 		.4byte	0x785
 1429 0646 09       		.uleb128 0x9
 1430 0647 1C000000 		.4byte	.LVL69
 1431 064b 90070000 		.4byte	0x790
 1432 064f 5D060000 		.4byte	0x65d
 1433 0653 0A       		.uleb128 0xa
 1434 0654 01       		.uleb128 0x1
 1435 0655 50       		.byte	0x50
 1436 0656 05       		.uleb128 0x5
 1437 0657 03       		.byte	0x3
 1438 0658 00000000 		.4byte	interrutcan
 1439 065c 00       		.byte	0
 1440 065d 0D       		.uleb128 0xd
 1441 065e 20000000 		.4byte	.LVL70
 1442 0662 64070000 		.4byte	0x764
 1443 0666 00       		.byte	0
 1444 0667 0F       		.uleb128 0xf
 1445 0668 42000000 		.4byte	.LASF18
 1446 066c 01       		.byte	0x1
 1447 066d 08       		.byte	0x8
 1448 066e 6B000000 		.4byte	0x6b
 1449 0672 05       		.uleb128 0x5
 1450 0673 03       		.byte	0x3
 1451 0674 00000000 		.4byte	dato_recibido
 1452 0678 06       		.uleb128 0x6
 1453 0679 85000000 		.4byte	0x85
 1454 067d 88060000 		.4byte	0x688
 1455 0681 07       		.uleb128 0x7
 1456 0682 93000000 		.4byte	0x93
 1457 0686 05       		.byte	0x5
 1458 0687 00       		.byte	0
 1459 0688 0F       		.uleb128 0xf
 1460 0689 FF000000 		.4byte	.LASF19
 1461 068d 01       		.byte	0x1
 1462 068e 09       		.byte	0x9
 1463 068f 78060000 		.4byte	0x678
 1464 0693 05       		.uleb128 0x5
 1465 0694 03       		.byte	0x3
 1466 0695 00000000 		.4byte	publicar
 1467 0699 0F       		.uleb128 0xf
 1468 069a F2000000 		.4byte	.LASF20
 1469 069e 01       		.byte	0x1
 1470 069f 0A       		.byte	0xa
 1471 06a0 9A000000 		.4byte	0x9a
 1472 06a4 05       		.uleb128 0x5
 1473 06a5 03       		.byte	0x3
 1474 06a6 00000000 		.4byte	formato
 1475 06aa 0F       		.uleb128 0xf
 1476 06ab C1010000 		.4byte	.LASF21
 1477 06af 01       		.byte	0x1
 1478 06b0 0B       		.byte	0xb
 1479 06b1 A0000000 		.4byte	0xa0
 1480 06b5 05       		.uleb128 0x5
 1481 06b6 03       		.byte	0x3
ARM GAS  C:\Users\HENRYA~1\AppData\Local\Temp\ccQ2Z7on.s 			page 29


 1482 06b7 00000000 		.4byte	mailbox0
 1483 06bb 0F       		.uleb128 0xf
 1484 06bc 1C000000 		.4byte	.LASF22
 1485 06c0 01       		.byte	0x1
 1486 06c1 0C       		.byte	0xc
 1487 06c2 A0000000 		.4byte	0xa0
 1488 06c6 05       		.uleb128 0x5
 1489 06c7 03       		.byte	0x3
 1490 06c8 00000000 		.4byte	mailbox1
 1491 06cc 0F       		.uleb128 0xf
 1492 06cd 25000000 		.4byte	.LASF23
 1493 06d1 01       		.byte	0x1
 1494 06d2 0D       		.byte	0xd
 1495 06d3 A0000000 		.4byte	0xa0
 1496 06d7 05       		.uleb128 0x5
 1497 06d8 03       		.byte	0x3
 1498 06d9 00000000 		.4byte	mailbox2
 1499 06dd 0F       		.uleb128 0xf
 1500 06de D6010000 		.4byte	.LASF24
 1501 06e2 01       		.byte	0x1
 1502 06e3 0E       		.byte	0xe
 1503 06e4 A0000000 		.4byte	0xa0
 1504 06e8 05       		.uleb128 0x5
 1505 06e9 03       		.byte	0x3
 1506 06ea 00000000 		.4byte	mailbox3
 1507 06ee 0F       		.uleb128 0xf
 1508 06ef C1000000 		.4byte	.LASF25
 1509 06f3 01       		.byte	0x1
 1510 06f4 0F       		.byte	0xf
 1511 06f5 A0000000 		.4byte	0xa0
 1512 06f9 05       		.uleb128 0x5
 1513 06fa 03       		.byte	0x3
 1514 06fb 00000000 		.4byte	dato_enviado
 1515 06ff 0F       		.uleb128 0xf
 1516 0700 50000000 		.4byte	.LASF26
 1517 0704 01       		.byte	0x1
 1518 0705 10       		.byte	0x10
 1519 0706 A0000000 		.4byte	0xa0
 1520 070a 05       		.uleb128 0x5
 1521 070b 03       		.byte	0x3
 1522 070c 00000000 		.4byte	dato_enviado_1
 1523 0710 0F       		.uleb128 0xf
 1524 0711 3A000000 		.4byte	.LASF27
 1525 0715 01       		.byte	0x1
 1526 0716 11       		.byte	0x11
 1527 0717 5D000000 		.4byte	0x5d
 1528 071b 05       		.uleb128 0x5
 1529 071c 03       		.byte	0x3
 1530 071d 00000000 		.4byte	memoria
 1531 0721 10       		.uleb128 0x10
 1532 0722 00000000 		.4byte	.LASF28
 1533 0726 00000000 		.4byte	.LASF28
 1534 072a 02       		.byte	0x2
 1535 072b 8B       		.byte	0x8b
 1536 072c 10       		.uleb128 0x10
 1537 072d D7020000 		.4byte	.LASF29
 1538 0731 D7020000 		.4byte	.LASF29
ARM GAS  C:\Users\HENRYA~1\AppData\Local\Temp\ccQ2Z7on.s 			page 30


 1539 0735 03       		.byte	0x3
 1540 0736 E7       		.byte	0xe7
 1541 0737 10       		.uleb128 0x10
 1542 0738 0F000000 		.4byte	.LASF30
 1543 073c 0F000000 		.4byte	.LASF30
 1544 0740 02       		.byte	0x2
 1545 0741 8E       		.byte	0x8e
 1546 0742 10       		.uleb128 0x10
 1547 0743 63020000 		.4byte	.LASF31
 1548 0747 63020000 		.4byte	.LASF31
 1549 074b 04       		.byte	0x4
 1550 074c 33       		.byte	0x33
 1551 074d 10       		.uleb128 0x10
 1552 074e DF010000 		.4byte	.LASF32
 1553 0752 DF010000 		.4byte	.LASF32
 1554 0756 05       		.byte	0x5
 1555 0757 C9       		.byte	0xc9
 1556 0758 11       		.uleb128 0x11
 1557 0759 B4000000 		.4byte	.LASF33
 1558 075d B4000000 		.4byte	.LASF33
 1559 0761 05       		.byte	0x5
 1560 0762 0401     		.2byte	0x104
 1561 0764 10       		.uleb128 0x10
 1562 0765 9F010000 		.4byte	.LASF34
 1563 0769 9F010000 		.4byte	.LASF34
 1564 076d 05       		.byte	0x5
 1565 076e C8       		.byte	0xc8
 1566 076f 10       		.uleb128 0x10
 1567 0770 A9000000 		.4byte	.LASF35
 1568 0774 A9000000 		.4byte	.LASF35
 1569 0778 02       		.byte	0x2
 1570 0779 54       		.byte	0x54
 1571 077a 10       		.uleb128 0x10
 1572 077b E9020000 		.4byte	.LASF36
 1573 077f E9020000 		.4byte	.LASF36
 1574 0783 06       		.byte	0x6
 1575 0784 33       		.byte	0x33
 1576 0785 10       		.uleb128 0x10
 1577 0786 DF020000 		.4byte	.LASF37
 1578 078a DF020000 		.4byte	.LASF37
 1579 078e 05       		.byte	0x5
 1580 078f C5       		.byte	0xc5
 1581 0790 10       		.uleb128 0x10
 1582 0791 F4010000 		.4byte	.LASF38
 1583 0795 F4010000 		.4byte	.LASF38
 1584 0799 07       		.byte	0x7
 1585 079a 18       		.byte	0x18
 1586 079b 00       		.byte	0
 1587              		.section	.debug_abbrev,"",%progbits
 1588              	.Ldebug_abbrev0:
 1589 0000 01       		.uleb128 0x1
 1590 0001 11       		.uleb128 0x11
 1591 0002 01       		.byte	0x1
 1592 0003 25       		.uleb128 0x25
 1593 0004 0E       		.uleb128 0xe
 1594 0005 13       		.uleb128 0x13
 1595 0006 0B       		.uleb128 0xb
ARM GAS  C:\Users\HENRYA~1\AppData\Local\Temp\ccQ2Z7on.s 			page 31


 1596 0007 03       		.uleb128 0x3
 1597 0008 0E       		.uleb128 0xe
 1598 0009 1B       		.uleb128 0x1b
 1599 000a 0E       		.uleb128 0xe
 1600 000b 55       		.uleb128 0x55
 1601 000c 17       		.uleb128 0x17
 1602 000d 11       		.uleb128 0x11
 1603 000e 01       		.uleb128 0x1
 1604 000f 10       		.uleb128 0x10
 1605 0010 17       		.uleb128 0x17
 1606 0011 00       		.byte	0
 1607 0012 00       		.byte	0
 1608 0013 02       		.uleb128 0x2
 1609 0014 24       		.uleb128 0x24
 1610 0015 00       		.byte	0
 1611 0016 0B       		.uleb128 0xb
 1612 0017 0B       		.uleb128 0xb
 1613 0018 3E       		.uleb128 0x3e
 1614 0019 0B       		.uleb128 0xb
 1615 001a 03       		.uleb128 0x3
 1616 001b 0E       		.uleb128 0xe
 1617 001c 00       		.byte	0
 1618 001d 00       		.byte	0
 1619 001e 03       		.uleb128 0x3
 1620 001f 24       		.uleb128 0x24
 1621 0020 00       		.byte	0
 1622 0021 0B       		.uleb128 0xb
 1623 0022 0B       		.uleb128 0xb
 1624 0023 3E       		.uleb128 0x3e
 1625 0024 0B       		.uleb128 0xb
 1626 0025 03       		.uleb128 0x3
 1627 0026 08       		.uleb128 0x8
 1628 0027 00       		.byte	0
 1629 0028 00       		.byte	0
 1630 0029 04       		.uleb128 0x4
 1631 002a 16       		.uleb128 0x16
 1632 002b 00       		.byte	0
 1633 002c 03       		.uleb128 0x3
 1634 002d 0E       		.uleb128 0xe
 1635 002e 3A       		.uleb128 0x3a
 1636 002f 0B       		.uleb128 0xb
 1637 0030 3B       		.uleb128 0x3b
 1638 0031 05       		.uleb128 0x5
 1639 0032 49       		.uleb128 0x49
 1640 0033 13       		.uleb128 0x13
 1641 0034 00       		.byte	0
 1642 0035 00       		.byte	0
 1643 0036 05       		.uleb128 0x5
 1644 0037 0F       		.uleb128 0xf
 1645 0038 00       		.byte	0
 1646 0039 0B       		.uleb128 0xb
 1647 003a 0B       		.uleb128 0xb
 1648 003b 49       		.uleb128 0x49
 1649 003c 13       		.uleb128 0x13
 1650 003d 00       		.byte	0
 1651 003e 00       		.byte	0
 1652 003f 06       		.uleb128 0x6
ARM GAS  C:\Users\HENRYA~1\AppData\Local\Temp\ccQ2Z7on.s 			page 32


 1653 0040 01       		.uleb128 0x1
 1654 0041 01       		.byte	0x1
 1655 0042 49       		.uleb128 0x49
 1656 0043 13       		.uleb128 0x13
 1657 0044 01       		.uleb128 0x1
 1658 0045 13       		.uleb128 0x13
 1659 0046 00       		.byte	0
 1660 0047 00       		.byte	0
 1661 0048 07       		.uleb128 0x7
 1662 0049 21       		.uleb128 0x21
 1663 004a 00       		.byte	0
 1664 004b 49       		.uleb128 0x49
 1665 004c 13       		.uleb128 0x13
 1666 004d 2F       		.uleb128 0x2f
 1667 004e 0B       		.uleb128 0xb
 1668 004f 00       		.byte	0
 1669 0050 00       		.byte	0
 1670 0051 08       		.uleb128 0x8
 1671 0052 2E       		.uleb128 0x2e
 1672 0053 01       		.byte	0x1
 1673 0054 3F       		.uleb128 0x3f
 1674 0055 19       		.uleb128 0x19
 1675 0056 03       		.uleb128 0x3
 1676 0057 0E       		.uleb128 0xe
 1677 0058 3A       		.uleb128 0x3a
 1678 0059 0B       		.uleb128 0xb
 1679 005a 3B       		.uleb128 0x3b
 1680 005b 0B       		.uleb128 0xb
 1681 005c 11       		.uleb128 0x11
 1682 005d 01       		.uleb128 0x1
 1683 005e 12       		.uleb128 0x12
 1684 005f 06       		.uleb128 0x6
 1685 0060 40       		.uleb128 0x40
 1686 0061 18       		.uleb128 0x18
 1687 0062 9742     		.uleb128 0x2117
 1688 0064 19       		.uleb128 0x19
 1689 0065 01       		.uleb128 0x1
 1690 0066 13       		.uleb128 0x13
 1691 0067 00       		.byte	0
 1692 0068 00       		.byte	0
 1693 0069 09       		.uleb128 0x9
 1694 006a 898201   		.uleb128 0x4109
 1695 006d 01       		.byte	0x1
 1696 006e 11       		.uleb128 0x11
 1697 006f 01       		.uleb128 0x1
 1698 0070 31       		.uleb128 0x31
 1699 0071 13       		.uleb128 0x13
 1700 0072 01       		.uleb128 0x1
 1701 0073 13       		.uleb128 0x13
 1702 0074 00       		.byte	0
 1703 0075 00       		.byte	0
 1704 0076 0A       		.uleb128 0xa
 1705 0077 8A8201   		.uleb128 0x410a
 1706 007a 00       		.byte	0
 1707 007b 02       		.uleb128 0x2
 1708 007c 18       		.uleb128 0x18
 1709 007d 9142     		.uleb128 0x2111
ARM GAS  C:\Users\HENRYA~1\AppData\Local\Temp\ccQ2Z7on.s 			page 33


 1710 007f 18       		.uleb128 0x18
 1711 0080 00       		.byte	0
 1712 0081 00       		.byte	0
 1713 0082 0B       		.uleb128 0xb
 1714 0083 898201   		.uleb128 0x4109
 1715 0086 01       		.byte	0x1
 1716 0087 11       		.uleb128 0x11
 1717 0088 01       		.uleb128 0x1
 1718 0089 31       		.uleb128 0x31
 1719 008a 13       		.uleb128 0x13
 1720 008b 00       		.byte	0
 1721 008c 00       		.byte	0
 1722 008d 0C       		.uleb128 0xc
 1723 008e 2E       		.uleb128 0x2e
 1724 008f 01       		.byte	0x1
 1725 0090 3F       		.uleb128 0x3f
 1726 0091 19       		.uleb128 0x19
 1727 0092 03       		.uleb128 0x3
 1728 0093 0E       		.uleb128 0xe
 1729 0094 3A       		.uleb128 0x3a
 1730 0095 0B       		.uleb128 0xb
 1731 0096 3B       		.uleb128 0x3b
 1732 0097 0B       		.uleb128 0xb
 1733 0098 27       		.uleb128 0x27
 1734 0099 19       		.uleb128 0x19
 1735 009a 11       		.uleb128 0x11
 1736 009b 01       		.uleb128 0x1
 1737 009c 12       		.uleb128 0x12
 1738 009d 06       		.uleb128 0x6
 1739 009e 40       		.uleb128 0x40
 1740 009f 18       		.uleb128 0x18
 1741 00a0 9742     		.uleb128 0x2117
 1742 00a2 19       		.uleb128 0x19
 1743 00a3 01       		.uleb128 0x1
 1744 00a4 13       		.uleb128 0x13
 1745 00a5 00       		.byte	0
 1746 00a6 00       		.byte	0
 1747 00a7 0D       		.uleb128 0xd
 1748 00a8 898201   		.uleb128 0x4109
 1749 00ab 00       		.byte	0
 1750 00ac 11       		.uleb128 0x11
 1751 00ad 01       		.uleb128 0x1
 1752 00ae 31       		.uleb128 0x31
 1753 00af 13       		.uleb128 0x13
 1754 00b0 00       		.byte	0
 1755 00b1 00       		.byte	0
 1756 00b2 0E       		.uleb128 0xe
 1757 00b3 2E       		.uleb128 0x2e
 1758 00b4 01       		.byte	0x1
 1759 00b5 3F       		.uleb128 0x3f
 1760 00b6 19       		.uleb128 0x19
 1761 00b7 03       		.uleb128 0x3
 1762 00b8 0E       		.uleb128 0xe
 1763 00b9 3A       		.uleb128 0x3a
 1764 00ba 0B       		.uleb128 0xb
 1765 00bb 3B       		.uleb128 0x3b
 1766 00bc 0B       		.uleb128 0xb
ARM GAS  C:\Users\HENRYA~1\AppData\Local\Temp\ccQ2Z7on.s 			page 34


 1767 00bd 49       		.uleb128 0x49
 1768 00be 13       		.uleb128 0x13
 1769 00bf 8701     		.uleb128 0x87
 1770 00c1 19       		.uleb128 0x19
 1771 00c2 11       		.uleb128 0x11
 1772 00c3 01       		.uleb128 0x1
 1773 00c4 12       		.uleb128 0x12
 1774 00c5 06       		.uleb128 0x6
 1775 00c6 40       		.uleb128 0x40
 1776 00c7 18       		.uleb128 0x18
 1777 00c8 9742     		.uleb128 0x2117
 1778 00ca 19       		.uleb128 0x19
 1779 00cb 01       		.uleb128 0x1
 1780 00cc 13       		.uleb128 0x13
 1781 00cd 00       		.byte	0
 1782 00ce 00       		.byte	0
 1783 00cf 0F       		.uleb128 0xf
 1784 00d0 34       		.uleb128 0x34
 1785 00d1 00       		.byte	0
 1786 00d2 03       		.uleb128 0x3
 1787 00d3 0E       		.uleb128 0xe
 1788 00d4 3A       		.uleb128 0x3a
 1789 00d5 0B       		.uleb128 0xb
 1790 00d6 3B       		.uleb128 0x3b
 1791 00d7 0B       		.uleb128 0xb
 1792 00d8 49       		.uleb128 0x49
 1793 00d9 13       		.uleb128 0x13
 1794 00da 3F       		.uleb128 0x3f
 1795 00db 19       		.uleb128 0x19
 1796 00dc 02       		.uleb128 0x2
 1797 00dd 18       		.uleb128 0x18
 1798 00de 00       		.byte	0
 1799 00df 00       		.byte	0
 1800 00e0 10       		.uleb128 0x10
 1801 00e1 2E       		.uleb128 0x2e
 1802 00e2 00       		.byte	0
 1803 00e3 3F       		.uleb128 0x3f
 1804 00e4 19       		.uleb128 0x19
 1805 00e5 3C       		.uleb128 0x3c
 1806 00e6 19       		.uleb128 0x19
 1807 00e7 6E       		.uleb128 0x6e
 1808 00e8 0E       		.uleb128 0xe
 1809 00e9 03       		.uleb128 0x3
 1810 00ea 0E       		.uleb128 0xe
 1811 00eb 3A       		.uleb128 0x3a
 1812 00ec 0B       		.uleb128 0xb
 1813 00ed 3B       		.uleb128 0x3b
 1814 00ee 0B       		.uleb128 0xb
 1815 00ef 00       		.byte	0
 1816 00f0 00       		.byte	0
 1817 00f1 11       		.uleb128 0x11
 1818 00f2 2E       		.uleb128 0x2e
 1819 00f3 00       		.byte	0
 1820 00f4 3F       		.uleb128 0x3f
 1821 00f5 19       		.uleb128 0x19
 1822 00f6 3C       		.uleb128 0x3c
 1823 00f7 19       		.uleb128 0x19
ARM GAS  C:\Users\HENRYA~1\AppData\Local\Temp\ccQ2Z7on.s 			page 35


 1824 00f8 6E       		.uleb128 0x6e
 1825 00f9 0E       		.uleb128 0xe
 1826 00fa 03       		.uleb128 0x3
 1827 00fb 0E       		.uleb128 0xe
 1828 00fc 3A       		.uleb128 0x3a
 1829 00fd 0B       		.uleb128 0xb
 1830 00fe 3B       		.uleb128 0x3b
 1831 00ff 05       		.uleb128 0x5
 1832 0100 00       		.byte	0
 1833 0101 00       		.byte	0
 1834 0102 00       		.byte	0
 1835              		.section	.debug_aranges,"",%progbits
 1836 0000 44000000 		.4byte	0x44
 1837 0004 0200     		.2byte	0x2
 1838 0006 00000000 		.4byte	.Ldebug_info0
 1839 000a 04       		.byte	0x4
 1840 000b 00       		.byte	0
 1841 000c 0000     		.2byte	0
 1842 000e 0000     		.2byte	0
 1843 0010 00000000 		.4byte	.LFB37
 1844 0014 A8000000 		.4byte	.LFE37-.LFB37
 1845 0018 00000000 		.4byte	.LFB38
 1846 001c A8000000 		.4byte	.LFE38-.LFB38
 1847 0020 00000000 		.4byte	.LFB39
 1848 0024 A8000000 		.4byte	.LFE39-.LFB39
 1849 0028 00000000 		.4byte	.LFB40
 1850 002c 3C000000 		.4byte	.LFE40-.LFB40
 1851 0030 00000000 		.4byte	.LFB41
 1852 0034 20000000 		.4byte	.LFE41-.LFB41
 1853 0038 00000000 		.4byte	.LFB42
 1854 003c 28000000 		.4byte	.LFE42-.LFB42
 1855 0040 00000000 		.4byte	0
 1856 0044 00000000 		.4byte	0
 1857              		.section	.debug_ranges,"",%progbits
 1858              	.Ldebug_ranges0:
 1859 0000 00000000 		.4byte	.LFB37
 1860 0004 A8000000 		.4byte	.LFE37
 1861 0008 00000000 		.4byte	.LFB38
 1862 000c A8000000 		.4byte	.LFE38
 1863 0010 00000000 		.4byte	.LFB39
 1864 0014 A8000000 		.4byte	.LFE39
 1865 0018 00000000 		.4byte	.LFB40
 1866 001c 3C000000 		.4byte	.LFE40
 1867 0020 00000000 		.4byte	.LFB41
 1868 0024 20000000 		.4byte	.LFE41
 1869 0028 00000000 		.4byte	.LFB42
 1870 002c 28000000 		.4byte	.LFE42
 1871 0030 00000000 		.4byte	0
 1872 0034 00000000 		.4byte	0
 1873              		.section	.debug_line,"",%progbits
 1874              	.Ldebug_line0:
 1875 0000 9F010000 		.section	.debug_str,"MS",%progbits,1
 1875      0200EF00 
 1875      00000201 
 1875      FB0E0D00 
 1875      01010101 
 1876              	.LASF28:
ARM GAS  C:\Users\HENRYA~1\AppData\Local\Temp\ccQ2Z7on.s 			page 36


 1877 0000 58424545 		.ascii	"XBEE_PutString\000"
 1877      5F507574 
 1877      53747269 
 1877      6E6700
 1878              	.LASF30:
 1879 000f 58424545 		.ascii	"XBEE_PutCRLF\000"
 1879      5F507574 
 1879      43524C46 
 1879      00
 1880              	.LASF22:
 1881 001c 6D61696C 		.ascii	"mailbox1\000"
 1881      626F7831 
 1881      00
 1882              	.LASF23:
 1883 0025 6D61696C 		.ascii	"mailbox2\000"
 1883      626F7832 
 1883      00
 1884              	.LASF43:
 1885 002e 696E7465 		.ascii	"interrutcan\000"
 1885      72727574 
 1885      63616E00 
 1886              	.LASF27:
 1887 003a 6D656D6F 		.ascii	"memoria\000"
 1887      72696100 
 1888              	.LASF18:
 1889 0042 6461746F 		.ascii	"dato_recibido\000"
 1889      5F726563 
 1889      69626964 
 1889      6F00
 1890              	.LASF26:
 1891 0050 6461746F 		.ascii	"dato_enviado_1\000"
 1891      5F656E76 
 1891      6961646F 
 1891      5F3100
 1892              	.LASF9:
 1893 005f 666C6F61 		.ascii	"float\000"
 1893      7400
 1894              	.LASF1:
 1895 0065 756E7369 		.ascii	"unsigned char\000"
 1895      676E6564 
 1895      20636861 
 1895      7200
 1896              	.LASF5:
 1897 0073 6C6F6E67 		.ascii	"long unsigned int\000"
 1897      20756E73 
 1897      69676E65 
 1897      6420696E 
 1897      7400
 1898              	.LASF3:
 1899 0085 73686F72 		.ascii	"short unsigned int\000"
 1899      7420756E 
 1899      7369676E 
 1899      65642069 
 1899      6E7400
 1900              	.LASF10:
 1901 0098 646F7562 		.ascii	"double\000"
 1901      6C6500
ARM GAS  C:\Users\HENRYA~1\AppData\Local\Temp\ccQ2Z7on.s 			page 37


 1902              	.LASF2:
 1903 009f 73686F72 		.ascii	"short int\000"
 1903      7420696E 
 1903      7400
 1904              	.LASF35:
 1905 00a9 58424545 		.ascii	"XBEE_Start\000"
 1905      5F537461 
 1905      727400
 1906              	.LASF33:
 1907 00b4 43414E5F 		.ascii	"CAN_MsgRXIsr\000"
 1907      4D736752 
 1907      58497372 
 1907      00
 1908              	.LASF25:
 1909 00c1 6461746F 		.ascii	"dato_enviado\000"
 1909      5F656E76 
 1909      6961646F 
 1909      00
 1910              	.LASF8:
 1911 00ce 756E7369 		.ascii	"unsigned int\000"
 1911      676E6564 
 1911      20696E74 
 1911      00
 1912              	.LASF7:
 1913 00db 6C6F6E67 		.ascii	"long long unsigned int\000"
 1913      206C6F6E 
 1913      6720756E 
 1913      7369676E 
 1913      65642069 
 1914              	.LASF20:
 1915 00f2 666F726D 		.ascii	"formato\000"
 1915      61746F00 
 1916              	.LASF44:
 1917 00fa 6D61696E 		.ascii	"main\000"
 1917      00
 1918              	.LASF19:
 1919 00ff 7075626C 		.ascii	"publicar\000"
 1919      69636172 
 1919      00
 1920              	.LASF39:
 1921 0108 474E5520 		.ascii	"GNU C11 5.4.1 20160609 (release) [ARM/embedded-5-br"
 1921      43313120 
 1921      352E342E 
 1921      31203230 
 1921      31363036 
 1922 013b 616E6368 		.ascii	"anch revision 237715] -mcpu=cortex-m0 -mthumb -g -O"
 1922      20726576 
 1922      6973696F 
 1922      6E203233 
 1922      37373135 
 1923 016e 67202D66 		.ascii	"g -ffunction-sections -ffat-lto-objects\000"
 1923      66756E63 
 1923      74696F6E 
 1923      2D736563 
 1923      74696F6E 
 1924              	.LASF13:
 1925 0196 73697A65 		.ascii	"sizetype\000"
ARM GAS  C:\Users\HENRYA~1\AppData\Local\Temp\ccQ2Z7on.s 			page 38


 1925      74797065 
 1925      00
 1926              	.LASF34:
 1927 019f 43414E5F 		.ascii	"CAN_GlobalIntEnable\000"
 1927      476C6F62 
 1927      616C496E 
 1927      74456E61 
 1927      626C6500 
 1928              	.LASF6:
 1929 01b3 6C6F6E67 		.ascii	"long long int\000"
 1929      206C6F6E 
 1929      6720696E 
 1929      7400
 1930              	.LASF21:
 1931 01c1 6D61696C 		.ascii	"mailbox0\000"
 1931      626F7830 
 1931      00
 1932              	.LASF40:
 1933 01ca 6D61696E 		.ascii	"main.c\000"
 1933      2E6300
 1934              	.LASF11:
 1935 01d1 63686172 		.ascii	"char\000"
 1935      00
 1936              	.LASF24:
 1937 01d6 6D61696C 		.ascii	"mailbox3\000"
 1937      626F7833 
 1937      00
 1938              	.LASF32:
 1939 01df 43414E5F 		.ascii	"CAN_GlobalIntDisable\000"
 1939      476C6F62 
 1939      616C496E 
 1939      74446973 
 1939      61626C65 
 1940              	.LASF38:
 1941 01f4 43414E5F 		.ascii	"CAN_isr_StartEx\000"
 1941      6973725F 
 1941      53746172 
 1941      74457800 
 1942              	.LASF42:
 1943 0204 75696E74 		.ascii	"uint8\000"
 1943      3800
 1944              	.LASF14:
 1945 020a 4F79656E 		.ascii	"Oyente_Mail_1\000"
 1945      74655F4D 
 1945      61696C5F 
 1945      3100
 1946              	.LASF15:
 1947 0218 4F79656E 		.ascii	"Oyente_Mail_2\000"
 1947      74655F4D 
 1947      61696C5F 
 1947      3200
 1948              	.LASF16:
 1949 0226 4F79656E 		.ascii	"Oyente_Mail_3\000"
 1949      74655F4D 
 1949      61696C5F 
 1949      3300
 1950              	.LASF17:
ARM GAS  C:\Users\HENRYA~1\AppData\Local\Temp\ccQ2Z7on.s 			page 39


 1951 0234 4F79656E 		.ascii	"Oyente_Mail_4\000"
 1951      74655F4D 
 1951      61696C5F 
 1951      3400
 1952              	.LASF4:
 1953 0242 6C6F6E67 		.ascii	"long int\000"
 1953      20696E74 
 1953      00
 1954              	.LASF12:
 1955 024b 6C6F6E67 		.ascii	"long double\000"
 1955      20646F75 
 1955      626C6500 
 1956              	.LASF0:
 1957 0257 7369676E 		.ascii	"signed char\000"
 1957      65642063 
 1957      68617200 
 1958              	.LASF31:
 1959 0263 4C45445F 		.ascii	"LED_1_Write\000"
 1959      315F5772 
 1959      69746500 
 1960              	.LASF41:
 1961 026f 433A5C55 		.ascii	"C:\\Users\\Henry Alberto\\Documents\\GitHub\\Psoc_M"
 1961      73657273 
 1961      5C48656E 
 1961      72792041 
 1961      6C626572 
 1962 029d 6F64756C 		.ascii	"odular\\Optimization_Algorithms\\Xbee_Snifer_Terate"
 1962      61725C4F 
 1962      7074696D 
 1962      697A6174 
 1962      696F6E5F 
 1963 02ce 726D2E63 		.ascii	"rm.cydsn\000"
 1963      7964736E 
 1963      00
 1964              	.LASF29:
 1965 02d7 73707269 		.ascii	"sprintf\000"
 1965      6E746600 
 1966              	.LASF37:
 1967 02df 43414E5F 		.ascii	"CAN_Start\000"
 1967      53746172 
 1967      7400
 1968              	.LASF36:
 1969 02e9 52455345 		.ascii	"RESET_XBEE_Write\000"
 1969      545F5842 
 1969      45455F57 
 1969      72697465 
 1969      00
 1970              		.ident	"GCC: (GNU Tools for ARM Embedded Processors) 5.4.1 20160609 (release) [ARM/embedded-5-bran
