ARM GAS  C:\Users\HENRYA~1\AppData\Local\Temp\ccHQK50M.s 			page 1


   1              		.syntax unified
   2              		.cpu cortex-m3
   3              		.fpu softvfp
   4              		.eabi_attribute 20, 1
   5              		.eabi_attribute 21, 1
   6              		.eabi_attribute 23, 3
   7              		.eabi_attribute 24, 1
   8              		.eabi_attribute 25, 1
   9              		.eabi_attribute 26, 1
  10              		.eabi_attribute 30, 1
  11              		.eabi_attribute 34, 1
  12              		.eabi_attribute 18, 4
  13              		.thumb
  14              		.file	"main.c"
  15              		.text
  16              	.Ltext0:
  17              		.cfi_sections	.debug_frame
  18              		.section	.text.main,"ax",%progbits
  19              		.align	2
  20              		.global	main
  21              		.thumb
  22              		.thumb_func
  23              		.type	main, %function
  24              	main:
  25              	.LFB63:
  26              		.file 1 ".\\main.c"
   1:.\main.c      **** /* ========================================
   2:.\main.c      ****  *
   3:.\main.c      ****  * Copyright YOUR COMPANY, THE YEAR
   4:.\main.c      ****  * All Rights Reserved
   5:.\main.c      ****  * UNPUBLISHED, LICENSED SOFTWARE.
   6:.\main.c      ****  *
   7:.\main.c      ****  * CONFIDENTIAL AND PROPRIETARY INFORMATION
   8:.\main.c      ****  * WHICH IS THE PROPERTY OF your company.
   9:.\main.c      ****  *
  10:.\main.c      ****  * ========================================
  11:.\main.c      **** */
  12:.\main.c      **** #include <project.h>
  13:.\main.c      **** uint8 dato_recibido;
  14:.\main.c      **** uint8 dato_recibido1;
  15:.\main.c      **** uint8 dato_recibido2;
  16:.\main.c      **** uint8 dato_recibido3;
  17:.\main.c      **** 
  18:.\main.c      **** int main()
  19:.\main.c      **** {
  27              		.loc 1 19 0
  28              		.cfi_startproc
  29              		@ Volatile: function does not return.
  30              		@ args = 0, pretend = 0, frame = 0
  31              		@ frame_needed = 0, uses_anonymous_args = 0
  32 0000 08B5     		push	{r3, lr}
  33              		.cfi_def_cfa_offset 8
  34              		.cfi_offset 3, -8
  35              		.cfi_offset 14, -4
  20:.\main.c      ****     CyGlobalIntEnable; /* Enable global interrupts. */
  36              		.loc 1 20 0
  37              	@ 20 ".\main.c" 1
ARM GAS  C:\Users\HENRYA~1\AppData\Local\Temp\ccHQK50M.s 			page 2


  38 0002 62B6     		CPSIE   i
  39              	@ 0 "" 2
  21:.\main.c      ****     RX_CAN_Start();
  40              		.loc 1 21 0
  41              		.thumb
  42 0004 FFF7FEFF 		bl	RX_CAN_Start
  43              	.LVL0:
  22:.\main.c      ****     LCD_Char_1_Start();
  44              		.loc 1 22 0
  45 0008 FFF7FEFF 		bl	LCD_Char_1_Start
  46              	.LVL1:
  23:.\main.c      ****     LCD_Char_1_Position(0,0);
  47              		.loc 1 23 0
  48 000c 0020     		movs	r0, #0
  49 000e 0146     		mov	r1, r0
  50 0010 FFF7FEFF 		bl	LCD_Char_1_Position
  51              	.LVL2:
  24:.\main.c      ****     LCD_Char_1_PrintString("Recibiendo...");
  52              		.loc 1 24 0
  53 0014 1348     		ldr	r0, .L4
  54 0016 FFF7FEFF 		bl	LCD_Char_1_PrintString
  55              	.LVL3:
  56              	.L2:
  25:.\main.c      ****     for(;;)
  26:.\main.c      ****     {
  27:.\main.c      ****         RX_CAN_ReceiveMsg0();
  57              		.loc 1 27 0 discriminator 1
  58 001a FFF7FEFF 		bl	RX_CAN_ReceiveMsg0
  59              	.LVL4:
  28:.\main.c      ****         RX_CAN_ReceiveMsg3();
  60              		.loc 1 28 0 discriminator 1
  61 001e FFF7FEFF 		bl	RX_CAN_ReceiveMsg3
  62              	.LVL5:
  29:.\main.c      ****         LCD_Char_1_Position(1,0);
  63              		.loc 1 29 0 discriminator 1
  64 0022 0120     		movs	r0, #1
  65 0024 0021     		movs	r1, #0
  66 0026 FFF7FEFF 		bl	LCD_Char_1_Position
  67              	.LVL6:
  30:.\main.c      ****         LCD_Char_1_PrintHexUint8(dato_recibido);
  68              		.loc 1 30 0 discriminator 1
  69 002a 0F4B     		ldr	r3, .L4+4
  70 002c 1878     		ldrb	r0, [r3]	@ zero_extendqisi2
  71 002e FFF7FEFF 		bl	LCD_Char_1_PrintInt8
  72              	.LVL7:
  31:.\main.c      ****         LCD_Char_1_Position(1,3);
  73              		.loc 1 31 0 discriminator 1
  74 0032 0120     		movs	r0, #1
  75 0034 0321     		movs	r1, #3
  76 0036 FFF7FEFF 		bl	LCD_Char_1_Position
  77              	.LVL8:
  32:.\main.c      ****         LCD_Char_1_PrintHexUint8(dato_recibido1);
  78              		.loc 1 32 0 discriminator 1
  79 003a 0C4B     		ldr	r3, .L4+8
  80 003c 1878     		ldrb	r0, [r3]	@ zero_extendqisi2
  81 003e FFF7FEFF 		bl	LCD_Char_1_PrintInt8
  82              	.LVL9:
ARM GAS  C:\Users\HENRYA~1\AppData\Local\Temp\ccHQK50M.s 			page 3


  33:.\main.c      ****         LCD_Char_1_Position(1,6);
  83              		.loc 1 33 0 discriminator 1
  84 0042 0120     		movs	r0, #1
  85 0044 0621     		movs	r1, #6
  86 0046 FFF7FEFF 		bl	LCD_Char_1_Position
  87              	.LVL10:
  34:.\main.c      ****         LCD_Char_1_PrintHexUint8(dato_recibido2);
  88              		.loc 1 34 0 discriminator 1
  89 004a 094B     		ldr	r3, .L4+12
  90 004c 1878     		ldrb	r0, [r3]	@ zero_extendqisi2
  91 004e FFF7FEFF 		bl	LCD_Char_1_PrintInt8
  92              	.LVL11:
  35:.\main.c      ****         LCD_Char_1_Position(1,9);
  93              		.loc 1 35 0 discriminator 1
  94 0052 0120     		movs	r0, #1
  95 0054 0921     		movs	r1, #9
  96 0056 FFF7FEFF 		bl	LCD_Char_1_Position
  97              	.LVL12:
  36:.\main.c      ****         LCD_Char_1_PrintHexUint8(dato_recibido3);        
  98              		.loc 1 36 0 discriminator 1
  99 005a 064B     		ldr	r3, .L4+16
 100 005c 1878     		ldrb	r0, [r3]	@ zero_extendqisi2
 101 005e FFF7FEFF 		bl	LCD_Char_1_PrintInt8
 102              	.LVL13:
  37:.\main.c      ****     }
 103              		.loc 1 37 0 discriminator 1
 104 0062 DAE7     		b	.L2
 105              	.L5:
 106              		.align	2
 107              	.L4:
 108 0064 00000000 		.word	.LC0
 109 0068 00000000 		.word	dato_recibido
 110 006c 00000000 		.word	dato_recibido1
 111 0070 00000000 		.word	dato_recibido2
 112 0074 00000000 		.word	dato_recibido3
 113              		.cfi_endproc
 114              	.LFE63:
 115              		.size	main, .-main
 116              		.comm	dato_recibido3,1,1
 117              		.comm	dato_recibido2,1,1
 118              		.comm	dato_recibido1,1,1
 119              		.comm	dato_recibido,1,1
 120              		.section	.rodata.str1.4,"aMS",%progbits,1
 121              		.align	2
 122              	.LC0:
 123 0000 52656369 		.ascii	"Recibiendo...\000"
 123      6269656E 
 123      646F2E2E 
 123      2E00
 124 000e 0000     		.text
 125              	.Letext0:
 126              		.file 2 "c:\\program files (x86)\\cypress\\psoc creator\\3.3\\psoc creator\\import\\gnu\\arm\\4.9.
 127              		.file 3 "c:\\program files (x86)\\cypress\\psoc creator\\3.3\\psoc creator\\import\\gnu\\arm\\4.9.
 128              		.file 4 "Generated_Source\\PSoC5/cytypes.h"
 129              		.file 5 "Generated_Source\\PSoC5/core_cm3.h"
 130              		.file 6 "Generated_Source\\PSoC5/LCD_Char_1.h"
 131              		.file 7 "Generated_Source\\PSoC5/RX_CAN.h"
ARM GAS  C:\Users\HENRYA~1\AppData\Local\Temp\ccHQK50M.s 			page 4


 132              		.section	.debug_info,"",%progbits
 133              	.Ldebug_info0:
 134 0000 59020000 		.4byte	0x259
 135 0004 0400     		.2byte	0x4
 136 0006 00000000 		.4byte	.Ldebug_abbrev0
 137 000a 04       		.byte	0x4
 138 000b 01       		.uleb128 0x1
 139 000c 0A010000 		.4byte	.LASF27
 140 0010 01       		.byte	0x1
 141 0011 45000000 		.4byte	.LASF28
 142 0015 D6000000 		.4byte	.LASF29
 143 0019 00000000 		.4byte	.Ldebug_ranges0+0
 144 001d 00000000 		.4byte	0
 145 0021 00000000 		.4byte	.Ldebug_line0
 146 0025 02       		.uleb128 0x2
 147 0026 01       		.byte	0x1
 148 0027 06       		.byte	0x6
 149 0028 4D020000 		.4byte	.LASF0
 150 002c 02       		.uleb128 0x2
 151 002d 01       		.byte	0x1
 152 002e 08       		.byte	0x8
 153 002f C1000000 		.4byte	.LASF1
 154 0033 02       		.uleb128 0x2
 155 0034 02       		.byte	0x2
 156 0035 05       		.byte	0x5
 157 0036 34020000 		.4byte	.LASF2
 158 003a 02       		.uleb128 0x2
 159 003b 02       		.byte	0x2
 160 003c 07       		.byte	0x7
 161 003d 94000000 		.4byte	.LASF3
 162 0041 03       		.uleb128 0x3
 163 0042 00000000 		.4byte	.LASF9
 164 0046 02       		.byte	0x2
 165 0047 3F       		.byte	0x3f
 166 0048 4C000000 		.4byte	0x4c
 167 004c 02       		.uleb128 0x2
 168 004d 04       		.byte	0x4
 169 004e 05       		.byte	0x5
 170 004f 44020000 		.4byte	.LASF4
 171 0053 02       		.uleb128 0x2
 172 0054 04       		.byte	0x4
 173 0055 07       		.byte	0x7
 174 0056 82000000 		.4byte	.LASF5
 175 005a 02       		.uleb128 0x2
 176 005b 08       		.byte	0x8
 177 005c 05       		.byte	0x5
 178 005d F8010000 		.4byte	.LASF6
 179 0061 02       		.uleb128 0x2
 180 0062 08       		.byte	0x8
 181 0063 07       		.byte	0x7
 182 0064 A5010000 		.4byte	.LASF7
 183 0068 04       		.uleb128 0x4
 184 0069 04       		.byte	0x4
 185 006a 05       		.byte	0x5
 186 006b 696E7400 		.ascii	"int\000"
 187 006f 02       		.uleb128 0x2
 188 0070 04       		.byte	0x4
ARM GAS  C:\Users\HENRYA~1\AppData\Local\Temp\ccHQK50M.s 			page 5


 189 0071 07       		.byte	0x7
 190 0072 98010000 		.4byte	.LASF8
 191 0076 03       		.uleb128 0x3
 192 0077 E2010000 		.4byte	.LASF10
 193 007b 03       		.byte	0x3
 194 007c 2C       		.byte	0x2c
 195 007d 41000000 		.4byte	0x41
 196 0081 05       		.uleb128 0x5
 197 0082 3E020000 		.4byte	.LASF11
 198 0086 04       		.byte	0x4
 199 0087 9201     		.2byte	0x192
 200 0089 2C000000 		.4byte	0x2c
 201 008d 02       		.uleb128 0x2
 202 008e 04       		.byte	0x4
 203 008f 04       		.byte	0x4
 204 0090 4E000000 		.4byte	.LASF12
 205 0094 02       		.uleb128 0x2
 206 0095 08       		.byte	0x8
 207 0096 04       		.byte	0x4
 208 0097 CF000000 		.4byte	.LASF13
 209 009b 05       		.uleb128 0x5
 210 009c 7C000000 		.4byte	.LASF14
 211 00a0 04       		.byte	0x4
 212 00a1 A301     		.2byte	0x1a3
 213 00a3 A7000000 		.4byte	0xa7
 214 00a7 02       		.uleb128 0x2
 215 00a8 01       		.byte	0x1
 216 00a9 08       		.byte	0x8
 217 00aa 06020000 		.4byte	.LASF15
 218 00ae 02       		.uleb128 0x2
 219 00af 04       		.byte	0x4
 220 00b0 07       		.byte	0x7
 221 00b1 EA010000 		.4byte	.LASF16
 222 00b5 06       		.uleb128 0x6
 223 00b6 F3010000 		.4byte	.LASF30
 224 00ba 01       		.byte	0x1
 225 00bb 12       		.byte	0x12
 226 00bc 68000000 		.4byte	0x68
 227 00c0 00000000 		.4byte	.LFB63
 228 00c4 78000000 		.4byte	.LFE63-.LFB63
 229 00c8 01       		.uleb128 0x1
 230 00c9 9C       		.byte	0x9c
 231 00ca A6010000 		.4byte	0x1a6
 232 00ce 07       		.uleb128 0x7
 233 00cf 08000000 		.4byte	.LVL0
 234 00d3 FB010000 		.4byte	0x1fb
 235 00d7 07       		.uleb128 0x7
 236 00d8 0C000000 		.4byte	.LVL1
 237 00dc 06020000 		.4byte	0x206
 238 00e0 08       		.uleb128 0x8
 239 00e1 14000000 		.4byte	.LVL2
 240 00e5 0D020000 		.4byte	0x20d
 241 00e9 F8000000 		.4byte	0xf8
 242 00ed 09       		.uleb128 0x9
 243 00ee 01       		.uleb128 0x1
 244 00ef 51       		.byte	0x51
 245 00f0 01       		.uleb128 0x1
ARM GAS  C:\Users\HENRYA~1\AppData\Local\Temp\ccHQK50M.s 			page 6


 246 00f1 30       		.byte	0x30
 247 00f2 09       		.uleb128 0x9
 248 00f3 01       		.uleb128 0x1
 249 00f4 50       		.byte	0x50
 250 00f5 01       		.uleb128 0x1
 251 00f6 30       		.byte	0x30
 252 00f7 00       		.byte	0
 253 00f8 08       		.uleb128 0x8
 254 00f9 1A000000 		.4byte	.LVL3
 255 00fd 23020000 		.4byte	0x223
 256 0101 0F010000 		.4byte	0x10f
 257 0105 09       		.uleb128 0x9
 258 0106 01       		.uleb128 0x1
 259 0107 50       		.byte	0x50
 260 0108 05       		.uleb128 0x5
 261 0109 03       		.byte	0x3
 262 010a 00000000 		.4byte	.LC0
 263 010e 00       		.byte	0
 264 010f 07       		.uleb128 0x7
 265 0110 1E000000 		.4byte	.LVL4
 266 0114 3F020000 		.4byte	0x23f
 267 0118 07       		.uleb128 0x7
 268 0119 22000000 		.4byte	.LVL5
 269 011d 47020000 		.4byte	0x247
 270 0121 08       		.uleb128 0x8
 271 0122 2A000000 		.4byte	.LVL6
 272 0126 0D020000 		.4byte	0x20d
 273 012a 39010000 		.4byte	0x139
 274 012e 09       		.uleb128 0x9
 275 012f 01       		.uleb128 0x1
 276 0130 51       		.byte	0x51
 277 0131 01       		.uleb128 0x1
 278 0132 30       		.byte	0x30
 279 0133 09       		.uleb128 0x9
 280 0134 01       		.uleb128 0x1
 281 0135 50       		.byte	0x50
 282 0136 01       		.uleb128 0x1
 283 0137 31       		.byte	0x31
 284 0138 00       		.byte	0
 285 0139 07       		.uleb128 0x7
 286 013a 32000000 		.4byte	.LVL7
 287 013e 4F020000 		.4byte	0x24f
 288 0142 08       		.uleb128 0x8
 289 0143 3A000000 		.4byte	.LVL8
 290 0147 0D020000 		.4byte	0x20d
 291 014b 5A010000 		.4byte	0x15a
 292 014f 09       		.uleb128 0x9
 293 0150 01       		.uleb128 0x1
 294 0151 51       		.byte	0x51
 295 0152 01       		.uleb128 0x1
 296 0153 33       		.byte	0x33
 297 0154 09       		.uleb128 0x9
 298 0155 01       		.uleb128 0x1
 299 0156 50       		.byte	0x50
 300 0157 01       		.uleb128 0x1
 301 0158 31       		.byte	0x31
 302 0159 00       		.byte	0
ARM GAS  C:\Users\HENRYA~1\AppData\Local\Temp\ccHQK50M.s 			page 7


 303 015a 07       		.uleb128 0x7
 304 015b 42000000 		.4byte	.LVL9
 305 015f 4F020000 		.4byte	0x24f
 306 0163 08       		.uleb128 0x8
 307 0164 4A000000 		.4byte	.LVL10
 308 0168 0D020000 		.4byte	0x20d
 309 016c 7B010000 		.4byte	0x17b
 310 0170 09       		.uleb128 0x9
 311 0171 01       		.uleb128 0x1
 312 0172 51       		.byte	0x51
 313 0173 01       		.uleb128 0x1
 314 0174 36       		.byte	0x36
 315 0175 09       		.uleb128 0x9
 316 0176 01       		.uleb128 0x1
 317 0177 50       		.byte	0x50
 318 0178 01       		.uleb128 0x1
 319 0179 31       		.byte	0x31
 320 017a 00       		.byte	0
 321 017b 07       		.uleb128 0x7
 322 017c 52000000 		.4byte	.LVL11
 323 0180 4F020000 		.4byte	0x24f
 324 0184 08       		.uleb128 0x8
 325 0185 5A000000 		.4byte	.LVL12
 326 0189 0D020000 		.4byte	0x20d
 327 018d 9C010000 		.4byte	0x19c
 328 0191 09       		.uleb128 0x9
 329 0192 01       		.uleb128 0x1
 330 0193 51       		.byte	0x51
 331 0194 01       		.uleb128 0x1
 332 0195 39       		.byte	0x39
 333 0196 09       		.uleb128 0x9
 334 0197 01       		.uleb128 0x1
 335 0198 50       		.byte	0x50
 336 0199 01       		.uleb128 0x1
 337 019a 31       		.byte	0x31
 338 019b 00       		.byte	0
 339 019c 07       		.uleb128 0x7
 340 019d 62000000 		.4byte	.LVL13
 341 01a1 4F020000 		.4byte	0x24f
 342 01a5 00       		.byte	0
 343 01a6 0A       		.uleb128 0xa
 344 01a7 A7000000 		.4byte	.LASF17
 345 01ab 05       		.byte	0x5
 346 01ac 9606     		.2byte	0x696
 347 01ae B2010000 		.4byte	0x1b2
 348 01b2 0B       		.uleb128 0xb
 349 01b3 76000000 		.4byte	0x76
 350 01b7 0C       		.uleb128 0xc
 351 01b8 37000000 		.4byte	.LASF18
 352 01bc 01       		.byte	0x1
 353 01bd 0D       		.byte	0xd
 354 01be 81000000 		.4byte	0x81
 355 01c2 05       		.uleb128 0x5
 356 01c3 03       		.byte	0x3
 357 01c4 00000000 		.4byte	dato_recibido
 358 01c8 0C       		.uleb128 0xc
 359 01c9 0A000000 		.4byte	.LASF19
ARM GAS  C:\Users\HENRYA~1\AppData\Local\Temp\ccHQK50M.s 			page 8


 360 01cd 01       		.byte	0x1
 361 01ce 0E       		.byte	0xe
 362 01cf 81000000 		.4byte	0x81
 363 01d3 05       		.uleb128 0x5
 364 01d4 03       		.byte	0x3
 365 01d5 00000000 		.4byte	dato_recibido1
 366 01d9 0C       		.uleb128 0xc
 367 01da 19000000 		.4byte	.LASF20
 368 01de 01       		.byte	0x1
 369 01df 0F       		.byte	0xf
 370 01e0 81000000 		.4byte	0x81
 371 01e4 05       		.uleb128 0x5
 372 01e5 03       		.byte	0x3
 373 01e6 00000000 		.4byte	dato_recibido2
 374 01ea 0C       		.uleb128 0xc
 375 01eb 28000000 		.4byte	.LASF21
 376 01ef 01       		.byte	0x1
 377 01f0 10       		.byte	0x10
 378 01f1 81000000 		.4byte	0x81
 379 01f5 05       		.uleb128 0x5
 380 01f6 03       		.byte	0x3
 381 01f7 00000000 		.4byte	dato_recibido3
 382 01fb 0D       		.uleb128 0xd
 383 01fc B4000000 		.4byte	.LASF31
 384 0200 07       		.byte	0x7
 385 0201 C5       		.byte	0xc5
 386 0202 81000000 		.4byte	0x81
 387 0206 0E       		.uleb128 0xe
 388 0207 54000000 		.4byte	.LASF24
 389 020b 06       		.byte	0x6
 390 020c 38       		.byte	0x38
 391 020d 0F       		.uleb128 0xf
 392 020e 0B020000 		.4byte	.LASF22
 393 0212 06       		.byte	0x6
 394 0213 3D       		.byte	0x3d
 395 0214 23020000 		.4byte	0x223
 396 0218 10       		.uleb128 0x10
 397 0219 81000000 		.4byte	0x81
 398 021d 10       		.uleb128 0x10
 399 021e 81000000 		.4byte	0x81
 400 0222 00       		.byte	0
 401 0223 0F       		.uleb128 0xf
 402 0224 65000000 		.4byte	.LASF23
 403 0228 06       		.byte	0x6
 404 0229 3C       		.byte	0x3c
 405 022a 34020000 		.4byte	0x234
 406 022e 10       		.uleb128 0x10
 407 022f 34020000 		.4byte	0x234
 408 0233 00       		.byte	0
 409 0234 11       		.uleb128 0x11
 410 0235 04       		.byte	0x4
 411 0236 3A020000 		.4byte	0x23a
 412 023a 12       		.uleb128 0x12
 413 023b 9B000000 		.4byte	0x9b
 414 023f 13       		.uleb128 0x13
 415 0240 BC010000 		.4byte	.LASF25
 416 0244 07       		.byte	0x7
ARM GAS  C:\Users\HENRYA~1\AppData\Local\Temp\ccHQK50M.s 			page 9


 417 0245 3501     		.2byte	0x135
 418 0247 13       		.uleb128 0x13
 419 0248 CF010000 		.4byte	.LASF26
 420 024c 07       		.byte	0x7
 421 024d 3E01     		.2byte	0x13e
 422 024f 14       		.uleb128 0x14
 423 0250 1F020000 		.4byte	.LASF32
 424 0254 06       		.byte	0x6
 425 0255 5D       		.byte	0x5d
 426 0256 10       		.uleb128 0x10
 427 0257 81000000 		.4byte	0x81
 428 025b 00       		.byte	0
 429 025c 00       		.byte	0
 430              		.section	.debug_abbrev,"",%progbits
 431              	.Ldebug_abbrev0:
 432 0000 01       		.uleb128 0x1
 433 0001 11       		.uleb128 0x11
 434 0002 01       		.byte	0x1
 435 0003 25       		.uleb128 0x25
 436 0004 0E       		.uleb128 0xe
 437 0005 13       		.uleb128 0x13
 438 0006 0B       		.uleb128 0xb
 439 0007 03       		.uleb128 0x3
 440 0008 0E       		.uleb128 0xe
 441 0009 1B       		.uleb128 0x1b
 442 000a 0E       		.uleb128 0xe
 443 000b 55       		.uleb128 0x55
 444 000c 17       		.uleb128 0x17
 445 000d 11       		.uleb128 0x11
 446 000e 01       		.uleb128 0x1
 447 000f 10       		.uleb128 0x10
 448 0010 17       		.uleb128 0x17
 449 0011 00       		.byte	0
 450 0012 00       		.byte	0
 451 0013 02       		.uleb128 0x2
 452 0014 24       		.uleb128 0x24
 453 0015 00       		.byte	0
 454 0016 0B       		.uleb128 0xb
 455 0017 0B       		.uleb128 0xb
 456 0018 3E       		.uleb128 0x3e
 457 0019 0B       		.uleb128 0xb
 458 001a 03       		.uleb128 0x3
 459 001b 0E       		.uleb128 0xe
 460 001c 00       		.byte	0
 461 001d 00       		.byte	0
 462 001e 03       		.uleb128 0x3
 463 001f 16       		.uleb128 0x16
 464 0020 00       		.byte	0
 465 0021 03       		.uleb128 0x3
 466 0022 0E       		.uleb128 0xe
 467 0023 3A       		.uleb128 0x3a
 468 0024 0B       		.uleb128 0xb
 469 0025 3B       		.uleb128 0x3b
 470 0026 0B       		.uleb128 0xb
 471 0027 49       		.uleb128 0x49
 472 0028 13       		.uleb128 0x13
 473 0029 00       		.byte	0
ARM GAS  C:\Users\HENRYA~1\AppData\Local\Temp\ccHQK50M.s 			page 10


 474 002a 00       		.byte	0
 475 002b 04       		.uleb128 0x4
 476 002c 24       		.uleb128 0x24
 477 002d 00       		.byte	0
 478 002e 0B       		.uleb128 0xb
 479 002f 0B       		.uleb128 0xb
 480 0030 3E       		.uleb128 0x3e
 481 0031 0B       		.uleb128 0xb
 482 0032 03       		.uleb128 0x3
 483 0033 08       		.uleb128 0x8
 484 0034 00       		.byte	0
 485 0035 00       		.byte	0
 486 0036 05       		.uleb128 0x5
 487 0037 16       		.uleb128 0x16
 488 0038 00       		.byte	0
 489 0039 03       		.uleb128 0x3
 490 003a 0E       		.uleb128 0xe
 491 003b 3A       		.uleb128 0x3a
 492 003c 0B       		.uleb128 0xb
 493 003d 3B       		.uleb128 0x3b
 494 003e 05       		.uleb128 0x5
 495 003f 49       		.uleb128 0x49
 496 0040 13       		.uleb128 0x13
 497 0041 00       		.byte	0
 498 0042 00       		.byte	0
 499 0043 06       		.uleb128 0x6
 500 0044 2E       		.uleb128 0x2e
 501 0045 01       		.byte	0x1
 502 0046 3F       		.uleb128 0x3f
 503 0047 19       		.uleb128 0x19
 504 0048 03       		.uleb128 0x3
 505 0049 0E       		.uleb128 0xe
 506 004a 3A       		.uleb128 0x3a
 507 004b 0B       		.uleb128 0xb
 508 004c 3B       		.uleb128 0x3b
 509 004d 0B       		.uleb128 0xb
 510 004e 49       		.uleb128 0x49
 511 004f 13       		.uleb128 0x13
 512 0050 11       		.uleb128 0x11
 513 0051 01       		.uleb128 0x1
 514 0052 12       		.uleb128 0x12
 515 0053 06       		.uleb128 0x6
 516 0054 40       		.uleb128 0x40
 517 0055 18       		.uleb128 0x18
 518 0056 9742     		.uleb128 0x2117
 519 0058 19       		.uleb128 0x19
 520 0059 01       		.uleb128 0x1
 521 005a 13       		.uleb128 0x13
 522 005b 00       		.byte	0
 523 005c 00       		.byte	0
 524 005d 07       		.uleb128 0x7
 525 005e 898201   		.uleb128 0x4109
 526 0061 00       		.byte	0
 527 0062 11       		.uleb128 0x11
 528 0063 01       		.uleb128 0x1
 529 0064 31       		.uleb128 0x31
 530 0065 13       		.uleb128 0x13
ARM GAS  C:\Users\HENRYA~1\AppData\Local\Temp\ccHQK50M.s 			page 11


 531 0066 00       		.byte	0
 532 0067 00       		.byte	0
 533 0068 08       		.uleb128 0x8
 534 0069 898201   		.uleb128 0x4109
 535 006c 01       		.byte	0x1
 536 006d 11       		.uleb128 0x11
 537 006e 01       		.uleb128 0x1
 538 006f 31       		.uleb128 0x31
 539 0070 13       		.uleb128 0x13
 540 0071 01       		.uleb128 0x1
 541 0072 13       		.uleb128 0x13
 542 0073 00       		.byte	0
 543 0074 00       		.byte	0
 544 0075 09       		.uleb128 0x9
 545 0076 8A8201   		.uleb128 0x410a
 546 0079 00       		.byte	0
 547 007a 02       		.uleb128 0x2
 548 007b 18       		.uleb128 0x18
 549 007c 9142     		.uleb128 0x2111
 550 007e 18       		.uleb128 0x18
 551 007f 00       		.byte	0
 552 0080 00       		.byte	0
 553 0081 0A       		.uleb128 0xa
 554 0082 34       		.uleb128 0x34
 555 0083 00       		.byte	0
 556 0084 03       		.uleb128 0x3
 557 0085 0E       		.uleb128 0xe
 558 0086 3A       		.uleb128 0x3a
 559 0087 0B       		.uleb128 0xb
 560 0088 3B       		.uleb128 0x3b
 561 0089 05       		.uleb128 0x5
 562 008a 49       		.uleb128 0x49
 563 008b 13       		.uleb128 0x13
 564 008c 3F       		.uleb128 0x3f
 565 008d 19       		.uleb128 0x19
 566 008e 3C       		.uleb128 0x3c
 567 008f 19       		.uleb128 0x19
 568 0090 00       		.byte	0
 569 0091 00       		.byte	0
 570 0092 0B       		.uleb128 0xb
 571 0093 35       		.uleb128 0x35
 572 0094 00       		.byte	0
 573 0095 49       		.uleb128 0x49
 574 0096 13       		.uleb128 0x13
 575 0097 00       		.byte	0
 576 0098 00       		.byte	0
 577 0099 0C       		.uleb128 0xc
 578 009a 34       		.uleb128 0x34
 579 009b 00       		.byte	0
 580 009c 03       		.uleb128 0x3
 581 009d 0E       		.uleb128 0xe
 582 009e 3A       		.uleb128 0x3a
 583 009f 0B       		.uleb128 0xb
 584 00a0 3B       		.uleb128 0x3b
 585 00a1 0B       		.uleb128 0xb
 586 00a2 49       		.uleb128 0x49
 587 00a3 13       		.uleb128 0x13
ARM GAS  C:\Users\HENRYA~1\AppData\Local\Temp\ccHQK50M.s 			page 12


 588 00a4 3F       		.uleb128 0x3f
 589 00a5 19       		.uleb128 0x19
 590 00a6 02       		.uleb128 0x2
 591 00a7 18       		.uleb128 0x18
 592 00a8 00       		.byte	0
 593 00a9 00       		.byte	0
 594 00aa 0D       		.uleb128 0xd
 595 00ab 2E       		.uleb128 0x2e
 596 00ac 00       		.byte	0
 597 00ad 3F       		.uleb128 0x3f
 598 00ae 19       		.uleb128 0x19
 599 00af 03       		.uleb128 0x3
 600 00b0 0E       		.uleb128 0xe
 601 00b1 3A       		.uleb128 0x3a
 602 00b2 0B       		.uleb128 0xb
 603 00b3 3B       		.uleb128 0x3b
 604 00b4 0B       		.uleb128 0xb
 605 00b5 27       		.uleb128 0x27
 606 00b6 19       		.uleb128 0x19
 607 00b7 49       		.uleb128 0x49
 608 00b8 13       		.uleb128 0x13
 609 00b9 3C       		.uleb128 0x3c
 610 00ba 19       		.uleb128 0x19
 611 00bb 00       		.byte	0
 612 00bc 00       		.byte	0
 613 00bd 0E       		.uleb128 0xe
 614 00be 2E       		.uleb128 0x2e
 615 00bf 00       		.byte	0
 616 00c0 3F       		.uleb128 0x3f
 617 00c1 19       		.uleb128 0x19
 618 00c2 03       		.uleb128 0x3
 619 00c3 0E       		.uleb128 0xe
 620 00c4 3A       		.uleb128 0x3a
 621 00c5 0B       		.uleb128 0xb
 622 00c6 3B       		.uleb128 0x3b
 623 00c7 0B       		.uleb128 0xb
 624 00c8 27       		.uleb128 0x27
 625 00c9 19       		.uleb128 0x19
 626 00ca 3C       		.uleb128 0x3c
 627 00cb 19       		.uleb128 0x19
 628 00cc 00       		.byte	0
 629 00cd 00       		.byte	0
 630 00ce 0F       		.uleb128 0xf
 631 00cf 2E       		.uleb128 0x2e
 632 00d0 01       		.byte	0x1
 633 00d1 3F       		.uleb128 0x3f
 634 00d2 19       		.uleb128 0x19
 635 00d3 03       		.uleb128 0x3
 636 00d4 0E       		.uleb128 0xe
 637 00d5 3A       		.uleb128 0x3a
 638 00d6 0B       		.uleb128 0xb
 639 00d7 3B       		.uleb128 0x3b
 640 00d8 0B       		.uleb128 0xb
 641 00d9 27       		.uleb128 0x27
 642 00da 19       		.uleb128 0x19
 643 00db 3C       		.uleb128 0x3c
 644 00dc 19       		.uleb128 0x19
ARM GAS  C:\Users\HENRYA~1\AppData\Local\Temp\ccHQK50M.s 			page 13


 645 00dd 01       		.uleb128 0x1
 646 00de 13       		.uleb128 0x13
 647 00df 00       		.byte	0
 648 00e0 00       		.byte	0
 649 00e1 10       		.uleb128 0x10
 650 00e2 05       		.uleb128 0x5
 651 00e3 00       		.byte	0
 652 00e4 49       		.uleb128 0x49
 653 00e5 13       		.uleb128 0x13
 654 00e6 00       		.byte	0
 655 00e7 00       		.byte	0
 656 00e8 11       		.uleb128 0x11
 657 00e9 0F       		.uleb128 0xf
 658 00ea 00       		.byte	0
 659 00eb 0B       		.uleb128 0xb
 660 00ec 0B       		.uleb128 0xb
 661 00ed 49       		.uleb128 0x49
 662 00ee 13       		.uleb128 0x13
 663 00ef 00       		.byte	0
 664 00f0 00       		.byte	0
 665 00f1 12       		.uleb128 0x12
 666 00f2 26       		.uleb128 0x26
 667 00f3 00       		.byte	0
 668 00f4 49       		.uleb128 0x49
 669 00f5 13       		.uleb128 0x13
 670 00f6 00       		.byte	0
 671 00f7 00       		.byte	0
 672 00f8 13       		.uleb128 0x13
 673 00f9 2E       		.uleb128 0x2e
 674 00fa 00       		.byte	0
 675 00fb 3F       		.uleb128 0x3f
 676 00fc 19       		.uleb128 0x19
 677 00fd 03       		.uleb128 0x3
 678 00fe 0E       		.uleb128 0xe
 679 00ff 3A       		.uleb128 0x3a
 680 0100 0B       		.uleb128 0xb
 681 0101 3B       		.uleb128 0x3b
 682 0102 05       		.uleb128 0x5
 683 0103 27       		.uleb128 0x27
 684 0104 19       		.uleb128 0x19
 685 0105 3C       		.uleb128 0x3c
 686 0106 19       		.uleb128 0x19
 687 0107 00       		.byte	0
 688 0108 00       		.byte	0
 689 0109 14       		.uleb128 0x14
 690 010a 2E       		.uleb128 0x2e
 691 010b 01       		.byte	0x1
 692 010c 3F       		.uleb128 0x3f
 693 010d 19       		.uleb128 0x19
 694 010e 03       		.uleb128 0x3
 695 010f 0E       		.uleb128 0xe
 696 0110 3A       		.uleb128 0x3a
 697 0111 0B       		.uleb128 0xb
 698 0112 3B       		.uleb128 0x3b
 699 0113 0B       		.uleb128 0xb
 700 0114 27       		.uleb128 0x27
 701 0115 19       		.uleb128 0x19
ARM GAS  C:\Users\HENRYA~1\AppData\Local\Temp\ccHQK50M.s 			page 14


 702 0116 3C       		.uleb128 0x3c
 703 0117 19       		.uleb128 0x19
 704 0118 00       		.byte	0
 705 0119 00       		.byte	0
 706 011a 00       		.byte	0
 707              		.section	.debug_aranges,"",%progbits
 708 0000 1C000000 		.4byte	0x1c
 709 0004 0200     		.2byte	0x2
 710 0006 00000000 		.4byte	.Ldebug_info0
 711 000a 04       		.byte	0x4
 712 000b 00       		.byte	0
 713 000c 0000     		.2byte	0
 714 000e 0000     		.2byte	0
 715 0010 00000000 		.4byte	.LFB63
 716 0014 78000000 		.4byte	.LFE63-.LFB63
 717 0018 00000000 		.4byte	0
 718 001c 00000000 		.4byte	0
 719              		.section	.debug_ranges,"",%progbits
 720              	.Ldebug_ranges0:
 721 0000 00000000 		.4byte	.LFB63
 722 0004 78000000 		.4byte	.LFE63
 723 0008 00000000 		.4byte	0
 724 000c 00000000 		.4byte	0
 725              		.section	.debug_line,"",%progbits
 726              	.Ldebug_line0:
 727 0000 B6010000 		.section	.debug_str,"MS",%progbits,1
 727      02006501 
 727      00000201 
 727      FB0E0D00 
 727      01010101 
 728              	.LASF9:
 729 0000 5F5F696E 		.ascii	"__int32_t\000"
 729      7433325F 
 729      7400
 730              	.LASF19:
 731 000a 6461746F 		.ascii	"dato_recibido1\000"
 731      5F726563 
 731      69626964 
 731      6F3100
 732              	.LASF20:
 733 0019 6461746F 		.ascii	"dato_recibido2\000"
 733      5F726563 
 733      69626964 
 733      6F3200
 734              	.LASF21:
 735 0028 6461746F 		.ascii	"dato_recibido3\000"
 735      5F726563 
 735      69626964 
 735      6F3300
 736              	.LASF18:
 737 0037 6461746F 		.ascii	"dato_recibido\000"
 737      5F726563 
 737      69626964 
 737      6F00
 738              	.LASF28:
 739 0045 2E5C6D61 		.ascii	".\\main.c\000"
 739      696E2E63 
ARM GAS  C:\Users\HENRYA~1\AppData\Local\Temp\ccHQK50M.s 			page 15


 739      00
 740              	.LASF12:
 741 004e 666C6F61 		.ascii	"float\000"
 741      7400
 742              	.LASF24:
 743 0054 4C43445F 		.ascii	"LCD_Char_1_Start\000"
 743      43686172 
 743      5F315F53 
 743      74617274 
 743      00
 744              	.LASF23:
 745 0065 4C43445F 		.ascii	"LCD_Char_1_PrintString\000"
 745      43686172 
 745      5F315F50 
 745      72696E74 
 745      53747269 
 746              	.LASF14:
 747 007c 63686172 		.ascii	"char8\000"
 747      3800
 748              	.LASF5:
 749 0082 6C6F6E67 		.ascii	"long unsigned int\000"
 749      20756E73 
 749      69676E65 
 749      6420696E 
 749      7400
 750              	.LASF3:
 751 0094 73686F72 		.ascii	"short unsigned int\000"
 751      7420756E 
 751      7369676E 
 751      65642069 
 751      6E7400
 752              	.LASF17:
 753 00a7 49544D5F 		.ascii	"ITM_RxBuffer\000"
 753      52784275 
 753      66666572 
 753      00
 754              	.LASF31:
 755 00b4 52585F43 		.ascii	"RX_CAN_Start\000"
 755      414E5F53 
 755      74617274 
 755      00
 756              	.LASF1:
 757 00c1 756E7369 		.ascii	"unsigned char\000"
 757      676E6564 
 757      20636861 
 757      7200
 758              	.LASF13:
 759 00cf 646F7562 		.ascii	"double\000"
 759      6C6500
 760              	.LASF29:
 761 00d6 433A5C55 		.ascii	"C:\\Users\\Henry Alberto\\Desktop\\SPI\\CAN_NODO_2."
 761      73657273 
 761      5C48656E 
 761      72792041 
 761      6C626572 
 762 0104 63796473 		.ascii	"cydsn\000"
 762      6E00
ARM GAS  C:\Users\HENRYA~1\AppData\Local\Temp\ccHQK50M.s 			page 16


 763              	.LASF27:
 764 010a 474E5520 		.ascii	"GNU C 4.9.3 20150303 (release) [ARM/embedded-4_9-br"
 764      4320342E 
 764      392E3320 
 764      32303135 
 764      30333033 
 765 013d 616E6368 		.ascii	"anch revision 221220] -mcpu=cortex-m3 -mthumb -g -O"
 765      20726576 
 765      6973696F 
 765      6E203232 
 765      31323230 
 766 0170 67202D66 		.ascii	"g -ffunction-sections -ffat-lto-objects\000"
 766      66756E63 
 766      74696F6E 
 766      2D736563 
 766      74696F6E 
 767              	.LASF8:
 768 0198 756E7369 		.ascii	"unsigned int\000"
 768      676E6564 
 768      20696E74 
 768      00
 769              	.LASF7:
 770 01a5 6C6F6E67 		.ascii	"long long unsigned int\000"
 770      206C6F6E 
 770      6720756E 
 770      7369676E 
 770      65642069 
 771              	.LASF25:
 772 01bc 52585F43 		.ascii	"RX_CAN_ReceiveMsg0\000"
 772      414E5F52 
 772      65636569 
 772      76654D73 
 772      673000
 773              	.LASF26:
 774 01cf 52585F43 		.ascii	"RX_CAN_ReceiveMsg3\000"
 774      414E5F52 
 774      65636569 
 774      76654D73 
 774      673300
 775              	.LASF10:
 776 01e2 696E7433 		.ascii	"int32_t\000"
 776      325F7400 
 777              	.LASF16:
 778 01ea 73697A65 		.ascii	"sizetype\000"
 778      74797065 
 778      00
 779              	.LASF30:
 780 01f3 6D61696E 		.ascii	"main\000"
 780      00
 781              	.LASF6:
 782 01f8 6C6F6E67 		.ascii	"long long int\000"
 782      206C6F6E 
 782      6720696E 
 782      7400
 783              	.LASF15:
 784 0206 63686172 		.ascii	"char\000"
 784      00
ARM GAS  C:\Users\HENRYA~1\AppData\Local\Temp\ccHQK50M.s 			page 17


 785              	.LASF22:
 786 020b 4C43445F 		.ascii	"LCD_Char_1_Position\000"
 786      43686172 
 786      5F315F50 
 786      6F736974 
 786      696F6E00 
 787              	.LASF32:
 788 021f 4C43445F 		.ascii	"LCD_Char_1_PrintInt8\000"
 788      43686172 
 788      5F315F50 
 788      72696E74 
 788      496E7438 
 789              	.LASF2:
 790 0234 73686F72 		.ascii	"short int\000"
 790      7420696E 
 790      7400
 791              	.LASF11:
 792 023e 75696E74 		.ascii	"uint8\000"
 792      3800
 793              	.LASF4:
 794 0244 6C6F6E67 		.ascii	"long int\000"
 794      20696E74 
 794      00
 795              	.LASF0:
 796 024d 7369676E 		.ascii	"signed char\000"
 796      65642063 
 796      68617200 
 797              		.ident	"GCC: (GNU Tools for ARM Embedded Processors) 4.9.3 20150303 (release) [ARM/embedded-4_9-br
