ARM GAS  C:\Users\HENRYA~1\AppData\Local\Temp\cc8ITEh6.s 			page 1


   1              		.syntax unified
   2              		.cpu cortex-m3
   3              		.fpu softvfp
   4              		.eabi_attribute 20, 1
   5              		.eabi_attribute 21, 1
   6              		.eabi_attribute 23, 3
   7              		.eabi_attribute 24, 1
   8              		.eabi_attribute 25, 1
   9              		.eabi_attribute 26, 1
  10              		.eabi_attribute 30, 1
  11              		.eabi_attribute 34, 1
  12              		.eabi_attribute 18, 4
  13              		.thumb
  14              		.file	"cymetadata.c"
  15              		.text
  16              	.Ltext0:
  17              		.cfi_sections	.debug_frame
  18              		.global	cy_metadata
  19              		.global	cy_meta_flashprotect
  20              		.global	cy_meta_wonvl
  21              		.global	cy_meta_custnvl
  22              		.global	cy_meta_configecc
  23              		.section	.cyconfigecc,"a",%progbits
  24              		.align	2
  25              		.type	cy_meta_configecc, %object
  26              		.size	cy_meta_configecc, 920
  27              	cy_meta_configecc:
  28 0000 02       		.byte	2
  29 0001 52       		.byte	82
  30 0002 00       		.byte	0
  31 0003 40       		.byte	64
  32 0004 01       		.byte	1
  33 0005 64       		.byte	100
  34 0006 00       		.byte	0
  35 0007 40       		.byte	64
  36 0008 01       		.byte	1
  37 0009 65       		.byte	101
  38 000a 00       		.byte	0
  39 000b 40       		.byte	64
  40 000c 08       		.byte	8
  41 000d 06       		.byte	6
  42 000e 01       		.byte	1
  43 000f 40       		.byte	64
  44 0010 36       		.byte	54
  45 0011 07       		.byte	7
  46 0012 01       		.byte	1
  47 0013 40       		.byte	64
  48 0014 4A       		.byte	74
  49 0015 14       		.byte	20
  50 0016 01       		.byte	1
  51 0017 40       		.byte	64
  52 0018 48       		.byte	72
  53 0019 15       		.byte	21
  54 001a 01       		.byte	1
  55 001b 40       		.byte	64
  56 001c 4E       		.byte	78
  57 001d 16       		.byte	22
ARM GAS  C:\Users\HENRYA~1\AppData\Local\Temp\cc8ITEh6.s 			page 2


  58 001e 01       		.byte	1
  59 001f 40       		.byte	64
  60 0020 3F       		.byte	63
  61 0021 17       		.byte	23
  62 0022 01       		.byte	1
  63 0023 40       		.byte	64
  64 0024 07       		.byte	7
  65 0025 49       		.byte	73
  66 0026 01       		.byte	1
  67 0027 40       		.byte	64
  68 0028 04       		.byte	4
  69 0029 50       		.byte	80
  70 002a 01       		.byte	1
  71 002b 40       		.byte	64
  72 002c 19       		.byte	25
  73 002d 20       		.byte	32
  74 002e 1C       		.byte	28
  75 002f 80       		.byte	-128
  76 0030 87       		.byte	-121
  77 0031 72       		.byte	114
  78 0032 85       		.byte	-123
  79 0033 3B       		.byte	59
  80 0034 02       		.byte	2
  81 0035 01       		.byte	1
  82 0036 16       		.byte	22
  83 0037 01       		.byte	1
  84 0038 30       		.byte	48
  85 0039 01       		.byte	1
  86 003a 3E       		.byte	62
  87 003b 01       		.byte	1
  88 003c 52       		.byte	82
  89 003d 03       		.byte	3
  90 003e 58       		.byte	88
  91 003f 04       		.byte	4
  92 0040 5B       		.byte	91
  93 0041 04       		.byte	4
  94 0042 5F       		.byte	95
  95 0043 01       		.byte	1
  96 0044 01       		.byte	1
  97 0045 40       		.byte	64
  98 0046 02       		.byte	2
  99 0047 40       		.byte	64
 100 0048 03       		.byte	3
 101 0049 28       		.byte	40
 102 004a 04       		.byte	4
 103 004b 02       		.byte	2
 104 004c 08       		.byte	8
 105 004d 01       		.byte	1
 106 004e 09       		.byte	9
 107 004f 40       		.byte	64
 108 0050 0B       		.byte	11
 109 0051 14       		.byte	20
 110 0052 0E       		.byte	14
 111 0053 20       		.byte	32
 112 0054 11       		.byte	17
 113 0055 10       		.byte	16
 114 0056 12       		.byte	18
ARM GAS  C:\Users\HENRYA~1\AppData\Local\Temp\cc8ITEh6.s 			page 3


 115 0057 84       		.byte	-124
 116 0058 13       		.byte	19
 117 0059 88       		.byte	-120
 118 005a 1A       		.byte	26
 119 005b 20       		.byte	32
 120 005c 1F       		.byte	31
 121 005d 01       		.byte	1
 122 005e 20       		.byte	32
 123 005f 04       		.byte	4
 124 0060 22       		.byte	34
 125 0061 24       		.byte	36
 126 0062 23       		.byte	35
 127 0063 04       		.byte	4
 128 0064 28       		.byte	40
 129 0065 01       		.byte	1
 130 0066 29       		.byte	41
 131 0067 94       		.byte	-108
 132 0068 2A       		.byte	42
 133 0069 02       		.byte	2
 134 006a 31       		.byte	49
 135 006b 02       		.byte	2
 136 006c 32       		.byte	50
 137 006d A8       		.byte	-88
 138 006e 38       		.byte	56
 139 006f 20       		.byte	32
 140 0070 39       		.byte	57
 141 0071 40       		.byte	64
 142 0072 3A       		.byte	58
 143 0073 01       		.byte	1
 144 0074 3B       		.byte	59
 145 0075 08       		.byte	8
 146 0076 40       		.byte	64
 147 0077 25       		.byte	37
 148 0078 43       		.byte	67
 149 0079 01       		.byte	1
 150 007a 45       		.byte	69
 151 007b 40       		.byte	64
 152 007c 46       		.byte	70
 153 007d 02       		.byte	2
 154 007e 49       		.byte	73
 155 007f 81       		.byte	-127
 156 0080 4A       		.byte	74
 157 0081 10       		.byte	16
 158 0082 51       		.byte	81
 159 0083 11       		.byte	17
 160 0084 53       		.byte	83
 161 0085 08       		.byte	8
 162 0086 5A       		.byte	90
 163 0087 08       		.byte	8
 164 0088 68       		.byte	104
 165 0089 08       		.byte	8
 166 008a 69       		.byte	105
 167 008b 01       		.byte	1
 168 008c 6A       		.byte	106
 169 008d 44       		.byte	68
 170 008e 6B       		.byte	107
 171 008f 90       		.byte	-112
ARM GAS  C:\Users\HENRYA~1\AppData\Local\Temp\cc8ITEh6.s 			page 4


 172 0090 6D       		.byte	109
 173 0091 50       		.byte	80
 174 0092 71       		.byte	113
 175 0093 04       		.byte	4
 176 0094 72       		.byte	114
 177 0095 02       		.byte	2
 178 0096 73       		.byte	115
 179 0097 18       		.byte	24
 180 0098 80       		.byte	-128
 181 0099 21       		.byte	33
 182 009a 82       		.byte	-126
 183 009b 01       		.byte	1
 184 009c 83       		.byte	-125
 185 009d 08       		.byte	8
 186 009e C0       		.byte	-64
 187 009f 1F       		.byte	31
 188 00a0 C2       		.byte	-62
 189 00a1 2F       		.byte	47
 190 00a2 C4       		.byte	-60
 191 00a3 0F       		.byte	15
 192 00a4 CA       		.byte	-54
 193 00a5 0F       		.byte	15
 194 00a6 CC       		.byte	-52
 195 00a7 0F       		.byte	15
 196 00a8 CE       		.byte	-50
 197 00a9 0F       		.byte	15
 198 00aa D0       		.byte	-48
 199 00ab 0F       		.byte	15
 200 00ac D2       		.byte	-46
 201 00ad 08       		.byte	8
 202 00ae D6       		.byte	-42
 203 00af 02       		.byte	2
 204 00b0 00       		.byte	0
 205 00b1 5B       		.byte	91
 206 00b2 02       		.byte	2
 207 00b3 20       		.byte	32
 208 00b4 05       		.byte	5
 209 00b5 04       		.byte	4
 210 00b6 06       		.byte	6
 211 00b7 72       		.byte	114
 212 00b8 07       		.byte	7
 213 00b9 12       		.byte	18
 214 00ba 09       		.byte	9
 215 00bb 08       		.byte	8
 216 00bc 0B       		.byte	11
 217 00bd 02       		.byte	2
 218 00be 0C       		.byte	12
 219 00bf 80       		.byte	-128
 220 00c0 0E       		.byte	14
 221 00c1 04       		.byte	4
 222 00c2 10       		.byte	16
 223 00c3 18       		.byte	24
 224 00c4 11       		.byte	17
 225 00c5 0C       		.byte	12
 226 00c6 12       		.byte	18
 227 00c7 40       		.byte	64
 228 00c8 13       		.byte	19
ARM GAS  C:\Users\HENRYA~1\AppData\Local\Temp\cc8ITEh6.s 			page 5


 229 00c9 01       		.byte	1
 230 00ca 14       		.byte	20
 231 00cb 07       		.byte	7
 232 00cc 17       		.byte	23
 233 00cd 0C       		.byte	12
 234 00ce 1C       		.byte	28
 235 00cf 38       		.byte	56
 236 00d0 1E       		.byte	30
 237 00d1 43       		.byte	67
 238 00d2 1F       		.byte	31
 239 00d3 0C       		.byte	12
 240 00d4 24       		.byte	36
 241 00d5 39       		.byte	57
 242 00d6 26       		.byte	38
 243 00d7 40       		.byte	64
 244 00d8 27       		.byte	39
 245 00d9 0C       		.byte	12
 246 00da 28       		.byte	40
 247 00db 2B       		.byte	43
 248 00dc 29       		.byte	41
 249 00dd 0C       		.byte	12
 250 00de 2A       		.byte	42
 251 00df 40       		.byte	64
 252 00e0 2D       		.byte	45
 253 00e1 0C       		.byte	12
 254 00e2 2E       		.byte	46
 255 00e3 7B       		.byte	123
 256 00e4 30       		.byte	48
 257 00e5 07       		.byte	7
 258 00e6 31       		.byte	49
 259 00e7 0C       		.byte	12
 260 00e8 33       		.byte	51
 261 00e9 10       		.byte	16
 262 00ea 34       		.byte	52
 263 00eb 80       		.byte	-128
 264 00ec 36       		.byte	54
 265 00ed 78       		.byte	120
 266 00ee 37       		.byte	55
 267 00ef 03       		.byte	3
 268 00f0 3A       		.byte	58
 269 00f1 80       		.byte	-128
 270 00f2 3E       		.byte	62
 271 00f3 10       		.byte	16
 272 00f4 3F       		.byte	63
 273 00f5 40       		.byte	64
 274 00f6 58       		.byte	88
 275 00f7 04       		.byte	4
 276 00f8 59       		.byte	89
 277 00f9 04       		.byte	4
 278 00fa 5F       		.byte	95
 279 00fb 01       		.byte	1
 280 00fc 84       		.byte	-124
 281 00fd 10       		.byte	16
 282 00fe 85       		.byte	-123
 283 00ff 08       		.byte	8
 284 0100 86       		.byte	-122
 285 0101 08       		.byte	8
ARM GAS  C:\Users\HENRYA~1\AppData\Local\Temp\cc8ITEh6.s 			page 6


 286 0102 87       		.byte	-121
 287 0103 44       		.byte	68
 288 0104 8D       		.byte	-115
 289 0105 01       		.byte	1
 290 0106 8F       		.byte	-113
 291 0107 FE       		.byte	-2
 292 0108 93       		.byte	-109
 293 0109 C0       		.byte	-64
 294 010a 95       		.byte	-107
 295 010b 20       		.byte	32
 296 010c 96       		.byte	-106
 297 010d 01       		.byte	1
 298 010e 97       		.byte	-105
 299 010f 44       		.byte	68
 300 0110 99       		.byte	-103
 301 0111 3E       		.byte	62
 302 0112 9D       		.byte	-99
 303 0113 44       		.byte	68
 304 0114 9F       		.byte	-97
 305 0115 10       		.byte	16
 306 0116 A1       		.byte	-95
 307 0117 02       		.byte	2
 308 0118 A2       		.byte	-94
 309 0119 01       		.byte	1
 310 011a A3       		.byte	-93
 311 011b 44       		.byte	68
 312 011c A7       		.byte	-89
 313 011d 41       		.byte	65
 314 011e A8       		.byte	-88
 315 011f 02       		.byte	2
 316 0120 A9       		.byte	-87
 317 0121 3E       		.byte	62
 318 0122 AC       		.byte	-84
 319 0123 09       		.byte	9
 320 0124 AD       		.byte	-83
 321 0125 3A       		.byte	58
 322 0126 AE       		.byte	-82
 323 0127 16       		.byte	22
 324 0128 AF       		.byte	-81
 325 0129 04       		.byte	4
 326 012a B1       		.byte	-79
 327 012b 40       		.byte	64
 328 012c B2       		.byte	-78
 329 012d 03       		.byte	3
 330 012e B3       		.byte	-77
 331 012f 80       		.byte	-128
 332 0130 B4       		.byte	-76
 333 0131 04       		.byte	4
 334 0132 B6       		.byte	-74
 335 0133 18       		.byte	24
 336 0134 B7       		.byte	-73
 337 0135 3F       		.byte	63
 338 0136 BE       		.byte	-66
 339 0137 44       		.byte	68
 340 0138 BF       		.byte	-65
 341 0139 45       		.byte	69
 342 013a D4       		.byte	-44
ARM GAS  C:\Users\HENRYA~1\AppData\Local\Temp\cc8ITEh6.s 			page 7


 343 013b 1B       		.byte	27
 344 013c D8       		.byte	-40
 345 013d 04       		.byte	4
 346 013e D9       		.byte	-39
 347 013f 04       		.byte	4
 348 0140 DB       		.byte	-37
 349 0141 04       		.byte	4
 350 0142 DF       		.byte	-33
 351 0143 05       		.byte	5
 352 0144 02       		.byte	2
 353 0145 80       		.byte	-128
 354 0146 03       		.byte	3
 355 0147 22       		.byte	34
 356 0148 04       		.byte	4
 357 0149 04       		.byte	4
 358 014a 08       		.byte	8
 359 014b 01       		.byte	1
 360 014c 0A       		.byte	10
 361 014d 21       		.byte	33
 362 014e 0D       		.byte	13
 363 014f 08       		.byte	8
 364 0150 11       		.byte	17
 365 0151 40       		.byte	64
 366 0152 12       		.byte	18
 367 0153 08       		.byte	8
 368 0154 13       		.byte	19
 369 0155 04       		.byte	4
 370 0156 15       		.byte	21
 371 0157 62       		.byte	98
 372 0158 19       		.byte	25
 373 0159 90       		.byte	-112
 374 015a 1A       		.byte	26
 375 015b 01       		.byte	1
 376 015c 1B       		.byte	27
 377 015d 02       		.byte	2
 378 015e 1C       		.byte	28
 379 015f 04       		.byte	4
 380 0160 1F       		.byte	31
 381 0161 88       		.byte	-120
 382 0162 20       		.byte	32
 383 0163 01       		.byte	1
 384 0164 22       		.byte	34
 385 0165 06       		.byte	6
 386 0166 27       		.byte	39
 387 0167 A1       		.byte	-95
 388 0168 29       		.byte	41
 389 0169 80       		.byte	-128
 390 016a 2B       		.byte	43
 391 016b 24       		.byte	36
 392 016c 2C       		.byte	44
 393 016d 08       		.byte	8
 394 016e 2E       		.byte	46
 395 016f 41       		.byte	65
 396 0170 2F       		.byte	47
 397 0171 20       		.byte	32
 398 0172 31       		.byte	49
 399 0173 02       		.byte	2
ARM GAS  C:\Users\HENRYA~1\AppData\Local\Temp\cc8ITEh6.s 			page 8


 400 0174 32       		.byte	50
 401 0175 88       		.byte	-120
 402 0176 34       		.byte	52
 403 0177 01       		.byte	1
 404 0178 35       		.byte	53
 405 0179 01       		.byte	1
 406 017a 36       		.byte	54
 407 017b 88       		.byte	-120
 408 017c 37       		.byte	55
 409 017d 10       		.byte	16
 410 017e 38       		.byte	56
 411 017f 20       		.byte	32
 412 0180 3B       		.byte	59
 413 0181 08       		.byte	8
 414 0182 3D       		.byte	61
 415 0183 40       		.byte	64
 416 0184 3F       		.byte	63
 417 0185 0C       		.byte	12
 418 0186 42       		.byte	66
 419 0187 20       		.byte	32
 420 0188 43       		.byte	67
 421 0189 08       		.byte	8
 422 018a 4A       		.byte	74
 423 018b 03       		.byte	3
 424 018c 5E       		.byte	94
 425 018d 02       		.byte	2
 426 018e 5F       		.byte	95
 427 018f A0       		.byte	-96
 428 0190 66       		.byte	102
 429 0191 20       		.byte	32
 430 0192 67       		.byte	103
 431 0193 02       		.byte	2
 432 0194 7F       		.byte	127
 433 0195 80       		.byte	-128
 434 0196 84       		.byte	-124
 435 0197 01       		.byte	1
 436 0198 86       		.byte	-122
 437 0199 02       		.byte	2
 438 019a 87       		.byte	-121
 439 019b 04       		.byte	4
 440 019c 8D       		.byte	-115
 441 019d 10       		.byte	16
 442 019e 90       		.byte	-112
 443 019f 20       		.byte	32
 444 01a0 91       		.byte	-111
 445 01a1 62       		.byte	98
 446 01a2 92       		.byte	-110
 447 01a3 60       		.byte	96
 448 01a4 93       		.byte	-109
 449 01a5 06       		.byte	6
 450 01a6 94       		.byte	-108
 451 01a7 01       		.byte	1
 452 01a8 96       		.byte	-106
 453 01a9 09       		.byte	9
 454 01aa 97       		.byte	-105
 455 01ab 08       		.byte	8
 456 01ac 99       		.byte	-103
ARM GAS  C:\Users\HENRYA~1\AppData\Local\Temp\cc8ITEh6.s 			page 9


 457 01ad 01       		.byte	1
 458 01ae 9B       		.byte	-101
 459 01af 10       		.byte	16
 460 01b0 9D       		.byte	-99
 461 01b1 80       		.byte	-128
 462 01b2 9E       		.byte	-98
 463 01b3 02       		.byte	2
 464 01b4 9F       		.byte	-97
 465 01b5 01       		.byte	1
 466 01b6 A0       		.byte	-96
 467 01b7 08       		.byte	8
 468 01b8 A1       		.byte	-95
 469 01b9 0A       		.byte	10
 470 01ba A2       		.byte	-94
 471 01bb 88       		.byte	-120
 472 01bc A3       		.byte	-93
 473 01bd 20       		.byte	32
 474 01be A4       		.byte	-92
 475 01bf 01       		.byte	1
 476 01c0 C0       		.byte	-64
 477 01c1 2D       		.byte	45
 478 01c2 C2       		.byte	-62
 479 01c3 2D       		.byte	45
 480 01c4 C4       		.byte	-60
 481 01c5 D7       		.byte	-41
 482 01c6 CA       		.byte	-54
 483 01c7 FE       		.byte	-2
 484 01c8 CC       		.byte	-52
 485 01c9 FB       		.byte	-5
 486 01ca CE       		.byte	-50
 487 01cb 56       		.byte	86
 488 01cc D6       		.byte	-42
 489 01cd B0       		.byte	-80
 490 01ce D8       		.byte	-40
 491 01cf 30       		.byte	48
 492 01d0 DE       		.byte	-34
 493 01d1 80       		.byte	-128
 494 01d2 E2       		.byte	-30
 495 01d3 40       		.byte	64
 496 01d4 00       		.byte	0
 497 01d5 20       		.byte	32
 498 01d6 01       		.byte	1
 499 01d7 18       		.byte	24
 500 01d8 02       		.byte	2
 501 01d9 42       		.byte	66
 502 01da 03       		.byte	3
 503 01db 20       		.byte	32
 504 01dc 04       		.byte	4
 505 01dd 3F       		.byte	63
 506 01de 07       		.byte	7
 507 01df 01       		.byte	1
 508 01e0 0C       		.byte	12
 509 01e1 01       		.byte	1
 510 01e2 0E       		.byte	14
 511 01e3 02       		.byte	2
 512 01e4 0F       		.byte	15
 513 01e5 01       		.byte	1
ARM GAS  C:\Users\HENRYA~1\AppData\Local\Temp\cc8ITEh6.s 			page 10


 514 01e6 10       		.byte	16
 515 01e7 3D       		.byte	61
 516 01e8 11       		.byte	17
 517 01e9 01       		.byte	1
 518 01ea 12       		.byte	18
 519 01eb 02       		.byte	2
 520 01ec 17       		.byte	23
 521 01ed 01       		.byte	1
 522 01ee 18       		.byte	24
 523 01ef 48       		.byte	72
 524 01f0 19       		.byte	25
 525 01f1 50       		.byte	80
 526 01f2 1A       		.byte	26
 527 01f3 02       		.byte	2
 528 01f4 1B       		.byte	27
 529 01f5 A0       		.byte	-96
 530 01f6 1C       		.byte	28
 531 01f7 44       		.byte	68
 532 01f8 1D       		.byte	29
 533 01f9 01       		.byte	1
 534 01fa 1E       		.byte	30
 535 01fb 02       		.byte	2
 536 01fc 20       		.byte	32
 537 01fd 02       		.byte	2
 538 01fe 21       		.byte	33
 539 01ff 48       		.byte	72
 540 0200 22       		.byte	34
 541 0201 50       		.byte	80
 542 0202 23       		.byte	35
 543 0203 A0       		.byte	-96
 544 0204 27       		.byte	39
 545 0205 02       		.byte	2
 546 0206 28       		.byte	40
 547 0207 3F       		.byte	63
 548 0208 2B       		.byte	43
 549 0209 04       		.byte	4
 550 020a 2F       		.byte	47
 551 020b 01       		.byte	1
 552 020c 31       		.byte	49
 553 020d 3F       		.byte	63
 554 020e 32       		.byte	50
 555 020f 40       		.byte	64
 556 0210 33       		.byte	51
 557 0211 C7       		.byte	-57
 558 0212 34       		.byte	52
 559 0213 3F       		.byte	63
 560 0214 38       		.byte	56
 561 0215 08       		.byte	8
 562 0216 39       		.byte	57
 563 0217 0A       		.byte	10
 564 0218 58       		.byte	88
 565 0219 04       		.byte	4
 566 021a 59       		.byte	89
 567 021b 04       		.byte	4
 568 021c 5F       		.byte	95
 569 021d 01       		.byte	1
 570 021e 80       		.byte	-128
ARM GAS  C:\Users\HENRYA~1\AppData\Local\Temp\cc8ITEh6.s 			page 11


 571 021f 01       		.byte	1
 572 0220 81       		.byte	-127
 573 0221 02       		.byte	2
 574 0222 84       		.byte	-124
 575 0223 99       		.byte	-103
 576 0224 85       		.byte	-123
 577 0225 03       		.byte	3
 578 0226 86       		.byte	-122
 579 0227 66       		.byte	102
 580 0228 88       		.byte	-120
 581 0229 E5       		.byte	-27
 582 022a 89       		.byte	-119
 583 022b 63       		.byte	99
 584 022c 8A       		.byte	-118
 585 022d 12       		.byte	18
 586 022e 8C       		.byte	-116
 587 022f 81       		.byte	-127
 588 0230 8E       		.byte	-114
 589 0231 06       		.byte	6
 590 0232 8F       		.byte	-113
 591 0233 0B       		.byte	11
 592 0234 90       		.byte	-112
 593 0235 67       		.byte	103
 594 0236 91       		.byte	-111
 595 0237 42       		.byte	66
 596 0238 92       		.byte	-110
 597 0239 88       		.byte	-120
 598 023a 95       		.byte	-107
 599 023b 63       		.byte	99
 600 023c 96       		.byte	-106
 601 023d 9E       		.byte	-98
 602 023e 97       		.byte	-105
 603 023f 10       		.byte	16
 604 0240 99       		.byte	-103
 605 0241 21       		.byte	33
 606 0242 9A       		.byte	-102
 607 0243 01       		.byte	1
 608 0244 9C       		.byte	-100
 609 0245 F9       		.byte	-7
 610 0246 9D       		.byte	-99
 611 0247 63       		.byte	99
 612 0248 9E       		.byte	-98
 613 0249 02       		.byte	2
 614 024a 9F       		.byte	-97
 615 024b 18       		.byte	24
 616 024c A0       		.byte	-96
 617 024d 04       		.byte	4
 618 024e A3       		.byte	-93
 619 024f 04       		.byte	4
 620 0250 A4       		.byte	-92
 621 0251 24       		.byte	36
 622 0252 A5       		.byte	-91
 623 0253 18       		.byte	24
 624 0254 A7       		.byte	-89
 625 0255 63       		.byte	99
 626 0256 A8       		.byte	-88
 627 0257 64       		.byte	100
ARM GAS  C:\Users\HENRYA~1\AppData\Local\Temp\cc8ITEh6.s 			page 12


 628 0258 AB       		.byte	-85
 629 0259 1B       		.byte	27
 630 025a AC       		.byte	-84
 631 025b 44       		.byte	68
 632 025c AD       		.byte	-83
 633 025d 78       		.byte	120
 634 025e B0       		.byte	-80
 635 025f 7F       		.byte	127
 636 0260 B3       		.byte	-77
 637 0261 07       		.byte	7
 638 0262 B6       		.byte	-74
 639 0263 E0       		.byte	-32
 640 0264 B7       		.byte	-73
 641 0265 78       		.byte	120
 642 0266 BB       		.byte	-69
 643 0267 88       		.byte	-120
 644 0268 BE       		.byte	-66
 645 0269 01       		.byte	1
 646 026a D8       		.byte	-40
 647 026b 04       		.byte	4
 648 026c D9       		.byte	-39
 649 026d 04       		.byte	4
 650 026e DF       		.byte	-33
 651 026f 01       		.byte	1
 652 0270 00       		.byte	0
 653 0271 06       		.byte	6
 654 0272 01       		.byte	1
 655 0273 48       		.byte	72
 656 0274 02       		.byte	2
 657 0275 09       		.byte	9
 658 0276 06       		.byte	6
 659 0277 41       		.byte	65
 660 0278 07       		.byte	7
 661 0279 10       		.byte	16
 662 027a 0A       		.byte	10
 663 027b 89       		.byte	-119
 664 027c 0B       		.byte	11
 665 027d 20       		.byte	32
 666 027e 0C       		.byte	12
 667 027f 01       		.byte	1
 668 0280 0E       		.byte	14
 669 0281 41       		.byte	65
 670 0282 0F       		.byte	15
 671 0283 04       		.byte	4
 672 0284 10       		.byte	16
 673 0285 10       		.byte	16
 674 0286 11       		.byte	17
 675 0287 81       		.byte	-127
 676 0288 12       		.byte	18
 677 0289 02       		.byte	2
 678 028a 13       		.byte	19
 679 028b 18       		.byte	24
 680 028c 15       		.byte	21
 681 028d 10       		.byte	16
 682 028e 17       		.byte	23
 683 028f 02       		.byte	2
 684 0290 18       		.byte	24
ARM GAS  C:\Users\HENRYA~1\AppData\Local\Temp\cc8ITEh6.s 			page 13


 685 0291 02       		.byte	2
 686 0292 19       		.byte	25
 687 0293 02       		.byte	2
 688 0294 1D       		.byte	29
 689 0295 18       		.byte	24
 690 0296 1F       		.byte	31
 691 0297 30       		.byte	48
 692 0298 22       		.byte	34
 693 0299 C8       		.byte	-56
 694 029a 23       		.byte	35
 695 029b 02       		.byte	2
 696 029c 24       		.byte	36
 697 029d 20       		.byte	32
 698 029e 25       		.byte	37
 699 029f 03       		.byte	3
 700 02a0 27       		.byte	39
 701 02a1 20       		.byte	32
 702 02a2 29       		.byte	41
 703 02a3 9A       		.byte	-102
 704 02a4 2C       		.byte	44
 705 02a5 08       		.byte	8
 706 02a6 2D       		.byte	45
 707 02a7 90       		.byte	-112
 708 02a8 2E       		.byte	46
 709 02a9 06       		.byte	6
 710 02aa 30       		.byte	48
 711 02ab 10       		.byte	16
 712 02ac 32       		.byte	50
 713 02ad 4A       		.byte	74
 714 02ae 34       		.byte	52
 715 02af 01       		.byte	1
 716 02b0 36       		.byte	54
 717 02b1 88       		.byte	-120
 718 02b2 37       		.byte	55
 719 02b3 20       		.byte	32
 720 02b4 39       		.byte	57
 721 02b5 41       		.byte	65
 722 02b6 3A       		.byte	58
 723 02b7 04       		.byte	4
 724 02b8 3B       		.byte	59
 725 02b9 10       		.byte	16
 726 02ba 3C       		.byte	60
 727 02bb 04       		.byte	4
 728 02bc 3D       		.byte	61
 729 02bd 42       		.byte	66
 730 02be 86       		.byte	-122
 731 02bf 48       		.byte	72
 732 02c0 90       		.byte	-112
 733 02c1 04       		.byte	4
 734 02c2 91       		.byte	-111
 735 02c3 63       		.byte	99
 736 02c4 92       		.byte	-110
 737 02c5 64       		.byte	100
 738 02c6 93       		.byte	-109
 739 02c7 16       		.byte	22
 740 02c8 94       		.byte	-108
 741 02c9 23       		.byte	35
ARM GAS  C:\Users\HENRYA~1\AppData\Local\Temp\cc8ITEh6.s 			page 14


 742 02ca 97       		.byte	-105
 743 02cb 08       		.byte	8
 744 02cc 99       		.byte	-103
 745 02cd 01       		.byte	1
 746 02ce 9A       		.byte	-102
 747 02cf 04       		.byte	4
 748 02d0 9B       		.byte	-101
 749 02d1 18       		.byte	24
 750 02d2 9D       		.byte	-99
 751 02d3 90       		.byte	-112
 752 02d4 9E       		.byte	-98
 753 02d5 40       		.byte	64
 754 02d6 9F       		.byte	-97
 755 02d7 01       		.byte	1
 756 02d8 A0       		.byte	-96
 757 02d9 08       		.byte	8
 758 02da A1       		.byte	-95
 759 02db 40       		.byte	64
 760 02dc A5       		.byte	-91
 761 02dd 02       		.byte	2
 762 02de A6       		.byte	-90
 763 02df 88       		.byte	-120
 764 02e0 A7       		.byte	-89
 765 02e1 20       		.byte	32
 766 02e2 C0       		.byte	-64
 767 02e3 BF       		.byte	-65
 768 02e4 C2       		.byte	-62
 769 02e5 DF       		.byte	-33
 770 02e6 C4       		.byte	-60
 771 02e7 5F       		.byte	95
 772 02e8 CA       		.byte	-54
 773 02e9 FF       		.byte	-1
 774 02ea CC       		.byte	-52
 775 02eb FF       		.byte	-1
 776 02ec CE       		.byte	-50
 777 02ed DF       		.byte	-33
 778 02ee 0F       		.byte	15
 779 02ef 02       		.byte	2
 780 02f0 63       		.byte	99
 781 02f1 08       		.byte	8
 782 02f2 87       		.byte	-121
 783 02f3 01       		.byte	1
 784 02f4 8F       		.byte	-113
 785 02f5 04       		.byte	4
 786 02f6 C2       		.byte	-62
 787 02f7 80       		.byte	-128
 788 02f8 D8       		.byte	-40
 789 02f9 40       		.byte	64
 790 02fa E4       		.byte	-28
 791 02fb 10       		.byte	16
 792 02fc 00       		.byte	0
 793 02fd 01       		.byte	1
 794 02fe 0A       		.byte	10
 795 02ff 01       		.byte	1
 796 0300 10       		.byte	16
 797 0301 01       		.byte	1
 798 0302 1A       		.byte	26
ARM GAS  C:\Users\HENRYA~1\AppData\Local\Temp\cc8ITEh6.s 			page 15


 799 0303 01       		.byte	1
 800 0304 7F       		.byte	127
 801 0305 20       		.byte	32
 802 0306 00       		.byte	0
 803 0307 00       		.byte	0
 804 0308 00       		.byte	0
 805 0309 01       		.byte	1
 806 030a 3F       		.byte	63
 807 030b 00       		.byte	0
 808 030c 00       		.byte	0
 809 030d 02       		.byte	2
 810 030e 24       		.byte	36
 811 030f 00       		.byte	0
 812 0310 00       		.byte	0
 813 0311 03       		.byte	3
 814 0312 3F       		.byte	63
 815 0313 1C       		.byte	28
 816 0314 48       		.byte	72
 817 0315 03       		.byte	3
 818 0316 17       		.byte	23
 819 0317 00       		.byte	0
 820 0318 13       		.byte	19
 821 0319 EC       		.byte	-20
 822 031a 00       		.byte	0
 823 031b 13       		.byte	19
 824 031c 68       		.byte	104
 825 031d 8F       		.byte	-113
 826 031e 13       		.byte	19
 827 031f 70       		.byte	112
 828 0320 12       		.byte	18
 829 0321 FB       		.byte	-5
 830 0322 00       		.byte	0
 831 0323 04       		.byte	4
 832 0324 77       		.byte	119
 833 0325 40       		.byte	64
 834 0326 00       		.byte	0
 835 0327 00       		.byte	0
 836 0328 11       		.byte	17
 837 0329 60       		.byte	96
 838 032a 00       		.byte	0
 839 032b 00       		.byte	0
 840 032c 07       		.byte	7
 841 032d 00       		.byte	0
 842 032e 00       		.byte	0
 843 032f 1F       		.byte	31
 844 0330 12       		.byte	18
 845 0331 E7       		.byte	-25
 846 0332 00       		.byte	0
 847 0333 18       		.byte	24
 848 0334 00       		.byte	0
 849 0335 00       		.byte	0
 850 0336 7F       		.byte	127
 851 0337 90       		.byte	-112
 852 0338 00       		.byte	0
 853 0339 7F       		.byte	127
 854 033a 00       		.byte	0
 855 033b 00       		.byte	0
ARM GAS  C:\Users\HENRYA~1\AppData\Local\Temp\cc8ITEh6.s 			page 16


 856 033c 00       		.byte	0
 857 033d 00       		.byte	0
 858 033e 00       		.byte	0
 859 033f 20       		.byte	32
 860 0340 00       		.byte	0
 861 0341 00       		.byte	0
 862 0342 04       		.byte	4
 863 0343 04       		.byte	4
 864 0344 24       		.byte	36
 865 0345 05       		.byte	5
 866 0346 03       		.byte	3
 867 0347 00       		.byte	0
 868 0348 01       		.byte	1
 869 0349 DC       		.byte	-36
 870 034a F0       		.byte	-16
 871 034b EB       		.byte	-21
 872 034c 3B       		.byte	59
 873 034d FF       		.byte	-1
 874 034e FF       		.byte	-1
 875 034f FF       		.byte	-1
 876 0350 62       		.byte	98
 877 0351 A0       		.byte	-96
 878 0352 F0       		.byte	-16
 879 0353 41       		.byte	65
 880 0354 0C       		.byte	12
 881 0355 00       		.byte	0
 882 0356 00       		.byte	0
 883 0357 00       		.byte	0
 884 0358 00       		.byte	0
 885 0359 00       		.byte	0
 886 035a 02       		.byte	2
 887 035b 12       		.byte	18
 888 035c 04       		.byte	4
 889 035d 04       		.byte	4
 890 035e 04       		.byte	4
 891 035f 04       		.byte	4
 892 0360 00       		.byte	0
 893 0361 00       		.byte	0
 894 0362 00       		.byte	0
 895 0363 01       		.byte	1
 896 0364 00       		.byte	0
 897 0365 00       		.byte	0
 898 0366 00       		.byte	0
 899 0367 00       		.byte	0
 900 0368 00       		.byte	0
 901 0369 00       		.byte	0
 902 036a 40       		.byte	64
 903 036b 02       		.byte	2
 904 036c 00       		.byte	0
 905 036d 10       		.byte	16
 906 036e 30       		.byte	48
 907 036f 10       		.byte	16
 908 0370 00       		.byte	0
 909 0371 10       		.byte	16
 910 0372 10       		.byte	16
 911 0373 12       		.byte	18
 912 0374 00       		.byte	0
ARM GAS  C:\Users\HENRYA~1\AppData\Local\Temp\cc8ITEh6.s 			page 17


 913 0375 00       		.byte	0
 914 0376 00       		.byte	0
 915 0377 00       		.byte	0
 916 0378 00       		.byte	0
 917 0379 00       		.byte	0
 918 037a 00       		.byte	0
 919 037b 00       		.byte	0
 920 037c 00       		.byte	0
 921 037d 00       		.byte	0
 922 037e 00       		.byte	0
 923 037f 00       		.byte	0
 924 0380 00       		.byte	0
 925 0381 00       		.byte	0
 926 0382 00       		.byte	0
 927 0383 00       		.byte	0
 928 0384 00       		.byte	0
 929 0385 7F       		.byte	127
 930 0386 7F       		.byte	127
 931 0387 00       		.byte	0
 932 0388 00       		.byte	0
 933 0389 00       		.byte	0
 934 038a 00       		.byte	0
 935 038b 00       		.byte	0
 936 038c 20       		.byte	32
 937 038d 00       		.byte	0
 938 038e 80       		.byte	-128
 939 038f 20       		.byte	32
 940 0390 20       		.byte	32
 941 0391 00       		.byte	0
 942 0392 20       		.byte	32
 943 0393 00       		.byte	0
 944 0394 00       		.byte	0
 945 0395 00       		.byte	0
 946 0396 00       		.byte	0
 947 0397 00       		.byte	0
 948              		.section	.cywolatch,"a",%progbits
 949              		.align	2
 950              		.type	cy_meta_wonvl, %object
 951              		.size	cy_meta_wonvl, 4
 952              	cy_meta_wonvl:
 953 0000 BC       		.byte	-68
 954 0001 90       		.byte	-112
 955 0002 AC       		.byte	-84
 956 0003 AF       		.byte	-81
 957              		.section	.cycustnvl,"a",%progbits
 958              		.align	2
 959              		.type	cy_meta_custnvl, %object
 960              		.size	cy_meta_custnvl, 4
 961              	cy_meta_custnvl:
 962 0000 00       		.byte	0
 963 0001 00       		.byte	0
 964 0002 40       		.byte	64
 965 0003 05       		.byte	5
 966              		.section	.cymeta,"a",%progbits
 967              		.align	2
 968              		.type	cy_metadata, %object
 969              		.size	cy_metadata, 12
ARM GAS  C:\Users\HENRYA~1\AppData\Local\Temp\cc8ITEh6.s 			page 18


 970              	cy_metadata:
 971 0000 00       		.byte	0
 972 0001 01       		.byte	1
 973 0002 2E       		.byte	46
 974 0003 12       		.byte	18
 975 0004 30       		.byte	48
 976 0005 69       		.byte	105
 977 0006 00       		.byte	0
 978 0007 01       		.byte	1
 979 0008 00       		.byte	0
 980 0009 00       		.byte	0
 981 000a 00       		.byte	0
 982 000b 00       		.byte	0
 983              		.section	.cyflashprotect,"a",%progbits
 984              		.align	2
 985              		.type	cy_meta_flashprotect, %object
 986              		.size	cy_meta_flashprotect, 256
 987              	cy_meta_flashprotect:
 988 0000 00000000 		.space	256
 988      00000000 
 988      00000000 
 988      00000000 
 988      00000000 
 989              		.text
 990              	.Letext0:
 991              		.file 1 ".\\Generated_Source\\PSoC5\\cymetadata.c"
 992              		.file 2 ".\\Generated_Source\\PSoC5\\cytypes.h"
 993              		.section	.debug_info,"",%progbits
 994              	.Ldebug_info0:
 995 0000 37010000 		.4byte	0x137
 996 0004 0400     		.2byte	0x4
 997 0006 00000000 		.4byte	.Ldebug_abbrev0
 998 000a 04       		.byte	0x4
 999 000b 01       		.uleb128 0x1
 1000 000c D0000000 		.4byte	.LASF18
 1001 0010 01       		.byte	0x1
 1002 0011 00000000 		.4byte	.LASF19
 1003 0015 6B000000 		.4byte	.LASF20
 1004 0019 00000000 		.4byte	.Ldebug_line0
 1005 001d 02       		.uleb128 0x2
 1006 001e 01       		.byte	0x1
 1007 001f 06       		.byte	0x6
 1008 0020 DA010000 		.4byte	.LASF0
 1009 0024 02       		.uleb128 0x2
 1010 0025 01       		.byte	0x1
 1011 0026 08       		.byte	0x8
 1012 0027 38000000 		.4byte	.LASF1
 1013 002b 02       		.uleb128 0x2
 1014 002c 02       		.byte	0x2
 1015 002d 05       		.byte	0x5
 1016 002e C1010000 		.4byte	.LASF2
 1017 0032 02       		.uleb128 0x2
 1018 0033 02       		.byte	0x2
 1019 0034 07       		.byte	0x7
 1020 0035 58000000 		.4byte	.LASF3
 1021 0039 02       		.uleb128 0x2
 1022 003a 04       		.byte	0x4
ARM GAS  C:\Users\HENRYA~1\AppData\Local\Temp\cc8ITEh6.s 			page 19


 1023 003b 05       		.byte	0x5
 1024 003c D1010000 		.4byte	.LASF4
 1025 0040 02       		.uleb128 0x2
 1026 0041 04       		.byte	0x4
 1027 0042 07       		.byte	0x7
 1028 0043 46000000 		.4byte	.LASF5
 1029 0047 02       		.uleb128 0x2
 1030 0048 08       		.byte	0x8
 1031 0049 05       		.byte	0x5
 1032 004a AE010000 		.4byte	.LASF6
 1033 004e 02       		.uleb128 0x2
 1034 004f 08       		.byte	0x8
 1035 0050 07       		.byte	0x7
 1036 0051 6B010000 		.4byte	.LASF7
 1037 0055 03       		.uleb128 0x3
 1038 0056 04       		.byte	0x4
 1039 0057 05       		.byte	0x5
 1040 0058 696E7400 		.ascii	"int\000"
 1041 005c 02       		.uleb128 0x2
 1042 005d 04       		.byte	0x4
 1043 005e 07       		.byte	0x7
 1044 005f 5E010000 		.4byte	.LASF8
 1045 0063 04       		.uleb128 0x4
 1046 0064 CB010000 		.4byte	.LASF21
 1047 0068 02       		.byte	0x2
 1048 0069 9201     		.2byte	0x192
 1049 006b 24000000 		.4byte	0x24
 1050 006f 02       		.uleb128 0x2
 1051 0070 04       		.byte	0x4
 1052 0071 04       		.byte	0x4
 1053 0072 32000000 		.4byte	.LASF9
 1054 0076 02       		.uleb128 0x2
 1055 0077 08       		.byte	0x8
 1056 0078 04       		.byte	0x4
 1057 0079 A7000000 		.4byte	.LASF10
 1058 007d 02       		.uleb128 0x2
 1059 007e 01       		.byte	0x1
 1060 007f 08       		.byte	0x8
 1061 0080 BC010000 		.4byte	.LASF11
 1062 0084 05       		.uleb128 0x5
 1063 0085 63000000 		.4byte	0x63
 1064 0089 95000000 		.4byte	0x95
 1065 008d 06       		.uleb128 0x6
 1066 008e 95000000 		.4byte	0x95
 1067 0092 9703     		.2byte	0x397
 1068 0094 00       		.byte	0
 1069 0095 02       		.uleb128 0x2
 1070 0096 04       		.byte	0x4
 1071 0097 07       		.byte	0x7
 1072 0098 A5010000 		.4byte	.LASF12
 1073 009c 07       		.uleb128 0x7
 1074 009d BE000000 		.4byte	.LASF13
 1075 00a1 01       		.byte	0x1
 1076 00a2 1F       		.byte	0x1f
 1077 00a3 AD000000 		.4byte	0xad
 1078 00a7 05       		.uleb128 0x5
 1079 00a8 03       		.byte	0x3
ARM GAS  C:\Users\HENRYA~1\AppData\Local\Temp\cc8ITEh6.s 			page 20


 1080 00a9 00000000 		.4byte	cy_meta_configecc
 1081 00ad 08       		.uleb128 0x8
 1082 00ae 84000000 		.4byte	0x84
 1083 00b2 05       		.uleb128 0x5
 1084 00b3 63000000 		.4byte	0x63
 1085 00b7 C2000000 		.4byte	0xc2
 1086 00bb 09       		.uleb128 0x9
 1087 00bc 95000000 		.4byte	0x95
 1088 00c0 03       		.byte	0x3
 1089 00c1 00       		.byte	0
 1090 00c2 07       		.uleb128 0x7
 1091 00c3 AE000000 		.4byte	.LASF14
 1092 00c7 01       		.byte	0x1
 1093 00c8 9F       		.byte	0x9f
 1094 00c9 D3000000 		.4byte	0xd3
 1095 00cd 05       		.uleb128 0x5
 1096 00ce 03       		.byte	0x3
 1097 00cf 00000000 		.4byte	cy_meta_custnvl
 1098 00d3 08       		.uleb128 0x8
 1099 00d4 B2000000 		.4byte	0xb2
 1100 00d8 07       		.uleb128 0x7
 1101 00d9 97010000 		.4byte	.LASF15
 1102 00dd 01       		.byte	0x1
 1103 00de AD       		.byte	0xad
 1104 00df E9000000 		.4byte	0xe9
 1105 00e3 05       		.uleb128 0x5
 1106 00e4 03       		.byte	0x3
 1107 00e5 00000000 		.4byte	cy_meta_wonvl
 1108 00e9 08       		.uleb128 0x8
 1109 00ea B2000000 		.4byte	0xb2
 1110 00ee 05       		.uleb128 0x5
 1111 00ef 63000000 		.4byte	0x63
 1112 00f3 FE000000 		.4byte	0xfe
 1113 00f7 09       		.uleb128 0x9
 1114 00f8 95000000 		.4byte	0x95
 1115 00fc FF       		.byte	0xff
 1116 00fd 00       		.byte	0
 1117 00fe 07       		.uleb128 0x7
 1118 00ff 82010000 		.4byte	.LASF16
 1119 0103 01       		.byte	0x1
 1120 0104 BB       		.byte	0xbb
 1121 0105 0F010000 		.4byte	0x10f
 1122 0109 05       		.uleb128 0x5
 1123 010a 03       		.byte	0x3
 1124 010b 00000000 		.4byte	cy_meta_flashprotect
 1125 010f 08       		.uleb128 0x8
 1126 0110 EE000000 		.4byte	0xee
 1127 0114 05       		.uleb128 0x5
 1128 0115 63000000 		.4byte	0x63
 1129 0119 24010000 		.4byte	0x124
 1130 011d 09       		.uleb128 0x9
 1131 011e 95000000 		.4byte	0x95
 1132 0122 0B       		.byte	0xb
 1133 0123 00       		.byte	0
 1134 0124 07       		.uleb128 0x7
 1135 0125 26000000 		.4byte	.LASF17
 1136 0129 01       		.byte	0x1
ARM GAS  C:\Users\HENRYA~1\AppData\Local\Temp\cc8ITEh6.s 			page 21


 1137 012a E8       		.byte	0xe8
 1138 012b 35010000 		.4byte	0x135
 1139 012f 05       		.uleb128 0x5
 1140 0130 03       		.byte	0x3
 1141 0131 00000000 		.4byte	cy_metadata
 1142 0135 08       		.uleb128 0x8
 1143 0136 14010000 		.4byte	0x114
 1144 013a 00       		.byte	0
 1145              		.section	.debug_abbrev,"",%progbits
 1146              	.Ldebug_abbrev0:
 1147 0000 01       		.uleb128 0x1
 1148 0001 11       		.uleb128 0x11
 1149 0002 01       		.byte	0x1
 1150 0003 25       		.uleb128 0x25
 1151 0004 0E       		.uleb128 0xe
 1152 0005 13       		.uleb128 0x13
 1153 0006 0B       		.uleb128 0xb
 1154 0007 03       		.uleb128 0x3
 1155 0008 0E       		.uleb128 0xe
 1156 0009 1B       		.uleb128 0x1b
 1157 000a 0E       		.uleb128 0xe
 1158 000b 10       		.uleb128 0x10
 1159 000c 17       		.uleb128 0x17
 1160 000d 00       		.byte	0
 1161 000e 00       		.byte	0
 1162 000f 02       		.uleb128 0x2
 1163 0010 24       		.uleb128 0x24
 1164 0011 00       		.byte	0
 1165 0012 0B       		.uleb128 0xb
 1166 0013 0B       		.uleb128 0xb
 1167 0014 3E       		.uleb128 0x3e
 1168 0015 0B       		.uleb128 0xb
 1169 0016 03       		.uleb128 0x3
 1170 0017 0E       		.uleb128 0xe
 1171 0018 00       		.byte	0
 1172 0019 00       		.byte	0
 1173 001a 03       		.uleb128 0x3
 1174 001b 24       		.uleb128 0x24
 1175 001c 00       		.byte	0
 1176 001d 0B       		.uleb128 0xb
 1177 001e 0B       		.uleb128 0xb
 1178 001f 3E       		.uleb128 0x3e
 1179 0020 0B       		.uleb128 0xb
 1180 0021 03       		.uleb128 0x3
 1181 0022 08       		.uleb128 0x8
 1182 0023 00       		.byte	0
 1183 0024 00       		.byte	0
 1184 0025 04       		.uleb128 0x4
 1185 0026 16       		.uleb128 0x16
 1186 0027 00       		.byte	0
 1187 0028 03       		.uleb128 0x3
 1188 0029 0E       		.uleb128 0xe
 1189 002a 3A       		.uleb128 0x3a
 1190 002b 0B       		.uleb128 0xb
 1191 002c 3B       		.uleb128 0x3b
 1192 002d 05       		.uleb128 0x5
 1193 002e 49       		.uleb128 0x49
ARM GAS  C:\Users\HENRYA~1\AppData\Local\Temp\cc8ITEh6.s 			page 22


 1194 002f 13       		.uleb128 0x13
 1195 0030 00       		.byte	0
 1196 0031 00       		.byte	0
 1197 0032 05       		.uleb128 0x5
 1198 0033 01       		.uleb128 0x1
 1199 0034 01       		.byte	0x1
 1200 0035 49       		.uleb128 0x49
 1201 0036 13       		.uleb128 0x13
 1202 0037 01       		.uleb128 0x1
 1203 0038 13       		.uleb128 0x13
 1204 0039 00       		.byte	0
 1205 003a 00       		.byte	0
 1206 003b 06       		.uleb128 0x6
 1207 003c 21       		.uleb128 0x21
 1208 003d 00       		.byte	0
 1209 003e 49       		.uleb128 0x49
 1210 003f 13       		.uleb128 0x13
 1211 0040 2F       		.uleb128 0x2f
 1212 0041 05       		.uleb128 0x5
 1213 0042 00       		.byte	0
 1214 0043 00       		.byte	0
 1215 0044 07       		.uleb128 0x7
 1216 0045 34       		.uleb128 0x34
 1217 0046 00       		.byte	0
 1218 0047 03       		.uleb128 0x3
 1219 0048 0E       		.uleb128 0xe
 1220 0049 3A       		.uleb128 0x3a
 1221 004a 0B       		.uleb128 0xb
 1222 004b 3B       		.uleb128 0x3b
 1223 004c 0B       		.uleb128 0xb
 1224 004d 49       		.uleb128 0x49
 1225 004e 13       		.uleb128 0x13
 1226 004f 3F       		.uleb128 0x3f
 1227 0050 19       		.uleb128 0x19
 1228 0051 02       		.uleb128 0x2
 1229 0052 18       		.uleb128 0x18
 1230 0053 00       		.byte	0
 1231 0054 00       		.byte	0
 1232 0055 08       		.uleb128 0x8
 1233 0056 26       		.uleb128 0x26
 1234 0057 00       		.byte	0
 1235 0058 49       		.uleb128 0x49
 1236 0059 13       		.uleb128 0x13
 1237 005a 00       		.byte	0
 1238 005b 00       		.byte	0
 1239 005c 09       		.uleb128 0x9
 1240 005d 21       		.uleb128 0x21
 1241 005e 00       		.byte	0
 1242 005f 49       		.uleb128 0x49
 1243 0060 13       		.uleb128 0x13
 1244 0061 2F       		.uleb128 0x2f
 1245 0062 0B       		.uleb128 0xb
 1246 0063 00       		.byte	0
 1247 0064 00       		.byte	0
 1248 0065 00       		.byte	0
 1249              		.section	.debug_aranges,"",%progbits
 1250 0000 14000000 		.4byte	0x14
ARM GAS  C:\Users\HENRYA~1\AppData\Local\Temp\cc8ITEh6.s 			page 23


 1251 0004 0200     		.2byte	0x2
 1252 0006 00000000 		.4byte	.Ldebug_info0
 1253 000a 04       		.byte	0x4
 1254 000b 00       		.byte	0
 1255 000c 0000     		.2byte	0
 1256 000e 0000     		.2byte	0
 1257 0010 00000000 		.4byte	0
 1258 0014 00000000 		.4byte	0
 1259              		.section	.debug_line,"",%progbits
 1260              	.Ldebug_line0:
 1261 0000 4F000000 		.section	.debug_str,"MS",%progbits,1
 1261      02004900 
 1261      00000201 
 1261      FB0E0D00 
 1261      01010101 
 1262              	.LASF19:
 1263 0000 2E5C4765 		.ascii	".\\Generated_Source\\PSoC5\\cymetadata.c\000"
 1263      6E657261 
 1263      7465645F 
 1263      536F7572 
 1263      63655C50 
 1264              	.LASF17:
 1265 0026 63795F6D 		.ascii	"cy_metadata\000"
 1265      65746164 
 1265      61746100 
 1266              	.LASF9:
 1267 0032 666C6F61 		.ascii	"float\000"
 1267      7400
 1268              	.LASF1:
 1269 0038 756E7369 		.ascii	"unsigned char\000"
 1269      676E6564 
 1269      20636861 
 1269      7200
 1270              	.LASF5:
 1271 0046 6C6F6E67 		.ascii	"long unsigned int\000"
 1271      20756E73 
 1271      69676E65 
 1271      6420696E 
 1271      7400
 1272              	.LASF3:
 1273 0058 73686F72 		.ascii	"short unsigned int\000"
 1273      7420756E 
 1273      7369676E 
 1273      65642069 
 1273      6E7400
 1274              	.LASF20:
 1275 006b 433A5C55 		.ascii	"C:\\Users\\Henry Alberto\\Desktop\\Protocolos\\Half"
 1275      73657273 
 1275      5C48656E 
 1275      72792041 
 1275      6C626572 
 1276 0099 5F4D6173 		.ascii	"_Master.cydsn\000"
 1276      7465722E 
 1276      63796473 
 1276      6E00
 1277              	.LASF10:
 1278 00a7 646F7562 		.ascii	"double\000"
ARM GAS  C:\Users\HENRYA~1\AppData\Local\Temp\cc8ITEh6.s 			page 24


 1278      6C6500
 1279              	.LASF14:
 1280 00ae 63795F6D 		.ascii	"cy_meta_custnvl\000"
 1280      6574615F 
 1280      63757374 
 1280      6E766C00 
 1281              	.LASF13:
 1282 00be 63795F6D 		.ascii	"cy_meta_configecc\000"
 1282      6574615F 
 1282      636F6E66 
 1282      69676563 
 1282      6300
 1283              	.LASF18:
 1284 00d0 474E5520 		.ascii	"GNU C 4.9.3 20150303 (release) [ARM/embedded-4_9-br"
 1284      4320342E 
 1284      392E3320 
 1284      32303135 
 1284      30333033 
 1285 0103 616E6368 		.ascii	"anch revision 221220] -mcpu=cortex-m3 -mthumb -g -O"
 1285      20726576 
 1285      6973696F 
 1285      6E203232 
 1285      31323230 
 1286 0136 67202D66 		.ascii	"g -ffunction-sections -ffat-lto-objects\000"
 1286      66756E63 
 1286      74696F6E 
 1286      2D736563 
 1286      74696F6E 
 1287              	.LASF8:
 1288 015e 756E7369 		.ascii	"unsigned int\000"
 1288      676E6564 
 1288      20696E74 
 1288      00
 1289              	.LASF7:
 1290 016b 6C6F6E67 		.ascii	"long long unsigned int\000"
 1290      206C6F6E 
 1290      6720756E 
 1290      7369676E 
 1290      65642069 
 1291              	.LASF16:
 1292 0182 63795F6D 		.ascii	"cy_meta_flashprotect\000"
 1292      6574615F 
 1292      666C6173 
 1292      6870726F 
 1292      74656374 
 1293              	.LASF15:
 1294 0197 63795F6D 		.ascii	"cy_meta_wonvl\000"
 1294      6574615F 
 1294      776F6E76 
 1294      6C00
 1295              	.LASF12:
 1296 01a5 73697A65 		.ascii	"sizetype\000"
 1296      74797065 
 1296      00
 1297              	.LASF6:
 1298 01ae 6C6F6E67 		.ascii	"long long int\000"
 1298      206C6F6E 
ARM GAS  C:\Users\HENRYA~1\AppData\Local\Temp\cc8ITEh6.s 			page 25


 1298      6720696E 
 1298      7400
 1299              	.LASF11:
 1300 01bc 63686172 		.ascii	"char\000"
 1300      00
 1301              	.LASF2:
 1302 01c1 73686F72 		.ascii	"short int\000"
 1302      7420696E 
 1302      7400
 1303              	.LASF21:
 1304 01cb 75696E74 		.ascii	"uint8\000"
 1304      3800
 1305              	.LASF4:
 1306 01d1 6C6F6E67 		.ascii	"long int\000"
 1306      20696E74 
 1306      00
 1307              	.LASF0:
 1308 01da 7369676E 		.ascii	"signed char\000"
 1308      65642063 
 1308      68617200 
 1309              		.ident	"GCC: (GNU Tools for ARM Embedded Processors) 4.9.3 20150303 (release) [ARM/embedded-4_9-br
