ARM GAS  C:\Users\HENRYA~1\AppData\Local\Temp\ccSkekzf.s 			page 1


   1              		.syntax unified
   2              		.cpu cortex-m3
   3              		.fpu softvfp
   4              		.eabi_attribute 20, 1
   5              		.eabi_attribute 21, 1
   6              		.eabi_attribute 23, 3
   7              		.eabi_attribute 24, 1
   8              		.eabi_attribute 25, 1
   9              		.eabi_attribute 26, 1
  10              		.eabi_attribute 30, 1
  11              		.eabi_attribute 34, 1
  12              		.eabi_attribute 18, 4
  13              		.thumb
  14              		.file	"main.c"
  15              		.text
  16              	.Ltext0:
  17              		.cfi_sections	.debug_frame
  18              		.section	.text.main,"ax",%progbits
  19              		.align	2
  20              		.global	main
  21              		.thumb
  22              		.thumb_func
  23              		.type	main, %function
  24              	main:
  25              	.LFB63:
  26              		.file 1 ".\\main.c"
   1:.\main.c      **** /* ========================================
   2:.\main.c      ****  *
   3:.\main.c      ****  * Copyright YOUR COMPANY, THE YEAR
   4:.\main.c      ****  * All Rights Reserved
   5:.\main.c      ****  * UNPUBLISHED, LICENSED SOFTWARE.
   6:.\main.c      ****  *
   7:.\main.c      ****  * CONFIDENTIAL AND PROPRIETARY INFORMATION
   8:.\main.c      ****  * WHICH IS THE PROPERTY OF your company.
   9:.\main.c      ****  *
  10:.\main.c      ****  * ========================================
  11:.\main.c      **** */
  12:.\main.c      **** #include <project.h>
  13:.\main.c      **** int8 dato_enviado;
  14:.\main.c      **** int8 dato_recibido;
  15:.\main.c      **** 
  16:.\main.c      **** int main()
  17:.\main.c      **** {
  27              		.loc 1 17 0
  28              		.cfi_startproc
  29              		@ Volatile: function does not return.
  30              		@ args = 0, pretend = 0, frame = 0
  31              		@ frame_needed = 0, uses_anonymous_args = 0
  32 0000 08B5     		push	{r3, lr}
  33              		.cfi_def_cfa_offset 8
  34              		.cfi_offset 3, -8
  35              		.cfi_offset 14, -4
  18:.\main.c      ****     CyGlobalIntEnable; /* Enable global interrupts. */
  36              		.loc 1 18 0
  37              	@ 18 ".\main.c" 1
  38 0002 62B6     		CPSIE   i
  39              	@ 0 "" 2
ARM GAS  C:\Users\HENRYA~1\AppData\Local\Temp\ccSkekzf.s 			page 2


  19:.\main.c      ****     EMITE_Start();
  40              		.loc 1 19 0
  41              		.thumb
  42 0004 FFF7FEFF 		bl	EMITE_Start
  43              	.LVL0:
  20:.\main.c      ****     EMITE_LoadTxConfig();
  44              		.loc 1 20 0
  45 0008 FFF7FEFF 		bl	EMITE_LoadTxConfig
  46              	.LVL1:
  21:.\main.c      ****     LCD_Char_1_Start();
  47              		.loc 1 21 0
  48 000c FFF7FEFF 		bl	LCD_Char_1_Start
  49              	.LVL2:
  22:.\main.c      ****     LCD_Char_1_Position(0,0);
  50              		.loc 1 22 0
  51 0010 0020     		movs	r0, #0
  52 0012 0146     		mov	r1, r0
  53 0014 FFF7FEFF 		bl	LCD_Char_1_Position
  54              	.LVL3:
  23:.\main.c      ****     LCD_Char_1_PrintString("M...");
  55              		.loc 1 23 0
  56 0018 0C48     		ldr	r0, .L4
  57 001a FFF7FEFF 		bl	LCD_Char_1_PrintString
  58              	.LVL4:
  59              	.L2:
  24:.\main.c      ****     /* Place your initialization/startup code here (e.g. MyInst_Start()) */
  25:.\main.c      ****     for(;;)
  26:.\main.c      ****     {
  27:.\main.c      ****         EMITE_PutChar(dato_enviado);
  60              		.loc 1 27 0 discriminator 1
  61 001e 0C4C     		ldr	r4, .L4+4
  62 0020 2078     		ldrb	r0, [r4]	@ zero_extendqisi2
  63 0022 FFF7FEFF 		bl	EMITE_PutChar
  64              	.LVL5:
  28:.\main.c      ****         CyDelay(50);
  65              		.loc 1 28 0 discriminator 1
  66 0026 3220     		movs	r0, #50
  67 0028 FFF7FEFF 		bl	CyDelay
  68              	.LVL6:
  29:.\main.c      ****         LCD_Char_1_Position(1,0);
  69              		.loc 1 29 0 discriminator 1
  70 002c 0120     		movs	r0, #1
  71 002e 0021     		movs	r1, #0
  72 0030 FFF7FEFF 		bl	LCD_Char_1_Position
  73              	.LVL7:
  30:.\main.c      ****         LCD_Char_1_PrintInt8(dato_enviado);       
  74              		.loc 1 30 0 discriminator 1
  75 0034 2078     		ldrb	r0, [r4]	@ zero_extendqisi2
  76 0036 FFF7FEFF 		bl	LCD_Char_1_PrintInt8
  77              	.LVL8:
  31:.\main.c      ****         dato_enviado++;
  78              		.loc 1 31 0 discriminator 1
  79 003a 2378     		ldrb	r3, [r4]	@ zero_extendqisi2
  80 003c 0133     		adds	r3, r3, #1
  81 003e 2370     		strb	r3, [r4]
  32:.\main.c      ****         CyDelay(500);
  82              		.loc 1 32 0 discriminator 1
ARM GAS  C:\Users\HENRYA~1\AppData\Local\Temp\ccSkekzf.s 			page 3


  83 0040 4FF4FA70 		mov	r0, #500
  84 0044 FFF7FEFF 		bl	CyDelay
  85              	.LVL9:
  33:.\main.c      ****     }
  86              		.loc 1 33 0 discriminator 1
  87 0048 E9E7     		b	.L2
  88              	.L5:
  89 004a 00BF     		.align	2
  90              	.L4:
  91 004c 00000000 		.word	.LC0
  92 0050 00000000 		.word	dato_enviado
  93              		.cfi_endproc
  94              	.LFE63:
  95              		.size	main, .-main
  96              		.comm	dato_recibido,1,1
  97              		.comm	dato_enviado,1,1
  98              		.section	.rodata.str1.4,"aMS",%progbits,1
  99              		.align	2
 100              	.LC0:
 101 0000 4D2E2E2E 		.ascii	"M...\000"
 101      00
 102 0005 000000   		.text
 103              	.Letext0:
 104              		.file 2 "c:\\program files (x86)\\cypress\\psoc creator\\3.3\\psoc creator\\import\\gnu\\arm\\4.9.
 105              		.file 3 "c:\\program files (x86)\\cypress\\psoc creator\\3.3\\psoc creator\\import\\gnu\\arm\\4.9.
 106              		.file 4 "Generated_Source\\PSoC5/cytypes.h"
 107              		.file 5 "Generated_Source\\PSoC5/core_cm3.h"
 108              		.file 6 "Generated_Source\\PSoC5/EMITE.h"
 109              		.file 7 "Generated_Source\\PSoC5/LCD_Char_1.h"
 110              		.file 8 "Generated_Source\\PSoC5/CyLib.h"
 111              		.section	.debug_info,"",%progbits
 112              	.Ldebug_info0:
 113 0000 26020000 		.4byte	0x226
 114 0004 0400     		.2byte	0x4
 115 0006 00000000 		.4byte	.Ldebug_abbrev0
 116 000a 04       		.byte	0x4
 117 000b 01       		.uleb128 0x1
 118 000c 26010000 		.4byte	.LASF29
 119 0010 01       		.byte	0x1
 120 0011 18000000 		.4byte	.LASF30
 121 0015 7A000000 		.4byte	.LASF31
 122 0019 00000000 		.4byte	.Ldebug_ranges0+0
 123 001d 00000000 		.4byte	0
 124 0021 00000000 		.4byte	.Ldebug_line0
 125 0025 02       		.uleb128 0x2
 126 0026 01       		.byte	0x1
 127 0027 06       		.byte	0x6
 128 0028 28020000 		.4byte	.LASF0
 129 002c 02       		.uleb128 0x2
 130 002d 01       		.byte	0x1
 131 002e 08       		.byte	0x8
 132 002f C3000000 		.4byte	.LASF1
 133 0033 02       		.uleb128 0x2
 134 0034 02       		.byte	0x2
 135 0035 05       		.byte	0x5
 136 0036 0F020000 		.4byte	.LASF2
 137 003a 02       		.uleb128 0x2
ARM GAS  C:\Users\HENRYA~1\AppData\Local\Temp\ccSkekzf.s 			page 4


 138 003b 02       		.byte	0x2
 139 003c 07       		.byte	0x7
 140 003d 67000000 		.4byte	.LASF3
 141 0041 03       		.uleb128 0x3
 142 0042 00000000 		.4byte	.LASF9
 143 0046 02       		.byte	0x2
 144 0047 3F       		.byte	0x3f
 145 0048 4C000000 		.4byte	0x4c
 146 004c 02       		.uleb128 0x2
 147 004d 04       		.byte	0x4
 148 004e 05       		.byte	0x5
 149 004f 1F020000 		.4byte	.LASF4
 150 0053 02       		.uleb128 0x2
 151 0054 04       		.byte	0x4
 152 0055 07       		.byte	0x7
 153 0056 55000000 		.4byte	.LASF5
 154 005a 02       		.uleb128 0x2
 155 005b 08       		.byte	0x8
 156 005c 05       		.byte	0x5
 157 005d C5010000 		.4byte	.LASF6
 158 0061 02       		.uleb128 0x2
 159 0062 08       		.byte	0x8
 160 0063 07       		.byte	0x7
 161 0064 0F010000 		.4byte	.LASF7
 162 0068 04       		.uleb128 0x4
 163 0069 04       		.byte	0x4
 164 006a 05       		.byte	0x5
 165 006b 696E7400 		.ascii	"int\000"
 166 006f 02       		.uleb128 0x2
 167 0070 04       		.byte	0x4
 168 0071 07       		.byte	0x7
 169 0072 02010000 		.4byte	.LASF8
 170 0076 03       		.uleb128 0x3
 171 0077 B4010000 		.4byte	.LASF10
 172 007b 03       		.byte	0x3
 173 007c 2C       		.byte	0x2c
 174 007d 41000000 		.4byte	0x41
 175 0081 05       		.uleb128 0x5
 176 0082 19020000 		.4byte	.LASF11
 177 0086 04       		.byte	0x4
 178 0087 9201     		.2byte	0x192
 179 0089 2C000000 		.4byte	0x2c
 180 008d 05       		.uleb128 0x5
 181 008e EE000000 		.4byte	.LASF12
 182 0092 04       		.byte	0x4
 183 0093 9401     		.2byte	0x194
 184 0095 53000000 		.4byte	0x53
 185 0099 05       		.uleb128 0x5
 186 009a E9000000 		.4byte	.LASF13
 187 009e 04       		.byte	0x4
 188 009f 9501     		.2byte	0x195
 189 00a1 25000000 		.4byte	0x25
 190 00a5 02       		.uleb128 0x2
 191 00a6 04       		.byte	0x4
 192 00a7 04       		.byte	0x4
 193 00a8 21000000 		.4byte	.LASF14
 194 00ac 02       		.uleb128 0x2
ARM GAS  C:\Users\HENRYA~1\AppData\Local\Temp\ccSkekzf.s 			page 5


 195 00ad 08       		.byte	0x8
 196 00ae 04       		.byte	0x4
 197 00af DD000000 		.4byte	.LASF15
 198 00b3 05       		.uleb128 0x5
 199 00b4 4F000000 		.4byte	.LASF16
 200 00b8 04       		.byte	0x4
 201 00b9 A301     		.2byte	0x1a3
 202 00bb BF000000 		.4byte	0xbf
 203 00bf 02       		.uleb128 0x2
 204 00c0 01       		.byte	0x1
 205 00c1 08       		.byte	0x8
 206 00c2 D3010000 		.4byte	.LASF17
 207 00c6 02       		.uleb128 0x2
 208 00c7 04       		.byte	0x4
 209 00c8 07       		.byte	0x7
 210 00c9 BC010000 		.4byte	.LASF18
 211 00cd 06       		.uleb128 0x6
 212 00ce E4000000 		.4byte	.LASF32
 213 00d2 01       		.byte	0x1
 214 00d3 10       		.byte	0x10
 215 00d4 68000000 		.4byte	0x68
 216 00d8 00000000 		.4byte	.LFB63
 217 00dc 54000000 		.4byte	.LFE63-.LFB63
 218 00e0 01       		.uleb128 0x1
 219 00e1 9C       		.byte	0x9c
 220 00e2 80010000 		.4byte	0x180
 221 00e6 07       		.uleb128 0x7
 222 00e7 08000000 		.4byte	.LVL0
 223 00eb B3010000 		.4byte	0x1b3
 224 00ef 07       		.uleb128 0x7
 225 00f0 0C000000 		.4byte	.LVL1
 226 00f4 BA010000 		.4byte	0x1ba
 227 00f8 07       		.uleb128 0x7
 228 00f9 10000000 		.4byte	.LVL2
 229 00fd C1010000 		.4byte	0x1c1
 230 0101 08       		.uleb128 0x8
 231 0102 18000000 		.4byte	.LVL3
 232 0106 C8010000 		.4byte	0x1c8
 233 010a 19010000 		.4byte	0x119
 234 010e 09       		.uleb128 0x9
 235 010f 01       		.uleb128 0x1
 236 0110 51       		.byte	0x51
 237 0111 01       		.uleb128 0x1
 238 0112 30       		.byte	0x30
 239 0113 09       		.uleb128 0x9
 240 0114 01       		.uleb128 0x1
 241 0115 50       		.byte	0x50
 242 0116 01       		.uleb128 0x1
 243 0117 30       		.byte	0x30
 244 0118 00       		.byte	0
 245 0119 08       		.uleb128 0x8
 246 011a 1E000000 		.4byte	.LVL4
 247 011e DE010000 		.4byte	0x1de
 248 0122 30010000 		.4byte	0x130
 249 0126 09       		.uleb128 0x9
 250 0127 01       		.uleb128 0x1
 251 0128 50       		.byte	0x50
ARM GAS  C:\Users\HENRYA~1\AppData\Local\Temp\ccSkekzf.s 			page 6


 252 0129 05       		.uleb128 0x5
 253 012a 03       		.byte	0x3
 254 012b 00000000 		.4byte	.LC0
 255 012f 00       		.byte	0
 256 0130 07       		.uleb128 0x7
 257 0131 26000000 		.4byte	.LVL5
 258 0135 FA010000 		.4byte	0x1fa
 259 0139 08       		.uleb128 0x8
 260 013a 2C000000 		.4byte	.LVL6
 261 013e 0B020000 		.4byte	0x20b
 262 0142 4D010000 		.4byte	0x14d
 263 0146 09       		.uleb128 0x9
 264 0147 01       		.uleb128 0x1
 265 0148 50       		.byte	0x50
 266 0149 02       		.uleb128 0x2
 267 014a 08       		.byte	0x8
 268 014b 32       		.byte	0x32
 269 014c 00       		.byte	0
 270 014d 08       		.uleb128 0x8
 271 014e 34000000 		.4byte	.LVL7
 272 0152 C8010000 		.4byte	0x1c8
 273 0156 65010000 		.4byte	0x165
 274 015a 09       		.uleb128 0x9
 275 015b 01       		.uleb128 0x1
 276 015c 51       		.byte	0x51
 277 015d 01       		.uleb128 0x1
 278 015e 30       		.byte	0x30
 279 015f 09       		.uleb128 0x9
 280 0160 01       		.uleb128 0x1
 281 0161 50       		.byte	0x50
 282 0162 01       		.uleb128 0x1
 283 0163 31       		.byte	0x31
 284 0164 00       		.byte	0
 285 0165 07       		.uleb128 0x7
 286 0166 3A000000 		.4byte	.LVL8
 287 016a 1C020000 		.4byte	0x21c
 288 016e 0A       		.uleb128 0xa
 289 016f 48000000 		.4byte	.LVL9
 290 0173 0B020000 		.4byte	0x20b
 291 0177 09       		.uleb128 0x9
 292 0178 01       		.uleb128 0x1
 293 0179 50       		.byte	0x50
 294 017a 03       		.uleb128 0x3
 295 017b 0A       		.byte	0xa
 296 017c F401     		.2byte	0x1f4
 297 017e 00       		.byte	0
 298 017f 00       		.byte	0
 299 0180 0B       		.uleb128 0xb
 300 0181 B6000000 		.4byte	.LASF19
 301 0185 05       		.byte	0x5
 302 0186 9606     		.2byte	0x696
 303 0188 8C010000 		.4byte	0x18c
 304 018c 0C       		.uleb128 0xc
 305 018d 76000000 		.4byte	0x76
 306 0191 0D       		.uleb128 0xd
 307 0192 F5000000 		.4byte	.LASF20
 308 0196 01       		.byte	0x1
ARM GAS  C:\Users\HENRYA~1\AppData\Local\Temp\ccSkekzf.s 			page 7


 309 0197 0D       		.byte	0xd
 310 0198 99000000 		.4byte	0x99
 311 019c 05       		.uleb128 0x5
 312 019d 03       		.byte	0x3
 313 019e 00000000 		.4byte	dato_enviado
 314 01a2 0D       		.uleb128 0xd
 315 01a3 0A000000 		.4byte	.LASF21
 316 01a7 01       		.byte	0x1
 317 01a8 0E       		.byte	0xe
 318 01a9 99000000 		.4byte	0x99
 319 01ad 05       		.uleb128 0x5
 320 01ae 03       		.byte	0x3
 321 01af 00000000 		.4byte	dato_recibido
 322 01b3 0E       		.uleb128 0xe
 323 01b4 D1000000 		.4byte	.LASF22
 324 01b8 06       		.byte	0x6
 325 01b9 54       		.byte	0x54
 326 01ba 0E       		.uleb128 0xe
 327 01bb 3C020000 		.4byte	.LASF23
 328 01bf 06       		.byte	0x6
 329 01c0 9D       		.byte	0x9d
 330 01c1 0E       		.uleb128 0xe
 331 01c2 27000000 		.4byte	.LASF24
 332 01c6 07       		.byte	0x7
 333 01c7 38       		.byte	0x38
 334 01c8 0F       		.uleb128 0xf
 335 01c9 E6010000 		.4byte	.LASF25
 336 01cd 07       		.byte	0x7
 337 01ce 3D       		.byte	0x3d
 338 01cf DE010000 		.4byte	0x1de
 339 01d3 10       		.uleb128 0x10
 340 01d4 81000000 		.4byte	0x81
 341 01d8 10       		.uleb128 0x10
 342 01d9 81000000 		.4byte	0x81
 343 01dd 00       		.byte	0
 344 01de 0F       		.uleb128 0xf
 345 01df 38000000 		.4byte	.LASF26
 346 01e3 07       		.byte	0x7
 347 01e4 3C       		.byte	0x3c
 348 01e5 EF010000 		.4byte	0x1ef
 349 01e9 10       		.uleb128 0x10
 350 01ea EF010000 		.4byte	0x1ef
 351 01ee 00       		.byte	0
 352 01ef 11       		.uleb128 0x11
 353 01f0 04       		.byte	0x4
 354 01f1 F5010000 		.4byte	0x1f5
 355 01f5 12       		.uleb128 0x12
 356 01f6 B3000000 		.4byte	0xb3
 357 01fa 0F       		.uleb128 0xf
 358 01fb D8010000 		.4byte	.LASF27
 359 01ff 06       		.byte	0x6
 360 0200 8A       		.byte	0x8a
 361 0201 0B020000 		.4byte	0x20b
 362 0205 10       		.uleb128 0x10
 363 0206 81000000 		.4byte	0x81
 364 020a 00       		.byte	0
 365 020b 0F       		.uleb128 0xf
ARM GAS  C:\Users\HENRYA~1\AppData\Local\Temp\ccSkekzf.s 			page 8


 366 020c 34020000 		.4byte	.LASF28
 367 0210 08       		.byte	0x8
 368 0211 76       		.byte	0x76
 369 0212 1C020000 		.4byte	0x21c
 370 0216 10       		.uleb128 0x10
 371 0217 8D000000 		.4byte	0x8d
 372 021b 00       		.byte	0
 373 021c 13       		.uleb128 0x13
 374 021d FA010000 		.4byte	.LASF33
 375 0221 07       		.byte	0x7
 376 0222 5D       		.byte	0x5d
 377 0223 10       		.uleb128 0x10
 378 0224 81000000 		.4byte	0x81
 379 0228 00       		.byte	0
 380 0229 00       		.byte	0
 381              		.section	.debug_abbrev,"",%progbits
 382              	.Ldebug_abbrev0:
 383 0000 01       		.uleb128 0x1
 384 0001 11       		.uleb128 0x11
 385 0002 01       		.byte	0x1
 386 0003 25       		.uleb128 0x25
 387 0004 0E       		.uleb128 0xe
 388 0005 13       		.uleb128 0x13
 389 0006 0B       		.uleb128 0xb
 390 0007 03       		.uleb128 0x3
 391 0008 0E       		.uleb128 0xe
 392 0009 1B       		.uleb128 0x1b
 393 000a 0E       		.uleb128 0xe
 394 000b 55       		.uleb128 0x55
 395 000c 17       		.uleb128 0x17
 396 000d 11       		.uleb128 0x11
 397 000e 01       		.uleb128 0x1
 398 000f 10       		.uleb128 0x10
 399 0010 17       		.uleb128 0x17
 400 0011 00       		.byte	0
 401 0012 00       		.byte	0
 402 0013 02       		.uleb128 0x2
 403 0014 24       		.uleb128 0x24
 404 0015 00       		.byte	0
 405 0016 0B       		.uleb128 0xb
 406 0017 0B       		.uleb128 0xb
 407 0018 3E       		.uleb128 0x3e
 408 0019 0B       		.uleb128 0xb
 409 001a 03       		.uleb128 0x3
 410 001b 0E       		.uleb128 0xe
 411 001c 00       		.byte	0
 412 001d 00       		.byte	0
 413 001e 03       		.uleb128 0x3
 414 001f 16       		.uleb128 0x16
 415 0020 00       		.byte	0
 416 0021 03       		.uleb128 0x3
 417 0022 0E       		.uleb128 0xe
 418 0023 3A       		.uleb128 0x3a
 419 0024 0B       		.uleb128 0xb
 420 0025 3B       		.uleb128 0x3b
 421 0026 0B       		.uleb128 0xb
 422 0027 49       		.uleb128 0x49
ARM GAS  C:\Users\HENRYA~1\AppData\Local\Temp\ccSkekzf.s 			page 9


 423 0028 13       		.uleb128 0x13
 424 0029 00       		.byte	0
 425 002a 00       		.byte	0
 426 002b 04       		.uleb128 0x4
 427 002c 24       		.uleb128 0x24
 428 002d 00       		.byte	0
 429 002e 0B       		.uleb128 0xb
 430 002f 0B       		.uleb128 0xb
 431 0030 3E       		.uleb128 0x3e
 432 0031 0B       		.uleb128 0xb
 433 0032 03       		.uleb128 0x3
 434 0033 08       		.uleb128 0x8
 435 0034 00       		.byte	0
 436 0035 00       		.byte	0
 437 0036 05       		.uleb128 0x5
 438 0037 16       		.uleb128 0x16
 439 0038 00       		.byte	0
 440 0039 03       		.uleb128 0x3
 441 003a 0E       		.uleb128 0xe
 442 003b 3A       		.uleb128 0x3a
 443 003c 0B       		.uleb128 0xb
 444 003d 3B       		.uleb128 0x3b
 445 003e 05       		.uleb128 0x5
 446 003f 49       		.uleb128 0x49
 447 0040 13       		.uleb128 0x13
 448 0041 00       		.byte	0
 449 0042 00       		.byte	0
 450 0043 06       		.uleb128 0x6
 451 0044 2E       		.uleb128 0x2e
 452 0045 01       		.byte	0x1
 453 0046 3F       		.uleb128 0x3f
 454 0047 19       		.uleb128 0x19
 455 0048 03       		.uleb128 0x3
 456 0049 0E       		.uleb128 0xe
 457 004a 3A       		.uleb128 0x3a
 458 004b 0B       		.uleb128 0xb
 459 004c 3B       		.uleb128 0x3b
 460 004d 0B       		.uleb128 0xb
 461 004e 49       		.uleb128 0x49
 462 004f 13       		.uleb128 0x13
 463 0050 11       		.uleb128 0x11
 464 0051 01       		.uleb128 0x1
 465 0052 12       		.uleb128 0x12
 466 0053 06       		.uleb128 0x6
 467 0054 40       		.uleb128 0x40
 468 0055 18       		.uleb128 0x18
 469 0056 9742     		.uleb128 0x2117
 470 0058 19       		.uleb128 0x19
 471 0059 01       		.uleb128 0x1
 472 005a 13       		.uleb128 0x13
 473 005b 00       		.byte	0
 474 005c 00       		.byte	0
 475 005d 07       		.uleb128 0x7
 476 005e 898201   		.uleb128 0x4109
 477 0061 00       		.byte	0
 478 0062 11       		.uleb128 0x11
 479 0063 01       		.uleb128 0x1
ARM GAS  C:\Users\HENRYA~1\AppData\Local\Temp\ccSkekzf.s 			page 10


 480 0064 31       		.uleb128 0x31
 481 0065 13       		.uleb128 0x13
 482 0066 00       		.byte	0
 483 0067 00       		.byte	0
 484 0068 08       		.uleb128 0x8
 485 0069 898201   		.uleb128 0x4109
 486 006c 01       		.byte	0x1
 487 006d 11       		.uleb128 0x11
 488 006e 01       		.uleb128 0x1
 489 006f 31       		.uleb128 0x31
 490 0070 13       		.uleb128 0x13
 491 0071 01       		.uleb128 0x1
 492 0072 13       		.uleb128 0x13
 493 0073 00       		.byte	0
 494 0074 00       		.byte	0
 495 0075 09       		.uleb128 0x9
 496 0076 8A8201   		.uleb128 0x410a
 497 0079 00       		.byte	0
 498 007a 02       		.uleb128 0x2
 499 007b 18       		.uleb128 0x18
 500 007c 9142     		.uleb128 0x2111
 501 007e 18       		.uleb128 0x18
 502 007f 00       		.byte	0
 503 0080 00       		.byte	0
 504 0081 0A       		.uleb128 0xa
 505 0082 898201   		.uleb128 0x4109
 506 0085 01       		.byte	0x1
 507 0086 11       		.uleb128 0x11
 508 0087 01       		.uleb128 0x1
 509 0088 31       		.uleb128 0x31
 510 0089 13       		.uleb128 0x13
 511 008a 00       		.byte	0
 512 008b 00       		.byte	0
 513 008c 0B       		.uleb128 0xb
 514 008d 34       		.uleb128 0x34
 515 008e 00       		.byte	0
 516 008f 03       		.uleb128 0x3
 517 0090 0E       		.uleb128 0xe
 518 0091 3A       		.uleb128 0x3a
 519 0092 0B       		.uleb128 0xb
 520 0093 3B       		.uleb128 0x3b
 521 0094 05       		.uleb128 0x5
 522 0095 49       		.uleb128 0x49
 523 0096 13       		.uleb128 0x13
 524 0097 3F       		.uleb128 0x3f
 525 0098 19       		.uleb128 0x19
 526 0099 3C       		.uleb128 0x3c
 527 009a 19       		.uleb128 0x19
 528 009b 00       		.byte	0
 529 009c 00       		.byte	0
 530 009d 0C       		.uleb128 0xc
 531 009e 35       		.uleb128 0x35
 532 009f 00       		.byte	0
 533 00a0 49       		.uleb128 0x49
 534 00a1 13       		.uleb128 0x13
 535 00a2 00       		.byte	0
 536 00a3 00       		.byte	0
ARM GAS  C:\Users\HENRYA~1\AppData\Local\Temp\ccSkekzf.s 			page 11


 537 00a4 0D       		.uleb128 0xd
 538 00a5 34       		.uleb128 0x34
 539 00a6 00       		.byte	0
 540 00a7 03       		.uleb128 0x3
 541 00a8 0E       		.uleb128 0xe
 542 00a9 3A       		.uleb128 0x3a
 543 00aa 0B       		.uleb128 0xb
 544 00ab 3B       		.uleb128 0x3b
 545 00ac 0B       		.uleb128 0xb
 546 00ad 49       		.uleb128 0x49
 547 00ae 13       		.uleb128 0x13
 548 00af 3F       		.uleb128 0x3f
 549 00b0 19       		.uleb128 0x19
 550 00b1 02       		.uleb128 0x2
 551 00b2 18       		.uleb128 0x18
 552 00b3 00       		.byte	0
 553 00b4 00       		.byte	0
 554 00b5 0E       		.uleb128 0xe
 555 00b6 2E       		.uleb128 0x2e
 556 00b7 00       		.byte	0
 557 00b8 3F       		.uleb128 0x3f
 558 00b9 19       		.uleb128 0x19
 559 00ba 03       		.uleb128 0x3
 560 00bb 0E       		.uleb128 0xe
 561 00bc 3A       		.uleb128 0x3a
 562 00bd 0B       		.uleb128 0xb
 563 00be 3B       		.uleb128 0x3b
 564 00bf 0B       		.uleb128 0xb
 565 00c0 27       		.uleb128 0x27
 566 00c1 19       		.uleb128 0x19
 567 00c2 3C       		.uleb128 0x3c
 568 00c3 19       		.uleb128 0x19
 569 00c4 00       		.byte	0
 570 00c5 00       		.byte	0
 571 00c6 0F       		.uleb128 0xf
 572 00c7 2E       		.uleb128 0x2e
 573 00c8 01       		.byte	0x1
 574 00c9 3F       		.uleb128 0x3f
 575 00ca 19       		.uleb128 0x19
 576 00cb 03       		.uleb128 0x3
 577 00cc 0E       		.uleb128 0xe
 578 00cd 3A       		.uleb128 0x3a
 579 00ce 0B       		.uleb128 0xb
 580 00cf 3B       		.uleb128 0x3b
 581 00d0 0B       		.uleb128 0xb
 582 00d1 27       		.uleb128 0x27
 583 00d2 19       		.uleb128 0x19
 584 00d3 3C       		.uleb128 0x3c
 585 00d4 19       		.uleb128 0x19
 586 00d5 01       		.uleb128 0x1
 587 00d6 13       		.uleb128 0x13
 588 00d7 00       		.byte	0
 589 00d8 00       		.byte	0
 590 00d9 10       		.uleb128 0x10
 591 00da 05       		.uleb128 0x5
 592 00db 00       		.byte	0
 593 00dc 49       		.uleb128 0x49
ARM GAS  C:\Users\HENRYA~1\AppData\Local\Temp\ccSkekzf.s 			page 12


 594 00dd 13       		.uleb128 0x13
 595 00de 00       		.byte	0
 596 00df 00       		.byte	0
 597 00e0 11       		.uleb128 0x11
 598 00e1 0F       		.uleb128 0xf
 599 00e2 00       		.byte	0
 600 00e3 0B       		.uleb128 0xb
 601 00e4 0B       		.uleb128 0xb
 602 00e5 49       		.uleb128 0x49
 603 00e6 13       		.uleb128 0x13
 604 00e7 00       		.byte	0
 605 00e8 00       		.byte	0
 606 00e9 12       		.uleb128 0x12
 607 00ea 26       		.uleb128 0x26
 608 00eb 00       		.byte	0
 609 00ec 49       		.uleb128 0x49
 610 00ed 13       		.uleb128 0x13
 611 00ee 00       		.byte	0
 612 00ef 00       		.byte	0
 613 00f0 13       		.uleb128 0x13
 614 00f1 2E       		.uleb128 0x2e
 615 00f2 01       		.byte	0x1
 616 00f3 3F       		.uleb128 0x3f
 617 00f4 19       		.uleb128 0x19
 618 00f5 03       		.uleb128 0x3
 619 00f6 0E       		.uleb128 0xe
 620 00f7 3A       		.uleb128 0x3a
 621 00f8 0B       		.uleb128 0xb
 622 00f9 3B       		.uleb128 0x3b
 623 00fa 0B       		.uleb128 0xb
 624 00fb 27       		.uleb128 0x27
 625 00fc 19       		.uleb128 0x19
 626 00fd 3C       		.uleb128 0x3c
 627 00fe 19       		.uleb128 0x19
 628 00ff 00       		.byte	0
 629 0100 00       		.byte	0
 630 0101 00       		.byte	0
 631              		.section	.debug_aranges,"",%progbits
 632 0000 1C000000 		.4byte	0x1c
 633 0004 0200     		.2byte	0x2
 634 0006 00000000 		.4byte	.Ldebug_info0
 635 000a 04       		.byte	0x4
 636 000b 00       		.byte	0
 637 000c 0000     		.2byte	0
 638 000e 0000     		.2byte	0
 639 0010 00000000 		.4byte	.LFB63
 640 0014 54000000 		.4byte	.LFE63-.LFB63
 641 0018 00000000 		.4byte	0
 642 001c 00000000 		.4byte	0
 643              		.section	.debug_ranges,"",%progbits
 644              	.Ldebug_ranges0:
 645 0000 00000000 		.4byte	.LFB63
 646 0004 54000000 		.4byte	.LFE63
 647 0008 00000000 		.4byte	0
 648 000c 00000000 		.4byte	0
 649              		.section	.debug_line,"",%progbits
 650              	.Ldebug_line0:
ARM GAS  C:\Users\HENRYA~1\AppData\Local\Temp\ccSkekzf.s 			page 13


 651 0000 AD010000 		.section	.debug_str,"MS",%progbits,1
 651      02006F01 
 651      00000201 
 651      FB0E0D00 
 651      01010101 
 652              	.LASF9:
 653 0000 5F5F696E 		.ascii	"__int32_t\000"
 653      7433325F 
 653      7400
 654              	.LASF21:
 655 000a 6461746F 		.ascii	"dato_recibido\000"
 655      5F726563 
 655      69626964 
 655      6F00
 656              	.LASF30:
 657 0018 2E5C6D61 		.ascii	".\\main.c\000"
 657      696E2E63 
 657      00
 658              	.LASF14:
 659 0021 666C6F61 		.ascii	"float\000"
 659      7400
 660              	.LASF24:
 661 0027 4C43445F 		.ascii	"LCD_Char_1_Start\000"
 661      43686172 
 661      5F315F53 
 661      74617274 
 661      00
 662              	.LASF26:
 663 0038 4C43445F 		.ascii	"LCD_Char_1_PrintString\000"
 663      43686172 
 663      5F315F50 
 663      72696E74 
 663      53747269 
 664              	.LASF16:
 665 004f 63686172 		.ascii	"char8\000"
 665      3800
 666              	.LASF5:
 667 0055 6C6F6E67 		.ascii	"long unsigned int\000"
 667      20756E73 
 667      69676E65 
 667      6420696E 
 667      7400
 668              	.LASF3:
 669 0067 73686F72 		.ascii	"short unsigned int\000"
 669      7420756E 
 669      7369676E 
 669      65642069 
 669      6E7400
 670              	.LASF31:
 671 007a 433A5C55 		.ascii	"C:\\Users\\Henry Alberto\\Desktop\\Protocolos\\Half"
 671      73657273 
 671      5C48656E 
 671      72792041 
 671      6C626572 
 672 00a8 5F4D6173 		.ascii	"_Master.cydsn\000"
 672      7465722E 
 672      63796473 
ARM GAS  C:\Users\HENRYA~1\AppData\Local\Temp\ccSkekzf.s 			page 14


 672      6E00
 673              	.LASF19:
 674 00b6 49544D5F 		.ascii	"ITM_RxBuffer\000"
 674      52784275 
 674      66666572 
 674      00
 675              	.LASF1:
 676 00c3 756E7369 		.ascii	"unsigned char\000"
 676      676E6564 
 676      20636861 
 676      7200
 677              	.LASF22:
 678 00d1 454D4954 		.ascii	"EMITE_Start\000"
 678      455F5374 
 678      61727400 
 679              	.LASF15:
 680 00dd 646F7562 		.ascii	"double\000"
 680      6C6500
 681              	.LASF32:
 682 00e4 6D61696E 		.ascii	"main\000"
 682      00
 683              	.LASF13:
 684 00e9 696E7438 		.ascii	"int8\000"
 684      00
 685              	.LASF12:
 686 00ee 75696E74 		.ascii	"uint32\000"
 686      333200
 687              	.LASF20:
 688 00f5 6461746F 		.ascii	"dato_enviado\000"
 688      5F656E76 
 688      6961646F 
 688      00
 689              	.LASF8:
 690 0102 756E7369 		.ascii	"unsigned int\000"
 690      676E6564 
 690      20696E74 
 690      00
 691              	.LASF7:
 692 010f 6C6F6E67 		.ascii	"long long unsigned int\000"
 692      206C6F6E 
 692      6720756E 
 692      7369676E 
 692      65642069 
 693              	.LASF29:
 694 0126 474E5520 		.ascii	"GNU C 4.9.3 20150303 (release) [ARM/embedded-4_9-br"
 694      4320342E 
 694      392E3320 
 694      32303135 
 694      30333033 
 695 0159 616E6368 		.ascii	"anch revision 221220] -mcpu=cortex-m3 -mthumb -g -O"
 695      20726576 
 695      6973696F 
 695      6E203232 
 695      31323230 
 696 018c 67202D66 		.ascii	"g -ffunction-sections -ffat-lto-objects\000"
 696      66756E63 
 696      74696F6E 
ARM GAS  C:\Users\HENRYA~1\AppData\Local\Temp\ccSkekzf.s 			page 15


 696      2D736563 
 696      74696F6E 
 697              	.LASF10:
 698 01b4 696E7433 		.ascii	"int32_t\000"
 698      325F7400 
 699              	.LASF18:
 700 01bc 73697A65 		.ascii	"sizetype\000"
 700      74797065 
 700      00
 701              	.LASF6:
 702 01c5 6C6F6E67 		.ascii	"long long int\000"
 702      206C6F6E 
 702      6720696E 
 702      7400
 703              	.LASF17:
 704 01d3 63686172 		.ascii	"char\000"
 704      00
 705              	.LASF27:
 706 01d8 454D4954 		.ascii	"EMITE_PutChar\000"
 706      455F5075 
 706      74436861 
 706      7200
 707              	.LASF25:
 708 01e6 4C43445F 		.ascii	"LCD_Char_1_Position\000"
 708      43686172 
 708      5F315F50 
 708      6F736974 
 708      696F6E00 
 709              	.LASF33:
 710 01fa 4C43445F 		.ascii	"LCD_Char_1_PrintInt8\000"
 710      43686172 
 710      5F315F50 
 710      72696E74 
 710      496E7438 
 711              	.LASF2:
 712 020f 73686F72 		.ascii	"short int\000"
 712      7420696E 
 712      7400
 713              	.LASF11:
 714 0219 75696E74 		.ascii	"uint8\000"
 714      3800
 715              	.LASF4:
 716 021f 6C6F6E67 		.ascii	"long int\000"
 716      20696E74 
 716      00
 717              	.LASF0:
 718 0228 7369676E 		.ascii	"signed char\000"
 718      65642063 
 718      68617200 
 719              	.LASF28:
 720 0234 43794465 		.ascii	"CyDelay\000"
 720      6C617900 
 721              	.LASF23:
 722 023c 454D4954 		.ascii	"EMITE_LoadTxConfig\000"
 722      455F4C6F 
 722      61645478 
 722      436F6E66 
ARM GAS  C:\Users\HENRYA~1\AppData\Local\Temp\ccSkekzf.s 			page 16


 722      696700
 723              		.ident	"GCC: (GNU Tools for ARM Embedded Processors) 4.9.3 20150303 (release) [ARM/embedded-4_9-br
