ARM GAS  C:\Users\HENRYA~1\AppData\Local\Temp\cc6eMR7f.s 			page 1


   1              		.syntax unified
   2              		.cpu cortex-m0
   3              		.fpu softvfp
   4              		.eabi_attribute 20, 1
   5              		.eabi_attribute 21, 1
   6              		.eabi_attribute 23, 3
   7              		.eabi_attribute 24, 1
   8              		.eabi_attribute 25, 1
   9              		.eabi_attribute 26, 1
  10              		.eabi_attribute 30, 1
  11              		.eabi_attribute 34, 0
  12              		.eabi_attribute 18, 4
  13              		.thumb
  14              		.syntax unified
  15              		.file	"main.c"
  16              		.text
  17              	.Ltext0:
  18              		.cfi_sections	.debug_frame
  19              		.section	.text.interrutcan,"ax",%progbits
  20              		.align	2
  21              		.global	interrutcan
  22              		.code	16
  23              		.thumb_func
  24              		.type	interrutcan, %function
  25              	interrutcan:
  26              	.LFB37:
  27              		.file 1 "main.c"
   1:main.c        **** //Import Libraries
   2:main.c        **** #include <project.h>
   3:main.c        **** #include <stdio.h>
   4:main.c        **** #include <math.h>
   5:main.c        **** #include <protocolo can.h>
   6:main.c        **** 
   7:main.c        **** //Global Variables
   8:main.c        **** uint8 dato_recibido;
   9:main.c        **** char publicar[6];
  10:main.c        **** char* formato=" %i";
  11:main.c        **** uint8 mailbox0[8];
  12:main.c        **** uint8 mailbox1[8];
  13:main.c        **** uint8 mailbox2[8];
  14:main.c        **** uint8 mailbox3[8];
  15:main.c        **** uint8 dato_enviado[8];
  16:main.c        **** uint8 dato_enviado_1[8];
  17:main.c        **** int memoria=1;
  18:main.c        **** float x1=0.0;
  19:main.c        **** 
  20:main.c        **** 
  21:main.c        **** CY_ISR(interrutcan){
  28              		.loc 1 21 0
  29              		.cfi_startproc
  30              		@ args = 0, pretend = 0, frame = 0
  31              		@ frame_needed = 0, uses_anonymous_args = 0
  32 0000 10B5     		push	{r4, lr}
  33              		.cfi_def_cfa_offset 8
  34              		.cfi_offset 4, -8
  35              		.cfi_offset 14, -4
  22:main.c        ****     LED_1_Write(1);
ARM GAS  C:\Users\HENRYA~1\AppData\Local\Temp\cc6eMR7f.s 			page 2


  36              		.loc 1 22 0
  37 0002 0120     		movs	r0, #1
  38 0004 FFF7FEFF 		bl	LED_1_Write
  39              	.LVL0:
  23:main.c        ****     CAN_GlobalIntDisable();
  40              		.loc 1 23 0
  41 0008 FFF7FEFF 		bl	CAN_GlobalIntDisable
  42              	.LVL1:
  24:main.c        ****     CAN_MsgRXIsr();   
  43              		.loc 1 24 0
  44 000c FFF7FEFF 		bl	CAN_MsgRXIsr
  45              	.LVL2:
  25:main.c        ****     CAN_GlobalIntEnable();
  46              		.loc 1 25 0
  47 0010 FFF7FEFF 		bl	CAN_GlobalIntEnable
  48              	.LVL3:
  26:main.c        ****     LED_1_Write(0);
  49              		.loc 1 26 0
  50 0014 0020     		movs	r0, #0
  51 0016 FFF7FEFF 		bl	LED_1_Write
  52              	.LVL4:
  27:main.c        **** }
  53              		.loc 1 27 0
  54              		@ sp needed
  55 001a 10BD     		pop	{r4, pc}
  56              		.cfi_endproc
  57              	.LFE37:
  58              		.size	interrutcan, .-interrutcan
  59              		.section	.text.main,"ax",%progbits
  60              		.align	2
  61              		.global	main
  62              		.code	16
  63              		.thumb_func
  64              		.type	main, %function
  65              	main:
  66              	.LFB38:
  28:main.c        **** 
  29:main.c        **** 
  30:main.c        **** int main()
  31:main.c        **** {
  67              		.loc 1 31 0
  68              		.cfi_startproc
  69              		@ Volatile: function does not return.
  70              		@ args = 0, pretend = 0, frame = 0
  71              		@ frame_needed = 0, uses_anonymous_args = 0
  72 0000 10B5     		push	{r4, lr}
  73              		.cfi_def_cfa_offset 8
  74              		.cfi_offset 4, -8
  75              		.cfi_offset 14, -4
  32:main.c        ****     //Init LED's
  33:main.c        ****     LED_1_Write(0);
  76              		.loc 1 33 0
  77 0002 0020     		movs	r0, #0
  78 0004 FFF7FEFF 		bl	LED_1_Write
  79              	.LVL5:
  34:main.c        ****     ADC_Start();
  80              		.loc 1 34 0
ARM GAS  C:\Users\HENRYA~1\AppData\Local\Temp\cc6eMR7f.s 			page 3


  81 0008 FFF7FEFF 		bl	ADC_Start
  82              	.LVL6:
  35:main.c        ****     ADC_StartConvert();
  83              		.loc 1 35 0
  84 000c FFF7FEFF 		bl	ADC_StartConvert
  85              	.LVL7:
  36:main.c        ****     CAN_Start();                    //Start CAN
  86              		.loc 1 36 0
  87 0010 FFF7FEFF 		bl	CAN_Start
  88              	.LVL8:
  37:main.c        ****     //CAN_isr_StartEx(interrutcan);   //Interrupcion CAN 
  38:main.c        ****     CAN_GlobalIntEnable();
  89              		.loc 1 38 0
  90 0014 FFF7FEFF 		bl	CAN_GlobalIntEnable
  91              	.LVL9:
  39:main.c        ****     CyGlobalIntEnable;
  92              		.loc 1 39 0
  93              		.syntax divided
  94              	@ 39 "main.c" 1
  95 0018 62B6     		CPSIE   i
  96              	@ 0 "" 2
  97              		.thumb
  98              		.syntax unified
  99              	.L3:
  40:main.c        ****     for(;;){  
  41:main.c        ****         LED_1_Write(0);
 100              		.loc 1 41 0 discriminator 1
 101 001a 0020     		movs	r0, #0
 102 001c FFF7FEFF 		bl	LED_1_Write
 103              	.LVL10:
  42:main.c        ****         dato_enviado_1[0]=ADC_GetResult16(0);
 104              		.loc 1 42 0 discriminator 1
 105 0020 0020     		movs	r0, #0
 106 0022 FFF7FEFF 		bl	ADC_GetResult16
 107              	.LVL11:
 108 0026 0B4C     		ldr	r4, .L4
 109 0028 2070     		strb	r0, [r4]
  43:main.c        ****         dato_enviado_1[1]=ADC_GetResult16(1);
 110              		.loc 1 43 0 discriminator 1
 111 002a 0120     		movs	r0, #1
 112 002c FFF7FEFF 		bl	ADC_GetResult16
 113              	.LVL12:
 114 0030 6070     		strb	r0, [r4, #1]
  44:main.c        ****         dato_enviado_1[2]=ADC_GetResult16(2);
 115              		.loc 1 44 0 discriminator 1
 116 0032 0220     		movs	r0, #2
 117 0034 FFF7FEFF 		bl	ADC_GetResult16
 118              	.LVL13:
 119 0038 A070     		strb	r0, [r4, #2]
  45:main.c        ****         CAN_SendMsg4();
 120              		.loc 1 45 0 discriminator 1
 121 003a FFF7FEFF 		bl	CAN_SendMsg4
 122              	.LVL14:
  46:main.c        ****         CyDelay(1500);
 123              		.loc 1 46 0 discriminator 1
 124 003e 064C     		ldr	r4, .L4+4
 125 0040 2000     		movs	r0, r4
ARM GAS  C:\Users\HENRYA~1\AppData\Local\Temp\cc6eMR7f.s 			page 4


 126 0042 FFF7FEFF 		bl	CyDelay
 127              	.LVL15:
  47:main.c        ****         LED_1_Write(1);
 128              		.loc 1 47 0 discriminator 1
 129 0046 0120     		movs	r0, #1
 130 0048 FFF7FEFF 		bl	LED_1_Write
 131              	.LVL16:
  48:main.c        ****         CyDelay(1500);
 132              		.loc 1 48 0 discriminator 1
 133 004c 2000     		movs	r0, r4
 134 004e FFF7FEFF 		bl	CyDelay
 135              	.LVL17:
 136 0052 E2E7     		b	.L3
 137              	.L5:
 138              		.align	2
 139              	.L4:
 140 0054 00000000 		.word	dato_enviado_1
 141 0058 DC050000 		.word	1500
 142              		.cfi_endproc
 143              	.LFE38:
 144              		.size	main, .-main
 145              		.global	x1
 146              		.global	memoria
 147              		.comm	dato_enviado_1,8,4
 148              		.comm	dato_enviado,8,4
 149              		.comm	mailbox3,8,4
 150              		.comm	mailbox2,8,4
 151              		.comm	mailbox1,8,4
 152              		.comm	mailbox0,8,4
 153              		.global	formato
 154              		.comm	publicar,6,4
 155              		.comm	dato_recibido,1,1
 156              		.data
 157              		.align	2
 158              		.type	memoria, %object
 159              		.size	memoria, 4
 160              	memoria:
 161 0000 01000000 		.word	1
 162              		.type	formato, %object
 163              		.size	formato, 4
 164              	formato:
 165 0004 00000000 		.word	.LC1
 166              		.section	.rodata.str1.4,"aMS",%progbits,1
 167              		.align	2
 168              	.LC1:
 169 0000 20256900 		.ascii	" %i\000"
 170              		.bss
 171              		.align	2
 172              		.type	x1, %object
 173              		.size	x1, 4
 174              	x1:
 175 0000 00000000 		.space	4
 176              		.text
 177              	.Letext0:
 178              		.file 2 "Generated_Source\\PSoC4/LED_1.h"
 179              		.file 3 "Generated_Source\\PSoC4/CAN.h"
 180              		.file 4 "Generated_Source\\PSoC4/ADC.h"
ARM GAS  C:\Users\HENRYA~1\AppData\Local\Temp\cc6eMR7f.s 			page 5


 181              		.file 5 "Generated_Source\\PSoC4/CyLib.h"
 182              		.file 6 "Generated_Source\\PSoC4/cytypes.h"
 183              		.section	.debug_info,"",%progbits
 184              	.Ldebug_info0:
 185 0000 17030000 		.4byte	0x317
 186 0004 0400     		.2byte	0x4
 187 0006 00000000 		.4byte	.Ldebug_abbrev0
 188 000a 04       		.byte	0x4
 189 000b 01       		.uleb128 0x1
 190 000c 82010000 		.4byte	.LASF34
 191 0010 0C       		.byte	0xc
 192 0011 3B020000 		.4byte	.LASF35
 193 0015 56000000 		.4byte	.LASF36
 194 0019 00000000 		.4byte	.Ldebug_ranges0+0
 195 001d 00000000 		.4byte	0
 196 0021 00000000 		.4byte	.Ldebug_line0
 197 0025 02       		.uleb128 0x2
 198 0026 01       		.byte	0x1
 199 0027 06       		.byte	0x6
 200 0028 8A020000 		.4byte	.LASF0
 201 002c 02       		.uleb128 0x2
 202 002d 01       		.byte	0x1
 203 002e 08       		.byte	0x8
 204 002f 05010000 		.4byte	.LASF1
 205 0033 02       		.uleb128 0x2
 206 0034 02       		.byte	0x2
 207 0035 05       		.byte	0x5
 208 0036 1A010000 		.4byte	.LASF2
 209 003a 02       		.uleb128 0x2
 210 003b 02       		.byte	0x2
 211 003c 07       		.byte	0x7
 212 003d D9000000 		.4byte	.LASF3
 213 0041 02       		.uleb128 0x2
 214 0042 04       		.byte	0x4
 215 0043 05       		.byte	0x5
 216 0044 75020000 		.4byte	.LASF4
 217 0048 02       		.uleb128 0x2
 218 0049 04       		.byte	0x4
 219 004a 07       		.byte	0x7
 220 004b C7000000 		.4byte	.LASF5
 221 004f 02       		.uleb128 0x2
 222 0050 08       		.byte	0x8
 223 0051 05       		.byte	0x5
 224 0052 2D020000 		.4byte	.LASF6
 225 0056 02       		.uleb128 0x2
 226 0057 08       		.byte	0x8
 227 0058 07       		.byte	0x7
 228 0059 4B010000 		.4byte	.LASF7
 229 005d 03       		.uleb128 0x3
 230 005e 04       		.byte	0x4
 231 005f 05       		.byte	0x5
 232 0060 696E7400 		.ascii	"int\000"
 233 0064 02       		.uleb128 0x2
 234 0065 04       		.byte	0x4
 235 0066 07       		.byte	0x7
 236 0067 3E010000 		.4byte	.LASF8
 237 006b 04       		.uleb128 0x4
ARM GAS  C:\Users\HENRYA~1\AppData\Local\Temp\cc6eMR7f.s 			page 6


 238 006c 65020000 		.4byte	.LASF37
 239 0070 06       		.byte	0x6
 240 0071 9801     		.2byte	0x198
 241 0073 2C000000 		.4byte	0x2c
 242 0077 02       		.uleb128 0x2
 243 0078 04       		.byte	0x4
 244 0079 04       		.byte	0x4
 245 007a 50000000 		.4byte	.LASF9
 246 007e 02       		.uleb128 0x2
 247 007f 08       		.byte	0x8
 248 0080 04       		.byte	0x4
 249 0081 13010000 		.4byte	.LASF10
 250 0085 02       		.uleb128 0x2
 251 0086 01       		.byte	0x1
 252 0087 08       		.byte	0x8
 253 0088 42020000 		.4byte	.LASF11
 254 008c 02       		.uleb128 0x2
 255 008d 08       		.byte	0x8
 256 008e 04       		.byte	0x4
 257 008f 7E020000 		.4byte	.LASF12
 258 0093 02       		.uleb128 0x2
 259 0094 04       		.byte	0x4
 260 0095 07       		.byte	0x7
 261 0096 10020000 		.4byte	.LASF13
 262 009a 05       		.uleb128 0x5
 263 009b 04       		.byte	0x4
 264 009c 85000000 		.4byte	0x85
 265 00a0 06       		.uleb128 0x6
 266 00a1 6B000000 		.4byte	0x6b
 267 00a5 B0000000 		.4byte	0xb0
 268 00a9 07       		.uleb128 0x7
 269 00aa 93000000 		.4byte	0x93
 270 00ae 07       		.byte	0x7
 271 00af 00       		.byte	0
 272 00b0 08       		.uleb128 0x8
 273 00b1 1F000000 		.4byte	.LASF38
 274 00b5 01       		.byte	0x1
 275 00b6 15       		.byte	0x15
 276 00b7 00000000 		.4byte	.LFB37
 277 00bb 1C000000 		.4byte	.LFE37-.LFB37
 278 00bf 01       		.uleb128 0x1
 279 00c0 9C       		.byte	0x9c
 280 00c1 03010000 		.4byte	0x103
 281 00c5 09       		.uleb128 0x9
 282 00c6 08000000 		.4byte	.LVL0
 283 00ca AA020000 		.4byte	0x2aa
 284 00ce D8000000 		.4byte	0xd8
 285 00d2 0A       		.uleb128 0xa
 286 00d3 01       		.uleb128 0x1
 287 00d4 50       		.byte	0x50
 288 00d5 01       		.uleb128 0x1
 289 00d6 31       		.byte	0x31
 290 00d7 00       		.byte	0
 291 00d8 0B       		.uleb128 0xb
 292 00d9 0C000000 		.4byte	.LVL1
 293 00dd B5020000 		.4byte	0x2b5
 294 00e1 0B       		.uleb128 0xb
ARM GAS  C:\Users\HENRYA~1\AppData\Local\Temp\cc6eMR7f.s 			page 7


 295 00e2 10000000 		.4byte	.LVL2
 296 00e6 C0020000 		.4byte	0x2c0
 297 00ea 0B       		.uleb128 0xb
 298 00eb 14000000 		.4byte	.LVL3
 299 00ef CC020000 		.4byte	0x2cc
 300 00f3 0C       		.uleb128 0xc
 301 00f4 1A000000 		.4byte	.LVL4
 302 00f8 AA020000 		.4byte	0x2aa
 303 00fc 0A       		.uleb128 0xa
 304 00fd 01       		.uleb128 0x1
 305 00fe 50       		.byte	0x50
 306 00ff 01       		.uleb128 0x1
 307 0100 30       		.byte	0x30
 308 0101 00       		.byte	0
 309 0102 00       		.byte	0
 310 0103 0D       		.uleb128 0xd
 311 0104 74010000 		.4byte	.LASF39
 312 0108 01       		.byte	0x1
 313 0109 1E       		.byte	0x1e
 314 010a 5D000000 		.4byte	0x5d
 315 010e 00000000 		.4byte	.LFB38
 316 0112 5C000000 		.4byte	.LFE38-.LFB38
 317 0116 01       		.uleb128 0x1
 318 0117 9C       		.byte	0x9c
 319 0118 E0010000 		.4byte	0x1e0
 320 011c 09       		.uleb128 0x9
 321 011d 08000000 		.4byte	.LVL5
 322 0121 AA020000 		.4byte	0x2aa
 323 0125 2F010000 		.4byte	0x12f
 324 0129 0A       		.uleb128 0xa
 325 012a 01       		.uleb128 0x1
 326 012b 50       		.byte	0x50
 327 012c 01       		.uleb128 0x1
 328 012d 30       		.byte	0x30
 329 012e 00       		.byte	0
 330 012f 0B       		.uleb128 0xb
 331 0130 0C000000 		.4byte	.LVL6
 332 0134 D7020000 		.4byte	0x2d7
 333 0138 0B       		.uleb128 0xb
 334 0139 10000000 		.4byte	.LVL7
 335 013d E2020000 		.4byte	0x2e2
 336 0141 0B       		.uleb128 0xb
 337 0142 14000000 		.4byte	.LVL8
 338 0146 ED020000 		.4byte	0x2ed
 339 014a 0B       		.uleb128 0xb
 340 014b 18000000 		.4byte	.LVL9
 341 014f CC020000 		.4byte	0x2cc
 342 0153 09       		.uleb128 0x9
 343 0154 20000000 		.4byte	.LVL10
 344 0158 AA020000 		.4byte	0x2aa
 345 015c 66010000 		.4byte	0x166
 346 0160 0A       		.uleb128 0xa
 347 0161 01       		.uleb128 0x1
 348 0162 50       		.byte	0x50
 349 0163 01       		.uleb128 0x1
 350 0164 30       		.byte	0x30
 351 0165 00       		.byte	0
ARM GAS  C:\Users\HENRYA~1\AppData\Local\Temp\cc6eMR7f.s 			page 8


 352 0166 09       		.uleb128 0x9
 353 0167 26000000 		.4byte	.LVL11
 354 016b F8020000 		.4byte	0x2f8
 355 016f 79010000 		.4byte	0x179
 356 0173 0A       		.uleb128 0xa
 357 0174 01       		.uleb128 0x1
 358 0175 50       		.byte	0x50
 359 0176 01       		.uleb128 0x1
 360 0177 30       		.byte	0x30
 361 0178 00       		.byte	0
 362 0179 09       		.uleb128 0x9
 363 017a 30000000 		.4byte	.LVL12
 364 017e F8020000 		.4byte	0x2f8
 365 0182 8C010000 		.4byte	0x18c
 366 0186 0A       		.uleb128 0xa
 367 0187 01       		.uleb128 0x1
 368 0188 50       		.byte	0x50
 369 0189 01       		.uleb128 0x1
 370 018a 31       		.byte	0x31
 371 018b 00       		.byte	0
 372 018c 09       		.uleb128 0x9
 373 018d 38000000 		.4byte	.LVL13
 374 0191 F8020000 		.4byte	0x2f8
 375 0195 9F010000 		.4byte	0x19f
 376 0199 0A       		.uleb128 0xa
 377 019a 01       		.uleb128 0x1
 378 019b 50       		.byte	0x50
 379 019c 01       		.uleb128 0x1
 380 019d 32       		.byte	0x32
 381 019e 00       		.byte	0
 382 019f 0B       		.uleb128 0xb
 383 01a0 3E000000 		.4byte	.LVL14
 384 01a4 03030000 		.4byte	0x303
 385 01a8 09       		.uleb128 0x9
 386 01a9 46000000 		.4byte	.LVL15
 387 01ad 0F030000 		.4byte	0x30f
 388 01b1 BC010000 		.4byte	0x1bc
 389 01b5 0A       		.uleb128 0xa
 390 01b6 01       		.uleb128 0x1
 391 01b7 50       		.byte	0x50
 392 01b8 02       		.uleb128 0x2
 393 01b9 74       		.byte	0x74
 394 01ba 00       		.sleb128 0
 395 01bb 00       		.byte	0
 396 01bc 09       		.uleb128 0x9
 397 01bd 4C000000 		.4byte	.LVL16
 398 01c1 AA020000 		.4byte	0x2aa
 399 01c5 CF010000 		.4byte	0x1cf
 400 01c9 0A       		.uleb128 0xa
 401 01ca 01       		.uleb128 0x1
 402 01cb 50       		.byte	0x50
 403 01cc 01       		.uleb128 0x1
 404 01cd 31       		.byte	0x31
 405 01ce 00       		.byte	0
 406 01cf 0C       		.uleb128 0xc
 407 01d0 52000000 		.4byte	.LVL17
 408 01d4 0F030000 		.4byte	0x30f
ARM GAS  C:\Users\HENRYA~1\AppData\Local\Temp\cc6eMR7f.s 			page 9


 409 01d8 0A       		.uleb128 0xa
 410 01d9 01       		.uleb128 0x1
 411 01da 50       		.byte	0x50
 412 01db 02       		.uleb128 0x2
 413 01dc 74       		.byte	0x74
 414 01dd 00       		.sleb128 0
 415 01de 00       		.byte	0
 416 01df 00       		.byte	0
 417 01e0 0E       		.uleb128 0xe
 418 01e1 33000000 		.4byte	.LASF14
 419 01e5 01       		.byte	0x1
 420 01e6 08       		.byte	0x8
 421 01e7 6B000000 		.4byte	0x6b
 422 01eb 05       		.uleb128 0x5
 423 01ec 03       		.byte	0x3
 424 01ed 00000000 		.4byte	dato_recibido
 425 01f1 06       		.uleb128 0x6
 426 01f2 85000000 		.4byte	0x85
 427 01f6 01020000 		.4byte	0x201
 428 01fa 07       		.uleb128 0x7
 429 01fb 93000000 		.4byte	0x93
 430 01ff 05       		.byte	0x5
 431 0200 00       		.byte	0
 432 0201 0E       		.uleb128 0xe
 433 0202 79010000 		.4byte	.LASF15
 434 0206 01       		.byte	0x1
 435 0207 09       		.byte	0x9
 436 0208 F1010000 		.4byte	0x1f1
 437 020c 05       		.uleb128 0x5
 438 020d 03       		.byte	0x3
 439 020e 00000000 		.4byte	publicar
 440 0212 0E       		.uleb128 0xe
 441 0213 62010000 		.4byte	.LASF16
 442 0217 01       		.byte	0x1
 443 0218 0A       		.byte	0xa
 444 0219 9A000000 		.4byte	0x9a
 445 021d 05       		.uleb128 0x5
 446 021e 03       		.byte	0x3
 447 021f 00000000 		.4byte	formato
 448 0223 0E       		.uleb128 0xe
 449 0224 00000000 		.4byte	.LASF17
 450 0228 01       		.byte	0x1
 451 0229 0B       		.byte	0xb
 452 022a A0000000 		.4byte	0xa0
 453 022e 05       		.uleb128 0x5
 454 022f 03       		.byte	0x3
 455 0230 00000000 		.4byte	mailbox0
 456 0234 0E       		.uleb128 0xe
 457 0235 FC000000 		.4byte	.LASF18
 458 0239 01       		.byte	0x1
 459 023a 0C       		.byte	0xc
 460 023b A0000000 		.4byte	0xa0
 461 023f 05       		.uleb128 0x5
 462 0240 03       		.byte	0x3
 463 0241 00000000 		.4byte	mailbox1
 464 0245 0E       		.uleb128 0xe
 465 0246 16000000 		.4byte	.LASF19
ARM GAS  C:\Users\HENRYA~1\AppData\Local\Temp\cc6eMR7f.s 			page 10


 466 024a 01       		.byte	0x1
 467 024b 0D       		.byte	0xd
 468 024c A0000000 		.4byte	0xa0
 469 0250 05       		.uleb128 0x5
 470 0251 03       		.byte	0x3
 471 0252 00000000 		.4byte	mailbox2
 472 0256 0E       		.uleb128 0xe
 473 0257 47020000 		.4byte	.LASF20
 474 025b 01       		.byte	0x1
 475 025c 0E       		.byte	0xe
 476 025d A0000000 		.4byte	0xa0
 477 0261 05       		.uleb128 0x5
 478 0262 03       		.byte	0x3
 479 0263 00000000 		.4byte	mailbox3
 480 0267 0E       		.uleb128 0xe
 481 0268 31010000 		.4byte	.LASF21
 482 026c 01       		.byte	0x1
 483 026d 0F       		.byte	0xf
 484 026e A0000000 		.4byte	0xa0
 485 0272 05       		.uleb128 0x5
 486 0273 03       		.byte	0x3
 487 0274 00000000 		.4byte	dato_enviado
 488 0278 0E       		.uleb128 0xe
 489 0279 41000000 		.4byte	.LASF22
 490 027d 01       		.byte	0x1
 491 027e 10       		.byte	0x10
 492 027f A0000000 		.4byte	0xa0
 493 0283 05       		.uleb128 0x5
 494 0284 03       		.byte	0x3
 495 0285 00000000 		.4byte	dato_enviado_1
 496 0289 0E       		.uleb128 0xe
 497 028a 2B000000 		.4byte	.LASF23
 498 028e 01       		.byte	0x1
 499 028f 11       		.byte	0x11
 500 0290 5D000000 		.4byte	0x5d
 501 0294 05       		.uleb128 0x5
 502 0295 03       		.byte	0x3
 503 0296 00000000 		.4byte	memoria
 504 029a 0F       		.uleb128 0xf
 505 029b 783100   		.ascii	"x1\000"
 506 029e 01       		.byte	0x1
 507 029f 12       		.byte	0x12
 508 02a0 77000000 		.4byte	0x77
 509 02a4 05       		.uleb128 0x5
 510 02a5 03       		.byte	0x3
 511 02a6 00000000 		.4byte	x1
 512 02aa 10       		.uleb128 0x10
 513 02ab 96020000 		.4byte	.LASF24
 514 02af 96020000 		.4byte	.LASF24
 515 02b3 02       		.byte	0x2
 516 02b4 33       		.byte	0x33
 517 02b5 10       		.uleb128 0x10
 518 02b6 50020000 		.4byte	.LASF25
 519 02ba 50020000 		.4byte	.LASF25
 520 02be 03       		.byte	0x3
 521 02bf C9       		.byte	0xc9
 522 02c0 11       		.uleb128 0x11
ARM GAS  C:\Users\HENRYA~1\AppData\Local\Temp\cc6eMR7f.s 			page 11


 523 02c1 24010000 		.4byte	.LASF26
 524 02c5 24010000 		.4byte	.LASF26
 525 02c9 03       		.byte	0x3
 526 02ca 0401     		.2byte	0x104
 527 02cc 10       		.uleb128 0x10
 528 02cd 19020000 		.4byte	.LASF27
 529 02d1 19020000 		.4byte	.LASF27
 530 02d5 03       		.byte	0x3
 531 02d6 C8       		.byte	0xc8
 532 02d7 10       		.uleb128 0x10
 533 02d8 6A010000 		.4byte	.LASF28
 534 02dc 6A010000 		.4byte	.LASF28
 535 02e0 04       		.byte	0x4
 536 02e1 99       		.byte	0x99
 537 02e2 10       		.uleb128 0x10
 538 02e3 B6000000 		.4byte	.LASF29
 539 02e7 B6000000 		.4byte	.LASF29
 540 02eb 04       		.byte	0x4
 541 02ec 9D       		.byte	0x9d
 542 02ed 10       		.uleb128 0x10
 543 02ee 6B020000 		.4byte	.LASF30
 544 02f2 6B020000 		.4byte	.LASF30
 545 02f6 03       		.byte	0x3
 546 02f7 C5       		.byte	0xc5
 547 02f8 10       		.uleb128 0x10
 548 02f9 EC000000 		.4byte	.LASF31
 549 02fd EC000000 		.4byte	.LASF31
 550 0301 04       		.byte	0x4
 551 0302 A0       		.byte	0xa0
 552 0303 11       		.uleb128 0x11
 553 0304 09000000 		.4byte	.LASF32
 554 0308 09000000 		.4byte	.LASF32
 555 030c 03       		.byte	0x3
 556 030d 2901     		.2byte	0x129
 557 030f 10       		.uleb128 0x10
 558 0310 A2020000 		.4byte	.LASF33
 559 0314 A2020000 		.4byte	.LASF33
 560 0318 05       		.byte	0x5
 561 0319 D7       		.byte	0xd7
 562 031a 00       		.byte	0
 563              		.section	.debug_abbrev,"",%progbits
 564              	.Ldebug_abbrev0:
 565 0000 01       		.uleb128 0x1
 566 0001 11       		.uleb128 0x11
 567 0002 01       		.byte	0x1
 568 0003 25       		.uleb128 0x25
 569 0004 0E       		.uleb128 0xe
 570 0005 13       		.uleb128 0x13
 571 0006 0B       		.uleb128 0xb
 572 0007 03       		.uleb128 0x3
 573 0008 0E       		.uleb128 0xe
 574 0009 1B       		.uleb128 0x1b
 575 000a 0E       		.uleb128 0xe
 576 000b 55       		.uleb128 0x55
 577 000c 17       		.uleb128 0x17
 578 000d 11       		.uleb128 0x11
 579 000e 01       		.uleb128 0x1
ARM GAS  C:\Users\HENRYA~1\AppData\Local\Temp\cc6eMR7f.s 			page 12


 580 000f 10       		.uleb128 0x10
 581 0010 17       		.uleb128 0x17
 582 0011 00       		.byte	0
 583 0012 00       		.byte	0
 584 0013 02       		.uleb128 0x2
 585 0014 24       		.uleb128 0x24
 586 0015 00       		.byte	0
 587 0016 0B       		.uleb128 0xb
 588 0017 0B       		.uleb128 0xb
 589 0018 3E       		.uleb128 0x3e
 590 0019 0B       		.uleb128 0xb
 591 001a 03       		.uleb128 0x3
 592 001b 0E       		.uleb128 0xe
 593 001c 00       		.byte	0
 594 001d 00       		.byte	0
 595 001e 03       		.uleb128 0x3
 596 001f 24       		.uleb128 0x24
 597 0020 00       		.byte	0
 598 0021 0B       		.uleb128 0xb
 599 0022 0B       		.uleb128 0xb
 600 0023 3E       		.uleb128 0x3e
 601 0024 0B       		.uleb128 0xb
 602 0025 03       		.uleb128 0x3
 603 0026 08       		.uleb128 0x8
 604 0027 00       		.byte	0
 605 0028 00       		.byte	0
 606 0029 04       		.uleb128 0x4
 607 002a 16       		.uleb128 0x16
 608 002b 00       		.byte	0
 609 002c 03       		.uleb128 0x3
 610 002d 0E       		.uleb128 0xe
 611 002e 3A       		.uleb128 0x3a
 612 002f 0B       		.uleb128 0xb
 613 0030 3B       		.uleb128 0x3b
 614 0031 05       		.uleb128 0x5
 615 0032 49       		.uleb128 0x49
 616 0033 13       		.uleb128 0x13
 617 0034 00       		.byte	0
 618 0035 00       		.byte	0
 619 0036 05       		.uleb128 0x5
 620 0037 0F       		.uleb128 0xf
 621 0038 00       		.byte	0
 622 0039 0B       		.uleb128 0xb
 623 003a 0B       		.uleb128 0xb
 624 003b 49       		.uleb128 0x49
 625 003c 13       		.uleb128 0x13
 626 003d 00       		.byte	0
 627 003e 00       		.byte	0
 628 003f 06       		.uleb128 0x6
 629 0040 01       		.uleb128 0x1
 630 0041 01       		.byte	0x1
 631 0042 49       		.uleb128 0x49
 632 0043 13       		.uleb128 0x13
 633 0044 01       		.uleb128 0x1
 634 0045 13       		.uleb128 0x13
 635 0046 00       		.byte	0
 636 0047 00       		.byte	0
ARM GAS  C:\Users\HENRYA~1\AppData\Local\Temp\cc6eMR7f.s 			page 13


 637 0048 07       		.uleb128 0x7
 638 0049 21       		.uleb128 0x21
 639 004a 00       		.byte	0
 640 004b 49       		.uleb128 0x49
 641 004c 13       		.uleb128 0x13
 642 004d 2F       		.uleb128 0x2f
 643 004e 0B       		.uleb128 0xb
 644 004f 00       		.byte	0
 645 0050 00       		.byte	0
 646 0051 08       		.uleb128 0x8
 647 0052 2E       		.uleb128 0x2e
 648 0053 01       		.byte	0x1
 649 0054 3F       		.uleb128 0x3f
 650 0055 19       		.uleb128 0x19
 651 0056 03       		.uleb128 0x3
 652 0057 0E       		.uleb128 0xe
 653 0058 3A       		.uleb128 0x3a
 654 0059 0B       		.uleb128 0xb
 655 005a 3B       		.uleb128 0x3b
 656 005b 0B       		.uleb128 0xb
 657 005c 27       		.uleb128 0x27
 658 005d 19       		.uleb128 0x19
 659 005e 11       		.uleb128 0x11
 660 005f 01       		.uleb128 0x1
 661 0060 12       		.uleb128 0x12
 662 0061 06       		.uleb128 0x6
 663 0062 40       		.uleb128 0x40
 664 0063 18       		.uleb128 0x18
 665 0064 9742     		.uleb128 0x2117
 666 0066 19       		.uleb128 0x19
 667 0067 01       		.uleb128 0x1
 668 0068 13       		.uleb128 0x13
 669 0069 00       		.byte	0
 670 006a 00       		.byte	0
 671 006b 09       		.uleb128 0x9
 672 006c 898201   		.uleb128 0x4109
 673 006f 01       		.byte	0x1
 674 0070 11       		.uleb128 0x11
 675 0071 01       		.uleb128 0x1
 676 0072 31       		.uleb128 0x31
 677 0073 13       		.uleb128 0x13
 678 0074 01       		.uleb128 0x1
 679 0075 13       		.uleb128 0x13
 680 0076 00       		.byte	0
 681 0077 00       		.byte	0
 682 0078 0A       		.uleb128 0xa
 683 0079 8A8201   		.uleb128 0x410a
 684 007c 00       		.byte	0
 685 007d 02       		.uleb128 0x2
 686 007e 18       		.uleb128 0x18
 687 007f 9142     		.uleb128 0x2111
 688 0081 18       		.uleb128 0x18
 689 0082 00       		.byte	0
 690 0083 00       		.byte	0
 691 0084 0B       		.uleb128 0xb
 692 0085 898201   		.uleb128 0x4109
 693 0088 00       		.byte	0
ARM GAS  C:\Users\HENRYA~1\AppData\Local\Temp\cc6eMR7f.s 			page 14


 694 0089 11       		.uleb128 0x11
 695 008a 01       		.uleb128 0x1
 696 008b 31       		.uleb128 0x31
 697 008c 13       		.uleb128 0x13
 698 008d 00       		.byte	0
 699 008e 00       		.byte	0
 700 008f 0C       		.uleb128 0xc
 701 0090 898201   		.uleb128 0x4109
 702 0093 01       		.byte	0x1
 703 0094 11       		.uleb128 0x11
 704 0095 01       		.uleb128 0x1
 705 0096 31       		.uleb128 0x31
 706 0097 13       		.uleb128 0x13
 707 0098 00       		.byte	0
 708 0099 00       		.byte	0
 709 009a 0D       		.uleb128 0xd
 710 009b 2E       		.uleb128 0x2e
 711 009c 01       		.byte	0x1
 712 009d 3F       		.uleb128 0x3f
 713 009e 19       		.uleb128 0x19
 714 009f 03       		.uleb128 0x3
 715 00a0 0E       		.uleb128 0xe
 716 00a1 3A       		.uleb128 0x3a
 717 00a2 0B       		.uleb128 0xb
 718 00a3 3B       		.uleb128 0x3b
 719 00a4 0B       		.uleb128 0xb
 720 00a5 49       		.uleb128 0x49
 721 00a6 13       		.uleb128 0x13
 722 00a7 8701     		.uleb128 0x87
 723 00a9 19       		.uleb128 0x19
 724 00aa 11       		.uleb128 0x11
 725 00ab 01       		.uleb128 0x1
 726 00ac 12       		.uleb128 0x12
 727 00ad 06       		.uleb128 0x6
 728 00ae 40       		.uleb128 0x40
 729 00af 18       		.uleb128 0x18
 730 00b0 9742     		.uleb128 0x2117
 731 00b2 19       		.uleb128 0x19
 732 00b3 01       		.uleb128 0x1
 733 00b4 13       		.uleb128 0x13
 734 00b5 00       		.byte	0
 735 00b6 00       		.byte	0
 736 00b7 0E       		.uleb128 0xe
 737 00b8 34       		.uleb128 0x34
 738 00b9 00       		.byte	0
 739 00ba 03       		.uleb128 0x3
 740 00bb 0E       		.uleb128 0xe
 741 00bc 3A       		.uleb128 0x3a
 742 00bd 0B       		.uleb128 0xb
 743 00be 3B       		.uleb128 0x3b
 744 00bf 0B       		.uleb128 0xb
 745 00c0 49       		.uleb128 0x49
 746 00c1 13       		.uleb128 0x13
 747 00c2 3F       		.uleb128 0x3f
 748 00c3 19       		.uleb128 0x19
 749 00c4 02       		.uleb128 0x2
 750 00c5 18       		.uleb128 0x18
ARM GAS  C:\Users\HENRYA~1\AppData\Local\Temp\cc6eMR7f.s 			page 15


 751 00c6 00       		.byte	0
 752 00c7 00       		.byte	0
 753 00c8 0F       		.uleb128 0xf
 754 00c9 34       		.uleb128 0x34
 755 00ca 00       		.byte	0
 756 00cb 03       		.uleb128 0x3
 757 00cc 08       		.uleb128 0x8
 758 00cd 3A       		.uleb128 0x3a
 759 00ce 0B       		.uleb128 0xb
 760 00cf 3B       		.uleb128 0x3b
 761 00d0 0B       		.uleb128 0xb
 762 00d1 49       		.uleb128 0x49
 763 00d2 13       		.uleb128 0x13
 764 00d3 3F       		.uleb128 0x3f
 765 00d4 19       		.uleb128 0x19
 766 00d5 02       		.uleb128 0x2
 767 00d6 18       		.uleb128 0x18
 768 00d7 00       		.byte	0
 769 00d8 00       		.byte	0
 770 00d9 10       		.uleb128 0x10
 771 00da 2E       		.uleb128 0x2e
 772 00db 00       		.byte	0
 773 00dc 3F       		.uleb128 0x3f
 774 00dd 19       		.uleb128 0x19
 775 00de 3C       		.uleb128 0x3c
 776 00df 19       		.uleb128 0x19
 777 00e0 6E       		.uleb128 0x6e
 778 00e1 0E       		.uleb128 0xe
 779 00e2 03       		.uleb128 0x3
 780 00e3 0E       		.uleb128 0xe
 781 00e4 3A       		.uleb128 0x3a
 782 00e5 0B       		.uleb128 0xb
 783 00e6 3B       		.uleb128 0x3b
 784 00e7 0B       		.uleb128 0xb
 785 00e8 00       		.byte	0
 786 00e9 00       		.byte	0
 787 00ea 11       		.uleb128 0x11
 788 00eb 2E       		.uleb128 0x2e
 789 00ec 00       		.byte	0
 790 00ed 3F       		.uleb128 0x3f
 791 00ee 19       		.uleb128 0x19
 792 00ef 3C       		.uleb128 0x3c
 793 00f0 19       		.uleb128 0x19
 794 00f1 6E       		.uleb128 0x6e
 795 00f2 0E       		.uleb128 0xe
 796 00f3 03       		.uleb128 0x3
 797 00f4 0E       		.uleb128 0xe
 798 00f5 3A       		.uleb128 0x3a
 799 00f6 0B       		.uleb128 0xb
 800 00f7 3B       		.uleb128 0x3b
 801 00f8 05       		.uleb128 0x5
 802 00f9 00       		.byte	0
 803 00fa 00       		.byte	0
 804 00fb 00       		.byte	0
 805              		.section	.debug_aranges,"",%progbits
 806 0000 24000000 		.4byte	0x24
 807 0004 0200     		.2byte	0x2
ARM GAS  C:\Users\HENRYA~1\AppData\Local\Temp\cc6eMR7f.s 			page 16


 808 0006 00000000 		.4byte	.Ldebug_info0
 809 000a 04       		.byte	0x4
 810 000b 00       		.byte	0
 811 000c 0000     		.2byte	0
 812 000e 0000     		.2byte	0
 813 0010 00000000 		.4byte	.LFB37
 814 0014 1C000000 		.4byte	.LFE37-.LFB37
 815 0018 00000000 		.4byte	.LFB38
 816 001c 5C000000 		.4byte	.LFE38-.LFB38
 817 0020 00000000 		.4byte	0
 818 0024 00000000 		.4byte	0
 819              		.section	.debug_ranges,"",%progbits
 820              	.Ldebug_ranges0:
 821 0000 00000000 		.4byte	.LFB37
 822 0004 1C000000 		.4byte	.LFE37
 823 0008 00000000 		.4byte	.LFB38
 824 000c 5C000000 		.4byte	.LFE38
 825 0010 00000000 		.4byte	0
 826 0014 00000000 		.4byte	0
 827              		.section	.debug_line,"",%progbits
 828              	.Ldebug_line0:
 829 0000 C1000000 		.section	.debug_str,"MS",%progbits,1
 829      02006900 
 829      00000201 
 829      FB0E0D00 
 829      01010101 
 830              	.LASF17:
 831 0000 6D61696C 		.ascii	"mailbox0\000"
 831      626F7830 
 831      00
 832              	.LASF32:
 833 0009 43414E5F 		.ascii	"CAN_SendMsg4\000"
 833      53656E64 
 833      4D736734 
 833      00
 834              	.LASF19:
 835 0016 6D61696C 		.ascii	"mailbox2\000"
 835      626F7832 
 835      00
 836              	.LASF38:
 837 001f 696E7465 		.ascii	"interrutcan\000"
 837      72727574 
 837      63616E00 
 838              	.LASF23:
 839 002b 6D656D6F 		.ascii	"memoria\000"
 839      72696100 
 840              	.LASF14:
 841 0033 6461746F 		.ascii	"dato_recibido\000"
 841      5F726563 
 841      69626964 
 841      6F00
 842              	.LASF22:
 843 0041 6461746F 		.ascii	"dato_enviado_1\000"
 843      5F656E76 
 843      6961646F 
 843      5F3100
 844              	.LASF9:
ARM GAS  C:\Users\HENRYA~1\AppData\Local\Temp\cc6eMR7f.s 			page 17


 845 0050 666C6F61 		.ascii	"float\000"
 845      7400
 846              	.LASF36:
 847 0056 433A5C55 		.ascii	"C:\\Users\\Henry Alberto\\Documents\\GitHub\\Psoc_M"
 847      73657273 
 847      5C48656E 
 847      72792041 
 847      6C626572 
 848 0084 6F64756C 		.ascii	"odular\\Optimization_Algorithms\\Acelerometer.cydsn"
 848      61725C4F 
 848      7074696D 
 848      697A6174 
 848      696F6E5F 
 849 00b5 00       		.ascii	"\000"
 850              	.LASF29:
 851 00b6 4144435F 		.ascii	"ADC_StartConvert\000"
 851      53746172 
 851      74436F6E 
 851      76657274 
 851      00
 852              	.LASF5:
 853 00c7 6C6F6E67 		.ascii	"long unsigned int\000"
 853      20756E73 
 853      69676E65 
 853      6420696E 
 853      7400
 854              	.LASF3:
 855 00d9 73686F72 		.ascii	"short unsigned int\000"
 855      7420756E 
 855      7369676E 
 855      65642069 
 855      6E7400
 856              	.LASF31:
 857 00ec 4144435F 		.ascii	"ADC_GetResult16\000"
 857      47657452 
 857      6573756C 
 857      74313600 
 858              	.LASF18:
 859 00fc 6D61696C 		.ascii	"mailbox1\000"
 859      626F7831 
 859      00
 860              	.LASF1:
 861 0105 756E7369 		.ascii	"unsigned char\000"
 861      676E6564 
 861      20636861 
 861      7200
 862              	.LASF10:
 863 0113 646F7562 		.ascii	"double\000"
 863      6C6500
 864              	.LASF2:
 865 011a 73686F72 		.ascii	"short int\000"
 865      7420696E 
 865      7400
 866              	.LASF26:
 867 0124 43414E5F 		.ascii	"CAN_MsgRXIsr\000"
 867      4D736752 
 867      58497372 
ARM GAS  C:\Users\HENRYA~1\AppData\Local\Temp\cc6eMR7f.s 			page 18


 867      00
 868              	.LASF21:
 869 0131 6461746F 		.ascii	"dato_enviado\000"
 869      5F656E76 
 869      6961646F 
 869      00
 870              	.LASF8:
 871 013e 756E7369 		.ascii	"unsigned int\000"
 871      676E6564 
 871      20696E74 
 871      00
 872              	.LASF7:
 873 014b 6C6F6E67 		.ascii	"long long unsigned int\000"
 873      206C6F6E 
 873      6720756E 
 873      7369676E 
 873      65642069 
 874              	.LASF16:
 875 0162 666F726D 		.ascii	"formato\000"
 875      61746F00 
 876              	.LASF28:
 877 016a 4144435F 		.ascii	"ADC_Start\000"
 877      53746172 
 877      7400
 878              	.LASF39:
 879 0174 6D61696E 		.ascii	"main\000"
 879      00
 880              	.LASF15:
 881 0179 7075626C 		.ascii	"publicar\000"
 881      69636172 
 881      00
 882              	.LASF34:
 883 0182 474E5520 		.ascii	"GNU C11 5.4.1 20160609 (release) [ARM/embedded-5-br"
 883      43313120 
 883      352E342E 
 883      31203230 
 883      31363036 
 884 01b5 616E6368 		.ascii	"anch revision 237715] -mcpu=cortex-m0 -mthumb -g -O"
 884      20726576 
 884      6973696F 
 884      6E203233 
 884      37373135 
 885 01e8 67202D66 		.ascii	"g -ffunction-sections -ffat-lto-objects\000"
 885      66756E63 
 885      74696F6E 
 885      2D736563 
 885      74696F6E 
 886              	.LASF13:
 887 0210 73697A65 		.ascii	"sizetype\000"
 887      74797065 
 887      00
 888              	.LASF27:
 889 0219 43414E5F 		.ascii	"CAN_GlobalIntEnable\000"
 889      476C6F62 
 889      616C496E 
 889      74456E61 
 889      626C6500 
ARM GAS  C:\Users\HENRYA~1\AppData\Local\Temp\cc6eMR7f.s 			page 19


 890              	.LASF6:
 891 022d 6C6F6E67 		.ascii	"long long int\000"
 891      206C6F6E 
 891      6720696E 
 891      7400
 892              	.LASF35:
 893 023b 6D61696E 		.ascii	"main.c\000"
 893      2E6300
 894              	.LASF11:
 895 0242 63686172 		.ascii	"char\000"
 895      00
 896              	.LASF20:
 897 0247 6D61696C 		.ascii	"mailbox3\000"
 897      626F7833 
 897      00
 898              	.LASF25:
 899 0250 43414E5F 		.ascii	"CAN_GlobalIntDisable\000"
 899      476C6F62 
 899      616C496E 
 899      74446973 
 899      61626C65 
 900              	.LASF37:
 901 0265 75696E74 		.ascii	"uint8\000"
 901      3800
 902              	.LASF30:
 903 026b 43414E5F 		.ascii	"CAN_Start\000"
 903      53746172 
 903      7400
 904              	.LASF4:
 905 0275 6C6F6E67 		.ascii	"long int\000"
 905      20696E74 
 905      00
 906              	.LASF12:
 907 027e 6C6F6E67 		.ascii	"long double\000"
 907      20646F75 
 907      626C6500 
 908              	.LASF0:
 909 028a 7369676E 		.ascii	"signed char\000"
 909      65642063 
 909      68617200 
 910              	.LASF24:
 911 0296 4C45445F 		.ascii	"LED_1_Write\000"
 911      315F5772 
 911      69746500 
 912              	.LASF33:
 913 02a2 43794465 		.ascii	"CyDelay\000"
 913      6C617900 
 914              		.ident	"GCC: (GNU Tools for ARM Embedded Processors) 5.4.1 20160609 (release) [ARM/embedded-5-bran
