ARM GAS  C:\Users\HENRYA~1\AppData\Local\Temp\cc1z4xce.s 			page 1


   1              		.syntax unified
   2              		.cpu cortex-m3
   3              		.fpu softvfp
   4              		.eabi_attribute 20, 1
   5              		.eabi_attribute 21, 1
   6              		.eabi_attribute 23, 3
   7              		.eabi_attribute 24, 1
   8              		.eabi_attribute 25, 1
   9              		.eabi_attribute 26, 1
  10              		.eabi_attribute 30, 1
  11              		.eabi_attribute 34, 1
  12              		.eabi_attribute 18, 4
  13              		.thumb
  14              		.syntax unified
  15              		.file	"main.c"
  16              		.text
  17              	.Ltext0:
  18              		.cfi_sections	.debug_frame
  19              		.section	.text.main,"ax",%progbits
  20              		.align	2
  21              		.global	main
  22              		.thumb
  23              		.thumb_func
  24              		.type	main, %function
  25              	main:
  26              	.LFB63:
  27              		.file 1 "main.c"
   1:main.c        **** /* ========================================
   2:main.c        ****  *
   3:main.c        ****  * Copyright YOUR COMPANY, THE YEAR
   4:main.c        ****  * All Rights Reserved
   5:main.c        ****  * UNPUBLISHED, LICENSED SOFTWARE.
   6:main.c        ****  *
   7:main.c        ****  * CONFIDENTIAL AND PROPRIETARY INFORMATION
   8:main.c        ****  * WHICH IS THE PROPERTY OF your company.
   9:main.c        ****  *
  10:main.c        ****  * ========================================
  11:main.c        **** */
  12:main.c        **** #include <project.h>
  13:main.c        **** 
  14:main.c        **** uint8 dato_recibido[8];
  15:main.c        **** uint8 dato_enviado;
  16:main.c        **** 
  17:main.c        **** int main()
  18:main.c        **** {
  28              		.loc 1 18 0
  29              		.cfi_startproc
  30              		@ Volatile: function does not return.
  31              		@ args = 0, pretend = 0, frame = 0
  32              		@ frame_needed = 0, uses_anonymous_args = 0
  33 0000 08B5     		push	{r3, lr}
  34              		.cfi_def_cfa_offset 8
  35              		.cfi_offset 3, -8
  36              		.cfi_offset 14, -4
  19:main.c        ****     CyGlobalIntEnable; /* Enable global interrupts. */
  37              		.loc 1 19 0
  38              		.syntax unified
ARM GAS  C:\Users\HENRYA~1\AppData\Local\Temp\cc1z4xce.s 			page 2


  39              	@ 19 "main.c" 1
  40 0002 62B6     		CPSIE   i
  41              	@ 0 "" 2
  20:main.c        ****     RX_CAN_Start();
  42              		.loc 1 20 0
  43              		.thumb
  44              		.syntax unified
  45 0004 FFF7FEFF 		bl	RX_CAN_Start
  46              	.LVL0:
  21:main.c        ****     LCD_Char_1_Start();
  47              		.loc 1 21 0
  48 0008 FFF7FEFF 		bl	LCD_Char_1_Start
  49              	.LVL1:
  22:main.c        ****     LCD_Char_1_Position(0,0);
  50              		.loc 1 22 0
  51 000c 0021     		movs	r1, #0
  52 000e 0846     		mov	r0, r1
  53 0010 FFF7FEFF 		bl	LCD_Char_1_Position
  54              	.LVL2:
  23:main.c        ****     //LCD_Char_1_PrintString("Recibiendo...");
  24:main.c        ****     dato_enviado=0;
  55              		.loc 1 24 0
  56 0014 0022     		movs	r2, #0
  57 0016 204B     		ldr	r3, .L4
  58 0018 1A70     		strb	r2, [r3]
  59              	.L2:
  25:main.c        ****     for(;;)
  26:main.c        ****     {
  27:main.c        ****         LCD_Char_1_Position(0,0);
  60              		.loc 1 27 0 discriminator 1
  61 001a 0021     		movs	r1, #0
  62 001c 0846     		mov	r0, r1
  63 001e FFF7FEFF 		bl	LCD_Char_1_Position
  64              	.LVL3:
  28:main.c        ****         LCD_Char_1_PrintHexUint8(dato_recibido[0]);
  65              		.loc 1 28 0 discriminator 1
  66 0022 1E4C     		ldr	r4, .L4+4
  67 0024 2078     		ldrb	r0, [r4]	@ zero_extendqisi2
  68 0026 FFF7FEFF 		bl	LCD_Char_1_PrintInt8
  69              	.LVL4:
  29:main.c        ****         LCD_Char_1_Position(0,3);
  70              		.loc 1 29 0 discriminator 1
  71 002a 0321     		movs	r1, #3
  72 002c 0020     		movs	r0, #0
  73 002e FFF7FEFF 		bl	LCD_Char_1_Position
  74              	.LVL5:
  30:main.c        ****         LCD_Char_1_PrintHexUint8(dato_recibido[1]);   
  75              		.loc 1 30 0 discriminator 1
  76 0032 6078     		ldrb	r0, [r4, #1]	@ zero_extendqisi2
  77 0034 FFF7FEFF 		bl	LCD_Char_1_PrintInt8
  78              	.LVL6:
  31:main.c        ****         LCD_Char_1_Position(0,6);
  79              		.loc 1 31 0 discriminator 1
  80 0038 0621     		movs	r1, #6
  81 003a 0020     		movs	r0, #0
  82 003c FFF7FEFF 		bl	LCD_Char_1_Position
  83              	.LVL7:
ARM GAS  C:\Users\HENRYA~1\AppData\Local\Temp\cc1z4xce.s 			page 3


  32:main.c        ****         LCD_Char_1_PrintHexUint8(dato_recibido[2]);   
  84              		.loc 1 32 0 discriminator 1
  85 0040 A078     		ldrb	r0, [r4, #2]	@ zero_extendqisi2
  86 0042 FFF7FEFF 		bl	LCD_Char_1_PrintInt8
  87              	.LVL8:
  33:main.c        ****         LCD_Char_1_Position(0,9);
  88              		.loc 1 33 0 discriminator 1
  89 0046 0921     		movs	r1, #9
  90 0048 0020     		movs	r0, #0
  91 004a FFF7FEFF 		bl	LCD_Char_1_Position
  92              	.LVL9:
  34:main.c        ****         LCD_Char_1_PrintHexUint8(dato_recibido[3]);   
  93              		.loc 1 34 0 discriminator 1
  94 004e E078     		ldrb	r0, [r4, #3]	@ zero_extendqisi2
  95 0050 FFF7FEFF 		bl	LCD_Char_1_PrintInt8
  96              	.LVL10:
  35:main.c        ****         LCD_Char_1_Position(0,12);
  97              		.loc 1 35 0 discriminator 1
  98 0054 0C21     		movs	r1, #12
  99 0056 0020     		movs	r0, #0
 100 0058 FFF7FEFF 		bl	LCD_Char_1_Position
 101              	.LVL11:
  36:main.c        ****         LCD_Char_1_PrintHexUint8(dato_recibido[4]);         
 102              		.loc 1 36 0 discriminator 1
 103 005c 2079     		ldrb	r0, [r4, #4]	@ zero_extendqisi2
 104 005e FFF7FEFF 		bl	LCD_Char_1_PrintInt8
 105              	.LVL12:
  37:main.c        ****         LCD_Char_1_Position(1,0);
 106              		.loc 1 37 0 discriminator 1
 107 0062 0021     		movs	r1, #0
 108 0064 0120     		movs	r0, #1
 109 0066 FFF7FEFF 		bl	LCD_Char_1_Position
 110              	.LVL13:
  38:main.c        ****         LCD_Char_1_PrintHexUint8(dato_recibido[5]);
 111              		.loc 1 38 0 discriminator 1
 112 006a 6079     		ldrb	r0, [r4, #5]	@ zero_extendqisi2
 113 006c FFF7FEFF 		bl	LCD_Char_1_PrintInt8
 114              	.LVL14:
  39:main.c        ****         LCD_Char_1_Position(1,3);
 115              		.loc 1 39 0 discriminator 1
 116 0070 0321     		movs	r1, #3
 117 0072 0120     		movs	r0, #1
 118 0074 FFF7FEFF 		bl	LCD_Char_1_Position
 119              	.LVL15:
  40:main.c        ****         LCD_Char_1_PrintHexUint8(dato_recibido[6]);   
 120              		.loc 1 40 0 discriminator 1
 121 0078 A079     		ldrb	r0, [r4, #6]	@ zero_extendqisi2
 122 007a FFF7FEFF 		bl	LCD_Char_1_PrintInt8
 123              	.LVL16:
  41:main.c        ****         LCD_Char_1_Position(1,6);
 124              		.loc 1 41 0 discriminator 1
 125 007e 0621     		movs	r1, #6
 126 0080 0120     		movs	r0, #1
 127 0082 FFF7FEFF 		bl	LCD_Char_1_Position
 128              	.LVL17:
  42:main.c        ****         LCD_Char_1_PrintHexUint8(dato_recibido[7]); 
 129              		.loc 1 42 0 discriminator 1
ARM GAS  C:\Users\HENRYA~1\AppData\Local\Temp\cc1z4xce.s 			page 4


 130 0086 E079     		ldrb	r0, [r4, #7]	@ zero_extendqisi2
 131 0088 FFF7FEFF 		bl	LCD_Char_1_PrintInt8
 132              	.LVL18:
  43:main.c        ****         CyDelay(500);
 133              		.loc 1 43 0 discriminator 1
 134 008c 4FF4FA70 		mov	r0, #500
 135 0090 FFF7FEFF 		bl	CyDelay
 136              	.LVL19:
 137 0094 C1E7     		b	.L2
 138              	.L5:
 139 0096 00BF     		.align	2
 140              	.L4:
 141 0098 00000000 		.word	dato_enviado
 142 009c 00000000 		.word	dato_recibido
 143              		.cfi_endproc
 144              	.LFE63:
 145              		.size	main, .-main
 146              		.comm	dato_enviado,1,1
 147              		.comm	dato_recibido,8,4
 148              		.text
 149              	.Letext0:
 150              		.file 2 "c:\\program files (x86)\\cypress\\psoc creator\\4.1\\psoc creator\\import\\gnu\\arm\\5.4.
 151              		.file 3 "c:\\program files (x86)\\cypress\\psoc creator\\4.1\\psoc creator\\import\\gnu\\arm\\5.4.
 152              		.file 4 "Generated_Source\\PSoC5/cytypes.h"
 153              		.file 5 "Generated_Source\\PSoC5/core_cm3.h"
 154              		.file 6 "Generated_Source\\PSoC5/RX_CAN.h"
 155              		.file 7 "Generated_Source\\PSoC5/LCD_Char_1.h"
 156              		.file 8 "Generated_Source\\PSoC5/CyLib.h"
 157              		.section	.debug_info,"",%progbits
 158              	.Ldebug_info0:
 159 0000 84020000 		.4byte	0x284
 160 0004 0400     		.2byte	0x4
 161 0006 00000000 		.4byte	.Ldebug_abbrev0
 162 000a 04       		.byte	0x4
 163 000b 01       		.uleb128 0x1
 164 000c 4A000000 		.4byte	.LASF25
 165 0010 0C       		.byte	0xc
 166 0011 2D000000 		.4byte	.LASF26
 167 0015 CB010000 		.4byte	.LASF27
 168 0019 00000000 		.4byte	.Ldebug_ranges0+0
 169 001d 00000000 		.4byte	0
 170 0021 00000000 		.4byte	.Ldebug_line0
 171 0025 02       		.uleb128 0x2
 172 0026 01       		.byte	0x1
 173 0027 06       		.byte	0x6
 174 0028 7C010000 		.4byte	.LASF0
 175 002c 02       		.uleb128 0x2
 176 002d 01       		.byte	0x1
 177 002e 08       		.byte	0x8
 178 002f 2A010000 		.4byte	.LASF1
 179 0033 02       		.uleb128 0x2
 180 0034 02       		.byte	0x2
 181 0035 05       		.byte	0x5
 182 0036 B9010000 		.4byte	.LASF2
 183 003a 02       		.uleb128 0x2
 184 003b 02       		.byte	0x2
 185 003c 07       		.byte	0x7
ARM GAS  C:\Users\HENRYA~1\AppData\Local\Temp\cc1z4xce.s 			page 5


 186 003d 0D000000 		.4byte	.LASF3
 187 0041 03       		.uleb128 0x3
 188 0042 A9010000 		.4byte	.LASF9
 189 0046 02       		.byte	0x2
 190 0047 3F       		.byte	0x3f
 191 0048 4C000000 		.4byte	0x4c
 192 004c 02       		.uleb128 0x2
 193 004d 04       		.byte	0x4
 194 004e 05       		.byte	0x5
 195 004f 51010000 		.4byte	.LASF4
 196 0053 02       		.uleb128 0x2
 197 0054 04       		.byte	0x4
 198 0055 07       		.byte	0x7
 199 0056 E6000000 		.4byte	.LASF5
 200 005a 02       		.uleb128 0x2
 201 005b 08       		.byte	0x8
 202 005c 05       		.byte	0x5
 203 005d 61010000 		.4byte	.LASF6
 204 0061 02       		.uleb128 0x2
 205 0062 08       		.byte	0x8
 206 0063 07       		.byte	0x7
 207 0064 F8000000 		.4byte	.LASF7
 208 0068 04       		.uleb128 0x4
 209 0069 04       		.byte	0x4
 210 006a 05       		.byte	0x5
 211 006b 696E7400 		.ascii	"int\000"
 212 006f 02       		.uleb128 0x2
 213 0070 04       		.byte	0x4
 214 0071 07       		.byte	0x7
 215 0072 20000000 		.4byte	.LASF8
 216 0076 03       		.uleb128 0x3
 217 0077 C3010000 		.4byte	.LASF10
 218 007b 03       		.byte	0x3
 219 007c 2C       		.byte	0x2c
 220 007d 41000000 		.4byte	0x41
 221 0081 05       		.uleb128 0x5
 222 0082 E0000000 		.4byte	.LASF11
 223 0086 04       		.byte	0x4
 224 0087 9201     		.2byte	0x192
 225 0089 2C000000 		.4byte	0x2c
 226 008d 02       		.uleb128 0x2
 227 008e 04       		.byte	0x4
 228 008f 04       		.byte	0x4
 229 0090 B3010000 		.4byte	.LASF12
 230 0094 02       		.uleb128 0x2
 231 0095 08       		.byte	0x8
 232 0096 04       		.byte	0x4
 233 0097 5A010000 		.4byte	.LASF13
 234 009b 02       		.uleb128 0x2
 235 009c 01       		.byte	0x1
 236 009d 08       		.byte	0x8
 237 009e 4C010000 		.4byte	.LASF14
 238 00a2 02       		.uleb128 0x2
 239 00a3 08       		.byte	0x8
 240 00a4 04       		.byte	0x4
 241 00a5 88010000 		.4byte	.LASF15
 242 00a9 02       		.uleb128 0x2
ARM GAS  C:\Users\HENRYA~1\AppData\Local\Temp\cc1z4xce.s 			page 6


 243 00aa 04       		.byte	0x4
 244 00ab 07       		.byte	0x7
 245 00ac 15020000 		.4byte	.LASF16
 246 00b0 06       		.uleb128 0x6
 247 00b1 81000000 		.4byte	0x81
 248 00b5 C0000000 		.4byte	0xc0
 249 00b9 07       		.uleb128 0x7
 250 00ba A9000000 		.4byte	0xa9
 251 00be 07       		.byte	0x7
 252 00bf 00       		.byte	0
 253 00c0 08       		.uleb128 0x8
 254 00c1 34000000 		.4byte	.LASF28
 255 00c5 01       		.byte	0x1
 256 00c6 11       		.byte	0x11
 257 00c7 68000000 		.4byte	0x68
 258 00cb 00000000 		.4byte	.LFB63
 259 00cf A0000000 		.4byte	.LFE63-.LFB63
 260 00d3 01       		.uleb128 0x1
 261 00d4 9C       		.byte	0x9c
 262 00d5 1D020000 		.4byte	0x21d
 263 00d9 09       		.uleb128 0x9
 264 00da 08000000 		.4byte	.LVL0
 265 00de 50020000 		.4byte	0x250
 266 00e2 09       		.uleb128 0x9
 267 00e3 0C000000 		.4byte	.LVL1
 268 00e7 5B020000 		.4byte	0x25b
 269 00eb 0A       		.uleb128 0xa
 270 00ec 14000000 		.4byte	.LVL2
 271 00f0 66020000 		.4byte	0x266
 272 00f4 03010000 		.4byte	0x103
 273 00f8 0B       		.uleb128 0xb
 274 00f9 01       		.uleb128 0x1
 275 00fa 50       		.byte	0x50
 276 00fb 01       		.uleb128 0x1
 277 00fc 30       		.byte	0x30
 278 00fd 0B       		.uleb128 0xb
 279 00fe 01       		.uleb128 0x1
 280 00ff 51       		.byte	0x51
 281 0100 01       		.uleb128 0x1
 282 0101 30       		.byte	0x30
 283 0102 00       		.byte	0
 284 0103 0A       		.uleb128 0xa
 285 0104 22000000 		.4byte	.LVL3
 286 0108 66020000 		.4byte	0x266
 287 010c 1B010000 		.4byte	0x11b
 288 0110 0B       		.uleb128 0xb
 289 0111 01       		.uleb128 0x1
 290 0112 50       		.byte	0x50
 291 0113 01       		.uleb128 0x1
 292 0114 30       		.byte	0x30
 293 0115 0B       		.uleb128 0xb
 294 0116 01       		.uleb128 0x1
 295 0117 51       		.byte	0x51
 296 0118 01       		.uleb128 0x1
 297 0119 30       		.byte	0x30
 298 011a 00       		.byte	0
 299 011b 09       		.uleb128 0x9
ARM GAS  C:\Users\HENRYA~1\AppData\Local\Temp\cc1z4xce.s 			page 7


 300 011c 2A000000 		.4byte	.LVL4
 301 0120 71020000 		.4byte	0x271
 302 0124 0A       		.uleb128 0xa
 303 0125 32000000 		.4byte	.LVL5
 304 0129 66020000 		.4byte	0x266
 305 012d 3C010000 		.4byte	0x13c
 306 0131 0B       		.uleb128 0xb
 307 0132 01       		.uleb128 0x1
 308 0133 50       		.byte	0x50
 309 0134 01       		.uleb128 0x1
 310 0135 30       		.byte	0x30
 311 0136 0B       		.uleb128 0xb
 312 0137 01       		.uleb128 0x1
 313 0138 51       		.byte	0x51
 314 0139 01       		.uleb128 0x1
 315 013a 33       		.byte	0x33
 316 013b 00       		.byte	0
 317 013c 09       		.uleb128 0x9
 318 013d 38000000 		.4byte	.LVL6
 319 0141 71020000 		.4byte	0x271
 320 0145 0A       		.uleb128 0xa
 321 0146 40000000 		.4byte	.LVL7
 322 014a 66020000 		.4byte	0x266
 323 014e 5D010000 		.4byte	0x15d
 324 0152 0B       		.uleb128 0xb
 325 0153 01       		.uleb128 0x1
 326 0154 50       		.byte	0x50
 327 0155 01       		.uleb128 0x1
 328 0156 30       		.byte	0x30
 329 0157 0B       		.uleb128 0xb
 330 0158 01       		.uleb128 0x1
 331 0159 51       		.byte	0x51
 332 015a 01       		.uleb128 0x1
 333 015b 36       		.byte	0x36
 334 015c 00       		.byte	0
 335 015d 09       		.uleb128 0x9
 336 015e 46000000 		.4byte	.LVL8
 337 0162 71020000 		.4byte	0x271
 338 0166 0A       		.uleb128 0xa
 339 0167 4E000000 		.4byte	.LVL9
 340 016b 66020000 		.4byte	0x266
 341 016f 7E010000 		.4byte	0x17e
 342 0173 0B       		.uleb128 0xb
 343 0174 01       		.uleb128 0x1
 344 0175 50       		.byte	0x50
 345 0176 01       		.uleb128 0x1
 346 0177 30       		.byte	0x30
 347 0178 0B       		.uleb128 0xb
 348 0179 01       		.uleb128 0x1
 349 017a 51       		.byte	0x51
 350 017b 01       		.uleb128 0x1
 351 017c 39       		.byte	0x39
 352 017d 00       		.byte	0
 353 017e 09       		.uleb128 0x9
 354 017f 54000000 		.4byte	.LVL10
 355 0183 71020000 		.4byte	0x271
 356 0187 0A       		.uleb128 0xa
ARM GAS  C:\Users\HENRYA~1\AppData\Local\Temp\cc1z4xce.s 			page 8


 357 0188 5C000000 		.4byte	.LVL11
 358 018c 66020000 		.4byte	0x266
 359 0190 9F010000 		.4byte	0x19f
 360 0194 0B       		.uleb128 0xb
 361 0195 01       		.uleb128 0x1
 362 0196 50       		.byte	0x50
 363 0197 01       		.uleb128 0x1
 364 0198 30       		.byte	0x30
 365 0199 0B       		.uleb128 0xb
 366 019a 01       		.uleb128 0x1
 367 019b 51       		.byte	0x51
 368 019c 01       		.uleb128 0x1
 369 019d 3C       		.byte	0x3c
 370 019e 00       		.byte	0
 371 019f 09       		.uleb128 0x9
 372 01a0 62000000 		.4byte	.LVL12
 373 01a4 71020000 		.4byte	0x271
 374 01a8 0A       		.uleb128 0xa
 375 01a9 6A000000 		.4byte	.LVL13
 376 01ad 66020000 		.4byte	0x266
 377 01b1 C0010000 		.4byte	0x1c0
 378 01b5 0B       		.uleb128 0xb
 379 01b6 01       		.uleb128 0x1
 380 01b7 50       		.byte	0x50
 381 01b8 01       		.uleb128 0x1
 382 01b9 31       		.byte	0x31
 383 01ba 0B       		.uleb128 0xb
 384 01bb 01       		.uleb128 0x1
 385 01bc 51       		.byte	0x51
 386 01bd 01       		.uleb128 0x1
 387 01be 30       		.byte	0x30
 388 01bf 00       		.byte	0
 389 01c0 09       		.uleb128 0x9
 390 01c1 70000000 		.4byte	.LVL14
 391 01c5 71020000 		.4byte	0x271
 392 01c9 0A       		.uleb128 0xa
 393 01ca 78000000 		.4byte	.LVL15
 394 01ce 66020000 		.4byte	0x266
 395 01d2 E1010000 		.4byte	0x1e1
 396 01d6 0B       		.uleb128 0xb
 397 01d7 01       		.uleb128 0x1
 398 01d8 50       		.byte	0x50
 399 01d9 01       		.uleb128 0x1
 400 01da 31       		.byte	0x31
 401 01db 0B       		.uleb128 0xb
 402 01dc 01       		.uleb128 0x1
 403 01dd 51       		.byte	0x51
 404 01de 01       		.uleb128 0x1
 405 01df 33       		.byte	0x33
 406 01e0 00       		.byte	0
 407 01e1 09       		.uleb128 0x9
 408 01e2 7E000000 		.4byte	.LVL16
 409 01e6 71020000 		.4byte	0x271
 410 01ea 0A       		.uleb128 0xa
 411 01eb 86000000 		.4byte	.LVL17
 412 01ef 66020000 		.4byte	0x266
 413 01f3 02020000 		.4byte	0x202
ARM GAS  C:\Users\HENRYA~1\AppData\Local\Temp\cc1z4xce.s 			page 9


 414 01f7 0B       		.uleb128 0xb
 415 01f8 01       		.uleb128 0x1
 416 01f9 50       		.byte	0x50
 417 01fa 01       		.uleb128 0x1
 418 01fb 31       		.byte	0x31
 419 01fc 0B       		.uleb128 0xb
 420 01fd 01       		.uleb128 0x1
 421 01fe 51       		.byte	0x51
 422 01ff 01       		.uleb128 0x1
 423 0200 36       		.byte	0x36
 424 0201 00       		.byte	0
 425 0202 09       		.uleb128 0x9
 426 0203 8C000000 		.4byte	.LVL18
 427 0207 71020000 		.4byte	0x271
 428 020b 0C       		.uleb128 0xc
 429 020c 94000000 		.4byte	.LVL19
 430 0210 7C020000 		.4byte	0x27c
 431 0214 0B       		.uleb128 0xb
 432 0215 01       		.uleb128 0x1
 433 0216 50       		.byte	0x50
 434 0217 03       		.uleb128 0x3
 435 0218 0A       		.byte	0xa
 436 0219 F401     		.2byte	0x1f4
 437 021b 00       		.byte	0
 438 021c 00       		.byte	0
 439 021d 0D       		.uleb128 0xd
 440 021e 6F010000 		.4byte	.LASF17
 441 0222 05       		.byte	0x5
 442 0223 1207     		.2byte	0x712
 443 0225 29020000 		.4byte	0x229
 444 0229 0E       		.uleb128 0xe
 445 022a 76000000 		.4byte	0x76
 446 022e 0F       		.uleb128 0xf
 447 022f 0F010000 		.4byte	.LASF18
 448 0233 01       		.byte	0x1
 449 0234 0E       		.byte	0xe
 450 0235 B0000000 		.4byte	0xb0
 451 0239 05       		.uleb128 0x5
 452 023a 03       		.byte	0x3
 453 023b 00000000 		.4byte	dato_recibido
 454 023f 0F       		.uleb128 0xf
 455 0240 1D010000 		.4byte	.LASF19
 456 0244 01       		.byte	0x1
 457 0245 0F       		.byte	0xf
 458 0246 81000000 		.4byte	0x81
 459 024a 05       		.uleb128 0x5
 460 024b 03       		.byte	0x3
 461 024c 00000000 		.4byte	dato_enviado
 462 0250 10       		.uleb128 0x10
 463 0251 00000000 		.4byte	.LASF20
 464 0255 00000000 		.4byte	.LASF20
 465 0259 06       		.byte	0x6
 466 025a C5       		.byte	0xc5
 467 025b 10       		.uleb128 0x10
 468 025c 39000000 		.4byte	.LASF21
 469 0260 39000000 		.4byte	.LASF21
 470 0264 07       		.byte	0x7
ARM GAS  C:\Users\HENRYA~1\AppData\Local\Temp\cc1z4xce.s 			page 10


 471 0265 38       		.byte	0x38
 472 0266 10       		.uleb128 0x10
 473 0267 38010000 		.4byte	.LASF22
 474 026b 38010000 		.4byte	.LASF22
 475 026f 07       		.byte	0x7
 476 0270 3D       		.byte	0x3d
 477 0271 10       		.uleb128 0x10
 478 0272 94010000 		.4byte	.LASF23
 479 0276 94010000 		.4byte	.LASF23
 480 027a 07       		.byte	0x7
 481 027b 5D       		.byte	0x5d
 482 027c 10       		.uleb128 0x10
 483 027d D8000000 		.4byte	.LASF24
 484 0281 D8000000 		.4byte	.LASF24
 485 0285 08       		.byte	0x8
 486 0286 76       		.byte	0x76
 487 0287 00       		.byte	0
 488              		.section	.debug_abbrev,"",%progbits
 489              	.Ldebug_abbrev0:
 490 0000 01       		.uleb128 0x1
 491 0001 11       		.uleb128 0x11
 492 0002 01       		.byte	0x1
 493 0003 25       		.uleb128 0x25
 494 0004 0E       		.uleb128 0xe
 495 0005 13       		.uleb128 0x13
 496 0006 0B       		.uleb128 0xb
 497 0007 03       		.uleb128 0x3
 498 0008 0E       		.uleb128 0xe
 499 0009 1B       		.uleb128 0x1b
 500 000a 0E       		.uleb128 0xe
 501 000b 55       		.uleb128 0x55
 502 000c 17       		.uleb128 0x17
 503 000d 11       		.uleb128 0x11
 504 000e 01       		.uleb128 0x1
 505 000f 10       		.uleb128 0x10
 506 0010 17       		.uleb128 0x17
 507 0011 00       		.byte	0
 508 0012 00       		.byte	0
 509 0013 02       		.uleb128 0x2
 510 0014 24       		.uleb128 0x24
 511 0015 00       		.byte	0
 512 0016 0B       		.uleb128 0xb
 513 0017 0B       		.uleb128 0xb
 514 0018 3E       		.uleb128 0x3e
 515 0019 0B       		.uleb128 0xb
 516 001a 03       		.uleb128 0x3
 517 001b 0E       		.uleb128 0xe
 518 001c 00       		.byte	0
 519 001d 00       		.byte	0
 520 001e 03       		.uleb128 0x3
 521 001f 16       		.uleb128 0x16
 522 0020 00       		.byte	0
 523 0021 03       		.uleb128 0x3
 524 0022 0E       		.uleb128 0xe
 525 0023 3A       		.uleb128 0x3a
 526 0024 0B       		.uleb128 0xb
 527 0025 3B       		.uleb128 0x3b
ARM GAS  C:\Users\HENRYA~1\AppData\Local\Temp\cc1z4xce.s 			page 11


 528 0026 0B       		.uleb128 0xb
 529 0027 49       		.uleb128 0x49
 530 0028 13       		.uleb128 0x13
 531 0029 00       		.byte	0
 532 002a 00       		.byte	0
 533 002b 04       		.uleb128 0x4
 534 002c 24       		.uleb128 0x24
 535 002d 00       		.byte	0
 536 002e 0B       		.uleb128 0xb
 537 002f 0B       		.uleb128 0xb
 538 0030 3E       		.uleb128 0x3e
 539 0031 0B       		.uleb128 0xb
 540 0032 03       		.uleb128 0x3
 541 0033 08       		.uleb128 0x8
 542 0034 00       		.byte	0
 543 0035 00       		.byte	0
 544 0036 05       		.uleb128 0x5
 545 0037 16       		.uleb128 0x16
 546 0038 00       		.byte	0
 547 0039 03       		.uleb128 0x3
 548 003a 0E       		.uleb128 0xe
 549 003b 3A       		.uleb128 0x3a
 550 003c 0B       		.uleb128 0xb
 551 003d 3B       		.uleb128 0x3b
 552 003e 05       		.uleb128 0x5
 553 003f 49       		.uleb128 0x49
 554 0040 13       		.uleb128 0x13
 555 0041 00       		.byte	0
 556 0042 00       		.byte	0
 557 0043 06       		.uleb128 0x6
 558 0044 01       		.uleb128 0x1
 559 0045 01       		.byte	0x1
 560 0046 49       		.uleb128 0x49
 561 0047 13       		.uleb128 0x13
 562 0048 01       		.uleb128 0x1
 563 0049 13       		.uleb128 0x13
 564 004a 00       		.byte	0
 565 004b 00       		.byte	0
 566 004c 07       		.uleb128 0x7
 567 004d 21       		.uleb128 0x21
 568 004e 00       		.byte	0
 569 004f 49       		.uleb128 0x49
 570 0050 13       		.uleb128 0x13
 571 0051 2F       		.uleb128 0x2f
 572 0052 0B       		.uleb128 0xb
 573 0053 00       		.byte	0
 574 0054 00       		.byte	0
 575 0055 08       		.uleb128 0x8
 576 0056 2E       		.uleb128 0x2e
 577 0057 01       		.byte	0x1
 578 0058 3F       		.uleb128 0x3f
 579 0059 19       		.uleb128 0x19
 580 005a 03       		.uleb128 0x3
 581 005b 0E       		.uleb128 0xe
 582 005c 3A       		.uleb128 0x3a
 583 005d 0B       		.uleb128 0xb
 584 005e 3B       		.uleb128 0x3b
ARM GAS  C:\Users\HENRYA~1\AppData\Local\Temp\cc1z4xce.s 			page 12


 585 005f 0B       		.uleb128 0xb
 586 0060 49       		.uleb128 0x49
 587 0061 13       		.uleb128 0x13
 588 0062 8701     		.uleb128 0x87
 589 0064 19       		.uleb128 0x19
 590 0065 11       		.uleb128 0x11
 591 0066 01       		.uleb128 0x1
 592 0067 12       		.uleb128 0x12
 593 0068 06       		.uleb128 0x6
 594 0069 40       		.uleb128 0x40
 595 006a 18       		.uleb128 0x18
 596 006b 9742     		.uleb128 0x2117
 597 006d 19       		.uleb128 0x19
 598 006e 01       		.uleb128 0x1
 599 006f 13       		.uleb128 0x13
 600 0070 00       		.byte	0
 601 0071 00       		.byte	0
 602 0072 09       		.uleb128 0x9
 603 0073 898201   		.uleb128 0x4109
 604 0076 00       		.byte	0
 605 0077 11       		.uleb128 0x11
 606 0078 01       		.uleb128 0x1
 607 0079 31       		.uleb128 0x31
 608 007a 13       		.uleb128 0x13
 609 007b 00       		.byte	0
 610 007c 00       		.byte	0
 611 007d 0A       		.uleb128 0xa
 612 007e 898201   		.uleb128 0x4109
 613 0081 01       		.byte	0x1
 614 0082 11       		.uleb128 0x11
 615 0083 01       		.uleb128 0x1
 616 0084 31       		.uleb128 0x31
 617 0085 13       		.uleb128 0x13
 618 0086 01       		.uleb128 0x1
 619 0087 13       		.uleb128 0x13
 620 0088 00       		.byte	0
 621 0089 00       		.byte	0
 622 008a 0B       		.uleb128 0xb
 623 008b 8A8201   		.uleb128 0x410a
 624 008e 00       		.byte	0
 625 008f 02       		.uleb128 0x2
 626 0090 18       		.uleb128 0x18
 627 0091 9142     		.uleb128 0x2111
 628 0093 18       		.uleb128 0x18
 629 0094 00       		.byte	0
 630 0095 00       		.byte	0
 631 0096 0C       		.uleb128 0xc
 632 0097 898201   		.uleb128 0x4109
 633 009a 01       		.byte	0x1
 634 009b 11       		.uleb128 0x11
 635 009c 01       		.uleb128 0x1
 636 009d 31       		.uleb128 0x31
 637 009e 13       		.uleb128 0x13
 638 009f 00       		.byte	0
 639 00a0 00       		.byte	0
 640 00a1 0D       		.uleb128 0xd
 641 00a2 34       		.uleb128 0x34
ARM GAS  C:\Users\HENRYA~1\AppData\Local\Temp\cc1z4xce.s 			page 13


 642 00a3 00       		.byte	0
 643 00a4 03       		.uleb128 0x3
 644 00a5 0E       		.uleb128 0xe
 645 00a6 3A       		.uleb128 0x3a
 646 00a7 0B       		.uleb128 0xb
 647 00a8 3B       		.uleb128 0x3b
 648 00a9 05       		.uleb128 0x5
 649 00aa 49       		.uleb128 0x49
 650 00ab 13       		.uleb128 0x13
 651 00ac 3F       		.uleb128 0x3f
 652 00ad 19       		.uleb128 0x19
 653 00ae 3C       		.uleb128 0x3c
 654 00af 19       		.uleb128 0x19
 655 00b0 00       		.byte	0
 656 00b1 00       		.byte	0
 657 00b2 0E       		.uleb128 0xe
 658 00b3 35       		.uleb128 0x35
 659 00b4 00       		.byte	0
 660 00b5 49       		.uleb128 0x49
 661 00b6 13       		.uleb128 0x13
 662 00b7 00       		.byte	0
 663 00b8 00       		.byte	0
 664 00b9 0F       		.uleb128 0xf
 665 00ba 34       		.uleb128 0x34
 666 00bb 00       		.byte	0
 667 00bc 03       		.uleb128 0x3
 668 00bd 0E       		.uleb128 0xe
 669 00be 3A       		.uleb128 0x3a
 670 00bf 0B       		.uleb128 0xb
 671 00c0 3B       		.uleb128 0x3b
 672 00c1 0B       		.uleb128 0xb
 673 00c2 49       		.uleb128 0x49
 674 00c3 13       		.uleb128 0x13
 675 00c4 3F       		.uleb128 0x3f
 676 00c5 19       		.uleb128 0x19
 677 00c6 02       		.uleb128 0x2
 678 00c7 18       		.uleb128 0x18
 679 00c8 00       		.byte	0
 680 00c9 00       		.byte	0
 681 00ca 10       		.uleb128 0x10
 682 00cb 2E       		.uleb128 0x2e
 683 00cc 00       		.byte	0
 684 00cd 3F       		.uleb128 0x3f
 685 00ce 19       		.uleb128 0x19
 686 00cf 3C       		.uleb128 0x3c
 687 00d0 19       		.uleb128 0x19
 688 00d1 6E       		.uleb128 0x6e
 689 00d2 0E       		.uleb128 0xe
 690 00d3 03       		.uleb128 0x3
 691 00d4 0E       		.uleb128 0xe
 692 00d5 3A       		.uleb128 0x3a
 693 00d6 0B       		.uleb128 0xb
 694 00d7 3B       		.uleb128 0x3b
 695 00d8 0B       		.uleb128 0xb
 696 00d9 00       		.byte	0
 697 00da 00       		.byte	0
 698 00db 00       		.byte	0
ARM GAS  C:\Users\HENRYA~1\AppData\Local\Temp\cc1z4xce.s 			page 14


 699              		.section	.debug_aranges,"",%progbits
 700 0000 1C000000 		.4byte	0x1c
 701 0004 0200     		.2byte	0x2
 702 0006 00000000 		.4byte	.Ldebug_info0
 703 000a 04       		.byte	0x4
 704 000b 00       		.byte	0
 705 000c 0000     		.2byte	0
 706 000e 0000     		.2byte	0
 707 0010 00000000 		.4byte	.LFB63
 708 0014 A0000000 		.4byte	.LFE63-.LFB63
 709 0018 00000000 		.4byte	0
 710 001c 00000000 		.4byte	0
 711              		.section	.debug_ranges,"",%progbits
 712              	.Ldebug_ranges0:
 713 0000 00000000 		.4byte	.LFB63
 714 0004 A0000000 		.4byte	.LFE63
 715 0008 00000000 		.4byte	0
 716 000c 00000000 		.4byte	0
 717              		.section	.debug_line,"",%progbits
 718              	.Ldebug_line0:
 719 0000 E2010000 		.section	.debug_str,"MS",%progbits,1
 719      02007301 
 719      00000201 
 719      FB0E0D00 
 719      01010101 
 720              	.LASF20:
 721 0000 52585F43 		.ascii	"RX_CAN_Start\000"
 721      414E5F53 
 721      74617274 
 721      00
 722              	.LASF3:
 723 000d 73686F72 		.ascii	"short unsigned int\000"
 723      7420756E 
 723      7369676E 
 723      65642069 
 723      6E7400
 724              	.LASF8:
 725 0020 756E7369 		.ascii	"unsigned int\000"
 725      676E6564 
 725      20696E74 
 725      00
 726              	.LASF26:
 727 002d 6D61696E 		.ascii	"main.c\000"
 727      2E6300
 728              	.LASF28:
 729 0034 6D61696E 		.ascii	"main\000"
 729      00
 730              	.LASF21:
 731 0039 4C43445F 		.ascii	"LCD_Char_1_Start\000"
 731      43686172 
 731      5F315F53 
 731      74617274 
 731      00
 732              	.LASF25:
 733 004a 474E5520 		.ascii	"GNU C11 5.4.1 20160609 (release) [ARM/embedded-5-br"
 733      43313120 
 733      352E342E 
ARM GAS  C:\Users\HENRYA~1\AppData\Local\Temp\cc1z4xce.s 			page 15


 733      31203230 
 733      31363036 
 734 007d 616E6368 		.ascii	"anch revision 237715] -mcpu=cortex-m3 -mthumb -g -O"
 734      20726576 
 734      6973696F 
 734      6E203233 
 734      37373135 
 735 00b0 67202D66 		.ascii	"g -ffunction-sections -ffat-lto-objects\000"
 735      66756E63 
 735      74696F6E 
 735      2D736563 
 735      74696F6E 
 736              	.LASF24:
 737 00d8 43794465 		.ascii	"CyDelay\000"
 737      6C617900 
 738              	.LASF11:
 739 00e0 75696E74 		.ascii	"uint8\000"
 739      3800
 740              	.LASF5:
 741 00e6 6C6F6E67 		.ascii	"long unsigned int\000"
 741      20756E73 
 741      69676E65 
 741      6420696E 
 741      7400
 742              	.LASF7:
 743 00f8 6C6F6E67 		.ascii	"long long unsigned int\000"
 743      206C6F6E 
 743      6720756E 
 743      7369676E 
 743      65642069 
 744              	.LASF18:
 745 010f 6461746F 		.ascii	"dato_recibido\000"
 745      5F726563 
 745      69626964 
 745      6F00
 746              	.LASF19:
 747 011d 6461746F 		.ascii	"dato_enviado\000"
 747      5F656E76 
 747      6961646F 
 747      00
 748              	.LASF1:
 749 012a 756E7369 		.ascii	"unsigned char\000"
 749      676E6564 
 749      20636861 
 749      7200
 750              	.LASF22:
 751 0138 4C43445F 		.ascii	"LCD_Char_1_Position\000"
 751      43686172 
 751      5F315F50 
 751      6F736974 
 751      696F6E00 
 752              	.LASF14:
 753 014c 63686172 		.ascii	"char\000"
 753      00
 754              	.LASF4:
 755 0151 6C6F6E67 		.ascii	"long int\000"
 755      20696E74 
ARM GAS  C:\Users\HENRYA~1\AppData\Local\Temp\cc1z4xce.s 			page 16


 755      00
 756              	.LASF13:
 757 015a 646F7562 		.ascii	"double\000"
 757      6C6500
 758              	.LASF6:
 759 0161 6C6F6E67 		.ascii	"long long int\000"
 759      206C6F6E 
 759      6720696E 
 759      7400
 760              	.LASF17:
 761 016f 49544D5F 		.ascii	"ITM_RxBuffer\000"
 761      52784275 
 761      66666572 
 761      00
 762              	.LASF0:
 763 017c 7369676E 		.ascii	"signed char\000"
 763      65642063 
 763      68617200 
 764              	.LASF15:
 765 0188 6C6F6E67 		.ascii	"long double\000"
 765      20646F75 
 765      626C6500 
 766              	.LASF23:
 767 0194 4C43445F 		.ascii	"LCD_Char_1_PrintInt8\000"
 767      43686172 
 767      5F315F50 
 767      72696E74 
 767      496E7438 
 768              	.LASF9:
 769 01a9 5F5F696E 		.ascii	"__int32_t\000"
 769      7433325F 
 769      7400
 770              	.LASF12:
 771 01b3 666C6F61 		.ascii	"float\000"
 771      7400
 772              	.LASF2:
 773 01b9 73686F72 		.ascii	"short int\000"
 773      7420696E 
 773      7400
 774              	.LASF10:
 775 01c3 696E7433 		.ascii	"int32_t\000"
 775      325F7400 
 776              	.LASF27:
 777 01cb 433A5C55 		.ascii	"C:\\Users\\Henry Alberto\\Desktop\\Algoritmos_Optim"
 777      73657273 
 777      5C48656E 
 777      72792041 
 777      6C626572 
 778 01fa 697A6163 		.ascii	"izacion\\CAN_Psoc_kit.cydsn\000"
 778      696F6E5C 
 778      43414E5F 
 778      50736F63 
 778      5F6B6974 
 779              	.LASF16:
 780 0215 73697A65 		.ascii	"sizetype\000"
 780      74797065 
 780      00
ARM GAS  C:\Users\HENRYA~1\AppData\Local\Temp\cc1z4xce.s 			page 17


 781              		.ident	"GCC: (GNU Tools for ARM Embedded Processors) 5.4.1 20160609 (release) [ARM/embedded-5-bran
