Loading plugins phase: Elapsed time ==> 0s.349ms
Initializing data phase: Elapsed time ==> 0s.000ms
<CYPRESSTAG name="CyDsfit arguments...">
cydsfit arguments: -.fdsnotice -.fdswarpdepfile=warp_dependencies.txt -.fdselabdepfile=elab_dependencies.txt -.fdsbldfile=generated_files.txt -p C:\Users\Henry Alberto\Desktop\SPI\NODO_SLAVE.cydsn\NODO_SLAVE.cyprj -d CY8C5868AXI-LP035 -s C:\Users\Henry Alberto\Desktop\SPI\NODO_SLAVE.cydsn\Generated_Source\PSoC5 -- -yv2 -q10 -ygs -o2 -v3 -.fftcfgtype=LE</CYPRESSTAG>
<CYPRESSTAG name="Design elaboration results...">
</CYPRESSTAG>
Elaboration phase: Elapsed time ==> 2s.568ms
<CYPRESSTAG name="HDL generation results...">
</CYPRESSTAG>
HDL generation phase: Elapsed time ==> 0s.076ms
<CYPRESSTAG name="Synthesis results...">

     | | | | | | |
   _________________
  -|               |-
  -|               |-
  -|               |-
  -|    CYPRESS    |-
  -|               |-
  -|               |-   Warp Verilog Synthesis Compiler: Version 6.3 IR 41
  -|               |-   Copyright (C) 1991-2001 Cypress Semiconductor
   |_______________|
     | | | | | | |

======================================================================
Compiling:  NODO_SLAVE.v
Program  :   C:\Program Files (x86)\Cypress\PSoC Creator\3.3\PSoC Creator\warp\bin/warp.exe
Options  :    -yv2 -q10 -ygs -o2 -v3 -.fftcfgtype=LE -ya -.fftprj=C:\Users\Henry Alberto\Desktop\SPI\NODO_SLAVE.cydsn\NODO_SLAVE.cyprj -dcpsoc3 NODO_SLAVE.v -verilog
======================================================================

======================================================================
Compiling:  NODO_SLAVE.v
Program  :   C:\Program Files (x86)\Cypress\PSoC Creator\3.3\PSoC Creator\warp\bin/warp.exe
Options  :    -yv2 -q10 -ygs -o2 -v3 -.fftcfgtype=LE -ya -.fftprj=C:\Users\Henry Alberto\Desktop\SPI\NODO_SLAVE.cydsn\NODO_SLAVE.cyprj -dcpsoc3 NODO_SLAVE.v -verilog
======================================================================

======================================================================
Compiling:  NODO_SLAVE.v
Program  :   vlogfe
Options  :    -yv2 -q10 -ygs -o2 -v3 -.fftcfgtype=LE -ya -.fftprj=C:\Users\Henry Alberto\Desktop\SPI\NODO_SLAVE.cydsn\NODO_SLAVE.cyprj -dcpsoc3 -verilog NODO_SLAVE.v
======================================================================

vlogfe V6.3 IR 41:  Verilog parser
Sun Sep 18 19:30:17 2016


======================================================================
Compiling:  NODO_SLAVE.v
Program  :   vpp
Options  :    -yv2 -q10 NODO_SLAVE.v
======================================================================

vpp V6.3 IR 41:  Verilog Pre-Processor
Sun Sep 18 19:30:17 2016

Flattening file 'C:\Program Files (x86)\Cypress\PSoC Creator\3.3\PSoC Creator\psoc\content\cycomponentlibrary\CyComponentLibrary.cylib\B_SPI_Slave_v2_70\B_SPI_Slave_v2_70.v'
Flattening file 'C:\Program Files (x86)\Cypress\PSoC Creator\3.3\PSoC Creator\warp\lib\common\cypress.v'
Flattening file 'C:\Program Files (x86)\Cypress\PSoC Creator\3.3\PSoC Creator\warp\lib\common\cy_psoc3_inc.v'
Flattening file 'C:\Program Files (x86)\Cypress\PSoC Creator\3.3\PSoC Creator\psoc\content\cyprimitives\CyPrimitives.cylib\cy_virtualmux_v1_0\cy_virtualmux_v1_0.v'
Flattening file 'C:\Program Files (x86)\Cypress\PSoC Creator\3.3\PSoC Creator\psoc\content\cyprimitives\CyPrimitives.cylib\not_v1_0\not_v1_0.v'
Flattening file 'C:\Program Files (x86)\Cypress\PSoC Creator\3.3\PSoC Creator\psoc\content\cyprimitives\CyPrimitives.cylib\cy_constant_v1_0\cy_constant_v1_0.v'

vpp:  No errors.

Library 'work' => directory 'lcpsoc3'
General_symbol_table
General_symbol_table
Linking 'C:\Program Files (x86)\Cypress\PSoC Creator\3.3\PSoC Creator\warp\lib\common\std.vhd'.
Linking 'C:\Program Files (x86)\Cypress\PSoC Creator\3.3\PSoC Creator\warp\lib\common\cypress.vhd'.
Linking 'C:\Program Files (x86)\Cypress\PSoC Creator\3.3\PSoC Creator\warp\lib\common\work\cypress.vif'.
Linking 'C:\Program Files (x86)\Cypress\PSoC Creator\3.3\PSoC Creator\warp\lib\ieee\work\stdlogic.vif'.
Linking 'C:\Program Files (x86)\Cypress\PSoC Creator\3.3\PSoC Creator\warp\lib\common\stdlogic\lpmpkg.vif'.
Linking 'C:\Program Files (x86)\Cypress\PSoC Creator\3.3\PSoC Creator\warp\lib\common\stdlogic\rtlpkg.vif'.
Linking 'C:\Program Files (x86)\Cypress\PSoC Creator\3.3\PSoC Creator\warp\lib\common\stdlogic\mod_cnst.vif'.
Linking 'C:\Program Files (x86)\Cypress\PSoC Creator\3.3\PSoC Creator\warp\lib\common\stdlogic\mod_mthv.vif'.
Linking 'C:\Program Files (x86)\Cypress\PSoC Creator\3.3\PSoC Creator\warp\lib\common\stdlogic\mod_genv.vif'.
Using control file 'NODO_SLAVE.ctl'.
Linking 'C:\Program Files (x86)\Cypress\PSoC Creator\3.3\PSoC Creator\warp\lib\common\stdlogic\cy_psoc3pkg.vif'.
Linking 'C:\Program Files (x86)\Cypress\PSoC Creator\3.3\PSoC Creator\warp\lib\common\stdlogic\cy_psoc3.vif'.

vlogfe:  No errors.


======================================================================
Compiling:  NODO_SLAVE.v
Program  :   tovif
Options  :    -yv2 -q10 -ygs -o2 -v3 -.fftcfgtype=LE -ya -.fftprj=C:\Users\Henry Alberto\Desktop\SPI\NODO_SLAVE.cydsn\NODO_SLAVE.cyprj -dcpsoc3 -verilog NODO_SLAVE.v
======================================================================

tovif V6.3 IR 41:  High-level synthesis
Sun Sep 18 19:30:17 2016

Linking 'C:\Program Files (x86)\Cypress\PSoC Creator\3.3\PSoC Creator\warp\lib\common\std.vhd'.
Linking 'C:\Program Files (x86)\Cypress\PSoC Creator\3.3\PSoC Creator\warp\lib\common\cypress.vhd'.
Linking 'C:\Program Files (x86)\Cypress\PSoC Creator\3.3\PSoC Creator\warp\lib\common\work\cypress.vif'.
Linking 'C:\Program Files (x86)\Cypress\PSoC Creator\3.3\PSoC Creator\warp\lib\ieee\work\stdlogic.vif'.
Linking 'C:\Program Files (x86)\Cypress\PSoC Creator\3.3\PSoC Creator\warp\lib\common\stdlogic\lpmpkg.vif'.
Linking 'C:\Program Files (x86)\Cypress\PSoC Creator\3.3\PSoC Creator\warp\lib\common\stdlogic\rtlpkg.vif'.
Linking 'C:\Program Files (x86)\Cypress\PSoC Creator\3.3\PSoC Creator\warp\lib\common\stdlogic\mod_cnst.vif'.
Linking 'C:\Program Files (x86)\Cypress\PSoC Creator\3.3\PSoC Creator\warp\lib\common\stdlogic\mod_mthv.vif'.
Linking 'C:\Program Files (x86)\Cypress\PSoC Creator\3.3\PSoC Creator\warp\lib\common\stdlogic\mod_genv.vif'.
Linking 'C:\Users\Henry Alberto\Desktop\SPI\NODO_SLAVE.cydsn\codegentemp\NODO_SLAVE.ctl'.
Linking 'C:\Program Files (x86)\Cypress\PSoC Creator\3.3\PSoC Creator\psoc\content\cycomponentlibrary\CyComponentLibrary.cylib\B_SPI_Slave_v2_70\B_SPI_Slave_v2_70.v'.
Linking 'C:\Program Files (x86)\Cypress\PSoC Creator\3.3\PSoC Creator\warp\lib\common\cypress.v'.
Linking 'C:\Program Files (x86)\Cypress\PSoC Creator\3.3\PSoC Creator\warp\lib\common\cy_psoc3_inc.v'.
Linking 'C:\Users\Henry Alberto\Desktop\SPI\NODO_SLAVE.cydsn\codegentemp\NODO_SLAVE.v'.
Linking 'C:\Program Files (x86)\Cypress\PSoC Creator\3.3\PSoC Creator\psoc\content\cyprimitives\CyPrimitives.cylib\cy_virtualmux_v1_0\cy_virtualmux_v1_0.v'.
Linking 'C:\Program Files (x86)\Cypress\PSoC Creator\3.3\PSoC Creator\psoc\content\cyprimitives\CyPrimitives.cylib\not_v1_0\not_v1_0.v'.
Linking 'C:\Program Files (x86)\Cypress\PSoC Creator\3.3\PSoC Creator\psoc\content\cyprimitives\CyPrimitives.cylib\cy_constant_v1_0\cy_constant_v1_0.v'.
Linking 'C:\Program Files (x86)\Cypress\PSoC Creator\3.3\PSoC Creator\warp\lib\common\stdlogic\cy_psoc3pkg.vif'.
Linking 'C:\Program Files (x86)\Cypress\PSoC Creator\3.3\PSoC Creator\warp\lib\common\stdlogic\cy_psoc3.vif'.

tovif:  No errors.


======================================================================
Compiling:  NODO_SLAVE.v
Program  :   topld
Options  :    -yv2 -q10 -ygs -o2 -v3 -.fftcfgtype=LE -ya -.fftprj=C:\Users\Henry Alberto\Desktop\SPI\NODO_SLAVE.cydsn\NODO_SLAVE.cyprj -dcpsoc3 -verilog NODO_SLAVE.v
======================================================================

topld V6.3 IR 41:  Synthesis and optimization
Sun Sep 18 19:30:18 2016

Linking 'C:\Program Files (x86)\Cypress\PSoC Creator\3.3\PSoC Creator\warp\lib\common\std.vhd'.
Linking 'C:\Program Files (x86)\Cypress\PSoC Creator\3.3\PSoC Creator\warp\lib\common\cypress.vhd'.
Linking 'C:\Program Files (x86)\Cypress\PSoC Creator\3.3\PSoC Creator\warp\lib\common\work\cypress.vif'.
Linking 'C:\Program Files (x86)\Cypress\PSoC Creator\3.3\PSoC Creator\warp\lib\ieee\work\stdlogic.vif'.
Linking 'C:\Program Files (x86)\Cypress\PSoC Creator\3.3\PSoC Creator\warp\lib\common\stdlogic\lpmpkg.vif'.
Linking 'C:\Program Files (x86)\Cypress\PSoC Creator\3.3\PSoC Creator\warp\lib\common\stdlogic\rtlpkg.vif'.
Linking 'C:\Program Files (x86)\Cypress\PSoC Creator\3.3\PSoC Creator\warp\lib\common\stdlogic\mod_cnst.vif'.
Linking 'C:\Program Files (x86)\Cypress\PSoC Creator\3.3\PSoC Creator\warp\lib\common\stdlogic\mod_mthv.vif'.
Linking 'C:\Program Files (x86)\Cypress\PSoC Creator\3.3\PSoC Creator\warp\lib\common\stdlogic\mod_genv.vif'.
Linking 'C:\Users\Henry Alberto\Desktop\SPI\NODO_SLAVE.cydsn\codegentemp\NODO_SLAVE.ctl'.
Linking 'C:\Program Files (x86)\Cypress\PSoC Creator\3.3\PSoC Creator\psoc\content\cycomponentlibrary\CyComponentLibrary.cylib\B_SPI_Slave_v2_70\B_SPI_Slave_v2_70.v'.
Linking 'C:\Program Files (x86)\Cypress\PSoC Creator\3.3\PSoC Creator\warp\lib\common\cypress.v'.
Linking 'C:\Program Files (x86)\Cypress\PSoC Creator\3.3\PSoC Creator\warp\lib\common\cy_psoc3_inc.v'.
Linking 'C:\Users\Henry Alberto\Desktop\SPI\NODO_SLAVE.cydsn\codegentemp\NODO_SLAVE.v'.
Linking 'C:\Program Files (x86)\Cypress\PSoC Creator\3.3\PSoC Creator\psoc\content\cyprimitives\CyPrimitives.cylib\cy_virtualmux_v1_0\cy_virtualmux_v1_0.v'.
Linking 'C:\Program Files (x86)\Cypress\PSoC Creator\3.3\PSoC Creator\psoc\content\cyprimitives\CyPrimitives.cylib\not_v1_0\not_v1_0.v'.
Linking 'C:\Program Files (x86)\Cypress\PSoC Creator\3.3\PSoC Creator\psoc\content\cyprimitives\CyPrimitives.cylib\cy_constant_v1_0\cy_constant_v1_0.v'.
Linking 'C:\Program Files (x86)\Cypress\PSoC Creator\3.3\PSoC Creator\warp\lib\common\stdlogic\cy_psoc3pkg.vif'.
Linking 'C:\Program Files (x86)\Cypress\PSoC Creator\3.3\PSoC Creator\warp\lib\common\stdlogic\cy_psoc3.vif'.
Linking 'C:\Program Files (x86)\Cypress\PSoC Creator\3.3\PSoC Creator\warp\lib\lcpsoc3\stdlogic\cpsoc3.vif'.

----------------------------------------------------------
Detecting unused logic.
----------------------------------------------------------
    User names
	\SPIS_1:BSPIS:dpMISO_fifo_not_empty\
	\SPIS_1:BSPIS:control_7\
	\SPIS_1:BSPIS:control_6\
	\SPIS_1:BSPIS:control_5\
	\SPIS_1:BSPIS:control_4\
	\SPIS_1:BSPIS:control_3\
	\SPIS_1:BSPIS:control_2\
	\SPIS_1:BSPIS:control_1\
	\SPIS_1:BSPIS:control_0\
	\SPIS_1:Net_182\
	\SPIS_1:BSPIS:dpcounter_zero\
	Net_18


Deleted 12 User equations/components.
Deleted 0 Synthesized equations/components.

------------------------------------------------------
Alias Detection
------------------------------------------------------
Aliasing \SPIS_1:BSPIS:tx_status_5\ to Net_19
Aliasing \SPIS_1:BSPIS:tx_status_4\ to Net_19
Aliasing \SPIS_1:BSPIS:tx_status_3\ to Net_19
Aliasing \SPIS_1:BSPIS:rx_status_2\ to Net_19
Aliasing \SPIS_1:BSPIS:rx_status_1\ to Net_19
Aliasing \SPIS_1:BSPIS:rx_status_0\ to Net_19
Aliasing zero to Net_19
Aliasing \SPIS_1:BSPIS:sR8:Dp:cs_addr_1\ to Net_19
Aliasing tmpOE__Pin_2_net_0 to one
Aliasing tmpOE__Pin_3_net_0 to one
Aliasing tmpOE__Pin_4_net_0 to one
Aliasing tmpOE__Pin_8_net_0 to one
Aliasing \LCD_Char_1:tmpOE__LCDPort_net_6\ to one
Aliasing \LCD_Char_1:tmpOE__LCDPort_net_5\ to one
Aliasing \LCD_Char_1:tmpOE__LCDPort_net_4\ to one
Aliasing \LCD_Char_1:tmpOE__LCDPort_net_3\ to one
Aliasing \LCD_Char_1:tmpOE__LCDPort_net_2\ to one
Aliasing \LCD_Char_1:tmpOE__LCDPort_net_1\ to one
Aliasing \LCD_Char_1:tmpOE__LCDPort_net_0\ to one
Removing Rhs of wire \SPIS_1:BSPIS:tx_load\[4] = \SPIS_1:BSPIS:load\[5]
Removing Rhs of wire \SPIS_1:BSPIS:tx_load\[4] = \SPIS_1:BSPIS:dpcounter_one\[24]
Removing Lhs of wire \SPIS_1:BSPIS:prc_clk_src\[12] = Net_11[13]
Removing Lhs of wire \SPIS_1:Net_81\[16] = Net_5[109]
Removing Lhs of wire \SPIS_1:BSPIS:tx_status_2\[37] = \SPIS_1:BSPIS:miso_tx_empty_reg_fin\[27]
Removing Rhs of wire \SPIS_1:BSPIS:tx_status_1\[38] = \SPIS_1:BSPIS:dpMISO_fifo_not_full\[39]
Removing Lhs of wire \SPIS_1:BSPIS:tx_status_6\[40] = \SPIS_1:BSPIS:byte_complete\[6]
Removing Lhs of wire \SPIS_1:BSPIS:rx_status_3\[43] = \SPIS_1:BSPIS:dpMOSI_fifo_not_empty\[42]
Removing Lhs of wire \SPIS_1:BSPIS:rx_status_5\[44] = \SPIS_1:BSPIS:rx_buf_overrun\[9]
Removing Lhs of wire \SPIS_1:BSPIS:rx_status_6\[45] = \SPIS_1:BSPIS:dpMOSI_fifo_full_reg\[32]
Removing Lhs of wire \SPIS_1:BSPIS:tx_status_5\[46] = Net_19[1]
Removing Lhs of wire \SPIS_1:BSPIS:tx_status_4\[47] = Net_19[1]
Removing Lhs of wire \SPIS_1:BSPIS:tx_status_3\[48] = Net_19[1]
Removing Lhs of wire \SPIS_1:BSPIS:rx_status_2\[49] = Net_19[1]
Removing Lhs of wire \SPIS_1:BSPIS:rx_status_1\[50] = Net_19[1]
Removing Lhs of wire \SPIS_1:BSPIS:rx_status_0\[51] = Net_19[1]
Removing Lhs of wire \SPIS_1:BSPIS:mosi_fin\[52] = \SPIS_1:Net_75\[53]
Removing Lhs of wire \SPIS_1:Net_75\[53] = Net_10[108]
Removing Lhs of wire zero[64] = Net_19[1]
Removing Lhs of wire \SPIS_1:BSPIS:sR8:Dp:cs_addr_1\[80] = Net_19[1]
Removing Lhs of wire tmpOE__Pin_2_net_0[113] = one[17]
Removing Lhs of wire tmpOE__Pin_3_net_0[118] = one[17]
Removing Lhs of wire tmpOE__Pin_4_net_0[123] = one[17]
Removing Lhs of wire tmpOE__Pin_8_net_0[128] = one[17]
Removing Lhs of wire \LCD_Char_1:tmpOE__LCDPort_net_6\[134] = one[17]
Removing Lhs of wire \LCD_Char_1:tmpOE__LCDPort_net_5\[135] = one[17]
Removing Lhs of wire \LCD_Char_1:tmpOE__LCDPort_net_4\[136] = one[17]
Removing Lhs of wire \LCD_Char_1:tmpOE__LCDPort_net_3\[137] = one[17]
Removing Lhs of wire \LCD_Char_1:tmpOE__LCDPort_net_2\[138] = one[17]
Removing Lhs of wire \LCD_Char_1:tmpOE__LCDPort_net_1\[139] = one[17]
Removing Lhs of wire \LCD_Char_1:tmpOE__LCDPort_net_0\[140] = one[17]
Removing Lhs of wire \SPIS_1:BSPIS:dpcounter_one_reg\\D\[157] = \SPIS_1:BSPIS:dpcounter_one_fin\[7]
Removing Lhs of wire \SPIS_1:BSPIS:mosi_buf_overrun_fin\\D\[158] = \SPIS_1:BSPIS:mosi_buf_overrun_reg\[10]
Removing Lhs of wire \SPIS_1:BSPIS:mosi_tmp\\D\[159] = Net_10[108]

------------------------------------------------------
Aliased 0 equations, 34 wires.
------------------------------------------------------

----------------------------------------------------------
Circuit simplification
----------------------------------------------------------

Substituting virtuals - pass 1:

Note:  Expanding virtual equation for 'Net_19' (cost = 0):
Net_19 <=  ('0') ;

Note:  Expanding virtual equation for '\SPIS_1:BSPIS:tx_load\' (cost = 6):
\SPIS_1:BSPIS:tx_load\ <= ((not \SPIS_1:BSPIS:count_3\ and not \SPIS_1:BSPIS:count_2\ and not \SPIS_1:BSPIS:count_1\ and \SPIS_1:BSPIS:count_0\));

Note:  Expanding virtual equation for '\SPIS_1:BSPIS:byte_complete\' (cost = 1):
\SPIS_1:BSPIS:byte_complete\ <= ((not \SPIS_1:BSPIS:dpcounter_one_reg\ and \SPIS_1:BSPIS:dpcounter_one_fin\));


Substituting virtuals - pass 2:


----------------------------------------------------------
Circuit simplification results:

	Expanded 3 signals.
	Turned 0 signals into soft nodes.
	Maximum default expansion cost was set at 3.
----------------------------------------------------------

------------------------------------------------------
Alias Detection
------------------------------------------------------
Removing Lhs of wire \SPIS_1:BSPIS:cnt_reset\[0] = Net_12[2]

------------------------------------------------------
Aliased 0 equations, 1 wires.
------------------------------------------------------

----------------------------------------------------------
Circuit simplification
----------------------------------------------------------

Eliminating unused logic - pass 1:


Eliminating unused logic - pass 2:


Substituting virtuals - pass 1:


----------------------------------------------------------
Circuit simplification results:

	Expanded 0 signals.
	Turned 0 signals into soft nodes.
	Maximum default expansion cost was set at 3.
----------------------------------------------------------

topld:  No errors.

CYPRESS_DIR    : C:\Program Files (x86)\Cypress\PSoC Creator\3.3\PSoC Creator\warp
Warp Program   : C:\Program Files (x86)\Cypress\PSoC Creator\3.3\PSoC Creator\warp\bin/warp.exe
Warp Arguments : -yv2 -q10 -ygs -o2 -v3 -.fftcfgtype=LE -ya "-.fftprj=C:\Users\Henry Alberto\Desktop\SPI\NODO_SLAVE.cydsn\NODO_SLAVE.cyprj" -dcpsoc3 NODO_SLAVE.v -verilog
</CYPRESSTAG>
Warp synthesis phase: Elapsed time ==> 0s.770ms
<CYPRESSTAG name="Fitter results...">
<CYPRESSTAG name="Fitter startup details...">
cyp3fit: V3.3.0.9604, Family: PSoC3, Started at: Sunday, 18 September 2016 19:30:18
Options: -yv2 -q10 -ygs -o2 -v3 -.fftcfgtype=LE -ya -.fftprj=C:\Users\Henry Alberto\Desktop\SPI\NODO_SLAVE.cydsn\NODO_SLAVE.cyprj -d CY8C5868AXI-LP035 NODO_SLAVE.v -verilog
</CYPRESSTAG>
<CYPRESSTAG name="Design parsing">
Design parsing phase: Elapsed time ==> 0s.021ms
</CYPRESSTAG>
<CYPRESSTAG name="Tech mapping">
<CYPRESSTAG name="Initial Mapping" icon="FILE_RPT_TECHM">
<CYPRESSTAG name="Global Clock Selection" icon="FILE_RPT_TECHM">
    Digital Clock 0: Automatic-assigning  clock 'Clock_1'. Fanout=1, Signal=Net_5
</CYPRESSTAG>

Removing unused cells resulting from optimization
Done removing unused cells.
<CYPRESSTAG name="UDB Clock/Enable Remapping Results">
    UDB Clk/Enable \SPIS_1:BSPIS:ClkEn\: with output requested to be synchronous
        ClockIn: Clock_1 was determined to be a global clock that is synchronous to BUS_CLK
        EnableIn: Constant 1 was determined to be synchronous to ClockIn
        ClockOut: Clock_1, EnableOut: Constant 1
    UDB Clk/Enable \SPIS_1:BSPIS:PrcClkEn\: with output requested to be asynchronous
        ClockIn: Pin_3(0):iocell.fb was determined to be a routed clock that is asynchronous
        EnableIn: Constant 1 was determined to be synchronous to ClockIn
        ClockOut: Pin_3(0):iocell.fb, EnableOut: Constant 1
    UDB Clk/Enable \SPIS_1:BSPIS:DpClkEn\: with output requested to be asynchronous
        ClockIn: Pin_3(0):iocell.fb was determined to be a routed clock that is asynchronous
        EnableIn: Constant 1 was determined to be synchronous to ClockIn
        ClockOut: Pin_3(0):iocell.fb, EnableOut: Constant 1
</CYPRESSTAG>

Removing unused cells resulting from optimization
Done removing unused cells.
<CYPRESSTAG name="Duplicate Macrocell detection">
</CYPRESSTAG>
</CYPRESSTAG>
<CYPRESSTAG name="Duplicate Macrocell detection">
</CYPRESSTAG>
<CYPRESSTAG name="Design Equations" icon="FILE_RPT_EQUATION">

------------------------------------------------------------
Design Equations
------------------------------------------------------------
    <CYPRESSTAG name="Pin listing">

    ------------------------------------------------------------
    Pin listing
    ------------------------------------------------------------

    Pin : Name = Pin_2(0)
        Attributes:
            In Group/Port: True
            In Sync Option: NOSYNC
            Out Sync Option: AUTO
            Interrupt generated: False
            Interrupt mode: NONE
            Drive mode: HI_Z_DIGITAL
            VTrip: CMOS
            Slew: FAST
            Input Sync needed: False
            Output Sync needed: False
            SC shield enabled: False
            POR State: ANY
            LCD Mode: COMMON
            Register Mode: RegComb
            CaSense Mode: NEITHER
            Treat as pin: True
            Is OE Registered: False
            Uses Analog: False
            Can contain Digital: True
            Is SIO: False
            SIO Output Buf: NONREGULATED
            SIO Input Buf: SINGLE_ENDED
            SIO HiFreq: LOW
            SIO Hyst: DISABLED
            SIO Vtrip: MULTIPLIER_0_5
            SIO Multiplier Index: 0
            SIO RefSel: VCC_IO
            Required Capabilitites: DIGITAL, ROUTABLE
            Initial Value: 0
            IO Voltage: 0
        PORT MAP (
            pa_out => Pin_2(0)__PA ,
            fb => Net_10 ,
            pad => Pin_2(0)_PAD );
        Properties:
        {
        }

    Pin : Name = Pin_3(0)
        Attributes:
            In Group/Port: True
            In Sync Option: NOSYNC
            Out Sync Option: AUTO
            Interrupt generated: False
            Interrupt mode: NONE
            Drive mode: HI_Z_DIGITAL
            VTrip: CMOS
            Slew: FAST
            Input Sync needed: False
            Output Sync needed: False
            SC shield enabled: False
            POR State: ANY
            LCD Mode: COMMON
            Register Mode: RegComb
            CaSense Mode: NEITHER
            Treat as pin: True
            Is OE Registered: False
            Uses Analog: False
            Can contain Digital: True
            Is SIO: False
            SIO Output Buf: NONREGULATED
            SIO Input Buf: SINGLE_ENDED
            SIO HiFreq: LOW
            SIO Hyst: DISABLED
            SIO Vtrip: MULTIPLIER_0_5
            SIO Multiplier Index: 0
            SIO RefSel: VCC_IO
            Required Capabilitites: DIGITAL, ROUTABLE
            Initial Value: 0
            IO Voltage: 0
        PORT MAP (
            pa_out => Pin_3(0)__PA ,
            fb => Net_11 ,
            pad => Pin_3(0)_PAD );
        Properties:
        {
        }

    Pin : Name = Pin_4(0)
        Attributes:
            In Group/Port: True
            In Sync Option: NOSYNC
            Out Sync Option: AUTO
            Interrupt generated: False
            Interrupt mode: NONE
            Drive mode: HI_Z_DIGITAL
            VTrip: CMOS
            Slew: FAST
            Input Sync needed: False
            Output Sync needed: False
            SC shield enabled: False
            POR State: ANY
            LCD Mode: COMMON
            Register Mode: RegComb
            CaSense Mode: NEITHER
            Treat as pin: True
            Is OE Registered: False
            Uses Analog: False
            Can contain Digital: True
            Is SIO: False
            SIO Output Buf: NONREGULATED
            SIO Input Buf: SINGLE_ENDED
            SIO HiFreq: LOW
            SIO Hyst: DISABLED
            SIO Vtrip: MULTIPLIER_0_5
            SIO Multiplier Index: 0
            SIO RefSel: VCC_IO
            Required Capabilitites: DIGITAL, ROUTABLE
            Initial Value: 0
            IO Voltage: 0
        PORT MAP (
            pa_out => Pin_4(0)__PA ,
            fb => Net_12 ,
            pad => Pin_4(0)_PAD );
        Properties:
        {
        }

    Pin : Name = Pin_8(0)
        Attributes:
            In Group/Port: True
            In Sync Option: AUTO
            Out Sync Option: NOSYNC
            Interrupt generated: False
            Interrupt mode: NONE
            Drive mode: CMOS_OUT
            VTrip: EITHER
            Slew: FAST
            Input Sync needed: False
            Output Sync needed: False
            SC shield enabled: False
            POR State: ANY
            LCD Mode: COMMON
            Register Mode: RegComb
            CaSense Mode: NEITHER
            Treat as pin: True
            Is OE Registered: False
            Uses Analog: False
            Can contain Digital: True
            Is SIO: False
            SIO Output Buf: NONREGULATED
            SIO Input Buf: SINGLE_ENDED
            SIO HiFreq: LOW
            SIO Hyst: DISABLED
            SIO Vtrip: MULTIPLIER_0_5
            SIO Multiplier Index: 0
            SIO RefSel: VCC_IO
            Required Capabilitites: DIGITAL, ROUTABLE
            Initial Value: 0
            IO Voltage: 0
        PORT MAP (
            pa_out => Pin_8(0)__PA ,
            input => Net_37 ,
            pad => Pin_8(0)_PAD );
        Properties:
        {
        }

    Pin : Name = \LCD_Char_1:LCDPort(0)\
        Attributes:
            In Group/Port: True
            In Sync Option: AUTO
            Out Sync Option: NOSYNC
            Interrupt generated: False
            Interrupt mode: NONE
            Drive mode: CMOS_OUT
            VTrip: EITHER
            Slew: FAST
            Input Sync needed: False
            Output Sync needed: False
            SC shield enabled: False
            POR State: ANY
            LCD Mode: COMMON
            Register Mode: RegComb
            CaSense Mode: NEITHER
            Treat as pin: False
            Is OE Registered: False
            Uses Analog: False
            Can contain Digital: True
            Is SIO: False
            SIO Output Buf: NONREGULATED
            SIO Input Buf: SINGLE_ENDED
            SIO HiFreq: LOW
            SIO Hyst: DISABLED
            SIO Vtrip: MULTIPLIER_0_5
            SIO Multiplier Index: 0
            SIO RefSel: VCC_IO
            Required Capabilitites: DIGITAL
            Initial Value: 0
            IO Voltage: 0
        PORT MAP (
            pa_out => \LCD_Char_1:LCDPort(0)\__PA ,
            pad => \LCD_Char_1:LCDPort(0)_PAD\ );
        Properties:
        {
        }

    Pin : Name = \LCD_Char_1:LCDPort(1)\
        Attributes:
            In Group/Port: True
            In Sync Option: AUTO
            Out Sync Option: NOSYNC
            Interrupt generated: False
            Interrupt mode: NONE
            Drive mode: CMOS_OUT
            VTrip: EITHER
            Slew: FAST
            Input Sync needed: False
            Output Sync needed: False
            SC shield enabled: False
            POR State: ANY
            LCD Mode: COMMON
            Register Mode: RegComb
            CaSense Mode: NEITHER
            Treat as pin: False
            Is OE Registered: False
            Uses Analog: False
            Can contain Digital: True
            Is SIO: False
            SIO Output Buf: NONREGULATED
            SIO Input Buf: SINGLE_ENDED
            SIO HiFreq: LOW
            SIO Hyst: DISABLED
            SIO Vtrip: MULTIPLIER_0_5
            SIO Multiplier Index: 0
            SIO RefSel: VCC_IO
            Required Capabilitites: DIGITAL
            Initial Value: 0
            IO Voltage: 0
        PORT MAP (
            pa_out => \LCD_Char_1:LCDPort(1)\__PA ,
            pad => \LCD_Char_1:LCDPort(1)_PAD\ );
        Properties:
        {
        }

    Pin : Name = \LCD_Char_1:LCDPort(2)\
        Attributes:
            In Group/Port: True
            In Sync Option: AUTO
            Out Sync Option: NOSYNC
            Interrupt generated: False
            Interrupt mode: NONE
            Drive mode: CMOS_OUT
            VTrip: EITHER
            Slew: FAST
            Input Sync needed: False
            Output Sync needed: False
            SC shield enabled: False
            POR State: ANY
            LCD Mode: COMMON
            Register Mode: RegComb
            CaSense Mode: NEITHER
            Treat as pin: False
            Is OE Registered: False
            Uses Analog: False
            Can contain Digital: True
            Is SIO: False
            SIO Output Buf: NONREGULATED
            SIO Input Buf: SINGLE_ENDED
            SIO HiFreq: LOW
            SIO Hyst: DISABLED
            SIO Vtrip: MULTIPLIER_0_5
            SIO Multiplier Index: 0
            SIO RefSel: VCC_IO
            Required Capabilitites: DIGITAL
            Initial Value: 0
            IO Voltage: 0
        PORT MAP (
            pa_out => \LCD_Char_1:LCDPort(2)\__PA ,
            pad => \LCD_Char_1:LCDPort(2)_PAD\ );
        Properties:
        {
        }

    Pin : Name = \LCD_Char_1:LCDPort(3)\
        Attributes:
            In Group/Port: True
            In Sync Option: AUTO
            Out Sync Option: NOSYNC
            Interrupt generated: False
            Interrupt mode: NONE
            Drive mode: CMOS_OUT
            VTrip: EITHER
            Slew: FAST
            Input Sync needed: False
            Output Sync needed: False
            SC shield enabled: False
            POR State: ANY
            LCD Mode: COMMON
            Register Mode: RegComb
            CaSense Mode: NEITHER
            Treat as pin: False
            Is OE Registered: False
            Uses Analog: False
            Can contain Digital: True
            Is SIO: False
            SIO Output Buf: NONREGULATED
            SIO Input Buf: SINGLE_ENDED
            SIO HiFreq: LOW
            SIO Hyst: DISABLED
            SIO Vtrip: MULTIPLIER_0_5
            SIO Multiplier Index: 0
            SIO RefSel: VCC_IO
            Required Capabilitites: DIGITAL
            Initial Value: 0
            IO Voltage: 0
        PORT MAP (
            pa_out => \LCD_Char_1:LCDPort(3)\__PA ,
            pad => \LCD_Char_1:LCDPort(3)_PAD\ );
        Properties:
        {
        }

    Pin : Name = \LCD_Char_1:LCDPort(4)\
        Attributes:
            In Group/Port: True
            In Sync Option: AUTO
            Out Sync Option: NOSYNC
            Interrupt generated: False
            Interrupt mode: NONE
            Drive mode: CMOS_OUT
            VTrip: EITHER
            Slew: FAST
            Input Sync needed: False
            Output Sync needed: False
            SC shield enabled: False
            POR State: ANY
            LCD Mode: COMMON
            Register Mode: RegComb
            CaSense Mode: NEITHER
            Treat as pin: False
            Is OE Registered: False
            Uses Analog: False
            Can contain Digital: True
            Is SIO: False
            SIO Output Buf: NONREGULATED
            SIO Input Buf: SINGLE_ENDED
            SIO HiFreq: LOW
            SIO Hyst: DISABLED
            SIO Vtrip: MULTIPLIER_0_5
            SIO Multiplier Index: 0
            SIO RefSel: VCC_IO
            Required Capabilitites: DIGITAL
            Initial Value: 0
            IO Voltage: 0
        PORT MAP (
            pa_out => \LCD_Char_1:LCDPort(4)\__PA ,
            pad => \LCD_Char_1:LCDPort(4)_PAD\ );
        Properties:
        {
        }

    Pin : Name = \LCD_Char_1:LCDPort(5)\
        Attributes:
            In Group/Port: True
            In Sync Option: AUTO
            Out Sync Option: NOSYNC
            Interrupt generated: False
            Interrupt mode: NONE
            Drive mode: CMOS_OUT
            VTrip: EITHER
            Slew: FAST
            Input Sync needed: False
            Output Sync needed: False
            SC shield enabled: False
            POR State: ANY
            LCD Mode: COMMON
            Register Mode: RegComb
            CaSense Mode: NEITHER
            Treat as pin: False
            Is OE Registered: False
            Uses Analog: False
            Can contain Digital: True
            Is SIO: False
            SIO Output Buf: NONREGULATED
            SIO Input Buf: SINGLE_ENDED
            SIO HiFreq: LOW
            SIO Hyst: DISABLED
            SIO Vtrip: MULTIPLIER_0_5
            SIO Multiplier Index: 0
            SIO RefSel: VCC_IO
            Required Capabilitites: DIGITAL
            Initial Value: 0
            IO Voltage: 0
        PORT MAP (
            pa_out => \LCD_Char_1:LCDPort(5)\__PA ,
            pad => \LCD_Char_1:LCDPort(5)_PAD\ );
        Properties:
        {
        }

    Pin : Name = \LCD_Char_1:LCDPort(6)\
        Attributes:
            In Group/Port: True
            In Sync Option: AUTO
            Out Sync Option: NOSYNC
            Interrupt generated: False
            Interrupt mode: NONE
            Drive mode: CMOS_OUT
            VTrip: EITHER
            Slew: FAST
            Input Sync needed: False
            Output Sync needed: False
            SC shield enabled: False
            POR State: ANY
            LCD Mode: COMMON
            Register Mode: RegComb
            CaSense Mode: NEITHER
            Treat as pin: False
            Is OE Registered: False
            Uses Analog: False
            Can contain Digital: True
            Is SIO: False
            SIO Output Buf: NONREGULATED
            SIO Input Buf: SINGLE_ENDED
            SIO HiFreq: LOW
            SIO Hyst: DISABLED
            SIO Vtrip: MULTIPLIER_0_5
            SIO Multiplier Index: 0
            SIO RefSel: VCC_IO
            Required Capabilitites: DIGITAL
            Initial Value: 0
            IO Voltage: 0
        PORT MAP (
            pa_out => \LCD_Char_1:LCDPort(6)\__PA ,
            pad => \LCD_Char_1:LCDPort(6)_PAD\ );
        Properties:
        {
        }
    </CYPRESSTAG>
    <CYPRESSTAG name="Macrocell listing" icon="FILE_RPT_EQUATION">

    ------------------------------------------------------------
    Macrocell listing
    ------------------------------------------------------------

    MacroCell: Name=\SPIS_1:BSPIS:inv_ss\, Mode=(Combinatorial)
        Total # of inputs        : 1
        Total # of product terms : 1
            Clock Enable: True
        Main Equation            : 1 pterm
        (
              !Net_12
        );
        Output = \SPIS_1:BSPIS:inv_ss\ (fanout=2)

    MacroCell: Name=\SPIS_1:BSPIS:tx_load\, Mode=(Combinatorial)
        Total # of inputs        : 4
        Total # of product terms : 1
            Clock Enable: True
        Main Equation            : 1 pterm
        (
              !\SPIS_1:BSPIS:count_3\ * !\SPIS_1:BSPIS:count_2\ * 
              !\SPIS_1:BSPIS:count_1\ * \SPIS_1:BSPIS:count_0\
        );
        Output = \SPIS_1:BSPIS:tx_load\ (fanout=3)

    MacroCell: Name=\SPIS_1:BSPIS:byte_complete\, Mode=(Combinatorial)
        Total # of inputs        : 2
        Total # of product terms : 1
            Clock Enable: True
        Main Equation            : 1 pterm
        (
              \SPIS_1:BSPIS:dpcounter_one_fin\ * 
              !\SPIS_1:BSPIS:dpcounter_one_reg\
        );
        Output = \SPIS_1:BSPIS:byte_complete\ (fanout=1)

    MacroCell: Name=\SPIS_1:BSPIS:rx_buf_overrun\, Mode=(Combinatorial)
        Total # of inputs        : 2
        Total # of product terms : 1
            Clock Enable: True
        Main Equation            : 1 pterm
        (
              \SPIS_1:BSPIS:mosi_buf_overrun_reg\ * 
              !\SPIS_1:BSPIS:mosi_buf_overrun_fin\
        );
        Output = \SPIS_1:BSPIS:rx_buf_overrun\ (fanout=1)

    MacroCell: Name=Net_37, Mode=(Combinatorial)
        Total # of inputs        : 2
        Total # of product terms : 1
            Clock Enable: True
        Main Equation            : 1 pterm
        (
              !Net_12 * \SPIS_1:BSPIS:miso_from_dp\
        );
        Output = Net_37 (fanout=1)

    MacroCell: Name=\SPIS_1:BSPIS:mosi_buf_overrun\, Mode=(Combinatorial)
        Total # of inputs        : 5
        Total # of product terms : 1
            Clock Enable: True
        Main Equation            : 1 pterm
        (
              \SPIS_1:BSPIS:dpMOSI_fifo_full\ * !\SPIS_1:BSPIS:count_3\ * 
              !\SPIS_1:BSPIS:count_2\ * !\SPIS_1:BSPIS:count_1\ * 
              \SPIS_1:BSPIS:count_0\
        );
        Output = \SPIS_1:BSPIS:mosi_buf_overrun\ (fanout=1)

    MacroCell: Name=\SPIS_1:BSPIS:tx_status_0\, Mode=(Combinatorial)
        Total # of inputs        : 3
        Total # of product terms : 1
            Clock Enable: True
        Main Equation            : 1 pterm
        (
              \SPIS_1:BSPIS:dpcounter_one_fin\ * 
              !\SPIS_1:BSPIS:dpcounter_one_reg\ * 
              \SPIS_1:BSPIS:miso_tx_empty_reg_fin\
        );
        Output = \SPIS_1:BSPIS:tx_status_0\ (fanout=1)

    MacroCell: Name=\SPIS_1:BSPIS:rx_status_4\, Mode=(Combinatorial)
        Total # of inputs        : 1
        Total # of product terms : 1
            Clock Enable: True
        Main Equation            : 1 pterm
        (
              !\SPIS_1:BSPIS:dpMOSI_fifo_not_empty\
        );
        Output = \SPIS_1:BSPIS:rx_status_4\ (fanout=1)

    MacroCell: Name=\SPIS_1:BSPIS:mosi_to_dp\, Mode=(Combinatorial)
        Total # of inputs        : 6
        Total # of product terms : 5
            Clock Enable: True
        Main Equation            : 5 pterms
        (
              !\SPIS_1:BSPIS:count_3\ * !\SPIS_1:BSPIS:count_2\ * 
              !\SPIS_1:BSPIS:count_1\ * \SPIS_1:BSPIS:count_0\ * Net_10
            + \SPIS_1:BSPIS:count_3\ * \SPIS_1:BSPIS:mosi_tmp\
            + \SPIS_1:BSPIS:count_2\ * \SPIS_1:BSPIS:mosi_tmp\
            + \SPIS_1:BSPIS:count_1\ * \SPIS_1:BSPIS:mosi_tmp\
            + !\SPIS_1:BSPIS:count_0\ * \SPIS_1:BSPIS:mosi_tmp\
        );
        Output = \SPIS_1:BSPIS:mosi_to_dp\ (fanout=1)

    MacroCell: Name=\SPIS_1:BSPIS:dpcounter_one_reg\, Mode=(D-Register)
        Total # of inputs        : 1
        Total # of product terms : 1
        List of special equations: 
            Clock  = (Net_5) => Global
            Clock Enable: True
        Main Equation            : 1 pterm
        (
              \SPIS_1:BSPIS:dpcounter_one_fin\
        );
        Output = \SPIS_1:BSPIS:dpcounter_one_reg\ (fanout=2)

    MacroCell: Name=\SPIS_1:BSPIS:mosi_buf_overrun_fin\, Mode=(D-Register)
        Total # of inputs        : 1
        Total # of product terms : 1
        List of special equations: 
            Clock  = (Net_5) => Global
            Clock Enable: True
        Main Equation            : 1 pterm
        (
              \SPIS_1:BSPIS:mosi_buf_overrun_reg\
        );
        Output = \SPIS_1:BSPIS:mosi_buf_overrun_fin\ (fanout=1)

    MacroCell: Name=\SPIS_1:BSPIS:mosi_tmp\, Mode=(D-Register)
        Total # of inputs        : 1
        Total # of product terms : 1
        List of special equations: 
            Clock  = (Net_11)
            Clock Enable: True
        Main Equation            : 1 pterm
        (
              Net_10
        );
        Output = \SPIS_1:BSPIS:mosi_tmp\ (fanout=1)
    </CYPRESSTAG>
    <CYPRESSTAG name="Datapath listing">

    ------------------------------------------------------------
    Datapath listing
    ------------------------------------------------------------

    datapathcell: Name =\SPIS_1:BSPIS:sR8:Dp:u0\
        PORT MAP (
            clock => Net_11 ,
            cs_addr_2 => \SPIS_1:BSPIS:inv_ss\ ,
            cs_addr_0 => \SPIS_1:BSPIS:tx_load\ ,
            route_si => \SPIS_1:BSPIS:mosi_to_dp\ ,
            f1_load => \SPIS_1:BSPIS:tx_load\ ,
            so_comb => \SPIS_1:BSPIS:miso_from_dp\ ,
            f0_bus_stat_comb => \SPIS_1:BSPIS:tx_status_1\ ,
            f0_blk_stat_comb => \SPIS_1:BSPIS:dpMISO_fifo_empty\ ,
            f1_bus_stat_comb => \SPIS_1:BSPIS:dpMOSI_fifo_not_empty\ ,
            f1_blk_stat_comb => \SPIS_1:BSPIS:dpMOSI_fifo_full\ );
        Properties:
        {
            a0_init = "00000000"
            a1_init = "00000000"
            ce0_sync = 1
            ce1_sync = 1
            cl0_sync = 1
            cl1_sync = 1
            cmsb_sync = 1
            co_msb_sync = 1
            cy_dpconfig = "0000000000000000000000000000000000000000000000000000000000000000000000010100000000000001110000000000000000000000000000000000000011111111111111111111111111111111000000000010001000001100111100000001000010001100"
            d0_init = "00000000"
            d1_init = "00000000"
            f0_blk_sync = 1
            f0_bus_sync = 1
            f1_blk_sync = 1
            f1_bus_sync = 1
            ff0_sync = 1
            ff1_sync = 1
            ov_msb_sync = 1
            so_sync = 1
            z0_sync = 1
            z1_sync = 1
        }
        Clock Polarity: Active Low
        Clock Enable: True
    </CYPRESSTAG>
    <CYPRESSTAG name="Status register listing">
    </CYPRESSTAG>
    <CYPRESSTAG name="StatusI register listing">

    ------------------------------------------------------------
    StatusI register listing
    ------------------------------------------------------------

    statusicell: Name =\SPIS_1:BSPIS:TxStsReg\
        PORT MAP (
            clock => Net_5 ,
            status_6 => \SPIS_1:BSPIS:byte_complete\ ,
            status_2 => \SPIS_1:BSPIS:miso_tx_empty_reg_fin\ ,
            status_1 => \SPIS_1:BSPIS:tx_status_1\ ,
            status_0 => \SPIS_1:BSPIS:tx_status_0\ );
        Properties:
        {
            cy_force_order = 1
            cy_int_mask = "1111111"
            cy_md_select = "1000001"
        }
        Clock Polarity: Active High
        Clock Enable: True

    statusicell: Name =\SPIS_1:BSPIS:RxStsReg\
        PORT MAP (
            clock => Net_5 ,
            status_6 => \SPIS_1:BSPIS:dpMOSI_fifo_full_reg\ ,
            status_5 => \SPIS_1:BSPIS:rx_buf_overrun\ ,
            status_4 => \SPIS_1:BSPIS:rx_status_4\ ,
            status_3 => \SPIS_1:BSPIS:dpMOSI_fifo_not_empty\ );
        Properties:
        {
            cy_force_order = 1
            cy_int_mask = "1111111"
            cy_md_select = "0100000"
        }
        Clock Polarity: Active High
        Clock Enable: True
    </CYPRESSTAG>
    <CYPRESSTAG name="Sync listing">

    ------------------------------------------------------------
    Sync listing
    ------------------------------------------------------------

    synccell: Name =\SPIS_1:BSPIS:sync_1\
        PORT MAP (
            clock => Net_5 ,
            in => \SPIS_1:BSPIS:tx_load\ ,
            out => \SPIS_1:BSPIS:dpcounter_one_fin\ );
        Clock Polarity: Active High
        Clock Enable: True

    synccell: Name =\SPIS_1:BSPIS:sync_2\
        PORT MAP (
            clock => Net_5 ,
            in => \SPIS_1:BSPIS:dpMISO_fifo_empty\ ,
            out => \SPIS_1:BSPIS:miso_tx_empty_reg_fin\ );
        Clock Polarity: Active High
        Clock Enable: True

    synccell: Name =\SPIS_1:BSPIS:sync_3\
        PORT MAP (
            clock => Net_5 ,
            in => \SPIS_1:BSPIS:mosi_buf_overrun\ ,
            out => \SPIS_1:BSPIS:mosi_buf_overrun_reg\ );
        Clock Polarity: Active High
        Clock Enable: True

    synccell: Name =\SPIS_1:BSPIS:sync_4\
        PORT MAP (
            clock => Net_5 ,
            in => \SPIS_1:BSPIS:dpMOSI_fifo_full\ ,
            out => \SPIS_1:BSPIS:dpMOSI_fifo_full_reg\ );
        Clock Polarity: Active High
        Clock Enable: True
    </CYPRESSTAG>
    <CYPRESSTAG name="Control register listing">
    </CYPRESSTAG>
    <CYPRESSTAG name="Count7 listing">

    ------------------------------------------------------------
    Count7 listing
    ------------------------------------------------------------

    count7cell: Name =\SPIS_1:BSPIS:BitCounter\
        PORT MAP (
            clock => Net_11 ,
            reset => Net_12 ,
            enable => \SPIS_1:BSPIS:inv_ss\ ,
            count_6 => \SPIS_1:BSPIS:count_6\ ,
            count_5 => \SPIS_1:BSPIS:count_5\ ,
            count_4 => \SPIS_1:BSPIS:count_4\ ,
            count_3 => \SPIS_1:BSPIS:count_3\ ,
            count_2 => \SPIS_1:BSPIS:count_2\ ,
            count_1 => \SPIS_1:BSPIS:count_1\ ,
            count_0 => \SPIS_1:BSPIS:count_0\ );
        Properties:
        {
            cy_alt_mode = 0
            cy_init_value = "0000000"
            cy_period = "0000111"
            cy_route_en = 1
            cy_route_ld = 0
        }
        Clock Polarity: Active Low
        Clock Enable: True
    </CYPRESSTAG>
    <CYPRESSTAG name="DRQ listing">
    </CYPRESSTAG>
    <CYPRESSTAG name="Interrupt listing">
    </CYPRESSTAG>
</CYPRESSTAG>
<CYPRESSTAG name="Technology mapping summary" expanded>

------------------------------------------------------------
Technology mapping summary
------------------------------------------------------------

Resource Type                 : Used : Free :  Max :  % Used
============================================================
Digital Clocks                :    1 :    7 :    8 : 12.50 %
Analog Clocks                 :    0 :    4 :    4 :  0.00 %
CapSense Buffers              :    0 :    2 :    2 :  0.00 %
Digital Filter Block          :    0 :    1 :    1 :  0.00 %
Interrupts                    :    0 :   32 :   32 :  0.00 %
IO                            :   14 :   58 :   72 : 19.44 %
Segment LCD                   :    0 :    1 :    1 :  0.00 %
CAN 2.0b                      :    0 :    1 :    1 :  0.00 %
I2C                           :    0 :    1 :    1 :  0.00 %
USB                           :    0 :    1 :    1 :  0.00 %
DMA Channels                  :    0 :   24 :   24 :  0.00 %
Timer                         :    0 :    4 :    4 :  0.00 %
UDB                           :      :      :      :        
  Macrocells                  :   12 :  180 :  192 :  6.25 %
  Unique P-terms              :   16 :  368 :  384 :  4.17 %
  Total P-terms               :   16 :      :      :        
  Datapath Cells              :    1 :   23 :   24 :  4.17 %
  Status Cells                :    4 :   20 :   24 : 16.67 %
    StatusI Registers         :    2 :      :      :        
    Sync Cells (x4)           :    1 :      :      :        
    Routed Count7 Load/Enable :    1 :      :      :        
  Control Cells               :    1 :   23 :   24 :  4.17 %
    Count7 Cells              :    1 :      :      :        
Opamp                         :    0 :    4 :    4 :  0.00 %
Comparator                    :    0 :    4 :    4 :  0.00 %
Delta-Sigma ADC               :    0 :    1 :    1 :  0.00 %
LPF                           :    0 :    2 :    2 :  0.00 %
SAR ADC                       :    0 :    2 :    2 :  0.00 %
Analog (SC/CT) Blocks         :    0 :    4 :    4 :  0.00 %
DAC                           :      :      :      :        
  VIDAC                       :    0 :    4 :    4 :  0.00 %
</CYPRESSTAG>
Technology Mapping: Elapsed time ==> 0s.039ms
Tech mapping phase: Elapsed time ==> 0s.168ms
</CYPRESSTAG>
<CYPRESSTAG name="Analog Placement">
Initial Analog Placement Results:
IO_5@[IOP=(4)][IoId=(5)] : Pin_2(0) (fixed)
IO_0@[IOP=(4)][IoId=(0)] : Pin_3(0) (fixed)
IO_4@[IOP=(4)][IoId=(4)] : Pin_4(0) (fixed)
IO_3@[IOP=(4)][IoId=(3)] : Pin_8(0) (fixed)
IO_0@[IOP=(2)][IoId=(0)] : \LCD_Char_1:LCDPort(0)\ (fixed)
IO_1@[IOP=(2)][IoId=(1)] : \LCD_Char_1:LCDPort(1)\ (fixed)
IO_2@[IOP=(2)][IoId=(2)] : \LCD_Char_1:LCDPort(2)\ (fixed)
IO_3@[IOP=(2)][IoId=(3)] : \LCD_Char_1:LCDPort(3)\ (fixed)
IO_4@[IOP=(2)][IoId=(4)] : \LCD_Char_1:LCDPort(4)\ (fixed)
IO_5@[IOP=(2)][IoId=(5)] : \LCD_Char_1:LCDPort(5)\ (fixed)
IO_6@[IOP=(2)][IoId=(6)] : \LCD_Char_1:LCDPort(6)\ (fixed)
Analog Placement phase: Elapsed time ==> 0s.052ms
</CYPRESSTAG>
<CYPRESSTAG name="Analog Routing">
Analog Routing phase: Elapsed time ==> 0s.000ms
</CYPRESSTAG>
<CYPRESSTAG name="Analog Code Generation">
============ Analog Final Answer Routes ============
Dump of CyAnalogRoutingResultsDB
Map of net to items {
}
Map of item to net {
}
Mux Info {
}
Dump of CyP35AnalogRoutingResultsDB
IsVddaHalfUsedForComp = False
IsVddaHalfUsedForSar0 = False
IsVddaHalfUsedForSar1 = False
Analog Code Generation phase: Elapsed time ==> 0s.720ms
</CYPRESSTAG>
<CYPRESSTAG name="Digital Placement">
<CYPRESSTAG name="Detailed placement messages">
I2076: Total run-time: 1.0 sec.

</CYPRESSTAG>
<CYPRESSTAG name="PLD Packing">
<CYPRESSTAG name="PLD Packing Summary" expanded>

------------------------------------------------------------
PLD Packing Summary
------------------------------------------------------------
            Resource Type : Used : Free :  Max :  % Used
    ====================================================
                     PLDs :    6 :   42 :   48 :  12.50%

<CYPRESSTAG name="PLD Statistics">

        PLD Resource Type :     Average/LAB
    =======================================
                   Inputs :            4.00
                   Pterms :            2.67
               Macrocells :            2.00
</CYPRESSTAG>
<CYPRESSTAG name="Packed PLD Contents">
Packed PLD Contents not displayed at this verbose level.</CYPRESSTAG>
</CYPRESSTAG>
PLD Packing: Elapsed time ==> 0s.001ms
</CYPRESSTAG>
<CYPRESSTAG name="Partitioning">
<CYPRESSTAG name="Initial Partitioning Summary">
Initial Partitioning Summary not displayed at this verbose level.</CYPRESSTAG>
<CYPRESSTAG name="Final Partitioning Summary">
Final Partitioning Summary not displayed at this verbose level.</CYPRESSTAG>
Partitioning: Elapsed time ==> 0s.033ms
</CYPRESSTAG>
<CYPRESSTAG name="Simulated Annealing">
Annealing: Elapsed time ==> 0s.002ms
<CYPRESSTAG name="Simulated Annealing Results">
The seed used for moves was 114161200.
Inital cost was 135, final cost is 135 (0.00% improvement).</CYPRESSTAG>
</CYPRESSTAG>
<CYPRESSTAG name="Final Placement Summary">

------------------------------------------------------------
Final Placement Summary
------------------------------------------------------------

       Resource Type :      Count : Avg Inputs : Avg Outputs
    ========================================================
                 UDB :          4 :       5.00 :       3.00
<CYPRESSTAG name="Final Placement Details">
<CYPRESSTAG name="Component Details">

------------------------------------------------------------
Component Placement Details
------------------------------------------------------------
UDB [UDB=(0,0)] is empty.
UDB [UDB=(0,1)] is empty.
UDB [UDB=(0,2)] is empty.
UDB [UDB=(0,3)] contents:
LAB@[UDB=(0,3)][LB=1] #macrocells=2, #inputs=2, #pterms=2
{
    [McSlotId=0]:     MacroCell: Name=\SPIS_1:BSPIS:rx_buf_overrun\, Mode=(Combinatorial) @ [UDB=(0,3)][LB=1][MC=0]
        Total # of inputs        : 2
        Total # of product terms : 1
            Clock Enable: True
        Main Equation            : 1 pterm
        (
              \SPIS_1:BSPIS:mosi_buf_overrun_reg\ * 
              !\SPIS_1:BSPIS:mosi_buf_overrun_fin\
        );
        Output = \SPIS_1:BSPIS:rx_buf_overrun\ (fanout=1)
        Properties               : 
        {
        }

    [McSlotId=1]:     MacroCell: Name=\SPIS_1:BSPIS:mosi_buf_overrun_fin\, Mode=(D-Register) @ [UDB=(0,3)][LB=1][MC=1]
        Total # of inputs        : 1
        Total # of product terms : 1
        List of special equations: 
            Clock  = (Net_5) => Global
            Clock Enable: True
        Main Equation            : 1 pterm
        (
              \SPIS_1:BSPIS:mosi_buf_overrun_reg\
        );
        Output = \SPIS_1:BSPIS:mosi_buf_overrun_fin\ (fanout=1)
        Properties               : 
        {
        }

    [McSlotId=2]: (empty)
    [McSlotId=3]: (empty)
}

statusicell: Name =\SPIS_1:BSPIS:RxStsReg\
    PORT MAP (
        clock => Net_5 ,
        status_6 => \SPIS_1:BSPIS:dpMOSI_fifo_full_reg\ ,
        status_5 => \SPIS_1:BSPIS:rx_buf_overrun\ ,
        status_4 => \SPIS_1:BSPIS:rx_status_4\ ,
        status_3 => \SPIS_1:BSPIS:dpMOSI_fifo_not_empty\ );
    Properties:
    {
        cy_force_order = 1
        cy_int_mask = "1111111"
        cy_md_select = "0100000"
    }
    Clock Polarity: Active High
    Clock Enable: True

UDB [UDB=(0,4)] is empty.
UDB [UDB=(0,5)] contents:
LAB@[UDB=(0,5)][LB=1] #macrocells=1, #inputs=2, #pterms=1
{
    [McSlotId=0]: (empty)
    [McSlotId=1]:     MacroCell: Name=Net_37, Mode=(Combinatorial) @ [UDB=(0,5)][LB=1][MC=1]
        Total # of inputs        : 2
        Total # of product terms : 1
            Clock Enable: True
        Main Equation            : 1 pterm
        (
              !Net_12 * \SPIS_1:BSPIS:miso_from_dp\
        );
        Output = Net_37 (fanout=1)
        Properties               : 
        {
        }

    [McSlotId=2]: (empty)
    [McSlotId=3]: (empty)
}

statusicell: Name =\SPIS_1:BSPIS:TxStsReg\
    PORT MAP (
        clock => Net_5 ,
        status_6 => \SPIS_1:BSPIS:byte_complete\ ,
        status_2 => \SPIS_1:BSPIS:miso_tx_empty_reg_fin\ ,
        status_1 => \SPIS_1:BSPIS:tx_status_1\ ,
        status_0 => \SPIS_1:BSPIS:tx_status_0\ );
    Properties:
    {
        cy_force_order = 1
        cy_int_mask = "1111111"
        cy_md_select = "1000001"
    }
    Clock Polarity: Active High
    Clock Enable: True

UDB [UDB=(1,0)] is empty.
UDB [UDB=(1,1)] is empty.
UDB [UDB=(1,2)] is empty.
UDB [UDB=(1,3)] contents:
LAB@[UDB=(1,3)][LB=0] #macrocells=3, #inputs=6, #pterms=3
{
    [McSlotId=0]:     MacroCell: Name=\SPIS_1:BSPIS:rx_status_4\, Mode=(Combinatorial) @ [UDB=(1,3)][LB=0][MC=0]
        Total # of inputs        : 1
        Total # of product terms : 1
            Clock Enable: True
        Main Equation            : 1 pterm
        (
              !\SPIS_1:BSPIS:dpMOSI_fifo_not_empty\
        );
        Output = \SPIS_1:BSPIS:rx_status_4\ (fanout=1)
        Properties               : 
        {
        }

    [McSlotId=1]: (empty)
    [McSlotId=2]:     MacroCell: Name=\SPIS_1:BSPIS:inv_ss\, Mode=(Combinatorial) @ [UDB=(1,3)][LB=0][MC=2]
        Total # of inputs        : 1
        Total # of product terms : 1
            Clock Enable: True
        Main Equation            : 1 pterm
        (
              !Net_12
        );
        Output = \SPIS_1:BSPIS:inv_ss\ (fanout=3)
        Properties               : 
        {
        }

    [McSlotId=3]:     MacroCell: Name=\SPIS_1:BSPIS:tx_load\, Mode=(Combinatorial) @ [UDB=(1,3)][LB=0][MC=3]
        Total # of inputs        : 4
        Total # of product terms : 1
            Clock Enable: True
        Main Equation            : 1 pterm
        (
              !\SPIS_1:BSPIS:count_3\ * !\SPIS_1:BSPIS:count_2\ * 
              !\SPIS_1:BSPIS:count_1\ * \SPIS_1:BSPIS:count_0\
        );
        Output = \SPIS_1:BSPIS:tx_load\ (fanout=3)
        Properties               : 
        {
        }
}

LAB@[UDB=(1,3)][LB=1] #macrocells=1, #inputs=5, #pterms=1
{
    [McSlotId=0]:     MacroCell: Name=\SPIS_1:BSPIS:mosi_buf_overrun\, Mode=(Combinatorial) @ [UDB=(1,3)][LB=1][MC=0]
        Total # of inputs        : 5
        Total # of product terms : 1
            Clock Enable: True
        Main Equation            : 1 pterm
        (
              \SPIS_1:BSPIS:dpMOSI_fifo_full\ * !\SPIS_1:BSPIS:count_3\ * 
              !\SPIS_1:BSPIS:count_2\ * !\SPIS_1:BSPIS:count_1\ * 
              \SPIS_1:BSPIS:count_0\
        );
        Output = \SPIS_1:BSPIS:mosi_buf_overrun\ (fanout=1)
        Properties               : 
        {
        }

    [McSlotId=1]: (empty)
    [McSlotId=2]: (empty)
    [McSlotId=3]: (empty)
}

synccell: Name =\SPIS_1:BSPIS:sync_2\
    PORT MAP (
        clock => Net_5 ,
        in => \SPIS_1:BSPIS:dpMISO_fifo_empty\ ,
        out => \SPIS_1:BSPIS:miso_tx_empty_reg_fin\ );
    Properties:
    {
    }
    Clock Polarity: Active High
    Clock Enable: True

synccell: Name =\SPIS_1:BSPIS:sync_4\
    PORT MAP (
        clock => Net_5 ,
        in => \SPIS_1:BSPIS:dpMOSI_fifo_full\ ,
        out => \SPIS_1:BSPIS:dpMOSI_fifo_full_reg\ );
    Properties:
    {
    }
    Clock Polarity: Active High
    Clock Enable: True

synccell: Name =\SPIS_1:BSPIS:sync_3\
    PORT MAP (
        clock => Net_5 ,
        in => \SPIS_1:BSPIS:mosi_buf_overrun\ ,
        out => \SPIS_1:BSPIS:mosi_buf_overrun_reg\ );
    Properties:
    {
    }
    Clock Polarity: Active High
    Clock Enable: True

synccell: Name =\SPIS_1:BSPIS:sync_1\
    PORT MAP (
        clock => Net_5 ,
        in => \SPIS_1:BSPIS:tx_load\ ,
        out => \SPIS_1:BSPIS:dpcounter_one_fin\ );
    Properties:
    {
    }
    Clock Polarity: Active High
    Clock Enable: True

UDB [UDB=(1,4)] is empty.
UDB [UDB=(1,5)] contents:
LAB@[UDB=(1,5)][LB=0] #macrocells=2, #inputs=6, #pterms=6
{
    [McSlotId=0]:     MacroCell: Name=\SPIS_1:BSPIS:mosi_to_dp\, Mode=(Combinatorial) @ [UDB=(1,5)][LB=0][MC=0]
        Total # of inputs        : 6
        Total # of product terms : 5
            Clock Enable: True
        Main Equation            : 5 pterms
        (
              !\SPIS_1:BSPIS:count_3\ * !\SPIS_1:BSPIS:count_2\ * 
              !\SPIS_1:BSPIS:count_1\ * \SPIS_1:BSPIS:count_0\ * Net_10
            + \SPIS_1:BSPIS:count_3\ * \SPIS_1:BSPIS:mosi_tmp\
            + \SPIS_1:BSPIS:count_2\ * \SPIS_1:BSPIS:mosi_tmp\
            + \SPIS_1:BSPIS:count_1\ * \SPIS_1:BSPIS:mosi_tmp\
            + !\SPIS_1:BSPIS:count_0\ * \SPIS_1:BSPIS:mosi_tmp\
        );
        Output = \SPIS_1:BSPIS:mosi_to_dp\ (fanout=1)
        Properties               : 
        {
        }

    [McSlotId=1]:     MacroCell: Name=\SPIS_1:BSPIS:mosi_tmp\, Mode=(D-Register) @ [UDB=(1,5)][LB=0][MC=1]
        Total # of inputs        : 1
        Total # of product terms : 1
        List of special equations: 
            Clock  = (Net_11)
            Clock Enable: True
        Main Equation            : 1 pterm
        (
              Net_10
        );
        Output = \SPIS_1:BSPIS:mosi_tmp\ (fanout=1)
        Properties               : 
        {
        }

    [McSlotId=2]: (empty)
    [McSlotId=3]: (empty)
}

LAB@[UDB=(1,5)][LB=1] #macrocells=3, #inputs=3, #pterms=3
{
    [McSlotId=0]:     MacroCell: Name=\SPIS_1:BSPIS:tx_status_0\, Mode=(Combinatorial) @ [UDB=(1,5)][LB=1][MC=0]
        Total # of inputs        : 3
        Total # of product terms : 1
            Clock Enable: True
        Main Equation            : 1 pterm
        (
              \SPIS_1:BSPIS:dpcounter_one_fin\ * 
              !\SPIS_1:BSPIS:dpcounter_one_reg\ * 
              \SPIS_1:BSPIS:miso_tx_empty_reg_fin\
        );
        Output = \SPIS_1:BSPIS:tx_status_0\ (fanout=1)
        Properties               : 
        {
        }

    [McSlotId=1]:     MacroCell: Name=\SPIS_1:BSPIS:dpcounter_one_reg\, Mode=(D-Register) @ [UDB=(1,5)][LB=1][MC=1]
        Total # of inputs        : 1
        Total # of product terms : 1
        List of special equations: 
            Clock  = (Net_5) => Global
            Clock Enable: True
        Main Equation            : 1 pterm
        (
              \SPIS_1:BSPIS:dpcounter_one_fin\
        );
        Output = \SPIS_1:BSPIS:dpcounter_one_reg\ (fanout=2)
        Properties               : 
        {
        }

    [McSlotId=2]:     MacroCell: Name=\SPIS_1:BSPIS:byte_complete\, Mode=(Combinatorial) @ [UDB=(1,5)][LB=1][MC=2]
        Total # of inputs        : 2
        Total # of product terms : 1
            Clock Enable: True
        Main Equation            : 1 pterm
        (
              \SPIS_1:BSPIS:dpcounter_one_fin\ * 
              !\SPIS_1:BSPIS:dpcounter_one_reg\
        );
        Output = \SPIS_1:BSPIS:byte_complete\ (fanout=1)
        Properties               : 
        {
        }

    [McSlotId=3]: (empty)
}

datapathcell: Name =\SPIS_1:BSPIS:sR8:Dp:u0\
    PORT MAP (
        clock => Net_11 ,
        cs_addr_2 => \SPIS_1:BSPIS:inv_ss\ ,
        cs_addr_0 => \SPIS_1:BSPIS:tx_load\ ,
        route_si => \SPIS_1:BSPIS:mosi_to_dp\ ,
        f1_load => \SPIS_1:BSPIS:tx_load\ ,
        so_comb => \SPIS_1:BSPIS:miso_from_dp\ ,
        f0_bus_stat_comb => \SPIS_1:BSPIS:tx_status_1\ ,
        f0_blk_stat_comb => \SPIS_1:BSPIS:dpMISO_fifo_empty\ ,
        f1_bus_stat_comb => \SPIS_1:BSPIS:dpMOSI_fifo_not_empty\ ,
        f1_blk_stat_comb => \SPIS_1:BSPIS:dpMOSI_fifo_full\ );
    Properties:
    {
        a0_init = "00000000"
        a1_init = "00000000"
        ce0_sync = 1
        ce1_sync = 1
        cl0_sync = 1
        cl1_sync = 1
        cmsb_sync = 1
        co_msb_sync = 1
        cy_dpconfig = "0000000000000000000000000000000000000000000000000000000000000000000000010100000000000001110000000000000000000000000000000000000011111111111111111111111111111111000000000010001000001100111100000001000010001100"
        d0_init = "00000000"
        d1_init = "00000000"
        f0_blk_sync = 1
        f0_bus_sync = 1
        f1_blk_sync = 1
        f1_bus_sync = 1
        ff0_sync = 1
        ff1_sync = 1
        ov_msb_sync = 1
        so_sync = 1
        z0_sync = 1
        z1_sync = 1
    }
    Clock Polarity: Active Low
    Clock Enable: True

count7cell: Name =\SPIS_1:BSPIS:BitCounter\
    PORT MAP (
        clock => Net_11 ,
        reset => Net_12 ,
        enable => \SPIS_1:BSPIS:inv_ss\ ,
        count_6 => \SPIS_1:BSPIS:count_6\ ,
        count_5 => \SPIS_1:BSPIS:count_5\ ,
        count_4 => \SPIS_1:BSPIS:count_4\ ,
        count_3 => \SPIS_1:BSPIS:count_3\ ,
        count_2 => \SPIS_1:BSPIS:count_2\ ,
        count_1 => \SPIS_1:BSPIS:count_1\ ,
        count_0 => \SPIS_1:BSPIS:count_0\ );
    Properties:
    {
        cy_alt_mode = 0
        cy_init_value = "0000000"
        cy_period = "0000111"
        cy_route_en = 1
        cy_route_ld = 0
    }
    Clock Polarity: Active Low
    Clock Enable: True

UDB [UDB=(2,0)] is empty.
UDB [UDB=(2,1)] is empty.
UDB [UDB=(2,2)] is empty.
UDB [UDB=(2,3)] is empty.
UDB [UDB=(2,4)] is empty.
UDB [UDB=(2,5)] is empty.
UDB [UDB=(3,0)] is empty.
UDB [UDB=(3,1)] is empty.
UDB [UDB=(3,2)] is empty.
UDB [UDB=(3,3)] is empty.
UDB [UDB=(3,4)] is empty.
UDB [UDB=(3,5)] is empty.
Intr container @ [IntrContainer=(0)]: empty
Drq container @ [DrqContainer=(0)]: empty
Port 0 is empty
Port 1 is empty
Port 2 contains the following IO cells:
[IoId=0]: 
Pin : Name = \LCD_Char_1:LCDPort(0)\
    Attributes:
        In Group/Port: True
        In Sync Option: AUTO
        Out Sync Option: NOSYNC
        Interrupt generated: False
        Interrupt mode: NONE
        Drive mode: CMOS_OUT
        VTrip: EITHER
        Slew: FAST
        Input Sync needed: False
        Output Sync needed: False
        SC shield enabled: False
        POR State: ANY
        LCD Mode: COMMON
        Register Mode: RegComb
        CaSense Mode: NEITHER
        Treat as pin: False
        Is OE Registered: False
        Uses Analog: False
        Can contain Digital: True
        Is SIO: False
        SIO Output Buf: NONREGULATED
        SIO Input Buf: SINGLE_ENDED
        SIO HiFreq: LOW
        SIO Hyst: DISABLED
        SIO Vtrip: MULTIPLIER_0_5
        SIO Multiplier Index: 0
        SIO RefSel: VCC_IO
        Required Capabilitites: DIGITAL
        Initial Value: 0
        IO Voltage: 0
    PORT MAP (
        pa_out => \LCD_Char_1:LCDPort(0)\__PA ,
        pad => \LCD_Char_1:LCDPort(0)_PAD\ );
    Properties:
    {
    }

[IoId=1]: 
Pin : Name = \LCD_Char_1:LCDPort(1)\
    Attributes:
        In Group/Port: True
        In Sync Option: AUTO
        Out Sync Option: NOSYNC
        Interrupt generated: False
        Interrupt mode: NONE
        Drive mode: CMOS_OUT
        VTrip: EITHER
        Slew: FAST
        Input Sync needed: False
        Output Sync needed: False
        SC shield enabled: False
        POR State: ANY
        LCD Mode: COMMON
        Register Mode: RegComb
        CaSense Mode: NEITHER
        Treat as pin: False
        Is OE Registered: False
        Uses Analog: False
        Can contain Digital: True
        Is SIO: False
        SIO Output Buf: NONREGULATED
        SIO Input Buf: SINGLE_ENDED
        SIO HiFreq: LOW
        SIO Hyst: DISABLED
        SIO Vtrip: MULTIPLIER_0_5
        SIO Multiplier Index: 0
        SIO RefSel: VCC_IO
        Required Capabilitites: DIGITAL
        Initial Value: 0
        IO Voltage: 0
    PORT MAP (
        pa_out => \LCD_Char_1:LCDPort(1)\__PA ,
        pad => \LCD_Char_1:LCDPort(1)_PAD\ );
    Properties:
    {
    }

[IoId=2]: 
Pin : Name = \LCD_Char_1:LCDPort(2)\
    Attributes:
        In Group/Port: True
        In Sync Option: AUTO
        Out Sync Option: NOSYNC
        Interrupt generated: False
        Interrupt mode: NONE
        Drive mode: CMOS_OUT
        VTrip: EITHER
        Slew: FAST
        Input Sync needed: False
        Output Sync needed: False
        SC shield enabled: False
        POR State: ANY
        LCD Mode: COMMON
        Register Mode: RegComb
        CaSense Mode: NEITHER
        Treat as pin: False
        Is OE Registered: False
        Uses Analog: False
        Can contain Digital: True
        Is SIO: False
        SIO Output Buf: NONREGULATED
        SIO Input Buf: SINGLE_ENDED
        SIO HiFreq: LOW
        SIO Hyst: DISABLED
        SIO Vtrip: MULTIPLIER_0_5
        SIO Multiplier Index: 0
        SIO RefSel: VCC_IO
        Required Capabilitites: DIGITAL
        Initial Value: 0
        IO Voltage: 0
    PORT MAP (
        pa_out => \LCD_Char_1:LCDPort(2)\__PA ,
        pad => \LCD_Char_1:LCDPort(2)_PAD\ );
    Properties:
    {
    }

[IoId=3]: 
Pin : Name = \LCD_Char_1:LCDPort(3)\
    Attributes:
        In Group/Port: True
        In Sync Option: AUTO
        Out Sync Option: NOSYNC
        Interrupt generated: False
        Interrupt mode: NONE
        Drive mode: CMOS_OUT
        VTrip: EITHER
        Slew: FAST
        Input Sync needed: False
        Output Sync needed: False
        SC shield enabled: False
        POR State: ANY
        LCD Mode: COMMON
        Register Mode: RegComb
        CaSense Mode: NEITHER
        Treat as pin: False
        Is OE Registered: False
        Uses Analog: False
        Can contain Digital: True
        Is SIO: False
        SIO Output Buf: NONREGULATED
        SIO Input Buf: SINGLE_ENDED
        SIO HiFreq: LOW
        SIO Hyst: DISABLED
        SIO Vtrip: MULTIPLIER_0_5
        SIO Multiplier Index: 0
        SIO RefSel: VCC_IO
        Required Capabilitites: DIGITAL
        Initial Value: 0
        IO Voltage: 0
    PORT MAP (
        pa_out => \LCD_Char_1:LCDPort(3)\__PA ,
        pad => \LCD_Char_1:LCDPort(3)_PAD\ );
    Properties:
    {
    }

[IoId=4]: 
Pin : Name = \LCD_Char_1:LCDPort(4)\
    Attributes:
        In Group/Port: True
        In Sync Option: AUTO
        Out Sync Option: NOSYNC
        Interrupt generated: False
        Interrupt mode: NONE
        Drive mode: CMOS_OUT
        VTrip: EITHER
        Slew: FAST
        Input Sync needed: False
        Output Sync needed: False
        SC shield enabled: False
        POR State: ANY
        LCD Mode: COMMON
        Register Mode: RegComb
        CaSense Mode: NEITHER
        Treat as pin: False
        Is OE Registered: False
        Uses Analog: False
        Can contain Digital: True
        Is SIO: False
        SIO Output Buf: NONREGULATED
        SIO Input Buf: SINGLE_ENDED
        SIO HiFreq: LOW
        SIO Hyst: DISABLED
        SIO Vtrip: MULTIPLIER_0_5
        SIO Multiplier Index: 0
        SIO RefSel: VCC_IO
        Required Capabilitites: DIGITAL
        Initial Value: 0
        IO Voltage: 0
    PORT MAP (
        pa_out => \LCD_Char_1:LCDPort(4)\__PA ,
        pad => \LCD_Char_1:LCDPort(4)_PAD\ );
    Properties:
    {
    }

[IoId=5]: 
Pin : Name = \LCD_Char_1:LCDPort(5)\
    Attributes:
        In Group/Port: True
        In Sync Option: AUTO
        Out Sync Option: NOSYNC
        Interrupt generated: False
        Interrupt mode: NONE
        Drive mode: CMOS_OUT
        VTrip: EITHER
        Slew: FAST
        Input Sync needed: False
        Output Sync needed: False
        SC shield enabled: False
        POR State: ANY
        LCD Mode: COMMON
        Register Mode: RegComb
        CaSense Mode: NEITHER
        Treat as pin: False
        Is OE Registered: False
        Uses Analog: False
        Can contain Digital: True
        Is SIO: False
        SIO Output Buf: NONREGULATED
        SIO Input Buf: SINGLE_ENDED
        SIO HiFreq: LOW
        SIO Hyst: DISABLED
        SIO Vtrip: MULTIPLIER_0_5
        SIO Multiplier Index: 0
        SIO RefSel: VCC_IO
        Required Capabilitites: DIGITAL
        Initial Value: 0
        IO Voltage: 0
    PORT MAP (
        pa_out => \LCD_Char_1:LCDPort(5)\__PA ,
        pad => \LCD_Char_1:LCDPort(5)_PAD\ );
    Properties:
    {
    }

[IoId=6]: 
Pin : Name = \LCD_Char_1:LCDPort(6)\
    Attributes:
        In Group/Port: True
        In Sync Option: AUTO
        Out Sync Option: NOSYNC
        Interrupt generated: False
        Interrupt mode: NONE
        Drive mode: CMOS_OUT
        VTrip: EITHER
        Slew: FAST
        Input Sync needed: False
        Output Sync needed: False
        SC shield enabled: False
        POR State: ANY
        LCD Mode: COMMON
        Register Mode: RegComb
        CaSense Mode: NEITHER
        Treat as pin: False
        Is OE Registered: False
        Uses Analog: False
        Can contain Digital: True
        Is SIO: False
        SIO Output Buf: NONREGULATED
        SIO Input Buf: SINGLE_ENDED
        SIO HiFreq: LOW
        SIO Hyst: DISABLED
        SIO Vtrip: MULTIPLIER_0_5
        SIO Multiplier Index: 0
        SIO RefSel: VCC_IO
        Required Capabilitites: DIGITAL
        Initial Value: 0
        IO Voltage: 0
    PORT MAP (
        pa_out => \LCD_Char_1:LCDPort(6)\__PA ,
        pad => \LCD_Char_1:LCDPort(6)_PAD\ );
    Properties:
    {
    }

Port 3 is empty
Port 4 contains the following IO cells:
[IoId=0]: 
Pin : Name = Pin_3(0)
    Attributes:
        In Group/Port: True
        In Sync Option: NOSYNC
        Out Sync Option: AUTO
        Interrupt generated: False
        Interrupt mode: NONE
        Drive mode: HI_Z_DIGITAL
        VTrip: CMOS
        Slew: FAST
        Input Sync needed: False
        Output Sync needed: False
        SC shield enabled: False
        POR State: ANY
        LCD Mode: COMMON
        Register Mode: RegComb
        CaSense Mode: NEITHER
        Treat as pin: True
        Is OE Registered: False
        Uses Analog: False
        Can contain Digital: True
        Is SIO: False
        SIO Output Buf: NONREGULATED
        SIO Input Buf: SINGLE_ENDED
        SIO HiFreq: LOW
        SIO Hyst: DISABLED
        SIO Vtrip: MULTIPLIER_0_5
        SIO Multiplier Index: 0
        SIO RefSel: VCC_IO
        Required Capabilitites: DIGITAL, ROUTABLE
        Initial Value: 0
        IO Voltage: 0
    PORT MAP (
        pa_out => Pin_3(0)__PA ,
        fb => Net_11 ,
        pad => Pin_3(0)_PAD );
    Properties:
    {
    }

[IoId=3]: 
Pin : Name = Pin_8(0)
    Attributes:
        In Group/Port: True
        In Sync Option: AUTO
        Out Sync Option: NOSYNC
        Interrupt generated: False
        Interrupt mode: NONE
        Drive mode: CMOS_OUT
        VTrip: EITHER
        Slew: FAST
        Input Sync needed: False
        Output Sync needed: False
        SC shield enabled: False
        POR State: ANY
        LCD Mode: COMMON
        Register Mode: RegComb
        CaSense Mode: NEITHER
        Treat as pin: True
        Is OE Registered: False
        Uses Analog: False
        Can contain Digital: True
        Is SIO: False
        SIO Output Buf: NONREGULATED
        SIO Input Buf: SINGLE_ENDED
        SIO HiFreq: LOW
        SIO Hyst: DISABLED
        SIO Vtrip: MULTIPLIER_0_5
        SIO Multiplier Index: 0
        SIO RefSel: VCC_IO
        Required Capabilitites: DIGITAL, ROUTABLE
        Initial Value: 0
        IO Voltage: 0
    PORT MAP (
        pa_out => Pin_8(0)__PA ,
        input => Net_37 ,
        pad => Pin_8(0)_PAD );
    Properties:
    {
    }

[IoId=4]: 
Pin : Name = Pin_4(0)
    Attributes:
        In Group/Port: True
        In Sync Option: NOSYNC
        Out Sync Option: AUTO
        Interrupt generated: False
        Interrupt mode: NONE
        Drive mode: HI_Z_DIGITAL
        VTrip: CMOS
        Slew: FAST
        Input Sync needed: False
        Output Sync needed: False
        SC shield enabled: False
        POR State: ANY
        LCD Mode: COMMON
        Register Mode: RegComb
        CaSense Mode: NEITHER
        Treat as pin: True
        Is OE Registered: False
        Uses Analog: False
        Can contain Digital: True
        Is SIO: False
        SIO Output Buf: NONREGULATED
        SIO Input Buf: SINGLE_ENDED
        SIO HiFreq: LOW
        SIO Hyst: DISABLED
        SIO Vtrip: MULTIPLIER_0_5
        SIO Multiplier Index: 0
        SIO RefSel: VCC_IO
        Required Capabilitites: DIGITAL, ROUTABLE
        Initial Value: 0
        IO Voltage: 0
    PORT MAP (
        pa_out => Pin_4(0)__PA ,
        fb => Net_12 ,
        pad => Pin_4(0)_PAD );
    Properties:
    {
    }

[IoId=5]: 
Pin : Name = Pin_2(0)
    Attributes:
        In Group/Port: True
        In Sync Option: NOSYNC
        Out Sync Option: AUTO
        Interrupt generated: False
        Interrupt mode: NONE
        Drive mode: HI_Z_DIGITAL
        VTrip: CMOS
        Slew: FAST
        Input Sync needed: False
        Output Sync needed: False
        SC shield enabled: False
        POR State: ANY
        LCD Mode: COMMON
        Register Mode: RegComb
        CaSense Mode: NEITHER
        Treat as pin: True
        Is OE Registered: False
        Uses Analog: False
        Can contain Digital: True
        Is SIO: False
        SIO Output Buf: NONREGULATED
        SIO Input Buf: SINGLE_ENDED
        SIO HiFreq: LOW
        SIO Hyst: DISABLED
        SIO Vtrip: MULTIPLIER_0_5
        SIO Multiplier Index: 0
        SIO RefSel: VCC_IO
        Required Capabilitites: DIGITAL, ROUTABLE
        Initial Value: 0
        IO Voltage: 0
    PORT MAP (
        pa_out => Pin_2(0)__PA ,
        fb => Net_10 ,
        pad => Pin_2(0)_PAD );
    Properties:
    {
    }

Port 5 is empty
Port 6 is empty
Port 12 is empty
Port 15 is empty
CAN 2.0b group 0: empty
Cache group 0: empty
CapSense group 0: empty
Clock group 0: 
    Clock Block @ F(Clock,0): 
    clockblockcell: Name =ClockBlock
        PORT MAP (
            imo => ClockBlock_IMO ,
            pllout => ClockBlock_PLL_OUT ,
            ilo => ClockBlock_ILO ,
            clk_100k => ClockBlock_100k ,
            clk_1k => ClockBlock_1k ,
            clk_32k => ClockBlock_32k ,
            xtal => ClockBlock_XTAL ,
            clk_32k_xtal => ClockBlock_XTAL_32KHZ ,
            clk_sync => ClockBlock_MASTER_CLK ,
            clk_bus_glb => ClockBlock_BUS_CLK ,
            clk_bus => ClockBlock_BUS_CLK_local ,
            dclk_glb_0 => Net_5 ,
            dclk_0 => Net_5_local );
        Properties:
        {
        }
Comparator group 0: empty
Digital Filter Block group 0: empty
Delta-Sigma ADC group 0: empty
Decimator group 0: empty
EMIF group 0: empty
I2C group 0: empty
Segment LCD group 0: empty
LVD group 0: empty
PM group 0: empty
Analog (SC/CT) Blocks group 0: empty
SPC group 0: empty
Timer group 0: empty
USB group 0: empty
VIDAC group 0: empty
Opamp group 0: empty
CapSense Buffers group 0: empty
Vref group 0: empty
LPF group 0: empty
SAR ADC group 0: empty
</CYPRESSTAG>
<CYPRESSTAG name="Port Configuration Details">

------------------------------------------------------------
Port Configuration report
------------------------------------------------------------
     |     |       | Interrupt |                  |                         | 
Port | Pin | Fixed |      Type |       Drive Mode |                    Name | Connections
-----+-----+-------+-----------+------------------+-------------------------+------------
   2 |   0 |     * |      NONE |         CMOS_OUT | \LCD_Char_1:LCDPort(0)\ | 
     |   1 |     * |      NONE |         CMOS_OUT | \LCD_Char_1:LCDPort(1)\ | 
     |   2 |     * |      NONE |         CMOS_OUT | \LCD_Char_1:LCDPort(2)\ | 
     |   3 |     * |      NONE |         CMOS_OUT | \LCD_Char_1:LCDPort(3)\ | 
     |   4 |     * |      NONE |         CMOS_OUT | \LCD_Char_1:LCDPort(4)\ | 
     |   5 |     * |      NONE |         CMOS_OUT | \LCD_Char_1:LCDPort(5)\ | 
     |   6 |     * |      NONE |         CMOS_OUT | \LCD_Char_1:LCDPort(6)\ | 
-----+-----+-------+-----------+------------------+-------------------------+------------
   4 |   0 |     * |      NONE |     HI_Z_DIGITAL |                Pin_3(0) | FB(Net_11)
     |   3 |     * |      NONE |         CMOS_OUT |                Pin_8(0) | In(Net_37)
     |   4 |     * |      NONE |     HI_Z_DIGITAL |                Pin_4(0) | FB(Net_12)
     |   5 |     * |      NONE |     HI_Z_DIGITAL |                Pin_2(0) | FB(Net_10)
-----------------------------------------------------------------------------------------
</CYPRESSTAG>
</CYPRESSTAG>
</CYPRESSTAG>
Digital component placer commit/Report: Elapsed time ==> 0s.003ms
Digital Placement phase: Elapsed time ==> 1s.449ms
</CYPRESSTAG>
<CYPRESSTAG name="Digital Routing">
Routing successful.
Digital Routing phase: Elapsed time ==> 2s.518ms
</CYPRESSTAG>
<CYPRESSTAG name="Bitstream and API generation">
Bitstream and API generation phase: Elapsed time ==> 0s.494ms
</CYPRESSTAG>
<CYPRESSTAG name="Bitstream verification">
Bitstream verification phase: Elapsed time ==> 0s.074ms
</CYPRESSTAG>
<CYPRESSTAG name="Static timing analysis">
Timing report is in NODO_SLAVE_timing.html.
Static timing analysis phase: Elapsed time ==> 0s.454ms
</CYPRESSTAG>
<CYPRESSTAG name="Data reporting">
Data reporting phase: Elapsed time ==> 0s.000ms
</CYPRESSTAG>
<CYPRESSTAG name="Database update...">
Design database save phase: Elapsed time ==> 0s.330ms
</CYPRESSTAG>
cydsfit: Elapsed time ==> 6s.318ms
</CYPRESSTAG>
Fitter phase: Elapsed time ==> 6s.396ms
API generation phase: Elapsed time ==> 1s.675ms
Dependency generation phase: Elapsed time ==> 0s.028ms
Cleanup phase: Elapsed time ==> 0s.002ms
