ARM GAS  C:\Users\HENRYA~1\AppData\Local\Temp\ccVs87yb.s 			page 1


   1              		.syntax unified
   2              		.cpu cortex-m3
   3              		.fpu softvfp
   4              		.eabi_attribute 20, 1
   5              		.eabi_attribute 21, 1
   6              		.eabi_attribute 23, 3
   7              		.eabi_attribute 24, 1
   8              		.eabi_attribute 25, 1
   9              		.eabi_attribute 26, 1
  10              		.eabi_attribute 30, 1
  11              		.eabi_attribute 34, 1
  12              		.eabi_attribute 18, 4
  13              		.thumb
  14              		.file	"cymetadata.c"
  15              		.text
  16              	.Ltext0:
  17              		.cfi_sections	.debug_frame
  18              		.global	cy_metadata
  19              		.global	cy_meta_flashprotect
  20              		.global	cy_meta_wonvl
  21              		.global	cy_meta_custnvl
  22              		.global	cy_meta_configecc
  23              		.section	.cyconfigecc,"a",%progbits
  24              		.align	2
  25              		.type	cy_meta_configecc, %object
  26              		.size	cy_meta_configecc, 544
  27              	cy_meta_configecc:
  28 0000 02       		.byte	2
  29 0001 52       		.byte	82
  30 0002 00       		.byte	0
  31 0003 40       		.byte	64
  32 0004 01       		.byte	1
  33 0005 64       		.byte	100
  34 0006 00       		.byte	0
  35 0007 40       		.byte	64
  36 0008 27       		.byte	39
  37 0009 01       		.byte	1
  38 000a 01       		.byte	1
  39 000b 40       		.byte	64
  40 000c 40       		.byte	64
  41 000d 02       		.byte	2
  42 000e 01       		.byte	1
  43 000f 40       		.byte	64
  44 0010 39       		.byte	57
  45 0011 03       		.byte	3
  46 0012 01       		.byte	1
  47 0013 40       		.byte	64
  48 0014 03       		.byte	3
  49 0015 05       		.byte	5
  50 0016 01       		.byte	1
  51 0017 40       		.byte	64
  52 0018 09       		.byte	9
  53 0019 40       		.byte	64
  54 001a 01       		.byte	1
  55 001b 40       		.byte	64
  56 001c 04       		.byte	4
  57 001d 41       		.byte	65
ARM GAS  C:\Users\HENRYA~1\AppData\Local\Temp\ccVs87yb.s 			page 2


  58 001e 01       		.byte	1
  59 001f 40       		.byte	64
  60 0020 02       		.byte	2
  61 0021 50       		.byte	80
  62 0022 01       		.byte	1
  63 0023 40       		.byte	64
  64 0024 20       		.byte	32
  65 0025 80       		.byte	-128
  66 0026 21       		.byte	33
  67 0027 C4       		.byte	-60
  68 0028 81       		.byte	-127
  69 0029 0F       		.byte	15
  70 002a 04       		.byte	4
  71 002b 28       		.byte	40
  72 002c 07       		.byte	7
  73 002d 41       		.byte	65
  74 002e 0D       		.byte	13
  75 002f 08       		.byte	8
  76 0030 0E       		.byte	14
  77 0031 80       		.byte	-128
  78 0032 0F       		.byte	15
  79 0033 02       		.byte	2
  80 0034 15       		.byte	21
  81 0035 40       		.byte	64
  82 0036 17       		.byte	23
  83 0037 16       		.byte	22
  84 0038 1D       		.byte	29
  85 0039 80       		.byte	-128
  86 003a 1E       		.byte	30
  87 003b 81       		.byte	-127
  88 003c 25       		.byte	37
  89 003d 04       		.byte	4
  90 003e 26       		.byte	38
  91 003f 80       		.byte	-128
  92 0040 27       		.byte	39
  93 0041 08       		.byte	8
  94 0042 2F       		.byte	47
  95 0043 08       		.byte	8
  96 0044 36       		.byte	54
  97 0045 20       		.byte	32
  98 0046 37       		.byte	55
  99 0047 09       		.byte	9
 100 0048 3D       		.byte	61
 101 0049 08       		.byte	8
 102 004a 45       		.byte	69
 103 004b 88       		.byte	-120
 104 004c 47       		.byte	71
 105 004d 21       		.byte	33
 106 004e 4C       		.byte	76
 107 004f 04       		.byte	4
 108 0050 4F       		.byte	79
 109 0051 0A       		.byte	10
 110 0052 54       		.byte	84
 111 0053 88       		.byte	-120
 112 0054 56       		.byte	86
 113 0055 20       		.byte	32
 114 0056 65       		.byte	101
ARM GAS  C:\Users\HENRYA~1\AppData\Local\Temp\ccVs87yb.s 			page 3


 115 0057 02       		.byte	2
 116 0058 6D       		.byte	109
 117 0059 60       		.byte	96
 118 005a 6F       		.byte	111
 119 005b 54       		.byte	84
 120 005c 77       		.byte	119
 121 005d 02       		.byte	2
 122 005e 8A       		.byte	-118
 123 005f 40       		.byte	64
 124 0060 8D       		.byte	-115
 125 0061 04       		.byte	4
 126 0062 C0       		.byte	-64
 127 0063 F0       		.byte	-16
 128 0064 C2       		.byte	-62
 129 0065 B0       		.byte	-80
 130 0066 C4       		.byte	-60
 131 0067 F0       		.byte	-16
 132 0068 CA       		.byte	-54
 133 0069 20       		.byte	32
 134 006a CC       		.byte	-52
 135 006b E0       		.byte	-32
 136 006c CE       		.byte	-50
 137 006d 40       		.byte	64
 138 006e D0       		.byte	-48
 139 006f F0       		.byte	-16
 140 0070 D2       		.byte	-46
 141 0071 20       		.byte	32
 142 0072 D8       		.byte	-40
 143 0073 80       		.byte	-128
 144 0074 E2       		.byte	-30
 145 0075 20       		.byte	32
 146 0076 E6       		.byte	-26
 147 0077 40       		.byte	64
 148 0078 00       		.byte	0
 149 0079 8D       		.byte	-115
 150 007a 04       		.byte	4
 151 007b 8D       		.byte	-115
 152 007c 05       		.byte	5
 153 007d 38       		.byte	56
 154 007e 07       		.byte	7
 155 007f C0       		.byte	-64
 156 0080 08       		.byte	8
 157 0081 62       		.byte	98
 158 0082 09       		.byte	9
 159 0083 02       		.byte	2
 160 0084 0A       		.byte	10
 161 0085 14       		.byte	20
 162 0086 0B       		.byte	11
 163 0087 98       		.byte	-104
 164 0088 0C       		.byte	12
 165 0089 8D       		.byte	-115
 166 008a 0D       		.byte	13
 167 008b 13       		.byte	19
 168 008c 0F       		.byte	15
 169 008d 64       		.byte	100
 170 008e 10       		.byte	16
 171 008f 02       		.byte	2
ARM GAS  C:\Users\HENRYA~1\AppData\Local\Temp\ccVs87yb.s 			page 4


 172 0090 11       		.byte	17
 173 0091 9A       		.byte	-102
 174 0092 12       		.byte	18
 175 0093 0D       		.byte	13
 176 0094 14       		.byte	20
 177 0095 42       		.byte	66
 178 0096 15       		.byte	21
 179 0097 21       		.byte	33
 180 0098 16       		.byte	22
 181 0099 08       		.byte	8
 182 009a 17       		.byte	23
 183 009b D8       		.byte	-40
 184 009c 19       		.byte	25
 185 009d 98       		.byte	-104
 186 009e 1A       		.byte	26
 187 009f 80       		.byte	-128
 188 00a0 1B       		.byte	27
 189 00a1 02       		.byte	2
 190 00a2 1C       		.byte	28
 191 00a3 40       		.byte	64
 192 00a4 1D       		.byte	29
 193 00a5 9A       		.byte	-102
 194 00a6 20       		.byte	32
 195 00a7 11       		.byte	17
 196 00a8 21       		.byte	33
 197 00a9 02       		.byte	2
 198 00aa 22       		.byte	34
 199 00ab 22       		.byte	34
 200 00ac 24       		.byte	36
 201 00ad 8D       		.byte	-115
 202 00ae 29       		.byte	41
 203 00af FC       		.byte	-4
 204 00b0 2B       		.byte	43
 205 00b1 03       		.byte	3
 206 00b2 2C       		.byte	44
 207 00b3 0D       		.byte	13
 208 00b4 2D       		.byte	45
 209 00b5 98       		.byte	-104
 210 00b6 2E       		.byte	46
 211 00b7 80       		.byte	-128
 212 00b8 2F       		.byte	47
 213 00b9 02       		.byte	2
 214 00ba 30       		.byte	48
 215 00bb 0F       		.byte	15
 216 00bc 32       		.byte	50
 217 00bd 70       		.byte	112
 218 00be 33       		.byte	51
 219 00bf E0       		.byte	-32
 220 00c0 34       		.byte	52
 221 00c1 80       		.byte	-128
 222 00c2 35       		.byte	53
 223 00c3 0F       		.byte	15
 224 00c4 37       		.byte	55
 225 00c5 13       		.byte	19
 226 00c6 3A       		.byte	58
 227 00c7 0A       		.byte	10
 228 00c8 3B       		.byte	59
ARM GAS  C:\Users\HENRYA~1\AppData\Local\Temp\ccVs87yb.s 			page 5


 229 00c9 28       		.byte	40
 230 00ca 3E       		.byte	62
 231 00cb 10       		.byte	16
 232 00cc 54       		.byte	84
 233 00cd 40       		.byte	64
 234 00ce 58       		.byte	88
 235 00cf 04       		.byte	4
 236 00d0 59       		.byte	89
 237 00d1 04       		.byte	4
 238 00d2 5B       		.byte	91
 239 00d3 04       		.byte	4
 240 00d4 5F       		.byte	95
 241 00d5 01       		.byte	1
 242 00d6 88       		.byte	-120
 243 00d7 02       		.byte	2
 244 00d8 8A       		.byte	-118
 245 00d9 0D       		.byte	13
 246 00da 8C       		.byte	-116
 247 00db 03       		.byte	3
 248 00dc 8E       		.byte	-114
 249 00dd 1C       		.byte	28
 250 00de 94       		.byte	-108
 251 00df 09       		.byte	9
 252 00e0 96       		.byte	-106
 253 00e1 16       		.byte	22
 254 00e2 A4       		.byte	-92
 255 00e3 15       		.byte	21
 256 00e4 A6       		.byte	-90
 257 00e5 0A       		.byte	10
 258 00e6 B0       		.byte	-80
 259 00e7 0F       		.byte	15
 260 00e8 B2       		.byte	-78
 261 00e9 0F       		.byte	15
 262 00ea B6       		.byte	-74
 263 00eb 10       		.byte	16
 264 00ec BA       		.byte	-70
 265 00ed 0A       		.byte	10
 266 00ee BE       		.byte	-66
 267 00ef 40       		.byte	64
 268 00f0 D4       		.byte	-44
 269 00f1 09       		.byte	9
 270 00f2 D8       		.byte	-40
 271 00f3 04       		.byte	4
 272 00f4 DB       		.byte	-37
 273 00f5 04       		.byte	4
 274 00f6 DF       		.byte	-33
 275 00f7 01       		.byte	1
 276 00f8 00       		.byte	0
 277 00f9 10       		.byte	16
 278 00fa 03       		.byte	3
 279 00fb 01       		.byte	1
 280 00fc 07       		.byte	7
 281 00fd 5A       		.byte	90
 282 00fe 09       		.byte	9
 283 00ff 08       		.byte	8
 284 0100 0C       		.byte	12
 285 0101 80       		.byte	-128
ARM GAS  C:\Users\HENRYA~1\AppData\Local\Temp\ccVs87yb.s 			page 6


 286 0102 0D       		.byte	13
 287 0103 A8       		.byte	-88
 288 0104 0E       		.byte	14
 289 0105 40       		.byte	64
 290 0106 0F       		.byte	15
 291 0107 08       		.byte	8
 292 0108 12       		.byte	18
 293 0109 20       		.byte	32
 294 010a 15       		.byte	21
 295 010b 40       		.byte	64
 296 010c 17       		.byte	23
 297 010d 05       		.byte	5
 298 010e 18       		.byte	24
 299 010f 10       		.byte	16
 300 0110 19       		.byte	25
 301 0111 82       		.byte	-126
 302 0112 1D       		.byte	29
 303 0113 08       		.byte	8
 304 0114 1E       		.byte	30
 305 0115 40       		.byte	64
 306 0116 1F       		.byte	31
 307 0117 18       		.byte	24
 308 0118 24       		.byte	36
 309 0119 28       		.byte	40
 310 011a 25       		.byte	37
 311 011b 44       		.byte	68
 312 011c 26       		.byte	38
 313 011d 20       		.byte	32
 314 011e 27       		.byte	39
 315 011f 09       		.byte	9
 316 0120 2C       		.byte	44
 317 0121 80       		.byte	-128
 318 0122 2D       		.byte	45
 319 0123 40       		.byte	64
 320 0124 2F       		.byte	47
 321 0125 08       		.byte	8
 322 0126 37       		.byte	55
 323 0127 5A       		.byte	90
 324 0128 3D       		.byte	61
 325 0129 A8       		.byte	-88
 326 012a 4C       		.byte	76
 327 012b 08       		.byte	8
 328 012c 4E       		.byte	78
 329 012d 04       		.byte	4
 330 012e 58       		.byte	88
 331 012f 10       		.byte	16
 332 0130 59       		.byte	89
 333 0131 80       		.byte	-128
 334 0132 5A       		.byte	90
 335 0133 09       		.byte	9
 336 0134 62       		.byte	98
 337 0135 80       		.byte	-128
 338 0136 66       		.byte	102
 339 0137 60       		.byte	96
 340 0138 67       		.byte	103
 341 0139 20       		.byte	32
 342 013a 91       		.byte	-111
ARM GAS  C:\Users\HENRYA~1\AppData\Local\Temp\ccVs87yb.s 			page 7


 343 013b 40       		.byte	64
 344 013c 92       		.byte	-110
 345 013d 01       		.byte	1
 346 013e 94       		.byte	-108
 347 013f 28       		.byte	40
 348 0140 9A       		.byte	-102
 349 0141 20       		.byte	32
 350 0142 9B       		.byte	-101
 351 0143 56       		.byte	86
 352 0144 9D       		.byte	-99
 353 0145 02       		.byte	2
 354 0146 9F       		.byte	-97
 355 0147 01       		.byte	1
 356 0148 A0       		.byte	-96
 357 0149 88       		.byte	-120
 358 014a A1       		.byte	-95
 359 014b 10       		.byte	16
 360 014c A2       		.byte	-94
 361 014d 80       		.byte	-128
 362 014e A3       		.byte	-93
 363 014f 04       		.byte	4
 364 0150 A5       		.byte	-91
 365 0151 08       		.byte	8
 366 0152 A6       		.byte	-90
 367 0153 20       		.byte	32
 368 0154 A7       		.byte	-89
 369 0155 08       		.byte	8
 370 0156 AB       		.byte	-85
 371 0157 08       		.byte	8
 372 0158 AF       		.byte	-81
 373 0159 20       		.byte	32
 374 015a C0       		.byte	-64
 375 015b F3       		.byte	-13
 376 015c C2       		.byte	-62
 377 015d F4       		.byte	-12
 378 015e C4       		.byte	-60
 379 015f B4       		.byte	-76
 380 0160 CA       		.byte	-54
 381 0161 B0       		.byte	-80
 382 0162 CC       		.byte	-52
 383 0163 F0       		.byte	-16
 384 0164 CE       		.byte	-50
 385 0165 70       		.byte	112
 386 0166 D6       		.byte	-42
 387 0167 0F       		.byte	15
 388 0168 D8       		.byte	-40
 389 0169 78       		.byte	120
 390 016a AC       		.byte	-84
 391 016b 10       		.byte	16
 392 016c AD       		.byte	-83
 393 016d A0       		.byte	-96
 394 016e AE       		.byte	-82
 395 016f 40       		.byte	64
 396 0170 07       		.byte	7
 397 0171 80       		.byte	-128
 398 0172 5B       		.byte	91
 399 0173 10       		.byte	16
ARM GAS  C:\Users\HENRYA~1\AppData\Local\Temp\ccVs87yb.s 			page 8


 400 0174 61       		.byte	97
 401 0175 20       		.byte	32
 402 0176 64       		.byte	100
 403 0177 10       		.byte	16
 404 0178 88       		.byte	-120
 405 0179 10       		.byte	16
 406 017a 8D       		.byte	-115
 407 017b 20       		.byte	32
 408 017c C0       		.byte	-64
 409 017d 20       		.byte	32
 410 017e D4       		.byte	-44
 411 017f 80       		.byte	-128
 412 0180 D8       		.byte	-40
 413 0181 C0       		.byte	-64
 414 0182 AB       		.byte	-85
 415 0183 10       		.byte	16
 416 0184 AF       		.byte	-81
 417 0185 80       		.byte	-128
 418 0186 E8       		.byte	-24
 419 0187 40       		.byte	64
 420 0188 EA       		.byte	-22
 421 0189 20       		.byte	32
 422 018a 00       		.byte	0
 423 018b 01       		.byte	1
 424 018c 08       		.byte	8
 425 018d 01       		.byte	1
 426 018e 00       		.byte	0
 427 018f 00       		.byte	0
 428 0190 84       		.byte	-124
 429 0191 00       		.byte	0
 430 0192 00       		.byte	0
 431 0193 00       		.byte	0
 432 0194 0A       		.byte	10
 433 0195 38       		.byte	56
 434 0196 10       		.byte	16
 435 0197 00       		.byte	0
 436 0198 04       		.byte	4
 437 0199 00       		.byte	0
 438 019a 00       		.byte	0
 439 019b 00       		.byte	0
 440 019c 07       		.byte	7
 441 019d 00       		.byte	0
 442 019e 38       		.byte	56
 443 019f 00       		.byte	0
 444 01a0 01       		.byte	1
 445 01a1 4D       		.byte	77
 446 01a2 00       		.byte	0
 447 01a3 10       		.byte	16
 448 01a4 56       		.byte	86
 449 01a5 00       		.byte	0
 450 01a6 09       		.byte	9
 451 01a7 02       		.byte	2
 452 01a8 00       		.byte	0
 453 01a9 54       		.byte	84
 454 01aa 00       		.byte	0
 455 01ab 2B       		.byte	43
 456 01ac 60       		.byte	96
ARM GAS  C:\Users\HENRYA~1\AppData\Local\Temp\ccVs87yb.s 			page 9


 457 01ad 00       		.byte	0
 458 01ae 00       		.byte	0
 459 01af 00       		.byte	0
 460 01b0 84       		.byte	-124
 461 01b1 00       		.byte	0
 462 01b2 00       		.byte	0
 463 01b3 00       		.byte	0
 464 01b4 80       		.byte	-128
 465 01b5 00       		.byte	0
 466 01b6 04       		.byte	4
 467 01b7 00       		.byte	0
 468 01b8 84       		.byte	-124
 469 01b9 50       		.byte	80
 470 01ba 00       		.byte	0
 471 01bb 27       		.byte	39
 472 01bc 04       		.byte	4
 473 01bd 00       		.byte	0
 474 01be 80       		.byte	-128
 475 01bf 00       		.byte	0
 476 01c0 7F       		.byte	127
 477 01c1 00       		.byte	0
 478 01c2 00       		.byte	0
 479 01c3 3C       		.byte	60
 480 01c4 00       		.byte	0
 481 01c5 03       		.byte	3
 482 01c6 80       		.byte	-128
 483 01c7 40       		.byte	64
 484 01c8 02       		.byte	2
 485 01c9 08       		.byte	8
 486 01ca 00       		.byte	0
 487 01cb 00       		.byte	0
 488 01cc 00       		.byte	0
 489 01cd 00       		.byte	0
 490 01ce 40       		.byte	64
 491 01cf 40       		.byte	64
 492 01d0 63       		.byte	99
 493 01d1 04       		.byte	4
 494 01d2 10       		.byte	16
 495 01d3 00       		.byte	0
 496 01d4 02       		.byte	2
 497 01d5 BD       		.byte	-67
 498 01d6 FC       		.byte	-4
 499 01d7 0E       		.byte	14
 500 01d8 1F       		.byte	31
 501 01d9 FF       		.byte	-1
 502 01da FF       		.byte	-1
 503 01db FF       		.byte	-1
 504 01dc 22       		.byte	34
 505 01dd 00       		.byte	0
 506 01de F0       		.byte	-16
 507 01df 08       		.byte	8
 508 01e0 04       		.byte	4
 509 01e1 00       		.byte	0
 510 01e2 00       		.byte	0
 511 01e3 00       		.byte	0
 512 01e4 00       		.byte	0
 513 01e5 00       		.byte	0
ARM GAS  C:\Users\HENRYA~1\AppData\Local\Temp\ccVs87yb.s 			page 10


 514 01e6 02       		.byte	2
 515 01e7 2C       		.byte	44
 516 01e8 04       		.byte	4
 517 01e9 04       		.byte	4
 518 01ea 04       		.byte	4
 519 01eb 04       		.byte	4
 520 01ec 00       		.byte	0
 521 01ed 00       		.byte	0
 522 01ee 00       		.byte	0
 523 01ef 01       		.byte	1
 524 01f0 00       		.byte	0
 525 01f1 00       		.byte	0
 526 01f2 C0       		.byte	-64
 527 01f3 00       		.byte	0
 528 01f4 40       		.byte	64
 529 01f5 01       		.byte	1
 530 01f6 10       		.byte	16
 531 01f7 11       		.byte	17
 532 01f8 C0       		.byte	-64
 533 01f9 01       		.byte	1
 534 01fa 00       		.byte	0
 535 01fb 11       		.byte	17
 536 01fc 40       		.byte	64
 537 01fd 01       		.byte	1
 538 01fe 40       		.byte	64
 539 01ff 01       		.byte	1
 540 0200 00       		.byte	0
 541 0201 00       		.byte	0
 542 0202 00       		.byte	0
 543 0203 00       		.byte	0
 544 0204 00       		.byte	0
 545 0205 00       		.byte	0
 546 0206 00       		.byte	0
 547 0207 00       		.byte	0
 548 0208 00       		.byte	0
 549 0209 00       		.byte	0
 550 020a 00       		.byte	0
 551 020b 00       		.byte	0
 552 020c 00       		.byte	0
 553 020d 00       		.byte	0
 554 020e 00       		.byte	0
 555 020f 00       		.byte	0
 556 0210 00       		.byte	0
 557 0211 7F       		.byte	127
 558 0212 7F       		.byte	127
 559 0213 00       		.byte	0
 560 0214 00       		.byte	0
 561 0215 00       		.byte	0
 562 0216 00       		.byte	0
 563 0217 00       		.byte	0
 564 0218 02       		.byte	2
 565 0219 C4       		.byte	-60
 566 021a C4       		.byte	-60
 567 021b 00       		.byte	0
 568 021c C4       		.byte	-60
 569 021d 00       		.byte	0
 570 021e 00       		.byte	0
ARM GAS  C:\Users\HENRYA~1\AppData\Local\Temp\ccVs87yb.s 			page 11


 571 021f 00       		.byte	0
 572              		.section	.cywolatch,"a",%progbits
 573              		.align	2
 574              		.type	cy_meta_wonvl, %object
 575              		.size	cy_meta_wonvl, 4
 576              	cy_meta_wonvl:
 577 0000 BC       		.byte	-68
 578 0001 90       		.byte	-112
 579 0002 AC       		.byte	-84
 580 0003 AF       		.byte	-81
 581              		.section	.cycustnvl,"a",%progbits
 582              		.align	2
 583              		.type	cy_meta_custnvl, %object
 584              		.size	cy_meta_custnvl, 4
 585              	cy_meta_custnvl:
 586 0000 00       		.byte	0
 587 0001 00       		.byte	0
 588 0002 40       		.byte	64
 589 0003 05       		.byte	5
 590              		.section	.cymeta,"a",%progbits
 591              		.align	2
 592              		.type	cy_metadata, %object
 593              		.size	cy_metadata, 12
 594              	cy_metadata:
 595 0000 00       		.byte	0
 596 0001 01       		.byte	1
 597 0002 2E       		.byte	46
 598 0003 12       		.byte	18
 599 0004 30       		.byte	48
 600 0005 69       		.byte	105
 601 0006 00       		.byte	0
 602 0007 01       		.byte	1
 603 0008 00       		.byte	0
 604 0009 00       		.byte	0
 605 000a 00       		.byte	0
 606 000b 00       		.byte	0
 607              		.section	.cyflashprotect,"a",%progbits
 608              		.align	2
 609              		.type	cy_meta_flashprotect, %object
 610              		.size	cy_meta_flashprotect, 256
 611              	cy_meta_flashprotect:
 612 0000 00000000 		.space	256
 612      00000000 
 612      00000000 
 612      00000000 
 612      00000000 
 613              		.text
 614              	.Letext0:
 615              		.file 1 ".\\Generated_Source\\PSoC5\\cymetadata.c"
 616              		.file 2 ".\\Generated_Source\\PSoC5\\cytypes.h"
 617              		.section	.debug_info,"",%progbits
 618              	.Ldebug_info0:
 619 0000 37010000 		.4byte	0x137
 620 0004 0400     		.2byte	0x4
 621 0006 00000000 		.4byte	.Ldebug_abbrev0
 622 000a 04       		.byte	0x4
 623 000b 01       		.uleb128 0x1
ARM GAS  C:\Users\HENRYA~1\AppData\Local\Temp\ccVs87yb.s 			page 12


 624 000c C9000000 		.4byte	.LASF18
 625 0010 01       		.byte	0x1
 626 0011 00000000 		.4byte	.LASF19
 627 0015 46000000 		.4byte	.LASF20
 628 0019 00000000 		.4byte	.Ldebug_line0
 629 001d 02       		.uleb128 0x2
 630 001e 01       		.byte	0x1
 631 001f 06       		.byte	0x6
 632 0020 D3010000 		.4byte	.LASF0
 633 0024 02       		.uleb128 0x2
 634 0025 01       		.byte	0x1
 635 0026 08       		.byte	0x8
 636 0027 38000000 		.4byte	.LASF1
 637 002b 02       		.uleb128 0x2
 638 002c 02       		.byte	0x2
 639 002d 05       		.byte	0x5
 640 002e BA010000 		.4byte	.LASF2
 641 0032 02       		.uleb128 0x2
 642 0033 02       		.byte	0x2
 643 0034 07       		.byte	0x7
 644 0035 8D000000 		.4byte	.LASF3
 645 0039 02       		.uleb128 0x2
 646 003a 04       		.byte	0x4
 647 003b 05       		.byte	0x5
 648 003c CA010000 		.4byte	.LASF4
 649 0040 02       		.uleb128 0x2
 650 0041 04       		.byte	0x4
 651 0042 07       		.byte	0x7
 652 0043 7B000000 		.4byte	.LASF5
 653 0047 02       		.uleb128 0x2
 654 0048 08       		.byte	0x8
 655 0049 05       		.byte	0x5
 656 004a A7010000 		.4byte	.LASF6
 657 004e 02       		.uleb128 0x2
 658 004f 08       		.byte	0x8
 659 0050 07       		.byte	0x7
 660 0051 64010000 		.4byte	.LASF7
 661 0055 03       		.uleb128 0x3
 662 0056 04       		.byte	0x4
 663 0057 05       		.byte	0x5
 664 0058 696E7400 		.ascii	"int\000"
 665 005c 02       		.uleb128 0x2
 666 005d 04       		.byte	0x4
 667 005e 07       		.byte	0x7
 668 005f 57010000 		.4byte	.LASF8
 669 0063 04       		.uleb128 0x4
 670 0064 C4010000 		.4byte	.LASF21
 671 0068 02       		.byte	0x2
 672 0069 9201     		.2byte	0x192
 673 006b 24000000 		.4byte	0x24
 674 006f 02       		.uleb128 0x2
 675 0070 04       		.byte	0x4
 676 0071 04       		.byte	0x4
 677 0072 32000000 		.4byte	.LASF9
 678 0076 02       		.uleb128 0x2
 679 0077 08       		.byte	0x8
 680 0078 04       		.byte	0x4
ARM GAS  C:\Users\HENRYA~1\AppData\Local\Temp\ccVs87yb.s 			page 13


 681 0079 A0000000 		.4byte	.LASF10
 682 007d 02       		.uleb128 0x2
 683 007e 01       		.byte	0x1
 684 007f 08       		.byte	0x8
 685 0080 B5010000 		.4byte	.LASF11
 686 0084 05       		.uleb128 0x5
 687 0085 63000000 		.4byte	0x63
 688 0089 95000000 		.4byte	0x95
 689 008d 06       		.uleb128 0x6
 690 008e 95000000 		.4byte	0x95
 691 0092 1F02     		.2byte	0x21f
 692 0094 00       		.byte	0
 693 0095 02       		.uleb128 0x2
 694 0096 04       		.byte	0x4
 695 0097 07       		.byte	0x7
 696 0098 9E010000 		.4byte	.LASF12
 697 009c 07       		.uleb128 0x7
 698 009d B7000000 		.4byte	.LASF13
 699 00a1 01       		.byte	0x1
 700 00a2 1F       		.byte	0x1f
 701 00a3 AD000000 		.4byte	0xad
 702 00a7 05       		.uleb128 0x5
 703 00a8 03       		.byte	0x3
 704 00a9 00000000 		.4byte	cy_meta_configecc
 705 00ad 08       		.uleb128 0x8
 706 00ae 84000000 		.4byte	0x84
 707 00b2 05       		.uleb128 0x5
 708 00b3 63000000 		.4byte	0x63
 709 00b7 C2000000 		.4byte	0xc2
 710 00bb 09       		.uleb128 0x9
 711 00bc 95000000 		.4byte	0x95
 712 00c0 03       		.byte	0x3
 713 00c1 00       		.byte	0
 714 00c2 07       		.uleb128 0x7
 715 00c3 A7000000 		.4byte	.LASF14
 716 00c7 01       		.byte	0x1
 717 00c8 70       		.byte	0x70
 718 00c9 D3000000 		.4byte	0xd3
 719 00cd 05       		.uleb128 0x5
 720 00ce 03       		.byte	0x3
 721 00cf 00000000 		.4byte	cy_meta_custnvl
 722 00d3 08       		.uleb128 0x8
 723 00d4 B2000000 		.4byte	0xb2
 724 00d8 07       		.uleb128 0x7
 725 00d9 90010000 		.4byte	.LASF15
 726 00dd 01       		.byte	0x1
 727 00de 7E       		.byte	0x7e
 728 00df E9000000 		.4byte	0xe9
 729 00e3 05       		.uleb128 0x5
 730 00e4 03       		.byte	0x3
 731 00e5 00000000 		.4byte	cy_meta_wonvl
 732 00e9 08       		.uleb128 0x8
 733 00ea B2000000 		.4byte	0xb2
 734 00ee 05       		.uleb128 0x5
 735 00ef 63000000 		.4byte	0x63
 736 00f3 FE000000 		.4byte	0xfe
 737 00f7 09       		.uleb128 0x9
ARM GAS  C:\Users\HENRYA~1\AppData\Local\Temp\ccVs87yb.s 			page 14


 738 00f8 95000000 		.4byte	0x95
 739 00fc FF       		.byte	0xff
 740 00fd 00       		.byte	0
 741 00fe 07       		.uleb128 0x7
 742 00ff 7B010000 		.4byte	.LASF16
 743 0103 01       		.byte	0x1
 744 0104 8C       		.byte	0x8c
 745 0105 0F010000 		.4byte	0x10f
 746 0109 05       		.uleb128 0x5
 747 010a 03       		.byte	0x3
 748 010b 00000000 		.4byte	cy_meta_flashprotect
 749 010f 08       		.uleb128 0x8
 750 0110 EE000000 		.4byte	0xee
 751 0114 05       		.uleb128 0x5
 752 0115 63000000 		.4byte	0x63
 753 0119 24010000 		.4byte	0x124
 754 011d 09       		.uleb128 0x9
 755 011e 95000000 		.4byte	0x95
 756 0122 0B       		.byte	0xb
 757 0123 00       		.byte	0
 758 0124 07       		.uleb128 0x7
 759 0125 26000000 		.4byte	.LASF17
 760 0129 01       		.byte	0x1
 761 012a B9       		.byte	0xb9
 762 012b 35010000 		.4byte	0x135
 763 012f 05       		.uleb128 0x5
 764 0130 03       		.byte	0x3
 765 0131 00000000 		.4byte	cy_metadata
 766 0135 08       		.uleb128 0x8
 767 0136 14010000 		.4byte	0x114
 768 013a 00       		.byte	0
 769              		.section	.debug_abbrev,"",%progbits
 770              	.Ldebug_abbrev0:
 771 0000 01       		.uleb128 0x1
 772 0001 11       		.uleb128 0x11
 773 0002 01       		.byte	0x1
 774 0003 25       		.uleb128 0x25
 775 0004 0E       		.uleb128 0xe
 776 0005 13       		.uleb128 0x13
 777 0006 0B       		.uleb128 0xb
 778 0007 03       		.uleb128 0x3
 779 0008 0E       		.uleb128 0xe
 780 0009 1B       		.uleb128 0x1b
 781 000a 0E       		.uleb128 0xe
 782 000b 10       		.uleb128 0x10
 783 000c 17       		.uleb128 0x17
 784 000d 00       		.byte	0
 785 000e 00       		.byte	0
 786 000f 02       		.uleb128 0x2
 787 0010 24       		.uleb128 0x24
 788 0011 00       		.byte	0
 789 0012 0B       		.uleb128 0xb
 790 0013 0B       		.uleb128 0xb
 791 0014 3E       		.uleb128 0x3e
 792 0015 0B       		.uleb128 0xb
 793 0016 03       		.uleb128 0x3
 794 0017 0E       		.uleb128 0xe
ARM GAS  C:\Users\HENRYA~1\AppData\Local\Temp\ccVs87yb.s 			page 15


 795 0018 00       		.byte	0
 796 0019 00       		.byte	0
 797 001a 03       		.uleb128 0x3
 798 001b 24       		.uleb128 0x24
 799 001c 00       		.byte	0
 800 001d 0B       		.uleb128 0xb
 801 001e 0B       		.uleb128 0xb
 802 001f 3E       		.uleb128 0x3e
 803 0020 0B       		.uleb128 0xb
 804 0021 03       		.uleb128 0x3
 805 0022 08       		.uleb128 0x8
 806 0023 00       		.byte	0
 807 0024 00       		.byte	0
 808 0025 04       		.uleb128 0x4
 809 0026 16       		.uleb128 0x16
 810 0027 00       		.byte	0
 811 0028 03       		.uleb128 0x3
 812 0029 0E       		.uleb128 0xe
 813 002a 3A       		.uleb128 0x3a
 814 002b 0B       		.uleb128 0xb
 815 002c 3B       		.uleb128 0x3b
 816 002d 05       		.uleb128 0x5
 817 002e 49       		.uleb128 0x49
 818 002f 13       		.uleb128 0x13
 819 0030 00       		.byte	0
 820 0031 00       		.byte	0
 821 0032 05       		.uleb128 0x5
 822 0033 01       		.uleb128 0x1
 823 0034 01       		.byte	0x1
 824 0035 49       		.uleb128 0x49
 825 0036 13       		.uleb128 0x13
 826 0037 01       		.uleb128 0x1
 827 0038 13       		.uleb128 0x13
 828 0039 00       		.byte	0
 829 003a 00       		.byte	0
 830 003b 06       		.uleb128 0x6
 831 003c 21       		.uleb128 0x21
 832 003d 00       		.byte	0
 833 003e 49       		.uleb128 0x49
 834 003f 13       		.uleb128 0x13
 835 0040 2F       		.uleb128 0x2f
 836 0041 05       		.uleb128 0x5
 837 0042 00       		.byte	0
 838 0043 00       		.byte	0
 839 0044 07       		.uleb128 0x7
 840 0045 34       		.uleb128 0x34
 841 0046 00       		.byte	0
 842 0047 03       		.uleb128 0x3
 843 0048 0E       		.uleb128 0xe
 844 0049 3A       		.uleb128 0x3a
 845 004a 0B       		.uleb128 0xb
 846 004b 3B       		.uleb128 0x3b
 847 004c 0B       		.uleb128 0xb
 848 004d 49       		.uleb128 0x49
 849 004e 13       		.uleb128 0x13
 850 004f 3F       		.uleb128 0x3f
 851 0050 19       		.uleb128 0x19
ARM GAS  C:\Users\HENRYA~1\AppData\Local\Temp\ccVs87yb.s 			page 16


 852 0051 02       		.uleb128 0x2
 853 0052 18       		.uleb128 0x18
 854 0053 00       		.byte	0
 855 0054 00       		.byte	0
 856 0055 08       		.uleb128 0x8
 857 0056 26       		.uleb128 0x26
 858 0057 00       		.byte	0
 859 0058 49       		.uleb128 0x49
 860 0059 13       		.uleb128 0x13
 861 005a 00       		.byte	0
 862 005b 00       		.byte	0
 863 005c 09       		.uleb128 0x9
 864 005d 21       		.uleb128 0x21
 865 005e 00       		.byte	0
 866 005f 49       		.uleb128 0x49
 867 0060 13       		.uleb128 0x13
 868 0061 2F       		.uleb128 0x2f
 869 0062 0B       		.uleb128 0xb
 870 0063 00       		.byte	0
 871 0064 00       		.byte	0
 872 0065 00       		.byte	0
 873              		.section	.debug_aranges,"",%progbits
 874 0000 14000000 		.4byte	0x14
 875 0004 0200     		.2byte	0x2
 876 0006 00000000 		.4byte	.Ldebug_info0
 877 000a 04       		.byte	0x4
 878 000b 00       		.byte	0
 879 000c 0000     		.2byte	0
 880 000e 0000     		.2byte	0
 881 0010 00000000 		.4byte	0
 882 0014 00000000 		.4byte	0
 883              		.section	.debug_line,"",%progbits
 884              	.Ldebug_line0:
 885 0000 4F000000 		.section	.debug_str,"MS",%progbits,1
 885      02004900 
 885      00000201 
 885      FB0E0D00 
 885      01010101 
 886              	.LASF19:
 887 0000 2E5C4765 		.ascii	".\\Generated_Source\\PSoC5\\cymetadata.c\000"
 887      6E657261 
 887      7465645F 
 887      536F7572 
 887      63655C50 
 888              	.LASF17:
 889 0026 63795F6D 		.ascii	"cy_metadata\000"
 889      65746164 
 889      61746100 
 890              	.LASF9:
 891 0032 666C6F61 		.ascii	"float\000"
 891      7400
 892              	.LASF1:
 893 0038 756E7369 		.ascii	"unsigned char\000"
 893      676E6564 
 893      20636861 
 893      7200
 894              	.LASF20:
ARM GAS  C:\Users\HENRYA~1\AppData\Local\Temp\ccVs87yb.s 			page 17


 895 0046 433A5C55 		.ascii	"C:\\Users\\Henry Alberto\\Desktop\\SPI\\NODO_MASTER"
 895      73657273 
 895      5C48656E 
 895      72792041 
 895      6C626572 
 896 0074 2E637964 		.ascii	".cydsn\000"
 896      736E00
 897              	.LASF5:
 898 007b 6C6F6E67 		.ascii	"long unsigned int\000"
 898      20756E73 
 898      69676E65 
 898      6420696E 
 898      7400
 899              	.LASF3:
 900 008d 73686F72 		.ascii	"short unsigned int\000"
 900      7420756E 
 900      7369676E 
 900      65642069 
 900      6E7400
 901              	.LASF10:
 902 00a0 646F7562 		.ascii	"double\000"
 902      6C6500
 903              	.LASF14:
 904 00a7 63795F6D 		.ascii	"cy_meta_custnvl\000"
 904      6574615F 
 904      63757374 
 904      6E766C00 
 905              	.LASF13:
 906 00b7 63795F6D 		.ascii	"cy_meta_configecc\000"
 906      6574615F 
 906      636F6E66 
 906      69676563 
 906      6300
 907              	.LASF18:
 908 00c9 474E5520 		.ascii	"GNU C 4.9.3 20150303 (release) [ARM/embedded-4_9-br"
 908      4320342E 
 908      392E3320 
 908      32303135 
 908      30333033 
 909 00fc 616E6368 		.ascii	"anch revision 221220] -mcpu=cortex-m3 -mthumb -g -O"
 909      20726576 
 909      6973696F 
 909      6E203232 
 909      31323230 
 910 012f 67202D66 		.ascii	"g -ffunction-sections -ffat-lto-objects\000"
 910      66756E63 
 910      74696F6E 
 910      2D736563 
 910      74696F6E 
 911              	.LASF8:
 912 0157 756E7369 		.ascii	"unsigned int\000"
 912      676E6564 
 912      20696E74 
 912      00
 913              	.LASF7:
 914 0164 6C6F6E67 		.ascii	"long long unsigned int\000"
 914      206C6F6E 
ARM GAS  C:\Users\HENRYA~1\AppData\Local\Temp\ccVs87yb.s 			page 18


 914      6720756E 
 914      7369676E 
 914      65642069 
 915              	.LASF16:
 916 017b 63795F6D 		.ascii	"cy_meta_flashprotect\000"
 916      6574615F 
 916      666C6173 
 916      6870726F 
 916      74656374 
 917              	.LASF15:
 918 0190 63795F6D 		.ascii	"cy_meta_wonvl\000"
 918      6574615F 
 918      776F6E76 
 918      6C00
 919              	.LASF12:
 920 019e 73697A65 		.ascii	"sizetype\000"
 920      74797065 
 920      00
 921              	.LASF6:
 922 01a7 6C6F6E67 		.ascii	"long long int\000"
 922      206C6F6E 
 922      6720696E 
 922      7400
 923              	.LASF11:
 924 01b5 63686172 		.ascii	"char\000"
 924      00
 925              	.LASF2:
 926 01ba 73686F72 		.ascii	"short int\000"
 926      7420696E 
 926      7400
 927              	.LASF21:
 928 01c4 75696E74 		.ascii	"uint8\000"
 928      3800
 929              	.LASF4:
 930 01ca 6C6F6E67 		.ascii	"long int\000"
 930      20696E74 
 930      00
 931              	.LASF0:
 932 01d3 7369676E 		.ascii	"signed char\000"
 932      65642063 
 932      68617200 
 933              		.ident	"GCC: (GNU Tools for ARM Embedded Processors) 4.9.3 20150303 (release) [ARM/embedded-4_9-br
