ARM GAS  C:\Users\HENRYA~1\AppData\Local\Temp\cclfzv7T.s 			page 1


   1              		.syntax unified
   2              		.cpu cortex-m0
   3              		.fpu softvfp
   4              		.eabi_attribute 20, 1
   5              		.eabi_attribute 21, 1
   6              		.eabi_attribute 23, 3
   7              		.eabi_attribute 24, 1
   8              		.eabi_attribute 25, 1
   9              		.eabi_attribute 26, 1
  10              		.eabi_attribute 30, 1
  11              		.eabi_attribute 34, 0
  12              		.eabi_attribute 18, 4
  13              		.thumb
  14              		.syntax unified
  15              		.file	"CAN_INT.c"
  16              		.text
  17              	.Ltext0:
  18              		.cfi_sections	.debug_frame
  19              		.section	.text.CAN_BusOffIsr,"ax",%progbits
  20              		.align	2
  21              		.global	CAN_BusOffIsr
  22              		.code	16
  23              		.thumb_func
  24              		.type	CAN_BusOffIsr, %function
  25              	CAN_BusOffIsr:
  26              	.LFB1:
  27              		.file 1 "Generated_Source\\PSoC4\\CAN_INT.c"
   1:Generated_Source\PSoC4/CAN_INT.c **** /*******************************************************************************
   2:Generated_Source\PSoC4/CAN_INT.c **** * File Name: CAN_INT.c
   3:Generated_Source\PSoC4/CAN_INT.c **** * Version 3.0
   4:Generated_Source\PSoC4/CAN_INT.c **** *
   5:Generated_Source\PSoC4/CAN_INT.c **** * Description:
   6:Generated_Source\PSoC4/CAN_INT.c **** *  This file contains Interrupt Service Routine (ISR) for CAN Component.
   7:Generated_Source\PSoC4/CAN_INT.c **** *  The Interrupt handlers functions are generated accordingly to the PSoC
   8:Generated_Source\PSoC4/CAN_INT.c **** *  Creator Customizer inputs.
   9:Generated_Source\PSoC4/CAN_INT.c **** *
  10:Generated_Source\PSoC4/CAN_INT.c **** * Note:
  11:Generated_Source\PSoC4/CAN_INT.c **** *  None
  12:Generated_Source\PSoC4/CAN_INT.c **** *
  13:Generated_Source\PSoC4/CAN_INT.c **** ********************************************************************************
  14:Generated_Source\PSoC4/CAN_INT.c **** * Copyright 2008-2015, Cypress Semiconductor Corporation.  All rights reserved.
  15:Generated_Source\PSoC4/CAN_INT.c **** * You may use this file only in accordance with the license, terms, conditions,
  16:Generated_Source\PSoC4/CAN_INT.c **** * disclaimers, and limitations in the end user license agreement accompanying
  17:Generated_Source\PSoC4/CAN_INT.c **** * the software package with which this file was provided.
  18:Generated_Source\PSoC4/CAN_INT.c **** *******************************************************************************/
  19:Generated_Source\PSoC4/CAN_INT.c **** 
  20:Generated_Source\PSoC4/CAN_INT.c **** #include "CAN.h"
  21:Generated_Source\PSoC4/CAN_INT.c **** #include "cyapicallbacks.h"
  22:Generated_Source\PSoC4/CAN_INT.c **** 
  23:Generated_Source\PSoC4/CAN_INT.c **** /* `#START CAN_INT_C_CODE_DEFINITION` */
  24:Generated_Source\PSoC4/CAN_INT.c **** 
  25:Generated_Source\PSoC4/CAN_INT.c **** /* `#END` */
  26:Generated_Source\PSoC4/CAN_INT.c **** 
  27:Generated_Source\PSoC4/CAN_INT.c **** #if (CAN_ARB_LOST)
  28:Generated_Source\PSoC4/CAN_INT.c ****     /*******************************************************************************
  29:Generated_Source\PSoC4/CAN_INT.c ****     * FUNCTION NAME:   CAN_ArbLostIsr
  30:Generated_Source\PSoC4/CAN_INT.c ****     ********************************************************************************
ARM GAS  C:\Users\HENRYA~1\AppData\Local\Temp\cclfzv7T.s 			page 2


  31:Generated_Source\PSoC4/CAN_INT.c ****     *
  32:Generated_Source\PSoC4/CAN_INT.c ****     * Summary:
  33:Generated_Source\PSoC4/CAN_INT.c ****     *  This function is entry point to Arbitration Lost Interrupt. Clears
  34:Generated_Source\PSoC4/CAN_INT.c ****     *  Arbitration Lost interrupt flag. Only generated if Arbitration Lost
  35:Generated_Source\PSoC4/CAN_INT.c ****     *  Interrupt enable in Customizer.
  36:Generated_Source\PSoC4/CAN_INT.c ****     *
  37:Generated_Source\PSoC4/CAN_INT.c ****     * Parameters:
  38:Generated_Source\PSoC4/CAN_INT.c ****     *  None.
  39:Generated_Source\PSoC4/CAN_INT.c ****     *
  40:Generated_Source\PSoC4/CAN_INT.c ****     * Return:
  41:Generated_Source\PSoC4/CAN_INT.c ****     *  None.
  42:Generated_Source\PSoC4/CAN_INT.c ****     *
  43:Generated_Source\PSoC4/CAN_INT.c ****     * Reentrant:
  44:Generated_Source\PSoC4/CAN_INT.c ****     *  Depends on Customer code.
  45:Generated_Source\PSoC4/CAN_INT.c ****     *
  46:Generated_Source\PSoC4/CAN_INT.c ****     *******************************************************************************/
  47:Generated_Source\PSoC4/CAN_INT.c ****     void CAN_ArbLostIsr(void) 
  48:Generated_Source\PSoC4/CAN_INT.c ****     {
  49:Generated_Source\PSoC4/CAN_INT.c ****         /* Clear Arbitration Lost flag */
  50:Generated_Source\PSoC4/CAN_INT.c ****         CAN_INT_SR_REG = CAN_ARBITRATION_LOST_MASK;
  51:Generated_Source\PSoC4/CAN_INT.c **** 
  52:Generated_Source\PSoC4/CAN_INT.c ****         /* `#START ARBITRATION_LOST_ISR` */
  53:Generated_Source\PSoC4/CAN_INT.c **** 
  54:Generated_Source\PSoC4/CAN_INT.c ****         /* `#END` */
  55:Generated_Source\PSoC4/CAN_INT.c **** 
  56:Generated_Source\PSoC4/CAN_INT.c ****         #ifdef CAN_ARB_LOST_ISR_CALLBACK
  57:Generated_Source\PSoC4/CAN_INT.c ****             CAN_ArbLostIsr_Callback();
  58:Generated_Source\PSoC4/CAN_INT.c ****         #endif /* CAN_ARB_LOST_ISR_CALLBACK */
  59:Generated_Source\PSoC4/CAN_INT.c ****     }
  60:Generated_Source\PSoC4/CAN_INT.c **** #endif /* CAN_ARB_LOST */
  61:Generated_Source\PSoC4/CAN_INT.c **** 
  62:Generated_Source\PSoC4/CAN_INT.c **** 
  63:Generated_Source\PSoC4/CAN_INT.c **** #if (CAN_OVERLOAD)
  64:Generated_Source\PSoC4/CAN_INT.c ****     /*******************************************************************************
  65:Generated_Source\PSoC4/CAN_INT.c ****     * FUNCTION NAME:   CAN_OvrLdErrorIsr
  66:Generated_Source\PSoC4/CAN_INT.c ****     ********************************************************************************
  67:Generated_Source\PSoC4/CAN_INT.c ****     *
  68:Generated_Source\PSoC4/CAN_INT.c ****     * Summary:
  69:Generated_Source\PSoC4/CAN_INT.c ****     *  This function is entry point to Overload Error Interrupt. Clears Overload
  70:Generated_Source\PSoC4/CAN_INT.c ****     *  Error interrupt flag. Only generated if Overload Error Interrupt enable
  71:Generated_Source\PSoC4/CAN_INT.c ****     *  in Customizer.
  72:Generated_Source\PSoC4/CAN_INT.c ****     *
  73:Generated_Source\PSoC4/CAN_INT.c ****     * Parameters:
  74:Generated_Source\PSoC4/CAN_INT.c ****     *  None.
  75:Generated_Source\PSoC4/CAN_INT.c ****     *
  76:Generated_Source\PSoC4/CAN_INT.c ****     * Return:
  77:Generated_Source\PSoC4/CAN_INT.c ****     *  None.
  78:Generated_Source\PSoC4/CAN_INT.c ****     *
  79:Generated_Source\PSoC4/CAN_INT.c ****     * Reentrant:
  80:Generated_Source\PSoC4/CAN_INT.c ****     *  Depends on Customer code.
  81:Generated_Source\PSoC4/CAN_INT.c ****     *
  82:Generated_Source\PSoC4/CAN_INT.c ****     *******************************************************************************/
  83:Generated_Source\PSoC4/CAN_INT.c ****     void CAN_OvrLdErrorIsr(void) 
  84:Generated_Source\PSoC4/CAN_INT.c ****     {
  85:Generated_Source\PSoC4/CAN_INT.c ****         /* Clear Overload Error flag */
  86:Generated_Source\PSoC4/CAN_INT.c ****         CAN_INT_SR_REG = CAN_OVERLOAD_ERROR_MASK;
  87:Generated_Source\PSoC4/CAN_INT.c **** 
ARM GAS  C:\Users\HENRYA~1\AppData\Local\Temp\cclfzv7T.s 			page 3


  88:Generated_Source\PSoC4/CAN_INT.c ****         /* `#START OVER_LOAD_ERROR_ISR` */
  89:Generated_Source\PSoC4/CAN_INT.c **** 
  90:Generated_Source\PSoC4/CAN_INT.c ****         /* `#END` */
  91:Generated_Source\PSoC4/CAN_INT.c **** 
  92:Generated_Source\PSoC4/CAN_INT.c ****         #ifdef CAN_OVR_LD_ERROR_ISR_CALLBACK
  93:Generated_Source\PSoC4/CAN_INT.c ****             CAN_OvrLdErrorIsr_Callback();
  94:Generated_Source\PSoC4/CAN_INT.c ****         #endif /* CAN_OVR_LD_ERROR_ISR_CALLBACK */
  95:Generated_Source\PSoC4/CAN_INT.c ****     }
  96:Generated_Source\PSoC4/CAN_INT.c **** #endif /* CAN_OVERLOAD */
  97:Generated_Source\PSoC4/CAN_INT.c **** 
  98:Generated_Source\PSoC4/CAN_INT.c **** 
  99:Generated_Source\PSoC4/CAN_INT.c **** #if (CAN_BIT_ERR)
 100:Generated_Source\PSoC4/CAN_INT.c ****     /*******************************************************************************
 101:Generated_Source\PSoC4/CAN_INT.c ****     * FUNCTION NAME:   CAN_BitErrorIsr
 102:Generated_Source\PSoC4/CAN_INT.c ****     ********************************************************************************
 103:Generated_Source\PSoC4/CAN_INT.c ****     *
 104:Generated_Source\PSoC4/CAN_INT.c ****     * Summary:
 105:Generated_Source\PSoC4/CAN_INT.c ****     *  This function is entry point to Bit Error Interrupt. Clears Bit Error
 106:Generated_Source\PSoC4/CAN_INT.c ****     *  interrupt flag. Only generated if Bit Error Interrupt enable in Customizer.
 107:Generated_Source\PSoC4/CAN_INT.c ****     *
 108:Generated_Source\PSoC4/CAN_INT.c ****     * Parameters:
 109:Generated_Source\PSoC4/CAN_INT.c ****     *  None.
 110:Generated_Source\PSoC4/CAN_INT.c ****     *
 111:Generated_Source\PSoC4/CAN_INT.c ****     * Return:
 112:Generated_Source\PSoC4/CAN_INT.c ****     *  None.
 113:Generated_Source\PSoC4/CAN_INT.c ****     *
 114:Generated_Source\PSoC4/CAN_INT.c ****     * Reentrant:
 115:Generated_Source\PSoC4/CAN_INT.c ****     *  Depends on Customer code.
 116:Generated_Source\PSoC4/CAN_INT.c ****     *
 117:Generated_Source\PSoC4/CAN_INT.c ****     *******************************************************************************/
 118:Generated_Source\PSoC4/CAN_INT.c ****     void CAN_BitErrorIsr(void) 
 119:Generated_Source\PSoC4/CAN_INT.c ****     {
 120:Generated_Source\PSoC4/CAN_INT.c ****         /* Clear Bit Error flag */
 121:Generated_Source\PSoC4/CAN_INT.c ****         CAN_INT_SR_REG = CAN_BIT_ERROR_MASK;
 122:Generated_Source\PSoC4/CAN_INT.c **** 
 123:Generated_Source\PSoC4/CAN_INT.c ****         /* `#START BIT_ERROR_ISR` */
 124:Generated_Source\PSoC4/CAN_INT.c **** 
 125:Generated_Source\PSoC4/CAN_INT.c ****         /* `#END` */
 126:Generated_Source\PSoC4/CAN_INT.c **** 
 127:Generated_Source\PSoC4/CAN_INT.c ****         #ifdef CAN_BIT_ERROR_ISR_CALLBACK
 128:Generated_Source\PSoC4/CAN_INT.c ****             CAN_BitErrorIsr_Callback();
 129:Generated_Source\PSoC4/CAN_INT.c ****         #endif /* CAN_BIT_ERROR_ISR_CALLBACK */
 130:Generated_Source\PSoC4/CAN_INT.c ****     }
 131:Generated_Source\PSoC4/CAN_INT.c **** #endif /* CAN_BIT_ERR */
 132:Generated_Source\PSoC4/CAN_INT.c **** 
 133:Generated_Source\PSoC4/CAN_INT.c **** 
 134:Generated_Source\PSoC4/CAN_INT.c **** #if (CAN_STUFF_ERR)
 135:Generated_Source\PSoC4/CAN_INT.c ****     /*******************************************************************************
 136:Generated_Source\PSoC4/CAN_INT.c ****     * FUNCTION NAME:   CAN_BitStuffErrorIsr
 137:Generated_Source\PSoC4/CAN_INT.c ****     ********************************************************************************
 138:Generated_Source\PSoC4/CAN_INT.c ****     *
 139:Generated_Source\PSoC4/CAN_INT.c ****     * Summary:
 140:Generated_Source\PSoC4/CAN_INT.c ****     *  This function is entry point to Bit Stuff Error Interrupt. Clears Bit Stuff
 141:Generated_Source\PSoC4/CAN_INT.c ****     *  Error interrupt flag. Only generated if Bit Stuff Error Interrupt enable
 142:Generated_Source\PSoC4/CAN_INT.c ****     *  in Customizer.
 143:Generated_Source\PSoC4/CAN_INT.c ****     *
 144:Generated_Source\PSoC4/CAN_INT.c ****     * Parameters:
ARM GAS  C:\Users\HENRYA~1\AppData\Local\Temp\cclfzv7T.s 			page 4


 145:Generated_Source\PSoC4/CAN_INT.c ****     *  None.
 146:Generated_Source\PSoC4/CAN_INT.c ****     *
 147:Generated_Source\PSoC4/CAN_INT.c ****     * Return:
 148:Generated_Source\PSoC4/CAN_INT.c ****     *  None.
 149:Generated_Source\PSoC4/CAN_INT.c ****     *
 150:Generated_Source\PSoC4/CAN_INT.c ****     * Reentrant:
 151:Generated_Source\PSoC4/CAN_INT.c ****     *  Depends on Customer code.
 152:Generated_Source\PSoC4/CAN_INT.c ****     *
 153:Generated_Source\PSoC4/CAN_INT.c ****     *******************************************************************************/
 154:Generated_Source\PSoC4/CAN_INT.c ****     void CAN_BitStuffErrorIsr(void) 
 155:Generated_Source\PSoC4/CAN_INT.c ****     {
 156:Generated_Source\PSoC4/CAN_INT.c ****         /* Clear Stuff Error flag */
 157:Generated_Source\PSoC4/CAN_INT.c ****         CAN_INT_SR_REG = CAN_STUFF_ERROR_MASK;
 158:Generated_Source\PSoC4/CAN_INT.c **** 
 159:Generated_Source\PSoC4/CAN_INT.c ****         /* `#START BIT_STUFF_ERROR_ISR` */
 160:Generated_Source\PSoC4/CAN_INT.c **** 
 161:Generated_Source\PSoC4/CAN_INT.c ****         /* `#END` */
 162:Generated_Source\PSoC4/CAN_INT.c **** 
 163:Generated_Source\PSoC4/CAN_INT.c ****         #ifdef CAN_BIT_STUFF_ERROR_ISR_CALLBACK
 164:Generated_Source\PSoC4/CAN_INT.c ****             CAN_BitStuffErrorIsr_Callback();
 165:Generated_Source\PSoC4/CAN_INT.c ****         #endif /* CAN_BIT_STUFF_ERROR_ISR_CALLBACK */
 166:Generated_Source\PSoC4/CAN_INT.c ****     }
 167:Generated_Source\PSoC4/CAN_INT.c **** #endif /* CAN_STUFF_ERR */
 168:Generated_Source\PSoC4/CAN_INT.c **** 
 169:Generated_Source\PSoC4/CAN_INT.c **** 
 170:Generated_Source\PSoC4/CAN_INT.c **** #if (CAN_ACK_ERR)
 171:Generated_Source\PSoC4/CAN_INT.c ****     /*******************************************************************************
 172:Generated_Source\PSoC4/CAN_INT.c ****     * FUNCTION NAME:   CAN_AckErrorIsr
 173:Generated_Source\PSoC4/CAN_INT.c ****     ********************************************************************************
 174:Generated_Source\PSoC4/CAN_INT.c ****     *
 175:Generated_Source\PSoC4/CAN_INT.c ****     * Summary:
 176:Generated_Source\PSoC4/CAN_INT.c ****     *  This function is entry point to Acknowledge Error Interrupt. Clears
 177:Generated_Source\PSoC4/CAN_INT.c ****     *  Acknowledge Error interrupt flag. Only generated if Acknowledge Error
 178:Generated_Source\PSoC4/CAN_INT.c ****     *  Interrupt enable in Customizer.
 179:Generated_Source\PSoC4/CAN_INT.c ****     *
 180:Generated_Source\PSoC4/CAN_INT.c ****     * Parameters:
 181:Generated_Source\PSoC4/CAN_INT.c ****     *  None.
 182:Generated_Source\PSoC4/CAN_INT.c ****     *
 183:Generated_Source\PSoC4/CAN_INT.c ****     * Return:
 184:Generated_Source\PSoC4/CAN_INT.c ****     *  None.
 185:Generated_Source\PSoC4/CAN_INT.c ****     *
 186:Generated_Source\PSoC4/CAN_INT.c ****     * Reentrant:
 187:Generated_Source\PSoC4/CAN_INT.c ****     *  Depends on Customer code.
 188:Generated_Source\PSoC4/CAN_INT.c ****     *
 189:Generated_Source\PSoC4/CAN_INT.c ****     *******************************************************************************/
 190:Generated_Source\PSoC4/CAN_INT.c ****     void CAN_AckErrorIsr(void) 
 191:Generated_Source\PSoC4/CAN_INT.c ****     {
 192:Generated_Source\PSoC4/CAN_INT.c ****         /* Clear Acknoledge Error flag */
 193:Generated_Source\PSoC4/CAN_INT.c ****         CAN_INT_SR_REG = CAN_ACK_ERROR_MASK;
 194:Generated_Source\PSoC4/CAN_INT.c **** 
 195:Generated_Source\PSoC4/CAN_INT.c ****         /* `#START ACKNOWLEDGE_ERROR_ISR` */
 196:Generated_Source\PSoC4/CAN_INT.c **** 
 197:Generated_Source\PSoC4/CAN_INT.c ****         /* `#END` */
 198:Generated_Source\PSoC4/CAN_INT.c **** 
 199:Generated_Source\PSoC4/CAN_INT.c ****         #ifdef CAN_ACK_ERROR_ISR_CALLBACK
 200:Generated_Source\PSoC4/CAN_INT.c ****             CAN_AckErrorIsr_Callback();
 201:Generated_Source\PSoC4/CAN_INT.c ****         #endif /* CAN_ACK_ERROR_ISR_CALLBACK */
ARM GAS  C:\Users\HENRYA~1\AppData\Local\Temp\cclfzv7T.s 			page 5


 202:Generated_Source\PSoC4/CAN_INT.c ****     }
 203:Generated_Source\PSoC4/CAN_INT.c **** #endif /* CAN_ACK_ERR */
 204:Generated_Source\PSoC4/CAN_INT.c **** 
 205:Generated_Source\PSoC4/CAN_INT.c **** 
 206:Generated_Source\PSoC4/CAN_INT.c **** #if (CAN_FORM_ERR)
 207:Generated_Source\PSoC4/CAN_INT.c ****     /*******************************************************************************
 208:Generated_Source\PSoC4/CAN_INT.c ****     * FUNCTION NAME:   CAN_MsgErrorIsr
 209:Generated_Source\PSoC4/CAN_INT.c ****     ********************************************************************************
 210:Generated_Source\PSoC4/CAN_INT.c ****     *
 211:Generated_Source\PSoC4/CAN_INT.c ****     * Summary:
 212:Generated_Source\PSoC4/CAN_INT.c ****     *  This function is entry point to Form Error Interrupt. Clears Form Error
 213:Generated_Source\PSoC4/CAN_INT.c ****     *  interrupt flag. Only generated if Form Error Interrupt enable in Customizer.
 214:Generated_Source\PSoC4/CAN_INT.c ****     *
 215:Generated_Source\PSoC4/CAN_INT.c ****     * Parameters:
 216:Generated_Source\PSoC4/CAN_INT.c ****     *  None.
 217:Generated_Source\PSoC4/CAN_INT.c ****     *
 218:Generated_Source\PSoC4/CAN_INT.c ****     * Return:
 219:Generated_Source\PSoC4/CAN_INT.c ****     *  None.
 220:Generated_Source\PSoC4/CAN_INT.c ****     *
 221:Generated_Source\PSoC4/CAN_INT.c ****     * Reentrant:
 222:Generated_Source\PSoC4/CAN_INT.c ****     *  Depends on Customer code.
 223:Generated_Source\PSoC4/CAN_INT.c ****     *
 224:Generated_Source\PSoC4/CAN_INT.c ****     *******************************************************************************/
 225:Generated_Source\PSoC4/CAN_INT.c ****     void CAN_MsgErrorIsr(void) 
 226:Generated_Source\PSoC4/CAN_INT.c ****     {
 227:Generated_Source\PSoC4/CAN_INT.c ****         /* Clear Form Error flag */
 228:Generated_Source\PSoC4/CAN_INT.c ****         CAN_INT_SR_REG = CAN_FORM_ERROR_MASK;
 229:Generated_Source\PSoC4/CAN_INT.c **** 
 230:Generated_Source\PSoC4/CAN_INT.c ****         /* `#START MESSAGE_ERROR_ISR` */
 231:Generated_Source\PSoC4/CAN_INT.c **** 
 232:Generated_Source\PSoC4/CAN_INT.c ****         /* `#END` */
 233:Generated_Source\PSoC4/CAN_INT.c **** 
 234:Generated_Source\PSoC4/CAN_INT.c ****         #ifdef CAN_MSG_ERROR_ISR_CALLBACK
 235:Generated_Source\PSoC4/CAN_INT.c ****             CAN_MsgErrorIsr_Callback();
 236:Generated_Source\PSoC4/CAN_INT.c ****         #endif /* CAN_MSG_ERROR_ISR_CALLBACK */
 237:Generated_Source\PSoC4/CAN_INT.c ****     }
 238:Generated_Source\PSoC4/CAN_INT.c **** #endif /* CAN_FORM_ERR */
 239:Generated_Source\PSoC4/CAN_INT.c **** 
 240:Generated_Source\PSoC4/CAN_INT.c **** 
 241:Generated_Source\PSoC4/CAN_INT.c **** #if (CAN_CRC_ERR)
 242:Generated_Source\PSoC4/CAN_INT.c ****     /*******************************************************************************
 243:Generated_Source\PSoC4/CAN_INT.c ****     * FUNCTION NAME:   CAN_CrcErrorIsr
 244:Generated_Source\PSoC4/CAN_INT.c ****     ********************************************************************************
 245:Generated_Source\PSoC4/CAN_INT.c ****     *
 246:Generated_Source\PSoC4/CAN_INT.c ****     * Summary:
 247:Generated_Source\PSoC4/CAN_INT.c ****     *  This function is entry point to CRC Error Interrupt. Clears CRC Error
 248:Generated_Source\PSoC4/CAN_INT.c ****     *  interrupt flag. Only generated if CRC Error Interrupt enable in Customizer.
 249:Generated_Source\PSoC4/CAN_INT.c ****     *
 250:Generated_Source\PSoC4/CAN_INT.c ****     * Parameters:
 251:Generated_Source\PSoC4/CAN_INT.c ****     *  None.
 252:Generated_Source\PSoC4/CAN_INT.c ****     *
 253:Generated_Source\PSoC4/CAN_INT.c ****     * Return:
 254:Generated_Source\PSoC4/CAN_INT.c ****     *  None.
 255:Generated_Source\PSoC4/CAN_INT.c ****     *
 256:Generated_Source\PSoC4/CAN_INT.c ****     * Reentrant:
 257:Generated_Source\PSoC4/CAN_INT.c ****     *  Depends on Customer code.
 258:Generated_Source\PSoC4/CAN_INT.c ****     *
ARM GAS  C:\Users\HENRYA~1\AppData\Local\Temp\cclfzv7T.s 			page 6


 259:Generated_Source\PSoC4/CAN_INT.c ****     *******************************************************************************/
 260:Generated_Source\PSoC4/CAN_INT.c ****     void CAN_CrcErrorIsr(void) 
 261:Generated_Source\PSoC4/CAN_INT.c ****     {
 262:Generated_Source\PSoC4/CAN_INT.c ****         /* Clear CRC Error flag */
 263:Generated_Source\PSoC4/CAN_INT.c ****         CAN_INT_SR_REG = CAN_CRC_ERROR_MASK;
 264:Generated_Source\PSoC4/CAN_INT.c **** 
 265:Generated_Source\PSoC4/CAN_INT.c ****         /* `#START CRC_ERROR_ISR` */
 266:Generated_Source\PSoC4/CAN_INT.c **** 
 267:Generated_Source\PSoC4/CAN_INT.c ****         /* `#END` */
 268:Generated_Source\PSoC4/CAN_INT.c **** 
 269:Generated_Source\PSoC4/CAN_INT.c ****         #ifdef CAN_CRC_ERROR_ISR_CALLBACK
 270:Generated_Source\PSoC4/CAN_INT.c ****             CAN_CrcErrorIsr_Callback();
 271:Generated_Source\PSoC4/CAN_INT.c ****         #endif /* CAN_CRC_ERROR_ISR_CALLBACK */
 272:Generated_Source\PSoC4/CAN_INT.c ****     }
 273:Generated_Source\PSoC4/CAN_INT.c **** #endif /* CAN_CRC_ERR */
 274:Generated_Source\PSoC4/CAN_INT.c **** 
 275:Generated_Source\PSoC4/CAN_INT.c **** 
 276:Generated_Source\PSoC4/CAN_INT.c **** #if (CAN_BUS_OFF)
 277:Generated_Source\PSoC4/CAN_INT.c ****     /*******************************************************************************
 278:Generated_Source\PSoC4/CAN_INT.c ****     * FUNCTION NAME:   CAN_BusOffIsr
 279:Generated_Source\PSoC4/CAN_INT.c ****     ********************************************************************************
 280:Generated_Source\PSoC4/CAN_INT.c ****     *
 281:Generated_Source\PSoC4/CAN_INT.c ****     * Summary:
 282:Generated_Source\PSoC4/CAN_INT.c ****     *  This function is entry point to Bus Off Interrupt. Places CAN Component
 283:Generated_Source\PSoC4/CAN_INT.c ****     *  to Stop mode. Only generated if Bus Off Interrupt enable in Customizer.
 284:Generated_Source\PSoC4/CAN_INT.c ****     *  Recommended setting to enable this interrupt.
 285:Generated_Source\PSoC4/CAN_INT.c ****     *
 286:Generated_Source\PSoC4/CAN_INT.c ****     * Parameters:
 287:Generated_Source\PSoC4/CAN_INT.c ****     *  None.
 288:Generated_Source\PSoC4/CAN_INT.c ****     *
 289:Generated_Source\PSoC4/CAN_INT.c ****     * Return:
 290:Generated_Source\PSoC4/CAN_INT.c ****     *  None.
 291:Generated_Source\PSoC4/CAN_INT.c ****     *
 292:Generated_Source\PSoC4/CAN_INT.c ****     * Side Effects:
 293:Generated_Source\PSoC4/CAN_INT.c ****     *  Stops CAN component operation.
 294:Generated_Source\PSoC4/CAN_INT.c ****     *
 295:Generated_Source\PSoC4/CAN_INT.c ****     *******************************************************************************/
 296:Generated_Source\PSoC4/CAN_INT.c ****     void CAN_BusOffIsr(void) 
 297:Generated_Source\PSoC4/CAN_INT.c ****     {
  28              		.loc 1 297 0
  29              		.cfi_startproc
  30              		@ args = 0, pretend = 0, frame = 0
  31              		@ frame_needed = 0, uses_anonymous_args = 0
  32 0000 10B5     		push	{r4, lr}
  33              		.cfi_def_cfa_offset 8
  34              		.cfi_offset 4, -8
  35              		.cfi_offset 14, -4
 298:Generated_Source\PSoC4/CAN_INT.c ****         /* Clear Bus Off flag */
 299:Generated_Source\PSoC4/CAN_INT.c ****         CAN_INT_SR_REG = CAN_BUS_OFF_MASK;
  36              		.loc 1 299 0
  37 0002 8022     		movs	r2, #128
  38 0004 9200     		lsls	r2, r2, #2
  39 0006 024B     		ldr	r3, .L2
  40 0008 1A60     		str	r2, [r3]
 300:Generated_Source\PSoC4/CAN_INT.c **** 
 301:Generated_Source\PSoC4/CAN_INT.c ****         /* `#START BUS_OFF_ISR` */
 302:Generated_Source\PSoC4/CAN_INT.c **** 
ARM GAS  C:\Users\HENRYA~1\AppData\Local\Temp\cclfzv7T.s 			page 7


 303:Generated_Source\PSoC4/CAN_INT.c ****         /* `#END` */
 304:Generated_Source\PSoC4/CAN_INT.c **** 
 305:Generated_Source\PSoC4/CAN_INT.c ****         #ifdef CAN_BUS_OFF_ISR_CALLBACK
 306:Generated_Source\PSoC4/CAN_INT.c ****             CAN_BusOffIsr_Callback();
 307:Generated_Source\PSoC4/CAN_INT.c ****         #endif /* CAN_BUS_OFF_ISR_CALLBACK */
 308:Generated_Source\PSoC4/CAN_INT.c **** 
 309:Generated_Source\PSoC4/CAN_INT.c ****         (void) CAN_Stop();
  41              		.loc 1 309 0
  42 000a FFF7FEFF 		bl	CAN_Stop
  43              	.LVL0:
 310:Generated_Source\PSoC4/CAN_INT.c ****     }
  44              		.loc 1 310 0
  45              		@ sp needed
  46 000e 10BD     		pop	{r4, pc}
  47              	.L3:
  48              		.align	2
  49              	.L2:
  50 0010 00002E40 		.word	1076756480
  51              		.cfi_endproc
  52              	.LFE1:
  53              		.size	CAN_BusOffIsr, .-CAN_BusOffIsr
  54              		.section	.text.CAN_MsgRXIsr,"ax",%progbits
  55              		.align	2
  56              		.global	CAN_MsgRXIsr
  57              		.code	16
  58              		.thumb_func
  59              		.type	CAN_MsgRXIsr, %function
  60              	CAN_MsgRXIsr:
  61              	.LFB2:
 311:Generated_Source\PSoC4/CAN_INT.c **** #endif /* CAN_BUS_OFF */
 312:Generated_Source\PSoC4/CAN_INT.c **** 
 313:Generated_Source\PSoC4/CAN_INT.c **** 
 314:Generated_Source\PSoC4/CAN_INT.c **** #if (CAN_RX_MSG_LOST)
 315:Generated_Source\PSoC4/CAN_INT.c ****     /*******************************************************************************
 316:Generated_Source\PSoC4/CAN_INT.c ****     * FUNCTION NAME:   CAN_MsgLostIsr
 317:Generated_Source\PSoC4/CAN_INT.c ****     ********************************************************************************
 318:Generated_Source\PSoC4/CAN_INT.c ****     *
 319:Generated_Source\PSoC4/CAN_INT.c ****     * Summary:
 320:Generated_Source\PSoC4/CAN_INT.c ****     *  This function is entry point to Message Lost Interrupt. Clears Message Lost
 321:Generated_Source\PSoC4/CAN_INT.c ****     *  interrupt flag. Only generated if Message Lost Interrupt enable in Customizer
 322:Generated_Source\PSoC4/CAN_INT.c ****     *
 323:Generated_Source\PSoC4/CAN_INT.c ****     * Parameters:
 324:Generated_Source\PSoC4/CAN_INT.c ****     *  None.
 325:Generated_Source\PSoC4/CAN_INT.c ****     *
 326:Generated_Source\PSoC4/CAN_INT.c ****     * Return:
 327:Generated_Source\PSoC4/CAN_INT.c ****     *  None.
 328:Generated_Source\PSoC4/CAN_INT.c ****     *
 329:Generated_Source\PSoC4/CAN_INT.c ****     * Reentrant:
 330:Generated_Source\PSoC4/CAN_INT.c ****     *  Depends on Customer code.
 331:Generated_Source\PSoC4/CAN_INT.c ****     *
 332:Generated_Source\PSoC4/CAN_INT.c ****     *******************************************************************************/
 333:Generated_Source\PSoC4/CAN_INT.c ****     void CAN_MsgLostIsr(void) 
 334:Generated_Source\PSoC4/CAN_INT.c ****     {
 335:Generated_Source\PSoC4/CAN_INT.c ****         /* Clear Receive Message Lost flag */
 336:Generated_Source\PSoC4/CAN_INT.c ****         CAN_INT_SR_REG = CAN_RX_MSG_LOST_MASK;
 337:Generated_Source\PSoC4/CAN_INT.c **** 
 338:Generated_Source\PSoC4/CAN_INT.c ****         /* `#START MESSAGE_LOST_ISR` */
ARM GAS  C:\Users\HENRYA~1\AppData\Local\Temp\cclfzv7T.s 			page 8


 339:Generated_Source\PSoC4/CAN_INT.c **** 
 340:Generated_Source\PSoC4/CAN_INT.c ****         /* `#END` */
 341:Generated_Source\PSoC4/CAN_INT.c **** 
 342:Generated_Source\PSoC4/CAN_INT.c ****         #ifdef CAN_MSG_LOST_ISR_CALLBACK
 343:Generated_Source\PSoC4/CAN_INT.c ****             CAN_MsgLostIsr_Callback();
 344:Generated_Source\PSoC4/CAN_INT.c ****         #endif /* CAN_MSG_LOST_ISR_CALLBACK */
 345:Generated_Source\PSoC4/CAN_INT.c ****     }
 346:Generated_Source\PSoC4/CAN_INT.c **** #endif /* CAN_RX_MSG_LOST */
 347:Generated_Source\PSoC4/CAN_INT.c **** 
 348:Generated_Source\PSoC4/CAN_INT.c **** 
 349:Generated_Source\PSoC4/CAN_INT.c **** #if (CAN_TX_MESSAGE)
 350:Generated_Source\PSoC4/CAN_INT.c ****     /*******************************************************************************
 351:Generated_Source\PSoC4/CAN_INT.c ****     * FUNCTION NAME:   CAN_MsgTXIsr
 352:Generated_Source\PSoC4/CAN_INT.c ****     ********************************************************************************
 353:Generated_Source\PSoC4/CAN_INT.c ****     *
 354:Generated_Source\PSoC4/CAN_INT.c ****     * Summary:
 355:Generated_Source\PSoC4/CAN_INT.c ****     *  This function is entry point to Transmit Message Interrupt. Clears Transmit
 356:Generated_Source\PSoC4/CAN_INT.c ****     *  Message interrupt flag. Only generated if Transmit Message Interrupt enable
 357:Generated_Source\PSoC4/CAN_INT.c ****     *  in Customizer.
 358:Generated_Source\PSoC4/CAN_INT.c ****     *
 359:Generated_Source\PSoC4/CAN_INT.c ****     * Parameters:
 360:Generated_Source\PSoC4/CAN_INT.c ****     *  None.
 361:Generated_Source\PSoC4/CAN_INT.c ****     *
 362:Generated_Source\PSoC4/CAN_INT.c ****     * Return:
 363:Generated_Source\PSoC4/CAN_INT.c ****     *  None.
 364:Generated_Source\PSoC4/CAN_INT.c ****     *
 365:Generated_Source\PSoC4/CAN_INT.c ****     * Reentrant:
 366:Generated_Source\PSoC4/CAN_INT.c ****     *  Depends on Customer code.
 367:Generated_Source\PSoC4/CAN_INT.c ****     *
 368:Generated_Source\PSoC4/CAN_INT.c ****     *******************************************************************************/
 369:Generated_Source\PSoC4/CAN_INT.c ****     void CAN_MsgTXIsr(void) 
 370:Generated_Source\PSoC4/CAN_INT.c ****     {
 371:Generated_Source\PSoC4/CAN_INT.c ****         /* Clear Transmit Message flag */
 372:Generated_Source\PSoC4/CAN_INT.c ****         CAN_INT_SR_REG = CAN_TX_MESSAGE_MASK;
 373:Generated_Source\PSoC4/CAN_INT.c **** 
 374:Generated_Source\PSoC4/CAN_INT.c ****         /* `#START MESSAGE_TRANSMITTED_ISR` */
 375:Generated_Source\PSoC4/CAN_INT.c **** 
 376:Generated_Source\PSoC4/CAN_INT.c ****         /* `#END` */
 377:Generated_Source\PSoC4/CAN_INT.c **** 
 378:Generated_Source\PSoC4/CAN_INT.c ****         #ifdef CAN_MSG_TX_ISR_CALLBACK
 379:Generated_Source\PSoC4/CAN_INT.c ****             CAN_MsgTXIsr_Callback();
 380:Generated_Source\PSoC4/CAN_INT.c ****         #endif /* CAN_MSG_TX_ISR_CALLBACK */
 381:Generated_Source\PSoC4/CAN_INT.c ****     }
 382:Generated_Source\PSoC4/CAN_INT.c **** #endif /* CAN_TX_MESSAGE */
 383:Generated_Source\PSoC4/CAN_INT.c **** 
 384:Generated_Source\PSoC4/CAN_INT.c **** 
 385:Generated_Source\PSoC4/CAN_INT.c **** #if (CAN_RX_MESSAGE)
 386:Generated_Source\PSoC4/CAN_INT.c ****     /*******************************************************************************
 387:Generated_Source\PSoC4/CAN_INT.c ****     * FUNCTION NAME:   CAN_MsgRXIsr
 388:Generated_Source\PSoC4/CAN_INT.c ****     ********************************************************************************
 389:Generated_Source\PSoC4/CAN_INT.c ****     *
 390:Generated_Source\PSoC4/CAN_INT.c ****     * Summary:
 391:Generated_Source\PSoC4/CAN_INT.c ****     *  This function is entry point to Receive Message Interrupt. Clears Receive
 392:Generated_Source\PSoC4/CAN_INT.c ****     *  Message interrupt flag and call appropriate handlers for Basic and Full
 393:Generated_Source\PSoC4/CAN_INT.c ****     *  interrupt based mailboxes. Only generated if Receive Message Interrupt
 394:Generated_Source\PSoC4/CAN_INT.c ****     *  enable in Customizer. Recommended setting to enable this interrupt.
 395:Generated_Source\PSoC4/CAN_INT.c ****     *
ARM GAS  C:\Users\HENRYA~1\AppData\Local\Temp\cclfzv7T.s 			page 9


 396:Generated_Source\PSoC4/CAN_INT.c ****     * Parameters:
 397:Generated_Source\PSoC4/CAN_INT.c ****     *  None.
 398:Generated_Source\PSoC4/CAN_INT.c ****     *
 399:Generated_Source\PSoC4/CAN_INT.c ****     * Return:
 400:Generated_Source\PSoC4/CAN_INT.c ****     *  None.
 401:Generated_Source\PSoC4/CAN_INT.c ****     *
 402:Generated_Source\PSoC4/CAN_INT.c ****     *******************************************************************************/
 403:Generated_Source\PSoC4/CAN_INT.c ****     void CAN_MsgRXIsr(void) 
 404:Generated_Source\PSoC4/CAN_INT.c ****     {
  62              		.loc 1 404 0
  63              		.cfi_startproc
  64              		@ args = 0, pretend = 0, frame = 0
  65              		@ frame_needed = 0, uses_anonymous_args = 0
  66 0000 70B5     		push	{r4, r5, r6, lr}
  67              		.cfi_def_cfa_offset 16
  68              		.cfi_offset 4, -16
  69              		.cfi_offset 5, -12
  70              		.cfi_offset 6, -8
  71              		.cfi_offset 14, -4
  72              	.LVL1:
 405:Generated_Source\PSoC4/CAN_INT.c ****         uint8 mailboxNumber;
 406:Generated_Source\PSoC4/CAN_INT.c ****         uint16 shift = 0x01u;
 407:Generated_Source\PSoC4/CAN_INT.c **** 
 408:Generated_Source\PSoC4/CAN_INT.c ****         /* Clear Receive Message flag */
 409:Generated_Source\PSoC4/CAN_INT.c ****         CAN_INT_SR_REG = CAN_RX_MESSAGE_MASK;
  73              		.loc 1 409 0
  74 0002 8022     		movs	r2, #128
  75 0004 5201     		lsls	r2, r2, #5
  76 0006 164B     		ldr	r3, .L12
  77 0008 1A60     		str	r2, [r3]
  78              	.LVL2:
 406:Generated_Source\PSoC4/CAN_INT.c **** 
  79              		.loc 1 406 0
  80 000a 0125     		movs	r5, #1
 410:Generated_Source\PSoC4/CAN_INT.c **** 
 411:Generated_Source\PSoC4/CAN_INT.c ****         /* `#START MESSAGE_RECEIVE_ISR` */
 412:Generated_Source\PSoC4/CAN_INT.c **** 
 413:Generated_Source\PSoC4/CAN_INT.c ****         /* `#END` */
 414:Generated_Source\PSoC4/CAN_INT.c **** 
 415:Generated_Source\PSoC4/CAN_INT.c ****         #ifdef CAN_MSG_RX_ISR_CALLBACK
 416:Generated_Source\PSoC4/CAN_INT.c ****             CAN_MsgRXIsr_Callback();
 417:Generated_Source\PSoC4/CAN_INT.c ****         #endif /* CAN_MSG_RX_ISR_CALLBACK */
 418:Generated_Source\PSoC4/CAN_INT.c **** 
 419:Generated_Source\PSoC4/CAN_INT.c ****         for (mailboxNumber = 0u; mailboxNumber < CAN_NUMBER_OF_RX_MAILBOXES; mailboxNumber++)
  81              		.loc 1 419 0
  82 000c 0024     		movs	r4, #0
  83 000e 23E0     		b	.L5
  84              	.LVL3:
  85              	.L11:
 420:Generated_Source\PSoC4/CAN_INT.c ****         {
 421:Generated_Source\PSoC4/CAN_INT.c **** 
 422:Generated_Source\PSoC4/CAN_INT.c ****             if ((CAN_BUF_SR_REG & shift) != 0u)
  86              		.loc 1 422 0
  87 0010 144B     		ldr	r3, .L12+4
  88 0012 1B68     		ldr	r3, [r3]
  89 0014 2B42     		tst	r3, r5
  90 0016 1BD0     		beq	.L6
ARM GAS  C:\Users\HENRYA~1\AppData\Local\Temp\cclfzv7T.s 			page 10


 423:Generated_Source\PSoC4/CAN_INT.c ****             {
 424:Generated_Source\PSoC4/CAN_INT.c ****                 if ((CAN_RX_CMD_REG(mailboxNumber) & CAN_RX_INT_ENABLE_MASK) != 0u)
  91              		.loc 1 424 0
  92 0018 6301     		lsls	r3, r4, #5
  93 001a 134A     		ldr	r2, .L12+8
  94 001c 9446     		mov	ip, r2
  95 001e 6344     		add	r3, r3, ip
  96 0020 1B68     		ldr	r3, [r3]
  97 0022 9B06     		lsls	r3, r3, #26
  98 0024 14D5     		bpl	.L6
 425:Generated_Source\PSoC4/CAN_INT.c ****                 {
 426:Generated_Source\PSoC4/CAN_INT.c ****                     if ((CAN_RX_MAILBOX_TYPE & shift) != 0u)
  99              		.loc 1 426 0
 100 0026 6B07     		lsls	r3, r5, #29
 101 0028 0FD0     		beq	.L7
 427:Generated_Source\PSoC4/CAN_INT.c ****                     {
 428:Generated_Source\PSoC4/CAN_INT.c ****                         /* RX Full mailboxes handler */
 429:Generated_Source\PSoC4/CAN_INT.c ****                         switch(mailboxNumber)
 102              		.loc 1 429 0
 103 002a 012C     		cmp	r4, #1
 104 002c 07D0     		beq	.L8
 105 002e 002C     		cmp	r4, #0
 106 0030 02D0     		beq	.L9
 107 0032 022C     		cmp	r4, #2
 108 0034 06D0     		beq	.L10
 109 0036 0BE0     		b	.L6
 110              	.L9:
 430:Generated_Source\PSoC4/CAN_INT.c ****                         {
 431:Generated_Source\PSoC4/CAN_INT.c ****                             case 0u : CAN_ReceiveMsg0();
 111              		.loc 1 431 0
 112 0038 FFF7FEFF 		bl	CAN_ReceiveMsg0
 113              	.LVL4:
 432:Generated_Source\PSoC4/CAN_INT.c ****                             break;
 114              		.loc 1 432 0
 115 003c 08E0     		b	.L6
 116              	.L8:
 433:Generated_Source\PSoC4/CAN_INT.c ****                             case 1u : CAN_ReceiveMsg1();
 117              		.loc 1 433 0
 118 003e FFF7FEFF 		bl	CAN_ReceiveMsg1
 119              	.LVL5:
 434:Generated_Source\PSoC4/CAN_INT.c ****                             break;
 120              		.loc 1 434 0
 121 0042 05E0     		b	.L6
 122              	.L10:
 435:Generated_Source\PSoC4/CAN_INT.c ****                             case 2u : CAN_ReceiveMsg2();
 123              		.loc 1 435 0
 124 0044 FFF7FEFF 		bl	CAN_ReceiveMsg2
 125              	.LVL6:
 436:Generated_Source\PSoC4/CAN_INT.c ****                             break;
 126              		.loc 1 436 0
 127 0048 02E0     		b	.L6
 128              	.L7:
 437:Generated_Source\PSoC4/CAN_INT.c ****                             default:
 438:Generated_Source\PSoC4/CAN_INT.c ****                             break;
 439:Generated_Source\PSoC4/CAN_INT.c ****                         }
 440:Generated_Source\PSoC4/CAN_INT.c ****                     }
 441:Generated_Source\PSoC4/CAN_INT.c ****                     else
ARM GAS  C:\Users\HENRYA~1\AppData\Local\Temp\cclfzv7T.s 			page 11


 442:Generated_Source\PSoC4/CAN_INT.c ****                     {
 443:Generated_Source\PSoC4/CAN_INT.c ****                         /* RX Basic mailbox handler */
 444:Generated_Source\PSoC4/CAN_INT.c ****                         CAN_ReceiveMsg(mailboxNumber);
 129              		.loc 1 444 0
 130 004a 2000     		movs	r0, r4
 131 004c FFF7FEFF 		bl	CAN_ReceiveMsg
 132              	.LVL7:
 133              	.L6:
 445:Generated_Source\PSoC4/CAN_INT.c ****                     }
 446:Generated_Source\PSoC4/CAN_INT.c ****                 }
 447:Generated_Source\PSoC4/CAN_INT.c ****             }
 448:Generated_Source\PSoC4/CAN_INT.c ****             shift <<= 1u;
 134              		.loc 1 448 0 discriminator 2
 135 0050 6D00     		lsls	r5, r5, #1
 136              	.LVL8:
 137 0052 ADB2     		uxth	r5, r5
 138              	.LVL9:
 419:Generated_Source\PSoC4/CAN_INT.c ****         {
 139              		.loc 1 419 0 discriminator 2
 140 0054 0134     		adds	r4, r4, #1
 141              	.LVL10:
 142 0056 E4B2     		uxtb	r4, r4
 143              	.LVL11:
 144              	.L5:
 419:Generated_Source\PSoC4/CAN_INT.c ****         {
 145              		.loc 1 419 0 is_stmt 0 discriminator 1
 146 0058 0F2C     		cmp	r4, #15
 147 005a D9D9     		bls	.L11
 449:Generated_Source\PSoC4/CAN_INT.c ****         }
 450:Generated_Source\PSoC4/CAN_INT.c ****     }
 148              		.loc 1 450 0 is_stmt 1
 149              		@ sp needed
 150              	.LVL12:
 151              	.LVL13:
 152 005c 70BD     		pop	{r4, r5, r6, pc}
 153              	.L13:
 154 005e C046     		.align	2
 155              	.L12:
 156 0060 00002E40 		.word	1076756480
 157 0064 08002E40 		.word	1076756488
 158 0068 A0002E40 		.word	1076756640
 159              		.cfi_endproc
 160              	.LFE2:
 161              		.size	CAN_MsgRXIsr, .-CAN_MsgRXIsr
 162              		.section	.text.CAN_ISR,"ax",%progbits
 163              		.align	2
 164              		.global	CAN_ISR
 165              		.code	16
 166              		.thumb_func
 167              		.type	CAN_ISR, %function
 168              	CAN_ISR:
 169              	.LFB3:
 451:Generated_Source\PSoC4/CAN_INT.c **** #endif /* CAN_RX_MESSAGE */
 452:Generated_Source\PSoC4/CAN_INT.c **** 
 453:Generated_Source\PSoC4/CAN_INT.c **** 
 454:Generated_Source\PSoC4/CAN_INT.c **** #if (CAN_RTR_AUTO_MSG_SENT)
 455:Generated_Source\PSoC4/CAN_INT.c ****     /*******************************************************************************
ARM GAS  C:\Users\HENRYA~1\AppData\Local\Temp\cclfzv7T.s 			page 12


 456:Generated_Source\PSoC4/CAN_INT.c ****     * FUNCTION NAME:   CAN_RtrAutoMsgSentIsr
 457:Generated_Source\PSoC4/CAN_INT.c ****     ********************************************************************************
 458:Generated_Source\PSoC4/CAN_INT.c ****     *
 459:Generated_Source\PSoC4/CAN_INT.c ****     * Summary:
 460:Generated_Source\PSoC4/CAN_INT.c ****     *  This function is entry point to the RTR automatic message sent Interrupt.
 461:Generated_Source\PSoC4/CAN_INT.c ****     *  It is only generated if RTR message sent Interrupt is enabled in Customizer.
 462:Generated_Source\PSoC4/CAN_INT.c ****     *
 463:Generated_Source\PSoC4/CAN_INT.c ****     * Parameters:
 464:Generated_Source\PSoC4/CAN_INT.c ****     *  None.
 465:Generated_Source\PSoC4/CAN_INT.c ****     *
 466:Generated_Source\PSoC4/CAN_INT.c ****     * Return:
 467:Generated_Source\PSoC4/CAN_INT.c ****     *  None.
 468:Generated_Source\PSoC4/CAN_INT.c ****     *
 469:Generated_Source\PSoC4/CAN_INT.c ****     *******************************************************************************/
 470:Generated_Source\PSoC4/CAN_INT.c ****     void CAN_RtrAutoMsgSentIsr(void)
 471:Generated_Source\PSoC4/CAN_INT.c ****     {
 472:Generated_Source\PSoC4/CAN_INT.c ****         /* Clear RTR auto-reply message sent flag */
 473:Generated_Source\PSoC4/CAN_INT.c ****         CAN_INT_SR_REG = CAN_RTR_MSG_MASK;
 474:Generated_Source\PSoC4/CAN_INT.c **** 
 475:Generated_Source\PSoC4/CAN_INT.c ****         /* `#START RTR_AUTO_MSG_SENT_ISR` */
 476:Generated_Source\PSoC4/CAN_INT.c **** 
 477:Generated_Source\PSoC4/CAN_INT.c ****         /* `#END` */
 478:Generated_Source\PSoC4/CAN_INT.c **** 
 479:Generated_Source\PSoC4/CAN_INT.c ****         #ifdef CAN_RTR_AUTO_MSG_SENT_ISR_CALLBACK
 480:Generated_Source\PSoC4/CAN_INT.c ****             CAN_RtrAutoMsgSentIsr_Callback();
 481:Generated_Source\PSoC4/CAN_INT.c ****         #endif /* CAN_RTR_AUTO_MSG_SENT_ISR_CALLBACK */
 482:Generated_Source\PSoC4/CAN_INT.c ****     }
 483:Generated_Source\PSoC4/CAN_INT.c **** #endif /* CAN_RTR_AUTO_MSG_SENT */
 484:Generated_Source\PSoC4/CAN_INT.c **** 
 485:Generated_Source\PSoC4/CAN_INT.c **** 
 486:Generated_Source\PSoC4/CAN_INT.c **** #if (CAN_STUCK_AT_ZERO)
 487:Generated_Source\PSoC4/CAN_INT.c ****     /*******************************************************************************
 488:Generated_Source\PSoC4/CAN_INT.c ****     * FUNCTION NAME:   CAN_StuckAtZeroIsr
 489:Generated_Source\PSoC4/CAN_INT.c ****     ********************************************************************************
 490:Generated_Source\PSoC4/CAN_INT.c ****     *
 491:Generated_Source\PSoC4/CAN_INT.c ****     * Summary:
 492:Generated_Source\PSoC4/CAN_INT.c ****     *  This function is the entry point to the stuck at dominant bit Interrupt.
 493:Generated_Source\PSoC4/CAN_INT.c ****     *  It is only generated if stuck at zero Interrupt is enabled in Customizer.
 494:Generated_Source\PSoC4/CAN_INT.c ****     *  Enabling this interrupt is recommended.
 495:Generated_Source\PSoC4/CAN_INT.c ****     *
 496:Generated_Source\PSoC4/CAN_INT.c ****     * Parameters:
 497:Generated_Source\PSoC4/CAN_INT.c ****     *  None.
 498:Generated_Source\PSoC4/CAN_INT.c ****     *
 499:Generated_Source\PSoC4/CAN_INT.c ****     * Return:
 500:Generated_Source\PSoC4/CAN_INT.c ****     *  None.
 501:Generated_Source\PSoC4/CAN_INT.c ****     *
 502:Generated_Source\PSoC4/CAN_INT.c ****     * Side Effects:
 503:Generated_Source\PSoC4/CAN_INT.c ****     *  Stops CAN component operation.
 504:Generated_Source\PSoC4/CAN_INT.c ****     *
 505:Generated_Source\PSoC4/CAN_INT.c ****     *******************************************************************************/
 506:Generated_Source\PSoC4/CAN_INT.c ****     void CAN_StuckAtZeroIsr(void)
 507:Generated_Source\PSoC4/CAN_INT.c ****     {
 508:Generated_Source\PSoC4/CAN_INT.c ****         /* Clear Stuck at dominant error flag */
 509:Generated_Source\PSoC4/CAN_INT.c ****         CAN_INT_SR_REG = CAN_STUCK_AT_ZERO_MASK;
 510:Generated_Source\PSoC4/CAN_INT.c **** 
 511:Generated_Source\PSoC4/CAN_INT.c ****         /* `#START STUCK_AT_ZERO_ISR` */
 512:Generated_Source\PSoC4/CAN_INT.c **** 
ARM GAS  C:\Users\HENRYA~1\AppData\Local\Temp\cclfzv7T.s 			page 13


 513:Generated_Source\PSoC4/CAN_INT.c ****         /* `#END` */
 514:Generated_Source\PSoC4/CAN_INT.c **** 
 515:Generated_Source\PSoC4/CAN_INT.c ****         #ifdef CAN_STUCK_AT_ZERO_ISR_CALLBACK
 516:Generated_Source\PSoC4/CAN_INT.c ****             CAN_StuckAtZeroIsr_Callback();
 517:Generated_Source\PSoC4/CAN_INT.c ****         #endif /* CAN_STUCK_AT_ZERO_ISR_CALLBACK */
 518:Generated_Source\PSoC4/CAN_INT.c **** 
 519:Generated_Source\PSoC4/CAN_INT.c ****         (void) CAN_Stop();
 520:Generated_Source\PSoC4/CAN_INT.c ****     }
 521:Generated_Source\PSoC4/CAN_INT.c **** #endif /* CAN_STUCK_AT_ZERO */
 522:Generated_Source\PSoC4/CAN_INT.c **** 
 523:Generated_Source\PSoC4/CAN_INT.c **** 
 524:Generated_Source\PSoC4/CAN_INT.c **** #if (CAN_SST_FAILURE)
 525:Generated_Source\PSoC4/CAN_INT.c ****     /*******************************************************************************
 526:Generated_Source\PSoC4/CAN_INT.c ****     * FUNCTION NAME:   CAN_SSTErrorIsr
 527:Generated_Source\PSoC4/CAN_INT.c ****     ********************************************************************************
 528:Generated_Source\PSoC4/CAN_INT.c ****     *
 529:Generated_Source\PSoC4/CAN_INT.c ****     * Summary:
 530:Generated_Source\PSoC4/CAN_INT.c ****     *  This function is the entry point to the single shot transmission error
 531:Generated_Source\PSoC4/CAN_INT.c ****     *  Interrupt. It is only generated if the single shot transmission Interrupt
 532:Generated_Source\PSoC4/CAN_INT.c ****     *  is enabled in Customizer. Generated when the mailbox set for single shot
 533:Generated_Source\PSoC4/CAN_INT.c ****     *  transmission experienced an arbitration loss or a bus error during
 534:Generated_Source\PSoC4/CAN_INT.c ****     *  transmission.
 535:Generated_Source\PSoC4/CAN_INT.c ****     *
 536:Generated_Source\PSoC4/CAN_INT.c ****     * Parameters:
 537:Generated_Source\PSoC4/CAN_INT.c ****     *  None.
 538:Generated_Source\PSoC4/CAN_INT.c ****     *
 539:Generated_Source\PSoC4/CAN_INT.c ****     * Return:
 540:Generated_Source\PSoC4/CAN_INT.c ****     *  None.
 541:Generated_Source\PSoC4/CAN_INT.c ****     *
 542:Generated_Source\PSoC4/CAN_INT.c ****     * Side Effects:
 543:Generated_Source\PSoC4/CAN_INT.c ****     *  Removes message that failed SST transmission from the Tx mailbox.
 544:Generated_Source\PSoC4/CAN_INT.c ****     *
 545:Generated_Source\PSoC4/CAN_INT.c ****     *******************************************************************************/
 546:Generated_Source\PSoC4/CAN_INT.c ****     void CAN_SSTErrorIsr(void)
 547:Generated_Source\PSoC4/CAN_INT.c ****     {
 548:Generated_Source\PSoC4/CAN_INT.c ****         uint8 i;
 549:Generated_Source\PSoC4/CAN_INT.c **** 
 550:Generated_Source\PSoC4/CAN_INT.c ****         /* Clear Single shot transmission failure flag */
 551:Generated_Source\PSoC4/CAN_INT.c ****         CAN_INT_SR_REG = CAN_SST_FAILURE_MASK;
 552:Generated_Source\PSoC4/CAN_INT.c **** 
 553:Generated_Source\PSoC4/CAN_INT.c ****         /* `#START SST_FAILURE_ISR_PRE` */
 554:Generated_Source\PSoC4/CAN_INT.c **** 
 555:Generated_Source\PSoC4/CAN_INT.c ****         /* `#END` */
 556:Generated_Source\PSoC4/CAN_INT.c **** 
 557:Generated_Source\PSoC4/CAN_INT.c ****         #ifdef CAN_SST_ERROR_ISR_PRE_CALLBACK
 558:Generated_Source\PSoC4/CAN_INT.c ****             CAN_SSTErrorIsr_Pre_Callback();
 559:Generated_Source\PSoC4/CAN_INT.c ****         #endif /* CAN_SST_ERROR_ISR_PRE_CALLBACK */
 560:Generated_Source\PSoC4/CAN_INT.c **** 
 561:Generated_Source\PSoC4/CAN_INT.c ****         /* Removes message that failed SST transmission from the Tx mailbox */
 562:Generated_Source\PSoC4/CAN_INT.c ****         for (i = 0u; i < CAN_NUMBER_OF_TX_MAILBOXES; i++)
 563:Generated_Source\PSoC4/CAN_INT.c ****         {
 564:Generated_Source\PSoC4/CAN_INT.c ****             if ((CAN_TX_CMD_REG(i) & CAN_TX_ABORT_MASK) != 0u)
 565:Generated_Source\PSoC4/CAN_INT.c ****             {
 566:Generated_Source\PSoC4/CAN_INT.c ****                 CAN_TX_CMD_REG(i) = (CAN_TX_CMD_REG(i) & (uint32) (~(uint32) CAN_TX_TRANSMIT_REQUES
 567:Generated_Source\PSoC4/CAN_INT.c ****                                     CAN_TX_ABORT_MASK;
 568:Generated_Source\PSoC4/CAN_INT.c ****             }
 569:Generated_Source\PSoC4/CAN_INT.c ****         }
ARM GAS  C:\Users\HENRYA~1\AppData\Local\Temp\cclfzv7T.s 			page 14


 570:Generated_Source\PSoC4/CAN_INT.c **** 
 571:Generated_Source\PSoC4/CAN_INT.c ****         /* `#START SST_FAILURE_ISR_POST` */
 572:Generated_Source\PSoC4/CAN_INT.c **** 
 573:Generated_Source\PSoC4/CAN_INT.c ****         /* `#END` */
 574:Generated_Source\PSoC4/CAN_INT.c **** 
 575:Generated_Source\PSoC4/CAN_INT.c ****         #ifdef CAN_SST_ERROR_ISR_POST_CALLBACK
 576:Generated_Source\PSoC4/CAN_INT.c ****             CAN_SSTErrorIsr_Post_Callback();
 577:Generated_Source\PSoC4/CAN_INT.c ****         #endif /* CAN_SST_ERROR_ISR_POST_CALLBACK */
 578:Generated_Source\PSoC4/CAN_INT.c ****     }
 579:Generated_Source\PSoC4/CAN_INT.c **** #endif /* CAN_SST_FAILURE */
 580:Generated_Source\PSoC4/CAN_INT.c **** 
 581:Generated_Source\PSoC4/CAN_INT.c **** 
 582:Generated_Source\PSoC4/CAN_INT.c **** /*******************************************************************************
 583:Generated_Source\PSoC4/CAN_INT.c **** * Function Name: CAN_ISR
 584:Generated_Source\PSoC4/CAN_INT.c **** ********************************************************************************
 585:Generated_Source\PSoC4/CAN_INT.c **** *
 586:Generated_Source\PSoC4/CAN_INT.c **** * Summary:
 587:Generated_Source\PSoC4/CAN_INT.c **** *  This ISR is executed when CAN Core generates and interrupt on one of events:
 588:Generated_Source\PSoC4/CAN_INT.c **** *  Arb_lost, Overload, Bit_err, Stuff_err, Ack_err, Form_err, Crc_err,
 589:Generated_Source\PSoC4/CAN_INT.c **** *  Buss_off, Rx_msg_lost, Tx_msg or Rx_msg. The interrupt sources depends
 590:Generated_Source\PSoC4/CAN_INT.c **** *  on the Customizer inputs.
 591:Generated_Source\PSoC4/CAN_INT.c **** *
 592:Generated_Source\PSoC4/CAN_INT.c **** * Parameters:
 593:Generated_Source\PSoC4/CAN_INT.c **** *  None.
 594:Generated_Source\PSoC4/CAN_INT.c **** *
 595:Generated_Source\PSoC4/CAN_INT.c **** * Return:
 596:Generated_Source\PSoC4/CAN_INT.c **** *  None.
 597:Generated_Source\PSoC4/CAN_INT.c **** *
 598:Generated_Source\PSoC4/CAN_INT.c **** *******************************************************************************/
 599:Generated_Source\PSoC4/CAN_INT.c **** CY_ISR(CAN_ISR)
 600:Generated_Source\PSoC4/CAN_INT.c **** {
 170              		.loc 1 600 0
 171              		.cfi_startproc
 172              		@ args = 0, pretend = 0, frame = 0
 173              		@ frame_needed = 0, uses_anonymous_args = 0
 174 0000 10B5     		push	{r4, lr}
 175              		.cfi_def_cfa_offset 8
 176              		.cfi_offset 4, -8
 177              		.cfi_offset 14, -4
 601:Generated_Source\PSoC4/CAN_INT.c ****     #ifdef CAN_ISR_INTERRUPT_CALLBACK
 602:Generated_Source\PSoC4/CAN_INT.c ****         CAN_ISR_InterruptCallback();
 603:Generated_Source\PSoC4/CAN_INT.c ****     #endif /* CAN_ISR_INTERRUPT_CALLBACK */
 604:Generated_Source\PSoC4/CAN_INT.c ****     
 605:Generated_Source\PSoC4/CAN_INT.c ****     /* Place your Interrupt code here. */
 606:Generated_Source\PSoC4/CAN_INT.c ****     /* `#START CAN_ISR` */
 607:Generated_Source\PSoC4/CAN_INT.c **** 
 608:Generated_Source\PSoC4/CAN_INT.c ****     /* `#END` */
 609:Generated_Source\PSoC4/CAN_INT.c ****     
 610:Generated_Source\PSoC4/CAN_INT.c ****     /* Arbitration */
 611:Generated_Source\PSoC4/CAN_INT.c ****     #if (CAN_ARB_LOST && (CAN_ARB_LOST_USE_HELPER || \
 612:Generated_Source\PSoC4/CAN_INT.c ****         (!CAN_ADVANCED_INTERRUPT_CFG)))
 613:Generated_Source\PSoC4/CAN_INT.c ****         if ((CAN_INT_SR_REG & CAN_ARBITRATION_LOST_MASK) != 0u)
 614:Generated_Source\PSoC4/CAN_INT.c ****         {
 615:Generated_Source\PSoC4/CAN_INT.c ****             CAN_ArbLostIsr();
 616:Generated_Source\PSoC4/CAN_INT.c ****         }
 617:Generated_Source\PSoC4/CAN_INT.c ****     #endif /* CAN_ARB_LOST && CAN_ARB_LOST_USE_HELPER */
 618:Generated_Source\PSoC4/CAN_INT.c **** 
ARM GAS  C:\Users\HENRYA~1\AppData\Local\Temp\cclfzv7T.s 			page 15


 619:Generated_Source\PSoC4/CAN_INT.c ****     /* Overload Error */
 620:Generated_Source\PSoC4/CAN_INT.c ****     #if (CAN_OVERLOAD && (CAN_OVERLOAD_USE_HELPER || \
 621:Generated_Source\PSoC4/CAN_INT.c ****         (!CAN_ADVANCED_INTERRUPT_CFG)))
 622:Generated_Source\PSoC4/CAN_INT.c ****         if ((CAN_INT_SR_REG & CAN_OVERLOAD_ERROR_MASK) != 0u)
 623:Generated_Source\PSoC4/CAN_INT.c ****         {
 624:Generated_Source\PSoC4/CAN_INT.c ****             CAN_OvrLdErrorIsr();
 625:Generated_Source\PSoC4/CAN_INT.c ****         }
 626:Generated_Source\PSoC4/CAN_INT.c ****     #endif /* CAN_OVERLOAD && CAN_OVERLOAD_USE_HELPER */
 627:Generated_Source\PSoC4/CAN_INT.c **** 
 628:Generated_Source\PSoC4/CAN_INT.c ****     /* Bit Error */
 629:Generated_Source\PSoC4/CAN_INT.c ****     #if (CAN_BIT_ERR && (CAN_BIT_ERR_USE_HELPER || \
 630:Generated_Source\PSoC4/CAN_INT.c ****         (!CAN_ADVANCED_INTERRUPT_CFG)))
 631:Generated_Source\PSoC4/CAN_INT.c ****         if ((CAN_INT_SR_REG & CAN_BIT_ERROR_MASK) != 0u)
 632:Generated_Source\PSoC4/CAN_INT.c ****         {
 633:Generated_Source\PSoC4/CAN_INT.c ****             CAN_BitErrorIsr();
 634:Generated_Source\PSoC4/CAN_INT.c ****         }
 635:Generated_Source\PSoC4/CAN_INT.c ****     #endif /* CAN_BIT_ERR && CAN_BIT_ERR_USE_HELPER */
 636:Generated_Source\PSoC4/CAN_INT.c **** 
 637:Generated_Source\PSoC4/CAN_INT.c ****     /* Bit Staff Error */
 638:Generated_Source\PSoC4/CAN_INT.c ****     #if (CAN_STUFF_ERR && (CAN_STUFF_ERR_USE_HELPER || \
 639:Generated_Source\PSoC4/CAN_INT.c ****         (!CAN_ADVANCED_INTERRUPT_CFG)))
 640:Generated_Source\PSoC4/CAN_INT.c ****         if ((CAN_INT_SR_REG & CAN_STUFF_ERROR_MASK) != 0u)
 641:Generated_Source\PSoC4/CAN_INT.c ****         {
 642:Generated_Source\PSoC4/CAN_INT.c ****             CAN_BitStuffErrorIsr();
 643:Generated_Source\PSoC4/CAN_INT.c ****         }
 644:Generated_Source\PSoC4/CAN_INT.c ****     #endif /* CAN_STUFF_ERR && CAN_STUFF_ERR_USE_HELPER */
 645:Generated_Source\PSoC4/CAN_INT.c **** 
 646:Generated_Source\PSoC4/CAN_INT.c ****     /* ACK Error */
 647:Generated_Source\PSoC4/CAN_INT.c ****     #if (CAN_ACK_ERR && (CAN_ACK_ERR_USE_HELPER || \
 648:Generated_Source\PSoC4/CAN_INT.c ****         (!CAN_ADVANCED_INTERRUPT_CFG)))
 649:Generated_Source\PSoC4/CAN_INT.c ****         if ((CAN_INT_SR_REG & CAN_ACK_ERROR_MASK) != 0u)
 650:Generated_Source\PSoC4/CAN_INT.c ****         {
 651:Generated_Source\PSoC4/CAN_INT.c ****             CAN_AckErrorIsr();
 652:Generated_Source\PSoC4/CAN_INT.c ****         }
 653:Generated_Source\PSoC4/CAN_INT.c ****     #endif /* CAN_ACK_ERR && CAN_ACK_ERR_USE_HELPER */
 654:Generated_Source\PSoC4/CAN_INT.c **** 
 655:Generated_Source\PSoC4/CAN_INT.c ****     /* Form(msg) Error */
 656:Generated_Source\PSoC4/CAN_INT.c ****     #if (CAN_FORM_ERR && (CAN_FORM_ERR_USE_HELPER || \
 657:Generated_Source\PSoC4/CAN_INT.c ****         (!CAN_ADVANCED_INTERRUPT_CFG)))
 658:Generated_Source\PSoC4/CAN_INT.c ****         if ((CAN_INT_SR_REG & CAN_FORM_ERROR_MASK) != 0u)
 659:Generated_Source\PSoC4/CAN_INT.c ****         {
 660:Generated_Source\PSoC4/CAN_INT.c ****             CAN_MsgErrorIsr();
 661:Generated_Source\PSoC4/CAN_INT.c ****         }
 662:Generated_Source\PSoC4/CAN_INT.c ****     #endif /* CAN_FORM_ERR && CAN_FORM_ERR_USE_HELPER */
 663:Generated_Source\PSoC4/CAN_INT.c **** 
 664:Generated_Source\PSoC4/CAN_INT.c ****     /* CRC Error */
 665:Generated_Source\PSoC4/CAN_INT.c ****     #if (CAN_CRC_ERR && (CAN_CRC_ERR_USE_HELPER || \
 666:Generated_Source\PSoC4/CAN_INT.c ****         (!CAN_ADVANCED_INTERRUPT_CFG)))
 667:Generated_Source\PSoC4/CAN_INT.c ****         if ((CAN_INT_SR_REG & CAN_CRC_ERROR_MASK) != 0u)
 668:Generated_Source\PSoC4/CAN_INT.c ****         {
 669:Generated_Source\PSoC4/CAN_INT.c ****             CAN_CrcErrorIsr();
 670:Generated_Source\PSoC4/CAN_INT.c ****         }
 671:Generated_Source\PSoC4/CAN_INT.c ****     #endif /* CAN_CRC_ERR && CAN_CRC_ERR_USE_HELPER */
 672:Generated_Source\PSoC4/CAN_INT.c **** 
 673:Generated_Source\PSoC4/CAN_INT.c ****     /* Bus Off state */
 674:Generated_Source\PSoC4/CAN_INT.c ****     #if (CAN_BUS_OFF && (CAN_BUS_OFF_USE_HELPER || \
 675:Generated_Source\PSoC4/CAN_INT.c ****         (!CAN_ADVANCED_INTERRUPT_CFG)))
ARM GAS  C:\Users\HENRYA~1\AppData\Local\Temp\cclfzv7T.s 			page 16


 676:Generated_Source\PSoC4/CAN_INT.c ****         if ((CAN_INT_SR_REG & CAN_BUS_OFF_MASK) != 0u)
 178              		.loc 1 676 0
 179 0002 064B     		ldr	r3, .L17
 180 0004 1B68     		ldr	r3, [r3]
 181 0006 9B05     		lsls	r3, r3, #22
 182 0008 01D5     		bpl	.L15
 677:Generated_Source\PSoC4/CAN_INT.c ****         {
 678:Generated_Source\PSoC4/CAN_INT.c ****             CAN_BusOffIsr();
 183              		.loc 1 678 0
 184 000a FFF7FEFF 		bl	CAN_BusOffIsr
 185              	.LVL14:
 186              	.L15:
 679:Generated_Source\PSoC4/CAN_INT.c ****         }
 680:Generated_Source\PSoC4/CAN_INT.c ****     #endif /* CAN_BUS_OFF && CAN_BUS_OFF_USE_HELPER */
 681:Generated_Source\PSoC4/CAN_INT.c **** 
 682:Generated_Source\PSoC4/CAN_INT.c ****     /* Message Lost */
 683:Generated_Source\PSoC4/CAN_INT.c ****     #if (CAN_RX_MSG_LOST && (CAN_RX_MSG_LOST_USE_HELPER || \
 684:Generated_Source\PSoC4/CAN_INT.c ****         (!CAN_ADVANCED_INTERRUPT_CFG)))
 685:Generated_Source\PSoC4/CAN_INT.c ****         if ((CAN_INT_SR_REG & CAN_RX_MSG_LOST_MASK) != 0u)
 686:Generated_Source\PSoC4/CAN_INT.c ****         {
 687:Generated_Source\PSoC4/CAN_INT.c ****             CAN_MsgLostIsr();
 688:Generated_Source\PSoC4/CAN_INT.c ****         }
 689:Generated_Source\PSoC4/CAN_INT.c ****     #endif /* CAN_RX_MSG_LOST && CAN_RX_MSG_LOST_USE_HELPER */
 690:Generated_Source\PSoC4/CAN_INT.c **** 
 691:Generated_Source\PSoC4/CAN_INT.c ****     /* TX Message Send */
 692:Generated_Source\PSoC4/CAN_INT.c ****     #if (CAN_TX_MESSAGE && (CAN_TX_MESSAGE_USE_HELPER || \
 693:Generated_Source\PSoC4/CAN_INT.c ****         (!CAN_ADVANCED_INTERRUPT_CFG)))
 694:Generated_Source\PSoC4/CAN_INT.c ****         if ((CAN_INT_SR_REG & CAN_TX_MESSAGE_MASK) != 0u)
 695:Generated_Source\PSoC4/CAN_INT.c ****         {
 696:Generated_Source\PSoC4/CAN_INT.c ****             CAN_MsgTXIsr();
 697:Generated_Source\PSoC4/CAN_INT.c ****         }
 698:Generated_Source\PSoC4/CAN_INT.c ****     #endif /* CAN_TX_MESSAGE && CAN_TX_MESSAGE_USE_HELPER */
 699:Generated_Source\PSoC4/CAN_INT.c **** 
 700:Generated_Source\PSoC4/CAN_INT.c ****     /* RX Message Available */
 701:Generated_Source\PSoC4/CAN_INT.c ****     #if (CAN_RX_MESSAGE && (CAN_RX_MESSAGE_USE_HELPER || \
 702:Generated_Source\PSoC4/CAN_INT.c ****         (!CAN_ADVANCED_INTERRUPT_CFG)))
 703:Generated_Source\PSoC4/CAN_INT.c ****         if ((CAN_INT_SR_REG & CAN_RX_MESSAGE_MASK) != 0u)
 187              		.loc 1 703 0
 188 000e 034B     		ldr	r3, .L17
 189 0010 1B68     		ldr	r3, [r3]
 190 0012 DB04     		lsls	r3, r3, #19
 191 0014 01D5     		bpl	.L14
 704:Generated_Source\PSoC4/CAN_INT.c ****         {
 705:Generated_Source\PSoC4/CAN_INT.c ****             CAN_MsgRXIsr();
 192              		.loc 1 705 0
 193 0016 FFF7FEFF 		bl	CAN_MsgRXIsr
 194              	.LVL15:
 195              	.L14:
 706:Generated_Source\PSoC4/CAN_INT.c ****         }
 707:Generated_Source\PSoC4/CAN_INT.c ****     #endif /* CAN_RX_MESSAGE && CAN_RX_MESSAGE_USE_HELPER */
 708:Generated_Source\PSoC4/CAN_INT.c **** 
 709:Generated_Source\PSoC4/CAN_INT.c ****     /* RTR Auto-reply Message Sent */
 710:Generated_Source\PSoC4/CAN_INT.c ****     #if (CAN_RTR_AUTO_MSG_SENT && (CAN_RTR_MESSAGE_USE_HELPER || \
 711:Generated_Source\PSoC4/CAN_INT.c ****         (!CAN_ADVANCED_INTERRUPT_CFG)))
 712:Generated_Source\PSoC4/CAN_INT.c ****         if ((CAN_INT_SR_REG & CAN_RTR_MSG_MASK) != 0u)
 713:Generated_Source\PSoC4/CAN_INT.c ****         {
 714:Generated_Source\PSoC4/CAN_INT.c ****             CAN_RtrAutoMsgSentIsr();
ARM GAS  C:\Users\HENRYA~1\AppData\Local\Temp\cclfzv7T.s 			page 17


 715:Generated_Source\PSoC4/CAN_INT.c ****         }
 716:Generated_Source\PSoC4/CAN_INT.c ****     #endif /* CAN_RTR_AUTO_MSG_SENT && CAN_RTR_MESSAGE_USE_HELPER */
 717:Generated_Source\PSoC4/CAN_INT.c **** 
 718:Generated_Source\PSoC4/CAN_INT.c ****     /* Stuck at dominant error */
 719:Generated_Source\PSoC4/CAN_INT.c ****     #if (CAN_STUCK_AT_ZERO && (CAN_STUCK_AT_ZERO_USE_HELPER || \
 720:Generated_Source\PSoC4/CAN_INT.c ****         (!CAN_ADVANCED_INTERRUPT_CFG)))
 721:Generated_Source\PSoC4/CAN_INT.c ****         if ((CAN_INT_SR_REG & CAN_STUCK_AT_ZERO_MASK) != 0u)
 722:Generated_Source\PSoC4/CAN_INT.c ****         {
 723:Generated_Source\PSoC4/CAN_INT.c ****             CAN_StuckAtZeroIsr();
 724:Generated_Source\PSoC4/CAN_INT.c ****         }
 725:Generated_Source\PSoC4/CAN_INT.c ****     #endif /* CAN_STUCK_AT_ZERO && CAN_STUCK_AT_ZERO_USE_HELPER */
 726:Generated_Source\PSoC4/CAN_INT.c **** 
 727:Generated_Source\PSoC4/CAN_INT.c ****     /* Single shot transmission failure */
 728:Generated_Source\PSoC4/CAN_INT.c ****     #if (CAN_SST_FAILURE && (CAN_SST_FAILURE_USE_HELPER || \
 729:Generated_Source\PSoC4/CAN_INT.c ****         (!CAN_ADVANCED_INTERRUPT_CFG)))
 730:Generated_Source\PSoC4/CAN_INT.c ****         if ((CAN_INT_SR_REG & CAN_SST_FAILURE_MASK) != 0u)
 731:Generated_Source\PSoC4/CAN_INT.c ****         {
 732:Generated_Source\PSoC4/CAN_INT.c ****             CAN_SSTErrorIsr();
 733:Generated_Source\PSoC4/CAN_INT.c ****         }
 734:Generated_Source\PSoC4/CAN_INT.c ****     #endif /* CAN_SST_FAILURE && CAN_SST_FAILURE_USE_HELPER */
 735:Generated_Source\PSoC4/CAN_INT.c **** }
 196              		.loc 1 735 0
 197              		@ sp needed
 198 001a 10BD     		pop	{r4, pc}
 199              	.L18:
 200              		.align	2
 201              	.L17:
 202 001c 00002E40 		.word	1076756480
 203              		.cfi_endproc
 204              	.LFE3:
 205              		.size	CAN_ISR, .-CAN_ISR
 206              		.text
 207              	.Letext0:
 208              		.file 2 "Generated_Source\\PSoC4\\cytypes.h"
 209              		.file 3 "Generated_Source\\PSoC4\\CAN.h"
 210              		.section	.debug_info,"",%progbits
 211              	.Ldebug_info0:
 212 0000 89020000 		.4byte	0x289
 213 0004 0400     		.2byte	0x4
 214 0006 00000000 		.4byte	.Ldebug_abbrev0
 215 000a 04       		.byte	0x4
 216 000b 01       		.uleb128 0x1
 217 000c AD010000 		.4byte	.LASF40
 218 0010 0C       		.byte	0xc
 219 0011 15000000 		.4byte	.LASF41
 220 0015 68000000 		.4byte	.LASF42
 221 0019 00000000 		.4byte	.Ldebug_ranges0+0
 222 001d 00000000 		.4byte	0
 223 0021 00000000 		.4byte	.Ldebug_line0
 224 0025 02       		.uleb128 0x2
 225 0026 01       		.byte	0x1
 226 0027 06       		.byte	0x6
 227 0028 9F020000 		.4byte	.LASF0
 228 002c 02       		.uleb128 0x2
 229 002d 01       		.byte	0x1
 230 002e 08       		.byte	0x8
 231 002f EA000000 		.4byte	.LASF1
ARM GAS  C:\Users\HENRYA~1\AppData\Local\Temp\cclfzv7T.s 			page 18


 232 0033 02       		.uleb128 0x2
 233 0034 02       		.byte	0x2
 234 0035 05       		.byte	0x5
 235 0036 74020000 		.4byte	.LASF2
 236 003a 02       		.uleb128 0x2
 237 003b 02       		.byte	0x2
 238 003c 07       		.byte	0x7
 239 003d 55000000 		.4byte	.LASF3
 240 0041 02       		.uleb128 0x2
 241 0042 04       		.byte	0x4
 242 0043 05       		.byte	0x5
 243 0044 84020000 		.4byte	.LASF4
 244 0048 02       		.uleb128 0x2
 245 0049 04       		.byte	0x4
 246 004a 07       		.byte	0x7
 247 004b 08010000 		.4byte	.LASF5
 248 004f 02       		.uleb128 0x2
 249 0050 08       		.byte	0x8
 250 0051 05       		.byte	0x5
 251 0052 58020000 		.4byte	.LASF6
 252 0056 02       		.uleb128 0x2
 253 0057 08       		.byte	0x8
 254 0058 07       		.byte	0x7
 255 0059 88010000 		.4byte	.LASF7
 256 005d 03       		.uleb128 0x3
 257 005e 04       		.byte	0x4
 258 005f 05       		.byte	0x5
 259 0060 696E7400 		.ascii	"int\000"
 260 0064 02       		.uleb128 0x2
 261 0065 04       		.byte	0x4
 262 0066 07       		.byte	0x7
 263 0067 7B010000 		.4byte	.LASF8
 264 006b 04       		.uleb128 0x4
 265 006c 1A010000 		.4byte	.LASF9
 266 0070 02       		.byte	0x2
 267 0071 9801     		.2byte	0x198
 268 0073 2C000000 		.4byte	0x2c
 269 0077 04       		.uleb128 0x4
 270 0078 3D010000 		.4byte	.LASF10
 271 007c 02       		.byte	0x2
 272 007d 9901     		.2byte	0x199
 273 007f 3A000000 		.4byte	0x3a
 274 0083 04       		.uleb128 0x4
 275 0084 44010000 		.4byte	.LASF11
 276 0088 02       		.byte	0x2
 277 0089 9A01     		.2byte	0x19a
 278 008b 48000000 		.4byte	0x48
 279 008f 02       		.uleb128 0x2
 280 0090 04       		.byte	0x4
 281 0091 04       		.byte	0x4
 282 0092 E4000000 		.4byte	.LASF12
 283 0096 02       		.uleb128 0x2
 284 0097 08       		.byte	0x8
 285 0098 04       		.byte	0x4
 286 0099 28010000 		.4byte	.LASF13
 287 009d 02       		.uleb128 0x2
 288 009e 01       		.byte	0x1
ARM GAS  C:\Users\HENRYA~1\AppData\Local\Temp\cclfzv7T.s 			page 19


 289 009f 08       		.byte	0x8
 290 00a0 66020000 		.4byte	.LASF14
 291 00a4 04       		.uleb128 0x4
 292 00a5 FD000000 		.4byte	.LASF15
 293 00a9 02       		.byte	0x2
 294 00aa 4202     		.2byte	0x242
 295 00ac B0000000 		.4byte	0xb0
 296 00b0 05       		.uleb128 0x5
 297 00b1 6B000000 		.4byte	0x6b
 298 00b5 04       		.uleb128 0x4
 299 00b6 8D020000 		.4byte	.LASF16
 300 00ba 02       		.byte	0x2
 301 00bb 4402     		.2byte	0x244
 302 00bd C1000000 		.4byte	0xc1
 303 00c1 05       		.uleb128 0x5
 304 00c2 83000000 		.4byte	0x83
 305 00c6 02       		.uleb128 0x2
 306 00c7 08       		.byte	0x8
 307 00c8 04       		.byte	0x4
 308 00c9 93020000 		.4byte	.LASF17
 309 00cd 02       		.uleb128 0x2
 310 00ce 04       		.byte	0x4
 311 00cf 07       		.byte	0x7
 312 00d0 48020000 		.4byte	.LASF18
 313 00d4 06       		.uleb128 0x6
 314 00d5 08       		.byte	0x8
 315 00d6 03       		.byte	0x3
 316 00d7 75       		.byte	0x75
 317 00d8 E9000000 		.4byte	0xe9
 318 00dc 07       		.uleb128 0x7
 319 00dd D1000000 		.4byte	.LASF20
 320 00e1 03       		.byte	0x3
 321 00e2 77       		.byte	0x77
 322 00e3 F9000000 		.4byte	0xf9
 323 00e7 00       		.byte	0
 324 00e8 00       		.byte	0
 325 00e9 08       		.uleb128 0x8
 326 00ea A4000000 		.4byte	0xa4
 327 00ee F9000000 		.4byte	0xf9
 328 00f2 09       		.uleb128 0x9
 329 00f3 CD000000 		.4byte	0xcd
 330 00f7 07       		.byte	0x7
 331 00f8 00       		.byte	0
 332 00f9 05       		.uleb128 0x5
 333 00fa E9000000 		.4byte	0xe9
 334 00fe 0A       		.uleb128 0xa
 335 00ff 06000000 		.4byte	.LASF19
 336 0103 03       		.byte	0x3
 337 0104 78       		.byte	0x78
 338 0105 D4000000 		.4byte	0xd4
 339 0109 06       		.uleb128 0x6
 340 010a 04       		.byte	0x4
 341 010b 03       		.byte	0x3
 342 010c 7B       		.byte	0x7b
 343 010d 1E010000 		.4byte	0x11e
 344 0111 07       		.uleb128 0x7
 345 0112 D1000000 		.4byte	.LASF20
ARM GAS  C:\Users\HENRYA~1\AppData\Local\Temp\cclfzv7T.s 			page 20


 346 0116 03       		.byte	0x3
 347 0117 7D       		.byte	0x7d
 348 0118 2E010000 		.4byte	0x12e
 349 011c 00       		.byte	0
 350 011d 00       		.byte	0
 351 011e 08       		.uleb128 0x8
 352 011f A4000000 		.4byte	0xa4
 353 0123 2E010000 		.4byte	0x12e
 354 0127 09       		.uleb128 0x9
 355 0128 CD000000 		.4byte	0xcd
 356 012c 03       		.byte	0x3
 357 012d 00       		.byte	0
 358 012e 05       		.uleb128 0x5
 359 012f 1E010000 		.4byte	0x11e
 360 0133 0A       		.uleb128 0xa
 361 0134 4A000000 		.4byte	.LASF21
 362 0138 03       		.byte	0x3
 363 0139 7E       		.byte	0x7e
 364 013a 09010000 		.4byte	0x109
 365 013e 06       		.uleb128 0x6
 366 013f 20       		.byte	0x20
 367 0140 03       		.byte	0x3
 368 0141 A0       		.byte	0xa0
 369 0142 9B010000 		.4byte	0x19b
 370 0146 07       		.uleb128 0x7
 371 0147 02010000 		.4byte	.LASF22
 372 014b 03       		.byte	0x3
 373 014c A2       		.byte	0xa2
 374 014d 33010000 		.4byte	0x133
 375 0151 00       		.byte	0
 376 0152 07       		.uleb128 0x7
 377 0153 F8000000 		.4byte	.LASF23
 378 0157 03       		.byte	0x3
 379 0158 A3       		.byte	0xa3
 380 0159 33010000 		.4byte	0x133
 381 015d 04       		.byte	0x4
 382 015e 07       		.uleb128 0x7
 383 015f D6000000 		.4byte	.LASF24
 384 0163 03       		.byte	0x3
 385 0164 A4       		.byte	0xa4
 386 0165 FE000000 		.4byte	0xfe
 387 0169 08       		.byte	0x8
 388 016a 07       		.uleb128 0x7
 389 016b 36000000 		.4byte	.LASF25
 390 016f 03       		.byte	0x3
 391 0170 A5       		.byte	0xa5
 392 0171 33010000 		.4byte	0x133
 393 0175 10       		.byte	0x10
 394 0176 07       		.uleb128 0x7
 395 0177 7E020000 		.4byte	.LASF26
 396 017b 03       		.byte	0x3
 397 017c A6       		.byte	0xa6
 398 017d 33010000 		.4byte	0x133
 399 0181 14       		.byte	0x14
 400 0182 07       		.uleb128 0x7
 401 0183 51020000 		.4byte	.LASF27
 402 0187 03       		.byte	0x3
ARM GAS  C:\Users\HENRYA~1\AppData\Local\Temp\cclfzv7T.s 			page 21


 403 0188 A7       		.byte	0xa7
 404 0189 33010000 		.4byte	0x133
 405 018d 18       		.byte	0x18
 406 018e 07       		.uleb128 0x7
 407 018f DD000000 		.4byte	.LASF28
 408 0193 03       		.byte	0x3
 409 0194 A8       		.byte	0xa8
 410 0195 33010000 		.4byte	0x133
 411 0199 1C       		.byte	0x1c
 412 019a 00       		.byte	0
 413 019b 0A       		.uleb128 0xa
 414 019c 9F010000 		.4byte	.LASF29
 415 01a0 03       		.byte	0x3
 416 01a1 A9       		.byte	0xa9
 417 01a2 3E010000 		.4byte	0x13e
 418 01a6 0B       		.uleb128 0xb
 419 01a7 2F010000 		.4byte	.LASF30
 420 01ab 01       		.byte	0x1
 421 01ac 2801     		.2byte	0x128
 422 01ae 00000000 		.4byte	.LFB1
 423 01b2 14000000 		.4byte	.LFE1-.LFB1
 424 01b6 01       		.uleb128 0x1
 425 01b7 9C       		.byte	0x9c
 426 01b8 C6010000 		.4byte	0x1c6
 427 01bc 0C       		.uleb128 0xc
 428 01bd 0E000000 		.4byte	.LVL0
 429 01c1 51020000 		.4byte	0x251
 430 01c5 00       		.byte	0
 431 01c6 0B       		.uleb128 0xb
 432 01c7 3B020000 		.4byte	.LASF31
 433 01cb 01       		.byte	0x1
 434 01cc 9301     		.2byte	0x193
 435 01ce 00000000 		.4byte	.LFB2
 436 01d2 6C000000 		.4byte	.LFE2-.LFB2
 437 01d6 01       		.uleb128 0x1
 438 01d7 9C       		.byte	0x9c
 439 01d8 28020000 		.4byte	0x228
 440 01dc 0D       		.uleb128 0xd
 441 01dd 3C000000 		.4byte	.LASF32
 442 01e1 01       		.byte	0x1
 443 01e2 9501     		.2byte	0x195
 444 01e4 6B000000 		.4byte	0x6b
 445 01e8 00000000 		.4byte	.LLST0
 446 01ec 0D       		.uleb128 0xd
 447 01ed 00000000 		.4byte	.LASF33
 448 01f1 01       		.byte	0x1
 449 01f2 9601     		.2byte	0x196
 450 01f4 77000000 		.4byte	0x77
 451 01f8 2A000000 		.4byte	.LLST1
 452 01fc 0C       		.uleb128 0xc
 453 01fd 3C000000 		.4byte	.LVL4
 454 0201 5C020000 		.4byte	0x25c
 455 0205 0C       		.uleb128 0xc
 456 0206 42000000 		.4byte	.LVL5
 457 020a 68020000 		.4byte	0x268
 458 020e 0C       		.uleb128 0xc
 459 020f 48000000 		.4byte	.LVL6
ARM GAS  C:\Users\HENRYA~1\AppData\Local\Temp\cclfzv7T.s 			page 22


 460 0213 74020000 		.4byte	0x274
 461 0217 0E       		.uleb128 0xe
 462 0218 50000000 		.4byte	.LVL7
 463 021c 80020000 		.4byte	0x280
 464 0220 0F       		.uleb128 0xf
 465 0221 01       		.uleb128 0x1
 466 0222 50       		.byte	0x50
 467 0223 02       		.uleb128 0x2
 468 0224 74       		.byte	0x74
 469 0225 00       		.sleb128 0
 470 0226 00       		.byte	0
 471 0227 00       		.byte	0
 472 0228 0B       		.uleb128 0xb
 473 0229 20010000 		.4byte	.LASF34
 474 022d 01       		.byte	0x1
 475 022e 5702     		.2byte	0x257
 476 0230 00000000 		.4byte	.LFB3
 477 0234 20000000 		.4byte	.LFE3-.LFB3
 478 0238 01       		.uleb128 0x1
 479 0239 9C       		.byte	0x9c
 480 023a 51020000 		.4byte	0x251
 481 023e 0C       		.uleb128 0xc
 482 023f 0E000000 		.4byte	.LVL14
 483 0243 A6010000 		.4byte	0x1a6
 484 0247 0C       		.uleb128 0xc
 485 0248 1A000000 		.4byte	.LVL15
 486 024c C6010000 		.4byte	0x1c6
 487 0250 00       		.byte	0
 488 0251 10       		.uleb128 0x10
 489 0252 6B020000 		.4byte	.LASF35
 490 0256 6B020000 		.4byte	.LASF35
 491 025a 03       		.byte	0x3
 492 025b C6       		.byte	0xc6
 493 025c 11       		.uleb128 0x11
 494 025d 4B010000 		.4byte	.LASF36
 495 0261 4B010000 		.4byte	.LASF36
 496 0265 03       		.byte	0x3
 497 0266 3501     		.2byte	0x135
 498 0268 11       		.uleb128 0x11
 499 0269 5B010000 		.4byte	.LASF37
 500 026d 5B010000 		.4byte	.LASF37
 501 0271 03       		.byte	0x3
 502 0272 3801     		.2byte	0x138
 503 0274 11       		.uleb128 0x11
 504 0275 6B010000 		.4byte	.LASF38
 505 0279 6B010000 		.4byte	.LASF38
 506 027d 03       		.byte	0x3
 507 027e 3B01     		.2byte	0x13b
 508 0280 11       		.uleb128 0x11
 509 0281 AB020000 		.4byte	.LASF39
 510 0285 AB020000 		.4byte	.LASF39
 511 0289 03       		.byte	0x3
 512 028a 1A01     		.2byte	0x11a
 513 028c 00       		.byte	0
 514              		.section	.debug_abbrev,"",%progbits
 515              	.Ldebug_abbrev0:
 516 0000 01       		.uleb128 0x1
ARM GAS  C:\Users\HENRYA~1\AppData\Local\Temp\cclfzv7T.s 			page 23


 517 0001 11       		.uleb128 0x11
 518 0002 01       		.byte	0x1
 519 0003 25       		.uleb128 0x25
 520 0004 0E       		.uleb128 0xe
 521 0005 13       		.uleb128 0x13
 522 0006 0B       		.uleb128 0xb
 523 0007 03       		.uleb128 0x3
 524 0008 0E       		.uleb128 0xe
 525 0009 1B       		.uleb128 0x1b
 526 000a 0E       		.uleb128 0xe
 527 000b 55       		.uleb128 0x55
 528 000c 17       		.uleb128 0x17
 529 000d 11       		.uleb128 0x11
 530 000e 01       		.uleb128 0x1
 531 000f 10       		.uleb128 0x10
 532 0010 17       		.uleb128 0x17
 533 0011 00       		.byte	0
 534 0012 00       		.byte	0
 535 0013 02       		.uleb128 0x2
 536 0014 24       		.uleb128 0x24
 537 0015 00       		.byte	0
 538 0016 0B       		.uleb128 0xb
 539 0017 0B       		.uleb128 0xb
 540 0018 3E       		.uleb128 0x3e
 541 0019 0B       		.uleb128 0xb
 542 001a 03       		.uleb128 0x3
 543 001b 0E       		.uleb128 0xe
 544 001c 00       		.byte	0
 545 001d 00       		.byte	0
 546 001e 03       		.uleb128 0x3
 547 001f 24       		.uleb128 0x24
 548 0020 00       		.byte	0
 549 0021 0B       		.uleb128 0xb
 550 0022 0B       		.uleb128 0xb
 551 0023 3E       		.uleb128 0x3e
 552 0024 0B       		.uleb128 0xb
 553 0025 03       		.uleb128 0x3
 554 0026 08       		.uleb128 0x8
 555 0027 00       		.byte	0
 556 0028 00       		.byte	0
 557 0029 04       		.uleb128 0x4
 558 002a 16       		.uleb128 0x16
 559 002b 00       		.byte	0
 560 002c 03       		.uleb128 0x3
 561 002d 0E       		.uleb128 0xe
 562 002e 3A       		.uleb128 0x3a
 563 002f 0B       		.uleb128 0xb
 564 0030 3B       		.uleb128 0x3b
 565 0031 05       		.uleb128 0x5
 566 0032 49       		.uleb128 0x49
 567 0033 13       		.uleb128 0x13
 568 0034 00       		.byte	0
 569 0035 00       		.byte	0
 570 0036 05       		.uleb128 0x5
 571 0037 35       		.uleb128 0x35
 572 0038 00       		.byte	0
 573 0039 49       		.uleb128 0x49
ARM GAS  C:\Users\HENRYA~1\AppData\Local\Temp\cclfzv7T.s 			page 24


 574 003a 13       		.uleb128 0x13
 575 003b 00       		.byte	0
 576 003c 00       		.byte	0
 577 003d 06       		.uleb128 0x6
 578 003e 13       		.uleb128 0x13
 579 003f 01       		.byte	0x1
 580 0040 0B       		.uleb128 0xb
 581 0041 0B       		.uleb128 0xb
 582 0042 3A       		.uleb128 0x3a
 583 0043 0B       		.uleb128 0xb
 584 0044 3B       		.uleb128 0x3b
 585 0045 0B       		.uleb128 0xb
 586 0046 01       		.uleb128 0x1
 587 0047 13       		.uleb128 0x13
 588 0048 00       		.byte	0
 589 0049 00       		.byte	0
 590 004a 07       		.uleb128 0x7
 591 004b 0D       		.uleb128 0xd
 592 004c 00       		.byte	0
 593 004d 03       		.uleb128 0x3
 594 004e 0E       		.uleb128 0xe
 595 004f 3A       		.uleb128 0x3a
 596 0050 0B       		.uleb128 0xb
 597 0051 3B       		.uleb128 0x3b
 598 0052 0B       		.uleb128 0xb
 599 0053 49       		.uleb128 0x49
 600 0054 13       		.uleb128 0x13
 601 0055 38       		.uleb128 0x38
 602 0056 0B       		.uleb128 0xb
 603 0057 00       		.byte	0
 604 0058 00       		.byte	0
 605 0059 08       		.uleb128 0x8
 606 005a 01       		.uleb128 0x1
 607 005b 01       		.byte	0x1
 608 005c 49       		.uleb128 0x49
 609 005d 13       		.uleb128 0x13
 610 005e 01       		.uleb128 0x1
 611 005f 13       		.uleb128 0x13
 612 0060 00       		.byte	0
 613 0061 00       		.byte	0
 614 0062 09       		.uleb128 0x9
 615 0063 21       		.uleb128 0x21
 616 0064 00       		.byte	0
 617 0065 49       		.uleb128 0x49
 618 0066 13       		.uleb128 0x13
 619 0067 2F       		.uleb128 0x2f
 620 0068 0B       		.uleb128 0xb
 621 0069 00       		.byte	0
 622 006a 00       		.byte	0
 623 006b 0A       		.uleb128 0xa
 624 006c 16       		.uleb128 0x16
 625 006d 00       		.byte	0
 626 006e 03       		.uleb128 0x3
 627 006f 0E       		.uleb128 0xe
 628 0070 3A       		.uleb128 0x3a
 629 0071 0B       		.uleb128 0xb
 630 0072 3B       		.uleb128 0x3b
ARM GAS  C:\Users\HENRYA~1\AppData\Local\Temp\cclfzv7T.s 			page 25


 631 0073 0B       		.uleb128 0xb
 632 0074 49       		.uleb128 0x49
 633 0075 13       		.uleb128 0x13
 634 0076 00       		.byte	0
 635 0077 00       		.byte	0
 636 0078 0B       		.uleb128 0xb
 637 0079 2E       		.uleb128 0x2e
 638 007a 01       		.byte	0x1
 639 007b 3F       		.uleb128 0x3f
 640 007c 19       		.uleb128 0x19
 641 007d 03       		.uleb128 0x3
 642 007e 0E       		.uleb128 0xe
 643 007f 3A       		.uleb128 0x3a
 644 0080 0B       		.uleb128 0xb
 645 0081 3B       		.uleb128 0x3b
 646 0082 05       		.uleb128 0x5
 647 0083 27       		.uleb128 0x27
 648 0084 19       		.uleb128 0x19
 649 0085 11       		.uleb128 0x11
 650 0086 01       		.uleb128 0x1
 651 0087 12       		.uleb128 0x12
 652 0088 06       		.uleb128 0x6
 653 0089 40       		.uleb128 0x40
 654 008a 18       		.uleb128 0x18
 655 008b 9742     		.uleb128 0x2117
 656 008d 19       		.uleb128 0x19
 657 008e 01       		.uleb128 0x1
 658 008f 13       		.uleb128 0x13
 659 0090 00       		.byte	0
 660 0091 00       		.byte	0
 661 0092 0C       		.uleb128 0xc
 662 0093 898201   		.uleb128 0x4109
 663 0096 00       		.byte	0
 664 0097 11       		.uleb128 0x11
 665 0098 01       		.uleb128 0x1
 666 0099 31       		.uleb128 0x31
 667 009a 13       		.uleb128 0x13
 668 009b 00       		.byte	0
 669 009c 00       		.byte	0
 670 009d 0D       		.uleb128 0xd
 671 009e 34       		.uleb128 0x34
 672 009f 00       		.byte	0
 673 00a0 03       		.uleb128 0x3
 674 00a1 0E       		.uleb128 0xe
 675 00a2 3A       		.uleb128 0x3a
 676 00a3 0B       		.uleb128 0xb
 677 00a4 3B       		.uleb128 0x3b
 678 00a5 05       		.uleb128 0x5
 679 00a6 49       		.uleb128 0x49
 680 00a7 13       		.uleb128 0x13
 681 00a8 02       		.uleb128 0x2
 682 00a9 17       		.uleb128 0x17
 683 00aa 00       		.byte	0
 684 00ab 00       		.byte	0
 685 00ac 0E       		.uleb128 0xe
 686 00ad 898201   		.uleb128 0x4109
 687 00b0 01       		.byte	0x1
ARM GAS  C:\Users\HENRYA~1\AppData\Local\Temp\cclfzv7T.s 			page 26


 688 00b1 11       		.uleb128 0x11
 689 00b2 01       		.uleb128 0x1
 690 00b3 31       		.uleb128 0x31
 691 00b4 13       		.uleb128 0x13
 692 00b5 00       		.byte	0
 693 00b6 00       		.byte	0
 694 00b7 0F       		.uleb128 0xf
 695 00b8 8A8201   		.uleb128 0x410a
 696 00bb 00       		.byte	0
 697 00bc 02       		.uleb128 0x2
 698 00bd 18       		.uleb128 0x18
 699 00be 9142     		.uleb128 0x2111
 700 00c0 18       		.uleb128 0x18
 701 00c1 00       		.byte	0
 702 00c2 00       		.byte	0
 703 00c3 10       		.uleb128 0x10
 704 00c4 2E       		.uleb128 0x2e
 705 00c5 00       		.byte	0
 706 00c6 3F       		.uleb128 0x3f
 707 00c7 19       		.uleb128 0x19
 708 00c8 3C       		.uleb128 0x3c
 709 00c9 19       		.uleb128 0x19
 710 00ca 6E       		.uleb128 0x6e
 711 00cb 0E       		.uleb128 0xe
 712 00cc 03       		.uleb128 0x3
 713 00cd 0E       		.uleb128 0xe
 714 00ce 3A       		.uleb128 0x3a
 715 00cf 0B       		.uleb128 0xb
 716 00d0 3B       		.uleb128 0x3b
 717 00d1 0B       		.uleb128 0xb
 718 00d2 00       		.byte	0
 719 00d3 00       		.byte	0
 720 00d4 11       		.uleb128 0x11
 721 00d5 2E       		.uleb128 0x2e
 722 00d6 00       		.byte	0
 723 00d7 3F       		.uleb128 0x3f
 724 00d8 19       		.uleb128 0x19
 725 00d9 3C       		.uleb128 0x3c
 726 00da 19       		.uleb128 0x19
 727 00db 6E       		.uleb128 0x6e
 728 00dc 0E       		.uleb128 0xe
 729 00dd 03       		.uleb128 0x3
 730 00de 0E       		.uleb128 0xe
 731 00df 3A       		.uleb128 0x3a
 732 00e0 0B       		.uleb128 0xb
 733 00e1 3B       		.uleb128 0x3b
 734 00e2 05       		.uleb128 0x5
 735 00e3 00       		.byte	0
 736 00e4 00       		.byte	0
 737 00e5 00       		.byte	0
 738              		.section	.debug_loc,"",%progbits
 739              	.Ldebug_loc0:
 740              	.LLST0:
 741 0000 0A000000 		.4byte	.LVL2
 742 0004 10000000 		.4byte	.LVL3
 743 0008 0200     		.2byte	0x2
 744 000a 30       		.byte	0x30
ARM GAS  C:\Users\HENRYA~1\AppData\Local\Temp\cclfzv7T.s 			page 27


 745 000b 9F       		.byte	0x9f
 746 000c 10000000 		.4byte	.LVL3
 747 0010 56000000 		.4byte	.LVL10
 748 0014 0100     		.2byte	0x1
 749 0016 54       		.byte	0x54
 750 0017 58000000 		.4byte	.LVL11
 751 001b 5C000000 		.4byte	.LVL12
 752 001f 0100     		.2byte	0x1
 753 0021 54       		.byte	0x54
 754 0022 00000000 		.4byte	0
 755 0026 00000000 		.4byte	0
 756              	.LLST1:
 757 002a 02000000 		.4byte	.LVL1
 758 002e 10000000 		.4byte	.LVL3
 759 0032 0200     		.2byte	0x2
 760 0034 31       		.byte	0x31
 761 0035 9F       		.byte	0x9f
 762 0036 10000000 		.4byte	.LVL3
 763 003a 52000000 		.4byte	.LVL8
 764 003e 0100     		.2byte	0x1
 765 0040 55       		.byte	0x55
 766 0041 54000000 		.4byte	.LVL9
 767 0045 5C000000 		.4byte	.LVL13
 768 0049 0100     		.2byte	0x1
 769 004b 55       		.byte	0x55
 770 004c 00000000 		.4byte	0
 771 0050 00000000 		.4byte	0
 772              		.section	.debug_aranges,"",%progbits
 773 0000 2C000000 		.4byte	0x2c
 774 0004 0200     		.2byte	0x2
 775 0006 00000000 		.4byte	.Ldebug_info0
 776 000a 04       		.byte	0x4
 777 000b 00       		.byte	0
 778 000c 0000     		.2byte	0
 779 000e 0000     		.2byte	0
 780 0010 00000000 		.4byte	.LFB1
 781 0014 14000000 		.4byte	.LFE1-.LFB1
 782 0018 00000000 		.4byte	.LFB2
 783 001c 6C000000 		.4byte	.LFE2-.LFB2
 784 0020 00000000 		.4byte	.LFB3
 785 0024 20000000 		.4byte	.LFE3-.LFB3
 786 0028 00000000 		.4byte	0
 787 002c 00000000 		.4byte	0
 788              		.section	.debug_ranges,"",%progbits
 789              	.Ldebug_ranges0:
 790 0000 00000000 		.4byte	.LFB1
 791 0004 14000000 		.4byte	.LFE1
 792 0008 00000000 		.4byte	.LFB2
 793 000c 6C000000 		.4byte	.LFE2
 794 0010 00000000 		.4byte	.LFB3
 795 0014 20000000 		.4byte	.LFE3
 796 0018 00000000 		.4byte	0
 797 001c 00000000 		.4byte	0
 798              		.section	.debug_line,"",%progbits
 799              	.Ldebug_line0:
 800 0000 BA000000 		.section	.debug_str,"MS",%progbits,1
 800      02004D00 
ARM GAS  C:\Users\HENRYA~1\AppData\Local\Temp\cclfzv7T.s 			page 28


 800      00000201 
 800      FB0E0D00 
 800      01010101 
 801              	.LASF33:
 802 0000 73686966 		.ascii	"shift\000"
 802      7400
 803              	.LASF19:
 804 0006 43414E5F 		.ascii	"CAN_DATA_BYTES\000"
 804      44415441 
 804      5F425954 
 804      455300
 805              	.LASF41:
 806 0015 47656E65 		.ascii	"Generated_Source\\PSoC4\\CAN_INT.c\000"
 806      72617465 
 806      645F536F 
 806      75726365 
 806      5C50536F 
 807              	.LASF25:
 808 0036 7278616D 		.ascii	"rxamr\000"
 808      7200
 809              	.LASF32:
 810 003c 6D61696C 		.ascii	"mailboxNumber\000"
 810      626F784E 
 810      756D6265 
 810      7200
 811              	.LASF21:
 812 004a 43414E5F 		.ascii	"CAN_REG_32\000"
 812      5245475F 
 812      333200
 813              	.LASF3:
 814 0055 73686F72 		.ascii	"short unsigned int\000"
 814      7420756E 
 814      7369676E 
 814      65642069 
 814      6E7400
 815              	.LASF42:
 816 0068 433A5C55 		.ascii	"C:\\Users\\Henry Alberto\\Documents\\GitHub\\Psoc_M"
 816      73657273 
 816      5C48656E 
 816      72792041 
 816      6C626572 
 817 0096 6F64756C 		.ascii	"odular\\Optimization_Algorithms\\Simulated_Annealin"
 817      61725C4F 
 817      7074696D 
 817      697A6174 
 817      696F6E5F 
 818 00c7 675F312E 		.ascii	"g_1.cydsn\000"
 818      63796473 
 818      6E00
 819              	.LASF20:
 820 00d1 62797465 		.ascii	"byte\000"
 820      00
 821              	.LASF24:
 822 00d6 72786461 		.ascii	"rxdata\000"
 822      746100
 823              	.LASF28:
 824 00dd 72786163 		.ascii	"rxacrd\000"
ARM GAS  C:\Users\HENRYA~1\AppData\Local\Temp\cclfzv7T.s 			page 29


 824      726400
 825              	.LASF12:
 826 00e4 666C6F61 		.ascii	"float\000"
 826      7400
 827              	.LASF1:
 828 00ea 756E7369 		.ascii	"unsigned char\000"
 828      676E6564 
 828      20636861 
 828      7200
 829              	.LASF23:
 830 00f8 72786964 		.ascii	"rxid\000"
 830      00
 831              	.LASF15:
 832 00fd 72656738 		.ascii	"reg8\000"
 832      00
 833              	.LASF22:
 834 0102 7278636D 		.ascii	"rxcmd\000"
 834      6400
 835              	.LASF5:
 836 0108 6C6F6E67 		.ascii	"long unsigned int\000"
 836      20756E73 
 836      69676E65 
 836      6420696E 
 836      7400
 837              	.LASF9:
 838 011a 75696E74 		.ascii	"uint8\000"
 838      3800
 839              	.LASF34:
 840 0120 43414E5F 		.ascii	"CAN_ISR\000"
 840      49535200 
 841              	.LASF13:
 842 0128 646F7562 		.ascii	"double\000"
 842      6C6500
 843              	.LASF30:
 844 012f 43414E5F 		.ascii	"CAN_BusOffIsr\000"
 844      4275734F 
 844      66664973 
 844      7200
 845              	.LASF10:
 846 013d 75696E74 		.ascii	"uint16\000"
 846      313600
 847              	.LASF11:
 848 0144 75696E74 		.ascii	"uint32\000"
 848      333200
 849              	.LASF36:
 850 014b 43414E5F 		.ascii	"CAN_ReceiveMsg0\000"
 850      52656365 
 850      6976654D 
 850      73673000 
 851              	.LASF37:
 852 015b 43414E5F 		.ascii	"CAN_ReceiveMsg1\000"
 852      52656365 
 852      6976654D 
 852      73673100 
 853              	.LASF38:
 854 016b 43414E5F 		.ascii	"CAN_ReceiveMsg2\000"
 854      52656365 
ARM GAS  C:\Users\HENRYA~1\AppData\Local\Temp\cclfzv7T.s 			page 30


 854      6976654D 
 854      73673200 
 855              	.LASF8:
 856 017b 756E7369 		.ascii	"unsigned int\000"
 856      676E6564 
 856      20696E74 
 856      00
 857              	.LASF7:
 858 0188 6C6F6E67 		.ascii	"long long unsigned int\000"
 858      206C6F6E 
 858      6720756E 
 858      7369676E 
 858      65642069 
 859              	.LASF29:
 860 019f 43414E5F 		.ascii	"CAN_RX_STRUCT\000"
 860      52585F53 
 860      54525543 
 860      5400
 861              	.LASF40:
 862 01ad 474E5520 		.ascii	"GNU C11 5.4.1 20160609 (release) [ARM/embedded-5-br"
 862      43313120 
 862      352E342E 
 862      31203230 
 862      31363036 
 863 01e0 616E6368 		.ascii	"anch revision 237715] -mcpu=cortex-m0 -mthumb -g -O"
 863      20726576 
 863      6973696F 
 863      6E203233 
 863      37373135 
 864 0213 67202D66 		.ascii	"g -ffunction-sections -ffat-lto-objects\000"
 864      66756E63 
 864      74696F6E 
 864      2D736563 
 864      74696F6E 
 865              	.LASF31:
 866 023b 43414E5F 		.ascii	"CAN_MsgRXIsr\000"
 866      4D736752 
 866      58497372 
 866      00
 867              	.LASF18:
 868 0248 73697A65 		.ascii	"sizetype\000"
 868      74797065 
 868      00
 869              	.LASF27:
 870 0251 7278616D 		.ascii	"rxamrd\000"
 870      726400
 871              	.LASF6:
 872 0258 6C6F6E67 		.ascii	"long long int\000"
 872      206C6F6E 
 872      6720696E 
 872      7400
 873              	.LASF14:
 874 0266 63686172 		.ascii	"char\000"
 874      00
 875              	.LASF35:
 876 026b 43414E5F 		.ascii	"CAN_Stop\000"
 876      53746F70 
ARM GAS  C:\Users\HENRYA~1\AppData\Local\Temp\cclfzv7T.s 			page 31


 876      00
 877              	.LASF2:
 878 0274 73686F72 		.ascii	"short int\000"
 878      7420696E 
 878      7400
 879              	.LASF26:
 880 027e 72786163 		.ascii	"rxacr\000"
 880      7200
 881              	.LASF4:
 882 0284 6C6F6E67 		.ascii	"long int\000"
 882      20696E74 
 882      00
 883              	.LASF16:
 884 028d 72656733 		.ascii	"reg32\000"
 884      3200
 885              	.LASF17:
 886 0293 6C6F6E67 		.ascii	"long double\000"
 886      20646F75 
 886      626C6500 
 887              	.LASF0:
 888 029f 7369676E 		.ascii	"signed char\000"
 888      65642063 
 888      68617200 
 889              	.LASF39:
 890 02ab 43414E5F 		.ascii	"CAN_ReceiveMsg\000"
 890      52656365 
 890      6976654D 
 890      736700
 891              		.ident	"GCC: (GNU Tools for ARM Embedded Processors) 5.4.1 20160609 (release) [ARM/embedded-5-bran
